 
 
                   ###################################################
                   #                                                 #
                   #      GENLINPRED UNCERTAINTY/ERROR ANALYSIS      #
                   #                                                 #
                   ###################################################
 
 
 
                   ANALYSIS DETAILS
                   ----------------
 
    Name of PEST control file                                   : master_lu.pst
    Factor by which to multiply observation weights             : 1.0000
    Source of parameter uncertainty data                        : uncertainty file
    Name of uncertainty file                                    : master_lu.unc
 
    Perform global parameter estimability analysis              : yes
         Parameter identifiability                              : yes
         Relative parameter error reduction                     : no
         Relative parameter uncertainty reduction               : yes
 
    Analyse error/uncertainty of an entity                      : yes
         Name of entity                                         : q7783
         Type of entity                                         : prediction
         File containing prediction sensitivities               : master_lu.jco
 
         Total error variance                                   : yes
         Total uncertainty                                      : yes
 
         Parameter contributions to error variance              : no
         Parameter contributions to uncertainty                 : yes
         Parameter contributions                                : by group
 
         Observation worth in reducing error variance           : no
         Observation worth in reducing uncertainty variance     : yes
         Observation worth                                      : by group


                   ANALYSIS OF PARAMETERS
                   ----------------------


 Outcomes of running program SUPCALC ----->
 
    Number of dimensions of calibration solution space = 14
    Number of dimensions of calibration null space     = 60

 Outcomes of parameter identifiability and error/uncertainty variance reduction analysis ----->
 
    Parameter              Identifiability        Rel_uncert_var_redn
    ---------              ---------------        -------------------
    ddsd                    0.9999923              0.9995215
    ddsw                    0.9999998              0.9995489
    ddgd                    4.8129692E-27           0.000000
    ddgw                    9.9704796E-29           0.000000
    rcs1d                   1.3557534E-28           0.000000
    rcs1w                   2.5242320E-29           0.000000
    rcs2d                   5.6118271E-11           0.000000
    rcs2w                   3.7684867E-08          3.4000000E-06
    rcs3d                   9.5504645E-07          3.3500000E-05
    rcs3w                   1.2669690E-07          1.1300000E-05
    rcs4d                   2.1349030E-07          7.5000000E-06
    rcs4w                   4.2050536E-08          3.7000000E-06
    rcs5d                   5.0897067E-06          1.3750000E-04
    rcs5w                   4.9039857E-05          3.0612000E-03
    rcs6d                   1.3520711E-05          3.5290000E-04
    rcs6w                   3.9496396E-05          1.4445000E-03
    rcs7d                   7.3094638E-06          2.0650000E-04
    rcs7w                   3.5135856E-05          1.6413000E-03
    rcs8d                   0.9970063              0.9351312
    rcs8w                   0.9998634              0.9486010
    rcs9d                   0.9999854              0.9109574
    rcs9w                   0.9999428              0.9336685
    rcs10d                  0.9996576              0.8984755
    rcs10w                  0.9997996              0.9276022
    rcs11d                  1.2619199E-05          9.9900000E-05
    rcs11w                  2.6571856E-05          7.0500000E-04
    rcs12d                  1.4542372E-02          9.8094800E-02
    rcs12w                  1.6654798E-05          4.8100000E-04
    rcs13d                  2.1771403E-03          1.4681200E-02
    rcs13w                  4.0099850E-05          1.2267000E-03
    rcs14d                  1.7651438E-04          1.2079000E-03
    rcs14w                  1.3487761E-05          3.9060000E-04
    rcs15d                  1.0669024E-06          7.4000000E-06
    rcs15w                  1.4045134E-07          4.2000000E-06
    rcr1d                   2.4487188E-05          2.1900000E-05
    rcr1w                   1.7359608E-05          1.7070000E-04
    rcr2d                   0.4879534              0.4117028
    rcr2w                   8.1987554E-04          7.8884000E-03
    rcr3d                   0.4090387              0.3416101
    rcr3w                   8.5945405E-04          8.1898000E-03
    rcr4d                   3.9466576E-02          3.2943000E-02
    rcr4w                   9.0495216E-04          8.6621000E-03
    rcr5d                   2.1876348E-03          2.0402000E-03
    rcr5w                   9.8092474E-04          9.3897000E-03
    rcr6d                   5.1261027E-02          4.9086800E-02
    rcr6w                   9.1314893E-04          8.6273000E-03
    rcr7d                   6.8269838E-03          9.5963000E-03
    rcr7w                   5.0920141E-04          5.2275000E-03
    rcr8d                   1.5180361E-04          8.5000000E-04
    rcr8w                   3.4118307E-04          2.2584000E-03
    rcr9d                   0.9998604              0.9963374
    rcr9w                   0.9978298              0.9691007
    rcr10d                  2.3691919E-04          1.2591000E-03
    rcr10w                  0.9990425              0.9407974
    rcr11d                  2.6766843E-05          1.5490000E-04
    rcr11w                  7.3503190E-05          5.3220000E-04
    rcr12d                  4.7239318E-07          2.5000000E-06
    rcr12w                  1.0113161E-06          7.7000000E-06
    rcr13d                  1.3873523E-07          7.0000000E-07
    rcr13w                  5.1531201E-04          4.1947000E-03
    rcr14d                  3.1897221E-08          2.0000000E-07
    rcr14w                  6.2613322E-05          5.1070000E-04
    rcr15d                  7.5246167E-10           0.000000
    rcr15w                  3.1263398E-09           0.000000
    rcgd                     0.000000               0.000000
    rcgw                     0.000000               0.000000
    tl                       1.000000              0.9999481
    xw                       0.000000               0.000000
    yw                       0.000000               0.000000
    x                        0.000000               0.000000
    y                        0.000000               0.000000
    tlr                      0.000000               0.000000
    tls                      0.000000               0.000000
    beta                    0.9866889              0.5456640
 
    Note: run IDENTPAR yourself to see identiability contributions by different solution 
    space eigencomponents.


                   ANALYSIS OF PREDICTION
                   ----------------------

 PREDVAR1 analysis for prediction "q7783" ----->

    Sing_val       Null-space       Soln-space     Total             Total
    index          term             term           variance          std_dev
    --------       ----------       ----------     --------          -------
       0            1.2046590E+08     0.000000      1.2046590E+08      10975.70    
       3            1.1606842E+08     484.7349      1.1606890E+08      10773.53    
       6            1.6076232E+07     80011.98      1.6156244E+07      4019.483    
       7             474813.9         164050.1       638864.0          799.2897    
       8             451998.4         165120.3       617118.7          785.5690    
       9             344867.2         170996.6       515863.8          718.2366    
      10             344832.4         170999.8       515832.2          718.2146    
      11             344828.5         171000.4       515828.9          718.2123    
      12             288982.0         181181.2       470163.2          685.6845    
      13             279884.5         183167.3       463051.8          680.4791    
      14             6649.714         451386.9       458036.6          676.7840    
      15             1445.898         495523.7       496969.6          704.9607    
      16             345.4788         517907.3       518252.8          719.8978    
      17             50.65321         538067.3       538118.0          733.5653    
      18             41.65381         539909.4       539951.1          734.8136    
      21             17.05715         548276.0       548293.0          740.4681    
      24             6.647552         557861.0       557867.6          746.9053    
      27             6.009942         559151.9       559157.9          747.7686    
      30             3.405340         567467.8       567471.2          753.3068    
      33             3.312840         568358.3       568361.6          753.8976    
      36            0.1734036         678619.8       678620.0          823.7840    
      39            0.1573241         680080.3       680080.5          824.6699    
      42            3.7282780E-02     697667.6       697667.7          835.2650    
      45            1.6074598E-02     706668.7       706668.7          840.6359    
      48            1.0598223E-02     715759.6       715759.6          846.0258    
      51            6.2731374E-04     789223.1       789223.1          888.3823    
      54            4.2031159E-04     799015.5       799015.5          893.8767    
      57            9.6040348E-07     886576.8       886576.8          941.5821    
      60            3.6894410E-17     922077.7       922077.7          960.2488    
      63            1.5358307E-23    4.1876518E+07  4.1876518E+07      6471.207    
      66            2.0645607E-55    1.6833125E+09  1.6833125E+09      41028.19    
      69             0.000000        1.0000000E+35  1.0000000E+35     3.1622777E+17
      72             0.000000        1.0000000E+35  1.0000000E+35     3.1622777E+17
      74             0.000000        1.0000000E+35  1.0000000E+35     3.1622777E+17
 
    Pre-calibration:- 
    Total error variance                 =  1.2046590E+08
    Total error standard deviation       =   10975.70    
 
    Post-calibration:-
    Total error variance                 =   458036.6    
    Total error standard deviation       =   676.7840    
    Minimum error variance occurs at singular value number 14.
 
 
 PREDUNC1 analysis for prediction "q7783" ----->

    Pre-calibration:- 
    Total uncertainty variance           =  1.2046599E+08
    Total uncertainty standard deviation =   10975.70    
 
    Post-calibration:-
    Total uncertainty variance           =   321758.7    
    Total uncertainty standard deviation =   567.2378    
 
 
 PREDUNC4 analysis for prediction "q7783" ----->

    Contributions to predictive uncertainty variance

    Parameter      Pre-cal             Post-cal
    group          contribution        contribution
    ---------      ------------        ------------
    ddsd             579880.0            3744.000    
    ddsw             0.000000            195.7000    
    ddgd             0.000000            0.000000    
    ddgw             0.000000            0.000000    
    rcsd             41770.00            204543.8    
    rcsw             0.000000            61131.20    
    rcrd            1.1804819E+08        82006.50    
    rcrw             0.000000            55015.80    
    rcgd             0.000000            0.000000    
    rcgw             0.000000            0.000000    
    tl               686830.0            578.2000    
    xw               0.000000            0.000000    
    yw               0.000000            0.000000    
    x                0.000000            0.000000    
    y                0.000000            0.000000    
    tlr              0.000000            0.000000    
    tls              0.000000            0.000000    
    beta             1109220.            123119.8    
 
 
 PREDUNC5 observation subtraction analysis for prediction "q7783" ----->

    Increases in predictive uncertainty variance incurred through loss of observations

    Observation_group        Variance_increase
    -----------------        -----------------
    q                          321758.7    
 
 
 PREDUNC5 observation addition analysis for prediction "q7783" ----->

    Decreases in pre-calibration predictive uncertainty variance incurred through addition of observations

    Observation_group        Variance_decrease
    -----------------        -----------------
    q                          321758.7    
