 
 
                   ###################################################
                   #                                                 #
                   #      GENLINPRED UNCERTAINTY/ERROR ANALYSIS      #
                   #                                                 #
                   ###################################################
 
 
 
                   ANALYSIS DETAILS
                   ----------------
 
    Name of PEST control file                                   : master_lu.pst
    Factor by which to multiply observation weights             : 1.0000
    Source of parameter uncertainty data                        : uncertainty file
    Name of uncertainty file                                    : master_lu.unc
 
    Perform global parameter estimability analysis              : yes
         Parameter identifiability                              : yes
         Relative parameter error reduction                     : no
         Relative parameter uncertainty reduction               : yes
 
    Analyse error/uncertainty of an entity                      : yes
         Name of entity                                         : q7993
         Type of entity                                         : prediction
         File containing prediction sensitivities               : master_lu.jco
 
         Total error variance                                   : yes
         Total uncertainty                                      : yes
 
         Parameter contributions to error variance              : no
         Parameter contributions to uncertainty                 : yes
         Parameter contributions                                : by group
 
         Observation worth in reducing error variance           : no
         Observation worth in reducing uncertainty variance     : yes
         Observation worth                                      : by group


                   ANALYSIS OF PARAMETERS
                   ----------------------


 Outcomes of running program SUPCALC ----->
 
    Number of dimensions of calibration solution space = 14
    Number of dimensions of calibration null space     = 60

 Outcomes of parameter identifiability and error/uncertainty variance reduction analysis ----->
 
    Parameter              Identifiability        Rel_uncert_var_redn
    ---------              ---------------        -------------------
    ddsd                    0.9999923              0.9995215
    ddsw                    0.9999998              0.9995489
    ddgd                    4.8129692E-27           0.000000
    ddgw                    9.9704796E-29           0.000000
    rcs1d                   1.3557534E-28           0.000000
    rcs1w                   2.5242320E-29           0.000000
    rcs2d                   5.6118271E-11           0.000000
    rcs2w                   3.7684867E-08          3.4000000E-06
    rcs3d                   9.5504645E-07          3.3500000E-05
    rcs3w                   1.2669690E-07          1.1300000E-05
    rcs4d                   2.1349030E-07          7.5000000E-06
    rcs4w                   4.2050536E-08          3.7000000E-06
    rcs5d                   5.0897067E-06          1.3750000E-04
    rcs5w                   4.9039857E-05          3.0612000E-03
    rcs6d                   1.3520711E-05          3.5290000E-04
    rcs6w                   3.9496396E-05          1.4445000E-03
    rcs7d                   7.3094638E-06          2.0650000E-04
    rcs7w                   3.5135856E-05          1.6413000E-03
    rcs8d                   0.9970063              0.9351312
    rcs8w                   0.9998634              0.9486010
    rcs9d                   0.9999854              0.9109574
    rcs9w                   0.9999428              0.9336685
    rcs10d                  0.9996576              0.8984755
    rcs10w                  0.9997996              0.9276022
    rcs11d                  1.2619199E-05          9.9900000E-05
    rcs11w                  2.6571856E-05          7.0500000E-04
    rcs12d                  1.4542372E-02          9.8094800E-02
    rcs12w                  1.6654798E-05          4.8100000E-04
    rcs13d                  2.1771403E-03          1.4681200E-02
    rcs13w                  4.0099850E-05          1.2267000E-03
    rcs14d                  1.7651438E-04          1.2079000E-03
    rcs14w                  1.3487761E-05          3.9060000E-04
    rcs15d                  1.0669024E-06          7.4000000E-06
    rcs15w                  1.4045134E-07          4.2000000E-06
    rcr1d                   2.4487188E-05          2.1900000E-05
    rcr1w                   1.7359608E-05          1.7070000E-04
    rcr2d                   0.4879534              0.4117028
    rcr2w                   8.1987554E-04          7.8884000E-03
    rcr3d                   0.4090387              0.3416101
    rcr3w                   8.5945405E-04          8.1898000E-03
    rcr4d                   3.9466576E-02          3.2943000E-02
    rcr4w                   9.0495216E-04          8.6621000E-03
    rcr5d                   2.1876348E-03          2.0402000E-03
    rcr5w                   9.8092474E-04          9.3897000E-03
    rcr6d                   5.1261027E-02          4.9086800E-02
    rcr6w                   9.1314893E-04          8.6273000E-03
    rcr7d                   6.8269838E-03          9.5963000E-03
    rcr7w                   5.0920141E-04          5.2275000E-03
    rcr8d                   1.5180361E-04          8.5000000E-04
    rcr8w                   3.4118307E-04          2.2584000E-03
    rcr9d                   0.9998604              0.9963374
    rcr9w                   0.9978298              0.9691007
    rcr10d                  2.3691919E-04          1.2591000E-03
    rcr10w                  0.9990425              0.9407974
    rcr11d                  2.6766843E-05          1.5490000E-04
    rcr11w                  7.3503190E-05          5.3220000E-04
    rcr12d                  4.7239318E-07          2.5000000E-06
    rcr12w                  1.0113161E-06          7.7000000E-06
    rcr13d                  1.3873523E-07          7.0000000E-07
    rcr13w                  5.1531201E-04          4.1947000E-03
    rcr14d                  3.1897221E-08          2.0000000E-07
    rcr14w                  6.2613322E-05          5.1070000E-04
    rcr15d                  7.5246167E-10           0.000000
    rcr15w                  3.1263398E-09           0.000000
    rcgd                     0.000000               0.000000
    rcgw                     0.000000               0.000000
    tl                       1.000000              0.9999481
    xw                       0.000000               0.000000
    yw                       0.000000               0.000000
    x                        0.000000               0.000000
    y                        0.000000               0.000000
    tlr                      0.000000               0.000000
    tls                      0.000000               0.000000
    beta                    0.9866889              0.5456640
 
    Note: run IDENTPAR yourself to see identiability contributions by different solution 
    space eigencomponents.


                   ANALYSIS OF PREDICTION
                   ----------------------

 PREDVAR1 analysis for prediction "q7993" ----->

    Sing_val       Null-space       Soln-space     Total             Total
    index          term             term           variance          std_dev
    --------       ----------       ----------     --------          -------
       0            2.2640809E+09     0.000000      2.2640809E+09      47582.36    
       3            8.0656894E+08     38028.89      8.0660697E+08      28400.83    
       6             6726473.         634707.0       7361180.          2713.149    
       9             2835174.         669647.8       3504822.          1872.117    
      10             2834583.         669700.9       3504284.          1871.973    
      11             2801319.         674857.6       3476177.          1864.451    
      12             1372022.         935418.7       2307441.          1519.026    
      13             12244.00         1232277.       1244521.          1115.581    
      14             3802.040         1240564.       1244366.          1115.512    
      15             1695.098         1258435.       1260130.          1122.555    
      16             1660.769         1259133.       1260794.          1122.851    
      17             1588.377         1264083.       1265672.          1125.021    
      18             1588.172         1264125.       1265713.          1125.039    
      19             1563.666         1272156.       1273720.          1128.592    
      20             851.1944         1507370.       1508222.          1228.097    
      21             844.8601         1509725.       1510570.          1229.052    
      24             337.5692         2038116.       2038453.          1427.744    
      27             139.6029         2513140.       2513279.          1585.332    
      30             44.54828         2777149.       2777194.          1666.492    
      33             44.49210         2777717.       2777761.          1666.662    
      36             9.633846         3936354.       3936364.          1984.027    
      39             7.955731         4127625.       4127633.          2031.658    
      42            0.2890286         5280228.       5280228.          2297.875    
      45            8.6762429E-02     5349800.       5349800.          2312.963    
      48            3.7765318E-02     5429681.       5429681.          2330.168    
      51            4.0887404E-03     5659826.       5659826.          2379.039    
      54            3.2349845E-03     5676776.       5676776.          2382.599    
      57            2.8862757E-05     6367243.       6367243.          2523.340    
      60            1.2096207E-15     6462188.       6462188.          2542.083    
      63            5.5260329E-23    1.3424920E+09  1.3424920E+09      36640.03    
      66            2.2089370E-56    7.1562248E+09  7.1562248E+09      84594.47    
      69             0.000000        1.0000000E+35  1.0000000E+35     3.1622777E+17
      72             0.000000        1.0000000E+35  1.0000000E+35     3.1622777E+17
      74             0.000000        1.0000000E+35  1.0000000E+35     3.1622777E+17
 
    Pre-calibration:- 
    Total error variance                 =  2.2640809E+09
    Total error standard deviation       =   47582.36    
 
    Post-calibration:-
    Total error variance                 =   1244366.    
    Total error standard deviation       =   1115.512    
    Minimum error variance occurs at singular value number 14.
 
 
 PREDUNC1 analysis for prediction "q7993" ----->

    Pre-calibration:- 
    Total uncertainty variance           =  2.2640810E+09
    Total uncertainty standard deviation =   47582.36    
 
    Post-calibration:-
    Total uncertainty variance           =   1144618.    
    Total uncertainty standard deviation =   1069.868    
 
 
 PREDUNC4 analysis for prediction "q7993" ----->

    Contributions to predictive uncertainty variance

    Parameter      Pre-cal             Post-cal
    group          contribution        contribution
    ---------      ------------        ------------
    ddsd            4.0590490E+08        1.000000    
    ddsw             0.000000            631.0000    
    ddgd             0.000000            0.000000    
    ddgw             0.000000            0.000000    
    rcsd            4.4263000E+07        325764.4    
    rcsw             0.000000            1081.000    
    rcrd            5.9063680E+08        332830.1    
    rcrw             0.000000            8109.000    
    rcgd             0.000000            0.000000    
    rcgw             0.000000            0.000000    
    tl              1.2197948E+09        20942.00    
    xw               0.000000            0.000000    
    yw               0.000000            0.000000    
    x                0.000000            0.000000    
    y                0.000000            0.000000    
    tlr              0.000000            0.000000    
    tls              0.000000            0.000000    
    beta             3481700.            4755.000    
 
 
 PREDUNC5 observation subtraction analysis for prediction "q7993" ----->

    Increases in predictive uncertainty variance incurred through loss of observations

    Observation_group        Variance_increase
    -----------------        -----------------
    q                          1144618.    
 
 
 PREDUNC5 observation addition analysis for prediction "q7993" ----->

    Decreases in pre-calibration predictive uncertainty variance incurred through addition of observations

    Observation_group        Variance_decrease
    -----------------        -----------------
    q                          1144618.    
