 
 
                   ###################################################
                   #                                                 #
                   #      GENLINPRED UNCERTAINTY/ERROR ANALYSIS      #
                   #                                                 #
                   ###################################################
 
 
 
                   ANALYSIS DETAILS
                   ----------------
 
    Name of PEST control file                                   : master_lu.pst
    Factor by which to multiply observation weights             : 1.0000
    Source of parameter uncertainty data                        : uncertainty file
    Name of uncertainty file                                    : master_lu.unc
 
    Perform global parameter estimability analysis              : yes
         Parameter identifiability                              : yes
         Relative parameter error reduction                     : no
         Relative parameter uncertainty reduction               : yes
 
    Analyse error/uncertainty of an entity                      : yes
         Name of entity                                         : q7762
         Type of entity                                         : prediction
         File containing prediction sensitivities               : master_lu.jco
 
         Total error variance                                   : yes
         Total uncertainty                                      : yes
 
         Parameter contributions to error variance              : no
         Parameter contributions to uncertainty                 : yes
         Parameter contributions                                : by group
 
         Observation worth in reducing error variance           : no
         Observation worth in reducing uncertainty variance     : yes
         Observation worth                                      : by group


                   ANALYSIS OF PARAMETERS
                   ----------------------


 Outcomes of running program SUPCALC ----->
 
    Number of dimensions of calibration solution space = 14
    Number of dimensions of calibration null space     = 60

 Outcomes of parameter identifiability and error/uncertainty variance reduction analysis ----->
 
    Parameter              Identifiability        Rel_uncert_var_redn
    ---------              ---------------        -------------------
    ddsd                    0.9999923              0.9995215
    ddsw                    0.9999998              0.9995489
    ddgd                    4.8129692E-27           0.000000
    ddgw                    9.9704796E-29           0.000000
    rcs1d                   1.3557534E-28           0.000000
    rcs1w                   2.5242320E-29           0.000000
    rcs2d                   5.6118271E-11           0.000000
    rcs2w                   3.7684867E-08          3.4000000E-06
    rcs3d                   9.5504645E-07          3.3500000E-05
    rcs3w                   1.2669690E-07          1.1300000E-05
    rcs4d                   2.1349030E-07          7.5000000E-06
    rcs4w                   4.2050536E-08          3.7000000E-06
    rcs5d                   5.0897067E-06          1.3750000E-04
    rcs5w                   4.9039857E-05          3.0612000E-03
    rcs6d                   1.3520711E-05          3.5290000E-04
    rcs6w                   3.9496396E-05          1.4445000E-03
    rcs7d                   7.3094638E-06          2.0650000E-04
    rcs7w                   3.5135856E-05          1.6413000E-03
    rcs8d                   0.9970063              0.9351312
    rcs8w                   0.9998634              0.9486010
    rcs9d                   0.9999854              0.9109574
    rcs9w                   0.9999428              0.9336685
    rcs10d                  0.9996576              0.8984755
    rcs10w                  0.9997996              0.9276022
    rcs11d                  1.2619199E-05          9.9900000E-05
    rcs11w                  2.6571856E-05          7.0500000E-04
    rcs12d                  1.4542372E-02          9.8094800E-02
    rcs12w                  1.6654798E-05          4.8100000E-04
    rcs13d                  2.1771403E-03          1.4681200E-02
    rcs13w                  4.0099850E-05          1.2267000E-03
    rcs14d                  1.7651438E-04          1.2079000E-03
    rcs14w                  1.3487761E-05          3.9060000E-04
    rcs15d                  1.0669024E-06          7.4000000E-06
    rcs15w                  1.4045134E-07          4.2000000E-06
    rcr1d                   2.4487188E-05          2.1900000E-05
    rcr1w                   1.7359608E-05          1.7070000E-04
    rcr2d                   0.4879534              0.4117028
    rcr2w                   8.1987554E-04          7.8884000E-03
    rcr3d                   0.4090387              0.3416101
    rcr3w                   8.5945405E-04          8.1898000E-03
    rcr4d                   3.9466576E-02          3.2943000E-02
    rcr4w                   9.0495216E-04          8.6621000E-03
    rcr5d                   2.1876348E-03          2.0402000E-03
    rcr5w                   9.8092474E-04          9.3897000E-03
    rcr6d                   5.1261027E-02          4.9086800E-02
    rcr6w                   9.1314893E-04          8.6273000E-03
    rcr7d                   6.8269838E-03          9.5963000E-03
    rcr7w                   5.0920141E-04          5.2275000E-03
    rcr8d                   1.5180361E-04          8.5000000E-04
    rcr8w                   3.4118307E-04          2.2584000E-03
    rcr9d                   0.9998604              0.9963374
    rcr9w                   0.9978298              0.9691007
    rcr10d                  2.3691919E-04          1.2591000E-03
    rcr10w                  0.9990425              0.9407974
    rcr11d                  2.6766843E-05          1.5490000E-04
    rcr11w                  7.3503190E-05          5.3220000E-04
    rcr12d                  4.7239318E-07          2.5000000E-06
    rcr12w                  1.0113161E-06          7.7000000E-06
    rcr13d                  1.3873523E-07          7.0000000E-07
    rcr13w                  5.1531201E-04          4.1947000E-03
    rcr14d                  3.1897221E-08          2.0000000E-07
    rcr14w                  6.2613322E-05          5.1070000E-04
    rcr15d                  7.5246167E-10           0.000000
    rcr15w                  3.1263398E-09           0.000000
    rcgd                     0.000000               0.000000
    rcgw                     0.000000               0.000000
    tl                       1.000000              0.9999481
    xw                       0.000000               0.000000
    yw                       0.000000               0.000000
    x                        0.000000               0.000000
    y                        0.000000               0.000000
    tlr                      0.000000               0.000000
    tls                      0.000000               0.000000
    beta                    0.9866889              0.5456640
 
    Note: run IDENTPAR yourself to see identiability contributions by different solution 
    space eigencomponents.


                   ANALYSIS OF PREDICTION
                   ----------------------

 PREDVAR1 analysis for prediction "q7762" ----->

    Sing_val       Null-space       Soln-space     Total             Total
    index          term             term           variance          std_dev
    --------       ----------       ----------     --------          -------
       0            7.3253118E+07     0.000000      7.3253118E+07      8558.804    
       3            6.7544891E+07     168.2901      6.7545059E+07      8218.580    
       6             6513477.         47929.64       6561406.          2561.524    
       7             737148.8         79044.22       816193.0          903.4340    
       8             726804.9         79529.46       806334.3          897.9612    
       9             662916.3         83033.83       745950.1          863.6840    
      10             662361.2         83083.68       745444.9          863.3915    
      11             660267.1         83408.32       743675.4          862.3662    
      12             624244.3         89975.28       714219.6          845.1151    
      13             623470.5         90144.21       713614.7          844.7572    
      14             12353.12         690044.6       702397.7          838.0917    
      15             2783.786         771208.1       773991.9          879.7681    
      16             307.6591         821575.0       821882.6          906.5774    
      17             175.9613         830580.4       830756.3          911.4583    
      18             154.9554         834880.1       835035.1          913.8025    
      21             9.168574         883696.3       883705.5          940.0561    
      24             8.565701         884201.8       884210.4          940.3246    
      27             6.636672         888070.3       888076.9          942.3783    
      30             3.442273         899055.0       899058.4          948.1869    
      33             3.391249         899527.2       899530.6          948.4359    
      36            0.6686058         1012882.       1012882.          1006.420    
      39            0.6240833         1016568.       1016569.          1008.250    
      42            5.5989537E-02     1100116.       1100116.          1048.864    
      45            2.7112959E-02     1114272.       1114272.          1055.591    
      48            7.7768249E-03     1146244.       1146244.          1070.628    
      51            5.0298807E-04     1169663.       1169663.          1081.510    
      54            1.1258413E-04     1176580.       1176580.          1084.703    
      57            1.1886539E-06     1196396.       1196396.          1093.799    
      60            1.0771156E-17     1196924.       1196924.          1094.040    
      63            7.6626420E-24    1.3148486E+07  1.3148486E+07      3626.084    
      66            1.3450661E-55    7.9303687E+08  7.9303687E+08      28160.91    
      69             0.000000        1.0000000E+35  1.0000000E+35     3.1622777E+17
      72             0.000000        1.0000000E+35  1.0000000E+35     3.1622777E+17
      74             0.000000        1.0000000E+35  1.0000000E+35     3.1622777E+17
 
    Pre-calibration:- 
    Total error variance                 =  7.3253118E+07
    Total error standard deviation       =   8558.804    
 
    Post-calibration:-
    Total error variance                 =   702397.7    
    Total error standard deviation       =   838.0917    
    Minimum error variance occurs at singular value number 14.
 
 
 PREDUNC1 analysis for prediction "q7762" ----->

    Pre-calibration:- 
    Total uncertainty variance           =  7.3253126E+07
    Total uncertainty standard deviation =   8558.804    
 
    Post-calibration:-
    Total uncertainty variance           =   402593.7    
    Total uncertainty standard deviation =   634.5027    
 
 
 PREDUNC4 analysis for prediction "q7762" ----->

    Contributions to predictive uncertainty variance

    Parameter      Pre-cal             Post-cal
    group          contribution        contribution
    ---------      ------------        ------------
    ddsd             3550775.            958.5000    
    ddsw             0.000000            550.7000    
    ddgd             0.000000            0.000000    
    ddgw             0.000000            0.000000    
    rcsd             269142.0            240191.4    
    rcsw             0.000000            149035.6    
    rcrd            6.3664655E+07        109799.7    
    rcrw             0.000000            129150.0    
    rcgd             0.000000            0.000000    
    rcgw             0.000000            0.000000    
    tl               4310092.            676.0000    
    xw               0.000000            0.000000    
    yw               0.000000            0.000000    
    x                0.000000            0.000000    
    y                0.000000            0.000000    
    tlr              0.000000            0.000000    
    tls              0.000000            0.000000    
    beta             1458455.            294859.6    
 
 
 PREDUNC5 observation subtraction analysis for prediction "q7762" ----->

    Increases in predictive uncertainty variance incurred through loss of observations

    Observation_group        Variance_increase
    -----------------        -----------------
    q                          402593.7    
 
 
 PREDUNC5 observation addition analysis for prediction "q7762" ----->

    Decreases in pre-calibration predictive uncertainty variance incurred through addition of observations

    Observation_group        Variance_decrease
    -----------------        -----------------
    q                          402593.7    
