 
 
                   ###################################################
                   #                                                 #
                   #      GENLINPRED UNCERTAINTY/ERROR ANALYSIS      #
                   #                                                 #
                   ###################################################
 
 
 
                   ANALYSIS DETAILS
                   ----------------
 
    Name of PEST control file                                   : master_lu.pst
    Factor by which to multiply observation weights             : 1.0000
    Source of parameter uncertainty data                        : uncertainty file
    Name of uncertainty file                                    : master_lu.unc
 
    Perform global parameter estimability analysis              : yes
         Parameter identifiability                              : yes
         Relative parameter error reduction                     : no
         Relative parameter uncertainty reduction               : yes
 
    Analyse error/uncertainty of an entity                      : yes
         Name of entity                                         : q8099
         Type of entity                                         : prediction
         File containing prediction sensitivities               : master_lu.jco
 
         Total error variance                                   : yes
         Total uncertainty                                      : yes
 
         Parameter contributions to error variance              : no
         Parameter contributions to uncertainty                 : yes
         Parameter contributions                                : by group
 
         Observation worth in reducing error variance           : no
         Observation worth in reducing uncertainty variance     : yes
         Observation worth                                      : by group


                   ANALYSIS OF PARAMETERS
                   ----------------------


 Outcomes of running program SUPCALC ----->
 
    Number of dimensions of calibration solution space = 14
    Number of dimensions of calibration null space     = 60

 Outcomes of parameter identifiability and error/uncertainty variance reduction analysis ----->
 
    Parameter              Identifiability        Rel_uncert_var_redn
    ---------              ---------------        -------------------
    ddsd                    0.9999923              0.9995215
    ddsw                    0.9999998              0.9995489
    ddgd                    4.8129692E-27           0.000000
    ddgw                    9.9704796E-29           0.000000
    rcs1d                   1.3557534E-28           0.000000
    rcs1w                   2.5242320E-29           0.000000
    rcs2d                   5.6118271E-11           0.000000
    rcs2w                   3.7684867E-08          3.4000000E-06
    rcs3d                   9.5504645E-07          3.3500000E-05
    rcs3w                   1.2669690E-07          1.1300000E-05
    rcs4d                   2.1349030E-07          7.5000000E-06
    rcs4w                   4.2050536E-08          3.7000000E-06
    rcs5d                   5.0897067E-06          1.3750000E-04
    rcs5w                   4.9039857E-05          3.0612000E-03
    rcs6d                   1.3520711E-05          3.5290000E-04
    rcs6w                   3.9496396E-05          1.4445000E-03
    rcs7d                   7.3094638E-06          2.0650000E-04
    rcs7w                   3.5135856E-05          1.6413000E-03
    rcs8d                   0.9970063              0.9351312
    rcs8w                   0.9998634              0.9486010
    rcs9d                   0.9999854              0.9109574
    rcs9w                   0.9999428              0.9336685
    rcs10d                  0.9996576              0.8984755
    rcs10w                  0.9997996              0.9276022
    rcs11d                  1.2619199E-05          9.9900000E-05
    rcs11w                  2.6571856E-05          7.0500000E-04
    rcs12d                  1.4542372E-02          9.8094800E-02
    rcs12w                  1.6654798E-05          4.8100000E-04
    rcs13d                  2.1771403E-03          1.4681200E-02
    rcs13w                  4.0099850E-05          1.2267000E-03
    rcs14d                  1.7651438E-04          1.2079000E-03
    rcs14w                  1.3487761E-05          3.9060000E-04
    rcs15d                  1.0669024E-06          7.4000000E-06
    rcs15w                  1.4045134E-07          4.2000000E-06
    rcr1d                   2.4487188E-05          2.1900000E-05
    rcr1w                   1.7359608E-05          1.7070000E-04
    rcr2d                   0.4879534              0.4117028
    rcr2w                   8.1987554E-04          7.8884000E-03
    rcr3d                   0.4090387              0.3416101
    rcr3w                   8.5945405E-04          8.1898000E-03
    rcr4d                   3.9466576E-02          3.2943000E-02
    rcr4w                   9.0495216E-04          8.6621000E-03
    rcr5d                   2.1876348E-03          2.0402000E-03
    rcr5w                   9.8092474E-04          9.3897000E-03
    rcr6d                   5.1261027E-02          4.9086800E-02
    rcr6w                   9.1314893E-04          8.6273000E-03
    rcr7d                   6.8269838E-03          9.5963000E-03
    rcr7w                   5.0920141E-04          5.2275000E-03
    rcr8d                   1.5180361E-04          8.5000000E-04
    rcr8w                   3.4118307E-04          2.2584000E-03
    rcr9d                   0.9998604              0.9963374
    rcr9w                   0.9978298              0.9691007
    rcr10d                  2.3691919E-04          1.2591000E-03
    rcr10w                  0.9990425              0.9407974
    rcr11d                  2.6766843E-05          1.5490000E-04
    rcr11w                  7.3503190E-05          5.3220000E-04
    rcr12d                  4.7239318E-07          2.5000000E-06
    rcr12w                  1.0113161E-06          7.7000000E-06
    rcr13d                  1.3873523E-07          7.0000000E-07
    rcr13w                  5.1531201E-04          4.1947000E-03
    rcr14d                  3.1897221E-08          2.0000000E-07
    rcr14w                  6.2613322E-05          5.1070000E-04
    rcr15d                  7.5246167E-10           0.000000
    rcr15w                  3.1263398E-09           0.000000
    rcgd                     0.000000               0.000000
    rcgw                     0.000000               0.000000
    tl                       1.000000              0.9999481
    xw                       0.000000               0.000000
    yw                       0.000000               0.000000
    x                        0.000000               0.000000
    y                        0.000000               0.000000
    tlr                      0.000000               0.000000
    tls                      0.000000               0.000000
    beta                    0.9866889              0.5456640
 
    Note: run IDENTPAR yourself to see identiability contributions by different solution 
    space eigencomponents.


                   ANALYSIS OF PREDICTION
                   ----------------------

 PREDVAR1 analysis for prediction "q8099" ----->

    Sing_val       Null-space       Soln-space     Total             Total
    index          term             term           variance          std_dev
    --------       ----------       ----------     --------          -------
       0            1.9238800E+08     0.000000      1.9238800E+08      13870.40    
       3            1.8398049E+08     1047.435      1.8398154E+08      13563.98    
       6            2.8328731E+07     125392.9      2.8454124E+07      5334.241    
       7             1375593.         270577.8       1646171.          1283.032    
       8             1330260.         272704.4       1602964.          1266.082    
       9             1121665.         284146.1       1405811.          1185.669    
      10             1121109.         284196.1       1405305.          1185.456    
      11             1121108.         284196.2       1405304.          1185.455    
      12             922148.5         320466.5       1242615.          1114.726    
      13             913097.8         322442.4       1235540.          1111.548    
      14             20582.28         1198576.       1219158.          1104.155    
      15             3999.484         1339225.       1343225.          1158.976    
      16             381.0684         1412827.       1413208.          1188.784    
      17             276.6790         1419965.       1420242.          1191.739    
      18             243.1674         1426825.       1427068.          1194.600    
      21             196.2662         1442808.       1443004.          1201.251    
      24             86.62203         1512601.       1512687.          1229.913    
      27             60.73841         1573930.       1573991.          1254.588    
      30             53.88387         1596544.       1596598.          1263.566    
      33             53.13595         1603954.       1604007.          1266.494    
      36             6.728834         3158018.       3158024.          1777.083    
      39             6.399954         3187029.       3187035.          1785.227    
      42            0.1715983         4121557.       4121557.          2030.162    
      45            6.7786820E-02     4161502.       4161502.          2039.976    
      48            1.5358122E-02     4247938.       4247938.          2061.053    
      51            1.0945461E-03     4297434.       4297434.          2073.025    
      54            8.7497022E-04     4303312.       4303312.          2074.443    
      57            2.2554187E-05     4477511.       4477511.          2116.013    
      60            1.1517240E-17     5300080.       5300080.          2302.190    
      63            2.2000238E-23    1.8477934E+07  1.8477934E+07      4298.597    
      66            2.8306282E-54    1.2560962E+09  1.2560962E+09      35441.45    
      69             0.000000        1.0000000E+35  1.0000000E+35     3.1622777E+17
      72             0.000000        1.0000000E+35  1.0000000E+35     3.1622777E+17
      74             0.000000        1.0000000E+35  1.0000000E+35     3.1622777E+17
 
    Pre-calibration:- 
    Total error variance                 =  1.9238800E+08
    Total error standard deviation       =   13870.40    
 
    Post-calibration:-
    Total error variance                 =   1219158.    
    Total error standard deviation       =   1104.155    
    Minimum error variance occurs at singular value number 14.
 
 
 PREDUNC1 analysis for prediction "q8099" ----->

    Pre-calibration:- 
    Total uncertainty variance           =  1.9238800E+08
    Total uncertainty standard deviation =   13870.40    
 
    Post-calibration:-
    Total uncertainty variance           =   775689.6    
    Total uncertainty standard deviation =   880.7324    
 
 
 PREDUNC4 analysis for prediction "q8099" ----->

    Contributions to predictive uncertainty variance

    Parameter      Pre-cal             Post-cal
    group          contribution        contribution
    ---------      ------------        ------------
    ddsd             145350.0            9207.700    
    ddsw             0.000000            698.2000    
    ddgd             0.000000            0.000000    
    ddgw             0.000000            0.000000    
    rcsd             9760.000            521658.6    
    rcsw             0.000000            203762.3    
    rcrd            1.8940052E+08        222895.5    
    rcrw             0.000000            179915.2    
    rcgd             0.000000            0.000000    
    rcgw             0.000000            0.000000    
    tl               372390.0            1391.700    
    xw               0.000000            0.000000    
    yw               0.000000            0.000000    
    x                0.000000            0.000000    
    y                0.000000            0.000000    
    tlr              0.000000            0.000000    
    tls              0.000000            0.000000    
    beta             2459970.            406770.9    
 
 
 PREDUNC5 observation subtraction analysis for prediction "q8099" ----->

    Increases in predictive uncertainty variance incurred through loss of observations

    Observation_group        Variance_increase
    -----------------        -----------------
    q                          775689.6    
 
 
 PREDUNC5 observation addition analysis for prediction "q8099" ----->

    Decreases in pre-calibration predictive uncertainty variance incurred through addition of observations

    Observation_group        Variance_decrease
    -----------------        -----------------
    q                          775689.6    
