 
 
                   ###################################################
                   #                                                 #
                   #      GENLINPRED UNCERTAINTY/ERROR ANALYSIS      #
                   #                                                 #
                   ###################################################
 
 
 
                   ANALYSIS DETAILS
                   ----------------
 
    Name of PEST control file                                   : master_lu.pst
    Factor by which to multiply observation weights             : 1.0000
    Source of parameter uncertainty data                        : uncertainty file
    Name of uncertainty file                                    : master_lu.unc
 
    Perform global parameter estimability analysis              : yes
         Parameter identifiability                              : yes
         Relative parameter error reduction                     : no
         Relative parameter uncertainty reduction               : yes
 
    Analyse error/uncertainty of an entity                      : yes
         Name of entity                                         : q7865
         Type of entity                                         : prediction
         File containing prediction sensitivities               : master_lu.jco
 
         Total error variance                                   : yes
         Total uncertainty                                      : yes
 
         Parameter contributions to error variance              : no
         Parameter contributions to uncertainty                 : yes
         Parameter contributions                                : by group
 
         Observation worth in reducing error variance           : no
         Observation worth in reducing uncertainty variance     : yes
         Observation worth                                      : by group


                   ANALYSIS OF PARAMETERS
                   ----------------------


 Outcomes of running program SUPCALC ----->
 
    Number of dimensions of calibration solution space = 14
    Number of dimensions of calibration null space     = 60

 Outcomes of parameter identifiability and error/uncertainty variance reduction analysis ----->
 
    Parameter              Identifiability        Rel_uncert_var_redn
    ---------              ---------------        -------------------
    ddsd                    0.9999923              0.9995215
    ddsw                    0.9999998              0.9995489
    ddgd                    4.8129692E-27           0.000000
    ddgw                    9.9704796E-29           0.000000
    rcs1d                   1.3557534E-28           0.000000
    rcs1w                   2.5242320E-29           0.000000
    rcs2d                   5.6118271E-11           0.000000
    rcs2w                   3.7684867E-08          3.4000000E-06
    rcs3d                   9.5504645E-07          3.3500000E-05
    rcs3w                   1.2669690E-07          1.1300000E-05
    rcs4d                   2.1349030E-07          7.5000000E-06
    rcs4w                   4.2050536E-08          3.7000000E-06
    rcs5d                   5.0897067E-06          1.3750000E-04
    rcs5w                   4.9039857E-05          3.0612000E-03
    rcs6d                   1.3520711E-05          3.5290000E-04
    rcs6w                   3.9496396E-05          1.4445000E-03
    rcs7d                   7.3094638E-06          2.0650000E-04
    rcs7w                   3.5135856E-05          1.6413000E-03
    rcs8d                   0.9970063              0.9351312
    rcs8w                   0.9998634              0.9486010
    rcs9d                   0.9999854              0.9109574
    rcs9w                   0.9999428              0.9336685
    rcs10d                  0.9996576              0.8984755
    rcs10w                  0.9997996              0.9276022
    rcs11d                  1.2619199E-05          9.9900000E-05
    rcs11w                  2.6571856E-05          7.0500000E-04
    rcs12d                  1.4542372E-02          9.8094800E-02
    rcs12w                  1.6654798E-05          4.8100000E-04
    rcs13d                  2.1771403E-03          1.4681200E-02
    rcs13w                  4.0099850E-05          1.2267000E-03
    rcs14d                  1.7651438E-04          1.2079000E-03
    rcs14w                  1.3487761E-05          3.9060000E-04
    rcs15d                  1.0669024E-06          7.4000000E-06
    rcs15w                  1.4045134E-07          4.2000000E-06
    rcr1d                   2.4487188E-05          2.1900000E-05
    rcr1w                   1.7359608E-05          1.7070000E-04
    rcr2d                   0.4879534              0.4117028
    rcr2w                   8.1987554E-04          7.8884000E-03
    rcr3d                   0.4090387              0.3416101
    rcr3w                   8.5945405E-04          8.1898000E-03
    rcr4d                   3.9466576E-02          3.2943000E-02
    rcr4w                   9.0495216E-04          8.6621000E-03
    rcr5d                   2.1876348E-03          2.0402000E-03
    rcr5w                   9.8092474E-04          9.3897000E-03
    rcr6d                   5.1261027E-02          4.9086800E-02
    rcr6w                   9.1314893E-04          8.6273000E-03
    rcr7d                   6.8269838E-03          9.5963000E-03
    rcr7w                   5.0920141E-04          5.2275000E-03
    rcr8d                   1.5180361E-04          8.5000000E-04
    rcr8w                   3.4118307E-04          2.2584000E-03
    rcr9d                   0.9998604              0.9963374
    rcr9w                   0.9978298              0.9691007
    rcr10d                  2.3691919E-04          1.2591000E-03
    rcr10w                  0.9990425              0.9407974
    rcr11d                  2.6766843E-05          1.5490000E-04
    rcr11w                  7.3503190E-05          5.3220000E-04
    rcr12d                  4.7239318E-07          2.5000000E-06
    rcr12w                  1.0113161E-06          7.7000000E-06
    rcr13d                  1.3873523E-07          7.0000000E-07
    rcr13w                  5.1531201E-04          4.1947000E-03
    rcr14d                  3.1897221E-08          2.0000000E-07
    rcr14w                  6.2613322E-05          5.1070000E-04
    rcr15d                  7.5246167E-10           0.000000
    rcr15w                  3.1263398E-09           0.000000
    rcgd                     0.000000               0.000000
    rcgw                     0.000000               0.000000
    tl                       1.000000              0.9999481
    xw                       0.000000               0.000000
    yw                       0.000000               0.000000
    x                        0.000000               0.000000
    y                        0.000000               0.000000
    tlr                      0.000000               0.000000
    tls                      0.000000               0.000000
    beta                    0.9866889              0.5456640
 
    Note: run IDENTPAR yourself to see identiability contributions by different solution 
    space eigencomponents.


                   ANALYSIS OF PREDICTION
                   ----------------------

 PREDVAR1 analysis for prediction "q7865" ----->

    Sing_val       Null-space       Soln-space     Total             Total
    index          term             term           variance          std_dev
    --------       ----------       ----------     --------          -------
       0            1.0941257E+09     0.000000      1.0941257E+09      33077.57    
       3            1.0896929E+08     27628.45      1.0899692E+08      10440.16    
       6            1.1513964E+07     116323.1      1.1630287E+07      3410.321    
       7             1633948.         169542.5       1803490.          1342.941    
       8             1443263.         178487.6       1621750.          1273.479    
       9             1014134.         202025.9       1216160.          1102.796    
      10             1013972.         202040.4       1216012.          1102.729    
      11             953769.7         211373.4       1165143.          1079.418    
      12             367672.1         318219.1       685891.2          828.1855    
      13             356777.5         320597.5       677375.0          823.0279    
      14             6224.436         664716.2       670940.7          819.1097    
      15             2618.899         695297.1       697916.0          835.4137    
      16             1126.887         725646.0       726772.9          852.5098    
      17             296.9364         782397.6       782694.5          884.7002    
      18             280.6830         785724.6       786005.2          886.5693    
      21             226.9186         803660.8       803887.8          896.5979    
      24             195.1158         837535.7       837730.8          915.2764    
      27             8.542453         1280285.       1280293.          1131.500    
      30             1.094862         1301307.       1301309.          1140.749    
      33            0.9852327         1302504.       1302505.          1141.273    
      36            0.5494666         1319256.       1319257.          1148.589    
      39            0.5330510         1320711.       1320711.          1149.222    
      42            0.3606808         1346110.       1346110.          1160.220    
      45            0.3281110         1360426.       1360426.          1166.373    
      48            2.1986615E-02     1858995.       1858995.          1363.450    
      51            7.7695008E-04     1932718.       1932718.          1390.222    
      54            3.5555727E-04     1937770.       1937770.          1392.038    
      57            6.4608689E-06     2027428.       2027428.          1423.878    
      60            8.4100301E-16     2090919.       2090919.          1446.001    
      63            5.4096948E-23    9.3006421E+08  9.3006421E+08      30496.95    
      66            1.1893069E-53    4.6547763E+09  4.6547763E+09      68225.92    
      69             0.000000        1.0000000E+35  1.0000000E+35     3.1622777E+17
      72             0.000000        1.0000000E+35  1.0000000E+35     3.1622777E+17
      74             0.000000        1.0000000E+35  1.0000000E+35     3.1622777E+17
 
    Pre-calibration:- 
    Total error variance                 =  1.0941257E+09
    Total error standard deviation       =   33077.57    
 
    Post-calibration:-
    Total error variance                 =   670940.7    
    Total error standard deviation       =   819.1097    
    Minimum error variance occurs at singular value number 14.
 
 
 PREDUNC1 analysis for prediction "q7865" ----->

    Pre-calibration:- 
    Total uncertainty variance           =  1.0941256E+09
    Total uncertainty standard deviation =   33077.57    
 
    Post-calibration:-
    Total uncertainty variance           =   479830.1    
    Total uncertainty standard deviation =   692.6977    
 
 
 PREDUNC4 analysis for prediction "q7865" ----->

    Contributions to predictive uncertainty variance

    Parameter      Pre-cal             Post-cal
    group          contribution        contribution
    ---------      ------------        ------------
    ddsd            8.5969900E+07        1403.500    
    ddsw             0.000000            253.1000    
    ddgd             0.000000            0.000000    
    ddgw             0.000000            0.000000    
    rcsd             7264200.            151160.3    
    rcsw             0.000000            104946.1    
    rcrd            1.3409618E+08        22139.00    
    rcrw             0.000000            97798.10    
    rcgd             0.000000            0.000000    
    rcgw             0.000000            0.000000    
    tl              8.6414833E+08        2006.800    
    xw               0.000000            0.000000    
    yw               0.000000            0.000000    
    x                0.000000            0.000000    
    y                0.000000            0.000000    
    tlr              0.000000            0.000000    
    tls              0.000000            0.000000    
    beta             2647000.            215673.1    
 
 
 PREDUNC5 observation subtraction analysis for prediction "q7865" ----->

    Increases in predictive uncertainty variance incurred through loss of observations

    Observation_group        Variance_increase
    -----------------        -----------------
    q                          479830.1    
 
 
 PREDUNC5 observation addition analysis for prediction "q7865" ----->

    Decreases in pre-calibration predictive uncertainty variance incurred through addition of observations

    Observation_group        Variance_decrease
    -----------------        -----------------
    q                          479830.1    
