 
 
                   ###################################################
                   #                                                 #
                   #      GENLINPRED UNCERTAINTY/ERROR ANALYSIS      #
                   #                                                 #
                   ###################################################
 
 
 
                   ANALYSIS DETAILS
                   ----------------
 
    Name of PEST control file                                   : master_lu.pst
    Factor by which to multiply observation weights             : 1.0000
    Source of parameter uncertainty data                        : uncertainty file
    Name of uncertainty file                                    : master_lu.unc
 
    Perform global parameter estimability analysis              : yes
         Parameter identifiability                              : yes
         Relative parameter error reduction                     : no
         Relative parameter uncertainty reduction               : yes
 
    Analyse error/uncertainty of an entity                      : yes
         Name of entity                                         : q8088
         Type of entity                                         : prediction
         File containing prediction sensitivities               : master_lu.jco
 
         Total error variance                                   : yes
         Total uncertainty                                      : yes
 
         Parameter contributions to error variance              : no
         Parameter contributions to uncertainty                 : yes
         Parameter contributions                                : by group
 
         Observation worth in reducing error variance           : no
         Observation worth in reducing uncertainty variance     : yes
         Observation worth                                      : by group


                   ANALYSIS OF PARAMETERS
                   ----------------------


 Outcomes of running program SUPCALC ----->
 
    Number of dimensions of calibration solution space = 14
    Number of dimensions of calibration null space     = 60

 Outcomes of parameter identifiability and error/uncertainty variance reduction analysis ----->
 
    Parameter              Identifiability        Rel_uncert_var_redn
    ---------              ---------------        -------------------
    ddsd                    0.9999923              0.9995215
    ddsw                    0.9999998              0.9995489
    ddgd                    4.8129692E-27           0.000000
    ddgw                    9.9704796E-29           0.000000
    rcs1d                   1.3557534E-28           0.000000
    rcs1w                   2.5242320E-29           0.000000
    rcs2d                   5.6118271E-11           0.000000
    rcs2w                   3.7684867E-08          3.4000000E-06
    rcs3d                   9.5504645E-07          3.3500000E-05
    rcs3w                   1.2669690E-07          1.1300000E-05
    rcs4d                   2.1349030E-07          7.5000000E-06
    rcs4w                   4.2050536E-08          3.7000000E-06
    rcs5d                   5.0897067E-06          1.3750000E-04
    rcs5w                   4.9039857E-05          3.0612000E-03
    rcs6d                   1.3520711E-05          3.5290000E-04
    rcs6w                   3.9496396E-05          1.4445000E-03
    rcs7d                   7.3094638E-06          2.0650000E-04
    rcs7w                   3.5135856E-05          1.6413000E-03
    rcs8d                   0.9970063              0.9351312
    rcs8w                   0.9998634              0.9486010
    rcs9d                   0.9999854              0.9109574
    rcs9w                   0.9999428              0.9336685
    rcs10d                  0.9996576              0.8984755
    rcs10w                  0.9997996              0.9276022
    rcs11d                  1.2619199E-05          9.9900000E-05
    rcs11w                  2.6571856E-05          7.0500000E-04
    rcs12d                  1.4542372E-02          9.8094800E-02
    rcs12w                  1.6654798E-05          4.8100000E-04
    rcs13d                  2.1771403E-03          1.4681200E-02
    rcs13w                  4.0099850E-05          1.2267000E-03
    rcs14d                  1.7651438E-04          1.2079000E-03
    rcs14w                  1.3487761E-05          3.9060000E-04
    rcs15d                  1.0669024E-06          7.4000000E-06
    rcs15w                  1.4045134E-07          4.2000000E-06
    rcr1d                   2.4487188E-05          2.1900000E-05
    rcr1w                   1.7359608E-05          1.7070000E-04
    rcr2d                   0.4879534              0.4117028
    rcr2w                   8.1987554E-04          7.8884000E-03
    rcr3d                   0.4090387              0.3416101
    rcr3w                   8.5945405E-04          8.1898000E-03
    rcr4d                   3.9466576E-02          3.2943000E-02
    rcr4w                   9.0495216E-04          8.6621000E-03
    rcr5d                   2.1876348E-03          2.0402000E-03
    rcr5w                   9.8092474E-04          9.3897000E-03
    rcr6d                   5.1261027E-02          4.9086800E-02
    rcr6w                   9.1314893E-04          8.6273000E-03
    rcr7d                   6.8269838E-03          9.5963000E-03
    rcr7w                   5.0920141E-04          5.2275000E-03
    rcr8d                   1.5180361E-04          8.5000000E-04
    rcr8w                   3.4118307E-04          2.2584000E-03
    rcr9d                   0.9998604              0.9963374
    rcr9w                   0.9978298              0.9691007
    rcr10d                  2.3691919E-04          1.2591000E-03
    rcr10w                  0.9990425              0.9407974
    rcr11d                  2.6766843E-05          1.5490000E-04
    rcr11w                  7.3503190E-05          5.3220000E-04
    rcr12d                  4.7239318E-07          2.5000000E-06
    rcr12w                  1.0113161E-06          7.7000000E-06
    rcr13d                  1.3873523E-07          7.0000000E-07
    rcr13w                  5.1531201E-04          4.1947000E-03
    rcr14d                  3.1897221E-08          2.0000000E-07
    rcr14w                  6.2613322E-05          5.1070000E-04
    rcr15d                  7.5246167E-10           0.000000
    rcr15w                  3.1263398E-09           0.000000
    rcgd                     0.000000               0.000000
    rcgw                     0.000000               0.000000
    tl                       1.000000              0.9999481
    xw                       0.000000               0.000000
    yw                       0.000000               0.000000
    x                        0.000000               0.000000
    y                        0.000000               0.000000
    tlr                      0.000000               0.000000
    tls                      0.000000               0.000000
    beta                    0.9866889              0.5456640
 
    Note: run IDENTPAR yourself to see identiability contributions by different solution 
    space eigencomponents.


                   ANALYSIS OF PREDICTION
                   ----------------------

 PREDVAR1 analysis for prediction "q8088" ----->

    Sing_val       Null-space       Soln-space     Total             Total
    index          term             term           variance          std_dev
    --------       ----------       ----------     --------          -------
       0            3.3929176E+08     0.000000      3.3929176E+08      18419.87    
       3            3.2467004E+08     1784.925      3.2467182E+08      18018.65    
       6            4.9451308E+07     221273.4      4.9672582E+07      7047.878    
       7             2034291.         476688.3       2510979.          1584.607    
       8             1938351.         481188.9       2419540.          1555.487    
       9             1531020.         503531.5       2034552.          1426.377    
      10             1531019.         503531.6       2034551.          1426.377    
      11             1522166.         504904.1       2027070.          1423.752    
      12             838246.6         629582.7       1467829.          1211.540    
      13             787093.8         640750.1       1427844.          1194.924    
      14             22262.24         1391543.       1413805.          1189.035    
      15             3457.538         1551038.       1554495.          1246.794    
      16             452.4391         1612164.       1612617.          1269.889    
      17             207.6913         1628900.       1629108.          1276.365    
      18             180.6965         1634426.       1634606.          1278.517    
      21             64.98379         1673417.       1673482.          1293.631    
      24             45.20181         1689874.       1689919.          1299.969    
      27             34.72752         1714642.       1714677.          1309.457    
      30             25.21268         1743366.       1743392.          1320.376    
      33             24.91490         1746333.       1746358.          1321.498    
      36            0.4935143         2702424.       2702425.          1643.905    
      39            0.3485262         2716155.       2716155.          1648.076    
      42            0.1697827         2747793.       2747793.          1657.647    
      45            0.1006111         2775907.       2775907.          1666.105    
      48            2.4618014E-02     2900059.       2900059.          1702.956    
      51            1.7573174E-03     3034888.       3034889.          1742.093    
      54            1.5319973E-03     3037911.       3037911.          1742.960    
      57            5.9607712E-07     3359059.       3359059.          1832.774    
      60            3.1049004E-17     3380635.       3380635.          1838.650    
      63            3.5680589E-23    3.8018488E+07  3.8018488E+07      6165.913    
      66            1.2973050E-54    3.3428701E+09  3.3428701E+09      57817.56    
      69             0.000000        1.0000000E+35  1.0000000E+35     3.1622777E+17
      72             0.000000        1.0000000E+35  1.0000000E+35     3.1622777E+17
      74             0.000000        1.0000000E+35  1.0000000E+35     3.1622777E+17
 
    Pre-calibration:- 
    Total error variance                 =  3.3929176E+08
    Total error standard deviation       =   18419.87    
 
    Post-calibration:-
    Total error variance                 =   1413805.    
    Total error standard deviation       =   1189.035    
    Minimum error variance occurs at singular value number 14.
 
 
 PREDUNC1 analysis for prediction "q8088" ----->

    Pre-calibration:- 
    Total uncertainty variance           =  3.3929161E+08
    Total uncertainty standard deviation =   18419.87    
 
    Post-calibration:-
    Total uncertainty variance           =   1015405.    
    Total uncertainty standard deviation =   1007.673    
 
 
 PREDUNC4 analysis for prediction "q8088" ----->

    Contributions to predictive uncertainty variance

    Parameter      Pre-cal             Post-cal
    group          contribution        contribution
    ---------      ------------        ------------
    ddsd             374750.0            14727.00    
    ddsw             0.000000            274.0000    
    ddgd             0.000000            0.000000    
    ddgw             0.000000            0.000000    
    rcsd             25680.00            626846.9    
    rcsw             0.000000            151105.4    
    rcrd            3.3524821E+08        421747.6    
    rcrw             0.000000            146037.0    
    rcgd             0.000000            0.000000    
    rcgw             0.000000            0.000000    
    tl               966100.0            4573.000    
    xw               0.000000            0.000000    
    yw               0.000000            0.000000    
    x                0.000000            0.000000    
    y                0.000000            0.000000    
    tlr              0.000000            0.000000    
    tls              0.000000            0.000000    
    beta             2677030.            316436.8    
 
 
 PREDUNC5 observation subtraction analysis for prediction "q8088" ----->

    Increases in predictive uncertainty variance incurred through loss of observations

    Observation_group        Variance_increase
    -----------------        -----------------
    q                          1015405.    
 
 
 PREDUNC5 observation addition analysis for prediction "q8088" ----->

    Decreases in pre-calibration predictive uncertainty variance incurred through addition of observations

    Observation_group        Variance_decrease
    -----------------        -----------------
    q                          1015405.    
