 
 
                   ###################################################
                   #                                                 #
                   #      GENLINPRED UNCERTAINTY/ERROR ANALYSIS      #
                   #                                                 #
                   ###################################################
 
 
 
                   ANALYSIS DETAILS
                   ----------------
 
    Name of PEST control file                                   : master_lu.pst
    Factor by which to multiply observation weights             : 1.0000
    Source of parameter uncertainty data                        : uncertainty file
    Name of uncertainty file                                    : master_lu.unc
 
    Perform global parameter estimability analysis              : yes
         Parameter identifiability                              : yes
         Relative parameter error reduction                     : no
         Relative parameter uncertainty reduction               : yes
 
    Analyse error/uncertainty of an entity                      : yes
         Name of entity                                         : q8108
         Type of entity                                         : prediction
         File containing prediction sensitivities               : master_lu.jco
 
         Total error variance                                   : yes
         Total uncertainty                                      : yes
 
         Parameter contributions to error variance              : no
         Parameter contributions to uncertainty                 : yes
         Parameter contributions                                : by group
 
         Observation worth in reducing error variance           : no
         Observation worth in reducing uncertainty variance     : yes
         Observation worth                                      : by group


                   ANALYSIS OF PARAMETERS
                   ----------------------


 Outcomes of running program SUPCALC ----->
 
    Number of dimensions of calibration solution space = 14
    Number of dimensions of calibration null space     = 60

 Outcomes of parameter identifiability and error/uncertainty variance reduction analysis ----->
 
    Parameter              Identifiability        Rel_uncert_var_redn
    ---------              ---------------        -------------------
    ddsd                    0.9999923              0.9995215
    ddsw                    0.9999998              0.9995489
    ddgd                    4.8129692E-27           0.000000
    ddgw                    9.9704796E-29           0.000000
    rcs1d                   1.3557534E-28           0.000000
    rcs1w                   2.5242320E-29           0.000000
    rcs2d                   5.6118271E-11           0.000000
    rcs2w                   3.7684867E-08          3.4000000E-06
    rcs3d                   9.5504645E-07          3.3500000E-05
    rcs3w                   1.2669690E-07          1.1300000E-05
    rcs4d                   2.1349030E-07          7.5000000E-06
    rcs4w                   4.2050536E-08          3.7000000E-06
    rcs5d                   5.0897067E-06          1.3750000E-04
    rcs5w                   4.9039857E-05          3.0612000E-03
    rcs6d                   1.3520711E-05          3.5290000E-04
    rcs6w                   3.9496396E-05          1.4445000E-03
    rcs7d                   7.3094638E-06          2.0650000E-04
    rcs7w                   3.5135856E-05          1.6413000E-03
    rcs8d                   0.9970063              0.9351312
    rcs8w                   0.9998634              0.9486010
    rcs9d                   0.9999854              0.9109574
    rcs9w                   0.9999428              0.9336685
    rcs10d                  0.9996576              0.8984755
    rcs10w                  0.9997996              0.9276022
    rcs11d                  1.2619199E-05          9.9900000E-05
    rcs11w                  2.6571856E-05          7.0500000E-04
    rcs12d                  1.4542372E-02          9.8094800E-02
    rcs12w                  1.6654798E-05          4.8100000E-04
    rcs13d                  2.1771403E-03          1.4681200E-02
    rcs13w                  4.0099850E-05          1.2267000E-03
    rcs14d                  1.7651438E-04          1.2079000E-03
    rcs14w                  1.3487761E-05          3.9060000E-04
    rcs15d                  1.0669024E-06          7.4000000E-06
    rcs15w                  1.4045134E-07          4.2000000E-06
    rcr1d                   2.4487188E-05          2.1900000E-05
    rcr1w                   1.7359608E-05          1.7070000E-04
    rcr2d                   0.4879534              0.4117028
    rcr2w                   8.1987554E-04          7.8884000E-03
    rcr3d                   0.4090387              0.3416101
    rcr3w                   8.5945405E-04          8.1898000E-03
    rcr4d                   3.9466576E-02          3.2943000E-02
    rcr4w                   9.0495216E-04          8.6621000E-03
    rcr5d                   2.1876348E-03          2.0402000E-03
    rcr5w                   9.8092474E-04          9.3897000E-03
    rcr6d                   5.1261027E-02          4.9086800E-02
    rcr6w                   9.1314893E-04          8.6273000E-03
    rcr7d                   6.8269838E-03          9.5963000E-03
    rcr7w                   5.0920141E-04          5.2275000E-03
    rcr8d                   1.5180361E-04          8.5000000E-04
    rcr8w                   3.4118307E-04          2.2584000E-03
    rcr9d                   0.9998604              0.9963374
    rcr9w                   0.9978298              0.9691007
    rcr10d                  2.3691919E-04          1.2591000E-03
    rcr10w                  0.9990425              0.9407974
    rcr11d                  2.6766843E-05          1.5490000E-04
    rcr11w                  7.3503190E-05          5.3220000E-04
    rcr12d                  4.7239318E-07          2.5000000E-06
    rcr12w                  1.0113161E-06          7.7000000E-06
    rcr13d                  1.3873523E-07          7.0000000E-07
    rcr13w                  5.1531201E-04          4.1947000E-03
    rcr14d                  3.1897221E-08          2.0000000E-07
    rcr14w                  6.2613322E-05          5.1070000E-04
    rcr15d                  7.5246167E-10           0.000000
    rcr15w                  3.1263398E-09           0.000000
    rcgd                     0.000000               0.000000
    rcgw                     0.000000               0.000000
    tl                       1.000000              0.9999481
    xw                       0.000000               0.000000
    yw                       0.000000               0.000000
    x                        0.000000               0.000000
    y                        0.000000               0.000000
    tlr                      0.000000               0.000000
    tls                      0.000000               0.000000
    beta                    0.9866889              0.5456640
 
    Note: run IDENTPAR yourself to see identiability contributions by different solution 
    space eigencomponents.


                   ANALYSIS OF PREDICTION
                   ----------------------

 PREDVAR1 analysis for prediction "q8108" ----->

    Sing_val       Null-space       Soln-space     Total             Total
    index          term             term           variance          std_dev
    --------       ----------       ----------     --------          -------
       0            1.1699072E+08     0.000000      1.1699072E+08      10816.22    
       3            1.1182210E+08     650.7443      1.1182275E+08      10574.63    
       6            1.7475905E+07     76104.21      1.7552009E+07      4189.512    
       7             1144666.         164073.5       1308739.          1144.001    
       8             1119222.         165267.1       1284489.          1133.353    
       9             994417.2         172112.8       1166530.          1080.060    
      10             993125.4         172228.8       1165354.          1079.516    
      11             991815.0         172432.0       1164247.          1079.003    
      12             905782.5         188115.7       1093898.          1045.896    
      13             904739.5         188343.4       1093083.          1045.506    
      14             18741.81         1058079.       1076821.          1037.700    
      15             3758.986         1185157.       1188916.          1090.374    
      16             142.1800         1258727.       1258869.          1121.993    
      17             126.6615         1259788.       1259915.          1122.459    
      18             94.11205         1266451.       1266545.          1125.409    
      21             76.22469         1273013.       1273089.          1128.312    
      24             42.67587         1294146.       1294188.          1137.624    
      27             31.49218         1319837.       1319868.          1148.855    
      30             25.11431         1340995.       1341020.          1158.024    
      33             24.85608         1343542.       1343567.          1159.123    
      36             1.967049         2150507.       2150509.          1466.461    
      39             1.747024         2169959.       2169961.          1473.079    
      42            7.3265450E-02     2424279.       2424279.          1557.010    
      45            1.5517654E-02     2449063.       2449063.          1564.948    
      48            2.1940045E-03     2471692.       2471692.          1572.162    
      51            7.9758011E-04     2476574.       2476574.          1573.713    
      54            5.2667102E-04     2480362.       2480362.          1574.917    
      57            5.6973972E-06     2584484.       2584484.          1607.633    
      60            2.8338066E-17     2795898.       2795898.          1672.094    
      63            1.3481758E-23    3.4194107E+07  3.4194107E+07      5847.573    
      66            4.8557731E-55    1.3078358E+09  1.3078358E+09      36164.01    
      69             0.000000        1.0000000E+35  1.0000000E+35     3.1622777E+17
      72             0.000000        1.0000000E+35  1.0000000E+35     3.1622777E+17
      74             0.000000        1.0000000E+35  1.0000000E+35     3.1622777E+17
 
    Pre-calibration:- 
    Total error variance                 =  1.1699072E+08
    Total error standard deviation       =   10816.22    
 
    Post-calibration:-
    Total error variance                 =   1076821.    
    Total error standard deviation       =   1037.700    
    Minimum error variance occurs at singular value number 14.
 
 
 PREDUNC1 analysis for prediction "q8108" ----->

    Pre-calibration:- 
    Total uncertainty variance           =  1.1699062E+08
    Total uncertainty standard deviation =   10816.22    
 
    Post-calibration:-
    Total uncertainty variance           =   640780.9    
    Total uncertainty standard deviation =   800.4879    
 
 
 PREDUNC4 analysis for prediction "q8108" ----->

    Contributions to predictive uncertainty variance

    Parameter      Pre-cal             Post-cal
    group          contribution        contribution
    ---------      ------------        ------------
    ddsd             66250.00            6160.200    
    ddsw             0.000000            855.1000    
    ddgd             0.000000            0.000000    
    ddgw             0.000000            0.000000    
    rcsd             4390.000            431209.9    
    rcsw             0.000000            212836.5    
    rcrd            1.1466632E+08        169218.8    
    rcrw             0.000000            182424.1    
    rcgd             0.000000            0.000000    
    rcgw             0.000000            0.000000    
    tl               168980.0            623.8000    
    xw               0.000000            0.000000    
    yw               0.000000            0.000000    
    x                0.000000            0.000000    
    y                0.000000            0.000000    
    tlr              0.000000            0.000000    
    tls              0.000000            0.000000    
    beta             2084780.            418334.5    
 
 
 PREDUNC5 observation subtraction analysis for prediction "q8108" ----->

    Increases in predictive uncertainty variance incurred through loss of observations

    Observation_group        Variance_increase
    -----------------        -----------------
    q                          640780.9    
 
 
 PREDUNC5 observation addition analysis for prediction "q8108" ----->

    Decreases in pre-calibration predictive uncertainty variance incurred through addition of observations

    Observation_group        Variance_decrease
    -----------------        -----------------
    q                          640780.9    
