 
 
                   ###################################################
                   #                                                 #
                   #      GENLINPRED UNCERTAINTY/ERROR ANALYSIS      #
                   #                                                 #
                   ###################################################
 
 
 
                   ANALYSIS DETAILS
                   ----------------
 
    Name of PEST control file                                   : master_lu.pst
    Factor by which to multiply observation weights             : 1.0000
    Source of parameter uncertainty data                        : uncertainty file
    Name of uncertainty file                                    : master_lu.unc
 
    Perform global parameter estimability analysis              : yes
         Parameter identifiability                              : yes
         Relative parameter error reduction                     : no
         Relative parameter uncertainty reduction               : yes
 
    Analyse error/uncertainty of an entity                      : yes
         Name of entity                                         : q7902
         Type of entity                                         : prediction
         File containing prediction sensitivities               : master_lu.jco
 
         Total error variance                                   : yes
         Total uncertainty                                      : yes
 
         Parameter contributions to error variance              : no
         Parameter contributions to uncertainty                 : yes
         Parameter contributions                                : by group
 
         Observation worth in reducing error variance           : no
         Observation worth in reducing uncertainty variance     : yes
         Observation worth                                      : by group


                   ANALYSIS OF PARAMETERS
                   ----------------------


 Outcomes of running program SUPCALC ----->
 
    Number of dimensions of calibration solution space = 14
    Number of dimensions of calibration null space     = 60

 Outcomes of parameter identifiability and error/uncertainty variance reduction analysis ----->
 
    Parameter              Identifiability        Rel_uncert_var_redn
    ---------              ---------------        -------------------
    ddsd                    0.9999923              0.9995215
    ddsw                    0.9999998              0.9995489
    ddgd                    4.8129692E-27           0.000000
    ddgw                    9.9704796E-29           0.000000
    rcs1d                   1.3557534E-28           0.000000
    rcs1w                   2.5242320E-29           0.000000
    rcs2d                   5.6118271E-11           0.000000
    rcs2w                   3.7684867E-08          3.4000000E-06
    rcs3d                   9.5504645E-07          3.3500000E-05
    rcs3w                   1.2669690E-07          1.1300000E-05
    rcs4d                   2.1349030E-07          7.5000000E-06
    rcs4w                   4.2050536E-08          3.7000000E-06
    rcs5d                   5.0897067E-06          1.3750000E-04
    rcs5w                   4.9039857E-05          3.0612000E-03
    rcs6d                   1.3520711E-05          3.5290000E-04
    rcs6w                   3.9496396E-05          1.4445000E-03
    rcs7d                   7.3094638E-06          2.0650000E-04
    rcs7w                   3.5135856E-05          1.6413000E-03
    rcs8d                   0.9970063              0.9351312
    rcs8w                   0.9998634              0.9486010
    rcs9d                   0.9999854              0.9109574
    rcs9w                   0.9999428              0.9336685
    rcs10d                  0.9996576              0.8984755
    rcs10w                  0.9997996              0.9276022
    rcs11d                  1.2619199E-05          9.9900000E-05
    rcs11w                  2.6571856E-05          7.0500000E-04
    rcs12d                  1.4542372E-02          9.8094800E-02
    rcs12w                  1.6654798E-05          4.8100000E-04
    rcs13d                  2.1771403E-03          1.4681200E-02
    rcs13w                  4.0099850E-05          1.2267000E-03
    rcs14d                  1.7651438E-04          1.2079000E-03
    rcs14w                  1.3487761E-05          3.9060000E-04
    rcs15d                  1.0669024E-06          7.4000000E-06
    rcs15w                  1.4045134E-07          4.2000000E-06
    rcr1d                   2.4487188E-05          2.1900000E-05
    rcr1w                   1.7359608E-05          1.7070000E-04
    rcr2d                   0.4879534              0.4117028
    rcr2w                   8.1987554E-04          7.8884000E-03
    rcr3d                   0.4090387              0.3416101
    rcr3w                   8.5945405E-04          8.1898000E-03
    rcr4d                   3.9466576E-02          3.2943000E-02
    rcr4w                   9.0495216E-04          8.6621000E-03
    rcr5d                   2.1876348E-03          2.0402000E-03
    rcr5w                   9.8092474E-04          9.3897000E-03
    rcr6d                   5.1261027E-02          4.9086800E-02
    rcr6w                   9.1314893E-04          8.6273000E-03
    rcr7d                   6.8269838E-03          9.5963000E-03
    rcr7w                   5.0920141E-04          5.2275000E-03
    rcr8d                   1.5180361E-04          8.5000000E-04
    rcr8w                   3.4118307E-04          2.2584000E-03
    rcr9d                   0.9998604              0.9963374
    rcr9w                   0.9978298              0.9691007
    rcr10d                  2.3691919E-04          1.2591000E-03
    rcr10w                  0.9990425              0.9407974
    rcr11d                  2.6766843E-05          1.5490000E-04
    rcr11w                  7.3503190E-05          5.3220000E-04
    rcr12d                  4.7239318E-07          2.5000000E-06
    rcr12w                  1.0113161E-06          7.7000000E-06
    rcr13d                  1.3873523E-07          7.0000000E-07
    rcr13w                  5.1531201E-04          4.1947000E-03
    rcr14d                  3.1897221E-08          2.0000000E-07
    rcr14w                  6.2613322E-05          5.1070000E-04
    rcr15d                  7.5246167E-10           0.000000
    rcr15w                  3.1263398E-09           0.000000
    rcgd                     0.000000               0.000000
    rcgw                     0.000000               0.000000
    tl                       1.000000              0.9999481
    xw                       0.000000               0.000000
    yw                       0.000000               0.000000
    x                        0.000000               0.000000
    y                        0.000000               0.000000
    tlr                      0.000000               0.000000
    tls                      0.000000               0.000000
    beta                    0.9866889              0.5456640
 
    Note: run IDENTPAR yourself to see identiability contributions by different solution 
    space eigencomponents.


                   ANALYSIS OF PREDICTION
                   ----------------------

 PREDVAR1 analysis for prediction "q7902" ----->

    Sing_val       Null-space       Soln-space     Total             Total
    index          term             term           variance          std_dev
    --------       ----------       ----------     --------          -------
       0            1.8824515E+09     0.000000      1.8824515E+09      43387.23    
       3            2.0474803E+07     129906.6      2.0604710E+07      4539.241    
       6             1738685.         144501.9       1883187.          1372.293    
       9             1440943.         150843.4       1591786.          1261.660    
      10             1437775.         151127.9       1588903.          1260.517    
      11             1394798.         157790.5       1552589.          1246.029    
      12             814682.3         263545.7       1078228.          1038.378    
      13             431197.8         347265.8       778463.5          882.3058    
      14             8042.115         762654.5       770696.6          877.8933    
      15             4079.500         796263.9       800343.4          894.6191    
      16             3112.302         815937.6       819049.9          905.0138    
      17             3067.638         818991.7       822059.3          906.6749    
      18             3061.442         820259.9       823321.4          907.3706    
      19             3048.829         824393.6       827442.5          909.6387    
      20             1938.217         1191049.       1192987.          1092.239    
      21             1917.298         1198824.       1200741.          1095.783    
      24             229.9265         2450207.       2450437.          1565.387    
      27             67.98716         2833070.       2833138.          1683.193    
      30             39.94625         2910864.       2910904.          1706.137    
      33             38.57597         2924232.       2924271.          1710.050    
      36             13.76859         3894173.       3894187.          1973.369    
      39             4.823624         4944452.       4944457.          2223.614    
      42            0.5222240         5599498.       5599499.          2366.326    
      45            0.4631073         5622033.       5622034.          2371.083    
      48            0.1984324         6053118.       6053119.          2460.309    
      51            5.6412093E-03     6767591.       6767591.          2601.459    
      54            4.3512513E-03     6846070.       6846070.          2616.500    
      57            9.1315512E-06     7770383.       7770383.          2787.541    
      60            1.9546401E-18     7814510.       7814510.          2795.445    
      63            2.0794158E-24    1.0074661E+07  1.0074661E+07      3174.061    
      66            1.4567840E-55    1.1034308E+08  1.1034308E+08      10504.43    
      69             0.000000        1.0000000E+35  1.0000000E+35     3.1622777E+17
      72             0.000000        1.0000000E+35  1.0000000E+35     3.1622777E+17
      74             0.000000        1.0000000E+35  1.0000000E+35     3.1622777E+17
 
    Pre-calibration:- 
    Total error variance                 =  1.8824515E+09
    Total error standard deviation       =   43387.23    
 
    Post-calibration:-
    Total error variance                 =   770696.6    
    Total error standard deviation       =   877.8933    
    Minimum error variance occurs at singular value number 14.
 
 
 PREDUNC1 analysis for prediction "q7902" ----->

    Pre-calibration:- 
    Total uncertainty variance           =  1.8824517E+09
    Total uncertainty standard deviation =   43387.23    
 
    Post-calibration:-
    Total uncertainty variance           =   531936.1    
    Total uncertainty standard deviation =   729.3395    
 
 
 PREDUNC4 analysis for prediction "q7902" ----->

    Contributions to predictive uncertainty variance

    Parameter      Pre-cal             Post-cal
    group          contribution        contribution
    ---------      ------------        ------------
    ddsd            9.5445778E+08        3735.200    
    ddsw             0.000000            785.1000    
    ddgd             0.000000            0.000000    
    ddgw             0.000000            0.000000    
    rcsd            8.7803800E+07        207959.9    
    rcsw             0.000000            109162.5    
    rcrd            1.0153760E+08        60202.10    
    rcrw             0.000000            83111.90    
    rcgd             0.000000            0.000000    
    rcgw             0.000000            0.000000    
    tl              7.3514890E+08        435.7000    
    xw               0.000000            0.000000    
    yw               0.000000            0.000000    
    x                0.000000            0.000000    
    y                0.000000            0.000000    
    tlr              0.000000            0.000000    
    tls              0.000000            0.000000    
    beta             3503400.            201139.1    
 
 
 PREDUNC5 observation subtraction analysis for prediction "q7902" ----->

    Increases in predictive uncertainty variance incurred through loss of observations

    Observation_group        Variance_increase
    -----------------        -----------------
    q                          531936.1    
 
 
 PREDUNC5 observation addition analysis for prediction "q7902" ----->

    Decreases in pre-calibration predictive uncertainty variance incurred through addition of observations

    Observation_group        Variance_decrease
    -----------------        -----------------
    q                          531936.1    
