 
 
                   ###################################################
                   #                                                 #
                   #      GENLINPRED UNCERTAINTY/ERROR ANALYSIS      #
                   #                                                 #
                   ###################################################
 
 
 
                   ANALYSIS DETAILS
                   ----------------
 
    Name of PEST control file                                   : master_lu.pst
    Factor by which to multiply observation weights             : 1.0000
    Source of parameter uncertainty data                        : uncertainty file
    Name of uncertainty file                                    : master_lu.unc
 
    Perform global parameter estimability analysis              : yes
         Parameter identifiability                              : yes
         Relative parameter error reduction                     : no
         Relative parameter uncertainty reduction               : yes
 
    Analyse error/uncertainty of an entity                      : yes
         Name of entity                                         : q8014
         Type of entity                                         : prediction
         File containing prediction sensitivities               : master_lu.jco
 
         Total error variance                                   : yes
         Total uncertainty                                      : yes
 
         Parameter contributions to error variance              : no
         Parameter contributions to uncertainty                 : yes
         Parameter contributions                                : by group
 
         Observation worth in reducing error variance           : no
         Observation worth in reducing uncertainty variance     : yes
         Observation worth                                      : by group


                   ANALYSIS OF PARAMETERS
                   ----------------------


 Outcomes of running program SUPCALC ----->
 
    Number of dimensions of calibration solution space = 14
    Number of dimensions of calibration null space     = 60

 Outcomes of parameter identifiability and error/uncertainty variance reduction analysis ----->
 
    Parameter              Identifiability        Rel_uncert_var_redn
    ---------              ---------------        -------------------
    ddsd                    0.9999923              0.9995215
    ddsw                    0.9999998              0.9995489
    ddgd                    4.8129692E-27           0.000000
    ddgw                    9.9704796E-29           0.000000
    rcs1d                   1.3557534E-28           0.000000
    rcs1w                   2.5242320E-29           0.000000
    rcs2d                   5.6118271E-11           0.000000
    rcs2w                   3.7684867E-08          3.4000000E-06
    rcs3d                   9.5504645E-07          3.3500000E-05
    rcs3w                   1.2669690E-07          1.1300000E-05
    rcs4d                   2.1349030E-07          7.5000000E-06
    rcs4w                   4.2050536E-08          3.7000000E-06
    rcs5d                   5.0897067E-06          1.3750000E-04
    rcs5w                   4.9039857E-05          3.0612000E-03
    rcs6d                   1.3520711E-05          3.5290000E-04
    rcs6w                   3.9496396E-05          1.4445000E-03
    rcs7d                   7.3094638E-06          2.0650000E-04
    rcs7w                   3.5135856E-05          1.6413000E-03
    rcs8d                   0.9970063              0.9351312
    rcs8w                   0.9998634              0.9486010
    rcs9d                   0.9999854              0.9109574
    rcs9w                   0.9999428              0.9336685
    rcs10d                  0.9996576              0.8984755
    rcs10w                  0.9997996              0.9276022
    rcs11d                  1.2619199E-05          9.9900000E-05
    rcs11w                  2.6571856E-05          7.0500000E-04
    rcs12d                  1.4542372E-02          9.8094800E-02
    rcs12w                  1.6654798E-05          4.8100000E-04
    rcs13d                  2.1771403E-03          1.4681200E-02
    rcs13w                  4.0099850E-05          1.2267000E-03
    rcs14d                  1.7651438E-04          1.2079000E-03
    rcs14w                  1.3487761E-05          3.9060000E-04
    rcs15d                  1.0669024E-06          7.4000000E-06
    rcs15w                  1.4045134E-07          4.2000000E-06
    rcr1d                   2.4487188E-05          2.1900000E-05
    rcr1w                   1.7359608E-05          1.7070000E-04
    rcr2d                   0.4879534              0.4117028
    rcr2w                   8.1987554E-04          7.8884000E-03
    rcr3d                   0.4090387              0.3416101
    rcr3w                   8.5945405E-04          8.1898000E-03
    rcr4d                   3.9466576E-02          3.2943000E-02
    rcr4w                   9.0495216E-04          8.6621000E-03
    rcr5d                   2.1876348E-03          2.0402000E-03
    rcr5w                   9.8092474E-04          9.3897000E-03
    rcr6d                   5.1261027E-02          4.9086800E-02
    rcr6w                   9.1314893E-04          8.6273000E-03
    rcr7d                   6.8269838E-03          9.5963000E-03
    rcr7w                   5.0920141E-04          5.2275000E-03
    rcr8d                   1.5180361E-04          8.5000000E-04
    rcr8w                   3.4118307E-04          2.2584000E-03
    rcr9d                   0.9998604              0.9963374
    rcr9w                   0.9978298              0.9691007
    rcr10d                  2.3691919E-04          1.2591000E-03
    rcr10w                  0.9990425              0.9407974
    rcr11d                  2.6766843E-05          1.5490000E-04
    rcr11w                  7.3503190E-05          5.3220000E-04
    rcr12d                  4.7239318E-07          2.5000000E-06
    rcr12w                  1.0113161E-06          7.7000000E-06
    rcr13d                  1.3873523E-07          7.0000000E-07
    rcr13w                  5.1531201E-04          4.1947000E-03
    rcr14d                  3.1897221E-08          2.0000000E-07
    rcr14w                  6.2613322E-05          5.1070000E-04
    rcr15d                  7.5246167E-10           0.000000
    rcr15w                  3.1263398E-09           0.000000
    rcgd                     0.000000               0.000000
    rcgw                     0.000000               0.000000
    tl                       1.000000              0.9999481
    xw                       0.000000               0.000000
    yw                       0.000000               0.000000
    x                        0.000000               0.000000
    y                        0.000000               0.000000
    tlr                      0.000000               0.000000
    tls                      0.000000               0.000000
    beta                    0.9866889              0.5456640
 
    Note: run IDENTPAR yourself to see identiability contributions by different solution 
    space eigencomponents.


                   ANALYSIS OF PREDICTION
                   ----------------------

 PREDVAR1 analysis for prediction "q8014" ----->

    Sing_val       Null-space       Soln-space     Total             Total
    index          term             term           variance          std_dev
    --------       ----------       ----------     --------          -------
       0            9.1651562E+08     0.000000      9.1651562E+08      30274.01    
       3            5.3547708E+08     9209.229      5.3548629E+08      23140.58    
       6            2.3359878E+07     398187.8      2.3758065E+07      4874.225    
       9             1953635.         534806.5       2488442.          1577.480    
      10             1952800.         534881.5       2487681.          1577.238    
      11             1935576.         537551.7       2473128.          1572.618    
      12             747968.8         754052.7       1502021.          1225.570    
      13             508897.2         806245.4       1315143.          1146.797    
      14             16627.68         1289479.       1306107.          1142.850    
      15             2703.043         1407583.       1410286.          1187.555    
      16             719.7060         1447926.       1448646.          1203.597    
      17             187.6323         1484309.       1484496.          1218.399    
      18             170.3763         1487841.       1488011.          1219.841    
      19             168.7087         1488387.       1488556.          1220.064    
      20             78.79146         1518073.       1518151.          1232.133    
      21             65.57750         1522984.       1523049.          1234.119    
      24             20.32836         1560337.       1560358.          1249.143    
      27             18.05832         1565617.       1565635.          1251.253    
      30             4.265956         1604593.       1604597.          1266.727    
      33             4.159283         1605690.       1605694.          1267.160    
      36            0.5667204         1750291.       1750291.          1322.986    
      39            0.2357196         1788417.       1788417.          1337.317    
      42            5.0096829E-02     1817337.       1817337.          1348.086    
      45            1.8566004E-02     1832107.       1832107.          1353.553    
      48            1.4454933E-02     1839094.       1839094.          1356.132    
      51            4.9838112E-04     1938003.       1938003.          1392.122    
      54            2.2299837E-04     1942217.       1942217.          1393.634    
      57            1.9732376E-06     1986482.       1986482.          1409.426    
      60            9.8843425E-18     1998734.       1998734.          1413.766    
      63            4.6661187E-23    1.3423604E+07  1.3423604E+07      3663.824    
      66            4.5328830E-54    2.2394683E+09  2.2394683E+09      47323.02    
      69             0.000000        1.0000000E+35  1.0000000E+35     3.1622777E+17
      72             0.000000        1.0000000E+35  1.0000000E+35     3.1622777E+17
      74             0.000000        1.0000000E+35  1.0000000E+35     3.1622777E+17
 
    Pre-calibration:- 
    Total error variance                 =  9.1651562E+08
    Total error standard deviation       =   30274.01    
 
    Post-calibration:-
    Total error variance                 =   1306107.    
    Total error standard deviation       =   1142.850    
    Minimum error variance occurs at singular value number 14.
 
 
 PREDUNC1 analysis for prediction "q8014" ----->

    Pre-calibration:- 
    Total uncertainty variance           =  9.1651568E+08
    Total uncertainty standard deviation =   30274.01    
 
    Post-calibration:-
    Total uncertainty variance           =   1019932.    
    Total uncertainty standard deviation =   1009.917    
 
 
 PREDUNC4 analysis for prediction "q8014" ----->

    Contributions to predictive uncertainty variance

    Parameter      Pre-cal             Post-cal
    group          contribution        contribution
    ---------      ------------        ------------
    ddsd            1.1463707E+08        4755.000    
    ddsw             0.000000            6.000000    
    ddgd             0.000000            0.000000    
    ddgw             0.000000            0.000000    
    rcsd            1.0473900E+07        380207.3    
    rcsw             0.000000            94737.90    
    rcrd            4.6308143E+08        421466.8    
    rcrw             0.000000            108564.7    
    rcgd             0.000000            0.000000    
    rcgw             0.000000            0.000000    
    tl              3.2452870E+08        12466.00    
    xw               0.000000            0.000000    
    yw               0.000000            0.000000    
    x                0.000000            0.000000    
    y                0.000000            0.000000    
    tlr              0.000000            0.000000    
    tls              0.000000            0.000000    
    beta             3794540.            217375.4    
 
 
 PREDUNC5 observation subtraction analysis for prediction "q8014" ----->

    Increases in predictive uncertainty variance incurred through loss of observations

    Observation_group        Variance_increase
    -----------------        -----------------
    q                          1019932.    
 
 
 PREDUNC5 observation addition analysis for prediction "q8014" ----->

    Decreases in pre-calibration predictive uncertainty variance incurred through addition of observations

    Observation_group        Variance_decrease
    -----------------        -----------------
    q                          1019932.    
