 
 
                   ###################################################
                   #                                                 #
                   #      GENLINPRED UNCERTAINTY/ERROR ANALYSIS      #
                   #                                                 #
                   ###################################################
 
 
 
                   ANALYSIS DETAILS
                   ----------------
 
    Name of PEST control file                                   : master_lu.pst
    Factor by which to multiply observation weights             : 1.0000
    Source of parameter uncertainty data                        : uncertainty file
    Name of uncertainty file                                    : master_lu.unc
 
    Perform global parameter estimability analysis              : yes
         Parameter identifiability                              : yes
         Relative parameter error reduction                     : no
         Relative parameter uncertainty reduction               : yes
 
    Analyse error/uncertainty of an entity                      : yes
         Name of entity                                         : q7901
         Type of entity                                         : prediction
         File containing prediction sensitivities               : master_lu.jco
 
         Total error variance                                   : yes
         Total uncertainty                                      : yes
 
         Parameter contributions to error variance              : no
         Parameter contributions to uncertainty                 : yes
         Parameter contributions                                : by group
 
         Observation worth in reducing error variance           : no
         Observation worth in reducing uncertainty variance     : yes
         Observation worth                                      : by group


                   ANALYSIS OF PARAMETERS
                   ----------------------


 Outcomes of running program SUPCALC ----->
 
    Number of dimensions of calibration solution space = 14
    Number of dimensions of calibration null space     = 60

 Outcomes of parameter identifiability and error/uncertainty variance reduction analysis ----->
 
    Parameter              Identifiability        Rel_uncert_var_redn
    ---------              ---------------        -------------------
    ddsd                    0.9999923              0.9995215
    ddsw                    0.9999998              0.9995489
    ddgd                    4.8129692E-27           0.000000
    ddgw                    9.9704796E-29           0.000000
    rcs1d                   1.3557534E-28           0.000000
    rcs1w                   2.5242320E-29           0.000000
    rcs2d                   5.6118271E-11           0.000000
    rcs2w                   3.7684867E-08          3.4000000E-06
    rcs3d                   9.5504645E-07          3.3500000E-05
    rcs3w                   1.2669690E-07          1.1300000E-05
    rcs4d                   2.1349030E-07          7.5000000E-06
    rcs4w                   4.2050536E-08          3.7000000E-06
    rcs5d                   5.0897067E-06          1.3750000E-04
    rcs5w                   4.9039857E-05          3.0612000E-03
    rcs6d                   1.3520711E-05          3.5290000E-04
    rcs6w                   3.9496396E-05          1.4445000E-03
    rcs7d                   7.3094638E-06          2.0650000E-04
    rcs7w                   3.5135856E-05          1.6413000E-03
    rcs8d                   0.9970063              0.9351312
    rcs8w                   0.9998634              0.9486010
    rcs9d                   0.9999854              0.9109574
    rcs9w                   0.9999428              0.9336685
    rcs10d                  0.9996576              0.8984755
    rcs10w                  0.9997996              0.9276022
    rcs11d                  1.2619199E-05          9.9900000E-05
    rcs11w                  2.6571856E-05          7.0500000E-04
    rcs12d                  1.4542372E-02          9.8094800E-02
    rcs12w                  1.6654798E-05          4.8100000E-04
    rcs13d                  2.1771403E-03          1.4681200E-02
    rcs13w                  4.0099850E-05          1.2267000E-03
    rcs14d                  1.7651438E-04          1.2079000E-03
    rcs14w                  1.3487761E-05          3.9060000E-04
    rcs15d                  1.0669024E-06          7.4000000E-06
    rcs15w                  1.4045134E-07          4.2000000E-06
    rcr1d                   2.4487188E-05          2.1900000E-05
    rcr1w                   1.7359608E-05          1.7070000E-04
    rcr2d                   0.4879534              0.4117028
    rcr2w                   8.1987554E-04          7.8884000E-03
    rcr3d                   0.4090387              0.3416101
    rcr3w                   8.5945405E-04          8.1898000E-03
    rcr4d                   3.9466576E-02          3.2943000E-02
    rcr4w                   9.0495216E-04          8.6621000E-03
    rcr5d                   2.1876348E-03          2.0402000E-03
    rcr5w                   9.8092474E-04          9.3897000E-03
    rcr6d                   5.1261027E-02          4.9086800E-02
    rcr6w                   9.1314893E-04          8.6273000E-03
    rcr7d                   6.8269838E-03          9.5963000E-03
    rcr7w                   5.0920141E-04          5.2275000E-03
    rcr8d                   1.5180361E-04          8.5000000E-04
    rcr8w                   3.4118307E-04          2.2584000E-03
    rcr9d                   0.9998604              0.9963374
    rcr9w                   0.9978298              0.9691007
    rcr10d                  2.3691919E-04          1.2591000E-03
    rcr10w                  0.9990425              0.9407974
    rcr11d                  2.6766843E-05          1.5490000E-04
    rcr11w                  7.3503190E-05          5.3220000E-04
    rcr12d                  4.7239318E-07          2.5000000E-06
    rcr12w                  1.0113161E-06          7.7000000E-06
    rcr13d                  1.3873523E-07          7.0000000E-07
    rcr13w                  5.1531201E-04          4.1947000E-03
    rcr14d                  3.1897221E-08          2.0000000E-07
    rcr14w                  6.2613322E-05          5.1070000E-04
    rcr15d                  7.5246167E-10           0.000000
    rcr15w                  3.1263398E-09           0.000000
    rcgd                     0.000000               0.000000
    rcgw                     0.000000               0.000000
    tl                       1.000000              0.9999481
    xw                       0.000000               0.000000
    yw                       0.000000               0.000000
    x                        0.000000               0.000000
    y                        0.000000               0.000000
    tlr                      0.000000               0.000000
    tls                      0.000000               0.000000
    beta                    0.9866889              0.5456640
 
    Note: run IDENTPAR yourself to see identiability contributions by different solution 
    space eigencomponents.


                   ANALYSIS OF PREDICTION
                   ----------------------

 PREDVAR1 analysis for prediction "q7901" ----->

    Sing_val       Null-space       Soln-space     Total             Total
    index          term             term           variance          std_dev
    --------       ----------       ----------     --------          -------
       0            2.0057956E+09     0.000000      2.0057956E+09      44786.11    
       3            2.1570037E+07     138325.7      2.1708363E+07      4659.223    
       6             1643890.         153834.9       1797725.          1340.793    
       9             1339962.         159613.0       1499575.          1224.571    
      10             1336070.         159962.4       1496033.          1223.124    
      11             1302876.         165108.4       1467985.          1211.604    
      12             863568.2         245194.3       1108763.          1052.978    
      13             413508.6         343448.7       756957.3          870.0329    
      14             7981.044         741532.8       749513.9          865.7447    
      15             3509.516         779458.6       782968.2          884.8549    
      16             2620.913         797533.7       800154.6          894.5136    
      17             1268.681         889998.5       891267.2          944.0695    
      18             1261.764         891414.5       892676.2          944.8154    
      19             1261.342         891552.7       892814.1          944.8884    
      20             1087.190         949047.0       950134.2          974.7483    
      21             1078.204         952386.7       953464.9          976.4553    
      24             118.1310         1747565.       1747684.          1322.000    
      27             66.44595         1867895.       1867961.          1366.734    
      30             29.98581         1969180.       1969210.          1403.285    
      33             29.95930         1969425.       1969455.          1403.373    
      36             13.73829         2728016.       2728030.          1651.675    
      39             6.381369         3592440.       3592446.          1895.375    
      42            0.2842177         4491680.       4491680.          2119.358    
      45            0.2689176         4498624.       4498625.          2120.996    
      48            0.1322099         4721442.       4721442.          2172.888    
      51            4.3166851E-03     5248183.       5248183.          2290.891    
      54            3.2990545E-03     5314377.       5314377.          2305.293    
      57            7.4015317E-06     6014100.       6014100.          2452.366    
      60            1.3358522E-17     6199023.       6199023.          2489.784    
      63            2.0427997E-24    2.1051562E+07  2.1051562E+07      4588.198    
      66            1.1784703E-55    8.4370592E+07  8.4370592E+07      9185.347    
      69             0.000000        1.0000000E+35  1.0000000E+35     3.1622777E+17
      72             0.000000        1.0000000E+35  1.0000000E+35     3.1622777E+17
      74             0.000000        1.0000000E+35  1.0000000E+35     3.1622777E+17
 
    Pre-calibration:- 
    Total error variance                 =  2.0057956E+09
    Total error standard deviation       =   44786.11    
 
    Post-calibration:-
    Total error variance                 =   749513.9    
    Total error standard deviation       =   865.7447    
    Minimum error variance occurs at singular value number 14.
 
 
 PREDUNC1 analysis for prediction "q7901" ----->

    Pre-calibration:- 
    Total uncertainty variance           =  2.0057956E+09
    Total uncertainty standard deviation =   44786.11    
 
    Post-calibration:-
    Total uncertainty variance           =   520843.7    
    Total uncertainty standard deviation =   721.6950    
 
 
 PREDUNC4 analysis for prediction "q7901" ----->

    Contributions to predictive uncertainty variance

    Parameter      Pre-cal             Post-cal
    group          contribution        contribution
    ---------      ------------        ------------
    ddsd            1.0163408E+09        4092.200    
    ddsw             0.000000            639.6000    
    ddgd             0.000000            0.000000    
    ddgw             0.000000            0.000000    
    rcsd            9.3570300E+07        216291.8    
    rcsw             0.000000            98957.00    
    rcrd            1.0796220E+08        47539.90    
    rcrw             0.000000            77182.80    
    rcgd             0.000000            0.000000    
    rcgw             0.000000            0.000000    
    tl              7.8445990E+08        147.3000    
    xw               0.000000            0.000000    
    yw               0.000000            0.000000    
    x                0.000000            0.000000    
    y                0.000000            0.000000    
    tlr              0.000000            0.000000    
    tls              0.000000            0.000000    
    beta             3462500.            184820.5    
 
 
 PREDUNC5 observation subtraction analysis for prediction "q7901" ----->

    Increases in predictive uncertainty variance incurred through loss of observations

    Observation_group        Variance_increase
    -----------------        -----------------
    q                          520843.7    
 
 
 PREDUNC5 observation addition analysis for prediction "q7901" ----->

    Decreases in pre-calibration predictive uncertainty variance incurred through addition of observations

    Observation_group        Variance_decrease
    -----------------        -----------------
    q                          520843.7    
