 
 
                   ###################################################
                   #                                                 #
                   #      GENLINPRED UNCERTAINTY/ERROR ANALYSIS      #
                   #                                                 #
                   ###################################################
 
 
 
                   ANALYSIS DETAILS
                   ----------------
 
    Name of PEST control file                                   : master_lu.pst
    Factor by which to multiply observation weights             : 1.0000
    Source of parameter uncertainty data                        : uncertainty file
    Name of uncertainty file                                    : master_lu.unc
 
    Perform global parameter estimability analysis              : yes
         Parameter identifiability                              : yes
         Relative parameter error reduction                     : no
         Relative parameter uncertainty reduction               : yes
 
    Analyse error/uncertainty of an entity                      : yes
         Name of entity                                         : q8121
         Type of entity                                         : prediction
         File containing prediction sensitivities               : master_lu.jco
 
         Total error variance                                   : yes
         Total uncertainty                                      : yes
 
         Parameter contributions to error variance              : no
         Parameter contributions to uncertainty                 : yes
         Parameter contributions                                : by group
 
         Observation worth in reducing error variance           : no
         Observation worth in reducing uncertainty variance     : yes
         Observation worth                                      : by group


                   ANALYSIS OF PARAMETERS
                   ----------------------


 Outcomes of running program SUPCALC ----->
 
    Number of dimensions of calibration solution space = 14
    Number of dimensions of calibration null space     = 60

 Outcomes of parameter identifiability and error/uncertainty variance reduction analysis ----->
 
    Parameter              Identifiability        Rel_uncert_var_redn
    ---------              ---------------        -------------------
    ddsd                    0.9999923              0.9995215
    ddsw                    0.9999998              0.9995489
    ddgd                    4.8129692E-27           0.000000
    ddgw                    9.9704796E-29           0.000000
    rcs1d                   1.3557534E-28           0.000000
    rcs1w                   2.5242320E-29           0.000000
    rcs2d                   5.6118271E-11           0.000000
    rcs2w                   3.7684867E-08          3.4000000E-06
    rcs3d                   9.5504645E-07          3.3500000E-05
    rcs3w                   1.2669690E-07          1.1300000E-05
    rcs4d                   2.1349030E-07          7.5000000E-06
    rcs4w                   4.2050536E-08          3.7000000E-06
    rcs5d                   5.0897067E-06          1.3750000E-04
    rcs5w                   4.9039857E-05          3.0612000E-03
    rcs6d                   1.3520711E-05          3.5290000E-04
    rcs6w                   3.9496396E-05          1.4445000E-03
    rcs7d                   7.3094638E-06          2.0650000E-04
    rcs7w                   3.5135856E-05          1.6413000E-03
    rcs8d                   0.9970063              0.9351312
    rcs8w                   0.9998634              0.9486010
    rcs9d                   0.9999854              0.9109574
    rcs9w                   0.9999428              0.9336685
    rcs10d                  0.9996576              0.8984755
    rcs10w                  0.9997996              0.9276022
    rcs11d                  1.2619199E-05          9.9900000E-05
    rcs11w                  2.6571856E-05          7.0500000E-04
    rcs12d                  1.4542372E-02          9.8094800E-02
    rcs12w                  1.6654798E-05          4.8100000E-04
    rcs13d                  2.1771403E-03          1.4681200E-02
    rcs13w                  4.0099850E-05          1.2267000E-03
    rcs14d                  1.7651438E-04          1.2079000E-03
    rcs14w                  1.3487761E-05          3.9060000E-04
    rcs15d                  1.0669024E-06          7.4000000E-06
    rcs15w                  1.4045134E-07          4.2000000E-06
    rcr1d                   2.4487188E-05          2.1900000E-05
    rcr1w                   1.7359608E-05          1.7070000E-04
    rcr2d                   0.4879534              0.4117028
    rcr2w                   8.1987554E-04          7.8884000E-03
    rcr3d                   0.4090387              0.3416101
    rcr3w                   8.5945405E-04          8.1898000E-03
    rcr4d                   3.9466576E-02          3.2943000E-02
    rcr4w                   9.0495216E-04          8.6621000E-03
    rcr5d                   2.1876348E-03          2.0402000E-03
    rcr5w                   9.8092474E-04          9.3897000E-03
    rcr6d                   5.1261027E-02          4.9086800E-02
    rcr6w                   9.1314893E-04          8.6273000E-03
    rcr7d                   6.8269838E-03          9.5963000E-03
    rcr7w                   5.0920141E-04          5.2275000E-03
    rcr8d                   1.5180361E-04          8.5000000E-04
    rcr8w                   3.4118307E-04          2.2584000E-03
    rcr9d                   0.9998604              0.9963374
    rcr9w                   0.9978298              0.9691007
    rcr10d                  2.3691919E-04          1.2591000E-03
    rcr10w                  0.9990425              0.9407974
    rcr11d                  2.6766843E-05          1.5490000E-04
    rcr11w                  7.3503190E-05          5.3220000E-04
    rcr12d                  4.7239318E-07          2.5000000E-06
    rcr12w                  1.0113161E-06          7.7000000E-06
    rcr13d                  1.3873523E-07          7.0000000E-07
    rcr13w                  5.1531201E-04          4.1947000E-03
    rcr14d                  3.1897221E-08          2.0000000E-07
    rcr14w                  6.2613322E-05          5.1070000E-04
    rcr15d                  7.5246167E-10           0.000000
    rcr15w                  3.1263398E-09           0.000000
    rcgd                     0.000000               0.000000
    rcgw                     0.000000               0.000000
    tl                       1.000000              0.9999481
    xw                       0.000000               0.000000
    yw                       0.000000               0.000000
    x                        0.000000               0.000000
    y                        0.000000               0.000000
    tlr                      0.000000               0.000000
    tls                      0.000000               0.000000
    beta                    0.9866889              0.5456640
 
    Note: run IDENTPAR yourself to see identiability contributions by different solution 
    space eigencomponents.


                   ANALYSIS OF PREDICTION
                   ----------------------

 PREDVAR1 analysis for prediction "q8121" ----->

    Sing_val       Null-space       Soln-space     Total             Total
    index          term             term           variance          std_dev
    --------       ----------       ----------     --------          -------
       0            7.0985009E+07     0.000000      7.0985009E+07      8425.260    
       3            6.7778704E+07     409.2634      6.7779113E+07      8232.807    
       6            1.0844413E+07     45999.76      1.0890413E+07      3300.063    
       7             918345.8         99467.19       1017813.          1008.867    
       8             902819.1         100195.5       1003015.          1001.506    
       9             823531.6         104544.6       928076.1          963.3671    
      10             821988.4         104683.2       926671.5          962.6378    
      11             820158.0         104966.9       925124.9          961.8341    
      12             767146.4         114630.9       881777.4          939.0300    
      13             767098.1         114641.5       881739.6          939.0099    
      14             15334.72         852606.3       867941.1          931.6336    
      15             3190.776         955606.7       958797.5          979.1821    
      16             118.3024         1018104.       1018222.          1009.070    
      17             117.9894         1018125.       1018243.          1009.080    
      18             92.00555         1023444.       1023536.          1011.700    
      21             11.59853         1050703.       1050715.          1025.044    
      24             8.346239         1052770.       1052779.          1026.050    
      27             5.973603         1057442.       1057448.          1028.323    
      30             2.004032         1071215.       1071217.          1034.996    
      33             1.969071         1071530.       1071532.          1035.148    
      36            0.2137955         1139357.       1139357.          1067.407    
      39            0.1353399         1145512.       1145512.          1070.286    
      42            7.0463344E-02     1155135.       1155135.          1074.772    
      45            2.8834955E-02     1174178.       1174178.          1083.595    
      48            3.9441079E-03     1215417.       1215417.          1102.460    
      51            5.2100686E-04     1226380.       1226380.          1107.420    
      54            1.5470890E-04     1232588.       1232588.          1110.220    
      57            2.6566632E-06     1259447.       1259447.          1122.251    
      60            1.0037033E-19     1332093.       1332093.          1154.163    
      63            7.5793754E-24     1558364.       1558364.          1248.345    
      66            5.2446510E-55    5.9278206E+08  5.9278206E+08      24347.12    
      69             0.000000        1.0000000E+35  1.0000000E+35     3.1622777E+17
      72             0.000000        1.0000000E+35  1.0000000E+35     3.1622777E+17
      74             0.000000        1.0000000E+35  1.0000000E+35     3.1622777E+17
 
    Pre-calibration:- 
    Total error variance                 =  7.0985009E+07
    Total error standard deviation       =   8425.260    
 
    Post-calibration:-
    Total error variance                 =   867941.1    
    Total error standard deviation       =   931.6336    
    Minimum error variance occurs at singular value number 14.
 
 
 PREDUNC1 analysis for prediction "q8121" ----->

    Pre-calibration:- 
    Total uncertainty variance           =  7.0985006E+07
    Total uncertainty standard deviation =   8425.260    
 
    Post-calibration:-
    Total uncertainty variance           =   498820.1    
    Total uncertainty standard deviation =   706.2720    
 
 
 PREDUNC4 analysis for prediction "q8121" ----->

    Contributions to predictive uncertainty variance

    Parameter      Pre-cal             Post-cal
    group          contribution        contribution
    ---------      ------------        ------------
    ddsd             20980.00            4063.100    
    ddsw             0.000000            769.9000    
    ddgd             0.000000            0.000000    
    ddgw             0.000000            0.000000    
    rcsd             1365.000            330431.7    
    rcsw             0.000000            183476.7    
    rcrd            6.9328279E+07        138892.7    
    rcrw             0.000000            155729.5    
    rcgd             0.000000            0.000000    
    rcgw             0.000000            0.000000    
    tl               53217.00            379.2000    
    xw               0.000000            0.000000    
    yw               0.000000            0.000000    
    x                0.000000            0.000000    
    y                0.000000            0.000000    
    tlr              0.000000            0.000000    
    tls              0.000000            0.000000    
    beta             1581168.            358856.0    
 
 
 PREDUNC5 observation subtraction analysis for prediction "q8121" ----->

    Increases in predictive uncertainty variance incurred through loss of observations

    Observation_group        Variance_increase
    -----------------        -----------------
    q                          498820.1    
 
 
 PREDUNC5 observation addition analysis for prediction "q8121" ----->

    Decreases in pre-calibration predictive uncertainty variance incurred through addition of observations

    Observation_group        Variance_decrease
    -----------------        -----------------
    q                          498820.1    
