 
 
                   ###################################################
                   #                                                 #
                   #      GENLINPRED UNCERTAINTY/ERROR ANALYSIS      #
                   #                                                 #
                   ###################################################
 
 
 
                   ANALYSIS DETAILS
                   ----------------
 
    Name of PEST control file                                   : master_lu.pst
    Factor by which to multiply observation weights             : 1.0000
    Source of parameter uncertainty data                        : uncertainty file
    Name of uncertainty file                                    : master_lu.unc
 
    Perform global parameter estimability analysis              : yes
         Parameter identifiability                              : yes
         Relative parameter error reduction                     : no
         Relative parameter uncertainty reduction               : yes
 
    Analyse error/uncertainty of an entity                      : yes
         Name of entity                                         : q8115
         Type of entity                                         : prediction
         File containing prediction sensitivities               : master_lu.jco
 
         Total error variance                                   : yes
         Total uncertainty                                      : yes
 
         Parameter contributions to error variance              : no
         Parameter contributions to uncertainty                 : yes
         Parameter contributions                                : by group
 
         Observation worth in reducing error variance           : no
         Observation worth in reducing uncertainty variance     : yes
         Observation worth                                      : by group


                   ANALYSIS OF PARAMETERS
                   ----------------------


 Outcomes of running program SUPCALC ----->
 
    Number of dimensions of calibration solution space = 14
    Number of dimensions of calibration null space     = 60

 Outcomes of parameter identifiability and error/uncertainty variance reduction analysis ----->
 
    Parameter              Identifiability        Rel_uncert_var_redn
    ---------              ---------------        -------------------
    ddsd                    0.9999923              0.9995215
    ddsw                    0.9999998              0.9995489
    ddgd                    4.8129692E-27           0.000000
    ddgw                    9.9704796E-29           0.000000
    rcs1d                   1.3557534E-28           0.000000
    rcs1w                   2.5242320E-29           0.000000
    rcs2d                   5.6118271E-11           0.000000
    rcs2w                   3.7684867E-08          3.4000000E-06
    rcs3d                   9.5504645E-07          3.3500000E-05
    rcs3w                   1.2669690E-07          1.1300000E-05
    rcs4d                   2.1349030E-07          7.5000000E-06
    rcs4w                   4.2050536E-08          3.7000000E-06
    rcs5d                   5.0897067E-06          1.3750000E-04
    rcs5w                   4.9039857E-05          3.0612000E-03
    rcs6d                   1.3520711E-05          3.5290000E-04
    rcs6w                   3.9496396E-05          1.4445000E-03
    rcs7d                   7.3094638E-06          2.0650000E-04
    rcs7w                   3.5135856E-05          1.6413000E-03
    rcs8d                   0.9970063              0.9351312
    rcs8w                   0.9998634              0.9486010
    rcs9d                   0.9999854              0.9109574
    rcs9w                   0.9999428              0.9336685
    rcs10d                  0.9996576              0.8984755
    rcs10w                  0.9997996              0.9276022
    rcs11d                  1.2619199E-05          9.9900000E-05
    rcs11w                  2.6571856E-05          7.0500000E-04
    rcs12d                  1.4542372E-02          9.8094800E-02
    rcs12w                  1.6654798E-05          4.8100000E-04
    rcs13d                  2.1771403E-03          1.4681200E-02
    rcs13w                  4.0099850E-05          1.2267000E-03
    rcs14d                  1.7651438E-04          1.2079000E-03
    rcs14w                  1.3487761E-05          3.9060000E-04
    rcs15d                  1.0669024E-06          7.4000000E-06
    rcs15w                  1.4045134E-07          4.2000000E-06
    rcr1d                   2.4487188E-05          2.1900000E-05
    rcr1w                   1.7359608E-05          1.7070000E-04
    rcr2d                   0.4879534              0.4117028
    rcr2w                   8.1987554E-04          7.8884000E-03
    rcr3d                   0.4090387              0.3416101
    rcr3w                   8.5945405E-04          8.1898000E-03
    rcr4d                   3.9466576E-02          3.2943000E-02
    rcr4w                   9.0495216E-04          8.6621000E-03
    rcr5d                   2.1876348E-03          2.0402000E-03
    rcr5w                   9.8092474E-04          9.3897000E-03
    rcr6d                   5.1261027E-02          4.9086800E-02
    rcr6w                   9.1314893E-04          8.6273000E-03
    rcr7d                   6.8269838E-03          9.5963000E-03
    rcr7w                   5.0920141E-04          5.2275000E-03
    rcr8d                   1.5180361E-04          8.5000000E-04
    rcr8w                   3.4118307E-04          2.2584000E-03
    rcr9d                   0.9998604              0.9963374
    rcr9w                   0.9978298              0.9691007
    rcr10d                  2.3691919E-04          1.2591000E-03
    rcr10w                  0.9990425              0.9407974
    rcr11d                  2.6766843E-05          1.5490000E-04
    rcr11w                  7.3503190E-05          5.3220000E-04
    rcr12d                  4.7239318E-07          2.5000000E-06
    rcr12w                  1.0113161E-06          7.7000000E-06
    rcr13d                  1.3873523E-07          7.0000000E-07
    rcr13w                  5.1531201E-04          4.1947000E-03
    rcr14d                  3.1897221E-08          2.0000000E-07
    rcr14w                  6.2613322E-05          5.1070000E-04
    rcr15d                  7.5246167E-10           0.000000
    rcr15w                  3.1263398E-09           0.000000
    rcgd                     0.000000               0.000000
    rcgw                     0.000000               0.000000
    tl                       1.000000              0.9999481
    xw                       0.000000               0.000000
    yw                       0.000000               0.000000
    x                        0.000000               0.000000
    y                        0.000000               0.000000
    tlr                      0.000000               0.000000
    tls                      0.000000               0.000000
    beta                    0.9866889              0.5456640
 
    Note: run IDENTPAR yourself to see identiability contributions by different solution 
    space eigencomponents.


                   ANALYSIS OF PREDICTION
                   ----------------------

 PREDVAR1 analysis for prediction "q8115" ----->

    Sing_val       Null-space       Soln-space     Total             Total
    index          term             term           variance          std_dev
    --------       ----------       ----------     --------          -------
       0            8.8801073E+07     0.000000      8.8801073E+07      9423.432    
       3            8.4830744E+07     504.1279      8.4831248E+07      9210.388    
       6            1.3421238E+07     57656.27      1.3478894E+07      3671.361    
       7             1003885.         124543.2       1128428.          1062.275    
       8             984853.9         125435.9       1110290.          1053.703    
       9             889144.9         130685.7       1019831.          1009.867    
      10             887702.4         130815.2       1018518.          1009.217    
      11             885892.1         131095.9       1016988.          1008.458    
      12             825414.0         142121.0       967535.1          983.6336    
      13             825170.5         142174.2       967344.7          983.5368    
      14             16734.57         935771.4       952506.0          975.9641    
      15             3437.452         1048553.       1051990.          1025.666    
      16             133.9306         1115749.       1115883.          1056.354    
      17             109.8701         1117395.       1117505.          1057.121    
      18             81.33147         1123236.       1123318.          1059.867    
      21             20.29983         1144118.       1144138.          1069.644    
      24             12.25416         1152128.       1152140.          1073.378    
      27             8.643782         1159575.       1159584.          1076.840    
      30             3.882384         1175742.       1175746.          1084.318    
      33             3.842813         1176101.       1176105.          1084.484    
      36            0.3388143         1316417.       1316417.          1147.352    
      39            0.2534258         1323089.       1323089.          1150.256    
      42            8.1461726E-02     1348867.       1348867.          1161.407    
      45            4.2188076E-02     1367357.       1367357.          1169.340    
      48            4.1918870E-03     1429961.       1429961.          1195.810    
      51            6.2159560E-04     1441576.       1441576.          1200.656    
      54            2.3540775E-04     1448570.       1448570.          1203.566    
      57            3.1747353E-06     1492199.       1492199.          1221.556    
      60            1.2152920E-17     1589457.       1589457.          1260.737    
      63            9.5166673E-24    1.5083565E+07  1.5083565E+07      3883.757    
      66            3.9220643E-55    8.7631287E+08  8.7631287E+08      29602.58    
      69             0.000000        1.0000000E+35  1.0000000E+35     3.1622777E+17
      72             0.000000        1.0000000E+35  1.0000000E+35     3.1622777E+17
      74             0.000000        1.0000000E+35  1.0000000E+35     3.1622777E+17
 
    Pre-calibration:- 
    Total error variance                 =  8.8801073E+07
    Total error standard deviation       =   9423.432    
 
    Post-calibration:-
    Total error variance                 =   952506.0    
    Total error standard deviation       =   975.9641    
    Minimum error variance occurs at singular value number 14.
 
 
 PREDUNC1 analysis for prediction "q8115" ----->

    Pre-calibration:- 
    Total uncertainty variance           =  8.8801071E+07
    Total uncertainty standard deviation =   9423.432    
 
    Post-calibration:-
    Total uncertainty variance           =   555340.2    
    Total uncertainty standard deviation =   745.2115    
 
 
 PREDUNC4 analysis for prediction "q8115" ----->

    Contributions to predictive uncertainty variance

    Parameter      Pre-cal             Post-cal
    group          contribution        contribution
    ---------      ------------        ------------
    ddsd             35742.00            4891.000    
    ddsw             0.000000            818.5000    
    ddgd             0.000000            0.000000    
    ddgw             0.000000            0.000000    
    rcsd             2343.000            371066.9    
    rcsw             0.000000            196603.0    
    rcrd            8.6878187E+07        148047.8    
    rcrw             0.000000            167278.8    
    rcgd             0.000000            0.000000    
    rcgw             0.000000            0.000000    
    tl               90881.00            440.5000    
    xw               0.000000            0.000000    
    yw               0.000000            0.000000    
    x                0.000000            0.000000    
    y                0.000000            0.000000    
    tlr              0.000000            0.000000    
    tls              0.000000            0.000000    
    beta             1793920.            384968.2    
 
 
 PREDUNC5 observation subtraction analysis for prediction "q8115" ----->

    Increases in predictive uncertainty variance incurred through loss of observations

    Observation_group        Variance_increase
    -----------------        -----------------
    q                          555340.2    
 
 
 PREDUNC5 observation addition analysis for prediction "q8115" ----->

    Decreases in pre-calibration predictive uncertainty variance incurred through addition of observations

    Observation_group        Variance_decrease
    -----------------        -----------------
    q                          555340.2    
