 
 
                   ###################################################
                   #                                                 #
                   #      GENLINPRED UNCERTAINTY/ERROR ANALYSIS      #
                   #                                                 #
                   ###################################################
 
 
 
                   ANALYSIS DETAILS
                   ----------------
 
    Name of PEST control file                                   : master_lu.pst
    Factor by which to multiply observation weights             : 1.0000
    Source of parameter uncertainty data                        : uncertainty file
    Name of uncertainty file                                    : master_lu.unc
 
    Perform global parameter estimability analysis              : yes
         Parameter identifiability                              : yes
         Relative parameter error reduction                     : no
         Relative parameter uncertainty reduction               : yes
 
    Analyse error/uncertainty of an entity                      : yes
         Name of entity                                         : q7799
         Type of entity                                         : prediction
         File containing prediction sensitivities               : master_lu.jco
 
         Total error variance                                   : yes
         Total uncertainty                                      : yes
 
         Parameter contributions to error variance              : no
         Parameter contributions to uncertainty                 : yes
         Parameter contributions                                : by group
 
         Observation worth in reducing error variance           : no
         Observation worth in reducing uncertainty variance     : yes
         Observation worth                                      : by group


                   ANALYSIS OF PARAMETERS
                   ----------------------


 Outcomes of running program SUPCALC ----->
 
    Number of dimensions of calibration solution space = 14
    Number of dimensions of calibration null space     = 60

 Outcomes of parameter identifiability and error/uncertainty variance reduction analysis ----->
 
    Parameter              Identifiability        Rel_uncert_var_redn
    ---------              ---------------        -------------------
    ddsd                    0.9999923              0.9995215
    ddsw                    0.9999998              0.9995489
    ddgd                    4.8129692E-27           0.000000
    ddgw                    9.9704796E-29           0.000000
    rcs1d                   1.3557534E-28           0.000000
    rcs1w                   2.5242320E-29           0.000000
    rcs2d                   5.6118271E-11           0.000000
    rcs2w                   3.7684867E-08          3.4000000E-06
    rcs3d                   9.5504645E-07          3.3500000E-05
    rcs3w                   1.2669690E-07          1.1300000E-05
    rcs4d                   2.1349030E-07          7.5000000E-06
    rcs4w                   4.2050536E-08          3.7000000E-06
    rcs5d                   5.0897067E-06          1.3750000E-04
    rcs5w                   4.9039857E-05          3.0612000E-03
    rcs6d                   1.3520711E-05          3.5290000E-04
    rcs6w                   3.9496396E-05          1.4445000E-03
    rcs7d                   7.3094638E-06          2.0650000E-04
    rcs7w                   3.5135856E-05          1.6413000E-03
    rcs8d                   0.9970063              0.9351312
    rcs8w                   0.9998634              0.9486010
    rcs9d                   0.9999854              0.9109574
    rcs9w                   0.9999428              0.9336685
    rcs10d                  0.9996576              0.8984755
    rcs10w                  0.9997996              0.9276022
    rcs11d                  1.2619199E-05          9.9900000E-05
    rcs11w                  2.6571856E-05          7.0500000E-04
    rcs12d                  1.4542372E-02          9.8094800E-02
    rcs12w                  1.6654798E-05          4.8100000E-04
    rcs13d                  2.1771403E-03          1.4681200E-02
    rcs13w                  4.0099850E-05          1.2267000E-03
    rcs14d                  1.7651438E-04          1.2079000E-03
    rcs14w                  1.3487761E-05          3.9060000E-04
    rcs15d                  1.0669024E-06          7.4000000E-06
    rcs15w                  1.4045134E-07          4.2000000E-06
    rcr1d                   2.4487188E-05          2.1900000E-05
    rcr1w                   1.7359608E-05          1.7070000E-04
    rcr2d                   0.4879534              0.4117028
    rcr2w                   8.1987554E-04          7.8884000E-03
    rcr3d                   0.4090387              0.3416101
    rcr3w                   8.5945405E-04          8.1898000E-03
    rcr4d                   3.9466576E-02          3.2943000E-02
    rcr4w                   9.0495216E-04          8.6621000E-03
    rcr5d                   2.1876348E-03          2.0402000E-03
    rcr5w                   9.8092474E-04          9.3897000E-03
    rcr6d                   5.1261027E-02          4.9086800E-02
    rcr6w                   9.1314893E-04          8.6273000E-03
    rcr7d                   6.8269838E-03          9.5963000E-03
    rcr7w                   5.0920141E-04          5.2275000E-03
    rcr8d                   1.5180361E-04          8.5000000E-04
    rcr8w                   3.4118307E-04          2.2584000E-03
    rcr9d                   0.9998604              0.9963374
    rcr9w                   0.9978298              0.9691007
    rcr10d                  2.3691919E-04          1.2591000E-03
    rcr10w                  0.9990425              0.9407974
    rcr11d                  2.6766843E-05          1.5490000E-04
    rcr11w                  7.3503190E-05          5.3220000E-04
    rcr12d                  4.7239318E-07          2.5000000E-06
    rcr12w                  1.0113161E-06          7.7000000E-06
    rcr13d                  1.3873523E-07          7.0000000E-07
    rcr13w                  5.1531201E-04          4.1947000E-03
    rcr14d                  3.1897221E-08          2.0000000E-07
    rcr14w                  6.2613322E-05          5.1070000E-04
    rcr15d                  7.5246167E-10           0.000000
    rcr15w                  3.1263398E-09           0.000000
    rcgd                     0.000000               0.000000
    rcgw                     0.000000               0.000000
    tl                       1.000000              0.9999481
    xw                       0.000000               0.000000
    yw                       0.000000               0.000000
    x                        0.000000               0.000000
    y                        0.000000               0.000000
    tlr                      0.000000               0.000000
    tls                      0.000000               0.000000
    beta                    0.9866889              0.5456640
 
    Note: run IDENTPAR yourself to see identiability contributions by different solution 
    space eigencomponents.


                   ANALYSIS OF PREDICTION
                   ----------------------

 PREDVAR1 analysis for prediction "q7799" ----->

    Sing_val       Null-space       Soln-space     Total             Total
    index          term             term           variance          std_dev
    --------       ----------       ----------     --------          -------
       0            1.0438524E+09     0.000000      1.0438524E+09      32308.70    
       3            9.9674290E+08     6061.013      9.9674896E+08      31571.33    
       6            1.5859302E+08     676454.8      1.5926947E+08      12620.20    
       9             1110839.         1575246.       2686085.          1638.928    
      10             1083468.         1577704.       2661172.          1631.310    
      11             1038017.         1584750.       2622767.          1619.496    
      12             493792.6         1683962.       2177755.          1475.722    
      13             75520.55         1775277.       1850797.          1360.440    
      14             1869.448         1847576.       1849445.          1359.943    
      15             1564.589         1850162.       1851726.          1360.781    
      16             1196.904         1857641.       1858838.          1363.392    
      17             999.9113         1871111.       1872111.          1368.251    
      18             995.3856         1872037.       1873033.          1368.588    
      19             967.6007         1881143.       1882111.          1371.901    
      20             156.7600         2148833.       2148989.          1465.943    
      21             155.7627         2149203.       2149359.          1466.069    
      24             57.11587         2212354.       2212411.          1487.418    
      27             4.712169         2334130.       2334135.          1527.788    
      30             2.625525         2341001.       2341004.          1530.034    
      33             1.923516         2347836.       2347838.          1532.266    
      36             1.263819         2372143.       2372144.          1540.177    
      39             1.220495         2375368.       2375369.          1541.223    
      42            0.8893755         2428459.       2428460.          1558.352    
      45            0.8582418         2439134.       2439134.          1561.773    
      48            0.1037457         3668019.       3668019.          1915.207    
      51            7.9660358E-04     4277625.       4277625.          2068.242    
      54            6.9388623E-04     4281594.       4281594.          2069.201    
      57            5.2245405E-06     4427994.       4427994.          2104.280    
      60            1.8280273E-16     4612332.       4612332.          2147.634    
      63            1.6014834E-22    2.0859290E+08  2.0859290E+08      14442.75    
      66            1.3826468E-53    1.3521493E+10  1.3521493E+10      116282.0    
      69             0.000000        1.0000000E+35  1.0000000E+35     3.1622777E+17
      72             0.000000        1.0000000E+35  1.0000000E+35     3.1622777E+17
      74             0.000000        1.0000000E+35  1.0000000E+35     3.1622777E+17
 
    Pre-calibration:- 
    Total error variance                 =  1.0438524E+09
    Total error standard deviation       =   32308.70    
 
    Post-calibration:-
    Total error variance                 =   1849445.    
    Total error standard deviation       =   1359.943    
    Minimum error variance occurs at singular value number 14.
 
 
 PREDUNC1 analysis for prediction "q7799" ----->

    Pre-calibration:- 
    Total uncertainty variance           =  1.0438521E+09
    Total uncertainty standard deviation =   32308.70    
 
    Post-calibration:-
    Total uncertainty variance           =   1772754.    
    Total uncertainty standard deviation =   1331.448    
 
 
 PREDUNC4 analysis for prediction "q7799" ----->

    Contributions to predictive uncertainty variance

    Parameter      Pre-cal             Post-cal
    group          contribution        contribution
    ---------      ------------        ------------
    ddsd             141000.0            32490.00    
    ddsw             0.000000            636.0000    
    ddgd             0.000000            0.000000    
    ddgw             0.000000            0.000000    
    rcsd             9900.000            302213.0    
    rcsw             0.000000            44211.00    
    rcrd            1.0420520E+09        1439902.    
    rcrw             0.000000            24089.00    
    rcgd             0.000000            0.000000    
    rcgw             0.000000            0.000000    
    tl               164600.0            4182.000    
    xw               0.000000            0.000000    
    yw               0.000000            0.000000    
    x                0.000000            0.000000    
    y                0.000000            0.000000    
    tlr              0.000000            0.000000    
    tls              0.000000            0.000000    
    beta             1484900.            69437.00    
 
 
 PREDUNC5 observation subtraction analysis for prediction "q7799" ----->

    Increases in predictive uncertainty variance incurred through loss of observations

    Observation_group        Variance_increase
    -----------------        -----------------
    q                          1772754.    
 
 
 PREDUNC5 observation addition analysis for prediction "q7799" ----->

    Decreases in pre-calibration predictive uncertainty variance incurred through addition of observations

    Observation_group        Variance_decrease
    -----------------        -----------------
    q                          1772754.    
