 
 
                   ###################################################
                   #                                                 #
                   #      GENLINPRED UNCERTAINTY/ERROR ANALYSIS      #
                   #                                                 #
                   ###################################################
 
 
 
                   ANALYSIS DETAILS
                   ----------------
 
    Name of PEST control file                                   : master_lu.pst
    Factor by which to multiply observation weights             : 1.0000
    Source of parameter uncertainty data                        : uncertainty file
    Name of uncertainty file                                    : master_lu.unc
 
    Perform global parameter estimability analysis              : yes
         Parameter identifiability                              : yes
         Relative parameter error reduction                     : no
         Relative parameter uncertainty reduction               : yes
 
    Analyse error/uncertainty of an entity                      : yes
         Name of entity                                         : q8037
         Type of entity                                         : prediction
         File containing prediction sensitivities               : master_lu.jco
 
         Total error variance                                   : yes
         Total uncertainty                                      : yes
 
         Parameter contributions to error variance              : no
         Parameter contributions to uncertainty                 : yes
         Parameter contributions                                : by group
 
         Observation worth in reducing error variance           : no
         Observation worth in reducing uncertainty variance     : yes
         Observation worth                                      : by group


                   ANALYSIS OF PARAMETERS
                   ----------------------


 Outcomes of running program SUPCALC ----->
 
    Number of dimensions of calibration solution space = 14
    Number of dimensions of calibration null space     = 60

 Outcomes of parameter identifiability and error/uncertainty variance reduction analysis ----->
 
    Parameter              Identifiability        Rel_uncert_var_redn
    ---------              ---------------        -------------------
    ddsd                    0.9999923              0.9995215
    ddsw                    0.9999998              0.9995489
    ddgd                    4.8129692E-27           0.000000
    ddgw                    9.9704796E-29           0.000000
    rcs1d                   1.3557534E-28           0.000000
    rcs1w                   2.5242320E-29           0.000000
    rcs2d                   5.6118271E-11           0.000000
    rcs2w                   3.7684867E-08          3.4000000E-06
    rcs3d                   9.5504645E-07          3.3500000E-05
    rcs3w                   1.2669690E-07          1.1300000E-05
    rcs4d                   2.1349030E-07          7.5000000E-06
    rcs4w                   4.2050536E-08          3.7000000E-06
    rcs5d                   5.0897067E-06          1.3750000E-04
    rcs5w                   4.9039857E-05          3.0612000E-03
    rcs6d                   1.3520711E-05          3.5290000E-04
    rcs6w                   3.9496396E-05          1.4445000E-03
    rcs7d                   7.3094638E-06          2.0650000E-04
    rcs7w                   3.5135856E-05          1.6413000E-03
    rcs8d                   0.9970063              0.9351312
    rcs8w                   0.9998634              0.9486010
    rcs9d                   0.9999854              0.9109574
    rcs9w                   0.9999428              0.9336685
    rcs10d                  0.9996576              0.8984755
    rcs10w                  0.9997996              0.9276022
    rcs11d                  1.2619199E-05          9.9900000E-05
    rcs11w                  2.6571856E-05          7.0500000E-04
    rcs12d                  1.4542372E-02          9.8094800E-02
    rcs12w                  1.6654798E-05          4.8100000E-04
    rcs13d                  2.1771403E-03          1.4681200E-02
    rcs13w                  4.0099850E-05          1.2267000E-03
    rcs14d                  1.7651438E-04          1.2079000E-03
    rcs14w                  1.3487761E-05          3.9060000E-04
    rcs15d                  1.0669024E-06          7.4000000E-06
    rcs15w                  1.4045134E-07          4.2000000E-06
    rcr1d                   2.4487188E-05          2.1900000E-05
    rcr1w                   1.7359608E-05          1.7070000E-04
    rcr2d                   0.4879534              0.4117028
    rcr2w                   8.1987554E-04          7.8884000E-03
    rcr3d                   0.4090387              0.3416101
    rcr3w                   8.5945405E-04          8.1898000E-03
    rcr4d                   3.9466576E-02          3.2943000E-02
    rcr4w                   9.0495216E-04          8.6621000E-03
    rcr5d                   2.1876348E-03          2.0402000E-03
    rcr5w                   9.8092474E-04          9.3897000E-03
    rcr6d                   5.1261027E-02          4.9086800E-02
    rcr6w                   9.1314893E-04          8.6273000E-03
    rcr7d                   6.8269838E-03          9.5963000E-03
    rcr7w                   5.0920141E-04          5.2275000E-03
    rcr8d                   1.5180361E-04          8.5000000E-04
    rcr8w                   3.4118307E-04          2.2584000E-03
    rcr9d                   0.9998604              0.9963374
    rcr9w                   0.9978298              0.9691007
    rcr10d                  2.3691919E-04          1.2591000E-03
    rcr10w                  0.9990425              0.9407974
    rcr11d                  2.6766843E-05          1.5490000E-04
    rcr11w                  7.3503190E-05          5.3220000E-04
    rcr12d                  4.7239318E-07          2.5000000E-06
    rcr12w                  1.0113161E-06          7.7000000E-06
    rcr13d                  1.3873523E-07          7.0000000E-07
    rcr13w                  5.1531201E-04          4.1947000E-03
    rcr14d                  3.1897221E-08          2.0000000E-07
    rcr14w                  6.2613322E-05          5.1070000E-04
    rcr15d                  7.5246167E-10           0.000000
    rcr15w                  3.1263398E-09           0.000000
    rcgd                     0.000000               0.000000
    rcgw                     0.000000               0.000000
    tl                       1.000000              0.9999481
    xw                       0.000000               0.000000
    yw                       0.000000               0.000000
    x                        0.000000               0.000000
    y                        0.000000               0.000000
    tlr                      0.000000               0.000000
    tls                      0.000000               0.000000
    beta                    0.9866889              0.5456640
 
    Note: run IDENTPAR yourself to see identiability contributions by different solution 
    space eigencomponents.


                   ANALYSIS OF PREDICTION
                   ----------------------

 PREDVAR1 analysis for prediction "q8037" ----->

    Sing_val       Null-space       Soln-space     Total             Total
    index          term             term           variance          std_dev
    --------       ----------       ----------     --------          -------
       0            4.8327169E+08     0.000000      4.8327169E+08      21983.44    
       3            4.0889626E+08     2031.043      4.0889829E+08      20221.23    
       6            3.9436265E+07     289122.7      3.9725387E+07      6302.808    
       7             2644254.         487305.3       3131559.          1769.621    
       8             2535148.         492423.5       3027571.          1739.992    
       9             2078147.         517490.6       2595638.          1611.098    
      10             2077963.         517507.2       2595470.          1611.046    
      11             2054589.         521130.6       2575720.          1604.905    
      12             738299.7         761090.4       1499390.          1224.496    
      13             737658.1         761230.5       1498889.          1224.291    
      14             22912.65         1462857.       1485770.          1218.922    
      15             3346.787         1628807.       1632154.          1277.558    
      16             542.7415         1685844.       1686387.          1298.610    
      17             275.3337         1704129.       1704405.          1305.529    
      18             251.7067         1708966.       1709217.          1307.370    
      21             49.99994         1776372.       1776422.          1332.825    
      24             16.62989         1810027.       1810044.          1345.379    
      27             13.52210         1816977.       1816990.          1347.958    
      30             2.039533         1850177.       1850179.          1360.213    
      33             2.027632         1850324.       1850326.          1360.267    
      36            0.2845036         1909613.       1909613.          1381.887    
      39            0.1312872         1926474.       1926474.          1387.975    
      42            0.1038469         1931703.       1931703.          1389.857    
      45            3.4915933E-02     1960317.       1960317.          1400.113    
      48            7.8784947E-03     2004734.       2004734.          1415.886    
      51            6.1444602E-04     2058197.       2058197.          1434.642    
      54            1.8720386E-04     2065444.       2065444.          1437.165    
      57            8.2951066E-06     2099496.       2099496.          1448.964    
      60            9.8333880E-18     2319533.       2319533.          1523.001    
      63            3.5687292E-23    1.3467069E+07  1.3467069E+07      3669.751    
      66            2.0114237E-54    2.6690635E+09  2.6690635E+09      51662.98    
      69             0.000000        1.0000000E+35  1.0000000E+35     3.1622777E+17
      72             0.000000        1.0000000E+35  1.0000000E+35     3.1622777E+17
      74             0.000000        1.0000000E+35  1.0000000E+35     3.1622777E+17
 
    Pre-calibration:- 
    Total error variance                 =  4.8327169E+08
    Total error standard deviation       =   21983.44    
 
    Post-calibration:-
    Total error variance                 =   1485770.    
    Total error standard deviation       =   1218.922    
    Minimum error variance occurs at singular value number 14.
 
 
 PREDUNC1 analysis for prediction "q8037" ----->

    Pre-calibration:- 
    Total uncertainty variance           =  4.8327163E+08
    Total uncertainty standard deviation =   21983.44    
 
    Post-calibration:-
    Total uncertainty variance           =   1095646.    
    Total uncertainty standard deviation =   1046.731    
 
 
 PREDUNC4 analysis for prediction "q8037" ----->

    Contributions to predictive uncertainty variance

    Parameter      Pre-cal             Post-cal
    group          contribution        contribution
    ---------      ------------        ------------
    ddsd            2.2872590E+07        10696.00    
    ddsw             0.000000            72.00000    
    ddgd             0.000000            0.000000    
    ddgw             0.000000            0.000000    
    rcsd             1829720.            543907.6    
    rcsw             0.000000            131925.2    
    rcrd            3.9353655E+08        548556.2    
    rcrw             0.000000            140204.3    
    rcgd             0.000000            0.000000    
    rcgw             0.000000            0.000000    
    tl              6.1969280E+07        10275.00    
    xw               0.000000            0.000000    
    yw               0.000000            0.000000    
    x                0.000000            0.000000    
    y                0.000000            0.000000    
    tlr              0.000000            0.000000    
    tls              0.000000            0.000000    
    beta             3063540.            290850.3    
 
 
 PREDUNC5 observation subtraction analysis for prediction "q8037" ----->

    Increases in predictive uncertainty variance incurred through loss of observations

    Observation_group        Variance_increase
    -----------------        -----------------
    q                          1095646.    
 
 
 PREDUNC5 observation addition analysis for prediction "q8037" ----->

    Decreases in pre-calibration predictive uncertainty variance incurred through addition of observations

    Observation_group        Variance_decrease
    -----------------        -----------------
    q                          1095646.    
