 
 
                   ###################################################
                   #                                                 #
                   #      GENLINPRED UNCERTAINTY/ERROR ANALYSIS      #
                   #                                                 #
                   ###################################################
 
 
 
                   ANALYSIS DETAILS
                   ----------------
 
    Name of PEST control file                                   : master_lu.pst
    Factor by which to multiply observation weights             : 1.0000
    Source of parameter uncertainty data                        : uncertainty file
    Name of uncertainty file                                    : master_lu.unc
 
    Perform global parameter estimability analysis              : yes
         Parameter identifiability                              : yes
         Relative parameter error reduction                     : no
         Relative parameter uncertainty reduction               : yes
 
    Analyse error/uncertainty of an entity                      : yes
         Name of entity                                         : q8045
         Type of entity                                         : prediction
         File containing prediction sensitivities               : master_lu.jco
 
         Total error variance                                   : yes
         Total uncertainty                                      : yes
 
         Parameter contributions to error variance              : no
         Parameter contributions to uncertainty                 : yes
         Parameter contributions                                : by group
 
         Observation worth in reducing error variance           : no
         Observation worth in reducing uncertainty variance     : yes
         Observation worth                                      : by group


                   ANALYSIS OF PARAMETERS
                   ----------------------


 Outcomes of running program SUPCALC ----->
 
    Number of dimensions of calibration solution space = 14
    Number of dimensions of calibration null space     = 60

 Outcomes of parameter identifiability and error/uncertainty variance reduction analysis ----->
 
    Parameter              Identifiability        Rel_uncert_var_redn
    ---------              ---------------        -------------------
    ddsd                    0.9999923              0.9995215
    ddsw                    0.9999998              0.9995489
    ddgd                    4.8129692E-27           0.000000
    ddgw                    9.9704796E-29           0.000000
    rcs1d                   1.3557534E-28           0.000000
    rcs1w                   2.5242320E-29           0.000000
    rcs2d                   5.6118271E-11           0.000000
    rcs2w                   3.7684867E-08          3.4000000E-06
    rcs3d                   9.5504645E-07          3.3500000E-05
    rcs3w                   1.2669690E-07          1.1300000E-05
    rcs4d                   2.1349030E-07          7.5000000E-06
    rcs4w                   4.2050536E-08          3.7000000E-06
    rcs5d                   5.0897067E-06          1.3750000E-04
    rcs5w                   4.9039857E-05          3.0612000E-03
    rcs6d                   1.3520711E-05          3.5290000E-04
    rcs6w                   3.9496396E-05          1.4445000E-03
    rcs7d                   7.3094638E-06          2.0650000E-04
    rcs7w                   3.5135856E-05          1.6413000E-03
    rcs8d                   0.9970063              0.9351312
    rcs8w                   0.9998634              0.9486010
    rcs9d                   0.9999854              0.9109574
    rcs9w                   0.9999428              0.9336685
    rcs10d                  0.9996576              0.8984755
    rcs10w                  0.9997996              0.9276022
    rcs11d                  1.2619199E-05          9.9900000E-05
    rcs11w                  2.6571856E-05          7.0500000E-04
    rcs12d                  1.4542372E-02          9.8094800E-02
    rcs12w                  1.6654798E-05          4.8100000E-04
    rcs13d                  2.1771403E-03          1.4681200E-02
    rcs13w                  4.0099850E-05          1.2267000E-03
    rcs14d                  1.7651438E-04          1.2079000E-03
    rcs14w                  1.3487761E-05          3.9060000E-04
    rcs15d                  1.0669024E-06          7.4000000E-06
    rcs15w                  1.4045134E-07          4.2000000E-06
    rcr1d                   2.4487188E-05          2.1900000E-05
    rcr1w                   1.7359608E-05          1.7070000E-04
    rcr2d                   0.4879534              0.4117028
    rcr2w                   8.1987554E-04          7.8884000E-03
    rcr3d                   0.4090387              0.3416101
    rcr3w                   8.5945405E-04          8.1898000E-03
    rcr4d                   3.9466576E-02          3.2943000E-02
    rcr4w                   9.0495216E-04          8.6621000E-03
    rcr5d                   2.1876348E-03          2.0402000E-03
    rcr5w                   9.8092474E-04          9.3897000E-03
    rcr6d                   5.1261027E-02          4.9086800E-02
    rcr6w                   9.1314893E-04          8.6273000E-03
    rcr7d                   6.8269838E-03          9.5963000E-03
    rcr7w                   5.0920141E-04          5.2275000E-03
    rcr8d                   1.5180361E-04          8.5000000E-04
    rcr8w                   3.4118307E-04          2.2584000E-03
    rcr9d                   0.9998604              0.9963374
    rcr9w                   0.9978298              0.9691007
    rcr10d                  2.3691919E-04          1.2591000E-03
    rcr10w                  0.9990425              0.9407974
    rcr11d                  2.6766843E-05          1.5490000E-04
    rcr11w                  7.3503190E-05          5.3220000E-04
    rcr12d                  4.7239318E-07          2.5000000E-06
    rcr12w                  1.0113161E-06          7.7000000E-06
    rcr13d                  1.3873523E-07          7.0000000E-07
    rcr13w                  5.1531201E-04          4.1947000E-03
    rcr14d                  3.1897221E-08          2.0000000E-07
    rcr14w                  6.2613322E-05          5.1070000E-04
    rcr15d                  7.5246167E-10           0.000000
    rcr15w                  3.1263398E-09           0.000000
    rcgd                     0.000000               0.000000
    rcgw                     0.000000               0.000000
    tl                       1.000000              0.9999481
    xw                       0.000000               0.000000
    yw                       0.000000               0.000000
    x                        0.000000               0.000000
    y                        0.000000               0.000000
    tlr                      0.000000               0.000000
    tls                      0.000000               0.000000
    beta                    0.9866889              0.5456640
 
    Note: run IDENTPAR yourself to see identiability contributions by different solution 
    space eigencomponents.


                   ANALYSIS OF PREDICTION
                   ----------------------

 PREDVAR1 analysis for prediction "q8045" ----->

    Sing_val       Null-space       Soln-space     Total             Total
    index          term             term           variance          std_dev
    --------       ----------       ----------     --------          -------
       0            3.0291996E+08     0.000000      3.0291996E+08      17404.60    
       3            2.6202241E+08     1194.357      2.6202360E+08      16187.14    
       6            2.6703446E+07     184523.9      2.6887970E+07      5185.361    
       7             2034583.         317404.4       2351988.          1533.619    
       8             1965483.         320645.9       2286129.          1511.995    
       9             1663748.         337196.5       2000944.          1414.547    
      10             1662827.         337279.2       2000106.          1414.251    
      11             1655301.         338445.9       1993747.          1412.001    
      12             881759.6         479462.6       1361222.          1166.714    
      13             879878.5         479873.3       1359752.          1166.084    
      14             23716.44         1320321.       1344037.          1159.326    
      15             4494.602         1483353.       1487848.          1219.774    
      16             1083.218         1552744.       1553827.          1246.526    
      17             867.7030         1567481.       1568348.          1252.337    
      18             839.7926         1573194.       1574034.          1254.605    
      21             544.8002         1671605.       1672150.          1293.116    
      24             19.44988         2230486.       2230506.          1493.488    
      27             6.245756         2262111.       2262118.          1504.034    
      30            0.8260001         2280350.       2280351.          1510.083    
      33            0.7579826         2280988.       2280989.          1510.294    
      36            0.3569033         2295740.       2295740.          1515.170    
      39            0.2057104         2311362.       2311362.          1520.316    
      42            0.1828223         2315284.       2315284.          1521.606    
      45            6.7786853E-02     2360080.       2360080.          1536.255    
      48            2.1076397E-02     2436720.       2436720.          1561.000    
      51            5.3333291E-04     2543866.       2543866.          1594.950    
      54            1.9495972E-04     2549300.       2549300.          1596.653    
      57            5.5374374E-06     2583611.       2583611.          1607.362    
      60            6.1001249E-17     2714973.       2714973.          1647.718    
      63            2.2646390E-23    6.9994112E+07  6.9994112E+07      8366.248    
      66            5.0289663E-55    2.1212657E+09  2.1212657E+09      46057.20    
      69             0.000000        1.0000000E+35  1.0000000E+35     3.1622777E+17
      72             0.000000        1.0000000E+35  1.0000000E+35     3.1622777E+17
      74             0.000000        1.0000000E+35  1.0000000E+35     3.1622777E+17
 
    Pre-calibration:- 
    Total error variance                 =  3.0291996E+08
    Total error standard deviation       =   17404.60    
 
    Post-calibration:-
    Total error variance                 =   1344037.    
    Total error standard deviation       =   1159.326    
    Minimum error variance occurs at singular value number 14.
 
 
 PREDUNC1 analysis for prediction "q8045" ----->

    Pre-calibration:- 
    Total uncertainty variance           =  3.0292010E+08
    Total uncertainty standard deviation =   17404.60    
 
    Post-calibration:-
    Total uncertainty variance           =   901652.2    
    Total uncertainty standard deviation =   949.5537    
 
 
 PREDUNC4 analysis for prediction "q8045" ----->

    Contributions to predictive uncertainty variance

    Parameter      Pre-cal             Post-cal
    group          contribution        contribution
    ---------      ------------        ------------
    ddsd            1.2496220E+07        7985.100    
    ddsw             0.000000            284.0000    
    ddgd             0.000000            0.000000    
    ddgw             0.000000            0.000000    
    rcsd             966010.0            504360.8    
    rcsw             0.000000            177014.6    
    rcrd            2.5324068E+08        388680.2    
    rcrw             0.000000            171904.1    
    rcgd             0.000000            0.000000    
    rcgw             0.000000            0.000000    
    tl              3.3481860E+07        6001.000    
    xw               0.000000            0.000000    
    yw               0.000000            0.000000    
    x                0.000000            0.000000    
    y                0.000000            0.000000    
    tlr              0.000000            0.000000    
    tls              0.000000            0.000000    
    beta             2735160.            372161.5    
 
 
 PREDUNC5 observation subtraction analysis for prediction "q8045" ----->

    Increases in predictive uncertainty variance incurred through loss of observations

    Observation_group        Variance_increase
    -----------------        -----------------
    q                          901652.2    
 
 
 PREDUNC5 observation addition analysis for prediction "q8045" ----->

    Decreases in pre-calibration predictive uncertainty variance incurred through addition of observations

    Observation_group        Variance_decrease
    -----------------        -----------------
    q                          901652.2    
