 
 
                   ###################################################
                   #                                                 #
                   #      GENLINPRED UNCERTAINTY/ERROR ANALYSIS      #
                   #                                                 #
                   ###################################################
 
 
 
                   ANALYSIS DETAILS
                   ----------------
 
    Name of PEST control file                                   : master_lu.pst
    Factor by which to multiply observation weights             : 1.0000
    Source of parameter uncertainty data                        : uncertainty file
    Name of uncertainty file                                    : master_lu.unc
 
    Perform global parameter estimability analysis              : yes
         Parameter identifiability                              : yes
         Relative parameter error reduction                     : no
         Relative parameter uncertainty reduction               : yes
 
    Analyse error/uncertainty of an entity                      : yes
         Name of entity                                         : q8092
         Type of entity                                         : prediction
         File containing prediction sensitivities               : master_lu.jco
 
         Total error variance                                   : yes
         Total uncertainty                                      : yes
 
         Parameter contributions to error variance              : no
         Parameter contributions to uncertainty                 : yes
         Parameter contributions                                : by group
 
         Observation worth in reducing error variance           : no
         Observation worth in reducing uncertainty variance     : yes
         Observation worth                                      : by group


                   ANALYSIS OF PARAMETERS
                   ----------------------


 Outcomes of running program SUPCALC ----->
 
    Number of dimensions of calibration solution space = 14
    Number of dimensions of calibration null space     = 60

 Outcomes of parameter identifiability and error/uncertainty variance reduction analysis ----->
 
    Parameter              Identifiability        Rel_uncert_var_redn
    ---------              ---------------        -------------------
    ddsd                    0.9999923              0.9995215
    ddsw                    0.9999998              0.9995489
    ddgd                    4.8129692E-27           0.000000
    ddgw                    9.9704796E-29           0.000000
    rcs1d                   1.3557534E-28           0.000000
    rcs1w                   2.5242320E-29           0.000000
    rcs2d                   5.6118271E-11           0.000000
    rcs2w                   3.7684867E-08          3.4000000E-06
    rcs3d                   9.5504645E-07          3.3500000E-05
    rcs3w                   1.2669690E-07          1.1300000E-05
    rcs4d                   2.1349030E-07          7.5000000E-06
    rcs4w                   4.2050536E-08          3.7000000E-06
    rcs5d                   5.0897067E-06          1.3750000E-04
    rcs5w                   4.9039857E-05          3.0612000E-03
    rcs6d                   1.3520711E-05          3.5290000E-04
    rcs6w                   3.9496396E-05          1.4445000E-03
    rcs7d                   7.3094638E-06          2.0650000E-04
    rcs7w                   3.5135856E-05          1.6413000E-03
    rcs8d                   0.9970063              0.9351312
    rcs8w                   0.9998634              0.9486010
    rcs9d                   0.9999854              0.9109574
    rcs9w                   0.9999428              0.9336685
    rcs10d                  0.9996576              0.8984755
    rcs10w                  0.9997996              0.9276022
    rcs11d                  1.2619199E-05          9.9900000E-05
    rcs11w                  2.6571856E-05          7.0500000E-04
    rcs12d                  1.4542372E-02          9.8094800E-02
    rcs12w                  1.6654798E-05          4.8100000E-04
    rcs13d                  2.1771403E-03          1.4681200E-02
    rcs13w                  4.0099850E-05          1.2267000E-03
    rcs14d                  1.7651438E-04          1.2079000E-03
    rcs14w                  1.3487761E-05          3.9060000E-04
    rcs15d                  1.0669024E-06          7.4000000E-06
    rcs15w                  1.4045134E-07          4.2000000E-06
    rcr1d                   2.4487188E-05          2.1900000E-05
    rcr1w                   1.7359608E-05          1.7070000E-04
    rcr2d                   0.4879534              0.4117028
    rcr2w                   8.1987554E-04          7.8884000E-03
    rcr3d                   0.4090387              0.3416101
    rcr3w                   8.5945405E-04          8.1898000E-03
    rcr4d                   3.9466576E-02          3.2943000E-02
    rcr4w                   9.0495216E-04          8.6621000E-03
    rcr5d                   2.1876348E-03          2.0402000E-03
    rcr5w                   9.8092474E-04          9.3897000E-03
    rcr6d                   5.1261027E-02          4.9086800E-02
    rcr6w                   9.1314893E-04          8.6273000E-03
    rcr7d                   6.8269838E-03          9.5963000E-03
    rcr7w                   5.0920141E-04          5.2275000E-03
    rcr8d                   1.5180361E-04          8.5000000E-04
    rcr8w                   3.4118307E-04          2.2584000E-03
    rcr9d                   0.9998604              0.9963374
    rcr9w                   0.9978298              0.9691007
    rcr10d                  2.3691919E-04          1.2591000E-03
    rcr10w                  0.9990425              0.9407974
    rcr11d                  2.6766843E-05          1.5490000E-04
    rcr11w                  7.3503190E-05          5.3220000E-04
    rcr12d                  4.7239318E-07          2.5000000E-06
    rcr12w                  1.0113161E-06          7.7000000E-06
    rcr13d                  1.3873523E-07          7.0000000E-07
    rcr13w                  5.1531201E-04          4.1947000E-03
    rcr14d                  3.1897221E-08          2.0000000E-07
    rcr14w                  6.2613322E-05          5.1070000E-04
    rcr15d                  7.5246167E-10           0.000000
    rcr15w                  3.1263398E-09           0.000000
    rcgd                     0.000000               0.000000
    rcgw                     0.000000               0.000000
    tl                       1.000000              0.9999481
    xw                       0.000000               0.000000
    yw                       0.000000               0.000000
    x                        0.000000               0.000000
    y                        0.000000               0.000000
    tlr                      0.000000               0.000000
    tls                      0.000000               0.000000
    beta                    0.9866889              0.5456640
 
    Note: run IDENTPAR yourself to see identiability contributions by different solution 
    space eigencomponents.


                   ANALYSIS OF PREDICTION
                   ----------------------

 PREDVAR1 analysis for prediction "q8092" ----->

    Sing_val       Null-space       Soln-space     Total             Total
    index          term             term           variance          std_dev
    --------       ----------       ----------     --------          -------
       0            2.6646195E+08     0.000000      2.6646195E+08      16323.66    
       3            2.5493498E+08     1416.185      2.5493640E+08      15966.73    
       6            3.8982948E+07     173731.4      3.9156680E+07      6257.530    
       7             1814615.         373941.1       2188556.          1479.377    
       8             1741889.         377352.7       2119242.          1455.762    
       9             1423522.         394815.6       1818338.          1348.458    
      10             1423335.         394832.4       1818167.          1348.394    
      11             1420285.         395305.3       1815590.          1347.438    
      12             941035.0         482672.5       1423708.          1193.192    
      13             913359.0         488714.6       1402074.          1184.092    
      14             23351.56         1362386.       1385738.          1177.174    
      15             3967.830         1526792.       1530759.          1237.238    
      16             427.6546         1598802.       1599230.          1264.607    
      17             200.4223         1614340.       1614541.          1270.646    
      18             168.9612         1620780.       1620949.          1273.165    
      21             53.34613         1659841.       1659894.          1288.369    
      24             36.32829         1673896.       1673932.          1293.805    
      27             29.19229         1690388.       1690417.          1300.160    
      30             19.96271         1718840.       1718860.          1311.053    
      33             19.73872         1721065.       1721085.          1311.901    
      36            0.4286423         2475219.       2475220.          1573.283    
      39            0.2768626         2489194.       2489194.          1577.718    
      42            0.1517979         2511349.       2511349.          1584.724    
      45            8.5203286E-02     2539479.       2539479.          1593.574    
      48            1.9587233E-02     2646909.       2646909.          1626.932    
      51            1.4747863E-03     2749826.       2749826.          1658.260    
      54            1.1890265E-03     2753720.       2753720.          1659.434    
      57            3.7998586E-07     3000609.       3000609.          1732.227    
      60            1.3082846E-16     3014440.       3014440.          1736.214    
      63            2.9048088E-23    1.4751042E+08  1.4751042E+08      12145.39    
      66            3.2043840E-55    3.2294708E+09  3.2294708E+09      56828.43    
      69             0.000000        1.0000000E+35  1.0000000E+35     3.1622777E+17
      72             0.000000        1.0000000E+35  1.0000000E+35     3.1622777E+17
      74             0.000000        1.0000000E+35  1.0000000E+35     3.1622777E+17
 
    Pre-calibration:- 
    Total error variance                 =  2.6646195E+08
    Total error standard deviation       =   16323.66    
 
    Post-calibration:-
    Total error variance                 =   1385738.    
    Total error standard deviation       =   1177.174    
    Minimum error variance occurs at singular value number 14.
 
 
 PREDUNC1 analysis for prediction "q8092" ----->

    Pre-calibration:- 
    Total uncertainty variance           =  2.6646188E+08
    Total uncertainty standard deviation =   16323.66    
 
    Post-calibration:-
    Total uncertainty variance           =   933815.9    
    Total uncertainty standard deviation =   966.3415    
 
 
 PREDUNC4 analysis for prediction "q8092" ----->

    Contributions to predictive uncertainty variance

    Parameter      Pre-cal             Post-cal
    group          contribution        contribution
    ---------      ------------        ------------
    ddsd             266050.0            12205.90    
    ddsw             0.000000            471.5000    
    ddgd             0.000000            0.000000    
    ddgw             0.000000            0.000000    
    rcsd             18090.00            606143.3    
    rcsw             0.000000            188407.4    
    rcrd            2.6283390E+08        340553.0    
    rcrw             0.000000            174422.7    
    rcgd             0.000000            0.000000    
    rcgw             0.000000            0.000000    
    tl               684240.0            3228.900    
    xw               0.000000            0.000000    
    yw               0.000000            0.000000    
    x                0.000000            0.000000    
    y                0.000000            0.000000    
    tlr              0.000000            0.000000    
    tls              0.000000            0.000000    
    beta             2659670.            385767.3    
 
 
 PREDUNC5 observation subtraction analysis for prediction "q8092" ----->

    Increases in predictive uncertainty variance incurred through loss of observations

    Observation_group        Variance_increase
    -----------------        -----------------
    q                          933815.9    
 
 
 PREDUNC5 observation addition analysis for prediction "q8092" ----->

    Decreases in pre-calibration predictive uncertainty variance incurred through addition of observations

    Observation_group        Variance_decrease
    -----------------        -----------------
    q                          933815.9    
