 
 
                   ###################################################
                   #                                                 #
                   #      GENLINPRED UNCERTAINTY/ERROR ANALYSIS      #
                   #                                                 #
                   ###################################################
 
 
 
                   ANALYSIS DETAILS
                   ----------------
 
    Name of PEST control file                                   : master_lu.pst
    Factor by which to multiply observation weights             : 1.0000
    Source of parameter uncertainty data                        : uncertainty file
    Name of uncertainty file                                    : master_lu.unc
 
    Perform global parameter estimability analysis              : yes
         Parameter identifiability                              : yes
         Relative parameter error reduction                     : no
         Relative parameter uncertainty reduction               : yes
 
    Analyse error/uncertainty of an entity                      : yes
         Name of entity                                         : q7943
         Type of entity                                         : prediction
         File containing prediction sensitivities               : master_lu.jco
 
         Total error variance                                   : yes
         Total uncertainty                                      : yes
 
         Parameter contributions to error variance              : no
         Parameter contributions to uncertainty                 : yes
         Parameter contributions                                : by group
 
         Observation worth in reducing error variance           : no
         Observation worth in reducing uncertainty variance     : yes
         Observation worth                                      : by group


                   ANALYSIS OF PARAMETERS
                   ----------------------


 Outcomes of running program SUPCALC ----->
 
    Number of dimensions of calibration solution space = 14
    Number of dimensions of calibration null space     = 60

 Outcomes of parameter identifiability and error/uncertainty variance reduction analysis ----->
 
    Parameter              Identifiability        Rel_uncert_var_redn
    ---------              ---------------        -------------------
    ddsd                    0.9999923              0.9995215
    ddsw                    0.9999998              0.9995489
    ddgd                    4.8129692E-27           0.000000
    ddgw                    9.9704796E-29           0.000000
    rcs1d                   1.3557534E-28           0.000000
    rcs1w                   2.5242320E-29           0.000000
    rcs2d                   5.6118271E-11           0.000000
    rcs2w                   3.7684867E-08          3.4000000E-06
    rcs3d                   9.5504645E-07          3.3500000E-05
    rcs3w                   1.2669690E-07          1.1300000E-05
    rcs4d                   2.1349030E-07          7.5000000E-06
    rcs4w                   4.2050536E-08          3.7000000E-06
    rcs5d                   5.0897067E-06          1.3750000E-04
    rcs5w                   4.9039857E-05          3.0612000E-03
    rcs6d                   1.3520711E-05          3.5290000E-04
    rcs6w                   3.9496396E-05          1.4445000E-03
    rcs7d                   7.3094638E-06          2.0650000E-04
    rcs7w                   3.5135856E-05          1.6413000E-03
    rcs8d                   0.9970063              0.9351312
    rcs8w                   0.9998634              0.9486010
    rcs9d                   0.9999854              0.9109574
    rcs9w                   0.9999428              0.9336685
    rcs10d                  0.9996576              0.8984755
    rcs10w                  0.9997996              0.9276022
    rcs11d                  1.2619199E-05          9.9900000E-05
    rcs11w                  2.6571856E-05          7.0500000E-04
    rcs12d                  1.4542372E-02          9.8094800E-02
    rcs12w                  1.6654798E-05          4.8100000E-04
    rcs13d                  2.1771403E-03          1.4681200E-02
    rcs13w                  4.0099850E-05          1.2267000E-03
    rcs14d                  1.7651438E-04          1.2079000E-03
    rcs14w                  1.3487761E-05          3.9060000E-04
    rcs15d                  1.0669024E-06          7.4000000E-06
    rcs15w                  1.4045134E-07          4.2000000E-06
    rcr1d                   2.4487188E-05          2.1900000E-05
    rcr1w                   1.7359608E-05          1.7070000E-04
    rcr2d                   0.4879534              0.4117028
    rcr2w                   8.1987554E-04          7.8884000E-03
    rcr3d                   0.4090387              0.3416101
    rcr3w                   8.5945405E-04          8.1898000E-03
    rcr4d                   3.9466576E-02          3.2943000E-02
    rcr4w                   9.0495216E-04          8.6621000E-03
    rcr5d                   2.1876348E-03          2.0402000E-03
    rcr5w                   9.8092474E-04          9.3897000E-03
    rcr6d                   5.1261027E-02          4.9086800E-02
    rcr6w                   9.1314893E-04          8.6273000E-03
    rcr7d                   6.8269838E-03          9.5963000E-03
    rcr7w                   5.0920141E-04          5.2275000E-03
    rcr8d                   1.5180361E-04          8.5000000E-04
    rcr8w                   3.4118307E-04          2.2584000E-03
    rcr9d                   0.9998604              0.9963374
    rcr9w                   0.9978298              0.9691007
    rcr10d                  2.3691919E-04          1.2591000E-03
    rcr10w                  0.9990425              0.9407974
    rcr11d                  2.6766843E-05          1.5490000E-04
    rcr11w                  7.3503190E-05          5.3220000E-04
    rcr12d                  4.7239318E-07          2.5000000E-06
    rcr12w                  1.0113161E-06          7.7000000E-06
    rcr13d                  1.3873523E-07          7.0000000E-07
    rcr13w                  5.1531201E-04          4.1947000E-03
    rcr14d                  3.1897221E-08          2.0000000E-07
    rcr14w                  6.2613322E-05          5.1070000E-04
    rcr15d                  7.5246167E-10           0.000000
    rcr15w                  3.1263398E-09           0.000000
    rcgd                     0.000000               0.000000
    rcgw                     0.000000               0.000000
    tl                       1.000000              0.9999481
    xw                       0.000000               0.000000
    yw                       0.000000               0.000000
    x                        0.000000               0.000000
    y                        0.000000               0.000000
    tlr                      0.000000               0.000000
    tls                      0.000000               0.000000
    beta                    0.9866889              0.5456640
 
    Note: run IDENTPAR yourself to see identiability contributions by different solution 
    space eigencomponents.


                   ANALYSIS OF PREDICTION
                   ----------------------

 PREDVAR1 analysis for prediction "q7943" ----->

    Sing_val       Null-space       Soln-space     Total             Total
    index          term             term           variance          std_dev
    --------       ----------       ----------     --------          -------
       0            2.1159672E+09     0.000000      2.1159672E+09      45999.64    
       3            4.2536915E+08     42044.22      4.2541119E+08      20625.50    
       6            1.8161808E+08     249755.9      1.8186784E+08      13485.84    
       7             4935063.         1201471.       6136534.          2477.203    
       8             4138654.         1238831.       5377485.          2318.940    
       9             898049.1         1416582.       2314631.          1521.391    
      10             841811.8         1421632.       2263444.          1504.475    
      11             817285.0         1425435.       2242720.          1497.571    
      12             145218.5         1547952.       1693171.          1301.219    
      13             108718.3         1555921.       1664639.          1290.209    
      14             100562.6         1563927.       1664490.          1290.151    
      15             1072.962         2407761.       2408834.          1552.042    
      16             385.2534         2421750.       2422135.          1556.321    
      17             380.6971         2422061.       2422442.          1556.420    
      18             376.9047         2422838.       2423215.          1556.668    
      21             297.0833         2449356.       2449653.          1565.137    
      24             233.6430         2508233.       2508466.          1583.814    
      27             25.24779         2993539.       2993564.          1730.192    
      30             11.02937         3032918.       3032930.          1741.531    
      33             8.714789         3055507.       3055516.          1748.003    
      36             2.940413         3256670.       3256672.          1804.625    
      39             1.101708         3472782.       3472783.          1863.540    
      42            0.9829990         3495953.       3495954.          1869.747    
      45            0.1375048         3783550.       3783550.          1945.135    
      48            0.1366449         3784960.       3784960.          1945.497    
      51            3.7248377E-03     4663226.       4663226.          2159.450    
      54            3.6551934E-03     4667265.       4667265.          2160.385    
      57            6.0814451E-06     5448483.       5448483.          2334.199    
      60            1.4512479E-17     5609663.       5609663.          2368.473    
      63            2.3933146E-23    2.1716695E+07  2.1716695E+07      4660.117    
      66            1.5175534E-54    2.6551094E+08  2.6551094E+08      16294.51    
      69             0.000000        1.0000000E+35  1.0000000E+35     3.1622777E+17
      72             0.000000        1.0000000E+35  1.0000000E+35     3.1622777E+17
      74             0.000000        1.0000000E+35  1.0000000E+35     3.1622777E+17
 
    Pre-calibration:- 
    Total error variance                 =  2.1159672E+09
    Total error standard deviation       =   45999.64    
 
    Post-calibration:-
    Total error variance                 =   1664490.    
    Total error standard deviation       =   1290.151    
    Minimum error variance occurs at singular value number 14.
 
 
 PREDUNC1 analysis for prediction "q7943" ----->

    Pre-calibration:- 
    Total uncertainty variance           =  2.1159669E+09
    Total uncertainty standard deviation =   45999.64    
 
    Post-calibration:-
    Total uncertainty variance           =   1612496.    
    Total uncertainty standard deviation =   1269.841    
 
 
 PREDUNC4 analysis for prediction "q7943" ----->

    Contributions to predictive uncertainty variance

    Parameter      Pre-cal             Post-cal
    group          contribution        contribution
    ---------      ------------        ------------
    ddsd            6.4428100E+07        627250.5    
    ddsw             0.000000            196.0000    
    ddgd             0.000000            0.000000    
    ddgw             0.000000            0.000000    
    rcsd            3.4834810E+08        1006282.    
    rcsw             0.000000            362.0000    
    rcrd            7.4751300E+07        395824.0    
    rcrw             0.000000            2756.000    
    rcgd             0.000000            0.000000    
    rcgw             0.000000            0.000000    
    tl              1.6244648E+09        6954.000    
    xw               0.000000            0.000000    
    yw               0.000000            0.000000    
    x                0.000000            0.000000    
    y                0.000000            0.000000    
    tlr              0.000000            0.000000    
    tls              0.000000            0.000000    
    beta             3974900.            1650.000    
 
 
 PREDUNC5 observation subtraction analysis for prediction "q7943" ----->

    Increases in predictive uncertainty variance incurred through loss of observations

    Observation_group        Variance_increase
    -----------------        -----------------
    q                          1612496.    
 
 
 PREDUNC5 observation addition analysis for prediction "q7943" ----->

    Decreases in pre-calibration predictive uncertainty variance incurred through addition of observations

    Observation_group        Variance_decrease
    -----------------        -----------------
    q                          1612496.    
