 
 
                   ###################################################
                   #                                                 #
                   #      GENLINPRED UNCERTAINTY/ERROR ANALYSIS      #
                   #                                                 #
                   ###################################################
 
 
 
                   ANALYSIS DETAILS
                   ----------------
 
    Name of PEST control file                                   : master.pst
    Factor by which to multiply observation weights             : 1.0000
    Source of parameter uncertainty data                        : uncertainty file
    Name of uncertainty file                                    : master_lu.unc
 
    Perform global parameter estimability analysis              : yes
         Parameter identifiability                              : yes
         Relative parameter error reduction                     : no
         Relative parameter uncertainty reduction               : yes
 
    Analyse error/uncertainty of an entity                      : yes
         Name of entity                                         : q8078
         Type of entity                                         : prediction
         File containing prediction sensitivities               : master.jco
 
         Total error variance                                   : yes
         Total uncertainty                                      : yes
 
         Parameter contributions to error variance              : no
         Parameter contributions to uncertainty                 : yes
         Parameter contributions                                : by group
 
         Observation worth in reducing error variance           : no
         Observation worth in reducing uncertainty variance     : yes
         Observation worth                                      : by group


                   ANALYSIS OF PARAMETERS
                   ----------------------


 Outcomes of running program SUPCALC ----->
 
    Number of dimensions of calibration solution space = 37
    Number of dimensions of calibration null space     = 73

 Outcomes of parameter identifiability and error/uncertainty variance reduction analysis ----->
 
    Parameter              Identifiability        Rel_uncert_var_redn
    ---------              ---------------        -------------------
    ddsd                    0.9999998              0.9999883
    ddsw                    0.9999999              0.9999618
    ddgd                    0.4999996              0.4999947
    ddgw                    0.5000000              0.4999944
    rcs1d                   5.2784474E-05          3.4920000E-04
    rcs1w                   3.3520022E-06          1.3700000E-04
    rcs2d                   3.7916939E-03          2.3874800E-02
    rcs2w                   4.9185092E-04          7.2455000E-03
    rcs3d                   0.2276467              0.5087267
    rcs3w                   0.3133291              0.4109682
    rcs4d                   0.7839256              0.7549749
    rcs4w                   0.7121810              0.6779741
    rcs5d                   0.9854458              0.8860479
    rcs5w                   0.9741993              0.8970610
    rcs6d                   0.9997271              0.9870041
    rcs6w                   0.9995618              0.9865035
    rcs7d                   0.9999757              0.9963495
    rcs7w                   0.9999009              0.9926186
    rcs8d                   0.9968503              0.5673422
    rcs8w                   0.9999366              0.9795778
    rcs9d                   0.9997672              0.9426687
    rcs9w                   0.9999673              0.9715973
    rcs10d                  0.9999928              0.9945303
    rcs10w                  0.9999721              0.9475179
    rcs11d                  0.9999874              0.9967438
    rcs11w                  0.9999813              0.9658967
    rcs12d                  0.9999072              0.9975249
    rcs12w                  0.9999783              0.9835719
    rcs13d                  0.9999330              0.9937541
    rcs13w                  0.9999612              0.9795068
    rcs14d                  0.9998821              0.9888769
    rcs14w                  0.9997068              0.9466328
    rcs15d                  9.0392017E-31           0.000000
    rcs15w                  0.9969863              0.9375851
    rcs16d                  0.9985641              0.9858258
    rcs16w                  0.9986262              0.9027609
    rcs17d                  0.9977774              0.9773539
    rcs17w                  0.9359331              0.8191461
    rcs18d                  0.8312394              0.8643868
    rcs18w                  0.7832730              0.7577439
    rcs19d                  0.3811551              0.6146295
    rcs19w                  0.2232840              0.3181122
    rcs20d                  0.7546742              0.6832617
    rcs20w                  6.0535700E-02          0.1177211
    rcs21d                  3.9256430E-02          0.2955094
    rcs21w                  1.3826657E-03          8.7725000E-03
    rcs22d                  1.9831023E-04          2.3588000E-03
    rcs22w                  2.4381951E-05          2.9240000E-04
    rcs23d                  3.3022324E-05          5.7950000E-04
    rcs23w                  4.9445478E-06          8.7800000E-05
    rcs24d                  7.6596952E-07          1.4000000E-05
    rcs24w                  1.3540055E-07          2.7000000E-06
    rcr1d                   1.3473518E-07          7.0000000E-06
    rcr1w                   5.9539865E-07          1.1700000E-05
    rcr2d                   4.1753148E-06          2.0150000E-04
    rcr2w                   1.7427482E-05          3.3730000E-04
    rcr3d                   1.3353699E-05          8.4470000E-04
    rcr3w                   5.5724398E-05          1.2622000E-03
    rcr4d                   1.6136871E-05          1.5343000E-03
    rcr4w                   1.0896584E-04          2.1769000E-03
    rcr5d                   1.5762251E-05          2.2874000E-03
    rcr5w                   1.3096214E-04          2.6894000E-03
    rcr6d                   2.4427168E-05          3.5570000E-03
    rcr6w                   8.7565469E-05          3.3900000E-03
    rcr7d                   3.9385816E-05          3.4164000E-03
    rcr7w                   1.0182094E-05          1.1982000E-03
    rcr8d                   2.5473529E-05          3.8685000E-03
    rcr8w                   4.6543575E-06          7.7080000E-04
    rcr9d                   2.9700384E-05          4.2330000E-03
    rcr9w                   6.4494528E-06          8.6600000E-04
    rcr10d                  3.5720187E-05          4.7950000E-03
    rcr10w                  5.0806947E-06          7.7690000E-04
    rcr11d                  3.3569779E-05          5.5096000E-03
    rcr11w                  4.6120660E-06          7.1180000E-04
    rcr12d                  1.1143255E-05          3.5222000E-03
    rcr12w                  3.8960116E-06          3.9800000E-04
    rcr13d                  5.5959970E-06          1.5701000E-03
    rcr13w                  2.0492784E-06          1.7800000E-04
    rcr14d                  2.6723177E-06          7.3650000E-04
    rcr14w                  9.1214240E-07          7.6600000E-05
    rcr15d                  1.2208033E-06          3.4030000E-04
    rcr15w                  2.2156238E-07          2.3800000E-05
    rcr16d                  6.2581775E-07          1.6710000E-04
    rcr16w                  1.1501419E-07          1.3100000E-05
    rcr17d                  2.1626163E-07          6.4500000E-05
    rcr17w                  1.8469825E-08          3.3000000E-06
    rcr18d                  3.8771568E-08          1.0500000E-05
    rcr18w                  8.2260404E-09          1.3000000E-06
    rcr19d                  1.9095256E-08          5.2000000E-06
    rcr19w                  4.4179724E-09          6.0000000E-07
    rcr20d                  7.6564669E-09          1.9000000E-06
    rcr20w                  1.1300748E-09          2.0000000E-07
    rcr21d                  7.9588173E-10          2.0000000E-07
    rcr21w                  1.4632409E-10           0.000000
    rcr22d                  3.7675489E-11           0.000000
    rcr22w                  5.7861870E-12           0.000000
    rcr23d                  1.2706071E-11           0.000000
    rcr23w                  1.9415959E-12           0.000000
    rcr24d                  3.7714205E-13           0.000000
    rcr24w                  5.6281045E-14           0.000000
    rcgd                    0.4999996              0.4999947
    rcgw                    0.5000000              0.4999944
    tl                       1.000000              0.9999975
    xw                      2.3835311E-03          8.2233100E-02
    yw                      0.9978485              0.9914403
    x                        0.000000               0.000000
    y                        0.000000               0.000000
    tlr                     6.5335780E-05          6.8762000E-02
    tls                      0.000000               0.000000
    beta                    0.9999996              0.9999910
 
    Note: run IDENTPAR yourself to see identiability contributions by different solution 
    space eigencomponents.


                   ANALYSIS OF PREDICTION
                   ----------------------

 PREDVAR1 analysis for prediction "q8078" ----->

    Sing_val       Null-space       Soln-space     Total             Total
    index          term             term           variance          std_dev
    --------       ----------       ----------     --------          -------
       0            1.6073539E+12     0.000000      1.6073539E+12      1267815.    
       5            3.6117537E+10     1240481.      3.6118778E+10      190049.4    
      10            1.1526902E+08     1674262.      1.1694328E+08      10814.03    
      15            1.6225570E+07     1704865.      1.7930435E+07      4234.434    
      20             8595314.         1733666.      1.0328980E+07      3213.873    
      25             7440730.         1758371.       9199101.          3033.002    
      26             7374101.         1760407.       9134508.          3022.335    
      27             5621528.         1820683.       7442211.          2728.042    
      28             4103267.         1877036.       5980303.          2445.466    
      29             3885547.         1885466.       5771012.          2402.293    
      30             3872364.         1886479.       5758843.          2399.759    
      31             3871083.         1886627.       5757710.          2399.523    
      32             3772028.         1903110.       5675138.          2382.255    
      33             3545631.         1953812.       5499443.          2345.089    
      34             587338.1         2755895.       3343233.          1828.451    
      35             586616.2         2756120.       3342736.          1828.315    
      36             546493.7         2770171.       3316665.          1821.171    
      37             522207.9         2791065.       3313273.          1820.240    
      38             119240.8         3279587.       3398828.          1843.591    
      39             118722.5         3280275.       3398998.          1843.637    
      40             118720.8         3280280.       3399001.          1843.638    
      41             116488.3         3288097.       3404585.          1845.152    
      42             116463.7         3288213.       3404677.          1845.177    
      43             116413.8         3288814.       3405228.          1845.326    
      44             105638.2         3434190.       3539829.          1881.443    
      45             105636.1         3434238.       3539874.          1881.455    
      50             29779.83         6672472.       6702252.          2588.871    
      55             2217.820        1.3168473E+07  1.3170691E+07      3629.145    
      60             769.4265        2.0288596E+07  2.0289366E+07      4504.372    
      65             262.5604        2.5126204E+07  2.5126466E+07      5012.631    
      70             262.0284        2.5138870E+07  2.5139132E+07      5013.894    
      75             247.1357        2.5998906E+07  2.5999153E+07      5098.936    
      80             25.24175        4.7890869E+07  4.7890895E+07      6920.325    
      85             3.178570        5.5575825E+07  5.5575829E+07      7454.920    
      90            7.5906695E-02    6.0379374E+07  6.0379374E+07      7770.417    
      95            8.0891047E-05    6.5026080E+07  6.5026080E+07      8063.875    
     100            1.0668711E-06    6.5054154E+07  6.5054154E+07      8065.616    
     105            4.7917622E-16    6.6689154E+07  6.6689154E+07      8166.343    
     110             0.000000        1.0000000E+35  1.0000000E+35     3.1622777E+17
 
    Pre-calibration:- 
    Total error variance                 =  1.6073539E+12
    Total error standard deviation       =   1267815.    
 
    Post-calibration:-
    Total error variance                 =   3313273.    
    Total error standard deviation       =   1820.240    
    Minimum error variance occurs at singular value number 37.
 
 
 PREDUNC1 analysis for prediction "q8078" ----->

    Pre-calibration:- 
    Total uncertainty variance           =  1.6073549E+12
    Total uncertainty standard deviation =   1267815.    
 
    Post-calibration:-
    Total uncertainty variance           =   2926358.    
    Total uncertainty standard deviation =   1710.660    
 
 
 PREDUNC4 analysis for prediction "q8078" ----->

    Contributions to predictive uncertainty variance

    Parameter      Pre-cal             Post-cal
    group          contribution        contribution
    ---------      ------------        ------------
    ddsd            3.6060000E+09        19940.00    
    ddsw             0.000000            5953.000    
    ddgd            3.7897910E+11        1.000000    
    ddgw             0.000000            0.000000    
    rcsd            3.0177000E+09        1212673.    
    rcsw             0.000000            20520.00    
    rcrd             300000.0            85685.00    
    rcrw             0.000000            4.000000    
    rcgd            3.7897910E+11        1.000000    
    rcgw             0.000000            0.000000    
    tl              2.8585150E+11        57773.00    
    xw               0.000000            23.00000    
    yw               0.000000            28.00000    
    x                0.000000            0.000000    
    y                0.000000            0.000000    
    tlr              0.000000            17293.00    
    tls              0.000000            0.000000    
    beta            5.5692030E+11        4395.000    
 
 
 PREDUNC5 observation subtraction analysis for prediction "q8078" ----->

    Increases in predictive uncertainty variance incurred through loss of observations

    Observation_group        Variance_increase
    -----------------        -----------------
    q                          2926358.    
 
 
 PREDUNC5 observation addition analysis for prediction "q8078" ----->

    Decreases in pre-calibration predictive uncertainty variance incurred through addition of observations

    Observation_group        Variance_decrease
    -----------------        -----------------
    q                          2926358.    
