 
 
                   ###################################################
                   #                                                 #
                   #      GENLINPRED UNCERTAINTY/ERROR ANALYSIS      #
                   #                                                 #
                   ###################################################
 
 
 
                   ANALYSIS DETAILS
                   ----------------
 
    Name of PEST control file                                   : master.pst
    Factor by which to multiply observation weights             : 1.0000
    Source of parameter uncertainty data                        : uncertainty file
    Name of uncertainty file                                    : master_lu.unc
 
    Perform global parameter estimability analysis              : yes
         Parameter identifiability                              : yes
         Relative parameter error reduction                     : no
         Relative parameter uncertainty reduction               : yes
 
    Analyse error/uncertainty of an entity                      : yes
         Name of entity                                         : q8111
         Type of entity                                         : prediction
         File containing prediction sensitivities               : master.jco
 
         Total error variance                                   : yes
         Total uncertainty                                      : yes
 
         Parameter contributions to error variance              : no
         Parameter contributions to uncertainty                 : yes
         Parameter contributions                                : by group
 
         Observation worth in reducing error variance           : no
         Observation worth in reducing uncertainty variance     : yes
         Observation worth                                      : by group


                   ANALYSIS OF PARAMETERS
                   ----------------------


 Outcomes of running program SUPCALC ----->
 
    Number of dimensions of calibration solution space = 37
    Number of dimensions of calibration null space     = 73

 Outcomes of parameter identifiability and error/uncertainty variance reduction analysis ----->
 
    Parameter              Identifiability        Rel_uncert_var_redn
    ---------              ---------------        -------------------
    ddsd                    0.9999998              0.9999883
    ddsw                    0.9999999              0.9999618
    ddgd                    0.4999996              0.4999947
    ddgw                    0.5000000              0.4999944
    rcs1d                   5.2784474E-05          3.4920000E-04
    rcs1w                   3.3520022E-06          1.3700000E-04
    rcs2d                   3.7916939E-03          2.3874800E-02
    rcs2w                   4.9185092E-04          7.2455000E-03
    rcs3d                   0.2276467              0.5087267
    rcs3w                   0.3133291              0.4109682
    rcs4d                   0.7839256              0.7549749
    rcs4w                   0.7121810              0.6779741
    rcs5d                   0.9854458              0.8860479
    rcs5w                   0.9741993              0.8970610
    rcs6d                   0.9997271              0.9870041
    rcs6w                   0.9995618              0.9865035
    rcs7d                   0.9999757              0.9963495
    rcs7w                   0.9999009              0.9926186
    rcs8d                   0.9968503              0.5673422
    rcs8w                   0.9999366              0.9795778
    rcs9d                   0.9997672              0.9426687
    rcs9w                   0.9999673              0.9715973
    rcs10d                  0.9999928              0.9945303
    rcs10w                  0.9999721              0.9475179
    rcs11d                  0.9999874              0.9967438
    rcs11w                  0.9999813              0.9658967
    rcs12d                  0.9999072              0.9975249
    rcs12w                  0.9999783              0.9835719
    rcs13d                  0.9999330              0.9937541
    rcs13w                  0.9999612              0.9795068
    rcs14d                  0.9998821              0.9888769
    rcs14w                  0.9997068              0.9466328
    rcs15d                  9.0392017E-31           0.000000
    rcs15w                  0.9969863              0.9375851
    rcs16d                  0.9985641              0.9858258
    rcs16w                  0.9986262              0.9027609
    rcs17d                  0.9977774              0.9773539
    rcs17w                  0.9359331              0.8191461
    rcs18d                  0.8312394              0.8643868
    rcs18w                  0.7832730              0.7577439
    rcs19d                  0.3811551              0.6146295
    rcs19w                  0.2232840              0.3181122
    rcs20d                  0.7546742              0.6832617
    rcs20w                  6.0535700E-02          0.1177211
    rcs21d                  3.9256430E-02          0.2955094
    rcs21w                  1.3826657E-03          8.7725000E-03
    rcs22d                  1.9831023E-04          2.3588000E-03
    rcs22w                  2.4381951E-05          2.9240000E-04
    rcs23d                  3.3022324E-05          5.7950000E-04
    rcs23w                  4.9445478E-06          8.7800000E-05
    rcs24d                  7.6596952E-07          1.4000000E-05
    rcs24w                  1.3540055E-07          2.7000000E-06
    rcr1d                   1.3473518E-07          7.0000000E-06
    rcr1w                   5.9539865E-07          1.1700000E-05
    rcr2d                   4.1753148E-06          2.0150000E-04
    rcr2w                   1.7427482E-05          3.3730000E-04
    rcr3d                   1.3353699E-05          8.4470000E-04
    rcr3w                   5.5724398E-05          1.2622000E-03
    rcr4d                   1.6136871E-05          1.5343000E-03
    rcr4w                   1.0896584E-04          2.1769000E-03
    rcr5d                   1.5762251E-05          2.2874000E-03
    rcr5w                   1.3096214E-04          2.6894000E-03
    rcr6d                   2.4427168E-05          3.5570000E-03
    rcr6w                   8.7565469E-05          3.3900000E-03
    rcr7d                   3.9385816E-05          3.4164000E-03
    rcr7w                   1.0182094E-05          1.1982000E-03
    rcr8d                   2.5473529E-05          3.8685000E-03
    rcr8w                   4.6543575E-06          7.7080000E-04
    rcr9d                   2.9700384E-05          4.2330000E-03
    rcr9w                   6.4494528E-06          8.6600000E-04
    rcr10d                  3.5720187E-05          4.7950000E-03
    rcr10w                  5.0806947E-06          7.7690000E-04
    rcr11d                  3.3569779E-05          5.5096000E-03
    rcr11w                  4.6120660E-06          7.1180000E-04
    rcr12d                  1.1143255E-05          3.5222000E-03
    rcr12w                  3.8960116E-06          3.9800000E-04
    rcr13d                  5.5959970E-06          1.5701000E-03
    rcr13w                  2.0492784E-06          1.7800000E-04
    rcr14d                  2.6723177E-06          7.3650000E-04
    rcr14w                  9.1214240E-07          7.6600000E-05
    rcr15d                  1.2208033E-06          3.4030000E-04
    rcr15w                  2.2156238E-07          2.3800000E-05
    rcr16d                  6.2581775E-07          1.6710000E-04
    rcr16w                  1.1501419E-07          1.3100000E-05
    rcr17d                  2.1626163E-07          6.4500000E-05
    rcr17w                  1.8469825E-08          3.3000000E-06
    rcr18d                  3.8771568E-08          1.0500000E-05
    rcr18w                  8.2260404E-09          1.3000000E-06
    rcr19d                  1.9095256E-08          5.2000000E-06
    rcr19w                  4.4179724E-09          6.0000000E-07
    rcr20d                  7.6564669E-09          1.9000000E-06
    rcr20w                  1.1300748E-09          2.0000000E-07
    rcr21d                  7.9588173E-10          2.0000000E-07
    rcr21w                  1.4632409E-10           0.000000
    rcr22d                  3.7675489E-11           0.000000
    rcr22w                  5.7861870E-12           0.000000
    rcr23d                  1.2706071E-11           0.000000
    rcr23w                  1.9415959E-12           0.000000
    rcr24d                  3.7714205E-13           0.000000
    rcr24w                  5.6281045E-14           0.000000
    rcgd                    0.4999996              0.4999947
    rcgw                    0.5000000              0.4999944
    tl                       1.000000              0.9999975
    xw                      2.3835311E-03          8.2233100E-02
    yw                      0.9978485              0.9914403
    x                        0.000000               0.000000
    y                        0.000000               0.000000
    tlr                     6.5335780E-05          6.8762000E-02
    tls                      0.000000               0.000000
    beta                    0.9999996              0.9999910
 
    Note: run IDENTPAR yourself to see identiability contributions by different solution 
    space eigencomponents.


                   ANALYSIS OF PREDICTION
                   ----------------------

 PREDVAR1 analysis for prediction "q8111" ----->

    Sing_val       Null-space       Soln-space     Total             Total
    index          term             term           variance          std_dev
    --------       ----------       ----------     --------          -------
       0            1.9953688E+12     0.000000      1.9953688E+12      1412575.    
       5            6.8213950E+10     2066760.      6.8216017E+10      261182.0    
      10            8.8921837E+08     2996368.      8.9221474E+08      29869.96    
      15            1.2367733E+08     3323888.      1.2700122E+08      11269.48    
      20            8.5358770E+07     3490489.      8.8849260E+07      9425.989    
      25            3.8875891E+07     4289424.      4.3165316E+07      6570.032    
      30            2.0484112E+07     4922474.      2.5406586E+07      5040.495    
      31            2.0463705E+07     4924824.      2.5388529E+07      5038.703    
      32            2.0246381E+07     4960988.      2.5207369E+07      5020.694    
      33            1.8986263E+07     5243197.      2.4229460E+07      4922.343    
      34             1024381.        1.0113207E+07  1.1137588E+07      3337.303    
      35             1010780.        1.0117438E+07  1.1128219E+07      3335.899    
      36             867737.6        1.0167534E+07  1.1035271E+07      3321.938    
      37             866187.4        1.0168868E+07  1.1035055E+07      3321.905    
      38             720625.1        1.0345334E+07  1.1065960E+07      3326.554    
      39             719497.5        1.0346832E+07  1.1066329E+07      3326.609    
      40             718608.1        1.0349598E+07  1.1068206E+07      3326.891    
      41             9796.383        1.2831376E+07  1.2841173E+07      3583.458    
      42             9789.515        1.2831409E+07  1.2841198E+07      3583.462    
      43             9774.769        1.2831586E+07  1.2841361E+07      3583.484    
      44             8726.420        1.2845730E+07  1.2854456E+07      3585.311    
      45             8671.984        1.2847016E+07  1.2855688E+07      3585.483    
      46             2993.773        1.3052971E+07  1.3055965E+07      3613.304    
      47             2993.424        1.3052988E+07  1.3055981E+07      3613.306    
      48             2424.086        1.3109939E+07  1.3112363E+07      3621.100    
      49             2423.116        1.3110066E+07  1.3112489E+07      3621.117    
      50             2391.249        1.3114872E+07  1.3117263E+07      3621.776    
      55             229.0227        1.5211859E+07  1.5212088E+07      3900.268    
      60             79.54699        1.5959689E+07  1.5959768E+07      3994.968    
      65             28.42088        1.6437902E+07  1.6437930E+07      4054.372    
      70             9.129210        1.6853681E+07  1.6853690E+07      4105.325    
      75             7.520920        1.6938969E+07  1.6938976E+07      4115.699    
      80             6.356871        1.7054831E+07  1.7054838E+07      4129.750    
      85             5.214503        1.7767195E+07  1.7767200E+07      4215.116    
      90            7.4175099E-02    2.4044151E+07  2.4044151E+07      4903.484    
      95            1.7205319E-04    3.0929701E+07  3.0929701E+07      5561.448    
     100            8.8830474E-07    3.1104918E+07  3.1104918E+07      5577.178    
     105            1.2194866E-16    3.9018538E+07  3.9018538E+07      6246.482    
     110             0.000000        1.0000000E+35  1.0000000E+35     3.1622777E+17
 
    Pre-calibration:- 
    Total error variance                 =  1.9953688E+12
    Total error standard deviation       =   1412575.    
 
    Post-calibration:-
    Total error variance                 =  1.1035055E+07
    Total error standard deviation       =   3321.905    
    Minimum error variance occurs at singular value number 37.
 
 
 PREDUNC1 analysis for prediction "q8111" ----->

    Pre-calibration:- 
    Total uncertainty variance           =  1.9953681E+12
    Total uncertainty standard deviation =   1412575.    
 
    Post-calibration:-
    Total uncertainty variance           =   9664718.    
    Total uncertainty standard deviation =   3108.813    
 
 
 PREDUNC4 analysis for prediction "q8111" ----->

    Contributions to predictive uncertainty variance

    Parameter      Pre-cal             Post-cal
    group          contribution        contribution
    ---------      ------------        ------------
    ddsd            1.6563000E+10        306659.0    
    ddsw             0.000000            2378.000    
    ddgd            6.1713610E+11        2.000000    
    ddgw             0.000000            0.000000    
    rcsd            1.5100000E+09        6638279.    
    rcsw             0.000000            62025.00    
    rcrd             100000.0            7428.000    
    rcrw             0.000000            106.0000    
    rcgd            6.1713610E+11        2.000000    
    rcgw             0.000000            0.000000    
    tl              2.0587480E+11        13349.00    
    xw               0.000000            27.00000    
    yw               0.000000            120.0000    
    x                0.000000            0.000000    
    y                0.000000            0.000000    
    tlr              0.000000            3280.000    
    tls              0.000000            0.000000    
    beta            5.3714870E+11        109877.0    
 
 
 PREDUNC5 observation subtraction analysis for prediction "q8111" ----->

    Increases in predictive uncertainty variance incurred through loss of observations

    Observation_group        Variance_increase
    -----------------        -----------------
    q                          9664718.    
 
 
 PREDUNC5 observation addition analysis for prediction "q8111" ----->

    Decreases in pre-calibration predictive uncertainty variance incurred through addition of observations

    Observation_group        Variance_decrease
    -----------------        -----------------
    q                          9664718.    
