 
 
                   ###################################################
                   #                                                 #
                   #      GENLINPRED UNCERTAINTY/ERROR ANALYSIS      #
                   #                                                 #
                   ###################################################
 
 
 
                   ANALYSIS DETAILS
                   ----------------
 
    Name of PEST control file                                   : master.pst
    Factor by which to multiply observation weights             : 1.0000
    Source of parameter uncertainty data                        : uncertainty file
    Name of uncertainty file                                    : master_lu.unc
 
    Perform global parameter estimability analysis              : yes
         Parameter identifiability                              : yes
         Relative parameter error reduction                     : no
         Relative parameter uncertainty reduction               : yes
 
    Analyse error/uncertainty of an entity                      : yes
         Name of entity                                         : q7796
         Type of entity                                         : prediction
         File containing prediction sensitivities               : master.jco
 
         Total error variance                                   : yes
         Total uncertainty                                      : yes
 
         Parameter contributions to error variance              : no
         Parameter contributions to uncertainty                 : yes
         Parameter contributions                                : by group
 
         Observation worth in reducing error variance           : no
         Observation worth in reducing uncertainty variance     : yes
         Observation worth                                      : by group


                   ANALYSIS OF PARAMETERS
                   ----------------------


 Outcomes of running program SUPCALC ----->
 
    Number of dimensions of calibration solution space = 37
    Number of dimensions of calibration null space     = 73

 Outcomes of parameter identifiability and error/uncertainty variance reduction analysis ----->
 
    Parameter              Identifiability        Rel_uncert_var_redn
    ---------              ---------------        -------------------
    ddsd                    0.9999998              0.9999883
    ddsw                    0.9999999              0.9999618
    ddgd                    0.4999996              0.4999947
    ddgw                    0.5000000              0.4999944
    rcs1d                   5.2784474E-05          3.4920000E-04
    rcs1w                   3.3520022E-06          1.3700000E-04
    rcs2d                   3.7916939E-03          2.3874800E-02
    rcs2w                   4.9185092E-04          7.2455000E-03
    rcs3d                   0.2276467              0.5087267
    rcs3w                   0.3133291              0.4109682
    rcs4d                   0.7839256              0.7549749
    rcs4w                   0.7121810              0.6779741
    rcs5d                   0.9854458              0.8860479
    rcs5w                   0.9741993              0.8970610
    rcs6d                   0.9997271              0.9870041
    rcs6w                   0.9995618              0.9865035
    rcs7d                   0.9999757              0.9963495
    rcs7w                   0.9999009              0.9926186
    rcs8d                   0.9968503              0.5673422
    rcs8w                   0.9999366              0.9795778
    rcs9d                   0.9997672              0.9426687
    rcs9w                   0.9999673              0.9715973
    rcs10d                  0.9999928              0.9945303
    rcs10w                  0.9999721              0.9475179
    rcs11d                  0.9999874              0.9967438
    rcs11w                  0.9999813              0.9658967
    rcs12d                  0.9999072              0.9975249
    rcs12w                  0.9999783              0.9835719
    rcs13d                  0.9999330              0.9937541
    rcs13w                  0.9999612              0.9795068
    rcs14d                  0.9998821              0.9888769
    rcs14w                  0.9997068              0.9466328
    rcs15d                  9.0392017E-31           0.000000
    rcs15w                  0.9969863              0.9375851
    rcs16d                  0.9985641              0.9858258
    rcs16w                  0.9986262              0.9027609
    rcs17d                  0.9977774              0.9773539
    rcs17w                  0.9359331              0.8191461
    rcs18d                  0.8312394              0.8643868
    rcs18w                  0.7832730              0.7577439
    rcs19d                  0.3811551              0.6146295
    rcs19w                  0.2232840              0.3181122
    rcs20d                  0.7546742              0.6832617
    rcs20w                  6.0535700E-02          0.1177211
    rcs21d                  3.9256430E-02          0.2955094
    rcs21w                  1.3826657E-03          8.7725000E-03
    rcs22d                  1.9831023E-04          2.3588000E-03
    rcs22w                  2.4381951E-05          2.9240000E-04
    rcs23d                  3.3022324E-05          5.7950000E-04
    rcs23w                  4.9445478E-06          8.7800000E-05
    rcs24d                  7.6596952E-07          1.4000000E-05
    rcs24w                  1.3540055E-07          2.7000000E-06
    rcr1d                   1.3473518E-07          7.0000000E-06
    rcr1w                   5.9539865E-07          1.1700000E-05
    rcr2d                   4.1753148E-06          2.0150000E-04
    rcr2w                   1.7427482E-05          3.3730000E-04
    rcr3d                   1.3353699E-05          8.4470000E-04
    rcr3w                   5.5724398E-05          1.2622000E-03
    rcr4d                   1.6136871E-05          1.5343000E-03
    rcr4w                   1.0896584E-04          2.1769000E-03
    rcr5d                   1.5762251E-05          2.2874000E-03
    rcr5w                   1.3096214E-04          2.6894000E-03
    rcr6d                   2.4427168E-05          3.5570000E-03
    rcr6w                   8.7565469E-05          3.3900000E-03
    rcr7d                   3.9385816E-05          3.4164000E-03
    rcr7w                   1.0182094E-05          1.1982000E-03
    rcr8d                   2.5473529E-05          3.8685000E-03
    rcr8w                   4.6543575E-06          7.7080000E-04
    rcr9d                   2.9700384E-05          4.2330000E-03
    rcr9w                   6.4494528E-06          8.6600000E-04
    rcr10d                  3.5720187E-05          4.7950000E-03
    rcr10w                  5.0806947E-06          7.7690000E-04
    rcr11d                  3.3569779E-05          5.5096000E-03
    rcr11w                  4.6120660E-06          7.1180000E-04
    rcr12d                  1.1143255E-05          3.5222000E-03
    rcr12w                  3.8960116E-06          3.9800000E-04
    rcr13d                  5.5959970E-06          1.5701000E-03
    rcr13w                  2.0492784E-06          1.7800000E-04
    rcr14d                  2.6723177E-06          7.3650000E-04
    rcr14w                  9.1214240E-07          7.6600000E-05
    rcr15d                  1.2208033E-06          3.4030000E-04
    rcr15w                  2.2156238E-07          2.3800000E-05
    rcr16d                  6.2581775E-07          1.6710000E-04
    rcr16w                  1.1501419E-07          1.3100000E-05
    rcr17d                  2.1626163E-07          6.4500000E-05
    rcr17w                  1.8469825E-08          3.3000000E-06
    rcr18d                  3.8771568E-08          1.0500000E-05
    rcr18w                  8.2260404E-09          1.3000000E-06
    rcr19d                  1.9095256E-08          5.2000000E-06
    rcr19w                  4.4179724E-09          6.0000000E-07
    rcr20d                  7.6564669E-09          1.9000000E-06
    rcr20w                  1.1300748E-09          2.0000000E-07
    rcr21d                  7.9588173E-10          2.0000000E-07
    rcr21w                  1.4632409E-10           0.000000
    rcr22d                  3.7675489E-11           0.000000
    rcr22w                  5.7861870E-12           0.000000
    rcr23d                  1.2706071E-11           0.000000
    rcr23w                  1.9415959E-12           0.000000
    rcr24d                  3.7714205E-13           0.000000
    rcr24w                  5.6281045E-14           0.000000
    rcgd                    0.4999996              0.4999947
    rcgw                    0.5000000              0.4999944
    tl                       1.000000              0.9999975
    xw                      2.3835311E-03          8.2233100E-02
    yw                      0.9978485              0.9914403
    x                        0.000000               0.000000
    y                        0.000000               0.000000
    tlr                     6.5335780E-05          6.8762000E-02
    tls                      0.000000               0.000000
    beta                    0.9999996              0.9999910
 
    Note: run IDENTPAR yourself to see identiability contributions by different solution 
    space eigencomponents.


                   ANALYSIS OF PREDICTION
                   ----------------------

 PREDVAR1 analysis for prediction "q7796" ----->

    Sing_val       Null-space       Soln-space     Total             Total
    index          term             term           variance          std_dev
    --------       ----------       ----------     --------          -------
       0            8.0200829E+11     0.000000      8.0200829E+11      895549.2    
       5            7.8927511E+09     550147.2      7.8933012E+09      88844.25    
      10            1.1156006E+09     675539.9      1.1162761E+09      33410.72    
      15            4.5246980E+07     1183793.      4.6430773E+07      6814.013    
      20             6843414.         1281717.       8125130.          2850.461    
      25             5408109.         1315637.       6723746.          2593.019    
      30             4687263.         1339958.       6027221.          2455.040    
      31             4685086.         1340209.       6025295.          2454.648    
      32             4673710.         1342102.       6015811.          2452.715    
      33             4668261.         1343322.       6011583.          2451.853    
      34             4502319.         1388314.       5890633.          2427.063    
      35             4500553.         1388863.       5889416.          2426.812    
      36             4418732.         1417518.       5836250.          2415.833    
      37             4416344.         1419573.       5835917.          2415.764    
      38             4181088.         1704776.       5885864.          2426.080    
      39             4177814.         1709122.       5886937.          2426.301    
      40             4177343.         1710589.       5887932.          2426.506    
      41             4166752.         1747670.       5914422.          2431.958    
      42             4165637.         1752930.       5918567.          2432.811    
      43             4090274.         2659863.       6750138.          2598.103    
      44             8873.381        5.7722834E+07  5.7731708E+07      7598.138    
      45             7072.639        5.7765378E+07  5.7772450E+07      7600.819    
      46             6960.972        5.7769428E+07  5.7776389E+07      7601.078    
      47             6503.613        5.7791231E+07  5.7797734E+07      7602.482    
      48             4383.974        5.8003259E+07  5.8007643E+07      7616.275    
      49             4370.570        5.8005012E+07  5.8009382E+07      7616.389    
      50             4228.313        5.8026465E+07  5.8030694E+07      7617.788    
      55             1894.473        5.8966229E+07  5.8968123E+07      7679.070    
      60             1647.418        6.0193780E+07  6.0195428E+07      7758.571    
      65             761.2883        6.8920903E+07  6.8921664E+07      8301.907    
      70             731.5789        6.9543178E+07  6.9543909E+07      8339.299    
      75             550.1613        8.0280555E+07  8.0281105E+07      8959.972    
      80             512.2326        8.4038448E+07  8.4038960E+07      9167.277    
      85             58.72400        3.8320195E+08  3.8320201E+08      19575.55    
      90            4.9777535E-02    4.4130025E+08  4.4130025E+08      21007.15    
      95            3.8242331E-05    4.4269889E+08  4.4269889E+08      21040.41    
     100            8.5842157E-06    4.4274411E+08  4.4274411E+08      21041.49    
     105            6.0575393E-17    4.6021956E+08  4.6021956E+08      21452.73    
     110             0.000000        1.0000000E+35  1.0000000E+35     3.1622777E+17
 
    Pre-calibration:- 
    Total error variance                 =  8.0200829E+11
    Total error standard deviation       =   895549.2    
 
    Post-calibration:-
    Total error variance                 =   5835917.    
    Total error standard deviation       =   2415.764    
    Minimum error variance occurs at singular value number 37.
 
 
 PREDUNC1 analysis for prediction "q7796" ----->

    Pre-calibration:- 
    Total uncertainty variance           =  8.0200837E+11
    Total uncertainty standard deviation =   895549.2    
 
    Post-calibration:-
    Total uncertainty variance           =   5416940.    
    Total uncertainty standard deviation =   2327.432    
 
 
 PREDUNC4 analysis for prediction "q7796" ----->

    Contributions to predictive uncertainty variance

    Parameter      Pre-cal             Post-cal
    group          contribution        contribution
    ---------      ------------        ------------
    ddsd             9660000.            29613.00    
    ddsw             0.000000            0.000000    
    ddgd            1.3832925E+11        0.000000    
    ddgw             0.000000            1.000000    
    rcsd            3.8496000E+08        990437.0    
    rcsw             0.000000            181178.0    
    rcrd             190000.0            41935.00    
    rcrw             0.000000            480.0000    
    rcgd            1.3832925E+11        0.000000    
    rcgw             0.000000            1.000000    
    tl              6.5311220E+10        278.0000    
    xw               0.000000            122.0000    
    yw               0.000000            360.0000    
    x                0.000000            0.000000    
    y                0.000000            0.000000    
    tlr              4100000.            3830560.    
    tls              0.000000            0.000000    
    beta            4.5963966E+11        427576.0    
 
 
 PREDUNC5 observation subtraction analysis for prediction "q7796" ----->

    Increases in predictive uncertainty variance incurred through loss of observations

    Observation_group        Variance_increase
    -----------------        -----------------
    q                          5416940.    
 
 
 PREDUNC5 observation addition analysis for prediction "q7796" ----->

    Decreases in pre-calibration predictive uncertainty variance incurred through addition of observations

    Observation_group        Variance_decrease
    -----------------        -----------------
    q                          5416940.    
