 
 
                   ###################################################
                   #                                                 #
                   #      GENLINPRED UNCERTAINTY/ERROR ANALYSIS      #
                   #                                                 #
                   ###################################################
 
 
 
                   ANALYSIS DETAILS
                   ----------------
 
    Name of PEST control file                                   : master.pst
    Factor by which to multiply observation weights             : 1.0000
    Source of parameter uncertainty data                        : uncertainty file
    Name of uncertainty file                                    : master_lu.unc
 
    Perform global parameter estimability analysis              : yes
         Parameter identifiability                              : yes
         Relative parameter error reduction                     : no
         Relative parameter uncertainty reduction               : yes
 
    Analyse error/uncertainty of an entity                      : yes
         Name of entity                                         : q7801
         Type of entity                                         : prediction
         File containing prediction sensitivities               : master.jco
 
         Total error variance                                   : yes
         Total uncertainty                                      : yes
 
         Parameter contributions to error variance              : no
         Parameter contributions to uncertainty                 : yes
         Parameter contributions                                : by group
 
         Observation worth in reducing error variance           : no
         Observation worth in reducing uncertainty variance     : yes
         Observation worth                                      : by group


                   ANALYSIS OF PARAMETERS
                   ----------------------


 Outcomes of running program SUPCALC ----->
 
    Number of dimensions of calibration solution space = 37
    Number of dimensions of calibration null space     = 73

 Outcomes of parameter identifiability and error/uncertainty variance reduction analysis ----->
 
    Parameter              Identifiability        Rel_uncert_var_redn
    ---------              ---------------        -------------------
    ddsd                    0.9999998              0.9999883
    ddsw                    0.9999999              0.9999618
    ddgd                    0.4999996              0.4999947
    ddgw                    0.5000000              0.4999944
    rcs1d                   5.2784474E-05          3.4920000E-04
    rcs1w                   3.3520022E-06          1.3700000E-04
    rcs2d                   3.7916939E-03          2.3874800E-02
    rcs2w                   4.9185092E-04          7.2455000E-03
    rcs3d                   0.2276467              0.5087267
    rcs3w                   0.3133291              0.4109682
    rcs4d                   0.7839256              0.7549749
    rcs4w                   0.7121810              0.6779741
    rcs5d                   0.9854458              0.8860479
    rcs5w                   0.9741993              0.8970610
    rcs6d                   0.9997271              0.9870041
    rcs6w                   0.9995618              0.9865035
    rcs7d                   0.9999757              0.9963495
    rcs7w                   0.9999009              0.9926186
    rcs8d                   0.9968503              0.5673422
    rcs8w                   0.9999366              0.9795778
    rcs9d                   0.9997672              0.9426687
    rcs9w                   0.9999673              0.9715973
    rcs10d                  0.9999928              0.9945303
    rcs10w                  0.9999721              0.9475179
    rcs11d                  0.9999874              0.9967438
    rcs11w                  0.9999813              0.9658967
    rcs12d                  0.9999072              0.9975249
    rcs12w                  0.9999783              0.9835719
    rcs13d                  0.9999330              0.9937541
    rcs13w                  0.9999612              0.9795068
    rcs14d                  0.9998821              0.9888769
    rcs14w                  0.9997068              0.9466328
    rcs15d                  9.0392017E-31           0.000000
    rcs15w                  0.9969863              0.9375851
    rcs16d                  0.9985641              0.9858258
    rcs16w                  0.9986262              0.9027609
    rcs17d                  0.9977774              0.9773539
    rcs17w                  0.9359331              0.8191461
    rcs18d                  0.8312394              0.8643868
    rcs18w                  0.7832730              0.7577439
    rcs19d                  0.3811551              0.6146295
    rcs19w                  0.2232840              0.3181122
    rcs20d                  0.7546742              0.6832617
    rcs20w                  6.0535700E-02          0.1177211
    rcs21d                  3.9256430E-02          0.2955094
    rcs21w                  1.3826657E-03          8.7725000E-03
    rcs22d                  1.9831023E-04          2.3588000E-03
    rcs22w                  2.4381951E-05          2.9240000E-04
    rcs23d                  3.3022324E-05          5.7950000E-04
    rcs23w                  4.9445478E-06          8.7800000E-05
    rcs24d                  7.6596952E-07          1.4000000E-05
    rcs24w                  1.3540055E-07          2.7000000E-06
    rcr1d                   1.3473518E-07          7.0000000E-06
    rcr1w                   5.9539865E-07          1.1700000E-05
    rcr2d                   4.1753148E-06          2.0150000E-04
    rcr2w                   1.7427482E-05          3.3730000E-04
    rcr3d                   1.3353699E-05          8.4470000E-04
    rcr3w                   5.5724398E-05          1.2622000E-03
    rcr4d                   1.6136871E-05          1.5343000E-03
    rcr4w                   1.0896584E-04          2.1769000E-03
    rcr5d                   1.5762251E-05          2.2874000E-03
    rcr5w                   1.3096214E-04          2.6894000E-03
    rcr6d                   2.4427168E-05          3.5570000E-03
    rcr6w                   8.7565469E-05          3.3900000E-03
    rcr7d                   3.9385816E-05          3.4164000E-03
    rcr7w                   1.0182094E-05          1.1982000E-03
    rcr8d                   2.5473529E-05          3.8685000E-03
    rcr8w                   4.6543575E-06          7.7080000E-04
    rcr9d                   2.9700384E-05          4.2330000E-03
    rcr9w                   6.4494528E-06          8.6600000E-04
    rcr10d                  3.5720187E-05          4.7950000E-03
    rcr10w                  5.0806947E-06          7.7690000E-04
    rcr11d                  3.3569779E-05          5.5096000E-03
    rcr11w                  4.6120660E-06          7.1180000E-04
    rcr12d                  1.1143255E-05          3.5222000E-03
    rcr12w                  3.8960116E-06          3.9800000E-04
    rcr13d                  5.5959970E-06          1.5701000E-03
    rcr13w                  2.0492784E-06          1.7800000E-04
    rcr14d                  2.6723177E-06          7.3650000E-04
    rcr14w                  9.1214240E-07          7.6600000E-05
    rcr15d                  1.2208033E-06          3.4030000E-04
    rcr15w                  2.2156238E-07          2.3800000E-05
    rcr16d                  6.2581775E-07          1.6710000E-04
    rcr16w                  1.1501419E-07          1.3100000E-05
    rcr17d                  2.1626163E-07          6.4500000E-05
    rcr17w                  1.8469825E-08          3.3000000E-06
    rcr18d                  3.8771568E-08          1.0500000E-05
    rcr18w                  8.2260404E-09          1.3000000E-06
    rcr19d                  1.9095256E-08          5.2000000E-06
    rcr19w                  4.4179724E-09          6.0000000E-07
    rcr20d                  7.6564669E-09          1.9000000E-06
    rcr20w                  1.1300748E-09          2.0000000E-07
    rcr21d                  7.9588173E-10          2.0000000E-07
    rcr21w                  1.4632409E-10           0.000000
    rcr22d                  3.7675489E-11           0.000000
    rcr22w                  5.7861870E-12           0.000000
    rcr23d                  1.2706071E-11           0.000000
    rcr23w                  1.9415959E-12           0.000000
    rcr24d                  3.7714205E-13           0.000000
    rcr24w                  5.6281045E-14           0.000000
    rcgd                    0.4999996              0.4999947
    rcgw                    0.5000000              0.4999944
    tl                       1.000000              0.9999975
    xw                      2.3835311E-03          8.2233100E-02
    yw                      0.9978485              0.9914403
    x                        0.000000               0.000000
    y                        0.000000               0.000000
    tlr                     6.5335780E-05          6.8762000E-02
    tls                      0.000000               0.000000
    beta                    0.9999996              0.9999910
 
    Note: run IDENTPAR yourself to see identiability contributions by different solution 
    space eigencomponents.


                   ANALYSIS OF PREDICTION
                   ----------------------

 PREDVAR1 analysis for prediction "q7801" ----->

    Sing_val       Null-space       Soln-space     Total             Total
    index          term             term           variance          std_dev
    --------       ----------       ----------     --------          -------
       0            7.8151033E+11     0.000000      7.8151033E+11      884030.7    
       5            8.6588894E+09     456856.2      8.6593463E+09      93055.61    
      10            1.3371924E+09     597427.1      1.3377898E+09      36575.81    
      15            3.8034150E+07     1185620.      3.9219771E+07      6262.569    
      20             5925371.         1267423.       7192795.          2681.939    
      25             3793090.         1319745.       5112834.          2261.158    
      30             2883384.         1350963.       4234347.          2057.753    
      31             2880094.         1351342.       4231435.          2057.045    
      32             2860285.         1354638.       4214923.          2053.028    
      33             2857073.         1355357.       4212430.          2052.421    
      34             2755751.         1382829.       4138579.          2034.350    
      35             2754823.         1383117.       4137940.          2034.193    
      36             2668738.         1413266.       4082003.          2020.397    
      37             2668549.         1413428.       4081977.          2020.390    
      38             2526034.         1586201.       4112235.          2027.865    
      39             2522058.         1591480.       4113538.          2028.186    
      40             2521661.         1592715.       4114376.          2028.392    
      41             2518220.         1604763.       4122983.          2030.513    
      42             2516952.         1610743.       4127695.          2031.673    
      43             2464333.         2243973.       4708306.          2169.863    
      44             83574.00        3.4363251E+07  3.4446825E+07      5869.142    
      45             82524.05        3.4388056E+07  3.4470580E+07      5871.165    
      46             20757.49        3.6628403E+07  3.6649161E+07      6053.855    
      47             20015.56        3.6663772E+07  3.6683787E+07      6056.714    
      48             19196.76        3.6745676E+07  3.6764873E+07      6063.404    
      49             19115.42        3.6756312E+07  3.6775428E+07      6064.275    
      50             19020.06        3.6770693E+07  3.6789713E+07      6065.452    
      55             1102.846        4.1263646E+07  4.1264749E+07      6423.764    
      60             847.8811        4.2561751E+07  4.2562599E+07      6524.002    
      65             450.2551        4.6261800E+07  4.6262250E+07      6801.636    
      70             435.2198        4.6583892E+07  4.6584327E+07      6825.271    
      75             286.7943        5.5353540E+07  5.5353827E+07      7440.015    
      80             285.0803        5.5533748E+07  5.5534033E+07      7452.116    
      85             35.77091        2.2022225E+08  2.2022228E+08      14839.89    
      90            0.7652568        2.5447120E+08  2.5447120E+08      15952.15    
      95            3.8727865E-04    2.9904260E+08  2.9904260E+08      17292.85    
     100            1.4757116E-06    2.9935182E+08  2.9935182E+08      17301.79    
     105            3.6164216E-17    3.0038296E+08  3.0038296E+08      17331.56    
     110             0.000000        1.0000000E+35  1.0000000E+35     3.1622777E+17
 
    Pre-calibration:- 
    Total error variance                 =  7.8151033E+11
    Total error standard deviation       =   884030.7    
 
    Post-calibration:-
    Total error variance                 =   4081977.    
    Total error standard deviation       =   2020.390    
    Minimum error variance occurs at singular value number 37.
 
 
 PREDUNC1 analysis for prediction "q7801" ----->

    Pre-calibration:- 
    Total uncertainty variance           =  7.8151028E+11
    Total uncertainty standard deviation =   884030.7    
 
    Post-calibration:-
    Total uncertainty variance           =   3827035.    
    Total uncertainty standard deviation =   1956.281    
 
 
 PREDUNC4 analysis for prediction "q7801" ----->

    Contributions to predictive uncertainty variance

    Parameter      Pre-cal             Post-cal
    group          contribution        contribution
    ---------      ------------        ------------
    ddsd            2.0859100E+09        39095.00    
    ddsw             0.000000            376.0000    
    ddgd            1.0431046E+11        0.000000    
    ddgw             0.000000            1.000000    
    rcsd            9.9753000E+08        969956.0    
    rcsw             0.000000            203784.0    
    rcrd             450000.0            188456.0    
    rcrw             0.000000            539.0000    
    rcgd            1.0431046E+11        0.000000    
    rcgw             0.000000            1.000000    
    tl              1.2055958E+11        3438.000    
    xw               0.000000            184.0000    
    yw               0.000000            550.0000    
    x                0.000000            0.000000    
    y                0.000000            0.000000    
    tlr              2320000.            2159462.    
    tls              0.000000            0.000000    
    beta            4.4924364E+11        505627.0    
 
 
 PREDUNC5 observation subtraction analysis for prediction "q7801" ----->

    Increases in predictive uncertainty variance incurred through loss of observations

    Observation_group        Variance_increase
    -----------------        -----------------
    q                          3827035.    
 
 
 PREDUNC5 observation addition analysis for prediction "q7801" ----->

    Decreases in pre-calibration predictive uncertainty variance incurred through addition of observations

    Observation_group        Variance_decrease
    -----------------        -----------------
    q                          3827035.    
