 
 
                   ###################################################
                   #                                                 #
                   #      GENLINPRED UNCERTAINTY/ERROR ANALYSIS      #
                   #                                                 #
                   ###################################################
 
 
 
                   ANALYSIS DETAILS
                   ----------------
 
    Name of PEST control file                                   : master.pst
    Factor by which to multiply observation weights             : 1.0000
    Source of parameter uncertainty data                        : uncertainty file
    Name of uncertainty file                                    : master_lu.unc
 
    Perform global parameter estimability analysis              : yes
         Parameter identifiability                              : yes
         Relative parameter error reduction                     : no
         Relative parameter uncertainty reduction               : yes
 
    Analyse error/uncertainty of an entity                      : yes
         Name of entity                                         : q7774
         Type of entity                                         : prediction
         File containing prediction sensitivities               : master.jco
 
         Total error variance                                   : yes
         Total uncertainty                                      : yes
 
         Parameter contributions to error variance              : no
         Parameter contributions to uncertainty                 : yes
         Parameter contributions                                : by group
 
         Observation worth in reducing error variance           : no
         Observation worth in reducing uncertainty variance     : yes
         Observation worth                                      : by group


                   ANALYSIS OF PARAMETERS
                   ----------------------


 Outcomes of running program SUPCALC ----->
 
    Number of dimensions of calibration solution space = 37
    Number of dimensions of calibration null space     = 73

 Outcomes of parameter identifiability and error/uncertainty variance reduction analysis ----->
 
    Parameter              Identifiability        Rel_uncert_var_redn
    ---------              ---------------        -------------------
    ddsd                    0.9999998              0.9999883
    ddsw                    0.9999999              0.9999618
    ddgd                    0.4999996              0.4999947
    ddgw                    0.5000000              0.4999944
    rcs1d                   5.2784474E-05          3.4920000E-04
    rcs1w                   3.3520022E-06          1.3700000E-04
    rcs2d                   3.7916939E-03          2.3874800E-02
    rcs2w                   4.9185092E-04          7.2455000E-03
    rcs3d                   0.2276467              0.5087267
    rcs3w                   0.3133291              0.4109682
    rcs4d                   0.7839256              0.7549749
    rcs4w                   0.7121810              0.6779741
    rcs5d                   0.9854458              0.8860479
    rcs5w                   0.9741993              0.8970610
    rcs6d                   0.9997271              0.9870041
    rcs6w                   0.9995618              0.9865035
    rcs7d                   0.9999757              0.9963495
    rcs7w                   0.9999009              0.9926186
    rcs8d                   0.9968503              0.5673422
    rcs8w                   0.9999366              0.9795778
    rcs9d                   0.9997672              0.9426687
    rcs9w                   0.9999673              0.9715973
    rcs10d                  0.9999928              0.9945303
    rcs10w                  0.9999721              0.9475179
    rcs11d                  0.9999874              0.9967438
    rcs11w                  0.9999813              0.9658967
    rcs12d                  0.9999072              0.9975249
    rcs12w                  0.9999783              0.9835719
    rcs13d                  0.9999330              0.9937541
    rcs13w                  0.9999612              0.9795068
    rcs14d                  0.9998821              0.9888769
    rcs14w                  0.9997068              0.9466328
    rcs15d                  9.0392017E-31           0.000000
    rcs15w                  0.9969863              0.9375851
    rcs16d                  0.9985641              0.9858258
    rcs16w                  0.9986262              0.9027609
    rcs17d                  0.9977774              0.9773539
    rcs17w                  0.9359331              0.8191461
    rcs18d                  0.8312394              0.8643868
    rcs18w                  0.7832730              0.7577439
    rcs19d                  0.3811551              0.6146295
    rcs19w                  0.2232840              0.3181122
    rcs20d                  0.7546742              0.6832617
    rcs20w                  6.0535700E-02          0.1177211
    rcs21d                  3.9256430E-02          0.2955094
    rcs21w                  1.3826657E-03          8.7725000E-03
    rcs22d                  1.9831023E-04          2.3588000E-03
    rcs22w                  2.4381951E-05          2.9240000E-04
    rcs23d                  3.3022324E-05          5.7950000E-04
    rcs23w                  4.9445478E-06          8.7800000E-05
    rcs24d                  7.6596952E-07          1.4000000E-05
    rcs24w                  1.3540055E-07          2.7000000E-06
    rcr1d                   1.3473518E-07          7.0000000E-06
    rcr1w                   5.9539865E-07          1.1700000E-05
    rcr2d                   4.1753148E-06          2.0150000E-04
    rcr2w                   1.7427482E-05          3.3730000E-04
    rcr3d                   1.3353699E-05          8.4470000E-04
    rcr3w                   5.5724398E-05          1.2622000E-03
    rcr4d                   1.6136871E-05          1.5343000E-03
    rcr4w                   1.0896584E-04          2.1769000E-03
    rcr5d                   1.5762251E-05          2.2874000E-03
    rcr5w                   1.3096214E-04          2.6894000E-03
    rcr6d                   2.4427168E-05          3.5570000E-03
    rcr6w                   8.7565469E-05          3.3900000E-03
    rcr7d                   3.9385816E-05          3.4164000E-03
    rcr7w                   1.0182094E-05          1.1982000E-03
    rcr8d                   2.5473529E-05          3.8685000E-03
    rcr8w                   4.6543575E-06          7.7080000E-04
    rcr9d                   2.9700384E-05          4.2330000E-03
    rcr9w                   6.4494528E-06          8.6600000E-04
    rcr10d                  3.5720187E-05          4.7950000E-03
    rcr10w                  5.0806947E-06          7.7690000E-04
    rcr11d                  3.3569779E-05          5.5096000E-03
    rcr11w                  4.6120660E-06          7.1180000E-04
    rcr12d                  1.1143255E-05          3.5222000E-03
    rcr12w                  3.8960116E-06          3.9800000E-04
    rcr13d                  5.5959970E-06          1.5701000E-03
    rcr13w                  2.0492784E-06          1.7800000E-04
    rcr14d                  2.6723177E-06          7.3650000E-04
    rcr14w                  9.1214240E-07          7.6600000E-05
    rcr15d                  1.2208033E-06          3.4030000E-04
    rcr15w                  2.2156238E-07          2.3800000E-05
    rcr16d                  6.2581775E-07          1.6710000E-04
    rcr16w                  1.1501419E-07          1.3100000E-05
    rcr17d                  2.1626163E-07          6.4500000E-05
    rcr17w                  1.8469825E-08          3.3000000E-06
    rcr18d                  3.8771568E-08          1.0500000E-05
    rcr18w                  8.2260404E-09          1.3000000E-06
    rcr19d                  1.9095256E-08          5.2000000E-06
    rcr19w                  4.4179724E-09          6.0000000E-07
    rcr20d                  7.6564669E-09          1.9000000E-06
    rcr20w                  1.1300748E-09          2.0000000E-07
    rcr21d                  7.9588173E-10          2.0000000E-07
    rcr21w                  1.4632409E-10           0.000000
    rcr22d                  3.7675489E-11           0.000000
    rcr22w                  5.7861870E-12           0.000000
    rcr23d                  1.2706071E-11           0.000000
    rcr23w                  1.9415959E-12           0.000000
    rcr24d                  3.7714205E-13           0.000000
    rcr24w                  5.6281045E-14           0.000000
    rcgd                    0.4999996              0.4999947
    rcgw                    0.5000000              0.4999944
    tl                       1.000000              0.9999975
    xw                      2.3835311E-03          8.2233100E-02
    yw                      0.9978485              0.9914403
    x                        0.000000               0.000000
    y                        0.000000               0.000000
    tlr                     6.5335780E-05          6.8762000E-02
    tls                      0.000000               0.000000
    beta                    0.9999996              0.9999910
 
    Note: run IDENTPAR yourself to see identiability contributions by different solution 
    space eigencomponents.


                   ANALYSIS OF PREDICTION
                   ----------------------

 PREDVAR1 analysis for prediction "q7774" ----->

    Sing_val       Null-space       Soln-space     Total             Total
    index          term             term           variance          std_dev
    --------       ----------       ----------     --------          -------
       0            1.0156999E+12     0.000000      1.0156999E+12      1007819.    
       5            8.5395910E+09     793586.7      8.5403845E+09      92414.20    
      10            7.3031486E+08     902687.7      7.3121755E+08      27041.03    
      15            7.5380511E+07     1255741.      7.6636252E+07      8754.213    
      20             6155771.         1504221.       7659993.          2767.669    
      25             3297770.         1560990.       4858761.          2204.260    
      26             3213000.         1563580.       4776580.          2185.539    
      27             1972063.         1606260.       3578323.          1891.646    
      28             1577943.         1620888.       3198831.          1788.528    
      29             1549251.         1621999.       3171250.          1780.800    
      30             1537979.         1622866.       3160845.          1777.877    
      31             1537963.         1622868.       3160830.          1777.872    
      32             1521090.         1625675.       3146765.          1773.912    
      33             1466837.         1637825.       3104662.          1762.005    
      34             582902.3         1877487.       2460389.          1568.563    
      35             580291.2         1878299.       2458590.          1567.989    
      36             514067.8         1901492.       2415559.          1554.207    
      37             512829.7         1902557.       2415386.          1554.151    
      38             86677.87         2419185.       2505863.          1582.992    
      39             86477.93         2419451.       2505929.          1583.013    
      40             86442.03         2419563.       2506005.          1583.037    
      41             14779.06         2670478.       2685257.          1638.675    
      42             14729.50         2670711.       2685441.          1638.732    
      43             14721.47         2670808.       2685530.          1638.759    
      44             13269.25         2690400.       2703670.          1644.284    
      45             13252.69         2690791.       2704044.          1644.398    
      50             496.3118         3213373.       3213869.          1792.727    
      55             29.35585         3667786.       3667815.          1915.154    
      60             13.66319         3724103.       3724116.          1929.797    
      65             9.896625         3763242.       3763252.          1939.910    
      70             1.577917         3939291.       3939293.          1984.765    
      75            0.8380449         3980481.       3980482.          1995.115    
      80            0.1092865         4053266.       4053266.          2013.272    
      85            4.7058840E-02     4093795.       4093795.          2023.313    
      90            2.3624451E-02     4176235.       4176235.          2043.584    
      95            2.2564227E-04     4691626.       4691626.          2166.016    
     100            6.4053323E-08     5283183.       5283183.          2298.518    
     105            1.3758335E-17     8087764.       8087764.          2843.899    
     110             0.000000        1.0000000E+35  1.0000000E+35     3.1622777E+17
 
    Pre-calibration:- 
    Total error variance                 =  1.0156999E+12
    Total error standard deviation       =   1007819.    
 
    Post-calibration:-
    Total error variance                 =   2415386.    
    Total error standard deviation       =   1554.151    
    Minimum error variance occurs at singular value number 37.
 
 
 PREDUNC1 analysis for prediction "q7774" ----->

    Pre-calibration:- 
    Total uncertainty variance           =  1.0156991E+12
    Total uncertainty standard deviation =   1007819.    
 
    Post-calibration:-
    Total uncertainty variance           =   2141197.    
    Total uncertainty standard deviation =   1463.283    
 
 
 PREDUNC4 analysis for prediction "q7774" ----->

    Contributions to predictive uncertainty variance

    Parameter      Pre-cal             Post-cal
    group          contribution        contribution
    ---------      ------------        ------------
    ddsd            1.0397000E+09        5560.000    
    ddsw             0.000000            280.0000    
    ddgd            2.2350119E+11        0.000000    
    ddgw             0.000000            0.000000    
    rcsd            1.1005000E+09        1317836.    
    rcsw             0.000000            68375.00    
    rcrd             100000.0            8652.000    
    rcrw             0.000000            140.0000    
    rcgd            2.2350119E+11        0.000000    
    rcgw             0.000000            0.000000    
    tl              5.9376850E+10        1110.000    
    xw               0.000000            49.00000    
    yw               0.000000            229.0000    
    x                0.000000            0.000000    
    y                0.000000            0.000000    
    tlr              0.000000            971.0000    
    tls              0.000000            0.000000    
    beta            5.0718058E+11        151826.0    
 
 
 PREDUNC5 observation subtraction analysis for prediction "q7774" ----->

    Increases in predictive uncertainty variance incurred through loss of observations

    Observation_group        Variance_increase
    -----------------        -----------------
    q                          2141197.    
 
 
 PREDUNC5 observation addition analysis for prediction "q7774" ----->

    Decreases in pre-calibration predictive uncertainty variance incurred through addition of observations

    Observation_group        Variance_decrease
    -----------------        -----------------
    q                          2141197.    
