 
 
                   ###################################################
                   #                                                 #
                   #      GENLINPRED UNCERTAINTY/ERROR ANALYSIS      #
                   #                                                 #
                   ###################################################
 
 
 
                   ANALYSIS DETAILS
                   ----------------
 
    Name of PEST control file                                   : master.pst
    Factor by which to multiply observation weights             : 1.0000
    Source of parameter uncertainty data                        : uncertainty file
    Name of uncertainty file                                    : master_lu.unc
 
    Perform global parameter estimability analysis              : yes
         Parameter identifiability                              : yes
         Relative parameter error reduction                     : no
         Relative parameter uncertainty reduction               : yes
 
    Analyse error/uncertainty of an entity                      : yes
         Name of entity                                         : q7859
         Type of entity                                         : prediction
         File containing prediction sensitivities               : master.jco
 
         Total error variance                                   : yes
         Total uncertainty                                      : yes
 
         Parameter contributions to error variance              : no
         Parameter contributions to uncertainty                 : yes
         Parameter contributions                                : by group
 
         Observation worth in reducing error variance           : no
         Observation worth in reducing uncertainty variance     : yes
         Observation worth                                      : by group


                   ANALYSIS OF PARAMETERS
                   ----------------------


 Outcomes of running program SUPCALC ----->
 
    Number of dimensions of calibration solution space = 37
    Number of dimensions of calibration null space     = 73

 Outcomes of parameter identifiability and error/uncertainty variance reduction analysis ----->
 
    Parameter              Identifiability        Rel_uncert_var_redn
    ---------              ---------------        -------------------
    ddsd                    0.9999998              0.9999883
    ddsw                    0.9999999              0.9999618
    ddgd                    0.4999996              0.4999947
    ddgw                    0.5000000              0.4999944
    rcs1d                   5.2784474E-05          3.4920000E-04
    rcs1w                   3.3520022E-06          1.3700000E-04
    rcs2d                   3.7916939E-03          2.3874800E-02
    rcs2w                   4.9185092E-04          7.2455000E-03
    rcs3d                   0.2276467              0.5087267
    rcs3w                   0.3133291              0.4109682
    rcs4d                   0.7839256              0.7549749
    rcs4w                   0.7121810              0.6779741
    rcs5d                   0.9854458              0.8860479
    rcs5w                   0.9741993              0.8970610
    rcs6d                   0.9997271              0.9870041
    rcs6w                   0.9995618              0.9865035
    rcs7d                   0.9999757              0.9963495
    rcs7w                   0.9999009              0.9926186
    rcs8d                   0.9968503              0.5673422
    rcs8w                   0.9999366              0.9795778
    rcs9d                   0.9997672              0.9426687
    rcs9w                   0.9999673              0.9715973
    rcs10d                  0.9999928              0.9945303
    rcs10w                  0.9999721              0.9475179
    rcs11d                  0.9999874              0.9967438
    rcs11w                  0.9999813              0.9658967
    rcs12d                  0.9999072              0.9975249
    rcs12w                  0.9999783              0.9835719
    rcs13d                  0.9999330              0.9937541
    rcs13w                  0.9999612              0.9795068
    rcs14d                  0.9998821              0.9888769
    rcs14w                  0.9997068              0.9466328
    rcs15d                  9.0392017E-31           0.000000
    rcs15w                  0.9969863              0.9375851
    rcs16d                  0.9985641              0.9858258
    rcs16w                  0.9986262              0.9027609
    rcs17d                  0.9977774              0.9773539
    rcs17w                  0.9359331              0.8191461
    rcs18d                  0.8312394              0.8643868
    rcs18w                  0.7832730              0.7577439
    rcs19d                  0.3811551              0.6146295
    rcs19w                  0.2232840              0.3181122
    rcs20d                  0.7546742              0.6832617
    rcs20w                  6.0535700E-02          0.1177211
    rcs21d                  3.9256430E-02          0.2955094
    rcs21w                  1.3826657E-03          8.7725000E-03
    rcs22d                  1.9831023E-04          2.3588000E-03
    rcs22w                  2.4381951E-05          2.9240000E-04
    rcs23d                  3.3022324E-05          5.7950000E-04
    rcs23w                  4.9445478E-06          8.7800000E-05
    rcs24d                  7.6596952E-07          1.4000000E-05
    rcs24w                  1.3540055E-07          2.7000000E-06
    rcr1d                   1.3473518E-07          7.0000000E-06
    rcr1w                   5.9539865E-07          1.1700000E-05
    rcr2d                   4.1753148E-06          2.0150000E-04
    rcr2w                   1.7427482E-05          3.3730000E-04
    rcr3d                   1.3353699E-05          8.4470000E-04
    rcr3w                   5.5724398E-05          1.2622000E-03
    rcr4d                   1.6136871E-05          1.5343000E-03
    rcr4w                   1.0896584E-04          2.1769000E-03
    rcr5d                   1.5762251E-05          2.2874000E-03
    rcr5w                   1.3096214E-04          2.6894000E-03
    rcr6d                   2.4427168E-05          3.5570000E-03
    rcr6w                   8.7565469E-05          3.3900000E-03
    rcr7d                   3.9385816E-05          3.4164000E-03
    rcr7w                   1.0182094E-05          1.1982000E-03
    rcr8d                   2.5473529E-05          3.8685000E-03
    rcr8w                   4.6543575E-06          7.7080000E-04
    rcr9d                   2.9700384E-05          4.2330000E-03
    rcr9w                   6.4494528E-06          8.6600000E-04
    rcr10d                  3.5720187E-05          4.7950000E-03
    rcr10w                  5.0806947E-06          7.7690000E-04
    rcr11d                  3.3569779E-05          5.5096000E-03
    rcr11w                  4.6120660E-06          7.1180000E-04
    rcr12d                  1.1143255E-05          3.5222000E-03
    rcr12w                  3.8960116E-06          3.9800000E-04
    rcr13d                  5.5959970E-06          1.5701000E-03
    rcr13w                  2.0492784E-06          1.7800000E-04
    rcr14d                  2.6723177E-06          7.3650000E-04
    rcr14w                  9.1214240E-07          7.6600000E-05
    rcr15d                  1.2208033E-06          3.4030000E-04
    rcr15w                  2.2156238E-07          2.3800000E-05
    rcr16d                  6.2581775E-07          1.6710000E-04
    rcr16w                  1.1501419E-07          1.3100000E-05
    rcr17d                  2.1626163E-07          6.4500000E-05
    rcr17w                  1.8469825E-08          3.3000000E-06
    rcr18d                  3.8771568E-08          1.0500000E-05
    rcr18w                  8.2260404E-09          1.3000000E-06
    rcr19d                  1.9095256E-08          5.2000000E-06
    rcr19w                  4.4179724E-09          6.0000000E-07
    rcr20d                  7.6564669E-09          1.9000000E-06
    rcr20w                  1.1300748E-09          2.0000000E-07
    rcr21d                  7.9588173E-10          2.0000000E-07
    rcr21w                  1.4632409E-10           0.000000
    rcr22d                  3.7675489E-11           0.000000
    rcr22w                  5.7861870E-12           0.000000
    rcr23d                  1.2706071E-11           0.000000
    rcr23w                  1.9415959E-12           0.000000
    rcr24d                  3.7714205E-13           0.000000
    rcr24w                  5.6281045E-14           0.000000
    rcgd                    0.4999996              0.4999947
    rcgw                    0.5000000              0.4999944
    tl                       1.000000              0.9999975
    xw                      2.3835311E-03          8.2233100E-02
    yw                      0.9978485              0.9914403
    x                        0.000000               0.000000
    y                        0.000000               0.000000
    tlr                     6.5335780E-05          6.8762000E-02
    tls                      0.000000               0.000000
    beta                    0.9999996              0.9999910
 
    Note: run IDENTPAR yourself to see identiability contributions by different solution 
    space eigencomponents.


                   ANALYSIS OF PREDICTION
                   ----------------------

 PREDVAR1 analysis for prediction "q7859" ----->

    Sing_val       Null-space       Soln-space     Total             Total
    index          term             term           variance          std_dev
    --------       ----------       ----------     --------          -------
       0            4.2812824E+11     0.000000      4.2812824E+11      654315.1    
       5            4.8197468E+10     197382.8      4.8197665E+10      219539.7    
      10            2.1031635E+09     891072.0      2.1040546E+09      45869.97    
      15            3.3234864E+07     1733208.      3.4968072E+07      5913.381    
      20             4266552.         1810527.       6077079.          2465.173    
      25             2564314.         1829778.       4394092.          2096.209    
      30             431746.3         1904474.       2336220.          1528.470    
      31             421183.9         1905691.       2326875.          1525.410    
      32             415306.6         1906669.       2321975.          1523.803    
      33             414960.4         1906746.       2321707.          1523.715    
      34             302249.9         1937305.       2239555.          1496.514    
      35             298748.9         1938395.       2237144.          1495.709    
      36             102994.3         2006951.       2109945.          1452.565    
      37             65141.79         2039517.       2104659.          1450.744    
      38             38796.98         2071455.       2110252.          1452.671    
      39             23809.95         2091354.       2115164.          1454.360    
      40             23392.70         2092651.       2116044.          1454.663    
      41             17939.26         2111746.       2129685.          1459.344    
      42             16599.09         2118066.       2134665.          1461.049    
      43             15590.53         2130203.       2145794.          1464.853    
      44             15104.52         2136760.       2151865.          1466.924    
      45             14991.85         2139422.       2154414.          1467.792    
      46             11977.88         2248743.       2260720.          1503.569    
      47             7923.636         2442013.       2449937.          1565.227    
      48             6349.524         2599473.       2605822.          1614.256    
      49             6349.456         2599481.       2605831.          1614.259    
      50             6346.752         2599889.       2606236.          1614.384    
      55             2082.220         3720221.       3722303.          1929.327    
      60             1840.342         4609973.       4611814.          2147.513    
      65             833.3141        1.3975722E+07  1.3976556E+07      3738.523    
      70             768.8083        1.5258950E+07  1.5259719E+07      3906.369    
      75             131.4580        5.3193600E+07  5.3193731E+07      7293.403    
      80             12.92535        7.3846570E+07  7.3846583E+07      8593.403    
      85            0.4485551        7.9788776E+07  7.9788777E+07      8932.456    
      90            0.1423280        8.0233209E+07  8.0233209E+07      8957.299    
      95            1.4868874E-05    8.3501666E+07  8.3501666E+07      9137.925    
     100            2.9837937E-07    8.3544781E+07  8.3544781E+07      9140.283    
     105            3.4106076E-17    8.3808224E+07  8.3808224E+07      9154.683    
     110             0.000000        1.0000000E+35  1.0000000E+35     3.1622777E+17
 
    Pre-calibration:- 
    Total error variance                 =  4.2812824E+11
    Total error standard deviation       =   654315.1    
 
    Post-calibration:-
    Total error variance                 =   2104659.    
    Total error standard deviation       =   1450.744    
    Minimum error variance occurs at singular value number 37.
 
 
 PREDUNC1 analysis for prediction "q7859" ----->

    Pre-calibration:- 
    Total uncertainty variance           =  4.2812825E+11
    Total uncertainty standard deviation =   654315.1    
 
    Post-calibration:-
    Total uncertainty variance           =   2040909.    
    Total uncertainty standard deviation =   1428.604    
 
 
 PREDUNC4 analysis for prediction "q7859" ----->

    Contributions to predictive uncertainty variance

    Parameter      Pre-cal             Post-cal
    group          contribution        contribution
    ---------      ------------        ------------
    ddsd            3.4389100E+09        59031.00    
    ddsw             0.000000            1547.000    
    ddgd            3.2547000E+09        7.000000    
    ddgw             0.000000            2.000000    
    rcsd            5.9853000E+08        1307576.    
    rcsw             0.000000            856432.0    
    rcrd             30000.00            8435.000    
    rcrw             0.000000            1698.000    
    rcgd            3.2547000E+09        7.000000    
    rcgw             0.000000            2.000000    
    tl              5.6390960E+10        31591.00    
    xw               0.000000            573.0000    
    yw               0.000000            2570.000    
    x                0.000000            0.000000    
    y                0.000000            0.000000    
    tlr              10000.00            795.0000    
    tls              0.000000            0.000000    
    beta            3.6119043E+11        1856064.    
 
 
 PREDUNC5 observation subtraction analysis for prediction "q7859" ----->

    Increases in predictive uncertainty variance incurred through loss of observations

    Observation_group        Variance_increase
    -----------------        -----------------
    q                          2040909.    
 
 
 PREDUNC5 observation addition analysis for prediction "q7859" ----->

    Decreases in pre-calibration predictive uncertainty variance incurred through addition of observations

    Observation_group        Variance_decrease
    -----------------        -----------------
    q                          2040909.    
