 
 
                   ###################################################
                   #                                                 #
                   #      GENLINPRED UNCERTAINTY/ERROR ANALYSIS      #
                   #                                                 #
                   ###################################################
 
 
 
                   ANALYSIS DETAILS
                   ----------------
 
    Name of PEST control file                                   : master.pst
    Factor by which to multiply observation weights             : 1.0000
    Source of parameter uncertainty data                        : uncertainty file
    Name of uncertainty file                                    : master_lu.unc
 
    Perform global parameter estimability analysis              : yes
         Parameter identifiability                              : yes
         Relative parameter error reduction                     : no
         Relative parameter uncertainty reduction               : yes
 
    Analyse error/uncertainty of an entity                      : yes
         Name of entity                                         : q7822
         Type of entity                                         : prediction
         File containing prediction sensitivities               : master.jco
 
         Total error variance                                   : yes
         Total uncertainty                                      : yes
 
         Parameter contributions to error variance              : no
         Parameter contributions to uncertainty                 : yes
         Parameter contributions                                : by group
 
         Observation worth in reducing error variance           : no
         Observation worth in reducing uncertainty variance     : yes
         Observation worth                                      : by group


                   ANALYSIS OF PARAMETERS
                   ----------------------


 Outcomes of running program SUPCALC ----->
 
    Number of dimensions of calibration solution space = 37
    Number of dimensions of calibration null space     = 73

 Outcomes of parameter identifiability and error/uncertainty variance reduction analysis ----->
 
    Parameter              Identifiability        Rel_uncert_var_redn
    ---------              ---------------        -------------------
    ddsd                    0.9999998              0.9999883
    ddsw                    0.9999999              0.9999618
    ddgd                    0.4999996              0.4999947
    ddgw                    0.5000000              0.4999944
    rcs1d                   5.2784474E-05          3.4920000E-04
    rcs1w                   3.3520022E-06          1.3700000E-04
    rcs2d                   3.7916939E-03          2.3874800E-02
    rcs2w                   4.9185092E-04          7.2455000E-03
    rcs3d                   0.2276467              0.5087267
    rcs3w                   0.3133291              0.4109682
    rcs4d                   0.7839256              0.7549749
    rcs4w                   0.7121810              0.6779741
    rcs5d                   0.9854458              0.8860479
    rcs5w                   0.9741993              0.8970610
    rcs6d                   0.9997271              0.9870041
    rcs6w                   0.9995618              0.9865035
    rcs7d                   0.9999757              0.9963495
    rcs7w                   0.9999009              0.9926186
    rcs8d                   0.9968503              0.5673422
    rcs8w                   0.9999366              0.9795778
    rcs9d                   0.9997672              0.9426687
    rcs9w                   0.9999673              0.9715973
    rcs10d                  0.9999928              0.9945303
    rcs10w                  0.9999721              0.9475179
    rcs11d                  0.9999874              0.9967438
    rcs11w                  0.9999813              0.9658967
    rcs12d                  0.9999072              0.9975249
    rcs12w                  0.9999783              0.9835719
    rcs13d                  0.9999330              0.9937541
    rcs13w                  0.9999612              0.9795068
    rcs14d                  0.9998821              0.9888769
    rcs14w                  0.9997068              0.9466328
    rcs15d                  9.0392017E-31           0.000000
    rcs15w                  0.9969863              0.9375851
    rcs16d                  0.9985641              0.9858258
    rcs16w                  0.9986262              0.9027609
    rcs17d                  0.9977774              0.9773539
    rcs17w                  0.9359331              0.8191461
    rcs18d                  0.8312394              0.8643868
    rcs18w                  0.7832730              0.7577439
    rcs19d                  0.3811551              0.6146295
    rcs19w                  0.2232840              0.3181122
    rcs20d                  0.7546742              0.6832617
    rcs20w                  6.0535700E-02          0.1177211
    rcs21d                  3.9256430E-02          0.2955094
    rcs21w                  1.3826657E-03          8.7725000E-03
    rcs22d                  1.9831023E-04          2.3588000E-03
    rcs22w                  2.4381951E-05          2.9240000E-04
    rcs23d                  3.3022324E-05          5.7950000E-04
    rcs23w                  4.9445478E-06          8.7800000E-05
    rcs24d                  7.6596952E-07          1.4000000E-05
    rcs24w                  1.3540055E-07          2.7000000E-06
    rcr1d                   1.3473518E-07          7.0000000E-06
    rcr1w                   5.9539865E-07          1.1700000E-05
    rcr2d                   4.1753148E-06          2.0150000E-04
    rcr2w                   1.7427482E-05          3.3730000E-04
    rcr3d                   1.3353699E-05          8.4470000E-04
    rcr3w                   5.5724398E-05          1.2622000E-03
    rcr4d                   1.6136871E-05          1.5343000E-03
    rcr4w                   1.0896584E-04          2.1769000E-03
    rcr5d                   1.5762251E-05          2.2874000E-03
    rcr5w                   1.3096214E-04          2.6894000E-03
    rcr6d                   2.4427168E-05          3.5570000E-03
    rcr6w                   8.7565469E-05          3.3900000E-03
    rcr7d                   3.9385816E-05          3.4164000E-03
    rcr7w                   1.0182094E-05          1.1982000E-03
    rcr8d                   2.5473529E-05          3.8685000E-03
    rcr8w                   4.6543575E-06          7.7080000E-04
    rcr9d                   2.9700384E-05          4.2330000E-03
    rcr9w                   6.4494528E-06          8.6600000E-04
    rcr10d                  3.5720187E-05          4.7950000E-03
    rcr10w                  5.0806947E-06          7.7690000E-04
    rcr11d                  3.3569779E-05          5.5096000E-03
    rcr11w                  4.6120660E-06          7.1180000E-04
    rcr12d                  1.1143255E-05          3.5222000E-03
    rcr12w                  3.8960116E-06          3.9800000E-04
    rcr13d                  5.5959970E-06          1.5701000E-03
    rcr13w                  2.0492784E-06          1.7800000E-04
    rcr14d                  2.6723177E-06          7.3650000E-04
    rcr14w                  9.1214240E-07          7.6600000E-05
    rcr15d                  1.2208033E-06          3.4030000E-04
    rcr15w                  2.2156238E-07          2.3800000E-05
    rcr16d                  6.2581775E-07          1.6710000E-04
    rcr16w                  1.1501419E-07          1.3100000E-05
    rcr17d                  2.1626163E-07          6.4500000E-05
    rcr17w                  1.8469825E-08          3.3000000E-06
    rcr18d                  3.8771568E-08          1.0500000E-05
    rcr18w                  8.2260404E-09          1.3000000E-06
    rcr19d                  1.9095256E-08          5.2000000E-06
    rcr19w                  4.4179724E-09          6.0000000E-07
    rcr20d                  7.6564669E-09          1.9000000E-06
    rcr20w                  1.1300748E-09          2.0000000E-07
    rcr21d                  7.9588173E-10          2.0000000E-07
    rcr21w                  1.4632409E-10           0.000000
    rcr22d                  3.7675489E-11           0.000000
    rcr22w                  5.7861870E-12           0.000000
    rcr23d                  1.2706071E-11           0.000000
    rcr23w                  1.9415959E-12           0.000000
    rcr24d                  3.7714205E-13           0.000000
    rcr24w                  5.6281045E-14           0.000000
    rcgd                    0.4999996              0.4999947
    rcgw                    0.5000000              0.4999944
    tl                       1.000000              0.9999975
    xw                      2.3835311E-03          8.2233100E-02
    yw                      0.9978485              0.9914403
    x                        0.000000               0.000000
    y                        0.000000               0.000000
    tlr                     6.5335780E-05          6.8762000E-02
    tls                      0.000000               0.000000
    beta                    0.9999996              0.9999910
 
    Note: run IDENTPAR yourself to see identiability contributions by different solution 
    space eigencomponents.


                   ANALYSIS OF PREDICTION
                   ----------------------

 PREDVAR1 analysis for prediction "q7822" ----->

    Sing_val       Null-space       Soln-space     Total             Total
    index          term             term           variance          std_dev
    --------       ----------       ----------     --------          -------
       0            6.2422424E+11     0.000000      6.2422424E+11      790078.6    
       5            1.7148906E+10     292395.8      1.7149198E+10      130954.9    
      10            1.1704756E+09     560940.5      1.1710365E+09      34220.41    
      15            2.8415694E+07     1056813.      2.9472507E+07      5428.859    
      20            1.0216373E+07     1109184.      1.1325557E+07      3365.346    
      25             7758060.         1158179.       8916239.          2986.007    
      30             1001158.         1388055.       2389213.          1545.708    
      31             994513.4         1388820.       2383334.          1543.805    
      32             982967.1         1390742.       2373709.          1540.685    
      33             979893.4         1391430.       2371323.          1539.910    
      34             970481.1         1393982.       2364463.          1537.681    
      35             969885.4         1394167.       2364053.          1537.548    
      36             125921.6         1689735.       1815656.          1347.463    
      37             120798.4         1694143.       1814941.          1347.197    
      38             107941.2         1709730.       1817671.          1348.210    
      39             100571.2         1719515.       1820086.          1349.106    
      40             100503.7         1719725.       1820229.          1349.159    
      41             74884.38         1809426.       1884311.          1372.702    
      42             74081.47         1813213.       1887294.          1373.788    
      43             72803.51         1828592.       1901396.          1378.911    
      44             72787.79         1828804.       1901592.          1378.982    
      45             72742.83         1829867.       1902609.          1379.351    
      46             16155.42         3882360.       3898515.          1974.466    
      47             14957.03         3939488.       3954445.          1988.579    
      48             13433.63         4091874.       4105308.          2026.156    
      49             13407.86         4095244.       4108651.          2026.981    
      50             13184.88         4128872.       4142057.          2035.204    
      55             914.5274         7505750.       7506664.          2739.829    
      60             749.2971         8154949.       8155699.          2855.818    
      65             259.5431        1.2459977E+07  1.2460237E+07      3529.906    
      70             258.5510        1.2481305E+07  1.2481564E+07      3532.926    
      75             168.0547        1.8353178E+07  1.8353346E+07      4284.081    
      80             147.1403        2.0415647E+07  2.0415794E+07      4518.384    
      85             3.025321        8.7691721E+07  8.7691725E+07      9364.386    
      90            0.2033775        9.2162664E+07  9.2162664E+07      9600.139    
      95            8.9443404E-05    9.9539631E+07  9.9539631E+07      9976.955    
     100            1.8135314E-06    9.9763419E+07  9.9763419E+07      9988.164    
     105            1.2085996E-17    1.0141284E+08  1.0141284E+08      10070.39    
     110             0.000000        1.0000000E+35  1.0000000E+35     3.1622777E+17
 
    Pre-calibration:- 
    Total error variance                 =  6.2422424E+11
    Total error standard deviation       =   790078.6    
 
    Post-calibration:-
    Total error variance                 =   1814941.    
    Total error standard deviation       =   1347.197    
    Minimum error variance occurs at singular value number 37.
 
 
 PREDUNC1 analysis for prediction "q7822" ----->

    Pre-calibration:- 
    Total uncertainty variance           =  6.2422419E+11
    Total uncertainty standard deviation =   790078.6    
 
    Post-calibration:-
    Total uncertainty variance           =   1709365.    
    Total uncertainty standard deviation =   1307.427    
 
 
 PREDUNC4 analysis for prediction "q7822" ----->

    Contributions to predictive uncertainty variance

    Parameter      Pre-cal             Post-cal
    group          contribution        contribution
    ---------      ------------        ------------
    ddsd            5.4989700E+09        65294.00    
    ddsw             0.000000            67.00000    
    ddgd            4.3775520E+10        1.000000    
    ddgw             0.000000            2.000000    
    rcsd            1.2242700E+09        1191382.    
    rcsw             0.000000            381391.0    
    rcrd             230000.0            73968.00    
    rcrw             0.000000            839.0000    
    rcgd            4.3775520E+10        1.000000    
    rcgw             0.000000            2.000000    
    tl              1.1606402E+11        445.0000    
    xw               0.000000            335.0000    
    yw               0.000000            1485.000    
    x                0.000000            0.000000    
    y                0.000000            0.000000    
    tlr              0.000000            746.0000    
    tls              0.000000            0.000000    
    beta            4.1388571E+11        912084.5    
 
 
 PREDUNC5 observation subtraction analysis for prediction "q7822" ----->

    Increases in predictive uncertainty variance incurred through loss of observations

    Observation_group        Variance_increase
    -----------------        -----------------
    q                          1709365.    
 
 
 PREDUNC5 observation addition analysis for prediction "q7822" ----->

    Decreases in pre-calibration predictive uncertainty variance incurred through addition of observations

    Observation_group        Variance_decrease
    -----------------        -----------------
    q                          1709365.    
