 
 
                   ###################################################
                   #                                                 #
                   #      GENLINPRED UNCERTAINTY/ERROR ANALYSIS      #
                   #                                                 #
                   ###################################################
 
 
 
                   ANALYSIS DETAILS
                   ----------------
 
    Name of PEST control file                                   : master.pst
    Factor by which to multiply observation weights             : 1.0000
    Source of parameter uncertainty data                        : uncertainty file
    Name of uncertainty file                                    : master_lu.unc
 
    Perform global parameter estimability analysis              : yes
         Parameter identifiability                              : yes
         Relative parameter error reduction                     : no
         Relative parameter uncertainty reduction               : yes
 
    Analyse error/uncertainty of an entity                      : yes
         Name of entity                                         : q8057
         Type of entity                                         : prediction
         File containing prediction sensitivities               : master.jco
 
         Total error variance                                   : yes
         Total uncertainty                                      : yes
 
         Parameter contributions to error variance              : no
         Parameter contributions to uncertainty                 : yes
         Parameter contributions                                : by group
 
         Observation worth in reducing error variance           : no
         Observation worth in reducing uncertainty variance     : yes
         Observation worth                                      : by group


                   ANALYSIS OF PARAMETERS
                   ----------------------


 Outcomes of running program SUPCALC ----->
 
    Number of dimensions of calibration solution space = 37
    Number of dimensions of calibration null space     = 73

 Outcomes of parameter identifiability and error/uncertainty variance reduction analysis ----->
 
    Parameter              Identifiability        Rel_uncert_var_redn
    ---------              ---------------        -------------------
    ddsd                    0.9999998              0.9999883
    ddsw                    0.9999999              0.9999618
    ddgd                    0.4999996              0.4999947
    ddgw                    0.5000000              0.4999944
    rcs1d                   5.2784474E-05          3.4920000E-04
    rcs1w                   3.3520022E-06          1.3700000E-04
    rcs2d                   3.7916939E-03          2.3874800E-02
    rcs2w                   4.9185092E-04          7.2455000E-03
    rcs3d                   0.2276467              0.5087267
    rcs3w                   0.3133291              0.4109682
    rcs4d                   0.7839256              0.7549749
    rcs4w                   0.7121810              0.6779741
    rcs5d                   0.9854458              0.8860479
    rcs5w                   0.9741993              0.8970610
    rcs6d                   0.9997271              0.9870041
    rcs6w                   0.9995618              0.9865035
    rcs7d                   0.9999757              0.9963495
    rcs7w                   0.9999009              0.9926186
    rcs8d                   0.9968503              0.5673422
    rcs8w                   0.9999366              0.9795778
    rcs9d                   0.9997672              0.9426687
    rcs9w                   0.9999673              0.9715973
    rcs10d                  0.9999928              0.9945303
    rcs10w                  0.9999721              0.9475179
    rcs11d                  0.9999874              0.9967438
    rcs11w                  0.9999813              0.9658967
    rcs12d                  0.9999072              0.9975249
    rcs12w                  0.9999783              0.9835719
    rcs13d                  0.9999330              0.9937541
    rcs13w                  0.9999612              0.9795068
    rcs14d                  0.9998821              0.9888769
    rcs14w                  0.9997068              0.9466328
    rcs15d                  9.0392017E-31           0.000000
    rcs15w                  0.9969863              0.9375851
    rcs16d                  0.9985641              0.9858258
    rcs16w                  0.9986262              0.9027609
    rcs17d                  0.9977774              0.9773539
    rcs17w                  0.9359331              0.8191461
    rcs18d                  0.8312394              0.8643868
    rcs18w                  0.7832730              0.7577439
    rcs19d                  0.3811551              0.6146295
    rcs19w                  0.2232840              0.3181122
    rcs20d                  0.7546742              0.6832617
    rcs20w                  6.0535700E-02          0.1177211
    rcs21d                  3.9256430E-02          0.2955094
    rcs21w                  1.3826657E-03          8.7725000E-03
    rcs22d                  1.9831023E-04          2.3588000E-03
    rcs22w                  2.4381951E-05          2.9240000E-04
    rcs23d                  3.3022324E-05          5.7950000E-04
    rcs23w                  4.9445478E-06          8.7800000E-05
    rcs24d                  7.6596952E-07          1.4000000E-05
    rcs24w                  1.3540055E-07          2.7000000E-06
    rcr1d                   1.3473518E-07          7.0000000E-06
    rcr1w                   5.9539865E-07          1.1700000E-05
    rcr2d                   4.1753148E-06          2.0150000E-04
    rcr2w                   1.7427482E-05          3.3730000E-04
    rcr3d                   1.3353699E-05          8.4470000E-04
    rcr3w                   5.5724398E-05          1.2622000E-03
    rcr4d                   1.6136871E-05          1.5343000E-03
    rcr4w                   1.0896584E-04          2.1769000E-03
    rcr5d                   1.5762251E-05          2.2874000E-03
    rcr5w                   1.3096214E-04          2.6894000E-03
    rcr6d                   2.4427168E-05          3.5570000E-03
    rcr6w                   8.7565469E-05          3.3900000E-03
    rcr7d                   3.9385816E-05          3.4164000E-03
    rcr7w                   1.0182094E-05          1.1982000E-03
    rcr8d                   2.5473529E-05          3.8685000E-03
    rcr8w                   4.6543575E-06          7.7080000E-04
    rcr9d                   2.9700384E-05          4.2330000E-03
    rcr9w                   6.4494528E-06          8.6600000E-04
    rcr10d                  3.5720187E-05          4.7950000E-03
    rcr10w                  5.0806947E-06          7.7690000E-04
    rcr11d                  3.3569779E-05          5.5096000E-03
    rcr11w                  4.6120660E-06          7.1180000E-04
    rcr12d                  1.1143255E-05          3.5222000E-03
    rcr12w                  3.8960116E-06          3.9800000E-04
    rcr13d                  5.5959970E-06          1.5701000E-03
    rcr13w                  2.0492784E-06          1.7800000E-04
    rcr14d                  2.6723177E-06          7.3650000E-04
    rcr14w                  9.1214240E-07          7.6600000E-05
    rcr15d                  1.2208033E-06          3.4030000E-04
    rcr15w                  2.2156238E-07          2.3800000E-05
    rcr16d                  6.2581775E-07          1.6710000E-04
    rcr16w                  1.1501419E-07          1.3100000E-05
    rcr17d                  2.1626163E-07          6.4500000E-05
    rcr17w                  1.8469825E-08          3.3000000E-06
    rcr18d                  3.8771568E-08          1.0500000E-05
    rcr18w                  8.2260404E-09          1.3000000E-06
    rcr19d                  1.9095256E-08          5.2000000E-06
    rcr19w                  4.4179724E-09          6.0000000E-07
    rcr20d                  7.6564669E-09          1.9000000E-06
    rcr20w                  1.1300748E-09          2.0000000E-07
    rcr21d                  7.9588173E-10          2.0000000E-07
    rcr21w                  1.4632409E-10           0.000000
    rcr22d                  3.7675489E-11           0.000000
    rcr22w                  5.7861870E-12           0.000000
    rcr23d                  1.2706071E-11           0.000000
    rcr23w                  1.9415959E-12           0.000000
    rcr24d                  3.7714205E-13           0.000000
    rcr24w                  5.6281045E-14           0.000000
    rcgd                    0.4999996              0.4999947
    rcgw                    0.5000000              0.4999944
    tl                       1.000000              0.9999975
    xw                      2.3835311E-03          8.2233100E-02
    yw                      0.9978485              0.9914403
    x                        0.000000               0.000000
    y                        0.000000               0.000000
    tlr                     6.5335780E-05          6.8762000E-02
    tls                      0.000000               0.000000
    beta                    0.9999996              0.9999910
 
    Note: run IDENTPAR yourself to see identiability contributions by different solution 
    space eigencomponents.


                   ANALYSIS OF PREDICTION
                   ----------------------

 PREDVAR1 analysis for prediction "q8057" ----->

    Sing_val       Null-space       Soln-space     Total             Total
    index          term             term           variance          std_dev
    --------       ----------       ----------     --------          -------
       0            1.5346939E+12     0.000000      1.5346939E+12      1238828.    
       5            3.0174491E+10     1298635.      3.0175790E+10      173711.8    
      10            2.0664065E+08     1642576.      2.0828323E+08      14432.02    
      15            1.0331723E+08     1683978.      1.0500121E+08      10247.01    
      20            2.9254241E+07     2006094.      3.1260335E+07      5591.094    
      25            2.8671921E+07     2017164.      3.0689085E+07      5539.773    
      30            1.8464093E+07     2375677.      2.0839770E+07      4565.060    
      31            1.8459325E+07     2376226.      2.0835551E+07      4564.598    
      32            1.8207373E+07     2418152.      2.0625525E+07      4541.533    
      33            1.7199774E+07     2643808.      1.9843582E+07      4454.614    
      34             1542146.         6889066.       8431211.          2903.655    
      35             1529209.         6893091.       8422299.          2902.120    
      36             1292397.         6976025.       8268422.          2875.486    
      37             1276030.         6990106.       8266136.          2875.089    
      38             1152990.         7139270.       8292259.          2879.628    
      39             1151420.         7141354.       8292774.          2879.718    
      40             1150282.         7144893.       8295175.          2880.135    
      41             10972.30        1.1133985E+07  1.1144957E+07      3338.406    
      42             10664.26        1.1135438E+07  1.1146102E+07      3338.578    
      43             10644.58        1.1135675E+07  1.1146319E+07      3338.610    
      44             10015.55        1.1144161E+07  1.1154176E+07      3339.787    
      45             9388.737        1.1158970E+07  1.1168358E+07      3341.909    
      46             2465.566        1.1410081E+07  1.1412547E+07      3378.246    
      47             2418.668        1.1412317E+07  1.1414736E+07      3378.570    
      48             1932.045        1.1460994E+07  1.1462926E+07      3385.694    
      49             1930.911        1.1461142E+07  1.1463073E+07      3385.716    
      50             1906.394        1.1464840E+07  1.1466746E+07      3386.258    
      55             171.6764        1.2612996E+07  1.2613168E+07      3551.502    
      60             104.0413        1.2875407E+07  1.2875511E+07      3588.246    
      65             36.58449        1.3553515E+07  1.3553552E+07      3681.515    
      70             27.42486        1.3748487E+07  1.3748514E+07      3707.899    
      75             23.32883        1.3992985E+07  1.3993008E+07      3740.723    
      80             5.083832        1.5800712E+07  1.5800718E+07      3975.012    
      85             1.917984        1.7884169E+07  1.7884171E+07      4228.968    
      90            3.1120729E-03    1.9998940E+07  1.9998940E+07      4472.017    
      95            4.5587253E-04    2.0200860E+07  2.0200860E+07      4494.537    
     100            2.4839971E-06    2.1378324E+07  2.1378324E+07      4623.670    
     105            6.6883946E-17    2.2783721E+07  2.2783721E+07      4773.230    
     110             0.000000        1.0000000E+35  1.0000000E+35     3.1622777E+17
 
    Pre-calibration:- 
    Total error variance                 =  1.5346939E+12
    Total error standard deviation       =   1238828.    
 
    Post-calibration:-
    Total error variance                 =   8266136.    
    Total error standard deviation       =   2875.089    
    Minimum error variance occurs at singular value number 37.
 
 
 PREDUNC1 analysis for prediction "q8057" ----->

    Pre-calibration:- 
    Total uncertainty variance           =  1.5346948E+12
    Total uncertainty standard deviation =   1238828.    
 
    Post-calibration:-
    Total uncertainty variance           =   6960374.    
    Total uncertainty standard deviation =   2638.252    
 
 
 PREDUNC4 analysis for prediction "q8057" ----->

    Contributions to predictive uncertainty variance

    Parameter      Pre-cal             Post-cal
    group          contribution        contribution
    ---------      ------------        ------------
    ddsd            4.4600000E+07        22979.00    
    ddsw             0.000000            5870.000    
    ddgd            4.0774070E+11        0.000000    
    ddgw             0.000000            0.000000    
    rcsd            4.9593000E+09        5316159.    
    rcsw             0.000000            16967.00    
    rcrd             0.000000            11436.00    
    rcrw             0.000000            5.000000    
    rcgd            4.0774070E+11        0.000000    
    rcgw             0.000000            0.000000    
    tl              1.3196060E+11        43507.00    
    xw               0.000000            18.00000    
    yw               0.000000            29.00000    
    x                0.000000            0.000000    
    y                0.000000            0.000000    
    tlr              0.000000            37.00000    
    tls              0.000000            0.000000    
    beta            5.8224789E+11        7838.000    
 
 
 PREDUNC5 observation subtraction analysis for prediction "q8057" ----->

    Increases in predictive uncertainty variance incurred through loss of observations

    Observation_group        Variance_increase
    -----------------        -----------------
    q                          6960374.    
 
 
 PREDUNC5 observation addition analysis for prediction "q8057" ----->

    Decreases in pre-calibration predictive uncertainty variance incurred through addition of observations

    Observation_group        Variance_decrease
    -----------------        -----------------
    q                          6960374.    
