 
 
                   ###################################################
                   #                                                 #
                   #      GENLINPRED UNCERTAINTY/ERROR ANALYSIS      #
                   #                                                 #
                   ###################################################
 
 
 
                   ANALYSIS DETAILS
                   ----------------
 
    Name of PEST control file                                   : master.pst
    Factor by which to multiply observation weights             : 1.0000
    Source of parameter uncertainty data                        : uncertainty file
    Name of uncertainty file                                    : master_lu.unc
 
    Perform global parameter estimability analysis              : yes
         Parameter identifiability                              : yes
         Relative parameter error reduction                     : no
         Relative parameter uncertainty reduction               : yes
 
    Analyse error/uncertainty of an entity                      : yes
         Name of entity                                         : q8099
         Type of entity                                         : prediction
         File containing prediction sensitivities               : master.jco
 
         Total error variance                                   : yes
         Total uncertainty                                      : yes
 
         Parameter contributions to error variance              : no
         Parameter contributions to uncertainty                 : yes
         Parameter contributions                                : by group
 
         Observation worth in reducing error variance           : no
         Observation worth in reducing uncertainty variance     : yes
         Observation worth                                      : by group


                   ANALYSIS OF PARAMETERS
                   ----------------------


 Outcomes of running program SUPCALC ----->
 
    Number of dimensions of calibration solution space = 37
    Number of dimensions of calibration null space     = 73

 Outcomes of parameter identifiability and error/uncertainty variance reduction analysis ----->
 
    Parameter              Identifiability        Rel_uncert_var_redn
    ---------              ---------------        -------------------
    ddsd                    0.9999998              0.9999883
    ddsw                    0.9999999              0.9999618
    ddgd                    0.4999996              0.4999947
    ddgw                    0.5000000              0.4999944
    rcs1d                   5.2784474E-05          3.4920000E-04
    rcs1w                   3.3520022E-06          1.3700000E-04
    rcs2d                   3.7916939E-03          2.3874800E-02
    rcs2w                   4.9185092E-04          7.2455000E-03
    rcs3d                   0.2276467              0.5087267
    rcs3w                   0.3133291              0.4109682
    rcs4d                   0.7839256              0.7549749
    rcs4w                   0.7121810              0.6779741
    rcs5d                   0.9854458              0.8860479
    rcs5w                   0.9741993              0.8970610
    rcs6d                   0.9997271              0.9870041
    rcs6w                   0.9995618              0.9865035
    rcs7d                   0.9999757              0.9963495
    rcs7w                   0.9999009              0.9926186
    rcs8d                   0.9968503              0.5673422
    rcs8w                   0.9999366              0.9795778
    rcs9d                   0.9997672              0.9426687
    rcs9w                   0.9999673              0.9715973
    rcs10d                  0.9999928              0.9945303
    rcs10w                  0.9999721              0.9475179
    rcs11d                  0.9999874              0.9967438
    rcs11w                  0.9999813              0.9658967
    rcs12d                  0.9999072              0.9975249
    rcs12w                  0.9999783              0.9835719
    rcs13d                  0.9999330              0.9937541
    rcs13w                  0.9999612              0.9795068
    rcs14d                  0.9998821              0.9888769
    rcs14w                  0.9997068              0.9466328
    rcs15d                  9.0392017E-31           0.000000
    rcs15w                  0.9969863              0.9375851
    rcs16d                  0.9985641              0.9858258
    rcs16w                  0.9986262              0.9027609
    rcs17d                  0.9977774              0.9773539
    rcs17w                  0.9359331              0.8191461
    rcs18d                  0.8312394              0.8643868
    rcs18w                  0.7832730              0.7577439
    rcs19d                  0.3811551              0.6146295
    rcs19w                  0.2232840              0.3181122
    rcs20d                  0.7546742              0.6832617
    rcs20w                  6.0535700E-02          0.1177211
    rcs21d                  3.9256430E-02          0.2955094
    rcs21w                  1.3826657E-03          8.7725000E-03
    rcs22d                  1.9831023E-04          2.3588000E-03
    rcs22w                  2.4381951E-05          2.9240000E-04
    rcs23d                  3.3022324E-05          5.7950000E-04
    rcs23w                  4.9445478E-06          8.7800000E-05
    rcs24d                  7.6596952E-07          1.4000000E-05
    rcs24w                  1.3540055E-07          2.7000000E-06
    rcr1d                   1.3473518E-07          7.0000000E-06
    rcr1w                   5.9539865E-07          1.1700000E-05
    rcr2d                   4.1753148E-06          2.0150000E-04
    rcr2w                   1.7427482E-05          3.3730000E-04
    rcr3d                   1.3353699E-05          8.4470000E-04
    rcr3w                   5.5724398E-05          1.2622000E-03
    rcr4d                   1.6136871E-05          1.5343000E-03
    rcr4w                   1.0896584E-04          2.1769000E-03
    rcr5d                   1.5762251E-05          2.2874000E-03
    rcr5w                   1.3096214E-04          2.6894000E-03
    rcr6d                   2.4427168E-05          3.5570000E-03
    rcr6w                   8.7565469E-05          3.3900000E-03
    rcr7d                   3.9385816E-05          3.4164000E-03
    rcr7w                   1.0182094E-05          1.1982000E-03
    rcr8d                   2.5473529E-05          3.8685000E-03
    rcr8w                   4.6543575E-06          7.7080000E-04
    rcr9d                   2.9700384E-05          4.2330000E-03
    rcr9w                   6.4494528E-06          8.6600000E-04
    rcr10d                  3.5720187E-05          4.7950000E-03
    rcr10w                  5.0806947E-06          7.7690000E-04
    rcr11d                  3.3569779E-05          5.5096000E-03
    rcr11w                  4.6120660E-06          7.1180000E-04
    rcr12d                  1.1143255E-05          3.5222000E-03
    rcr12w                  3.8960116E-06          3.9800000E-04
    rcr13d                  5.5959970E-06          1.5701000E-03
    rcr13w                  2.0492784E-06          1.7800000E-04
    rcr14d                  2.6723177E-06          7.3650000E-04
    rcr14w                  9.1214240E-07          7.6600000E-05
    rcr15d                  1.2208033E-06          3.4030000E-04
    rcr15w                  2.2156238E-07          2.3800000E-05
    rcr16d                  6.2581775E-07          1.6710000E-04
    rcr16w                  1.1501419E-07          1.3100000E-05
    rcr17d                  2.1626163E-07          6.4500000E-05
    rcr17w                  1.8469825E-08          3.3000000E-06
    rcr18d                  3.8771568E-08          1.0500000E-05
    rcr18w                  8.2260404E-09          1.3000000E-06
    rcr19d                  1.9095256E-08          5.2000000E-06
    rcr19w                  4.4179724E-09          6.0000000E-07
    rcr20d                  7.6564669E-09          1.9000000E-06
    rcr20w                  1.1300748E-09          2.0000000E-07
    rcr21d                  7.9588173E-10          2.0000000E-07
    rcr21w                  1.4632409E-10           0.000000
    rcr22d                  3.7675489E-11           0.000000
    rcr22w                  5.7861870E-12           0.000000
    rcr23d                  1.2706071E-11           0.000000
    rcr23w                  1.9415959E-12           0.000000
    rcr24d                  3.7714205E-13           0.000000
    rcr24w                  5.6281045E-14           0.000000
    rcgd                    0.4999996              0.4999947
    rcgw                    0.5000000              0.4999944
    tl                       1.000000              0.9999975
    xw                      2.3835311E-03          8.2233100E-02
    yw                      0.9978485              0.9914403
    x                        0.000000               0.000000
    y                        0.000000               0.000000
    tlr                     6.5335780E-05          6.8762000E-02
    tls                      0.000000               0.000000
    beta                    0.9999996              0.9999910
 
    Note: run IDENTPAR yourself to see identiability contributions by different solution 
    space eigencomponents.


                   ANALYSIS OF PREDICTION
                   ----------------------

 PREDVAR1 analysis for prediction "q8099" ----->

    Sing_val       Null-space       Soln-space     Total             Total
    index          term             term           variance          std_dev
    --------       ----------       ----------     --------          -------
       0            1.7971683E+12     0.000000      1.7971683E+12      1340585.    
       5            7.1439982E+10     1582022.      7.1441564E+10      267285.5    
      10            4.8186080E+08     2394269.      4.8425507E+08      22005.80    
      15            1.2857824E+08     2529279.      1.3110752E+08      11450.22    
      20            7.1354235E+07     2796315.      7.4150550E+07      8611.071    
      25            4.1944022E+07     3302535.      4.5246556E+07      6726.556    
      30            3.5324571E+07     3534708.      3.8859279E+07      6233.721    
      31            3.5307534E+07     3536670.      3.8844205E+07      6232.512    
      32            3.5003099E+07     3587329.      3.8590428E+07      6212.119    
      33            3.3010410E+07     4033601.      3.7044011E+07      6086.379    
      34             1513807.        1.2573284E+07  1.4087091E+07      3753.277    
      35             1475268.        1.2585274E+07  1.4060542E+07      3749.739    
      36             1032222.        1.2740435E+07  1.3772657E+07      3711.153    
      37             1031429.        1.2741117E+07  1.3772546E+07      3711.138    
      38             373570.0        1.3538647E+07  1.3912217E+07      3729.908    
      39             373165.0        1.3539185E+07  1.3912350E+07      3729.926    
      40             372845.2        1.3540179E+07  1.3913025E+07      3730.017    
      41             11111.88        1.4806724E+07  1.4817836E+07      3849.394    
      42             10964.33        1.4807420E+07  1.4818385E+07      3849.466    
      43             10959.68        1.4807476E+07  1.4818436E+07      3849.472    
      44             10958.06        1.4807498E+07  1.4818456E+07      3849.475    
      45             10948.09        1.4807734E+07  1.4818682E+07      3849.504    
      46             5078.556        1.5020629E+07  1.5025707E+07      3876.301    
      47             5074.173        1.5020838E+07  1.5025912E+07      3876.327    
      48             4456.472        1.5082626E+07  1.5087083E+07      3884.209    
      49             4455.417        1.5082764E+07  1.5087220E+07      3884.227    
      50             4384.742        1.5093423E+07  1.5097808E+07      3885.590    
      55             715.9593        1.6534432E+07  1.6535148E+07      4066.343    
      60             184.4993        1.9128340E+07  1.9128524E+07      4373.617    
      65             25.47378        2.0611266E+07  2.0611291E+07      4539.966    
      70             20.04645        2.0728075E+07  2.0728095E+07      4552.812    
      75             18.69134        2.0796677E+07  2.0796696E+07      4560.339    
      80             15.51441        2.1111738E+07  2.1111753E+07      4594.753    
      85             11.89068        2.3406253E+07  2.3406265E+07      4838.002    
      90            2.3872840E-02    3.5110401E+07  3.5110401E+07      5925.403    
      95            1.2573712E-04    3.7766346E+07  3.7766346E+07      6145.433    
     100            8.5905059E-06    3.7915804E+07  3.7915804E+07      6157.581    
     105            4.6847059E-17    4.4956700E+07  4.4956700E+07      6704.976    
     110             0.000000        1.0000000E+35  1.0000000E+35     3.1622777E+17
 
    Pre-calibration:- 
    Total error variance                 =  1.7971683E+12
    Total error standard deviation       =   1340585.    
 
    Post-calibration:-
    Total error variance                 =  1.3772546E+07
    Total error standard deviation       =   3711.138    
    Minimum error variance occurs at singular value number 37.
 
 
 PREDUNC1 analysis for prediction "q8099" ----->

    Pre-calibration:- 
    Total uncertainty variance           =  1.7971681E+12
    Total uncertainty standard deviation =   1340585.    
 
    Post-calibration:-
    Total uncertainty variance           =  1.1422507E+07
    Total uncertainty standard deviation =   3379.720    
 
 
 PREDUNC4 analysis for prediction "q8099" ----->

    Contributions to predictive uncertainty variance

    Parameter      Pre-cal             Post-cal
    group          contribution        contribution
    ---------      ------------        ------------
    ddsd            1.3336000E+09        11015.00    
    ddsw             0.000000            48.00000    
    ddgd            5.1171370E+11        0.000000    
    ddgw             0.000000            0.000000    
    rcsd            1.7623000E+09        9027029.    
    rcsw             0.000000            5874.000    
    rcrd             100000.0            18809.00    
    rcrw             0.000000            4.000000    
    rcgd            5.1171370E+11        0.000000    
    rcgw             0.000000            0.000000    
    tl              2.3833010E+11        4192.000    
    xw               0.000000            4.000000    
    yw               0.000000            5.000000    
    x                0.000000            0.000000    
    y                0.000000            0.000000    
    tlr              0.000000            610.0000    
    tls              0.000000            0.000000    
    beta            5.3231450E+11        1606.000    
 
 
 PREDUNC5 observation subtraction analysis for prediction "q8099" ----->

    Increases in predictive uncertainty variance incurred through loss of observations

    Observation_group        Variance_increase
    -----------------        -----------------
    q                         1.1422507E+07
 
 
 PREDUNC5 observation addition analysis for prediction "q8099" ----->

    Decreases in pre-calibration predictive uncertainty variance incurred through addition of observations

    Observation_group        Variance_decrease
    -----------------        -----------------
    q                         1.1422507E+07
