 
 
                   ###################################################
                   #                                                 #
                   #      GENLINPRED UNCERTAINTY/ERROR ANALYSIS      #
                   #                                                 #
                   ###################################################
 
 
 
                   ANALYSIS DETAILS
                   ----------------
 
    Name of PEST control file                                   : master.pst
    Factor by which to multiply observation weights             : 1.0000
    Source of parameter uncertainty data                        : uncertainty file
    Name of uncertainty file                                    : master_lu.unc
 
    Perform global parameter estimability analysis              : yes
         Parameter identifiability                              : yes
         Relative parameter error reduction                     : no
         Relative parameter uncertainty reduction               : yes
 
    Analyse error/uncertainty of an entity                      : yes
         Name of entity                                         : q7784
         Type of entity                                         : prediction
         File containing prediction sensitivities               : master.jco
 
         Total error variance                                   : yes
         Total uncertainty                                      : yes
 
         Parameter contributions to error variance              : no
         Parameter contributions to uncertainty                 : yes
         Parameter contributions                                : by group
 
         Observation worth in reducing error variance           : no
         Observation worth in reducing uncertainty variance     : yes
         Observation worth                                      : by group


                   ANALYSIS OF PARAMETERS
                   ----------------------


 Outcomes of running program SUPCALC ----->
 
    Number of dimensions of calibration solution space = 37
    Number of dimensions of calibration null space     = 73

 Outcomes of parameter identifiability and error/uncertainty variance reduction analysis ----->
 
    Parameter              Identifiability        Rel_uncert_var_redn
    ---------              ---------------        -------------------
    ddsd                    0.9999998              0.9999883
    ddsw                    0.9999999              0.9999618
    ddgd                    0.4999996              0.4999947
    ddgw                    0.5000000              0.4999944
    rcs1d                   5.2784474E-05          3.4920000E-04
    rcs1w                   3.3520022E-06          1.3700000E-04
    rcs2d                   3.7916939E-03          2.3874800E-02
    rcs2w                   4.9185092E-04          7.2455000E-03
    rcs3d                   0.2276467              0.5087267
    rcs3w                   0.3133291              0.4109682
    rcs4d                   0.7839256              0.7549749
    rcs4w                   0.7121810              0.6779741
    rcs5d                   0.9854458              0.8860479
    rcs5w                   0.9741993              0.8970610
    rcs6d                   0.9997271              0.9870041
    rcs6w                   0.9995618              0.9865035
    rcs7d                   0.9999757              0.9963495
    rcs7w                   0.9999009              0.9926186
    rcs8d                   0.9968503              0.5673422
    rcs8w                   0.9999366              0.9795778
    rcs9d                   0.9997672              0.9426687
    rcs9w                   0.9999673              0.9715973
    rcs10d                  0.9999928              0.9945303
    rcs10w                  0.9999721              0.9475179
    rcs11d                  0.9999874              0.9967438
    rcs11w                  0.9999813              0.9658967
    rcs12d                  0.9999072              0.9975249
    rcs12w                  0.9999783              0.9835719
    rcs13d                  0.9999330              0.9937541
    rcs13w                  0.9999612              0.9795068
    rcs14d                  0.9998821              0.9888769
    rcs14w                  0.9997068              0.9466328
    rcs15d                  9.0392017E-31           0.000000
    rcs15w                  0.9969863              0.9375851
    rcs16d                  0.9985641              0.9858258
    rcs16w                  0.9986262              0.9027609
    rcs17d                  0.9977774              0.9773539
    rcs17w                  0.9359331              0.8191461
    rcs18d                  0.8312394              0.8643868
    rcs18w                  0.7832730              0.7577439
    rcs19d                  0.3811551              0.6146295
    rcs19w                  0.2232840              0.3181122
    rcs20d                  0.7546742              0.6832617
    rcs20w                  6.0535700E-02          0.1177211
    rcs21d                  3.9256430E-02          0.2955094
    rcs21w                  1.3826657E-03          8.7725000E-03
    rcs22d                  1.9831023E-04          2.3588000E-03
    rcs22w                  2.4381951E-05          2.9240000E-04
    rcs23d                  3.3022324E-05          5.7950000E-04
    rcs23w                  4.9445478E-06          8.7800000E-05
    rcs24d                  7.6596952E-07          1.4000000E-05
    rcs24w                  1.3540055E-07          2.7000000E-06
    rcr1d                   1.3473518E-07          7.0000000E-06
    rcr1w                   5.9539865E-07          1.1700000E-05
    rcr2d                   4.1753148E-06          2.0150000E-04
    rcr2w                   1.7427482E-05          3.3730000E-04
    rcr3d                   1.3353699E-05          8.4470000E-04
    rcr3w                   5.5724398E-05          1.2622000E-03
    rcr4d                   1.6136871E-05          1.5343000E-03
    rcr4w                   1.0896584E-04          2.1769000E-03
    rcr5d                   1.5762251E-05          2.2874000E-03
    rcr5w                   1.3096214E-04          2.6894000E-03
    rcr6d                   2.4427168E-05          3.5570000E-03
    rcr6w                   8.7565469E-05          3.3900000E-03
    rcr7d                   3.9385816E-05          3.4164000E-03
    rcr7w                   1.0182094E-05          1.1982000E-03
    rcr8d                   2.5473529E-05          3.8685000E-03
    rcr8w                   4.6543575E-06          7.7080000E-04
    rcr9d                   2.9700384E-05          4.2330000E-03
    rcr9w                   6.4494528E-06          8.6600000E-04
    rcr10d                  3.5720187E-05          4.7950000E-03
    rcr10w                  5.0806947E-06          7.7690000E-04
    rcr11d                  3.3569779E-05          5.5096000E-03
    rcr11w                  4.6120660E-06          7.1180000E-04
    rcr12d                  1.1143255E-05          3.5222000E-03
    rcr12w                  3.8960116E-06          3.9800000E-04
    rcr13d                  5.5959970E-06          1.5701000E-03
    rcr13w                  2.0492784E-06          1.7800000E-04
    rcr14d                  2.6723177E-06          7.3650000E-04
    rcr14w                  9.1214240E-07          7.6600000E-05
    rcr15d                  1.2208033E-06          3.4030000E-04
    rcr15w                  2.2156238E-07          2.3800000E-05
    rcr16d                  6.2581775E-07          1.6710000E-04
    rcr16w                  1.1501419E-07          1.3100000E-05
    rcr17d                  2.1626163E-07          6.4500000E-05
    rcr17w                  1.8469825E-08          3.3000000E-06
    rcr18d                  3.8771568E-08          1.0500000E-05
    rcr18w                  8.2260404E-09          1.3000000E-06
    rcr19d                  1.9095256E-08          5.2000000E-06
    rcr19w                  4.4179724E-09          6.0000000E-07
    rcr20d                  7.6564669E-09          1.9000000E-06
    rcr20w                  1.1300748E-09          2.0000000E-07
    rcr21d                  7.9588173E-10          2.0000000E-07
    rcr21w                  1.4632409E-10           0.000000
    rcr22d                  3.7675489E-11           0.000000
    rcr22w                  5.7861870E-12           0.000000
    rcr23d                  1.2706071E-11           0.000000
    rcr23w                  1.9415959E-12           0.000000
    rcr24d                  3.7714205E-13           0.000000
    rcr24w                  5.6281045E-14           0.000000
    rcgd                    0.4999996              0.4999947
    rcgw                    0.5000000              0.4999944
    tl                       1.000000              0.9999975
    xw                      2.3835311E-03          8.2233100E-02
    yw                      0.9978485              0.9914403
    x                        0.000000               0.000000
    y                        0.000000               0.000000
    tlr                     6.5335780E-05          6.8762000E-02
    tls                      0.000000               0.000000
    beta                    0.9999996              0.9999910
 
    Note: run IDENTPAR yourself to see identiability contributions by different solution 
    space eigencomponents.


                   ANALYSIS OF PREDICTION
                   ----------------------

 PREDVAR1 analysis for prediction "q7784" ----->

    Sing_val       Null-space       Soln-space     Total             Total
    index          term             term           variance          std_dev
    --------       ----------       ----------     --------          -------
       0            9.8647453E+11     0.000000      9.8647453E+11      993214.2    
       5            9.0191897E+09     748913.6      9.0199387E+09      94973.36    
      10            9.0409577E+08     861479.4      9.0495725E+08      30082.51    
      15            5.2284240E+07     1307790.      5.3592030E+07      7320.658    
      20             2469303.         1443709.       3913013.          1978.134    
      25             1335237.         1471488.       2806725.          1675.328    
      26             1334196.         1471520.       2805717.          1675.027    
      27             916866.9         1485873.       2402740.          1550.077    
      28             768131.4         1491394.       2259525.          1503.172    
      29             757839.6         1491792.       2249632.          1499.877    
      30             746013.1         1492702.       2238715.          1496.234    
      31             745656.3         1492743.       2238399.          1496.128    
      32             734063.2         1494672.       2228735.          1492.895    
      33             714546.8         1499043.       2213589.          1487.813    
      34             357528.1         1595841.       1953369.          1397.630    
      35             356313.7         1596219.       1952533.          1397.331    
      36             305431.0         1614039.       1919470.          1385.449    
      37             303575.7         1615635.       1919211.          1385.356    
      38             44919.73         1929207.       1974126.          1405.036    
      39             44454.88         1929824.       1974279.          1405.090    
      40             44451.14         1929835.       1974287.          1405.093    
      41             21802.54         2009135.       2030938.          1425.110    
      42             21741.08         2009425.       2031166.          1425.190    
      43             21739.35         2009446.       2031185.          1425.196    
      44             20940.09         2020229.       2041169.          1428.695    
      45             20932.52         2020408.       2041340.          1428.755    
      50             445.2860         2862745.       2863190.          1692.096    
      55             31.87406         3251820.       3251852.          1803.289    
      60             11.60917         3323371.       3323382.          1823.015    
      65             5.173315         3391441.       3391446.          1841.588    
      70             1.125898         3476698.       3476699.          1864.591    
      75            0.6978884         3499350.       3499351.          1870.655    
      80            0.1249836         3557581.       3557581.          1886.155    
      85            1.5730992E-02     3620521.       3620521.          1902.767    
      90            9.6287434E-03     3634774.       3634774.          1906.508    
      95            1.7886599E-04     3873076.       3873076.          1968.013    
     100            8.1265626E-08     4343341.       4343341.          2084.068    
     105            2.2329943E-17     6852417.       6852417.          2617.712    
     110             0.000000        1.0000000E+35  1.0000000E+35     3.1622777E+17
 
    Pre-calibration:- 
    Total error variance                 =  9.8647453E+11
    Total error standard deviation       =   993214.2    
 
    Post-calibration:-
    Total error variance                 =   1919211.    
    Total error standard deviation       =   1385.356    
    Minimum error variance occurs at singular value number 37.
 
 
 PREDUNC1 analysis for prediction "q7784" ----->

    Pre-calibration:- 
    Total uncertainty variance           =  9.8647445E+11
    Total uncertainty standard deviation =   993214.2    
 
    Post-calibration:-
    Total uncertainty variance           =   1766991.    
    Total uncertainty standard deviation =   1329.282    
 
 
 PREDUNC4 analysis for prediction "q7784" ----->

    Contributions to predictive uncertainty variance

    Parameter      Pre-cal             Post-cal
    group          contribution        contribution
    ---------      ------------        ------------
    ddsd            3.1232000E+08        4956.000    
    ddsw             0.000000            27.00000    
    ddgd            2.0688952E+11        1.000000    
    ddgw             0.000000            0.000000    
    rcsd            6.5764000E+08        986499.2    
    rcsw             0.000000            80772.00    
    rcrd             10000.00            16046.00    
    rcrw             0.000000            177.0000    
    rcgd            2.0688952E+11        1.000000    
    rcgw             0.000000            0.000000    
    tl              8.6938880E+10        14.00000    
    xw               0.000000            72.00000    
    yw               0.000000            295.0000    
    x                0.000000            0.000000    
    y                0.000000            0.000000    
    tlr              0.000000            265.0000    
    tls              0.000000            0.000000    
    beta            4.8478662E+11        190689.0    
 
 
 PREDUNC5 observation subtraction analysis for prediction "q7784" ----->

    Increases in predictive uncertainty variance incurred through loss of observations

    Observation_group        Variance_increase
    -----------------        -----------------
    q                          1766991.    
 
 
 PREDUNC5 observation addition analysis for prediction "q7784" ----->

    Decreases in pre-calibration predictive uncertainty variance incurred through addition of observations

    Observation_group        Variance_decrease
    -----------------        -----------------
    q                          1766991.    
