 
 
                   ###################################################
                   #                                                 #
                   #      GENLINPRED UNCERTAINTY/ERROR ANALYSIS      #
                   #                                                 #
                   ###################################################
 
 
 
                   ANALYSIS DETAILS
                   ----------------
 
    Name of PEST control file                                   : master.pst
    Factor by which to multiply observation weights             : 1.0000
    Source of parameter uncertainty data                        : uncertainty file
    Name of uncertainty file                                    : master_lu.unc
 
    Perform global parameter estimability analysis              : yes
         Parameter identifiability                              : yes
         Relative parameter error reduction                     : no
         Relative parameter uncertainty reduction               : yes
 
    Analyse error/uncertainty of an entity                      : yes
         Name of entity                                         : q7997
         Type of entity                                         : prediction
         File containing prediction sensitivities               : master.jco
 
         Total error variance                                   : yes
         Total uncertainty                                      : yes
 
         Parameter contributions to error variance              : no
         Parameter contributions to uncertainty                 : yes
         Parameter contributions                                : by group
 
         Observation worth in reducing error variance           : no
         Observation worth in reducing uncertainty variance     : yes
         Observation worth                                      : by group


                   ANALYSIS OF PARAMETERS
                   ----------------------


 Outcomes of running program SUPCALC ----->
 
    Number of dimensions of calibration solution space = 37
    Number of dimensions of calibration null space     = 73

 Outcomes of parameter identifiability and error/uncertainty variance reduction analysis ----->
 
    Parameter              Identifiability        Rel_uncert_var_redn
    ---------              ---------------        -------------------
    ddsd                    0.9999998              0.9999883
    ddsw                    0.9999999              0.9999618
    ddgd                    0.4999996              0.4999947
    ddgw                    0.5000000              0.4999944
    rcs1d                   5.2784474E-05          3.4920000E-04
    rcs1w                   3.3520022E-06          1.3700000E-04
    rcs2d                   3.7916939E-03          2.3874800E-02
    rcs2w                   4.9185092E-04          7.2455000E-03
    rcs3d                   0.2276467              0.5087267
    rcs3w                   0.3133291              0.4109682
    rcs4d                   0.7839256              0.7549749
    rcs4w                   0.7121810              0.6779741
    rcs5d                   0.9854458              0.8860479
    rcs5w                   0.9741993              0.8970610
    rcs6d                   0.9997271              0.9870041
    rcs6w                   0.9995618              0.9865035
    rcs7d                   0.9999757              0.9963495
    rcs7w                   0.9999009              0.9926186
    rcs8d                   0.9968503              0.5673422
    rcs8w                   0.9999366              0.9795778
    rcs9d                   0.9997672              0.9426687
    rcs9w                   0.9999673              0.9715973
    rcs10d                  0.9999928              0.9945303
    rcs10w                  0.9999721              0.9475179
    rcs11d                  0.9999874              0.9967438
    rcs11w                  0.9999813              0.9658967
    rcs12d                  0.9999072              0.9975249
    rcs12w                  0.9999783              0.9835719
    rcs13d                  0.9999330              0.9937541
    rcs13w                  0.9999612              0.9795068
    rcs14d                  0.9998821              0.9888769
    rcs14w                  0.9997068              0.9466328
    rcs15d                  9.0392017E-31           0.000000
    rcs15w                  0.9969863              0.9375851
    rcs16d                  0.9985641              0.9858258
    rcs16w                  0.9986262              0.9027609
    rcs17d                  0.9977774              0.9773539
    rcs17w                  0.9359331              0.8191461
    rcs18d                  0.8312394              0.8643868
    rcs18w                  0.7832730              0.7577439
    rcs19d                  0.3811551              0.6146295
    rcs19w                  0.2232840              0.3181122
    rcs20d                  0.7546742              0.6832617
    rcs20w                  6.0535700E-02          0.1177211
    rcs21d                  3.9256430E-02          0.2955094
    rcs21w                  1.3826657E-03          8.7725000E-03
    rcs22d                  1.9831023E-04          2.3588000E-03
    rcs22w                  2.4381951E-05          2.9240000E-04
    rcs23d                  3.3022324E-05          5.7950000E-04
    rcs23w                  4.9445478E-06          8.7800000E-05
    rcs24d                  7.6596952E-07          1.4000000E-05
    rcs24w                  1.3540055E-07          2.7000000E-06
    rcr1d                   1.3473518E-07          7.0000000E-06
    rcr1w                   5.9539865E-07          1.1700000E-05
    rcr2d                   4.1753148E-06          2.0150000E-04
    rcr2w                   1.7427482E-05          3.3730000E-04
    rcr3d                   1.3353699E-05          8.4470000E-04
    rcr3w                   5.5724398E-05          1.2622000E-03
    rcr4d                   1.6136871E-05          1.5343000E-03
    rcr4w                   1.0896584E-04          2.1769000E-03
    rcr5d                   1.5762251E-05          2.2874000E-03
    rcr5w                   1.3096214E-04          2.6894000E-03
    rcr6d                   2.4427168E-05          3.5570000E-03
    rcr6w                   8.7565469E-05          3.3900000E-03
    rcr7d                   3.9385816E-05          3.4164000E-03
    rcr7w                   1.0182094E-05          1.1982000E-03
    rcr8d                   2.5473529E-05          3.8685000E-03
    rcr8w                   4.6543575E-06          7.7080000E-04
    rcr9d                   2.9700384E-05          4.2330000E-03
    rcr9w                   6.4494528E-06          8.6600000E-04
    rcr10d                  3.5720187E-05          4.7950000E-03
    rcr10w                  5.0806947E-06          7.7690000E-04
    rcr11d                  3.3569779E-05          5.5096000E-03
    rcr11w                  4.6120660E-06          7.1180000E-04
    rcr12d                  1.1143255E-05          3.5222000E-03
    rcr12w                  3.8960116E-06          3.9800000E-04
    rcr13d                  5.5959970E-06          1.5701000E-03
    rcr13w                  2.0492784E-06          1.7800000E-04
    rcr14d                  2.6723177E-06          7.3650000E-04
    rcr14w                  9.1214240E-07          7.6600000E-05
    rcr15d                  1.2208033E-06          3.4030000E-04
    rcr15w                  2.2156238E-07          2.3800000E-05
    rcr16d                  6.2581775E-07          1.6710000E-04
    rcr16w                  1.1501419E-07          1.3100000E-05
    rcr17d                  2.1626163E-07          6.4500000E-05
    rcr17w                  1.8469825E-08          3.3000000E-06
    rcr18d                  3.8771568E-08          1.0500000E-05
    rcr18w                  8.2260404E-09          1.3000000E-06
    rcr19d                  1.9095256E-08          5.2000000E-06
    rcr19w                  4.4179724E-09          6.0000000E-07
    rcr20d                  7.6564669E-09          1.9000000E-06
    rcr20w                  1.1300748E-09          2.0000000E-07
    rcr21d                  7.9588173E-10          2.0000000E-07
    rcr21w                  1.4632409E-10           0.000000
    rcr22d                  3.7675489E-11           0.000000
    rcr22w                  5.7861870E-12           0.000000
    rcr23d                  1.2706071E-11           0.000000
    rcr23w                  1.9415959E-12           0.000000
    rcr24d                  3.7714205E-13           0.000000
    rcr24w                  5.6281045E-14           0.000000
    rcgd                    0.4999996              0.4999947
    rcgw                    0.5000000              0.4999944
    tl                       1.000000              0.9999975
    xw                      2.3835311E-03          8.2233100E-02
    yw                      0.9978485              0.9914403
    x                        0.000000               0.000000
    y                        0.000000               0.000000
    tlr                     6.5335780E-05          6.8762000E-02
    tls                      0.000000               0.000000
    beta                    0.9999996              0.9999910
 
    Note: run IDENTPAR yourself to see identiability contributions by different solution 
    space eigencomponents.


                   ANALYSIS OF PREDICTION
                   ----------------------

 PREDVAR1 analysis for prediction "q7997" ----->

    Sing_val       Null-space       Soln-space     Total             Total
    index          term             term           variance          std_dev
    --------       ----------       ----------     --------          -------
       0            2.7282887E+12     0.000000      2.7282887E+12      1651753.    
       5            3.3236739E+10     602016.0      3.3237341E+10      182311.1    
      10            3.0988204E+09     1784400.      3.1006048E+09      55683.07    
      15            4.7246746E+08     3560800.      4.7602826E+08      21818.07    
      20            1.1221049E+08     4582068.      1.1679256E+08      10807.06    
      25            2.7013772E+07     6049600.      3.3063372E+07      5750.076    
      26            2.5461597E+07     6097027.      3.1558625E+07      5617.706    
      27            1.1364915E+07     6581851.      1.7946766E+07      4236.362    
      28             3845211.         6860960.      1.0706171E+07      3272.029    
      29             2631063.         6907967.       9539030.          3088.532    
      30             2625761.         6908375.       9534136.          3087.740    
      31             2622215.         6908783.       9530998.          3087.231    
      32             2306225.         6961365.       9267590.          3044.272    
      33             2213200.         6982198.       9195399.          3032.392    
      34             1346942.         7217067.       8564009.          2926.433    
      35             1345284.         7217583.       8562867.          2926.238    
      36             1295367.         7235064.       8530431.          2920.690    
      37             1210712.         7307898.       8518609.          2918.666    
      38             382416.0         8312050.       8694466.          2948.638    
      39             360082.1         8341703.       8701785.          2949.879    
      40             359858.0         8342400.       8702258.          2949.959    
      41             239078.2         8765289.       9004367.          3000.728    
      42             238565.4         8767707.       9006273.          3001.045    
      43             229186.4         8880577.       9109763.          3018.238    
      44             33199.98        1.1524668E+07  1.1557868E+07      3399.686    
      45             32874.29        1.1532363E+07  1.1565237E+07      3400.770    
      50             19660.71        1.2049708E+07  1.2069369E+07      3474.100    
      55             653.5324        2.0072557E+07  2.0073211E+07      4480.314    
      60             564.5586        2.0516137E+07  2.0516701E+07      4529.537    
      65             475.1126        2.1477068E+07  2.1477543E+07      4634.387    
      70             441.2872        2.2206973E+07  2.2207414E+07      4712.474    
      75             426.4580        2.3092435E+07  2.3092862E+07      4805.503    
      80             396.6882        2.6067657E+07  2.6068054E+07      5105.688    
      85             76.76664        2.0788608E+08  2.0788616E+08      14418.26    
      90            2.9114133E-02    2.9271739E+08  2.9271739E+08      17108.99    
      95            1.2984744E-03    2.9401801E+08  2.9401801E+08      17146.95    
     100            1.2407577E-06    2.9722552E+08  2.9722552E+08      17240.23    
     105            2.7573633E-17    2.9875051E+08  2.9875051E+08      17284.40    
     110             0.000000        1.0000000E+35  1.0000000E+35     3.1622777E+17
 
    Pre-calibration:- 
    Total error variance                 =  2.7282887E+12
    Total error standard deviation       =   1651753.    
 
    Post-calibration:-
    Total error variance                 =   8518609.    
    Total error standard deviation       =   2918.666    
    Minimum error variance occurs at singular value number 37.
 
 
 PREDUNC1 analysis for prediction "q7997" ----->

    Pre-calibration:- 
    Total uncertainty variance           =  2.7282880E+12
    Total uncertainty standard deviation =   1651753.    
 
    Post-calibration:-
    Total uncertainty variance           =   7933675.    
    Total uncertainty standard deviation =   2816.678    
 
 
 PREDUNC4 analysis for prediction "q7997" ----->

    Contributions to predictive uncertainty variance

    Parameter      Pre-cal             Post-cal
    group          contribution        contribution
    ---------      ------------        ------------
    ddsd            3.1635170E+11        53375.00    
    ddsw             0.000000            58181.00    
    ddgd            8.1829000E+09        3.000000    
    ddgw             0.000000            3.000000    
    rcsd            1.4519660E+11        6877775.    
    rcsw             0.000000            410808.0    
    rcrd             100000.0            29840.00    
    rcrw             0.000000            718.0000    
    rcgd            8.1829000E+09        3.000000    
    rcgw             0.000000            3.000000    
    tl              1.6139822E+12        682460.0    
    xw               0.000000            763.0000    
    yw               0.000000            1730.000    
    x                0.000000            0.000000    
    y                0.000000            0.000000    
    tlr              200000.0            180062.0    
    tls              0.000000            0.000000    
    beta            6.3639220E+11        740401.0    
 
 
 PREDUNC5 observation subtraction analysis for prediction "q7997" ----->

    Increases in predictive uncertainty variance incurred through loss of observations

    Observation_group        Variance_increase
    -----------------        -----------------
    q                          7933675.    
 
 
 PREDUNC5 observation addition analysis for prediction "q7997" ----->

    Decreases in pre-calibration predictive uncertainty variance incurred through addition of observations

    Observation_group        Variance_decrease
    -----------------        -----------------
    q                          7933675.    
