 
 
                   ###################################################
                   #                                                 #
                   #      GENLINPRED UNCERTAINTY/ERROR ANALYSIS      #
                   #                                                 #
                   ###################################################
 
 
 
                   ANALYSIS DETAILS
                   ----------------
 
    Name of PEST control file                                   : master.pst
    Factor by which to multiply observation weights             : 1.0000
    Source of parameter uncertainty data                        : uncertainty file
    Name of uncertainty file                                    : master_lu.unc
 
    Perform global parameter estimability analysis              : yes
         Parameter identifiability                              : yes
         Relative parameter error reduction                     : no
         Relative parameter uncertainty reduction               : yes
 
    Analyse error/uncertainty of an entity                      : yes
         Name of entity                                         : q8089
         Type of entity                                         : prediction
         File containing prediction sensitivities               : master.jco
 
         Total error variance                                   : yes
         Total uncertainty                                      : yes
 
         Parameter contributions to error variance              : no
         Parameter contributions to uncertainty                 : yes
         Parameter contributions                                : by group
 
         Observation worth in reducing error variance           : no
         Observation worth in reducing uncertainty variance     : yes
         Observation worth                                      : by group


                   ANALYSIS OF PARAMETERS
                   ----------------------


 Outcomes of running program SUPCALC ----->
 
    Number of dimensions of calibration solution space = 37
    Number of dimensions of calibration null space     = 73

 Outcomes of parameter identifiability and error/uncertainty variance reduction analysis ----->
 
    Parameter              Identifiability        Rel_uncert_var_redn
    ---------              ---------------        -------------------
    ddsd                    0.9999998              0.9999883
    ddsw                    0.9999999              0.9999618
    ddgd                    0.4999996              0.4999947
    ddgw                    0.5000000              0.4999944
    rcs1d                   5.2784474E-05          3.4920000E-04
    rcs1w                   3.3520022E-06          1.3700000E-04
    rcs2d                   3.7916939E-03          2.3874800E-02
    rcs2w                   4.9185092E-04          7.2455000E-03
    rcs3d                   0.2276467              0.5087267
    rcs3w                   0.3133291              0.4109682
    rcs4d                   0.7839256              0.7549749
    rcs4w                   0.7121810              0.6779741
    rcs5d                   0.9854458              0.8860479
    rcs5w                   0.9741993              0.8970610
    rcs6d                   0.9997271              0.9870041
    rcs6w                   0.9995618              0.9865035
    rcs7d                   0.9999757              0.9963495
    rcs7w                   0.9999009              0.9926186
    rcs8d                   0.9968503              0.5673422
    rcs8w                   0.9999366              0.9795778
    rcs9d                   0.9997672              0.9426687
    rcs9w                   0.9999673              0.9715973
    rcs10d                  0.9999928              0.9945303
    rcs10w                  0.9999721              0.9475179
    rcs11d                  0.9999874              0.9967438
    rcs11w                  0.9999813              0.9658967
    rcs12d                  0.9999072              0.9975249
    rcs12w                  0.9999783              0.9835719
    rcs13d                  0.9999330              0.9937541
    rcs13w                  0.9999612              0.9795068
    rcs14d                  0.9998821              0.9888769
    rcs14w                  0.9997068              0.9466328
    rcs15d                  9.0392017E-31           0.000000
    rcs15w                  0.9969863              0.9375851
    rcs16d                  0.9985641              0.9858258
    rcs16w                  0.9986262              0.9027609
    rcs17d                  0.9977774              0.9773539
    rcs17w                  0.9359331              0.8191461
    rcs18d                  0.8312394              0.8643868
    rcs18w                  0.7832730              0.7577439
    rcs19d                  0.3811551              0.6146295
    rcs19w                  0.2232840              0.3181122
    rcs20d                  0.7546742              0.6832617
    rcs20w                  6.0535700E-02          0.1177211
    rcs21d                  3.9256430E-02          0.2955094
    rcs21w                  1.3826657E-03          8.7725000E-03
    rcs22d                  1.9831023E-04          2.3588000E-03
    rcs22w                  2.4381951E-05          2.9240000E-04
    rcs23d                  3.3022324E-05          5.7950000E-04
    rcs23w                  4.9445478E-06          8.7800000E-05
    rcs24d                  7.6596952E-07          1.4000000E-05
    rcs24w                  1.3540055E-07          2.7000000E-06
    rcr1d                   1.3473518E-07          7.0000000E-06
    rcr1w                   5.9539865E-07          1.1700000E-05
    rcr2d                   4.1753148E-06          2.0150000E-04
    rcr2w                   1.7427482E-05          3.3730000E-04
    rcr3d                   1.3353699E-05          8.4470000E-04
    rcr3w                   5.5724398E-05          1.2622000E-03
    rcr4d                   1.6136871E-05          1.5343000E-03
    rcr4w                   1.0896584E-04          2.1769000E-03
    rcr5d                   1.5762251E-05          2.2874000E-03
    rcr5w                   1.3096214E-04          2.6894000E-03
    rcr6d                   2.4427168E-05          3.5570000E-03
    rcr6w                   8.7565469E-05          3.3900000E-03
    rcr7d                   3.9385816E-05          3.4164000E-03
    rcr7w                   1.0182094E-05          1.1982000E-03
    rcr8d                   2.5473529E-05          3.8685000E-03
    rcr8w                   4.6543575E-06          7.7080000E-04
    rcr9d                   2.9700384E-05          4.2330000E-03
    rcr9w                   6.4494528E-06          8.6600000E-04
    rcr10d                  3.5720187E-05          4.7950000E-03
    rcr10w                  5.0806947E-06          7.7690000E-04
    rcr11d                  3.3569779E-05          5.5096000E-03
    rcr11w                  4.6120660E-06          7.1180000E-04
    rcr12d                  1.1143255E-05          3.5222000E-03
    rcr12w                  3.8960116E-06          3.9800000E-04
    rcr13d                  5.5959970E-06          1.5701000E-03
    rcr13w                  2.0492784E-06          1.7800000E-04
    rcr14d                  2.6723177E-06          7.3650000E-04
    rcr14w                  9.1214240E-07          7.6600000E-05
    rcr15d                  1.2208033E-06          3.4030000E-04
    rcr15w                  2.2156238E-07          2.3800000E-05
    rcr16d                  6.2581775E-07          1.6710000E-04
    rcr16w                  1.1501419E-07          1.3100000E-05
    rcr17d                  2.1626163E-07          6.4500000E-05
    rcr17w                  1.8469825E-08          3.3000000E-06
    rcr18d                  3.8771568E-08          1.0500000E-05
    rcr18w                  8.2260404E-09          1.3000000E-06
    rcr19d                  1.9095256E-08          5.2000000E-06
    rcr19w                  4.4179724E-09          6.0000000E-07
    rcr20d                  7.6564669E-09          1.9000000E-06
    rcr20w                  1.1300748E-09          2.0000000E-07
    rcr21d                  7.9588173E-10          2.0000000E-07
    rcr21w                  1.4632409E-10           0.000000
    rcr22d                  3.7675489E-11           0.000000
    rcr22w                  5.7861870E-12           0.000000
    rcr23d                  1.2706071E-11           0.000000
    rcr23w                  1.9415959E-12           0.000000
    rcr24d                  3.7714205E-13           0.000000
    rcr24w                  5.6281045E-14           0.000000
    rcgd                    0.4999996              0.4999947
    rcgw                    0.5000000              0.4999944
    tl                       1.000000              0.9999975
    xw                      2.3835311E-03          8.2233100E-02
    yw                      0.9978485              0.9914403
    x                        0.000000               0.000000
    y                        0.000000               0.000000
    tlr                     6.5335780E-05          6.8762000E-02
    tls                      0.000000               0.000000
    beta                    0.9999996              0.9999910
 
    Note: run IDENTPAR yourself to see identiability contributions by different solution 
    space eigencomponents.


                   ANALYSIS OF PREDICTION
                   ----------------------

 PREDVAR1 analysis for prediction "q8089" ----->

    Sing_val       Null-space       Soln-space     Total             Total
    index          term             term           variance          std_dev
    --------       ----------       ----------     --------          -------
       0            1.4948381E+12     0.000000      1.4948381E+12      1222636.    
       5            2.6731892E+10     1208967.      2.6733101E+10      163502.6    
      10            2.5723469E+08     1527409.      2.5876210E+08      16086.08    
      15            1.0051085E+07     1607691.      1.1658776E+07      3414.495    
      20             7727809.         1617297.       9345106.          3056.977    
      25             6715308.         1638911.       8354219.          2890.367    
      30             4739400.         1709601.       6449001.          2539.488    
      31             4738471.         1709708.       6448179.          2539.326    
      32             4625962.         1728430.       6354392.          2520.792    
      33             4342504.         1791912.       6134416.          2476.775    
      34             307056.3         2886044.       3193100.          1786.925    
      35             305247.8         2886606.       3191854.          1786.576    
      36             225601.6         2914500.       3140101.          1772.033    
      37             221812.8         2917759.       3139572.          1771.884    
      38             218643.1         2921602.       3140245.          1772.074    
      39             218418.9         2921900.       3140319.          1772.095    
      40             218275.4         2922346.       3140621.          1772.180    
      41             121408.8         3261507.       3382916.          1839.271    
      42             121348.4         3261792.       3383140.          1839.331    
      43             121311.7         3262233.       3383545.          1839.441    
      44             110228.5         3411759.       3521988.          1876.696    
      45             110227.1         3411792.       3522019.          1876.704    
      46             45285.20         5767313.       5812599.          2410.933    
      47             45203.38         5771214.       5816417.          2411.725    
      48             39002.22         6391518.       6430520.          2535.847    
      49             38902.93         6404500.       6443403.          2538.386    
      50             38072.14         6529790.       6567862.          2562.784    
      55             2053.233        1.7222126E+07  1.7224180E+07      4150.202    
      60             549.5844        2.4370500E+07  2.4371050E+07      4936.704    
      65             22.47267        2.9363451E+07  2.9363473E+07      5418.807    
      70             21.26773        2.9390370E+07  2.9390392E+07      5421.291    
      75             12.27601        2.9892377E+07  2.9892389E+07      5467.393    
      80             12.21825        2.9901950E+07  2.9901962E+07      5468.269    
      85             8.430450        3.1772369E+07  3.1772378E+07      5636.699    
      90            7.4956469E-02    4.6719639E+07  4.6719639E+07      6835.177    
      95            1.8951494E-04    5.5427482E+07  5.5427482E+07      7444.964    
     100            4.5255136E-08    5.5464878E+07  5.5464878E+07      7447.475    
     105            5.5938985E-17    5.7370349E+07  5.7370349E+07      7574.322    
     110             0.000000        1.0000000E+35  1.0000000E+35     3.1622777E+17
 
    Pre-calibration:- 
    Total error variance                 =  1.4948381E+12
    Total error standard deviation       =   1222636.    
 
    Post-calibration:-
    Total error variance                 =   3139572.    
    Total error standard deviation       =   1771.884    
    Minimum error variance occurs at singular value number 37.
 
 
 PREDUNC1 analysis for prediction "q8089" ----->

    Pre-calibration:- 
    Total uncertainty variance           =  1.4948388E+12
    Total uncertainty standard deviation =   1222636.    
 
    Post-calibration:-
    Total uncertainty variance           =   2854160.    
    Total uncertainty standard deviation =   1689.426    
 
 
 PREDUNC4 analysis for prediction "q8089" ----->

    Contributions to predictive uncertainty variance

    Parameter      Pre-cal             Post-cal
    group          contribution        contribution
    ---------      ------------        ------------
    ddsd            3.2200000E+07        1688.000    
    ddsw             0.000000            4940.000    
    ddgd            3.5456470E+11        1.000000    
    ddgw             0.000000            0.000000    
    rcsd            1.6395000E+09        1225748.    
    rcsw             0.000000            18928.00    
    rcrd             300000.0            105516.0    
    rcrw             0.000000            13.00000    
    rcgd            3.5456470E+11        1.000000    
    rcgw             0.000000            0.000000    
    tl              2.4150640E+11        50735.00    
    xw               0.000000            30.00000    
    yw               0.000000            55.00000    
    x                0.000000            0.000000    
    y                0.000000            0.000000    
    tlr              100000.0            18908.00    
    tls              0.000000            0.000000    
    beta            5.4253055E+11        14685.00    
 
 
 PREDUNC5 observation subtraction analysis for prediction "q8089" ----->

    Increases in predictive uncertainty variance incurred through loss of observations

    Observation_group        Variance_increase
    -----------------        -----------------
    q                          2854160.    
 
 
 PREDUNC5 observation addition analysis for prediction "q8089" ----->

    Decreases in pre-calibration predictive uncertainty variance incurred through addition of observations

    Observation_group        Variance_decrease
    -----------------        -----------------
    q                          2854160.    
