 
 
                   ###################################################
                   #                                                 #
                   #      GENLINPRED UNCERTAINTY/ERROR ANALYSIS      #
                   #                                                 #
                   ###################################################
 
 
 
                   ANALYSIS DETAILS
                   ----------------
 
    Name of PEST control file                                   : master_lu.pst
    Factor by which to multiply observation weights             : 1.0000
    Source of parameter uncertainty data                        : uncertainty file
    Name of uncertainty file                                    : master_lu.unc
 
    Perform global parameter estimability analysis              : yes
         Parameter identifiability                              : yes
         Relative parameter error reduction                     : no
         Relative parameter uncertainty reduction               : yes
 
    Analyse error/uncertainty of an entity                      : yes
         Name of entity                                         : q8090
         Type of entity                                         : prediction
         File containing prediction sensitivities               : master_lu.jco
 
         Total error variance                                   : yes
         Total uncertainty                                      : yes
 
         Parameter contributions to error variance              : no
         Parameter contributions to uncertainty                 : yes
         Parameter contributions                                : by group
 
         Observation worth in reducing error variance           : no
         Observation worth in reducing uncertainty variance     : yes
         Observation worth                                      : by group


                   ANALYSIS OF PARAMETERS
                   ----------------------


 Outcomes of running program SUPCALC ----->
 
    Number of dimensions of calibration solution space = 21
    Number of dimensions of calibration null space     = 45

 Outcomes of parameter identifiability and error/uncertainty variance reduction analysis ----->
 
    Parameter              Identifiability        Rel_uncert_var_redn
    ---------              ---------------        -------------------
    ddsd                    0.9999962              0.9985695
    ddsw                    0.9999985              0.9995245
    ddgd                    8.9209074E-04          2.7446000E-03
    ddgw                    2.9779794E-09          1.0000000E-07
    rcs1d                   9.4002959E-10          1.0000000E-07
    rcs1w                   5.8693719E-11           0.000000
    rcs2d                   2.1919986E-06          1.4140000E-04
    rcs2w                   1.6984139E-06          3.1700000E-05
    rcs3d                   7.7113415E-05          9.5280000E-04
    rcs3w                   2.8336929E-04          4.8198000E-03
    rcs4d                   2.0007912E-02          6.3051700E-02
    rcs4w                   2.4800499E-03          2.0354900E-02
    rcs5d                   8.4974974E-02          0.2306842
    rcs5w                   0.2195330              0.4974543
    rcs6d                   0.9294260              0.8081349
    rcs6w                   0.8004358              0.7951190
    rcs7d                   0.9885394              0.7846490
    rcs7w                   0.9823433              0.8594080
    rcs8d                   1.8870833E-03          2.4400000E-03
    rcs8w                   3.0601721E-04          6.3110000E-04
    rcs9d                   3.6682923E-04          9.4330000E-04
    rcs9w                   0.9937043              0.7980983
    rcs10d                  0.9994918              0.9321853
    rcs10w                  0.9982834              0.8797214
    rcs11d                  0.9992740              0.8609366
    rcs11w                  0.9998968              0.9275511
    rcs12d                  0.9964442              0.8271959
    rcs12w                  0.9837081              0.8852159
    rcs13d                  4.7099164E-04          6.5530000E-04
    rcs13w                  1.5826910E-02          1.5317200E-02
    rcr1d                   8.3964379E-04          7.3860000E-04
    rcr1w                   2.5534614E-04          6.4760000E-04
    rcr2d                   0.9733919              0.8452336
    rcr2w                   4.4434562E-04          1.1410000E-03
    rcr3d                   2.6352231E-03          4.1250000E-03
    rcr3w                   4.7202287E-02          0.1397303
    rcr4d                   2.1303685E-03          4.4309000E-03
    rcr4w                   0.5308361              0.5287727
    rcr5d                   1.2842190E-03          3.5521000E-03
    rcr5w                   0.9956939              0.8200417
    rcr6d                   2.1028902E-03          4.3327000E-03
    rcr6w                   0.4283036              0.4562156
    rcr7d                   0.3262211              0.5783195
    rcr7w                   2.7086982E-05          3.1380000E-04
    rcr8d                   0.8221882              0.6929436
    rcr8w                   3.1102878E-05          3.2300000E-04
    rcr9d                   0.8602706              0.6791029
    rcr9w                   3.2162308E-05          4.8810000E-04
    rcr10d                  1.0138341E-03          5.4618000E-03
    rcr10w                  1.9646085E-05          4.4790000E-04
    rcr11d                  3.1118513E-05          1.8420000E-04
    rcr11w                  7.3926598E-06          2.7450000E-04
    rcr12d                  1.1358665E-05          6.3300000E-05
    rcr12w                  2.8366540E-06          9.8400000E-05
    rcr13d                  1.7854939E-05          9.9100000E-05
    rcr13w                  5.8438805E-06          2.0720000E-04
    rcgd                    2.2302269E-04          6.8620000E-04
    rcgw                    7.4449484E-10           0.000000
    tl                      0.9997417              0.9904230
    xw                       0.000000               0.000000
    yw                       0.000000               0.000000
    x                        0.000000               0.000000
    y                        0.000000               0.000000
    tlr                      0.000000               0.000000
    tls                     0.9999716              0.9875477
    beta                    0.9864119              0.7476054
 
    Note: run IDENTPAR yourself to see identiability contributions by different solution 
    space eigencomponents.


                   ANALYSIS OF PREDICTION
                   ----------------------

 PREDVAR1 analysis for prediction "q8090" ----->

    Sing_val       Null-space       Soln-space     Total             Total
    index          term             term           variance          std_dev
    --------       ----------       ----------     --------          -------
       0             346502.8         0.000000       346502.8          588.6449    
       3             338993.4         4.089497       338997.5          582.2349    
       6             116064.3         927.1122       116991.4          342.0401    
       9             87887.43         1227.861       89115.29          298.5218    
      12             79363.10         1707.117       81070.22          284.7283    
      15             67816.63         3630.406       71447.04          267.2958    
      16             41280.87         11565.38       52846.25          229.8831    
      17             40951.66         11671.61       52623.27          229.3976    
      18             20357.79         19613.83       39971.62          199.9290    
      19             1245.019         29981.94       31226.96          176.7115    
      20             995.3751         30134.70       31130.07          176.4372    
      21             89.25741         30851.39       30940.65          175.8995    
      22             86.07648         30856.31       30942.38          175.9045    
      23             74.25923         30875.41       30949.67          175.9252    
      24             73.75425         30877.62       30951.37          175.9300    
      25             67.87089         30926.61       30994.48          176.0525    
      26             60.97424         31007.15       31068.13          176.2615    
      27             60.84314         31010.51       31071.36          176.2707    
      30             57.94462         31516.15       31574.09          177.6910    
      33             9.563867         49511.00       49520.57          222.5322    
      36             9.478883         49590.90       49600.37          222.7114    
      39             9.028261         50793.53       50802.56          225.3942    
      42             1.266932         84666.95       84668.22          290.9780    
      45            8.4067785E-02     94394.10       94394.18          307.2364    
      48            7.2165486E-02     94673.44       94673.51          307.6906    
      51            2.4947617E-04     101774.6       101774.6          319.0213    
      54            2.1228521E-04     101788.9       101788.9          319.0437    
      57            1.4821570E-06     116831.1       116831.1          341.8056    
      60            5.1842293E-17    6.7950820E+11  6.7950820E+11      824322.9    
      63            1.2963229E-68    1.0000000E+35  1.0000000E+35     3.1622777E+17
      66             0.000000        1.0000000E+35  1.0000000E+35     3.1622777E+17
 
    Pre-calibration:- 
    Total error variance                 =   346502.8    
    Total error standard deviation       =   588.6449    
 
    Post-calibration:-
    Total error variance                 =   30940.65    
    Total error standard deviation       =   175.8995    
    Minimum error variance occurs at singular value number 21.
 
 
 PREDUNC1 analysis for prediction "q8090" ----->

    Pre-calibration:- 
    Total uncertainty variance           =   346502.8    
    Total uncertainty standard deviation =   588.6449    
 
    Post-calibration:-
    Total uncertainty variance           =   22541.69    
    Total uncertainty standard deviation =   150.1389    
 
 
 PREDUNC4 analysis for prediction "q8090" ----->

    Contributions to predictive uncertainty variance

    Parameter      Pre-cal             Post-cal
    group          contribution        contribution
    ---------      ------------        ------------
    ddsd             10.00000            138.5300    
    ddsw             0.000000            58.38000    
    ddgd             258.6000            76.49000    
    ddgw             0.000000            0.000000    
    rcsd             3568.600            9690.010    
    rcsw             0.000000            10277.22    
    rcrd             220898.9            6390.260    
    rcrw             0.000000            3943.800    
    rcgd             64.70000            19.08000    
    rcgw             0.000000            0.000000    
    tl               65.10000            19.49000    
    xw               0.000000            0.000000    
    yw               0.000000            0.000000    
    x                0.000000            0.000000    
    y                0.000000            0.000000    
    tlr              0.000000            0.000000    
    tls              143.2000            58.54000    
    beta             121493.6            18665.20    
 
 
 PREDUNC5 observation subtraction analysis for prediction "q8090" ----->

    Increases in predictive uncertainty variance incurred through loss of observations

    Observation_group        Variance_increase
    -----------------        -----------------
    q                          22541.69    
 
 
 PREDUNC5 observation addition analysis for prediction "q8090" ----->

    Decreases in pre-calibration predictive uncertainty variance incurred through addition of observations

    Observation_group        Variance_decrease
    -----------------        -----------------
    q                          22541.69    
