 
 
                   ###################################################
                   #                                                 #
                   #      GENLINPRED UNCERTAINTY/ERROR ANALYSIS      #
                   #                                                 #
                   ###################################################
 
 
 
                   ANALYSIS DETAILS
                   ----------------
 
    Name of PEST control file                                   : master_lu.pst
    Factor by which to multiply observation weights             : 1.0000
    Source of parameter uncertainty data                        : uncertainty file
    Name of uncertainty file                                    : master_lu.unc
 
    Perform global parameter estimability analysis              : yes
         Parameter identifiability                              : yes
         Relative parameter error reduction                     : no
         Relative parameter uncertainty reduction               : yes
 
    Analyse error/uncertainty of an entity                      : yes
         Name of entity                                         : q7935
         Type of entity                                         : prediction
         File containing prediction sensitivities               : master_lu.jco
 
         Total error variance                                   : yes
         Total uncertainty                                      : yes
 
         Parameter contributions to error variance              : no
         Parameter contributions to uncertainty                 : yes
         Parameter contributions                                : by group
 
         Observation worth in reducing error variance           : no
         Observation worth in reducing uncertainty variance     : yes
         Observation worth                                      : by group


                   ANALYSIS OF PARAMETERS
                   ----------------------


 Outcomes of running program SUPCALC ----->
 
    Number of dimensions of calibration solution space = 21
    Number of dimensions of calibration null space     = 45

 Outcomes of parameter identifiability and error/uncertainty variance reduction analysis ----->
 
    Parameter              Identifiability        Rel_uncert_var_redn
    ---------              ---------------        -------------------
    ddsd                    0.9999962              0.9985695
    ddsw                    0.9999985              0.9995245
    ddgd                    8.9209074E-04          2.7446000E-03
    ddgw                    2.9779794E-09          1.0000000E-07
    rcs1d                   9.4002959E-10          1.0000000E-07
    rcs1w                   5.8693719E-11           0.000000
    rcs2d                   2.1919986E-06          1.4140000E-04
    rcs2w                   1.6984139E-06          3.1700000E-05
    rcs3d                   7.7113415E-05          9.5280000E-04
    rcs3w                   2.8336929E-04          4.8198000E-03
    rcs4d                   2.0007912E-02          6.3051700E-02
    rcs4w                   2.4800499E-03          2.0354900E-02
    rcs5d                   8.4974974E-02          0.2306842
    rcs5w                   0.2195330              0.4974543
    rcs6d                   0.9294260              0.8081349
    rcs6w                   0.8004358              0.7951190
    rcs7d                   0.9885394              0.7846490
    rcs7w                   0.9823433              0.8594080
    rcs8d                   1.8870833E-03          2.4400000E-03
    rcs8w                   3.0601721E-04          6.3110000E-04
    rcs9d                   3.6682923E-04          9.4330000E-04
    rcs9w                   0.9937043              0.7980983
    rcs10d                  0.9994918              0.9321853
    rcs10w                  0.9982834              0.8797214
    rcs11d                  0.9992740              0.8609366
    rcs11w                  0.9998968              0.9275511
    rcs12d                  0.9964442              0.8271959
    rcs12w                  0.9837081              0.8852159
    rcs13d                  4.7099164E-04          6.5530000E-04
    rcs13w                  1.5826910E-02          1.5317200E-02
    rcr1d                   8.3964379E-04          7.3860000E-04
    rcr1w                   2.5534614E-04          6.4760000E-04
    rcr2d                   0.9733919              0.8452336
    rcr2w                   4.4434562E-04          1.1410000E-03
    rcr3d                   2.6352231E-03          4.1250000E-03
    rcr3w                   4.7202287E-02          0.1397303
    rcr4d                   2.1303685E-03          4.4309000E-03
    rcr4w                   0.5308361              0.5287727
    rcr5d                   1.2842190E-03          3.5521000E-03
    rcr5w                   0.9956939              0.8200417
    rcr6d                   2.1028902E-03          4.3327000E-03
    rcr6w                   0.4283036              0.4562156
    rcr7d                   0.3262211              0.5783195
    rcr7w                   2.7086982E-05          3.1380000E-04
    rcr8d                   0.8221882              0.6929436
    rcr8w                   3.1102878E-05          3.2300000E-04
    rcr9d                   0.8602706              0.6791029
    rcr9w                   3.2162308E-05          4.8810000E-04
    rcr10d                  1.0138341E-03          5.4618000E-03
    rcr10w                  1.9646085E-05          4.4790000E-04
    rcr11d                  3.1118513E-05          1.8420000E-04
    rcr11w                  7.3926598E-06          2.7450000E-04
    rcr12d                  1.1358665E-05          6.3300000E-05
    rcr12w                  2.8366540E-06          9.8400000E-05
    rcr13d                  1.7854939E-05          9.9100000E-05
    rcr13w                  5.8438805E-06          2.0720000E-04
    rcgd                    2.2302269E-04          6.8620000E-04
    rcgw                    7.4449484E-10           0.000000
    tl                      0.9997417              0.9904230
    xw                       0.000000               0.000000
    yw                       0.000000               0.000000
    x                        0.000000               0.000000
    y                        0.000000               0.000000
    tlr                      0.000000               0.000000
    tls                     0.9999716              0.9875477
    beta                    0.9864119              0.7476054
 
    Note: run IDENTPAR yourself to see identiability contributions by different solution 
    space eigencomponents.


                   ANALYSIS OF PREDICTION
                   ----------------------

 PREDVAR1 analysis for prediction "q7935" ----->

    Sing_val       Null-space       Soln-space     Total             Total
    index          term             term           variance          std_dev
    --------       ----------       ----------     --------          -------
       0             2596078.         0.000000       2596078.          1611.235    
       3             2531851.         12.58780       2531863.          1591.183    
       6             1917273.         2979.511       1920253.          1385.732    
       9             529302.6         21051.85       550354.4          741.8587    
      12             433537.2         26940.38       460477.5          678.5849    
      15             375432.1         36515.24       411947.3          641.8312    
      16             351323.3         43724.47       395047.8          628.5283    
      17             348566.9         44613.96       393180.9          627.0414    
      18             348511.2         44635.44       393146.7          627.0141    
      19             36971.88         213636.3       250608.1          500.6077    
      20             35563.22         214498.2       250061.4          500.0614    
      21             35555.18         214504.6       250059.7          500.0597    
      22             3092.782         264689.4       267782.2          517.4768    
      23             1851.541         266695.8       268547.4          518.2156    
      24             517.6350         272530.5       273048.2          522.5401    
      25             517.3177         272533.2       273050.5          522.5423    
      26             514.0243         272571.6       273085.6          522.5759    
      27             510.8850         272652.1       273163.0          522.6500    
      30             496.2600         275510.3       276006.6          525.3633    
      33             442.6653         302796.4       303239.1          550.6715    
      36             22.35875         703788.6       703810.9          838.9344    
      39             21.12501         706688.8       706709.9          840.6604    
      42             5.093015         776641.2       776646.3          881.2754    
      45            0.3749527         815476.2       815476.5          903.0374    
      48            0.2129436         818159.1       818159.3          904.5216    
      51            1.2829369E-03     838556.6       838556.6          915.7274    
      54            3.8015115E-04     839092.0       839092.0          916.0197    
      57            7.4911373E-07     846939.4       846939.4          920.2931    
      60            1.9814796E-21     3659544.       3659544.          1912.993    
      63            5.7902765E-74    1.0000000E+35  1.0000000E+35     3.1622777E+17
      66             0.000000        1.0000000E+35  1.0000000E+35     3.1622777E+17
 
    Pre-calibration:- 
    Total error variance                 =   2596078.    
    Total error standard deviation       =   1611.235    
 
    Post-calibration:-
    Total error variance                 =   250059.7    
    Total error standard deviation       =   500.0597    
    Minimum error variance occurs at singular value number 21.
 
 
 PREDUNC1 analysis for prediction "q7935" ----->

    Pre-calibration:- 
    Total uncertainty variance           =   2596078.    
    Total uncertainty standard deviation =   1611.235    
 
    Post-calibration:-
    Total uncertainty variance           =   172980.5    
    Total uncertainty standard deviation =   415.9092    
 
 
 PREDUNC4 analysis for prediction "q7935" ----->

    Contributions to predictive uncertainty variance

    Parameter      Pre-cal             Post-cal
    group          contribution        contribution
    ---------      ------------        ------------
    ddsd             7687.000            27461.70    
    ddsw             0.000000            2.500000    
    ddgd             0.000000            5.500000    
    ddgw             0.000000            0.000000    
    rcsd             1341379.            115250.0    
    rcsw             0.000000            19197.90    
    rcrd             117742.0            33104.00    
    rcrw             0.000000            7914.100    
    rcgd             0.000000            1.400000    
    rcgw             0.000000            0.000000    
    tl               58094.00            2386.200    
    xw               0.000000            0.000000    
    yw               0.000000            0.000000    
    x                0.000000            0.000000    
    y                0.000000            0.000000    
    tlr              0.000000            0.000000    
    tls              911863.0            16764.10    
    beta             159313.0            39864.90    
 
 
 PREDUNC5 observation subtraction analysis for prediction "q7935" ----->

    Increases in predictive uncertainty variance incurred through loss of observations

    Observation_group        Variance_increase
    -----------------        -----------------
    q                          172980.5    
 
 
 PREDUNC5 observation addition analysis for prediction "q7935" ----->

    Decreases in pre-calibration predictive uncertainty variance incurred through addition of observations

    Observation_group        Variance_decrease
    -----------------        -----------------
    q                          172980.5    
