 
 
                   ###################################################
                   #                                                 #
                   #      GENLINPRED UNCERTAINTY/ERROR ANALYSIS      #
                   #                                                 #
                   ###################################################
 
 
 
                   ANALYSIS DETAILS
                   ----------------
 
    Name of PEST control file                                   : master_lu.pst
    Factor by which to multiply observation weights             : 1.0000
    Source of parameter uncertainty data                        : uncertainty file
    Name of uncertainty file                                    : master_lu.unc
 
    Perform global parameter estimability analysis              : yes
         Parameter identifiability                              : yes
         Relative parameter error reduction                     : no
         Relative parameter uncertainty reduction               : yes
 
    Analyse error/uncertainty of an entity                      : yes
         Name of entity                                         : q7873
         Type of entity                                         : prediction
         File containing prediction sensitivities               : master_lu.jco
 
         Total error variance                                   : yes
         Total uncertainty                                      : yes
 
         Parameter contributions to error variance              : no
         Parameter contributions to uncertainty                 : yes
         Parameter contributions                                : by group
 
         Observation worth in reducing error variance           : no
         Observation worth in reducing uncertainty variance     : yes
         Observation worth                                      : by group


                   ANALYSIS OF PARAMETERS
                   ----------------------


 Outcomes of running program SUPCALC ----->
 
    Number of dimensions of calibration solution space = 21
    Number of dimensions of calibration null space     = 45

 Outcomes of parameter identifiability and error/uncertainty variance reduction analysis ----->
 
    Parameter              Identifiability        Rel_uncert_var_redn
    ---------              ---------------        -------------------
    ddsd                    0.9999962              0.9985695
    ddsw                    0.9999985              0.9995245
    ddgd                    8.9209074E-04          2.7446000E-03
    ddgw                    2.9779794E-09          1.0000000E-07
    rcs1d                   9.4002959E-10          1.0000000E-07
    rcs1w                   5.8693719E-11           0.000000
    rcs2d                   2.1919986E-06          1.4140000E-04
    rcs2w                   1.6984139E-06          3.1700000E-05
    rcs3d                   7.7113415E-05          9.5280000E-04
    rcs3w                   2.8336929E-04          4.8198000E-03
    rcs4d                   2.0007912E-02          6.3051700E-02
    rcs4w                   2.4800499E-03          2.0354900E-02
    rcs5d                   8.4974974E-02          0.2306842
    rcs5w                   0.2195330              0.4974543
    rcs6d                   0.9294260              0.8081349
    rcs6w                   0.8004358              0.7951190
    rcs7d                   0.9885394              0.7846490
    rcs7w                   0.9823433              0.8594080
    rcs8d                   1.8870833E-03          2.4400000E-03
    rcs8w                   3.0601721E-04          6.3110000E-04
    rcs9d                   3.6682923E-04          9.4330000E-04
    rcs9w                   0.9937043              0.7980983
    rcs10d                  0.9994918              0.9321853
    rcs10w                  0.9982834              0.8797214
    rcs11d                  0.9992740              0.8609366
    rcs11w                  0.9998968              0.9275511
    rcs12d                  0.9964442              0.8271959
    rcs12w                  0.9837081              0.8852159
    rcs13d                  4.7099164E-04          6.5530000E-04
    rcs13w                  1.5826910E-02          1.5317200E-02
    rcr1d                   8.3964379E-04          7.3860000E-04
    rcr1w                   2.5534614E-04          6.4760000E-04
    rcr2d                   0.9733919              0.8452336
    rcr2w                   4.4434562E-04          1.1410000E-03
    rcr3d                   2.6352231E-03          4.1250000E-03
    rcr3w                   4.7202287E-02          0.1397303
    rcr4d                   2.1303685E-03          4.4309000E-03
    rcr4w                   0.5308361              0.5287727
    rcr5d                   1.2842190E-03          3.5521000E-03
    rcr5w                   0.9956939              0.8200417
    rcr6d                   2.1028902E-03          4.3327000E-03
    rcr6w                   0.4283036              0.4562156
    rcr7d                   0.3262211              0.5783195
    rcr7w                   2.7086982E-05          3.1380000E-04
    rcr8d                   0.8221882              0.6929436
    rcr8w                   3.1102878E-05          3.2300000E-04
    rcr9d                   0.8602706              0.6791029
    rcr9w                   3.2162308E-05          4.8810000E-04
    rcr10d                  1.0138341E-03          5.4618000E-03
    rcr10w                  1.9646085E-05          4.4790000E-04
    rcr11d                  3.1118513E-05          1.8420000E-04
    rcr11w                  7.3926598E-06          2.7450000E-04
    rcr12d                  1.1358665E-05          6.3300000E-05
    rcr12w                  2.8366540E-06          9.8400000E-05
    rcr13d                  1.7854939E-05          9.9100000E-05
    rcr13w                  5.8438805E-06          2.0720000E-04
    rcgd                    2.2302269E-04          6.8620000E-04
    rcgw                    7.4449484E-10           0.000000
    tl                      0.9997417              0.9904230
    xw                       0.000000               0.000000
    yw                       0.000000               0.000000
    x                        0.000000               0.000000
    y                        0.000000               0.000000
    tlr                      0.000000               0.000000
    tls                     0.9999716              0.9875477
    beta                    0.9864119              0.7476054
 
    Note: run IDENTPAR yourself to see identiability contributions by different solution 
    space eigencomponents.


                   ANALYSIS OF PREDICTION
                   ----------------------

 PREDVAR1 analysis for prediction "q7873" ----->

    Sing_val       Null-space       Soln-space     Total             Total
    index          term             term           variance          std_dev
    --------       ----------       ----------     --------          -------
       0             4083918.         0.000000       4083918.          2020.871    
       3             3664974.         93.54767       3665067.          1914.436    
       6             1863256.         8006.748       1871263.          1367.941    
       9             1550055.         11248.69       1561303.          1249.521    
      12             108062.7         89220.31       197283.0          444.1655    
      15             100469.7         90480.41       190950.1          436.9784    
      16             96187.87         91760.81       187948.7          433.5305    
      17             95831.70         91875.75       187707.4          433.2521    
      18             95320.29         92072.98       187393.3          432.8895    
      19             26706.89         129293.7       156000.6          394.9691    
      20             26228.82         129586.2       155815.1          394.7342    
      21             16409.89         137352.5       153762.4          392.1255    
      22             4978.831         155024.2       160003.0          400.0037    
      23             4677.300         155511.6       160188.9          400.2361    
      24             497.9136         173792.9       174290.8          417.4815    
      25             474.0531         173991.6       174465.6          417.6908    
      26             452.4250         174244.1       174696.6          417.9672    
      27             47.79672         184618.3       184666.1          429.7279    
      30             42.76548         185529.7       185572.5          430.7813    
      33             42.03351         185888.4       185930.4          431.1965    
      36             26.58733         203658.5       203685.1          451.3149    
      39             19.20237         224300.8       224320.0          473.6243    
      42             6.519082         279633.8       279640.3          528.8103    
      45             1.773206         318657.6       318659.3          564.4992    
      48            0.3569649         356140.6       356140.9          596.7754    
      51            7.4936726E-04     381235.6       381235.6          617.4428    
      54            2.7887872E-04     381598.8       381598.8          617.7368    
      57            4.9430871E-06     387692.1       387692.1          622.6493    
      60            1.0065644E-21     389189.7       389189.7          623.8507    
      63            5.8137287E-77    1.0000000E+35  1.0000000E+35     3.1622777E+17
      66             0.000000        1.0000000E+35  1.0000000E+35     3.1622777E+17
 
    Pre-calibration:- 
    Total error variance                 =   4083918.    
    Total error standard deviation       =   2020.871    
 
    Post-calibration:-
    Total error variance                 =   153762.4    
    Total error standard deviation       =   392.1255    
    Minimum error variance occurs at singular value number 21.
 
 
 PREDUNC1 analysis for prediction "q7873" ----->

    Pre-calibration:- 
    Total uncertainty variance           =   4083920.    
    Total uncertainty standard deviation =   2020.871    
 
    Post-calibration:-
    Total uncertainty variance           =   127030.0    
    Total uncertainty standard deviation =   356.4127    
 
 
 PREDUNC4 analysis for prediction "q7873" ----->

    Contributions to predictive uncertainty variance

    Parameter      Pre-cal             Post-cal
    group          contribution        contribution
    ---------      ------------        ------------
    ddsd             9809.000            71707.87    
    ddsw             0.000000            209.7000    
    ddgd             1.000000           0.9000000    
    ddgw             0.000000            0.000000    
    rcsd             2949331.            101523.2    
    rcsw             0.000000            9653.500    
    rcrd             501557.0            20024.50    
    rcrw             0.000000            3352.400    
    rcgd             0.000000           0.2000000    
    rcgw             0.000000            0.000000    
    tl               110944.0            66.10000    
    xw               0.000000            0.000000    
    yw               0.000000            0.000000    
    x                0.000000            0.000000    
    y                0.000000            0.000000    
    tlr              0.000000            0.000000    
    tls              343613.0            4522.700    
    beta             168663.0            14760.90    
 
 
 PREDUNC5 observation subtraction analysis for prediction "q7873" ----->

    Increases in predictive uncertainty variance incurred through loss of observations

    Observation_group        Variance_increase
    -----------------        -----------------
    q                          127030.0    
 
 
 PREDUNC5 observation addition analysis for prediction "q7873" ----->

    Decreases in pre-calibration predictive uncertainty variance incurred through addition of observations

    Observation_group        Variance_decrease
    -----------------        -----------------
    q                          127030.0    
