 
 
                   ###################################################
                   #                                                 #
                   #      GENLINPRED UNCERTAINTY/ERROR ANALYSIS      #
                   #                                                 #
                   ###################################################
 
 
 
                   ANALYSIS DETAILS
                   ----------------
 
    Name of PEST control file                                   : master_lu.pst
    Factor by which to multiply observation weights             : 1.0000
    Source of parameter uncertainty data                        : uncertainty file
    Name of uncertainty file                                    : master_lu.unc
 
    Perform global parameter estimability analysis              : yes
         Parameter identifiability                              : yes
         Relative parameter error reduction                     : no
         Relative parameter uncertainty reduction               : yes
 
    Analyse error/uncertainty of an entity                      : yes
         Name of entity                                         : q8085
         Type of entity                                         : prediction
         File containing prediction sensitivities               : master_lu.jco
 
         Total error variance                                   : yes
         Total uncertainty                                      : yes
 
         Parameter contributions to error variance              : no
         Parameter contributions to uncertainty                 : yes
         Parameter contributions                                : by group
 
         Observation worth in reducing error variance           : no
         Observation worth in reducing uncertainty variance     : yes
         Observation worth                                      : by group


                   ANALYSIS OF PARAMETERS
                   ----------------------


 Outcomes of running program SUPCALC ----->
 
    Number of dimensions of calibration solution space = 21
    Number of dimensions of calibration null space     = 45

 Outcomes of parameter identifiability and error/uncertainty variance reduction analysis ----->
 
    Parameter              Identifiability        Rel_uncert_var_redn
    ---------              ---------------        -------------------
    ddsd                    0.9999962              0.9985695
    ddsw                    0.9999985              0.9995245
    ddgd                    8.9209074E-04          2.7446000E-03
    ddgw                    2.9779794E-09          1.0000000E-07
    rcs1d                   9.4002959E-10          1.0000000E-07
    rcs1w                   5.8693719E-11           0.000000
    rcs2d                   2.1919986E-06          1.4140000E-04
    rcs2w                   1.6984139E-06          3.1700000E-05
    rcs3d                   7.7113415E-05          9.5280000E-04
    rcs3w                   2.8336929E-04          4.8198000E-03
    rcs4d                   2.0007912E-02          6.3051700E-02
    rcs4w                   2.4800499E-03          2.0354900E-02
    rcs5d                   8.4974974E-02          0.2306842
    rcs5w                   0.2195330              0.4974543
    rcs6d                   0.9294260              0.8081349
    rcs6w                   0.8004358              0.7951190
    rcs7d                   0.9885394              0.7846490
    rcs7w                   0.9823433              0.8594080
    rcs8d                   1.8870833E-03          2.4400000E-03
    rcs8w                   3.0601721E-04          6.3110000E-04
    rcs9d                   3.6682923E-04          9.4330000E-04
    rcs9w                   0.9937043              0.7980983
    rcs10d                  0.9994918              0.9321853
    rcs10w                  0.9982834              0.8797214
    rcs11d                  0.9992740              0.8609366
    rcs11w                  0.9998968              0.9275511
    rcs12d                  0.9964442              0.8271959
    rcs12w                  0.9837081              0.8852159
    rcs13d                  4.7099164E-04          6.5530000E-04
    rcs13w                  1.5826910E-02          1.5317200E-02
    rcr1d                   8.3964379E-04          7.3860000E-04
    rcr1w                   2.5534614E-04          6.4760000E-04
    rcr2d                   0.9733919              0.8452336
    rcr2w                   4.4434562E-04          1.1410000E-03
    rcr3d                   2.6352231E-03          4.1250000E-03
    rcr3w                   4.7202287E-02          0.1397303
    rcr4d                   2.1303685E-03          4.4309000E-03
    rcr4w                   0.5308361              0.5287727
    rcr5d                   1.2842190E-03          3.5521000E-03
    rcr5w                   0.9956939              0.8200417
    rcr6d                   2.1028902E-03          4.3327000E-03
    rcr6w                   0.4283036              0.4562156
    rcr7d                   0.3262211              0.5783195
    rcr7w                   2.7086982E-05          3.1380000E-04
    rcr8d                   0.8221882              0.6929436
    rcr8w                   3.1102878E-05          3.2300000E-04
    rcr9d                   0.8602706              0.6791029
    rcr9w                   3.2162308E-05          4.8810000E-04
    rcr10d                  1.0138341E-03          5.4618000E-03
    rcr10w                  1.9646085E-05          4.4790000E-04
    rcr11d                  3.1118513E-05          1.8420000E-04
    rcr11w                  7.3926598E-06          2.7450000E-04
    rcr12d                  1.1358665E-05          6.3300000E-05
    rcr12w                  2.8366540E-06          9.8400000E-05
    rcr13d                  1.7854939E-05          9.9100000E-05
    rcr13w                  5.8438805E-06          2.0720000E-04
    rcgd                    2.2302269E-04          6.8620000E-04
    rcgw                    7.4449484E-10           0.000000
    tl                      0.9997417              0.9904230
    xw                       0.000000               0.000000
    yw                       0.000000               0.000000
    x                        0.000000               0.000000
    y                        0.000000               0.000000
    tlr                      0.000000               0.000000
    tls                     0.9999716              0.9875477
    beta                    0.9864119              0.7476054
 
    Note: run IDENTPAR yourself to see identiability contributions by different solution 
    space eigencomponents.


                   ANALYSIS OF PREDICTION
                   ----------------------

 PREDVAR1 analysis for prediction "q8085" ----->

    Sing_val       Null-space       Soln-space     Total             Total
    index          term             term           variance          std_dev
    --------       ----------       ----------     --------          -------
       0             399672.6         0.000000       399672.6          632.1966    
       3             391026.6         4.418223       391031.0          625.3247    
       6             120106.1         1126.145       121232.3          348.1843    
       9             85309.75         1497.897       86807.64          294.6314    
      12             75434.06         2062.079       77496.14          278.3813    
      15             63099.18         4113.565       67212.75          259.2542    
      16             38000.42         11618.83       49619.25          222.7538    
      17             37685.70         11720.39       49406.09          222.2748    
      18             17801.63         19388.87       37190.50          192.8484    
      19             1562.261         28198.24       29760.50          172.5123    
      20             1348.042         28329.32       29677.36          172.2712    
      21             115.8233         29303.95       29419.77          171.5219    
      22             95.13835         29335.92       29431.06          171.5548    
      23             77.22943         29364.87       29442.10          171.5870    
      24             74.37985         29377.34       29451.72          171.6150    
      25             68.84761         29423.40       29492.25          171.7331    
      26             62.32759         29499.55       29561.88          171.9357    
      27             61.87061         29511.26       29573.14          171.9684    
      30             59.63381         29909.81       29969.45          173.1169    
      33             11.05719         47980.62       47991.68          219.0700    
      36             10.90144         48123.66       48134.56          219.3959    
      39             10.07330         50344.53       50354.60          224.3983    
      42             1.521058         87670.01       87671.54          296.0938    
      45            0.1640895         98828.83       98828.99          314.3708    
      48            8.6370780E-02     100091.3       100091.4          316.3722    
      51            2.2665309E-04     108597.3       108597.3          329.5410    
      54            1.9375210E-04     108608.1       108608.1          329.5574    
      57            1.3676045E-06     122432.6       122432.6          349.9037    
      60            2.0753138E-16    2.7179290E+12  2.7179290E+12      1648614.    
      63            5.1851913E-68    1.0000000E+35  1.0000000E+35     3.1622777E+17
      66             0.000000        1.0000000E+35  1.0000000E+35     3.1622777E+17
 
    Pre-calibration:- 
    Total error variance                 =   399672.6    
    Total error standard deviation       =   632.1966    
 
    Post-calibration:-
    Total error variance                 =   29419.77    
    Total error standard deviation       =   171.5219    
    Minimum error variance occurs at singular value number 21.
 
 
 PREDUNC1 analysis for prediction "q8085" ----->

    Pre-calibration:- 
    Total uncertainty variance           =   399672.7    
    Total uncertainty standard deviation =   632.1967    
 
    Post-calibration:-
    Total uncertainty variance           =   21605.35    
    Total uncertainty standard deviation =   146.9876    
 
 
 PREDUNC4 analysis for prediction "q8085" ----->

    Contributions to predictive uncertainty variance

    Parameter      Pre-cal             Post-cal
    group          contribution        contribution
    ---------      ------------        ------------
    ddsd             14.60000            175.4200    
    ddsw             0.000000            58.58000    
    ddgd             255.3000            75.32000    
    ddgw             0.000000            0.000000    
    rcsd             5206.200            9074.340    
    rcsw             0.000000            9612.990    
    rcrd             273164.1            5767.480    
    rcrw             0.000000            3679.420    
    rcgd             63.80000            18.79000    
    rcgw             0.000000            0.000000    
    tl               95.40000            29.90000    
    xw               0.000000            0.000000    
    yw               0.000000            0.000000    
    x                0.000000            0.000000    
    y                0.000000            0.000000    
    tlr              0.000000            0.000000    
    tls              196.3000            50.59000    
    beta             120676.7            17409.68    
 
 
 PREDUNC5 observation subtraction analysis for prediction "q8085" ----->

    Increases in predictive uncertainty variance incurred through loss of observations

    Observation_group        Variance_increase
    -----------------        -----------------
    q                          21605.35    
 
 
 PREDUNC5 observation addition analysis for prediction "q8085" ----->

    Decreases in pre-calibration predictive uncertainty variance incurred through addition of observations

    Observation_group        Variance_decrease
    -----------------        -----------------
    q                          21605.35    
