 
 
                   ###################################################
                   #                                                 #
                   #      GENLINPRED UNCERTAINTY/ERROR ANALYSIS      #
                   #                                                 #
                   ###################################################
 
 
 
                   ANALYSIS DETAILS
                   ----------------
 
    Name of PEST control file                                   : master_lu.pst
    Factor by which to multiply observation weights             : 1.0000
    Source of parameter uncertainty data                        : uncertainty file
    Name of uncertainty file                                    : master_lu.unc
 
    Perform global parameter estimability analysis              : yes
         Parameter identifiability                              : yes
         Relative parameter error reduction                     : no
         Relative parameter uncertainty reduction               : yes
 
    Analyse error/uncertainty of an entity                      : yes
         Name of entity                                         : q8057
         Type of entity                                         : prediction
         File containing prediction sensitivities               : master_lu.jco
 
         Total error variance                                   : yes
         Total uncertainty                                      : yes
 
         Parameter contributions to error variance              : no
         Parameter contributions to uncertainty                 : yes
         Parameter contributions                                : by group
 
         Observation worth in reducing error variance           : no
         Observation worth in reducing uncertainty variance     : yes
         Observation worth                                      : by group


                   ANALYSIS OF PARAMETERS
                   ----------------------


 Outcomes of running program SUPCALC ----->
 
    Number of dimensions of calibration solution space = 21
    Number of dimensions of calibration null space     = 45

 Outcomes of parameter identifiability and error/uncertainty variance reduction analysis ----->
 
    Parameter              Identifiability        Rel_uncert_var_redn
    ---------              ---------------        -------------------
    ddsd                    0.9999962              0.9985695
    ddsw                    0.9999985              0.9995245
    ddgd                    8.9209074E-04          2.7446000E-03
    ddgw                    2.9779794E-09          1.0000000E-07
    rcs1d                   9.4002959E-10          1.0000000E-07
    rcs1w                   5.8693719E-11           0.000000
    rcs2d                   2.1919986E-06          1.4140000E-04
    rcs2w                   1.6984139E-06          3.1700000E-05
    rcs3d                   7.7113415E-05          9.5280000E-04
    rcs3w                   2.8336929E-04          4.8198000E-03
    rcs4d                   2.0007912E-02          6.3051700E-02
    rcs4w                   2.4800499E-03          2.0354900E-02
    rcs5d                   8.4974974E-02          0.2306842
    rcs5w                   0.2195330              0.4974543
    rcs6d                   0.9294260              0.8081349
    rcs6w                   0.8004358              0.7951190
    rcs7d                   0.9885394              0.7846490
    rcs7w                   0.9823433              0.8594080
    rcs8d                   1.8870833E-03          2.4400000E-03
    rcs8w                   3.0601721E-04          6.3110000E-04
    rcs9d                   3.6682923E-04          9.4330000E-04
    rcs9w                   0.9937043              0.7980983
    rcs10d                  0.9994918              0.9321853
    rcs10w                  0.9982834              0.8797214
    rcs11d                  0.9992740              0.8609366
    rcs11w                  0.9998968              0.9275511
    rcs12d                  0.9964442              0.8271959
    rcs12w                  0.9837081              0.8852159
    rcs13d                  4.7099164E-04          6.5530000E-04
    rcs13w                  1.5826910E-02          1.5317200E-02
    rcr1d                   8.3964379E-04          7.3860000E-04
    rcr1w                   2.5534614E-04          6.4760000E-04
    rcr2d                   0.9733919              0.8452336
    rcr2w                   4.4434562E-04          1.1410000E-03
    rcr3d                   2.6352231E-03          4.1250000E-03
    rcr3w                   4.7202287E-02          0.1397303
    rcr4d                   2.1303685E-03          4.4309000E-03
    rcr4w                   0.5308361              0.5287727
    rcr5d                   1.2842190E-03          3.5521000E-03
    rcr5w                   0.9956939              0.8200417
    rcr6d                   2.1028902E-03          4.3327000E-03
    rcr6w                   0.4283036              0.4562156
    rcr7d                   0.3262211              0.5783195
    rcr7w                   2.7086982E-05          3.1380000E-04
    rcr8d                   0.8221882              0.6929436
    rcr8w                   3.1102878E-05          3.2300000E-04
    rcr9d                   0.8602706              0.6791029
    rcr9w                   3.2162308E-05          4.8810000E-04
    rcr10d                  1.0138341E-03          5.4618000E-03
    rcr10w                  1.9646085E-05          4.4790000E-04
    rcr11d                  3.1118513E-05          1.8420000E-04
    rcr11w                  7.3926598E-06          2.7450000E-04
    rcr12d                  1.1358665E-05          6.3300000E-05
    rcr12w                  2.8366540E-06          9.8400000E-05
    rcr13d                  1.7854939E-05          9.9100000E-05
    rcr13w                  5.8438805E-06          2.0720000E-04
    rcgd                    2.2302269E-04          6.8620000E-04
    rcgw                    7.4449484E-10           0.000000
    tl                      0.9997417              0.9904230
    xw                       0.000000               0.000000
    yw                       0.000000               0.000000
    x                        0.000000               0.000000
    y                        0.000000               0.000000
    tlr                      0.000000               0.000000
    tls                     0.9999716              0.9875477
    beta                    0.9864119              0.7476054
 
    Note: run IDENTPAR yourself to see identiability contributions by different solution 
    space eigencomponents.


                   ANALYSIS OF PREDICTION
                   ----------------------

 PREDVAR1 analysis for prediction "q8057" ----->

    Sing_val       Null-space       Soln-space     Total             Total
    index          term             term           variance          std_dev
    --------       ----------       ----------     --------          -------
       0             182568.1         0.000000       182568.1          427.2799    
       3             178830.2         3.254927       178833.4          422.8870    
       6             117837.6         268.6179       118106.2          343.6658    
       9             117591.2         271.4605       117862.7          343.3114    
      12             96218.57         1436.007       97654.58          312.4973    
      15             86337.62         3092.798       89430.42          299.0492    
      16             26015.91         21130.76       47146.67          217.1328    
      17             24640.48         21574.61       46215.09          214.9770    
      18             9289.259         27494.95       36784.21          191.7921    
      19             3727.960         30511.79       34239.75          185.0399    
      20             3614.004         30581.52       34195.52          184.9203    
      21             1444.457         32297.53       33741.98          183.6899    
      22             145.7856         34305.19       34450.97          185.6097    
      23             69.07974         34429.18       34498.26          185.7371    
      24             55.99798         34486.40       34542.40          185.8559    
      25             50.26520         34534.14       34584.40          185.9688    
      26             43.19993         34616.65       34659.85          186.1716    
      27             41.16713         34668.77       34709.94          186.3060    
      30             30.71866         36790.97       36821.68          191.8898    
      33             22.03975         40050.79       40072.83          200.1820    
      36             21.70328         40405.69       40427.39          201.0656    
      39             21.67885         40473.22       40494.90          201.2334    
      42             3.507274         119772.7       119776.2          346.0870    
      45            0.2839959         146281.7       146282.0          382.4683    
      48            3.2651618E-02     152156.1       152156.1          390.0719    
      51            4.5814043E-04     155276.2       155276.2          394.0510    
      54            2.6025690E-04     155402.4       155402.4          394.2111    
      57            8.7221373E-07     171267.6       171267.6          413.8449    
      60            2.4373150E-22     171586.2       171586.2          414.2296    
      63            4.5886861E-77    1.0000000E+35  1.0000000E+35     3.1622777E+17
      66             0.000000        1.0000000E+35  1.0000000E+35     3.1622777E+17
 
    Pre-calibration:- 
    Total error variance                 =   182568.1    
    Total error standard deviation       =   427.2799    
 
    Post-calibration:-
    Total error variance                 =   33741.98    
    Total error standard deviation       =   183.6899    
    Minimum error variance occurs at singular value number 21.
 
 
 PREDUNC1 analysis for prediction "q8057" ----->

    Pre-calibration:- 
    Total uncertainty variance           =   182568.0    
    Total uncertainty standard deviation =   427.2798    
 
    Post-calibration:-
    Total uncertainty variance           =   25144.64    
    Total uncertainty standard deviation =   158.5706    
 
 
 PREDUNC4 analysis for prediction "q8057" ----->

    Contributions to predictive uncertainty variance

    Parameter      Pre-cal             Post-cal
    group          contribution        contribution
    ---------      ------------        ------------
    ddsd             110.9000            325.4900    
    ddsw             0.000000            69.81000    
    ddgd             156.0000            27.61000    
    ddgw             0.000000            0.000000    
    rcsd             39455.80            7712.610    
    rcsw             0.000000            11033.24    
    rcrd             18172.30            8679.150    
    rcrw             0.000000            4222.940    
    rcgd             39.00000            6.880000    
    rcgw             0.000000            0.000000    
    tl               727.5000            81.79000    
    xw               0.000000            0.000000    
    yw               0.000000            0.000000    
    x                0.000000            0.000000    
    y                0.000000            0.000000    
    tlr              0.000000            0.000000    
    tls              1388.000            57.51000    
    beta             122518.9            19961.47    
 
 
 PREDUNC5 observation subtraction analysis for prediction "q8057" ----->

    Increases in predictive uncertainty variance incurred through loss of observations

    Observation_group        Variance_increase
    -----------------        -----------------
    q                          25144.64    
 
 
 PREDUNC5 observation addition analysis for prediction "q8057" ----->

    Decreases in pre-calibration predictive uncertainty variance incurred through addition of observations

    Observation_group        Variance_decrease
    -----------------        -----------------
    q                          25144.64    
