 
 
                   ###################################################
                   #                                                 #
                   #      GENLINPRED UNCERTAINTY/ERROR ANALYSIS      #
                   #                                                 #
                   ###################################################
 
 
 
                   ANALYSIS DETAILS
                   ----------------
 
    Name of PEST control file                                   : master_lu.pst
    Factor by which to multiply observation weights             : 1.0000
    Source of parameter uncertainty data                        : uncertainty file
    Name of uncertainty file                                    : master_lu.unc
 
    Perform global parameter estimability analysis              : yes
         Parameter identifiability                              : yes
         Relative parameter error reduction                     : no
         Relative parameter uncertainty reduction               : yes
 
    Analyse error/uncertainty of an entity                      : yes
         Name of entity                                         : q7888
         Type of entity                                         : prediction
         File containing prediction sensitivities               : master_lu.jco
 
         Total error variance                                   : yes
         Total uncertainty                                      : yes
 
         Parameter contributions to error variance              : no
         Parameter contributions to uncertainty                 : yes
         Parameter contributions                                : by group
 
         Observation worth in reducing error variance           : no
         Observation worth in reducing uncertainty variance     : yes
         Observation worth                                      : by group


                   ANALYSIS OF PARAMETERS
                   ----------------------


 Outcomes of running program SUPCALC ----->
 
    Number of dimensions of calibration solution space = 21
    Number of dimensions of calibration null space     = 45

 Outcomes of parameter identifiability and error/uncertainty variance reduction analysis ----->
 
    Parameter              Identifiability        Rel_uncert_var_redn
    ---------              ---------------        -------------------
    ddsd                    0.9999962              0.9985695
    ddsw                    0.9999985              0.9995245
    ddgd                    8.9209074E-04          2.7446000E-03
    ddgw                    2.9779794E-09          1.0000000E-07
    rcs1d                   9.4002959E-10          1.0000000E-07
    rcs1w                   5.8693719E-11           0.000000
    rcs2d                   2.1919986E-06          1.4140000E-04
    rcs2w                   1.6984139E-06          3.1700000E-05
    rcs3d                   7.7113415E-05          9.5280000E-04
    rcs3w                   2.8336929E-04          4.8198000E-03
    rcs4d                   2.0007912E-02          6.3051700E-02
    rcs4w                   2.4800499E-03          2.0354900E-02
    rcs5d                   8.4974974E-02          0.2306842
    rcs5w                   0.2195330              0.4974543
    rcs6d                   0.9294260              0.8081349
    rcs6w                   0.8004358              0.7951190
    rcs7d                   0.9885394              0.7846490
    rcs7w                   0.9823433              0.8594080
    rcs8d                   1.8870833E-03          2.4400000E-03
    rcs8w                   3.0601721E-04          6.3110000E-04
    rcs9d                   3.6682923E-04          9.4330000E-04
    rcs9w                   0.9937043              0.7980983
    rcs10d                  0.9994918              0.9321853
    rcs10w                  0.9982834              0.8797214
    rcs11d                  0.9992740              0.8609366
    rcs11w                  0.9998968              0.9275511
    rcs12d                  0.9964442              0.8271959
    rcs12w                  0.9837081              0.8852159
    rcs13d                  4.7099164E-04          6.5530000E-04
    rcs13w                  1.5826910E-02          1.5317200E-02
    rcr1d                   8.3964379E-04          7.3860000E-04
    rcr1w                   2.5534614E-04          6.4760000E-04
    rcr2d                   0.9733919              0.8452336
    rcr2w                   4.4434562E-04          1.1410000E-03
    rcr3d                   2.6352231E-03          4.1250000E-03
    rcr3w                   4.7202287E-02          0.1397303
    rcr4d                   2.1303685E-03          4.4309000E-03
    rcr4w                   0.5308361              0.5287727
    rcr5d                   1.2842190E-03          3.5521000E-03
    rcr5w                   0.9956939              0.8200417
    rcr6d                   2.1028902E-03          4.3327000E-03
    rcr6w                   0.4283036              0.4562156
    rcr7d                   0.3262211              0.5783195
    rcr7w                   2.7086982E-05          3.1380000E-04
    rcr8d                   0.8221882              0.6929436
    rcr8w                   3.1102878E-05          3.2300000E-04
    rcr9d                   0.8602706              0.6791029
    rcr9w                   3.2162308E-05          4.8810000E-04
    rcr10d                  1.0138341E-03          5.4618000E-03
    rcr10w                  1.9646085E-05          4.4790000E-04
    rcr11d                  3.1118513E-05          1.8420000E-04
    rcr11w                  7.3926598E-06          2.7450000E-04
    rcr12d                  1.1358665E-05          6.3300000E-05
    rcr12w                  2.8366540E-06          9.8400000E-05
    rcr13d                  1.7854939E-05          9.9100000E-05
    rcr13w                  5.8438805E-06          2.0720000E-04
    rcgd                    2.2302269E-04          6.8620000E-04
    rcgw                    7.4449484E-10           0.000000
    tl                      0.9997417              0.9904230
    xw                       0.000000               0.000000
    yw                       0.000000               0.000000
    x                        0.000000               0.000000
    y                        0.000000               0.000000
    tlr                      0.000000               0.000000
    tls                     0.9999716              0.9875477
    beta                    0.9864119              0.7476054
 
    Note: run IDENTPAR yourself to see identiability contributions by different solution 
    space eigencomponents.


                   ANALYSIS OF PREDICTION
                   ----------------------

 PREDVAR1 analysis for prediction "q7888" ----->

    Sing_val       Null-space       Soln-space     Total             Total
    index          term             term           variance          std_dev
    --------       ----------       ----------     --------          -------
       0             2131310.         0.000000       2131310.          1459.901    
       3             1929721.         47.77500       1929768.          1389.161    
       6             634487.4         5388.671       639876.0          799.9225    
       9             601946.9         5776.148       607723.1          779.5660    
      12             52877.67         36161.41       89039.07          298.3942    
      15             50686.50         36534.42       87220.92          295.3319    
      16             49699.65         36829.51       86529.17          294.1584    
      17             49699.05         36829.71       86528.76          294.1577    
      18             47895.22         37525.37       85420.59          292.2680    
      19             5306.643         60628.40       65935.05          256.7782    
      20             4913.871         60868.74       65782.61          256.4812    
      21             3737.239         61799.40       65536.64          256.0012    
      22             422.0326         66924.50       67346.53          259.5121    
      23             307.0237         67110.41       67417.43          259.6487    
      24             298.5966         67147.27       67445.87          259.7034    
      25             286.5204         67247.82       67534.34          259.8737    
      26             275.1158         67381.01       67656.13          260.1079    
      27             149.6109         70598.81       70748.43          265.9858    
      30             68.18258         82670.49       82738.67          287.6433    
      33             47.20878         91263.85       91311.06          302.1772    
      36             42.74027         95523.54       95566.28          309.1380    
      39             22.85014         153095.2       153118.0          391.3030    
      42             19.43207         168002.9       168022.4          409.9054    
      45             18.07531         179158.2       179176.3          423.2922    
      48            0.3956649         462365.3       462365.7          679.9748    
      51            9.4423724E-04     490280.5       490280.5          700.2003    
      54            3.4647269E-04     490788.1       490788.1          700.5627    
      57            2.3311327E-06     497151.8       497151.8          705.0899    
      60            1.0277284E-21     499480.9       499480.9          706.7396    
      63            2.5421141E-76    1.0000000E+35  1.0000000E+35     3.1622777E+17
      66             0.000000        1.0000000E+35  1.0000000E+35     3.1622777E+17
 
    Pre-calibration:- 
    Total error variance                 =   2131310.    
    Total error standard deviation       =   1459.901    
 
    Post-calibration:-
    Total error variance                 =   65536.64    
    Total error standard deviation       =   256.0012    
    Minimum error variance occurs at singular value number 21.
 
 
 PREDUNC1 analysis for prediction "q7888" ----->

    Pre-calibration:- 
    Total uncertainty variance           =   2131311.    
    Total uncertainty standard deviation =   1459.901    
 
    Post-calibration:-
    Total uncertainty variance           =   53585.12    
    Total uncertainty standard deviation =   231.4846    
 
 
 PREDUNC4 analysis for prediction "q7888" ----->

    Contributions to predictive uncertainty variance

    Parameter      Pre-cal             Post-cal
    group          contribution        contribution
    ---------      ------------        ------------
    ddsd             3588.000            25993.16    
    ddsw             0.000000            147.6900    
    ddgd             0.000000            4.090000    
    ddgw             0.000000            0.000000    
    rcsd             1104941.            37421.70    
    rcsw             0.000000            8356.810    
    rcrd             721390.0            7128.150    
    rcrw             0.000000            2977.530    
    rcgd             0.000000            1.020000    
    rcgw             0.000000            0.000000    
    tl               22633.00            33.30000    
    xw               0.000000            0.000000    
    yw               0.000000            0.000000    
    x                0.000000            0.000000    
    y                0.000000            0.000000    
    tlr              0.000000            0.000000    
    tls              105268.0            1344.330    
    beta             173489.0            13512.36    
 
 
 PREDUNC5 observation subtraction analysis for prediction "q7888" ----->

    Increases in predictive uncertainty variance incurred through loss of observations

    Observation_group        Variance_increase
    -----------------        -----------------
    q                          53585.12    
 
 
 PREDUNC5 observation addition analysis for prediction "q7888" ----->

    Decreases in pre-calibration predictive uncertainty variance incurred through addition of observations

    Observation_group        Variance_decrease
    -----------------        -----------------
    q                          53585.12    
