 
 
                   ###################################################
                   #                                                 #
                   #      GENLINPRED UNCERTAINTY/ERROR ANALYSIS      #
                   #                                                 #
                   ###################################################
 
 
 
                   ANALYSIS DETAILS
                   ----------------
 
    Name of PEST control file                                   : master_lu.pst
    Factor by which to multiply observation weights             : 1.0000
    Source of parameter uncertainty data                        : uncertainty file
    Name of uncertainty file                                    : master_lu.unc
 
    Perform global parameter estimability analysis              : yes
         Parameter identifiability                              : yes
         Relative parameter error reduction                     : no
         Relative parameter uncertainty reduction               : yes
 
    Analyse error/uncertainty of an entity                      : yes
         Name of entity                                         : q7882
         Type of entity                                         : prediction
         File containing prediction sensitivities               : master_lu.jco
 
         Total error variance                                   : yes
         Total uncertainty                                      : yes
 
         Parameter contributions to error variance              : no
         Parameter contributions to uncertainty                 : yes
         Parameter contributions                                : by group
 
         Observation worth in reducing error variance           : no
         Observation worth in reducing uncertainty variance     : yes
         Observation worth                                      : by group


                   ANALYSIS OF PARAMETERS
                   ----------------------


 Outcomes of running program SUPCALC ----->
 
    Number of dimensions of calibration solution space = 21
    Number of dimensions of calibration null space     = 45

 Outcomes of parameter identifiability and error/uncertainty variance reduction analysis ----->
 
    Parameter              Identifiability        Rel_uncert_var_redn
    ---------              ---------------        -------------------
    ddsd                    0.9999962              0.9985695
    ddsw                    0.9999985              0.9995245
    ddgd                    8.9209074E-04          2.7446000E-03
    ddgw                    2.9779794E-09          1.0000000E-07
    rcs1d                   9.4002959E-10          1.0000000E-07
    rcs1w                   5.8693719E-11           0.000000
    rcs2d                   2.1919986E-06          1.4140000E-04
    rcs2w                   1.6984139E-06          3.1700000E-05
    rcs3d                   7.7113415E-05          9.5280000E-04
    rcs3w                   2.8336929E-04          4.8198000E-03
    rcs4d                   2.0007912E-02          6.3051700E-02
    rcs4w                   2.4800499E-03          2.0354900E-02
    rcs5d                   8.4974974E-02          0.2306842
    rcs5w                   0.2195330              0.4974543
    rcs6d                   0.9294260              0.8081349
    rcs6w                   0.8004358              0.7951190
    rcs7d                   0.9885394              0.7846490
    rcs7w                   0.9823433              0.8594080
    rcs8d                   1.8870833E-03          2.4400000E-03
    rcs8w                   3.0601721E-04          6.3110000E-04
    rcs9d                   3.6682923E-04          9.4330000E-04
    rcs9w                   0.9937043              0.7980983
    rcs10d                  0.9994918              0.9321853
    rcs10w                  0.9982834              0.8797214
    rcs11d                  0.9992740              0.8609366
    rcs11w                  0.9998968              0.9275511
    rcs12d                  0.9964442              0.8271959
    rcs12w                  0.9837081              0.8852159
    rcs13d                  4.7099164E-04          6.5530000E-04
    rcs13w                  1.5826910E-02          1.5317200E-02
    rcr1d                   8.3964379E-04          7.3860000E-04
    rcr1w                   2.5534614E-04          6.4760000E-04
    rcr2d                   0.9733919              0.8452336
    rcr2w                   4.4434562E-04          1.1410000E-03
    rcr3d                   2.6352231E-03          4.1250000E-03
    rcr3w                   4.7202287E-02          0.1397303
    rcr4d                   2.1303685E-03          4.4309000E-03
    rcr4w                   0.5308361              0.5287727
    rcr5d                   1.2842190E-03          3.5521000E-03
    rcr5w                   0.9956939              0.8200417
    rcr6d                   2.1028902E-03          4.3327000E-03
    rcr6w                   0.4283036              0.4562156
    rcr7d                   0.3262211              0.5783195
    rcr7w                   2.7086982E-05          3.1380000E-04
    rcr8d                   0.8221882              0.6929436
    rcr8w                   3.1102878E-05          3.2300000E-04
    rcr9d                   0.8602706              0.6791029
    rcr9w                   3.2162308E-05          4.8810000E-04
    rcr10d                  1.0138341E-03          5.4618000E-03
    rcr10w                  1.9646085E-05          4.4790000E-04
    rcr11d                  3.1118513E-05          1.8420000E-04
    rcr11w                  7.3926598E-06          2.7450000E-04
    rcr12d                  1.1358665E-05          6.3300000E-05
    rcr12w                  2.8366540E-06          9.8400000E-05
    rcr13d                  1.7854939E-05          9.9100000E-05
    rcr13w                  5.8438805E-06          2.0720000E-04
    rcgd                    2.2302269E-04          6.8620000E-04
    rcgw                    7.4449484E-10           0.000000
    tl                      0.9997417              0.9904230
    xw                       0.000000               0.000000
    yw                       0.000000               0.000000
    x                        0.000000               0.000000
    y                        0.000000               0.000000
    tlr                      0.000000               0.000000
    tls                     0.9999716              0.9875477
    beta                    0.9864119              0.7476054
 
    Note: run IDENTPAR yourself to see identiability contributions by different solution 
    space eigencomponents.


                   ANALYSIS OF PREDICTION
                   ----------------------

 PREDVAR1 analysis for prediction "q7882" ----->

    Sing_val       Null-space       Soln-space     Total             Total
    index          term             term           variance          std_dev
    --------       ----------       ----------     --------          -------
       0             2338464.         0.000000       2338464.          1529.204    
       3             2095953.         53.22958       2096007.          1447.759    
       6             1122695.         4216.752       1126912.          1061.561    
       9             1054264.         4951.572       1059215.          1029.182    
      12             75704.91         60540.04       136244.9          369.1137    
      15             65050.57         62308.10       127358.7          356.8735    
      16             63144.06         62878.20       126022.3          354.9962    
      17             63136.29         62880.71       126017.0          354.9887    
      18             63113.81         62889.38       126003.2          354.9693    
      19             11492.31         90892.51       102384.8          319.9762    
      20             11100.48         91132.26       102232.7          319.7385    
      21             8841.449         92919.05       101760.5          318.9992    
      22             820.2232         105319.4       106139.6          325.7907    
      23             565.7699         105730.7       106296.4          326.0313    
      24             551.0480         105795.1       106346.1          326.1075    
      25             540.3292         105884.3       106424.6          326.2278    
      26             528.9475         106017.2       106546.2          326.4142    
      27             239.3406         113442.4       113681.8          337.1673    
      30             116.0045         131720.1       131836.1          363.0924    
      33             108.2070         135365.0       135473.2          368.0668    
      36             96.54833         146434.6       146531.2          382.7939    
      39             51.42659         276895.7       276947.1          526.2576    
      42             48.46513         289821.1       289869.5          538.3953    
      45             37.52906         379746.8       379784.3          616.2664    
      48            0.6672078         960786.6       960787.3          980.1976    
      51            9.6623072E-04     1013586.       1013586.          1006.770    
      54            4.2622429E-04     1014072.       1014072.          1007.011    
      57            2.4637442E-06     1024862.       1024862.          1012.355    
      60            8.0565610E-22     1026080.       1026080.          1012.956    
      63            1.4435918E-76    1.0000000E+35  1.0000000E+35     3.1622777E+17
      66             0.000000        1.0000000E+35  1.0000000E+35     3.1622777E+17
 
    Pre-calibration:- 
    Total error variance                 =   2338464.    
    Total error standard deviation       =   1529.204    
 
    Post-calibration:-
    Total error variance                 =   101760.5    
    Total error standard deviation       =   318.9992    
    Minimum error variance occurs at singular value number 21.
 
 
 PREDUNC1 analysis for prediction "q7882" ----->

    Pre-calibration:- 
    Total uncertainty variance           =   2338465.    
    Total uncertainty standard deviation =   1529.204    
 
    Post-calibration:-
    Total uncertainty variance           =   84299.06    
    Total uncertainty standard deviation =   290.3430    
 
 
 PREDUNC4 analysis for prediction "q7882" ----->

    Contributions to predictive uncertainty variance

    Parameter      Pre-cal             Post-cal
    group          contribution        contribution
    ---------      ------------        ------------
    ddsd             5389.000            44767.64    
    ddsw             0.000000            118.2700    
    ddgd             0.000000           6.0000000E-02
    ddgw             0.000000            0.000000    
    rcsd             1746818.            60360.82    
    rcsw             0.000000            9595.080    
    rcrd             341440.0            20187.00    
    rcrw             0.000000            3549.160    
    rcgd             0.000000           2.0000000E-02
    rcgw             0.000000            0.000000    
    tl               34307.00            45.98000    
    xw               0.000000            0.000000    
    yw               0.000000            0.000000    
    x                0.000000            0.000000    
    y                0.000000            0.000000    
    tlr              0.000000            0.000000    
    tls              37641.00            515.8100    
    beta             172866.0            16243.51    
 
 
 PREDUNC5 observation subtraction analysis for prediction "q7882" ----->

    Increases in predictive uncertainty variance incurred through loss of observations

    Observation_group        Variance_increase
    -----------------        -----------------
    q                          84299.06    
 
 
 PREDUNC5 observation addition analysis for prediction "q7882" ----->

    Decreases in pre-calibration predictive uncertainty variance incurred through addition of observations

    Observation_group        Variance_decrease
    -----------------        -----------------
    q                          84299.06    
