 
 
                   ###################################################
                   #                                                 #
                   #      GENLINPRED UNCERTAINTY/ERROR ANALYSIS      #
                   #                                                 #
                   ###################################################
 
 
 
                   ANALYSIS DETAILS
                   ----------------
 
    Name of PEST control file                                   : master_lu.pst
    Factor by which to multiply observation weights             : 1.0000
    Source of parameter uncertainty data                        : uncertainty file
    Name of uncertainty file                                    : master_lu.unc
 
    Perform global parameter estimability analysis              : yes
         Parameter identifiability                              : yes
         Relative parameter error reduction                     : no
         Relative parameter uncertainty reduction               : yes
 
    Analyse error/uncertainty of an entity                      : yes
         Name of entity                                         : q8001
         Type of entity                                         : prediction
         File containing prediction sensitivities               : master_lu.jco
 
         Total error variance                                   : yes
         Total uncertainty                                      : yes
 
         Parameter contributions to error variance              : no
         Parameter contributions to uncertainty                 : yes
         Parameter contributions                                : by group
 
         Observation worth in reducing error variance           : no
         Observation worth in reducing uncertainty variance     : yes
         Observation worth                                      : by group


                   ANALYSIS OF PARAMETERS
                   ----------------------


 Outcomes of running program SUPCALC ----->
 
    Number of dimensions of calibration solution space = 21
    Number of dimensions of calibration null space     = 45

 Outcomes of parameter identifiability and error/uncertainty variance reduction analysis ----->
 
    Parameter              Identifiability        Rel_uncert_var_redn
    ---------              ---------------        -------------------
    ddsd                    0.9999962              0.9985695
    ddsw                    0.9999985              0.9995245
    ddgd                    8.9209074E-04          2.7446000E-03
    ddgw                    2.9779794E-09          1.0000000E-07
    rcs1d                   9.4002959E-10          1.0000000E-07
    rcs1w                   5.8693719E-11           0.000000
    rcs2d                   2.1919986E-06          1.4140000E-04
    rcs2w                   1.6984139E-06          3.1700000E-05
    rcs3d                   7.7113415E-05          9.5280000E-04
    rcs3w                   2.8336929E-04          4.8198000E-03
    rcs4d                   2.0007912E-02          6.3051700E-02
    rcs4w                   2.4800499E-03          2.0354900E-02
    rcs5d                   8.4974974E-02          0.2306842
    rcs5w                   0.2195330              0.4974543
    rcs6d                   0.9294260              0.8081349
    rcs6w                   0.8004358              0.7951190
    rcs7d                   0.9885394              0.7846490
    rcs7w                   0.9823433              0.8594080
    rcs8d                   1.8870833E-03          2.4400000E-03
    rcs8w                   3.0601721E-04          6.3110000E-04
    rcs9d                   3.6682923E-04          9.4330000E-04
    rcs9w                   0.9937043              0.7980983
    rcs10d                  0.9994918              0.9321853
    rcs10w                  0.9982834              0.8797214
    rcs11d                  0.9992740              0.8609366
    rcs11w                  0.9998968              0.9275511
    rcs12d                  0.9964442              0.8271959
    rcs12w                  0.9837081              0.8852159
    rcs13d                  4.7099164E-04          6.5530000E-04
    rcs13w                  1.5826910E-02          1.5317200E-02
    rcr1d                   8.3964379E-04          7.3860000E-04
    rcr1w                   2.5534614E-04          6.4760000E-04
    rcr2d                   0.9733919              0.8452336
    rcr2w                   4.4434562E-04          1.1410000E-03
    rcr3d                   2.6352231E-03          4.1250000E-03
    rcr3w                   4.7202287E-02          0.1397303
    rcr4d                   2.1303685E-03          4.4309000E-03
    rcr4w                   0.5308361              0.5287727
    rcr5d                   1.2842190E-03          3.5521000E-03
    rcr5w                   0.9956939              0.8200417
    rcr6d                   2.1028902E-03          4.3327000E-03
    rcr6w                   0.4283036              0.4562156
    rcr7d                   0.3262211              0.5783195
    rcr7w                   2.7086982E-05          3.1380000E-04
    rcr8d                   0.8221882              0.6929436
    rcr8w                   3.1102878E-05          3.2300000E-04
    rcr9d                   0.8602706              0.6791029
    rcr9w                   3.2162308E-05          4.8810000E-04
    rcr10d                  1.0138341E-03          5.4618000E-03
    rcr10w                  1.9646085E-05          4.4790000E-04
    rcr11d                  3.1118513E-05          1.8420000E-04
    rcr11w                  7.3926598E-06          2.7450000E-04
    rcr12d                  1.1358665E-05          6.3300000E-05
    rcr12w                  2.8366540E-06          9.8400000E-05
    rcr13d                  1.7854939E-05          9.9100000E-05
    rcr13w                  5.8438805E-06          2.0720000E-04
    rcgd                    2.2302269E-04          6.8620000E-04
    rcgw                    7.4449484E-10           0.000000
    tl                      0.9997417              0.9904230
    xw                       0.000000               0.000000
    yw                       0.000000               0.000000
    x                        0.000000               0.000000
    y                        0.000000               0.000000
    tlr                      0.000000               0.000000
    tls                     0.9999716              0.9875477
    beta                    0.9864119              0.7476054
 
    Note: run IDENTPAR yourself to see identiability contributions by different solution 
    space eigencomponents.


                   ANALYSIS OF PREDICTION
                   ----------------------

 PREDVAR1 analysis for prediction "q8001" ----->

    Sing_val       Null-space       Soln-space     Total             Total
    index          term             term           variance          std_dev
    --------       ----------       ----------     --------          -------
       0             2161013.         0.000000       2161013.          1470.038    
       3             2139962.         13.10699       2139975.          1462.865    
       6             1095724.         5436.605       1101160.          1049.362    
       9             1084570.         5573.383       1090144.          1044.100    
      12             794417.2         20647.61       815064.9          902.8094    
      15             693868.3         37228.77       731097.1          855.0422    
      16             359498.4         137215.2       496713.6          704.7791    
      17             343392.0         142412.8       485804.7          696.9969    
      18             342010.7         142945.4       484956.2          696.3880    
      19             25185.82         314813.5       339999.3          583.0946    
      20             23582.44         315794.6       339377.1          582.5608    
      21             18523.02         319796.4       338319.4          581.6523    
      22             878.9584         347073.0       347951.9          589.8745    
      23             592.6073         347535.9       348128.5          590.0242    
      24             592.6067         347535.9       348128.5          590.0242    
      25             591.9055         347541.7       348133.6          590.0285    
      26             591.7928         347543.0       348134.8          590.0295    
      27             574.6990         347981.3       348556.0          590.3863    
      30             552.2009         352428.4       352980.6          594.1217    
      33             501.2154         372158.6       372659.8          610.4587    
      36             486.5844         385697.8       386184.4          621.4374    
      39             483.8314         393339.6       393823.4          627.5535    
      42             52.16635         2277324.       2277376.          1509.098    
      45             1.996898         2689885.       2689887.          1640.087    
      48            0.1272475         2734641.       2734641.          1653.675    
      51            4.4416833E-04     2746944.       2746944.          1657.391    
      54            4.5855151E-05     2747078.       2747078.          1657.431    
      57            4.9693612E-06     2749914.       2749914.          1658.286    
      60            1.3024961E-22     2753285.       2753285.          1659.303    
      63            1.3307672E-76    1.0000000E+35  1.0000000E+35     3.1622777E+17
      66             0.000000        1.0000000E+35  1.0000000E+35     3.1622777E+17
 
    Pre-calibration:- 
    Total error variance                 =   2161013.    
    Total error standard deviation       =   1470.038    
 
    Post-calibration:-
    Total error variance                 =   338319.4    
    Total error standard deviation       =   581.6523    
    Minimum error variance occurs at singular value number 21.
 
 
 PREDUNC1 analysis for prediction "q8001" ----->

    Pre-calibration:- 
    Total uncertainty variance           =   2161012.    
    Total uncertainty standard deviation =   1470.038    
 
    Post-calibration:-
    Total uncertainty variance           =   241130.0    
    Total uncertainty standard deviation =   491.0499    
 
 
 PREDUNC4 analysis for prediction "q8001" ----->

    Contributions to predictive uncertainty variance

    Parameter      Pre-cal             Post-cal
    group          contribution        contribution
    ---------      ------------        ------------
    ddsd             6027.000            12890.90    
    ddsw             0.000000            34.60000    
    ddgd             27.00000            12.60000    
    ddgw             0.000000            0.000000    
    rcsd             1752592.            221783.8    
    rcsw             0.000000            42.30000    
    rcrd             127477.0            13001.70    
    rcrw             0.000000           0.7000000    
    rcgd             7.000000            3.200000    
    rcgw             0.000000            0.000000    
    tl               52566.00            836.5000    
    xw               0.000000            0.000000    
    yw               0.000000            0.000000    
    x                0.000000            0.000000    
    y                0.000000            0.000000    
    tlr              0.000000            0.000000    
    tls              80096.00            221.4000    
    beta             142220.0            2.800000    
 
 
 PREDUNC5 observation subtraction analysis for prediction "q8001" ----->

    Increases in predictive uncertainty variance incurred through loss of observations

    Observation_group        Variance_increase
    -----------------        -----------------
    q                          241130.0    
 
 
 PREDUNC5 observation addition analysis for prediction "q8001" ----->

    Decreases in pre-calibration predictive uncertainty variance incurred through addition of observations

    Observation_group        Variance_decrease
    -----------------        -----------------
    q                          241130.0    
