 
 
                   ###################################################
                   #                                                 #
                   #      GENLINPRED UNCERTAINTY/ERROR ANALYSIS      #
                   #                                                 #
                   ###################################################
 
 
 
                   ANALYSIS DETAILS
                   ----------------
 
    Name of PEST control file                                   : master_lu.pst
    Factor by which to multiply observation weights             : 1.0000
    Source of parameter uncertainty data                        : uncertainty file
    Name of uncertainty file                                    : master_lu.unc
 
    Perform global parameter estimability analysis              : yes
         Parameter identifiability                              : yes
         Relative parameter error reduction                     : no
         Relative parameter uncertainty reduction               : yes
 
    Analyse error/uncertainty of an entity                      : yes
         Name of entity                                         : q7887
         Type of entity                                         : prediction
         File containing prediction sensitivities               : master_lu.jco
 
         Total error variance                                   : yes
         Total uncertainty                                      : yes
 
         Parameter contributions to error variance              : no
         Parameter contributions to uncertainty                 : yes
         Parameter contributions                                : by group
 
         Observation worth in reducing error variance           : no
         Observation worth in reducing uncertainty variance     : yes
         Observation worth                                      : by group


                   ANALYSIS OF PARAMETERS
                   ----------------------


 Outcomes of running program SUPCALC ----->
 
    Number of dimensions of calibration solution space = 21
    Number of dimensions of calibration null space     = 45

 Outcomes of parameter identifiability and error/uncertainty variance reduction analysis ----->
 
    Parameter              Identifiability        Rel_uncert_var_redn
    ---------              ---------------        -------------------
    ddsd                    0.9999962              0.9985695
    ddsw                    0.9999985              0.9995245
    ddgd                    8.9209074E-04          2.7446000E-03
    ddgw                    2.9779794E-09          1.0000000E-07
    rcs1d                   9.4002959E-10          1.0000000E-07
    rcs1w                   5.8693719E-11           0.000000
    rcs2d                   2.1919986E-06          1.4140000E-04
    rcs2w                   1.6984139E-06          3.1700000E-05
    rcs3d                   7.7113415E-05          9.5280000E-04
    rcs3w                   2.8336929E-04          4.8198000E-03
    rcs4d                   2.0007912E-02          6.3051700E-02
    rcs4w                   2.4800499E-03          2.0354900E-02
    rcs5d                   8.4974974E-02          0.2306842
    rcs5w                   0.2195330              0.4974543
    rcs6d                   0.9294260              0.8081349
    rcs6w                   0.8004358              0.7951190
    rcs7d                   0.9885394              0.7846490
    rcs7w                   0.9823433              0.8594080
    rcs8d                   1.8870833E-03          2.4400000E-03
    rcs8w                   3.0601721E-04          6.3110000E-04
    rcs9d                   3.6682923E-04          9.4330000E-04
    rcs9w                   0.9937043              0.7980983
    rcs10d                  0.9994918              0.9321853
    rcs10w                  0.9982834              0.8797214
    rcs11d                  0.9992740              0.8609366
    rcs11w                  0.9998968              0.9275511
    rcs12d                  0.9964442              0.8271959
    rcs12w                  0.9837081              0.8852159
    rcs13d                  4.7099164E-04          6.5530000E-04
    rcs13w                  1.5826910E-02          1.5317200E-02
    rcr1d                   8.3964379E-04          7.3860000E-04
    rcr1w                   2.5534614E-04          6.4760000E-04
    rcr2d                   0.9733919              0.8452336
    rcr2w                   4.4434562E-04          1.1410000E-03
    rcr3d                   2.6352231E-03          4.1250000E-03
    rcr3w                   4.7202287E-02          0.1397303
    rcr4d                   2.1303685E-03          4.4309000E-03
    rcr4w                   0.5308361              0.5287727
    rcr5d                   1.2842190E-03          3.5521000E-03
    rcr5w                   0.9956939              0.8200417
    rcr6d                   2.1028902E-03          4.3327000E-03
    rcr6w                   0.4283036              0.4562156
    rcr7d                   0.3262211              0.5783195
    rcr7w                   2.7086982E-05          3.1380000E-04
    rcr8d                   0.8221882              0.6929436
    rcr8w                   3.1102878E-05          3.2300000E-04
    rcr9d                   0.8602706              0.6791029
    rcr9w                   3.2162308E-05          4.8810000E-04
    rcr10d                  1.0138341E-03          5.4618000E-03
    rcr10w                  1.9646085E-05          4.4790000E-04
    rcr11d                  3.1118513E-05          1.8420000E-04
    rcr11w                  7.3926598E-06          2.7450000E-04
    rcr12d                  1.1358665E-05          6.3300000E-05
    rcr12w                  2.8366540E-06          9.8400000E-05
    rcr13d                  1.7854939E-05          9.9100000E-05
    rcr13w                  5.8438805E-06          2.0720000E-04
    rcgd                    2.2302269E-04          6.8620000E-04
    rcgw                    7.4449484E-10           0.000000
    tl                      0.9997417              0.9904230
    xw                       0.000000               0.000000
    yw                       0.000000               0.000000
    x                        0.000000               0.000000
    y                        0.000000               0.000000
    tlr                      0.000000               0.000000
    tls                     0.9999716              0.9875477
    beta                    0.9864119              0.7476054
 
    Note: run IDENTPAR yourself to see identiability contributions by different solution 
    space eigencomponents.


                   ANALYSIS OF PREDICTION
                   ----------------------

 PREDVAR1 analysis for prediction "q7887" ----->

    Sing_val       Null-space       Soln-space     Total             Total
    index          term             term           variance          std_dev
    --------       ----------       ----------     --------          -------
       0             1743021.         0.000000       1743021.          1320.235    
       3             1572626.         40.79500       1572667.          1254.060    
       6             839130.6         3224.641       842355.2          917.7991    
       9             761605.0         4033.725       765638.7          875.0078    
      12             74573.16         43276.21       117849.4          343.2920    
      15             67731.64         44423.52       112155.2          334.8958    
      16             62169.07         46086.89       108256.0          329.0228    
      17             62113.45         46104.84       108218.3          328.9655    
      18             61059.91         46511.15       107571.1          327.9803    
      19             10034.91         74190.69       84225.60          290.2165    
      20             9573.821         74472.83       84046.65          289.9080    
      21             7158.006         76383.62       83541.62          289.0357    
      22             633.5472         86470.02       87103.56          295.1331    
      23             418.6773         86817.35       87236.03          295.3575    
      24             378.3992         86993.53       87371.93          295.5874    
      25             362.6072         87125.03       87487.63          295.7831    
      26             347.3538         87303.16       87650.52          296.0583    
      27             171.0725         91822.82       91993.89          303.3049    
      30             89.59177         104005.7       104095.3          322.6380    
      33             70.50579         112023.3       112093.8          334.8041    
      36             64.80818         117389.2       117454.0          342.7156    
      39             34.70768         204202.4       204237.1          451.9260    
      42             32.59762         213400.9       213433.5          461.9886    
      45             25.16394         274523.6       274548.8          523.9740    
      48            0.4886989         663516.3       663516.7          814.5653    
      51            1.2637860E-03     701185.0       701185.0          837.3679    
      54            4.9486620E-04     701859.1       701859.1          837.7703    
      57            2.9725470E-06     712432.6       712432.6          844.0572    
      60            1.1874477E-21     713945.0       713945.0          844.9527    
      63            2.0957514E-76    1.0000000E+35  1.0000000E+35     3.1622777E+17
      66             0.000000        1.0000000E+35  1.0000000E+35     3.1622777E+17
 
    Pre-calibration:- 
    Total error variance                 =   1743021.    
    Total error standard deviation       =   1320.235    
 
    Post-calibration:-
    Total error variance                 =   83541.62    
    Total error standard deviation       =   289.0357    
    Minimum error variance occurs at singular value number 21.
 
 
 PREDUNC1 analysis for prediction "q7887" ----->

    Pre-calibration:- 
    Total uncertainty variance           =   1743020.    
    Total uncertainty standard deviation =   1320.235    
 
    Post-calibration:-
    Total uncertainty variance           =   67337.03    
    Total uncertainty standard deviation =   259.4938    
 
 
 PREDUNC4 analysis for prediction "q7887" ----->

    Contributions to predictive uncertainty variance

    Parameter      Pre-cal             Post-cal
    group          contribution        contribution
    ---------      ------------        ------------
    ddsd             3841.000            30096.06    
    ddsw             0.000000            179.1700    
    ddgd             0.000000            2.600000    
    ddgw             0.000000            0.000000    
    rcsd             1190126.            43282.61    
    rcsw             0.000000            11963.47    
    rcrd             235482.0            18325.77    
    rcrw             0.000000            4309.830    
    rcgd             0.000000           0.6500000    
    rcgw             0.000000            0.000000    
    tl               24230.00            48.55000    
    xw               0.000000            0.000000    
    yw               0.000000            0.000000    
    x                0.000000            0.000000    
    y                0.000000            0.000000    
    tlr              0.000000            0.000000    
    tls              115822.0            1323.810    
    beta             173517.0            19736.17    
 
 
 PREDUNC5 observation subtraction analysis for prediction "q7887" ----->

    Increases in predictive uncertainty variance incurred through loss of observations

    Observation_group        Variance_increase
    -----------------        -----------------
    q                          67337.03    
 
 
 PREDUNC5 observation addition analysis for prediction "q7887" ----->

    Decreases in pre-calibration predictive uncertainty variance incurred through addition of observations

    Observation_group        Variance_decrease
    -----------------        -----------------
    q                          67337.03    
