 
 
                   ###################################################
                   #                                                 #
                   #      GENLINPRED UNCERTAINTY/ERROR ANALYSIS      #
                   #                                                 #
                   ###################################################
 
 
 
                   ANALYSIS DETAILS
                   ----------------
 
    Name of PEST control file                                   : master_lu.pst
    Factor by which to multiply observation weights             : 1.0000
    Source of parameter uncertainty data                        : uncertainty file
    Name of uncertainty file                                    : master_lu.unc
 
    Perform global parameter estimability analysis              : yes
         Parameter identifiability                              : yes
         Relative parameter error reduction                     : no
         Relative parameter uncertainty reduction               : yes
 
    Analyse error/uncertainty of an entity                      : yes
         Name of entity                                         : q7794
         Type of entity                                         : prediction
         File containing prediction sensitivities               : master_lu.jco
 
         Total error variance                                   : yes
         Total uncertainty                                      : yes
 
         Parameter contributions to error variance              : no
         Parameter contributions to uncertainty                 : yes
         Parameter contributions                                : by group
 
         Observation worth in reducing error variance           : no
         Observation worth in reducing uncertainty variance     : yes
         Observation worth                                      : by group


                   ANALYSIS OF PARAMETERS
                   ----------------------


 Outcomes of running program SUPCALC ----->
 
    Number of dimensions of calibration solution space = 21
    Number of dimensions of calibration null space     = 45

 Outcomes of parameter identifiability and error/uncertainty variance reduction analysis ----->
 
    Parameter              Identifiability        Rel_uncert_var_redn
    ---------              ---------------        -------------------
    ddsd                    0.9999962              0.9985695
    ddsw                    0.9999985              0.9995245
    ddgd                    8.9209074E-04          2.7446000E-03
    ddgw                    2.9779794E-09          1.0000000E-07
    rcs1d                   9.4002959E-10          1.0000000E-07
    rcs1w                   5.8693719E-11           0.000000
    rcs2d                   2.1919986E-06          1.4140000E-04
    rcs2w                   1.6984139E-06          3.1700000E-05
    rcs3d                   7.7113415E-05          9.5280000E-04
    rcs3w                   2.8336929E-04          4.8198000E-03
    rcs4d                   2.0007912E-02          6.3051700E-02
    rcs4w                   2.4800499E-03          2.0354900E-02
    rcs5d                   8.4974974E-02          0.2306842
    rcs5w                   0.2195330              0.4974543
    rcs6d                   0.9294260              0.8081349
    rcs6w                   0.8004358              0.7951190
    rcs7d                   0.9885394              0.7846490
    rcs7w                   0.9823433              0.8594080
    rcs8d                   1.8870833E-03          2.4400000E-03
    rcs8w                   3.0601721E-04          6.3110000E-04
    rcs9d                   3.6682923E-04          9.4330000E-04
    rcs9w                   0.9937043              0.7980983
    rcs10d                  0.9994918              0.9321853
    rcs10w                  0.9982834              0.8797214
    rcs11d                  0.9992740              0.8609366
    rcs11w                  0.9998968              0.9275511
    rcs12d                  0.9964442              0.8271959
    rcs12w                  0.9837081              0.8852159
    rcs13d                  4.7099164E-04          6.5530000E-04
    rcs13w                  1.5826910E-02          1.5317200E-02
    rcr1d                   8.3964379E-04          7.3860000E-04
    rcr1w                   2.5534614E-04          6.4760000E-04
    rcr2d                   0.9733919              0.8452336
    rcr2w                   4.4434562E-04          1.1410000E-03
    rcr3d                   2.6352231E-03          4.1250000E-03
    rcr3w                   4.7202287E-02          0.1397303
    rcr4d                   2.1303685E-03          4.4309000E-03
    rcr4w                   0.5308361              0.5287727
    rcr5d                   1.2842190E-03          3.5521000E-03
    rcr5w                   0.9956939              0.8200417
    rcr6d                   2.1028902E-03          4.3327000E-03
    rcr6w                   0.4283036              0.4562156
    rcr7d                   0.3262211              0.5783195
    rcr7w                   2.7086982E-05          3.1380000E-04
    rcr8d                   0.8221882              0.6929436
    rcr8w                   3.1102878E-05          3.2300000E-04
    rcr9d                   0.8602706              0.6791029
    rcr9w                   3.2162308E-05          4.8810000E-04
    rcr10d                  1.0138341E-03          5.4618000E-03
    rcr10w                  1.9646085E-05          4.4790000E-04
    rcr11d                  3.1118513E-05          1.8420000E-04
    rcr11w                  7.3926598E-06          2.7450000E-04
    rcr12d                  1.1358665E-05          6.3300000E-05
    rcr12w                  2.8366540E-06          9.8400000E-05
    rcr13d                  1.7854939E-05          9.9100000E-05
    rcr13w                  5.8438805E-06          2.0720000E-04
    rcgd                    2.2302269E-04          6.8620000E-04
    rcgw                    7.4449484E-10           0.000000
    tl                      0.9997417              0.9904230
    xw                       0.000000               0.000000
    yw                       0.000000               0.000000
    x                        0.000000               0.000000
    y                        0.000000               0.000000
    tlr                      0.000000               0.000000
    tls                     0.9999716              0.9875477
    beta                    0.9864119              0.7476054
 
    Note: run IDENTPAR yourself to see identiability contributions by different solution 
    space eigencomponents.


                   ANALYSIS OF PREDICTION
                   ----------------------

 PREDVAR1 analysis for prediction "q7794" ----->

    Sing_val       Null-space       Soln-space     Total             Total
    index          term             term           variance          std_dev
    --------       ----------       ----------     --------          -------
       0             1430911.         0.000000       1430911.          1196.207    
       3             1410062.         8.072523       1410070.          1187.464    
       6             244039.6         4922.274       248961.9          498.9608    
       9             73499.68         6752.274       80251.96          283.2878    
      12             44394.90         8678.049       53072.95          230.3757    
      15             37362.14         9845.204       47207.34          217.2725    
      16             28495.28         12496.66       40991.93          202.4646    
      17             28449.24         12511.51       40960.75          202.3876    
      18             10854.69         19297.02       30151.70          173.6424    
      19             317.1497         25013.32       25330.47          159.1555    
      20             159.9257         25109.52       25269.45          158.9637    
      21             145.6973         25120.77       25266.47          158.9543    
      22             63.87941         25247.26       25311.14          159.0948    
      23             48.84306         25271.57       25320.41          159.1239    
      24             15.48881         25417.46       25432.95          159.4771    
      25             12.39400         25443.23       25455.63          159.5482    
      26             8.802490         25485.18       25493.98          159.6683    
      27             8.755058         25486.39       25495.15          159.6720    
      30             6.184305         25965.86       25972.04          161.1584    
      33             2.652646         27279.68       27282.33          165.1736    
      36             2.143104         27889.43       27891.57          167.0077    
      39             2.086818         28014.46       28016.55          167.3815    
      42            0.5684657         34637.43       34638.00          186.1129    
      45            0.4348785         35735.43       35735.87          189.0393    
      48            0.1396595         41742.38       41742.52          204.3099    
      51            1.8084061E-04     55489.61       55489.61          235.5623    
      54            6.8073591E-05     55566.32       55566.32          235.7251    
      57            1.5764240E-06     58207.39       58207.39          241.2621    
      60            2.0799174E-16    2.7177520E+12  2.7177520E+12      1648561.    
      63            5.1851131E-68    1.0000000E+35  1.0000000E+35     3.1622777E+17
      66             0.000000        1.0000000E+35  1.0000000E+35     3.1622777E+17
 
    Pre-calibration:- 
    Total error variance                 =   1430911.    
    Total error standard deviation       =   1196.207    
 
    Post-calibration:-
    Total error variance                 =   25266.47    
    Total error standard deviation       =   158.9543    
    Minimum error variance occurs at singular value number 21.
 
 
 PREDUNC1 analysis for prediction "q7794" ----->

    Pre-calibration:- 
    Total uncertainty variance           =   1430911.    
    Total uncertainty standard deviation =   1196.207    
 
    Post-calibration:-
    Total uncertainty variance           =   20339.49    
    Total uncertainty standard deviation =   142.6166    
 
 
 PREDUNC4 analysis for prediction "q7794" ----->

    Contributions to predictive uncertainty variance

    Parameter      Pre-cal             Post-cal
    group          contribution        contribution
    ---------      ------------        ------------
    ddsd             1006.000            248.1000    
    ddsw             0.000000            55.10000    
    ddgd             108.0000            11.70000    
    ddgw             0.000000            0.000000    
    rcsd             4729.000            8765.800    
    rcsw             0.000000            5218.590    
    rcrd             1296970.            3785.670    
    rcrw             0.000000            1946.780    
    rcgd             27.00000            2.920000    
    rcgw             0.000000            0.000000    
    tl               18.00000            144.5900    
    xw               0.000000            0.000000    
    yw               0.000000            0.000000    
    x                0.000000            0.000000    
    y                0.000000            0.000000    
    tlr              0.000000            0.000000    
    tls              348.0000            11.72000    
    beta             127703.0            9202.540    
 
 
 PREDUNC5 observation subtraction analysis for prediction "q7794" ----->

    Increases in predictive uncertainty variance incurred through loss of observations

    Observation_group        Variance_increase
    -----------------        -----------------
    q                          20339.49    
 
 
 PREDUNC5 observation addition analysis for prediction "q7794" ----->

    Decreases in pre-calibration predictive uncertainty variance incurred through addition of observations

    Observation_group        Variance_decrease
    -----------------        -----------------
    q                          20339.49    
