 
 
                   ###################################################
                   #                                                 #
                   #      GENLINPRED UNCERTAINTY/ERROR ANALYSIS      #
                   #                                                 #
                   ###################################################
 
 
 
                   ANALYSIS DETAILS
                   ----------------
 
    Name of PEST control file                                   : master_lu.pst
    Factor by which to multiply observation weights             : 1.0000
    Source of parameter uncertainty data                        : uncertainty file
    Name of uncertainty file                                    : master_lu.unc
 
    Perform global parameter estimability analysis              : yes
         Parameter identifiability                              : yes
         Relative parameter error reduction                     : no
         Relative parameter uncertainty reduction               : yes
 
    Analyse error/uncertainty of an entity                      : yes
         Name of entity                                         : q7965
         Type of entity                                         : prediction
         File containing prediction sensitivities               : master_lu.jco
 
         Total error variance                                   : yes
         Total uncertainty                                      : yes
 
         Parameter contributions to error variance              : no
         Parameter contributions to uncertainty                 : yes
         Parameter contributions                                : by group
 
         Observation worth in reducing error variance           : no
         Observation worth in reducing uncertainty variance     : yes
         Observation worth                                      : by group


                   ANALYSIS OF PARAMETERS
                   ----------------------


 Outcomes of running program SUPCALC ----->
 
    Number of dimensions of calibration solution space = 21
    Number of dimensions of calibration null space     = 45

 Outcomes of parameter identifiability and error/uncertainty variance reduction analysis ----->
 
    Parameter              Identifiability        Rel_uncert_var_redn
    ---------              ---------------        -------------------
    ddsd                    0.9999962              0.9985695
    ddsw                    0.9999985              0.9995245
    ddgd                    8.9209074E-04          2.7446000E-03
    ddgw                    2.9779794E-09          1.0000000E-07
    rcs1d                   9.4002959E-10          1.0000000E-07
    rcs1w                   5.8693719E-11           0.000000
    rcs2d                   2.1919986E-06          1.4140000E-04
    rcs2w                   1.6984139E-06          3.1700000E-05
    rcs3d                   7.7113415E-05          9.5280000E-04
    rcs3w                   2.8336929E-04          4.8198000E-03
    rcs4d                   2.0007912E-02          6.3051700E-02
    rcs4w                   2.4800499E-03          2.0354900E-02
    rcs5d                   8.4974974E-02          0.2306842
    rcs5w                   0.2195330              0.4974543
    rcs6d                   0.9294260              0.8081349
    rcs6w                   0.8004358              0.7951190
    rcs7d                   0.9885394              0.7846490
    rcs7w                   0.9823433              0.8594080
    rcs8d                   1.8870833E-03          2.4400000E-03
    rcs8w                   3.0601721E-04          6.3110000E-04
    rcs9d                   3.6682923E-04          9.4330000E-04
    rcs9w                   0.9937043              0.7980983
    rcs10d                  0.9994918              0.9321853
    rcs10w                  0.9982834              0.8797214
    rcs11d                  0.9992740              0.8609366
    rcs11w                  0.9998968              0.9275511
    rcs12d                  0.9964442              0.8271959
    rcs12w                  0.9837081              0.8852159
    rcs13d                  4.7099164E-04          6.5530000E-04
    rcs13w                  1.5826910E-02          1.5317200E-02
    rcr1d                   8.3964379E-04          7.3860000E-04
    rcr1w                   2.5534614E-04          6.4760000E-04
    rcr2d                   0.9733919              0.8452336
    rcr2w                   4.4434562E-04          1.1410000E-03
    rcr3d                   2.6352231E-03          4.1250000E-03
    rcr3w                   4.7202287E-02          0.1397303
    rcr4d                   2.1303685E-03          4.4309000E-03
    rcr4w                   0.5308361              0.5287727
    rcr5d                   1.2842190E-03          3.5521000E-03
    rcr5w                   0.9956939              0.8200417
    rcr6d                   2.1028902E-03          4.3327000E-03
    rcr6w                   0.4283036              0.4562156
    rcr7d                   0.3262211              0.5783195
    rcr7w                   2.7086982E-05          3.1380000E-04
    rcr8d                   0.8221882              0.6929436
    rcr8w                   3.1102878E-05          3.2300000E-04
    rcr9d                   0.8602706              0.6791029
    rcr9w                   3.2162308E-05          4.8810000E-04
    rcr10d                  1.0138341E-03          5.4618000E-03
    rcr10w                  1.9646085E-05          4.4790000E-04
    rcr11d                  3.1118513E-05          1.8420000E-04
    rcr11w                  7.3926598E-06          2.7450000E-04
    rcr12d                  1.1358665E-05          6.3300000E-05
    rcr12w                  2.8366540E-06          9.8400000E-05
    rcr13d                  1.7854939E-05          9.9100000E-05
    rcr13w                  5.8438805E-06          2.0720000E-04
    rcgd                    2.2302269E-04          6.8620000E-04
    rcgw                    7.4449484E-10           0.000000
    tl                      0.9997417              0.9904230
    xw                       0.000000               0.000000
    yw                       0.000000               0.000000
    x                        0.000000               0.000000
    y                        0.000000               0.000000
    tlr                      0.000000               0.000000
    tls                     0.9999716              0.9875477
    beta                    0.9864119              0.7476054
 
    Note: run IDENTPAR yourself to see identiability contributions by different solution 
    space eigencomponents.


                   ANALYSIS OF PREDICTION
                   ----------------------

 PREDVAR1 analysis for prediction "q7965" ----->

    Sing_val       Null-space       Soln-space     Total             Total
    index          term             term           variance          std_dev
    --------       ----------       ----------     --------          -------
       0             681419.0         0.000000       681419.0          825.4811    
       3             646289.0         13.59668       646302.6          803.9295    
       6             136086.4         2370.759       138457.2          372.0984    
       9             124020.5         2522.665       126543.2          355.7291    
      12             85643.22         4873.268       90516.48          300.8596    
      15             80367.34         5768.474       86135.82          293.4890    
      16             65195.06         10305.43       75500.49          274.7735    
      17             65031.39         10358.25       75389.64          274.5717    
      18             54899.41         14265.74       69165.15          262.9927    
      19             29402.81         28096.89       57499.69          239.7909    
      20             29121.59         28268.96       57390.55          239.5632    
      21             28223.58         28979.25       57202.82          239.1711    
      22             2077.462         69399.48       71476.94          267.3517    
      23             1356.430         70565.02       71921.45          268.1817    
      24             772.5066         73119.18       73891.69          271.8303    
      25             759.8986         73224.16       73984.06          272.0001    
      26             746.6687         73378.67       74125.34          272.2597    
      27             735.9382         73653.79       74389.73          272.7448    
      30             725.1066         75714.62       76439.73          276.4774    
      33             652.4840         110094.6       110747.1          332.7869    
      36             224.5136         517233.6       517458.2          719.3457    
      39             217.1574         537966.4       538183.5          733.6099    
      42             11.01412         1437681.       1437692.          1199.038    
      45            0.2055345         1526563.       1526563.          1235.542    
      48            7.4258925E-02     1529777.       1529777.          1236.842    
      51            3.5222748E-03     1536336.       1536336.          1239.490    
      54            3.2114946E-03     1536631.       1536631.          1239.609    
      57            3.8167405E-06     1753509.       1753509.          1324.201    
      60            2.9573218E-21    1.2363252E+07  1.2363252E+07      3516.142    
      63            2.0970833E-73    1.0000000E+35  1.0000000E+35     3.1622777E+17
      66             0.000000        1.0000000E+35  1.0000000E+35     3.1622777E+17
 
    Pre-calibration:- 
    Total error variance                 =   681419.0    
    Total error standard deviation       =   825.4811    
 
    Post-calibration:-
    Total error variance                 =   57202.82    
    Total error standard deviation       =   239.1711    
    Minimum error variance occurs at singular value number 21.
 
 
 PREDUNC1 analysis for prediction "q7965" ----->

    Pre-calibration:- 
    Total uncertainty variance           =   681419.0    
    Total uncertainty standard deviation =   825.4811    
 
    Post-calibration:-
    Total uncertainty variance           =   38875.85    
    Total uncertainty standard deviation =   197.1696    
 
 
 PREDUNC4 analysis for prediction "q7965" ----->

    Contributions to predictive uncertainty variance

    Parameter      Pre-cal             Post-cal
    group          contribution        contribution
    ---------      ------------        ------------
    ddsd             1042.000            2950.890    
    ddsw             0.000000            226.4100    
    ddgd             0.000000            24.77000    
    ddgw             0.000000            0.000000    
    rcsd             295835.1            7219.200    
    rcsw             0.000000            13029.34    
    rcrd             169343.1            20806.10    
    rcrw             0.000000            4613.510    
    rcgd             0.000000            6.180000    
    rcgw             0.000000            0.000000    
    tl               6215.700            1155.750    
    xw               0.000000            0.000000    
    yw               0.000000            0.000000    
    x                0.000000            0.000000    
    y                0.000000            0.000000    
    tlr              0.000000            0.000000    
    tls              60077.10            205.1500    
    beta             148905.9            21835.22    
 
 
 PREDUNC5 observation subtraction analysis for prediction "q7965" ----->

    Increases in predictive uncertainty variance incurred through loss of observations

    Observation_group        Variance_increase
    -----------------        -----------------
    q                          38875.85    
 
 
 PREDUNC5 observation addition analysis for prediction "q7965" ----->

    Decreases in pre-calibration predictive uncertainty variance incurred through addition of observations

    Observation_group        Variance_decrease
    -----------------        -----------------
    q                          38875.85    
