 
 
                   ###################################################
                   #                                                 #
                   #      GENLINPRED UNCERTAINTY/ERROR ANALYSIS      #
                   #                                                 #
                   ###################################################
 
 
 
                   ANALYSIS DETAILS
                   ----------------
 
    Name of PEST control file                                   : master_lu.pst
    Factor by which to multiply observation weights             : 1.0000
    Source of parameter uncertainty data                        : uncertainty file
    Name of uncertainty file                                    : master_lu.unc
 
    Perform global parameter estimability analysis              : yes
         Parameter identifiability                              : yes
         Relative parameter error reduction                     : no
         Relative parameter uncertainty reduction               : yes
 
    Analyse error/uncertainty of an entity                      : yes
         Name of entity                                         : q7874
         Type of entity                                         : prediction
         File containing prediction sensitivities               : master_lu.jco
 
         Total error variance                                   : yes
         Total uncertainty                                      : yes
 
         Parameter contributions to error variance              : no
         Parameter contributions to uncertainty                 : yes
         Parameter contributions                                : by group
 
         Observation worth in reducing error variance           : no
         Observation worth in reducing uncertainty variance     : yes
         Observation worth                                      : by group


                   ANALYSIS OF PARAMETERS
                   ----------------------


 Outcomes of running program SUPCALC ----->
 
    Number of dimensions of calibration solution space = 21
    Number of dimensions of calibration null space     = 45

 Outcomes of parameter identifiability and error/uncertainty variance reduction analysis ----->
 
    Parameter              Identifiability        Rel_uncert_var_redn
    ---------              ---------------        -------------------
    ddsd                    0.9999962              0.9985695
    ddsw                    0.9999985              0.9995245
    ddgd                    8.9209074E-04          2.7446000E-03
    ddgw                    2.9779794E-09          1.0000000E-07
    rcs1d                   9.4002959E-10          1.0000000E-07
    rcs1w                   5.8693719E-11           0.000000
    rcs2d                   2.1919986E-06          1.4140000E-04
    rcs2w                   1.6984139E-06          3.1700000E-05
    rcs3d                   7.7113415E-05          9.5280000E-04
    rcs3w                   2.8336929E-04          4.8198000E-03
    rcs4d                   2.0007912E-02          6.3051700E-02
    rcs4w                   2.4800499E-03          2.0354900E-02
    rcs5d                   8.4974974E-02          0.2306842
    rcs5w                   0.2195330              0.4974543
    rcs6d                   0.9294260              0.8081349
    rcs6w                   0.8004358              0.7951190
    rcs7d                   0.9885394              0.7846490
    rcs7w                   0.9823433              0.8594080
    rcs8d                   1.8870833E-03          2.4400000E-03
    rcs8w                   3.0601721E-04          6.3110000E-04
    rcs9d                   3.6682923E-04          9.4330000E-04
    rcs9w                   0.9937043              0.7980983
    rcs10d                  0.9994918              0.9321853
    rcs10w                  0.9982834              0.8797214
    rcs11d                  0.9992740              0.8609366
    rcs11w                  0.9998968              0.9275511
    rcs12d                  0.9964442              0.8271959
    rcs12w                  0.9837081              0.8852159
    rcs13d                  4.7099164E-04          6.5530000E-04
    rcs13w                  1.5826910E-02          1.5317200E-02
    rcr1d                   8.3964379E-04          7.3860000E-04
    rcr1w                   2.5534614E-04          6.4760000E-04
    rcr2d                   0.9733919              0.8452336
    rcr2w                   4.4434562E-04          1.1410000E-03
    rcr3d                   2.6352231E-03          4.1250000E-03
    rcr3w                   4.7202287E-02          0.1397303
    rcr4d                   2.1303685E-03          4.4309000E-03
    rcr4w                   0.5308361              0.5287727
    rcr5d                   1.2842190E-03          3.5521000E-03
    rcr5w                   0.9956939              0.8200417
    rcr6d                   2.1028902E-03          4.3327000E-03
    rcr6w                   0.4283036              0.4562156
    rcr7d                   0.3262211              0.5783195
    rcr7w                   2.7086982E-05          3.1380000E-04
    rcr8d                   0.8221882              0.6929436
    rcr8w                   3.1102878E-05          3.2300000E-04
    rcr9d                   0.8602706              0.6791029
    rcr9w                   3.2162308E-05          4.8810000E-04
    rcr10d                  1.0138341E-03          5.4618000E-03
    rcr10w                  1.9646085E-05          4.4790000E-04
    rcr11d                  3.1118513E-05          1.8420000E-04
    rcr11w                  7.3926598E-06          2.7450000E-04
    rcr12d                  1.1358665E-05          6.3300000E-05
    rcr12w                  2.8366540E-06          9.8400000E-05
    rcr13d                  1.7854939E-05          9.9100000E-05
    rcr13w                  5.8438805E-06          2.0720000E-04
    rcgd                    2.2302269E-04          6.8620000E-04
    rcgw                    7.4449484E-10           0.000000
    tl                      0.9997417              0.9904230
    xw                       0.000000               0.000000
    yw                       0.000000               0.000000
    x                        0.000000               0.000000
    y                        0.000000               0.000000
    tlr                      0.000000               0.000000
    tls                     0.9999716              0.9875477
    beta                    0.9864119              0.7476054
 
    Note: run IDENTPAR yourself to see identiability contributions by different solution 
    space eigencomponents.


                   ANALYSIS OF PREDICTION
                   ----------------------

 PREDVAR1 analysis for prediction "q7874" ----->

    Sing_val       Null-space       Soln-space     Total             Total
    index          term             term           variance          std_dev
    --------       ----------       ----------     --------          -------
       0             3921193.         0.000000       3921193.          1980.200    
       3             3525866.         88.44859       3525954.          1877.752    
       6             1781352.         7627.322       1788980.          1337.528    
       9             1517095.         10372.78       1527468.          1235.908    
      12             130138.9         87108.51       217247.4          466.0981    
      15             75874.37         96063.81       171938.2          414.6543    
      16             75602.83         96145.01       171747.8          414.4247    
      17             75560.23         96158.76       171719.0          414.3899    
      18             75346.68         96241.11       171587.8          414.2316    
      19             21553.86         125422.1       146976.0          383.3745    
      20             21117.10         125689.4       146806.5          383.1534    
      21             17746.45         128355.4       146101.8          382.2327    
      22             8546.259         142578.3       151124.6          388.7475    
      23             8309.742         142960.6       151270.4          388.9350    
      24             393.3764         177588.0       177981.3          421.8783    
      25             373.4295         177754.0       178127.5          422.0515    
      26             355.2563         177966.3       178321.5          422.2813    
      27             194.9369         182076.7       182271.6          426.9328    
      30             186.8837         183200.8       183387.7          428.2379    
      33             185.4286         183778.2       183963.6          428.9098    
      36             183.1349         186354.1       186537.2          431.8995    
      39             105.1924         394680.8       394786.0          628.3200    
      42             98.57242         423574.4       423672.9          650.9016    
      45             81.60495         563100.2       563181.8          750.4544    
      48            0.7778537         1837824.       1837825.          1355.664    
      51            1.0326497E-03     1899758.       1899758.          1378.317    
      54            4.2300289E-04     1900152.       1900152.          1378.460    
      57            5.3824402E-06     1913665.       1913665.          1383.353    
      60            6.5965069E-22     1915261.       1915261.          1383.930    
      63            2.7077757E-77    1.0000000E+35  1.0000000E+35     3.1622777E+17
      66             0.000000        1.0000000E+35  1.0000000E+35     3.1622777E+17
 
    Pre-calibration:- 
    Total error variance                 =   3921193.    
    Total error standard deviation       =   1980.200    
 
    Post-calibration:-
    Total error variance                 =   146101.8    
    Total error standard deviation       =   382.2327    
    Minimum error variance occurs at singular value number 21.
 
 
 PREDUNC1 analysis for prediction "q7874" ----->

    Pre-calibration:- 
    Total uncertainty variance           =   3921192.    
    Total uncertainty standard deviation =   1980.200    
 
    Post-calibration:-
    Total uncertainty variance           =   123890.2    
    Total uncertainty standard deviation =   351.9804    
 
 
 PREDUNC4 analysis for prediction "q7874" ----->

    Contributions to predictive uncertainty variance

    Parameter      Pre-cal             Post-cal
    group          contribution        contribution
    ---------      ------------        ------------
    ddsd             9182.000            66943.36    
    ddsw             0.000000            228.6000    
    ddgd             1.000000            3.300000    
    ddgw             0.000000            0.000000    
    rcsd             2705132.            94926.23    
    rcsw             0.000000            7985.200    
    rcrd             629969.0            24953.00    
    rcrw             0.000000            2678.900    
    rcgd             0.000000           0.8000000    
    rcgw             0.000000            0.000000    
    tl               101810.0            40.90000    
    xw               0.000000            0.000000    
    yw               0.000000            0.000000    
    x                0.000000            0.000000    
    y                0.000000            0.000000    
    tlr              0.000000            0.000000    
    tls              305912.0            3994.600    
    beta             169186.0            11834.50    
 
 
 PREDUNC5 observation subtraction analysis for prediction "q7874" ----->

    Increases in predictive uncertainty variance incurred through loss of observations

    Observation_group        Variance_increase
    -----------------        -----------------
    q                          123890.2    
 
 
 PREDUNC5 observation addition analysis for prediction "q7874" ----->

    Decreases in pre-calibration predictive uncertainty variance incurred through addition of observations

    Observation_group        Variance_decrease
    -----------------        -----------------
    q                          123890.2    
