 
 
                   ###################################################
                   #                                                 #
                   #      GENLINPRED UNCERTAINTY/ERROR ANALYSIS      #
                   #                                                 #
                   ###################################################
 
 
 
                   ANALYSIS DETAILS
                   ----------------
 
    Name of PEST control file                                   : master_lu.pst
    Factor by which to multiply observation weights             : 1.0000
    Source of parameter uncertainty data                        : uncertainty file
    Name of uncertainty file                                    : master_lu.unc
 
    Perform global parameter estimability analysis              : yes
         Parameter identifiability                              : yes
         Relative parameter error reduction                     : no
         Relative parameter uncertainty reduction               : yes
 
    Analyse error/uncertainty of an entity                      : yes
         Name of entity                                         : q8032
         Type of entity                                         : prediction
         File containing prediction sensitivities               : master_lu.jco
 
         Total error variance                                   : yes
         Total uncertainty                                      : yes
 
         Parameter contributions to error variance              : no
         Parameter contributions to uncertainty                 : yes
         Parameter contributions                                : by group
 
         Observation worth in reducing error variance           : no
         Observation worth in reducing uncertainty variance     : yes
         Observation worth                                      : by group


                   ANALYSIS OF PARAMETERS
                   ----------------------


 Outcomes of running program SUPCALC ----->
 
    Number of dimensions of calibration solution space = 21
    Number of dimensions of calibration null space     = 45

 Outcomes of parameter identifiability and error/uncertainty variance reduction analysis ----->
 
    Parameter              Identifiability        Rel_uncert_var_redn
    ---------              ---------------        -------------------
    ddsd                    0.9999962              0.9985695
    ddsw                    0.9999985              0.9995245
    ddgd                    8.9209074E-04          2.7446000E-03
    ddgw                    2.9779794E-09          1.0000000E-07
    rcs1d                   9.4002959E-10          1.0000000E-07
    rcs1w                   5.8693719E-11           0.000000
    rcs2d                   2.1919986E-06          1.4140000E-04
    rcs2w                   1.6984139E-06          3.1700000E-05
    rcs3d                   7.7113415E-05          9.5280000E-04
    rcs3w                   2.8336929E-04          4.8198000E-03
    rcs4d                   2.0007912E-02          6.3051700E-02
    rcs4w                   2.4800499E-03          2.0354900E-02
    rcs5d                   8.4974974E-02          0.2306842
    rcs5w                   0.2195330              0.4974543
    rcs6d                   0.9294260              0.8081349
    rcs6w                   0.8004358              0.7951190
    rcs7d                   0.9885394              0.7846490
    rcs7w                   0.9823433              0.8594080
    rcs8d                   1.8870833E-03          2.4400000E-03
    rcs8w                   3.0601721E-04          6.3110000E-04
    rcs9d                   3.6682923E-04          9.4330000E-04
    rcs9w                   0.9937043              0.7980983
    rcs10d                  0.9994918              0.9321853
    rcs10w                  0.9982834              0.8797214
    rcs11d                  0.9992740              0.8609366
    rcs11w                  0.9998968              0.9275511
    rcs12d                  0.9964442              0.8271959
    rcs12w                  0.9837081              0.8852159
    rcs13d                  4.7099164E-04          6.5530000E-04
    rcs13w                  1.5826910E-02          1.5317200E-02
    rcr1d                   8.3964379E-04          7.3860000E-04
    rcr1w                   2.5534614E-04          6.4760000E-04
    rcr2d                   0.9733919              0.8452336
    rcr2w                   4.4434562E-04          1.1410000E-03
    rcr3d                   2.6352231E-03          4.1250000E-03
    rcr3w                   4.7202287E-02          0.1397303
    rcr4d                   2.1303685E-03          4.4309000E-03
    rcr4w                   0.5308361              0.5287727
    rcr5d                   1.2842190E-03          3.5521000E-03
    rcr5w                   0.9956939              0.8200417
    rcr6d                   2.1028902E-03          4.3327000E-03
    rcr6w                   0.4283036              0.4562156
    rcr7d                   0.3262211              0.5783195
    rcr7w                   2.7086982E-05          3.1380000E-04
    rcr8d                   0.8221882              0.6929436
    rcr8w                   3.1102878E-05          3.2300000E-04
    rcr9d                   0.8602706              0.6791029
    rcr9w                   3.2162308E-05          4.8810000E-04
    rcr10d                  1.0138341E-03          5.4618000E-03
    rcr10w                  1.9646085E-05          4.4790000E-04
    rcr11d                  3.1118513E-05          1.8420000E-04
    rcr11w                  7.3926598E-06          2.7450000E-04
    rcr12d                  1.1358665E-05          6.3300000E-05
    rcr12w                  2.8366540E-06          9.8400000E-05
    rcr13d                  1.7854939E-05          9.9100000E-05
    rcr13w                  5.8438805E-06          2.0720000E-04
    rcgd                    2.2302269E-04          6.8620000E-04
    rcgw                    7.4449484E-10           0.000000
    tl                      0.9997417              0.9904230
    xw                       0.000000               0.000000
    yw                       0.000000               0.000000
    x                        0.000000               0.000000
    y                        0.000000               0.000000
    tlr                      0.000000               0.000000
    tls                     0.9999716              0.9875477
    beta                    0.9864119              0.7476054
 
    Note: run IDENTPAR yourself to see identiability contributions by different solution 
    space eigencomponents.


                   ANALYSIS OF PREDICTION
                   ----------------------

 PREDVAR1 analysis for prediction "q8032" ----->

    Sing_val       Null-space       Soln-space     Total             Total
    index          term             term           variance          std_dev
    --------       ----------       ----------     --------          -------
       0             424354.4         0.000000       424354.4          651.4249    
       3             416427.1         5.365414       416432.5          645.3158    
       6             206178.3         964.5655       207142.9          455.1295    
       9             205868.6         969.0912       206837.7          454.7941    
      12             152838.6         3724.609       156563.2          395.6807    
      15             127119.1         7987.026       135106.1          367.5678    
      16             25737.22         38303.18       64040.40          253.0620    
      17             22539.78         39335.00       61874.78          248.7464    
      18             10581.09         43946.98       54528.07          233.5125    
      19             6023.915         46419.11       52443.03          229.0044    
      20             6023.410         46419.42       52442.83          229.0040    
      21             3154.719         48688.41       51843.13          227.6909    
      22             189.9598         53271.74       53461.70          231.2179    
      23             86.82855         53438.45       53525.28          231.3553    
      24             85.66723         53443.53       53529.20          231.3638    
      25             82.99479         53465.78       53548.78          231.4061    
      26             79.15541         53510.62       53589.78          231.4947    
      27             76.51124         53578.42       53654.93          231.6353    
      30             66.25905         55710.24       55776.50          236.1705    
      33             65.70979         56095.05       56160.76          236.9826    
      36             64.20194         57538.19       57602.39          240.0050    
      39             63.70901         58926.58       58990.28          242.8791    
      42             7.980352         302138.5       302146.5          549.6785    
      45            0.3773048         364664.3       364664.7          603.8747    
      48            5.1245409E-02     372966.9       372966.9          610.7102    
      51            3.1095726E-04     377951.6       377951.6          614.7777    
      54            5.8354699E-05     378099.9       378099.9          614.8983    
      57            1.7945671E-06     379276.3       379276.3          615.8541    
      60            2.0814038E-16    2.7178706E+12  2.7178706E+12      1648597.    
      63            5.1854219E-68    1.0000000E+35  1.0000000E+35     3.1622777E+17
      66             0.000000        1.0000000E+35  1.0000000E+35     3.1622777E+17
 
    Pre-calibration:- 
    Total error variance                 =   424354.4    
    Total error standard deviation       =   651.4249    
 
    Post-calibration:-
    Total error variance                 =   51843.13    
    Total error standard deviation       =   227.6909    
    Minimum error variance occurs at singular value number 21.
 
 
 PREDUNC1 analysis for prediction "q8032" ----->

    Pre-calibration:- 
    Total uncertainty variance           =   424354.4    
    Total uncertainty standard deviation =   651.4249    
 
    Post-calibration:-
    Total uncertainty variance           =   39504.27    
    Total uncertainty standard deviation =   198.7568    
 
 
 PREDUNC4 analysis for prediction "q8032" ----->

    Contributions to predictive uncertainty variance

    Parameter      Pre-cal             Post-cal
    group          contribution        contribution
    ---------      ------------        ------------
    ddsd             611.0000            1680.710    
    ddsw             0.000000            56.85000    
    ddgd             106.6000            5.960000    
    ddgw             0.000000            0.000000    
    rcsd             214638.1            21965.43    
    rcsw             0.000000            6768.810    
    rcrd             62692.10            6529.360    
    rcrw             0.000000            2590.050    
    rcgd             26.70000            1.490000    
    rcgw             0.000000            0.000000    
    tl               3986.700            139.7000    
    xw               0.000000            0.000000    
    yw               0.000000            0.000000    
    x                0.000000            0.000000    
    y                0.000000            0.000000    
    tlr              0.000000            0.000000    
    tls              7186.900            12.71000    
    beta             135106.6            12077.93    
 
 
 PREDUNC5 observation subtraction analysis for prediction "q8032" ----->

    Increases in predictive uncertainty variance incurred through loss of observations

    Observation_group        Variance_increase
    -----------------        -----------------
    q                          39504.27    
 
 
 PREDUNC5 observation addition analysis for prediction "q8032" ----->

    Decreases in pre-calibration predictive uncertainty variance incurred through addition of observations

    Observation_group        Variance_decrease
    -----------------        -----------------
    q                          39504.27    
