 
 
                   ###################################################
                   #                                                 #
                   #      GENLINPRED UNCERTAINTY/ERROR ANALYSIS      #
                   #                                                 #
                   ###################################################
 
 
 
                   ANALYSIS DETAILS
                   ----------------
 
    Name of PEST control file                                   : master_lu.pst
    Factor by which to multiply observation weights             : 1.0000
    Source of parameter uncertainty data                        : uncertainty file
    Name of uncertainty file                                    : master_lu.unc
 
    Perform global parameter estimability analysis              : yes
         Parameter identifiability                              : yes
         Relative parameter error reduction                     : no
         Relative parameter uncertainty reduction               : yes
 
    Analyse error/uncertainty of an entity                      : yes
         Name of entity                                         : q7776
         Type of entity                                         : prediction
         File containing prediction sensitivities               : master_lu.jco
 
         Total error variance                                   : yes
         Total uncertainty                                      : yes
 
         Parameter contributions to error variance              : no
         Parameter contributions to uncertainty                 : yes
         Parameter contributions                                : by group
 
         Observation worth in reducing error variance           : no
         Observation worth in reducing uncertainty variance     : yes
         Observation worth                                      : by group


                   ANALYSIS OF PARAMETERS
                   ----------------------


 Outcomes of running program SUPCALC ----->
 
    Number of dimensions of calibration solution space = 21
    Number of dimensions of calibration null space     = 45

 Outcomes of parameter identifiability and error/uncertainty variance reduction analysis ----->
 
    Parameter              Identifiability        Rel_uncert_var_redn
    ---------              ---------------        -------------------
    ddsd                    0.9999962              0.9985695
    ddsw                    0.9999985              0.9995245
    ddgd                    8.9209074E-04          2.7446000E-03
    ddgw                    2.9779794E-09          1.0000000E-07
    rcs1d                   9.4002959E-10          1.0000000E-07
    rcs1w                   5.8693719E-11           0.000000
    rcs2d                   2.1919986E-06          1.4140000E-04
    rcs2w                   1.6984139E-06          3.1700000E-05
    rcs3d                   7.7113415E-05          9.5280000E-04
    rcs3w                   2.8336929E-04          4.8198000E-03
    rcs4d                   2.0007912E-02          6.3051700E-02
    rcs4w                   2.4800499E-03          2.0354900E-02
    rcs5d                   8.4974974E-02          0.2306842
    rcs5w                   0.2195330              0.4974543
    rcs6d                   0.9294260              0.8081349
    rcs6w                   0.8004358              0.7951190
    rcs7d                   0.9885394              0.7846490
    rcs7w                   0.9823433              0.8594080
    rcs8d                   1.8870833E-03          2.4400000E-03
    rcs8w                   3.0601721E-04          6.3110000E-04
    rcs9d                   3.6682923E-04          9.4330000E-04
    rcs9w                   0.9937043              0.7980983
    rcs10d                  0.9994918              0.9321853
    rcs10w                  0.9982834              0.8797214
    rcs11d                  0.9992740              0.8609366
    rcs11w                  0.9998968              0.9275511
    rcs12d                  0.9964442              0.8271959
    rcs12w                  0.9837081              0.8852159
    rcs13d                  4.7099164E-04          6.5530000E-04
    rcs13w                  1.5826910E-02          1.5317200E-02
    rcr1d                   8.3964379E-04          7.3860000E-04
    rcr1w                   2.5534614E-04          6.4760000E-04
    rcr2d                   0.9733919              0.8452336
    rcr2w                   4.4434562E-04          1.1410000E-03
    rcr3d                   2.6352231E-03          4.1250000E-03
    rcr3w                   4.7202287E-02          0.1397303
    rcr4d                   2.1303685E-03          4.4309000E-03
    rcr4w                   0.5308361              0.5287727
    rcr5d                   1.2842190E-03          3.5521000E-03
    rcr5w                   0.9956939              0.8200417
    rcr6d                   2.1028902E-03          4.3327000E-03
    rcr6w                   0.4283036              0.4562156
    rcr7d                   0.3262211              0.5783195
    rcr7w                   2.7086982E-05          3.1380000E-04
    rcr8d                   0.8221882              0.6929436
    rcr8w                   3.1102878E-05          3.2300000E-04
    rcr9d                   0.8602706              0.6791029
    rcr9w                   3.2162308E-05          4.8810000E-04
    rcr10d                  1.0138341E-03          5.4618000E-03
    rcr10w                  1.9646085E-05          4.4790000E-04
    rcr11d                  3.1118513E-05          1.8420000E-04
    rcr11w                  7.3926598E-06          2.7450000E-04
    rcr12d                  1.1358665E-05          6.3300000E-05
    rcr12w                  2.8366540E-06          9.8400000E-05
    rcr13d                  1.7854939E-05          9.9100000E-05
    rcr13w                  5.8438805E-06          2.0720000E-04
    rcgd                    2.2302269E-04          6.8620000E-04
    rcgw                    7.4449484E-10           0.000000
    tl                      0.9997417              0.9904230
    xw                       0.000000               0.000000
    yw                       0.000000               0.000000
    x                        0.000000               0.000000
    y                        0.000000               0.000000
    tlr                      0.000000               0.000000
    tls                     0.9999716              0.9875477
    beta                    0.9864119              0.7476054
 
    Note: run IDENTPAR yourself to see identiability contributions by different solution 
    space eigencomponents.


                   ANALYSIS OF PREDICTION
                   ----------------------

 PREDVAR1 analysis for prediction "q7776" ----->

    Sing_val       Null-space       Soln-space     Total             Total
    index          term             term           variance          std_dev
    --------       ----------       ----------     --------          -------
       0             416287.9         0.000000       416287.9          645.2038    
       3             403737.0         5.721307       403742.7          635.4075    
       6             107653.3         1214.361       108867.6          329.9509    
       9             90676.19         1393.577       92069.77          303.4300    
      12             85813.85         1667.664       87481.51          295.7727    
      15             77887.84         2997.732       80885.57          284.4039    
      16             51123.23         11001.13       62124.36          249.2476    
      17             50826.53         11096.88       61923.41          248.8441    
      18             29179.03         19445.44       48624.47          220.5096    
      19             734.4210         34875.79       35610.21          188.7067    
      20             381.2208         35091.92       35473.14          188.3431    
      21             120.7531         35297.93       35418.69          188.1985    
      22             54.75675         35399.96       35454.72          188.2942    
      23             46.97591         35412.54       35459.51          188.3070    
      24             29.17539         35490.40       35519.57          188.4664    
      25             22.43745         35546.50       35568.94          188.5973    
      26             14.61130         35637.90       35652.51          188.8187    
      27             14.19172         35648.66       35662.85          188.8461    
      30             12.52018         35879.36       35891.88          189.4515    
      33             2.776551         39502.13       39504.91          198.7584    
      36             2.534439         39803.02       39805.55          199.5133    
      39             2.472715         39958.04       39960.52          199.9013    
      42            0.1543506         50069.14       50069.29          223.7617    
      45            0.1483096         50119.05       50119.20          223.8732    
      48            9.7955461E-02     51223.01       51223.11          226.3252    
      51            2.4313449E-04     60587.11       60587.11          246.1445    
      54            1.3313036E-04     60676.32       60676.32          246.3256    
      57            1.1737159E-06     67156.45       67156.45          259.1456    
      60            5.2087816E-17    6.7947056E+11  6.7947056E+11      824300.0    
      63            1.2963774E-68    1.0000000E+35  1.0000000E+35     3.1622777E+17
      66             0.000000        1.0000000E+35  1.0000000E+35     3.1622777E+17
 
    Pre-calibration:- 
    Total error variance                 =   416287.9    
    Total error standard deviation       =   645.2038    
 
    Post-calibration:-
    Total error variance                 =   35418.69    
    Total error standard deviation       =   188.1985    
    Minimum error variance occurs at singular value number 21.
 
 
 PREDUNC1 analysis for prediction "q7776" ----->

    Pre-calibration:- 
    Total uncertainty variance           =   416287.9    
    Total uncertainty standard deviation =   645.2038    
 
    Post-calibration:-
    Total uncertainty variance           =   25383.12    
    Total uncertainty standard deviation =   159.3208    
 
 
 PREDUNC4 analysis for prediction "q7776" ----->

    Contributions to predictive uncertainty variance

    Parameter      Pre-cal             Post-cal
    group          contribution        contribution
    ---------      ------------        ------------
    ddsd             39229.90            1.920000    
    ddsw             0.000000            64.20000    
    ddgd             165.9000            28.05000    
    ddgw             0.000000            0.000000    
    rcsd             6589.500            10581.80    
    rcsw             0.000000            11927.29    
    rcrd             229127.2            7094.570    
    rcrw             0.000000            4590.270    
    rcgd             41.50000            7.000000    
    rcgw             0.000000            0.000000    
    tl               4.700000            13.32000    
    xw               0.000000            0.000000    
    yw               0.000000            0.000000    
    x                0.000000            0.000000    
    y                0.000000            0.000000    
    tlr              0.000000            0.000000    
    tls              568.5000            68.10000    
    beta             140560.8            21703.85    
 
 
 PREDUNC5 observation subtraction analysis for prediction "q7776" ----->

    Increases in predictive uncertainty variance incurred through loss of observations

    Observation_group        Variance_increase
    -----------------        -----------------
    q                          25383.12    
 
 
 PREDUNC5 observation addition analysis for prediction "q7776" ----->

    Decreases in pre-calibration predictive uncertainty variance incurred through addition of observations

    Observation_group        Variance_decrease
    -----------------        -----------------
    q                          25383.12    
