 
 
                   ###################################################
                   #                                                 #
                   #      GENLINPRED UNCERTAINTY/ERROR ANALYSIS      #
                   #                                                 #
                   ###################################################
 
 
 
                   ANALYSIS DETAILS
                   ----------------
 
    Name of PEST control file                                   : master_lu.pst
    Factor by which to multiply observation weights             : 1.0000
    Source of parameter uncertainty data                        : uncertainty file
    Name of uncertainty file                                    : master_lu.unc
 
    Perform global parameter estimability analysis              : yes
         Parameter identifiability                              : yes
         Relative parameter error reduction                     : no
         Relative parameter uncertainty reduction               : yes
 
    Analyse error/uncertainty of an entity                      : yes
         Name of entity                                         : q7909
         Type of entity                                         : prediction
         File containing prediction sensitivities               : master_lu.jco
 
         Total error variance                                   : yes
         Total uncertainty                                      : yes
 
         Parameter contributions to error variance              : no
         Parameter contributions to uncertainty                 : yes
         Parameter contributions                                : by group
 
         Observation worth in reducing error variance           : no
         Observation worth in reducing uncertainty variance     : yes
         Observation worth                                      : by group


                   ANALYSIS OF PARAMETERS
                   ----------------------


 Outcomes of running program SUPCALC ----->
 
    Number of dimensions of calibration solution space = 21
    Number of dimensions of calibration null space     = 45

 Outcomes of parameter identifiability and error/uncertainty variance reduction analysis ----->
 
    Parameter              Identifiability        Rel_uncert_var_redn
    ---------              ---------------        -------------------
    ddsd                    0.9999962              0.9985695
    ddsw                    0.9999985              0.9995245
    ddgd                    8.9209074E-04          2.7446000E-03
    ddgw                    2.9779794E-09          1.0000000E-07
    rcs1d                   9.4002959E-10          1.0000000E-07
    rcs1w                   5.8693719E-11           0.000000
    rcs2d                   2.1919986E-06          1.4140000E-04
    rcs2w                   1.6984139E-06          3.1700000E-05
    rcs3d                   7.7113415E-05          9.5280000E-04
    rcs3w                   2.8336929E-04          4.8198000E-03
    rcs4d                   2.0007912E-02          6.3051700E-02
    rcs4w                   2.4800499E-03          2.0354900E-02
    rcs5d                   8.4974974E-02          0.2306842
    rcs5w                   0.2195330              0.4974543
    rcs6d                   0.9294260              0.8081349
    rcs6w                   0.8004358              0.7951190
    rcs7d                   0.9885394              0.7846490
    rcs7w                   0.9823433              0.8594080
    rcs8d                   1.8870833E-03          2.4400000E-03
    rcs8w                   3.0601721E-04          6.3110000E-04
    rcs9d                   3.6682923E-04          9.4330000E-04
    rcs9w                   0.9937043              0.7980983
    rcs10d                  0.9994918              0.9321853
    rcs10w                  0.9982834              0.8797214
    rcs11d                  0.9992740              0.8609366
    rcs11w                  0.9998968              0.9275511
    rcs12d                  0.9964442              0.8271959
    rcs12w                  0.9837081              0.8852159
    rcs13d                  4.7099164E-04          6.5530000E-04
    rcs13w                  1.5826910E-02          1.5317200E-02
    rcr1d                   8.3964379E-04          7.3860000E-04
    rcr1w                   2.5534614E-04          6.4760000E-04
    rcr2d                   0.9733919              0.8452336
    rcr2w                   4.4434562E-04          1.1410000E-03
    rcr3d                   2.6352231E-03          4.1250000E-03
    rcr3w                   4.7202287E-02          0.1397303
    rcr4d                   2.1303685E-03          4.4309000E-03
    rcr4w                   0.5308361              0.5287727
    rcr5d                   1.2842190E-03          3.5521000E-03
    rcr5w                   0.9956939              0.8200417
    rcr6d                   2.1028902E-03          4.3327000E-03
    rcr6w                   0.4283036              0.4562156
    rcr7d                   0.3262211              0.5783195
    rcr7w                   2.7086982E-05          3.1380000E-04
    rcr8d                   0.8221882              0.6929436
    rcr8w                   3.1102878E-05          3.2300000E-04
    rcr9d                   0.8602706              0.6791029
    rcr9w                   3.2162308E-05          4.8810000E-04
    rcr10d                  1.0138341E-03          5.4618000E-03
    rcr10w                  1.9646085E-05          4.4790000E-04
    rcr11d                  3.1118513E-05          1.8420000E-04
    rcr11w                  7.3926598E-06          2.7450000E-04
    rcr12d                  1.1358665E-05          6.3300000E-05
    rcr12w                  2.8366540E-06          9.8400000E-05
    rcr13d                  1.7854939E-05          9.9100000E-05
    rcr13w                  5.8438805E-06          2.0720000E-04
    rcgd                    2.2302269E-04          6.8620000E-04
    rcgw                    7.4449484E-10           0.000000
    tl                      0.9997417              0.9904230
    xw                       0.000000               0.000000
    yw                       0.000000               0.000000
    x                        0.000000               0.000000
    y                        0.000000               0.000000
    tlr                      0.000000               0.000000
    tls                     0.9999716              0.9875477
    beta                    0.9864119              0.7476054
 
    Note: run IDENTPAR yourself to see identiability contributions by different solution 
    space eigencomponents.


                   ANALYSIS OF PREDICTION
                   ----------------------

 PREDVAR1 analysis for prediction "q7909" ----->

    Sing_val       Null-space       Soln-space     Total             Total
    index          term             term           variance          std_dev
    --------       ----------       ----------     --------          -------
       0             2505088.         0.000000       2505088.          1582.747    
       3             2287162.         43.15182       2287205.          1512.351    
       6             1239052.         4483.116       1243535.          1115.139    
       9             625739.0         12456.28       638195.3          798.8713    
      12             329915.7         28740.06       358655.7          598.8787    
      15             297079.2         34153.33       331232.5          575.5280    
      16             268370.0         42738.24       311108.2          557.7707    
      17             265638.1         43619.82       309257.9          556.1096    
      18             264021.3         44243.35       308264.6          555.2158    
      19             23898.86         174502.6       198401.5          445.4228    
      20             22748.57         175206.5       197955.0          444.9213    
      21             22637.93         175294.0       197931.9          444.8954    
      22             1445.152         208056.7       209501.8          457.7137    
      23             680.2623         209293.1       209973.4          458.2285    
      24             190.6192         211434.9       211625.5          460.0277    
      25             186.2148         211471.5       211657.8          460.0628    
      26             178.5998         211560.5       211739.1          460.1512    
      27             146.7869         212376.1       212522.9          461.0021    
      30             118.2273         217699.7       217817.9          466.7097    
      33             98.90614         226913.1       227012.0          476.4578    
      36             48.67675         275091.1       275139.7          524.5376    
      39             42.99921         290085.9       290128.9          538.6361    
      42             7.751114         443898.8       443906.5          666.2631    
      45             1.530446         495074.5       495076.1          703.6164    
      48            0.2527096         518851.9       518852.1          720.3139    
      51            1.2120105E-03     539676.3       539676.3          734.6266    
      54            4.5808567E-04     540325.2       540325.2          735.0682    
      57            8.7102305E-07     548445.3       548445.3          740.5709    
      60            1.1892085E-21     549413.8       549413.8          741.2245    
      63            1.6890245E-76    1.0000000E+35  1.0000000E+35     3.1622777E+17
      66             0.000000        1.0000000E+35  1.0000000E+35     3.1622777E+17
 
    Pre-calibration:- 
    Total error variance                 =   2505088.    
    Total error standard deviation       =   1582.747    
 
    Post-calibration:-
    Total error variance                 =   197931.9    
    Total error standard deviation       =   444.8954    
    Minimum error variance occurs at singular value number 21.
 
 
 PREDUNC1 analysis for prediction "q7909" ----->

    Pre-calibration:- 
    Total uncertainty variance           =   2505088.    
    Total uncertainty standard deviation =   1582.747    
 
    Post-calibration:-
    Total uncertainty variance           =   138982.4    
    Total uncertainty standard deviation =   372.8034    
 
 
 PREDUNC4 analysis for prediction "q7909" ----->

    Contributions to predictive uncertainty variance

    Parameter      Pre-cal             Post-cal
    group          contribution        contribution
    ---------      ------------        ------------
    ddsd             815.0000            40216.71    
    ddsw             0.000000            2.900000    
    ddgd             0.000000            2.700000    
    ddgw             0.000000            0.000000    
    rcsd             1780034.            104516.4    
    rcsw             0.000000            14915.30    
    rcrd             290720.0            23884.40    
    rcrw             0.000000            6166.700    
    rcgd             0.000000           0.6000000    
    rcgw             0.000000            0.000000    
    tl               86320.00            23.20000    
    xw               0.000000            0.000000    
    yw               0.000000            0.000000    
    x                0.000000            0.000000    
    y                0.000000            0.000000    
    tlr              0.000000            0.000000    
    tls              178977.0            3919.700    
    beta             168220.0            29801.50    
 
 
 PREDUNC5 observation subtraction analysis for prediction "q7909" ----->

    Increases in predictive uncertainty variance incurred through loss of observations

    Observation_group        Variance_increase
    -----------------        -----------------
    q                          138982.4    
 
 
 PREDUNC5 observation addition analysis for prediction "q7909" ----->

    Decreases in pre-calibration predictive uncertainty variance incurred through addition of observations

    Observation_group        Variance_decrease
    -----------------        -----------------
    q                          138982.4    
