 
 
                   ###################################################
                   #                                                 #
                   #      GENLINPRED UNCERTAINTY/ERROR ANALYSIS      #
                   #                                                 #
                   ###################################################
 
 
 
                   ANALYSIS DETAILS
                   ----------------
 
    Name of PEST control file                                   : master_lu.pst
    Factor by which to multiply observation weights             : 1.0000
    Source of parameter uncertainty data                        : uncertainty file
    Name of uncertainty file                                    : master_lu.unc
 
    Perform global parameter estimability analysis              : yes
         Parameter identifiability                              : yes
         Relative parameter error reduction                     : no
         Relative parameter uncertainty reduction               : yes
 
    Analyse error/uncertainty of an entity                      : yes
         Name of entity                                         : q7835
         Type of entity                                         : prediction
         File containing prediction sensitivities               : master_lu.jco
 
         Total error variance                                   : yes
         Total uncertainty                                      : yes
 
         Parameter contributions to error variance              : no
         Parameter contributions to uncertainty                 : yes
         Parameter contributions                                : by group
 
         Observation worth in reducing error variance           : no
         Observation worth in reducing uncertainty variance     : yes
         Observation worth                                      : by group


                   ANALYSIS OF PARAMETERS
                   ----------------------


 Outcomes of running program SUPCALC ----->
 
    Number of dimensions of calibration solution space = 21
    Number of dimensions of calibration null space     = 45

 Outcomes of parameter identifiability and error/uncertainty variance reduction analysis ----->
 
    Parameter              Identifiability        Rel_uncert_var_redn
    ---------              ---------------        -------------------
    ddsd                    0.9999962              0.9985695
    ddsw                    0.9999985              0.9995245
    ddgd                    8.9209074E-04          2.7446000E-03
    ddgw                    2.9779794E-09          1.0000000E-07
    rcs1d                   9.4002959E-10          1.0000000E-07
    rcs1w                   5.8693719E-11           0.000000
    rcs2d                   2.1919986E-06          1.4140000E-04
    rcs2w                   1.6984139E-06          3.1700000E-05
    rcs3d                   7.7113415E-05          9.5280000E-04
    rcs3w                   2.8336929E-04          4.8198000E-03
    rcs4d                   2.0007912E-02          6.3051700E-02
    rcs4w                   2.4800499E-03          2.0354900E-02
    rcs5d                   8.4974974E-02          0.2306842
    rcs5w                   0.2195330              0.4974543
    rcs6d                   0.9294260              0.8081349
    rcs6w                   0.8004358              0.7951190
    rcs7d                   0.9885394              0.7846490
    rcs7w                   0.9823433              0.8594080
    rcs8d                   1.8870833E-03          2.4400000E-03
    rcs8w                   3.0601721E-04          6.3110000E-04
    rcs9d                   3.6682923E-04          9.4330000E-04
    rcs9w                   0.9937043              0.7980983
    rcs10d                  0.9994918              0.9321853
    rcs10w                  0.9982834              0.8797214
    rcs11d                  0.9992740              0.8609366
    rcs11w                  0.9998968              0.9275511
    rcs12d                  0.9964442              0.8271959
    rcs12w                  0.9837081              0.8852159
    rcs13d                  4.7099164E-04          6.5530000E-04
    rcs13w                  1.5826910E-02          1.5317200E-02
    rcr1d                   8.3964379E-04          7.3860000E-04
    rcr1w                   2.5534614E-04          6.4760000E-04
    rcr2d                   0.9733919              0.8452336
    rcr2w                   4.4434562E-04          1.1410000E-03
    rcr3d                   2.6352231E-03          4.1250000E-03
    rcr3w                   4.7202287E-02          0.1397303
    rcr4d                   2.1303685E-03          4.4309000E-03
    rcr4w                   0.5308361              0.5287727
    rcr5d                   1.2842190E-03          3.5521000E-03
    rcr5w                   0.9956939              0.8200417
    rcr6d                   2.1028902E-03          4.3327000E-03
    rcr6w                   0.4283036              0.4562156
    rcr7d                   0.3262211              0.5783195
    rcr7w                   2.7086982E-05          3.1380000E-04
    rcr8d                   0.8221882              0.6929436
    rcr8w                   3.1102878E-05          3.2300000E-04
    rcr9d                   0.8602706              0.6791029
    rcr9w                   3.2162308E-05          4.8810000E-04
    rcr10d                  1.0138341E-03          5.4618000E-03
    rcr10w                  1.9646085E-05          4.4790000E-04
    rcr11d                  3.1118513E-05          1.8420000E-04
    rcr11w                  7.3926598E-06          2.7450000E-04
    rcr12d                  1.1358665E-05          6.3300000E-05
    rcr12w                  2.8366540E-06          9.8400000E-05
    rcr13d                  1.7854939E-05          9.9100000E-05
    rcr13w                  5.8438805E-06          2.0720000E-04
    rcgd                    2.2302269E-04          6.8620000E-04
    rcgw                    7.4449484E-10           0.000000
    tl                      0.9997417              0.9904230
    xw                       0.000000               0.000000
    yw                       0.000000               0.000000
    x                        0.000000               0.000000
    y                        0.000000               0.000000
    tlr                      0.000000               0.000000
    tls                     0.9999716              0.9875477
    beta                    0.9864119              0.7476054
 
    Note: run IDENTPAR yourself to see identiability contributions by different solution 
    space eigencomponents.


                   ANALYSIS OF PREDICTION
                   ----------------------

 PREDVAR1 analysis for prediction "q7835" ----->

    Sing_val       Null-space       Soln-space     Total             Total
    index          term             term           variance          std_dev
    --------       ----------       ----------     --------          -------
       0             3825372.         0.000000       3825372.          1955.856    
       3             3289810.         112.3152       3289922.          1813.814    
       6             263600.4         12570.77       276171.1          525.5198    
       9             77742.34         14612.68       92355.03          303.8997    
      12             34921.10         17540.14       52461.24          229.0442    
      15             34582.65         17596.96       52179.61          228.4286    
      16             33673.84         17868.72       51542.56          227.0299    
      17             33372.71         17965.90       51338.61          226.5803    
      18             15747.58         24763.19       40510.78          201.2729    
      19             2463.212         31969.57       34432.78          185.5607    
      20             2311.712         32062.27       34373.98          185.4022    
      21             2184.233         32163.10       34347.33          185.3303    
      22             174.1362         35270.58       35444.72          188.2677    
      23             106.2041         35380.39       35486.60          188.3789    
      24             38.57625         35676.21       35714.78          188.9835    
      25             35.78806         35699.42       35735.21          189.0376    
      26             32.97948         35732.22       35765.20          189.1169    
      27             30.80441         35787.99       35818.80          189.2586    
      30             17.64546         37940.76       37958.41          194.8292    
      33             3.620271         43429.45       43433.07          208.4060    
      36             1.629768         45821.24       45822.87          214.0628    
      39            0.7735077         47838.81       47839.58          218.7226    
      42            0.6969386         48155.54       48156.24          219.4453    
      45            0.5457360         49400.98       49401.53          222.2645    
      48            5.1019393E-02     67965.46       67965.51          260.7020    
      51            3.8457446E-04     71386.22       71386.22          267.1820    
      54            1.4978709E-04     71581.57       71581.57          267.5473    
      57            6.5638901E-07     75560.08       75560.08          274.8819    
      60            3.3678525E-22     75967.30       75967.30          275.6217    
      63            5.6970464E-77    1.0000000E+35  1.0000000E+35     3.1622777E+17
      66             0.000000        1.0000000E+35  1.0000000E+35     3.1622777E+17
 
    Pre-calibration:- 
    Total error variance                 =   3825372.    
    Total error standard deviation       =   1955.856    
 
    Post-calibration:-
    Total error variance                 =   34347.33    
    Total error standard deviation       =   185.3303    
    Minimum error variance occurs at singular value number 21.
 
 
 PREDUNC1 analysis for prediction "q7835" ----->

    Pre-calibration:- 
    Total uncertainty variance           =   3825373.    
    Total uncertainty standard deviation =   1955.856    
 
    Post-calibration:-
    Total uncertainty variance           =   28655.82    
    Total uncertainty standard deviation =   169.2803    
 
 
 PREDUNC4 analysis for prediction "q7835" ----->

    Contributions to predictive uncertainty variance

    Parameter      Pre-cal             Post-cal
    group          contribution        contribution
    ---------      ------------        ------------
    ddsd             135167.0            509.2600    
    ddsw             0.000000            68.24000    
    ddgd             14.00000            4.810000    
    ddgw             0.000000            0.000000    
    rcsd             284615.0            8886.650    
    rcsw             0.000000            2710.750    
    rcrd             3215370.            8764.890    
    rcrw             0.000000            945.1000    
    rcgd             4.000000            1.200000    
    rcgw             0.000000            0.000000    
    tl               12297.00            257.7700    
    xw               0.000000            0.000000    
    yw               0.000000            0.000000    
    x                0.000000            0.000000    
    y                0.000000            0.000000    
    tlr              0.000000            0.000000    
    tls              12908.00            68.88000    
    beta             164999.0            4408.310    
 
 
 PREDUNC5 observation subtraction analysis for prediction "q7835" ----->

    Increases in predictive uncertainty variance incurred through loss of observations

    Observation_group        Variance_increase
    -----------------        -----------------
    q                          28655.82    
 
 
 PREDUNC5 observation addition analysis for prediction "q7835" ----->

    Decreases in pre-calibration predictive uncertainty variance incurred through addition of observations

    Observation_group        Variance_decrease
    -----------------        -----------------
    q                          28655.82    
