 
 
                   ###################################################
                   #                                                 #
                   #      GENLINPRED UNCERTAINTY/ERROR ANALYSIS      #
                   #                                                 #
                   ###################################################
 
 
 
                   ANALYSIS DETAILS
                   ----------------
 
    Name of PEST control file                                   : master_lu.pst
    Factor by which to multiply observation weights             : 1.0000
    Source of parameter uncertainty data                        : uncertainty file
    Name of uncertainty file                                    : master_lu.unc
 
    Perform global parameter estimability analysis              : yes
         Parameter identifiability                              : yes
         Relative parameter error reduction                     : no
         Relative parameter uncertainty reduction               : yes
 
    Analyse error/uncertainty of an entity                      : yes
         Name of entity                                         : q8046
         Type of entity                                         : prediction
         File containing prediction sensitivities               : master_lu.jco
 
         Total error variance                                   : yes
         Total uncertainty                                      : yes
 
         Parameter contributions to error variance              : no
         Parameter contributions to uncertainty                 : yes
         Parameter contributions                                : by group
 
         Observation worth in reducing error variance           : no
         Observation worth in reducing uncertainty variance     : yes
         Observation worth                                      : by group


                   ANALYSIS OF PARAMETERS
                   ----------------------


 Outcomes of running program SUPCALC ----->
 
    Number of dimensions of calibration solution space = 21
    Number of dimensions of calibration null space     = 45

 Outcomes of parameter identifiability and error/uncertainty variance reduction analysis ----->
 
    Parameter              Identifiability        Rel_uncert_var_redn
    ---------              ---------------        -------------------
    ddsd                    0.9999962              0.9985695
    ddsw                    0.9999985              0.9995245
    ddgd                    8.9209074E-04          2.7446000E-03
    ddgw                    2.9779794E-09          1.0000000E-07
    rcs1d                   9.4002959E-10          1.0000000E-07
    rcs1w                   5.8693719E-11           0.000000
    rcs2d                   2.1919986E-06          1.4140000E-04
    rcs2w                   1.6984139E-06          3.1700000E-05
    rcs3d                   7.7113415E-05          9.5280000E-04
    rcs3w                   2.8336929E-04          4.8198000E-03
    rcs4d                   2.0007912E-02          6.3051700E-02
    rcs4w                   2.4800499E-03          2.0354900E-02
    rcs5d                   8.4974974E-02          0.2306842
    rcs5w                   0.2195330              0.4974543
    rcs6d                   0.9294260              0.8081349
    rcs6w                   0.8004358              0.7951190
    rcs7d                   0.9885394              0.7846490
    rcs7w                   0.9823433              0.8594080
    rcs8d                   1.8870833E-03          2.4400000E-03
    rcs8w                   3.0601721E-04          6.3110000E-04
    rcs9d                   3.6682923E-04          9.4330000E-04
    rcs9w                   0.9937043              0.7980983
    rcs10d                  0.9994918              0.9321853
    rcs10w                  0.9982834              0.8797214
    rcs11d                  0.9992740              0.8609366
    rcs11w                  0.9998968              0.9275511
    rcs12d                  0.9964442              0.8271959
    rcs12w                  0.9837081              0.8852159
    rcs13d                  4.7099164E-04          6.5530000E-04
    rcs13w                  1.5826910E-02          1.5317200E-02
    rcr1d                   8.3964379E-04          7.3860000E-04
    rcr1w                   2.5534614E-04          6.4760000E-04
    rcr2d                   0.9733919              0.8452336
    rcr2w                   4.4434562E-04          1.1410000E-03
    rcr3d                   2.6352231E-03          4.1250000E-03
    rcr3w                   4.7202287E-02          0.1397303
    rcr4d                   2.1303685E-03          4.4309000E-03
    rcr4w                   0.5308361              0.5287727
    rcr5d                   1.2842190E-03          3.5521000E-03
    rcr5w                   0.9956939              0.8200417
    rcr6d                   2.1028902E-03          4.3327000E-03
    rcr6w                   0.4283036              0.4562156
    rcr7d                   0.3262211              0.5783195
    rcr7w                   2.7086982E-05          3.1380000E-04
    rcr8d                   0.8221882              0.6929436
    rcr8w                   3.1102878E-05          3.2300000E-04
    rcr9d                   0.8602706              0.6791029
    rcr9w                   3.2162308E-05          4.8810000E-04
    rcr10d                  1.0138341E-03          5.4618000E-03
    rcr10w                  1.9646085E-05          4.4790000E-04
    rcr11d                  3.1118513E-05          1.8420000E-04
    rcr11w                  7.3926598E-06          2.7450000E-04
    rcr12d                  1.1358665E-05          6.3300000E-05
    rcr12w                  2.8366540E-06          9.8400000E-05
    rcr13d                  1.7854939E-05          9.9100000E-05
    rcr13w                  5.8438805E-06          2.0720000E-04
    rcgd                    2.2302269E-04          6.8620000E-04
    rcgw                    7.4449484E-10           0.000000
    tl                      0.9997417              0.9904230
    xw                       0.000000               0.000000
    yw                       0.000000               0.000000
    x                        0.000000               0.000000
    y                        0.000000               0.000000
    tlr                      0.000000               0.000000
    tls                     0.9999716              0.9875477
    beta                    0.9864119              0.7476054
 
    Note: run IDENTPAR yourself to see identiability contributions by different solution 
    space eigencomponents.


                   ANALYSIS OF PREDICTION
                   ----------------------

 PREDVAR1 analysis for prediction "q8046" ----->

    Sing_val       Null-space       Soln-space     Total             Total
    index          term             term           variance          std_dev
    --------       ----------       ----------     --------          -------
       0             257952.8         0.000000       257952.8          507.8905    
       3             252588.5         4.055200       252592.6          502.5859    
       6             138465.3         503.3371       138968.6          372.7849    
       9             137853.4         510.4761       138363.9          371.9730    
      12             108716.8         2045.843       110762.6          332.8102    
      15             92953.60         4669.853       97623.45          312.4475    
      16             20806.16         26244.05       47050.21          216.9106    
      17             18932.68         26848.63       45781.30          213.9657    
      18             4216.376         32524.11       36740.48          191.6781    
      19             3546.727         32887.37       36434.10          190.8772    
      20             3499.046         32916.55       36415.59          190.8287    
      21             1391.896         34583.20       35975.09          189.6710    
      22             144.2908         36511.92       36656.21          191.4581    
      23             77.35314         36620.12       36697.47          191.5658    
      24             72.61141         36640.86       36713.47          191.6076    
      25             68.15857         36677.94       36746.10          191.6927    
      26             62.41729         36744.99       36807.41          191.8526    
      27             60.55570         36792.72       36853.27          191.9721    
      30             50.93857         38757.02       38807.96          196.9974    
      33             37.68112         43695.19       43732.87          209.1241    
      36             36.95335         44391.26       44428.21          210.7800    
      39             36.83592         44718.26       44755.10          211.5540    
      42             5.525451         181366.6       181372.1          425.8780    
      45            0.3224561         224154.3       224154.6          473.4497    
      48            4.5579701E-02     230920.2       230920.3          480.5417    
      51            5.6725397E-04     235343.9       235343.9          485.1226    
      54            4.3708349E-04     235414.3       235414.3          485.1951    
      57            6.4905085E-07     265923.0       265923.0          515.6772    
      60            2.0800416E-16    2.7178758E+12  2.7178758E+12      1648598.    
      63            5.1853568E-68    1.0000000E+35  1.0000000E+35     3.1622777E+17
      66             0.000000        1.0000000E+35  1.0000000E+35     3.1622777E+17
 
    Pre-calibration:- 
    Total error variance                 =   257952.8    
    Total error standard deviation       =   507.8905    
 
    Post-calibration:-
    Total error variance                 =   35975.09    
    Total error standard deviation       =   189.6710    
    Minimum error variance occurs at singular value number 21.
 
 
 PREDUNC1 analysis for prediction "q8046" ----->

    Pre-calibration:- 
    Total uncertainty variance           =   257952.8    
    Total uncertainty standard deviation =   507.8905    
 
    Post-calibration:-
    Total uncertainty variance           =   27434.36    
    Total uncertainty standard deviation =   165.6332    
 
 
 PREDUNC4 analysis for prediction "q8046" ----->

    Contributions to predictive uncertainty variance

    Parameter      Pre-cal             Post-cal
    group          contribution        contribution
    ---------      ------------        ------------
    ddsd             236.5000            710.4500    
    ddsw             0.000000            61.99000    
    ddgd             182.1000            35.28000    
    ddgw             0.000000            0.000000    
    rcsd             83938.20            10550.60    
    rcsw             0.000000            9227.520    
    rcrd             41253.10            7266.670    
    rcrw             0.000000            3538.250    
    rcgd             45.60000            8.800000    
    rcgw             0.000000            0.000000    
    tl               1547.800            81.14000    
    xw               0.000000            0.000000    
    yw               0.000000            0.000000    
    x                0.000000            0.000000    
    y                0.000000            0.000000    
    tlr              0.000000            0.000000    
    tls              2899.300            36.75000    
    beta             127850.6            16644.44    
 
 
 PREDUNC5 observation subtraction analysis for prediction "q8046" ----->

    Increases in predictive uncertainty variance incurred through loss of observations

    Observation_group        Variance_increase
    -----------------        -----------------
    q                          27434.36    
 
 
 PREDUNC5 observation addition analysis for prediction "q8046" ----->

    Decreases in pre-calibration predictive uncertainty variance incurred through addition of observations

    Observation_group        Variance_decrease
    -----------------        -----------------
    q                          27434.36    
