 
 
                   ###################################################
                   #                                                 #
                   #      GENLINPRED UNCERTAINTY/ERROR ANALYSIS      #
                   #                                                 #
                   ###################################################
 
 
 
                   ANALYSIS DETAILS
                   ----------------
 
    Name of PEST control file                                   : master_lu.pst
    Factor by which to multiply observation weights             : 1.0000
    Source of parameter uncertainty data                        : uncertainty file
    Name of uncertainty file                                    : master_lu.unc
 
    Perform global parameter estimability analysis              : yes
         Parameter identifiability                              : yes
         Relative parameter error reduction                     : no
         Relative parameter uncertainty reduction               : yes
 
    Analyse error/uncertainty of an entity                      : yes
         Name of entity                                         : q8117
         Type of entity                                         : prediction
         File containing prediction sensitivities               : master_lu.jco
 
         Total error variance                                   : yes
         Total uncertainty                                      : yes
 
         Parameter contributions to error variance              : no
         Parameter contributions to uncertainty                 : yes
         Parameter contributions                                : by group
 
         Observation worth in reducing error variance           : no
         Observation worth in reducing uncertainty variance     : yes
         Observation worth                                      : by group


                   ANALYSIS OF PARAMETERS
                   ----------------------


 Outcomes of running program SUPCALC ----->
 
    Number of dimensions of calibration solution space = 21
    Number of dimensions of calibration null space     = 45

 Outcomes of parameter identifiability and error/uncertainty variance reduction analysis ----->
 
    Parameter              Identifiability        Rel_uncert_var_redn
    ---------              ---------------        -------------------
    ddsd                    0.9999962              0.9985695
    ddsw                    0.9999985              0.9995245
    ddgd                    8.9209074E-04          2.7446000E-03
    ddgw                    2.9779794E-09          1.0000000E-07
    rcs1d                   9.4002959E-10          1.0000000E-07
    rcs1w                   5.8693719E-11           0.000000
    rcs2d                   2.1919986E-06          1.4140000E-04
    rcs2w                   1.6984139E-06          3.1700000E-05
    rcs3d                   7.7113415E-05          9.5280000E-04
    rcs3w                   2.8336929E-04          4.8198000E-03
    rcs4d                   2.0007912E-02          6.3051700E-02
    rcs4w                   2.4800499E-03          2.0354900E-02
    rcs5d                   8.4974974E-02          0.2306842
    rcs5w                   0.2195330              0.4974543
    rcs6d                   0.9294260              0.8081349
    rcs6w                   0.8004358              0.7951190
    rcs7d                   0.9885394              0.7846490
    rcs7w                   0.9823433              0.8594080
    rcs8d                   1.8870833E-03          2.4400000E-03
    rcs8w                   3.0601721E-04          6.3110000E-04
    rcs9d                   3.6682923E-04          9.4330000E-04
    rcs9w                   0.9937043              0.7980983
    rcs10d                  0.9994918              0.9321853
    rcs10w                  0.9982834              0.8797214
    rcs11d                  0.9992740              0.8609366
    rcs11w                  0.9998968              0.9275511
    rcs12d                  0.9964442              0.8271959
    rcs12w                  0.9837081              0.8852159
    rcs13d                  4.7099164E-04          6.5530000E-04
    rcs13w                  1.5826910E-02          1.5317200E-02
    rcr1d                   8.3964379E-04          7.3860000E-04
    rcr1w                   2.5534614E-04          6.4760000E-04
    rcr2d                   0.9733919              0.8452336
    rcr2w                   4.4434562E-04          1.1410000E-03
    rcr3d                   2.6352231E-03          4.1250000E-03
    rcr3w                   4.7202287E-02          0.1397303
    rcr4d                   2.1303685E-03          4.4309000E-03
    rcr4w                   0.5308361              0.5287727
    rcr5d                   1.2842190E-03          3.5521000E-03
    rcr5w                   0.9956939              0.8200417
    rcr6d                   2.1028902E-03          4.3327000E-03
    rcr6w                   0.4283036              0.4562156
    rcr7d                   0.3262211              0.5783195
    rcr7w                   2.7086982E-05          3.1380000E-04
    rcr8d                   0.8221882              0.6929436
    rcr8w                   3.1102878E-05          3.2300000E-04
    rcr9d                   0.8602706              0.6791029
    rcr9w                   3.2162308E-05          4.8810000E-04
    rcr10d                  1.0138341E-03          5.4618000E-03
    rcr10w                  1.9646085E-05          4.4790000E-04
    rcr11d                  3.1118513E-05          1.8420000E-04
    rcr11w                  7.3926598E-06          2.7450000E-04
    rcr12d                  1.1358665E-05          6.3300000E-05
    rcr12w                  2.8366540E-06          9.8400000E-05
    rcr13d                  1.7854939E-05          9.9100000E-05
    rcr13w                  5.8438805E-06          2.0720000E-04
    rcgd                    2.2302269E-04          6.8620000E-04
    rcgw                    7.4449484E-10           0.000000
    tl                      0.9997417              0.9904230
    xw                       0.000000               0.000000
    yw                       0.000000               0.000000
    x                        0.000000               0.000000
    y                        0.000000               0.000000
    tlr                      0.000000               0.000000
    tls                     0.9999716              0.9875477
    beta                    0.9864119              0.7476054
 
    Note: run IDENTPAR yourself to see identiability contributions by different solution 
    space eigencomponents.


                   ANALYSIS OF PREDICTION
                   ----------------------

 PREDVAR1 analysis for prediction "q8117" ----->

    Sing_val       Null-space       Soln-space     Total             Total
    index          term             term           variance          std_dev
    --------       ----------       ----------     --------          -------
       0             833109.3         0.000000       833109.3          912.7482    
       3             816959.5         6.441779       816965.9          903.8617    
       6             191083.2         2655.566       193738.7          440.1576    
       9             88875.46         3747.207       92622.67          304.3397    
      12             69630.26         5014.117       74644.38          273.2112    
      15             57688.86         6995.975       64684.83          254.3321    
      16             44639.66         10898.07       55537.73          235.6644    
      17             44573.90         10919.29       55493.19          235.5699    
      18             21886.11         19669.05       41555.16          203.8508    
      19             828.5197         31092.16       31920.68          178.6636    
      20             573.4755         31248.22       31821.70          178.3864    
      21             174.6375         31563.68       31738.32          178.1525    
      22             64.05619         31734.64       31798.69          178.3219    
      23             39.05323         31775.05       31814.11          178.3651    
      24             38.46115         31777.64       31816.10          178.3707    
      25             33.15361         31821.83       31854.99          178.4797    
      26             27.04702         31893.15       31920.20          178.6623    
      27             26.05981         31918.46       31944.52          178.7303    
      30             25.75209         31960.06       31985.81          178.8458    
      33             6.267022         39191.95       39198.22          197.9854    
      36             6.115073         39374.20       39380.32          198.4448    
      39             4.863569         42805.33       42810.19          206.9062    
      42             1.540152         57305.99       57307.53          239.3899    
      45             1.026804         61527.67       61528.70          248.0498    
      48            0.5767233         68663.75       68664.33          262.0388    
      51            1.4933171E-03     125457.2       125457.2          354.1994    
      54            1.3653484E-03     125519.9       125519.9          354.2879    
      57            4.4660825E-06     223566.1       223566.1          472.8278    
      60            2.0807504E-16    2.7178177E+12  2.7178177E+12      1648581.    
      63            5.1852965E-68    1.0000000E+35  1.0000000E+35     3.1622777E+17
      66             0.000000        1.0000000E+35  1.0000000E+35     3.1622777E+17
 
    Pre-calibration:- 
    Total error variance                 =   833109.3    
    Total error standard deviation       =   912.7482    
 
    Post-calibration:-
    Total error variance                 =   31738.32    
    Total error standard deviation       =   178.1525    
    Minimum error variance occurs at singular value number 21.
 
 
 PREDUNC1 analysis for prediction "q8117" ----->

    Pre-calibration:- 
    Total uncertainty variance           =   833109.3    
    Total uncertainty standard deviation =   912.7482    
 
    Post-calibration:-
    Total uncertainty variance           =   23744.90    
    Total uncertainty standard deviation =   154.0938    
 
 
 PREDUNC4 analysis for prediction "q8117" ----->

    Contributions to predictive uncertainty variance

    Parameter      Pre-cal             Post-cal
    group          contribution        contribution
    ---------      ------------        ------------
    ddsd             1.200000            156.6300    
    ddsw             0.000000            64.11000    
    ddgd             184.0000            37.59000    
    ddgw             0.000000            0.000000    
    rcsd             431.0000            11373.36    
    rcsw             0.000000            8796.090    
    rcrd             702242.5            5494.900    
    rcrw             0.000000            3335.400    
    rcgd             46.00000            9.380000    
    rcgw             0.000000            0.000000    
    tl               7.200000            65.80000    
    xw               0.000000            0.000000    
    yw               0.000000            0.000000    
    x                0.000000            0.000000    
    y                0.000000            0.000000    
    tlr              0.000000            0.000000    
    tls              20.80000            41.02000    
    beta             130176.5            15808.97    
 
 
 PREDUNC5 observation subtraction analysis for prediction "q8117" ----->

    Increases in predictive uncertainty variance incurred through loss of observations

    Observation_group        Variance_increase
    -----------------        -----------------
    q                          23744.90    
 
 
 PREDUNC5 observation addition analysis for prediction "q8117" ----->

    Decreases in pre-calibration predictive uncertainty variance incurred through addition of observations

    Observation_group        Variance_decrease
    -----------------        -----------------
    q                          23744.90    
