 
 
                   ###################################################
                   #                                                 #
                   #      GENLINPRED UNCERTAINTY/ERROR ANALYSIS      #
                   #                                                 #
                   ###################################################
 
 
 
                   ANALYSIS DETAILS
                   ----------------
 
    Name of PEST control file                                   : master_lu.pst
    Factor by which to multiply observation weights             : 1.0000
    Source of parameter uncertainty data                        : uncertainty file
    Name of uncertainty file                                    : master_lu.unc
 
    Perform global parameter estimability analysis              : yes
         Parameter identifiability                              : yes
         Relative parameter error reduction                     : no
         Relative parameter uncertainty reduction               : yes
 
    Analyse error/uncertainty of an entity                      : yes
         Name of entity                                         : q8125
         Type of entity                                         : prediction
         File containing prediction sensitivities               : master_lu.jco
 
         Total error variance                                   : yes
         Total uncertainty                                      : yes
 
         Parameter contributions to error variance              : no
         Parameter contributions to uncertainty                 : yes
         Parameter contributions                                : by group
 
         Observation worth in reducing error variance           : no
         Observation worth in reducing uncertainty variance     : yes
         Observation worth                                      : by group


                   ANALYSIS OF PARAMETERS
                   ----------------------


 Outcomes of running program SUPCALC ----->
 
    Number of dimensions of calibration solution space = 21
    Number of dimensions of calibration null space     = 45

 Outcomes of parameter identifiability and error/uncertainty variance reduction analysis ----->
 
    Parameter              Identifiability        Rel_uncert_var_redn
    ---------              ---------------        -------------------
    ddsd                    0.9999962              0.9985695
    ddsw                    0.9999985              0.9995245
    ddgd                    8.9209074E-04          2.7446000E-03
    ddgw                    2.9779794E-09          1.0000000E-07
    rcs1d                   9.4002959E-10          1.0000000E-07
    rcs1w                   5.8693719E-11           0.000000
    rcs2d                   2.1919986E-06          1.4140000E-04
    rcs2w                   1.6984139E-06          3.1700000E-05
    rcs3d                   7.7113415E-05          9.5280000E-04
    rcs3w                   2.8336929E-04          4.8198000E-03
    rcs4d                   2.0007912E-02          6.3051700E-02
    rcs4w                   2.4800499E-03          2.0354900E-02
    rcs5d                   8.4974974E-02          0.2306842
    rcs5w                   0.2195330              0.4974543
    rcs6d                   0.9294260              0.8081349
    rcs6w                   0.8004358              0.7951190
    rcs7d                   0.9885394              0.7846490
    rcs7w                   0.9823433              0.8594080
    rcs8d                   1.8870833E-03          2.4400000E-03
    rcs8w                   3.0601721E-04          6.3110000E-04
    rcs9d                   3.6682923E-04          9.4330000E-04
    rcs9w                   0.9937043              0.7980983
    rcs10d                  0.9994918              0.9321853
    rcs10w                  0.9982834              0.8797214
    rcs11d                  0.9992740              0.8609366
    rcs11w                  0.9998968              0.9275511
    rcs12d                  0.9964442              0.8271959
    rcs12w                  0.9837081              0.8852159
    rcs13d                  4.7099164E-04          6.5530000E-04
    rcs13w                  1.5826910E-02          1.5317200E-02
    rcr1d                   8.3964379E-04          7.3860000E-04
    rcr1w                   2.5534614E-04          6.4760000E-04
    rcr2d                   0.9733919              0.8452336
    rcr2w                   4.4434562E-04          1.1410000E-03
    rcr3d                   2.6352231E-03          4.1250000E-03
    rcr3w                   4.7202287E-02          0.1397303
    rcr4d                   2.1303685E-03          4.4309000E-03
    rcr4w                   0.5308361              0.5287727
    rcr5d                   1.2842190E-03          3.5521000E-03
    rcr5w                   0.9956939              0.8200417
    rcr6d                   2.1028902E-03          4.3327000E-03
    rcr6w                   0.4283036              0.4562156
    rcr7d                   0.3262211              0.5783195
    rcr7w                   2.7086982E-05          3.1380000E-04
    rcr8d                   0.8221882              0.6929436
    rcr8w                   3.1102878E-05          3.2300000E-04
    rcr9d                   0.8602706              0.6791029
    rcr9w                   3.2162308E-05          4.8810000E-04
    rcr10d                  1.0138341E-03          5.4618000E-03
    rcr10w                  1.9646085E-05          4.4790000E-04
    rcr11d                  3.1118513E-05          1.8420000E-04
    rcr11w                  7.3926598E-06          2.7450000E-04
    rcr12d                  1.1358665E-05          6.3300000E-05
    rcr12w                  2.8366540E-06          9.8400000E-05
    rcr13d                  1.7854939E-05          9.9100000E-05
    rcr13w                  5.8438805E-06          2.0720000E-04
    rcgd                    2.2302269E-04          6.8620000E-04
    rcgw                    7.4449484E-10           0.000000
    tl                      0.9997417              0.9904230
    xw                       0.000000               0.000000
    yw                       0.000000               0.000000
    x                        0.000000               0.000000
    y                        0.000000               0.000000
    tlr                      0.000000               0.000000
    tls                     0.9999716              0.9875477
    beta                    0.9864119              0.7476054
 
    Note: run IDENTPAR yourself to see identiability contributions by different solution 
    space eigencomponents.


                   ANALYSIS OF PREDICTION
                   ----------------------

 PREDVAR1 analysis for prediction "q8125" ----->

    Sing_val       Null-space       Soln-space     Total             Total
    index          term             term           variance          std_dev
    --------       ----------       ----------     --------          -------
       0             522296.9         0.000000       522296.9          722.7011    
       3             511707.3         4.995630       511712.3          715.3407    
       6             144565.0         1554.840       146119.8          382.2562    
       9             87836.17         2159.814       89995.98          299.9933    
      12             77733.61         2784.102       80517.72          283.7564    
      15             68939.61         4252.894       73192.51          270.5411    
      16             49441.19         10083.49       59524.68          243.9768    
      17             49284.23         10134.14       59418.37          243.7588    
      18             27007.56         18725.35       45732.91          213.8525    
      19             1461.705         32583.22       34044.92          184.5127    
      20             1162.258         32766.45       33928.70          184.1974    
      21             380.8048         33384.54       33765.34          183.7535    
      22             83.59259         33844.01       33927.60          184.1945    
      23             42.88298         33909.82       33952.70          184.2626    
      24             41.33497         33916.59       33957.92          184.2767    
      25             34.73274         33971.56       34006.29          184.4079    
      26             27.12718         34060.38       34087.51          184.6280    
      27             27.02161         34063.09       34090.11          184.6351    
      30             26.35537         34165.95       34192.31          184.9116    
      33             5.151823         42033.41       42038.56          205.0331    
      36             5.005977         42212.29       42217.29          205.4685    
      39             4.456385         43710.03       43714.49          209.0801    
      42             1.121955         58257.35       58258.47          241.3679    
      45            0.4831042         63511.64       63512.12          252.0161    
      48            0.3485655         65655.13       65655.48          256.2333    
      51            1.0067137E-03     99969.18       99969.18          316.1790    
      54            8.5525367E-04     100053.8       100053.8          316.3128    
      57            3.3033688E-06     160273.4       160273.4          400.3416    
      60            5.1697479E-17    6.7946032E+11  6.7946032E+11      824293.8    
      63            1.2961554E-68    1.0000000E+35  1.0000000E+35     3.1622777E+17
      66             0.000000        1.0000000E+35  1.0000000E+35     3.1622777E+17
 
    Pre-calibration:- 
    Total error variance                 =   522296.9    
    Total error standard deviation       =   722.7011    
 
    Post-calibration:-
    Total error variance                 =   33765.34    
    Total error standard deviation       =   183.7535    
    Minimum error variance occurs at singular value number 21.
 
 
 PREDUNC1 analysis for prediction "q8125" ----->

    Pre-calibration:- 
    Total uncertainty variance           =   522296.9    
    Total uncertainty standard deviation =   722.7011    
 
    Post-calibration:-
    Total uncertainty variance           =   24408.97    
    Total uncertainty standard deviation =   156.2337    
 
 
 PREDUNC4 analysis for prediction "q8125" ----->

    Contributions to predictive uncertainty variance

    Parameter      Pre-cal             Post-cal
    group          contribution        contribution
    ---------      ------------        ------------
    ddsd            0.6000000            81.51000    
    ddsw             0.000000            73.63000    
    ddgd             192.8000            42.09000    
    ddgw             0.000000            0.000000    
    rcsd             225.5000            11256.34    
    rcsw             0.000000            11015.40    
    rcrd             389830.1            5713.560    
    rcrw             0.000000            4187.510    
    rcgd             48.20000            10.51000    
    rcgw             0.000000            0.000000    
    tl               3.600000            71.13000    
    xw               0.000000            0.000000    
    yw               0.000000            0.000000    
    x                0.000000            0.000000    
    y                0.000000            0.000000    
    tlr              0.000000            0.000000    
    tls              9.500000            62.53000    
    beta             131986.4            19882.16    
 
 
 PREDUNC5 observation subtraction analysis for prediction "q8125" ----->

    Increases in predictive uncertainty variance incurred through loss of observations

    Observation_group        Variance_increase
    -----------------        -----------------
    q                          24408.97    
 
 
 PREDUNC5 observation addition analysis for prediction "q8125" ----->

    Decreases in pre-calibration predictive uncertainty variance incurred through addition of observations

    Observation_group        Variance_decrease
    -----------------        -----------------
    q                          24408.97    
