 
 
                   ###################################################
                   #                                                 #
                   #      GENLINPRED UNCERTAINTY/ERROR ANALYSIS      #
                   #                                                 #
                   ###################################################
 
 
 
                   ANALYSIS DETAILS
                   ----------------
 
    Name of PEST control file                                   : master_lu.pst
    Factor by which to multiply observation weights             : 1.0000
    Source of parameter uncertainty data                        : uncertainty file
    Name of uncertainty file                                    : master_lu.unc
 
    Perform global parameter estimability analysis              : yes
         Parameter identifiability                              : yes
         Relative parameter error reduction                     : no
         Relative parameter uncertainty reduction               : yes
 
    Analyse error/uncertainty of an entity                      : yes
         Name of entity                                         : q7798
         Type of entity                                         : prediction
         File containing prediction sensitivities               : master_lu.jco
 
         Total error variance                                   : yes
         Total uncertainty                                      : yes
 
         Parameter contributions to error variance              : no
         Parameter contributions to uncertainty                 : yes
         Parameter contributions                                : by group
 
         Observation worth in reducing error variance           : no
         Observation worth in reducing uncertainty variance     : yes
         Observation worth                                      : by group


                   ANALYSIS OF PARAMETERS
                   ----------------------


 Outcomes of running program SUPCALC ----->
 
    Number of dimensions of calibration solution space = 21
    Number of dimensions of calibration null space     = 45

 Outcomes of parameter identifiability and error/uncertainty variance reduction analysis ----->
 
    Parameter              Identifiability        Rel_uncert_var_redn
    ---------              ---------------        -------------------
    ddsd                    0.9999962              0.9985695
    ddsw                    0.9999985              0.9995245
    ddgd                    8.9209074E-04          2.7446000E-03
    ddgw                    2.9779794E-09          1.0000000E-07
    rcs1d                   9.4002959E-10          1.0000000E-07
    rcs1w                   5.8693719E-11           0.000000
    rcs2d                   2.1919986E-06          1.4140000E-04
    rcs2w                   1.6984139E-06          3.1700000E-05
    rcs3d                   7.7113415E-05          9.5280000E-04
    rcs3w                   2.8336929E-04          4.8198000E-03
    rcs4d                   2.0007912E-02          6.3051700E-02
    rcs4w                   2.4800499E-03          2.0354900E-02
    rcs5d                   8.4974974E-02          0.2306842
    rcs5w                   0.2195330              0.4974543
    rcs6d                   0.9294260              0.8081349
    rcs6w                   0.8004358              0.7951190
    rcs7d                   0.9885394              0.7846490
    rcs7w                   0.9823433              0.8594080
    rcs8d                   1.8870833E-03          2.4400000E-03
    rcs8w                   3.0601721E-04          6.3110000E-04
    rcs9d                   3.6682923E-04          9.4330000E-04
    rcs9w                   0.9937043              0.7980983
    rcs10d                  0.9994918              0.9321853
    rcs10w                  0.9982834              0.8797214
    rcs11d                  0.9992740              0.8609366
    rcs11w                  0.9998968              0.9275511
    rcs12d                  0.9964442              0.8271959
    rcs12w                  0.9837081              0.8852159
    rcs13d                  4.7099164E-04          6.5530000E-04
    rcs13w                  1.5826910E-02          1.5317200E-02
    rcr1d                   8.3964379E-04          7.3860000E-04
    rcr1w                   2.5534614E-04          6.4760000E-04
    rcr2d                   0.9733919              0.8452336
    rcr2w                   4.4434562E-04          1.1410000E-03
    rcr3d                   2.6352231E-03          4.1250000E-03
    rcr3w                   4.7202287E-02          0.1397303
    rcr4d                   2.1303685E-03          4.4309000E-03
    rcr4w                   0.5308361              0.5287727
    rcr5d                   1.2842190E-03          3.5521000E-03
    rcr5w                   0.9956939              0.8200417
    rcr6d                   2.1028902E-03          4.3327000E-03
    rcr6w                   0.4283036              0.4562156
    rcr7d                   0.3262211              0.5783195
    rcr7w                   2.7086982E-05          3.1380000E-04
    rcr8d                   0.8221882              0.6929436
    rcr8w                   3.1102878E-05          3.2300000E-04
    rcr9d                   0.8602706              0.6791029
    rcr9w                   3.2162308E-05          4.8810000E-04
    rcr10d                  1.0138341E-03          5.4618000E-03
    rcr10w                  1.9646085E-05          4.4790000E-04
    rcr11d                  3.1118513E-05          1.8420000E-04
    rcr11w                  7.3926598E-06          2.7450000E-04
    rcr12d                  1.1358665E-05          6.3300000E-05
    rcr12w                  2.8366540E-06          9.8400000E-05
    rcr13d                  1.7854939E-05          9.9100000E-05
    rcr13w                  5.8438805E-06          2.0720000E-04
    rcgd                    2.2302269E-04          6.8620000E-04
    rcgw                    7.4449484E-10           0.000000
    tl                      0.9997417              0.9904230
    xw                       0.000000               0.000000
    yw                       0.000000               0.000000
    x                        0.000000               0.000000
    y                        0.000000               0.000000
    tlr                      0.000000               0.000000
    tls                     0.9999716              0.9875477
    beta                    0.9864119              0.7476054
 
    Note: run IDENTPAR yourself to see identiability contributions by different solution 
    space eigencomponents.


                   ANALYSIS OF PREDICTION
                   ----------------------

 PREDVAR1 analysis for prediction "q7798" ----->

    Sing_val       Null-space       Soln-space     Total             Total
    index          term             term           variance          std_dev
    --------       ----------       ----------     --------          -------
       0             3419005.         0.000000       3419005.          1849.055    
       3             3368841.         15.22730       3368856.          1835.444    
       6             611086.4         11727.39       622813.8          789.1855    
       9             151354.0         16655.82       168009.8          409.8900    
      12             47006.67         23824.43       70831.09          266.1411    
      15             28862.21         26813.81       55676.01          235.9576    
      16             28691.32         26864.91       55556.22          235.7037    
      17             28619.82         26887.98       55507.80          235.6009    
      18             7581.495         35001.61       42583.10          206.3567    
      19             1714.041         38184.52       39898.57          199.7463    
      20             1607.319         38249.83       39857.15          199.6426    
      21             321.8521         39266.57       39588.42          198.9684    
      22             44.50555         39695.33       39739.83          199.3485    
      23             43.71156         39696.61       39740.32          199.3497    
      24             43.39986         39697.98       39741.38          199.3524    
      25             42.27619         39707.33       39749.61          199.3730    
      26             40.99828         39722.26       39763.25          199.4072    
      27             37.52276         39811.36       39848.89          199.6219    
      30             7.442281         46050.96       46058.40          214.6122    
      33             6.096732         46553.34       46559.44          215.7764    
      36             5.327196         47425.33       47430.66          217.7858    
      39             4.062254         50893.52       50897.58          225.6049    
      42             2.632968         57130.40       57133.03          239.0252    
      45            0.4739032         74884.71       74885.19          273.6516    
      48            1.0894626E-03     82459.98       82459.98          287.1585    
      51            2.6410674E-04     82530.98       82530.98          287.2821    
      54            2.5526786E-04     82536.06       82536.06          287.2909    
      57            8.1906211E-07     100879.6       100879.6          317.6155    
      60            7.6641350E-24     101081.2       101081.2          317.9327    
      63            1.6044506E-79    1.0000000E+35  1.0000000E+35     3.1622777E+17
      66             0.000000        1.0000000E+35  1.0000000E+35     3.1622777E+17
 
    Pre-calibration:- 
    Total error variance                 =   3419005.    
    Total error standard deviation       =   1849.055    
 
    Post-calibration:-
    Total error variance                 =   39588.42    
    Total error standard deviation       =   198.9684    
    Minimum error variance occurs at singular value number 21.
 
 
 PREDUNC1 analysis for prediction "q7798" ----->

    Pre-calibration:- 
    Total uncertainty variance           =   3419004.    
    Total uncertainty standard deviation =   1849.055    
 
    Post-calibration:-
    Total uncertainty variance           =   34620.93    
    Total uncertainty standard deviation =   186.0670    
 
 
 PREDUNC4 analysis for prediction "q7798" ----->

    Contributions to predictive uncertainty variance

    Parameter      Pre-cal             Post-cal
    group          contribution        contribution
    ---------      ------------        ------------
    ddsd             834.0000            624.4100    
    ddsw             0.000000            34.27000    
    ddgd             93.00000            5.520000    
    ddgw             0.000000            0.000000    
    rcsd             3361.000            11839.23    
    rcsw             0.000000            1820.800    
    rcrd             3285466.            17639.73    
    rcrw             0.000000            660.9400    
    rcgd             23.00000            1.380000    
    rcgw             0.000000            0.000000    
    tl               13.00000            113.1200    
    xw               0.000000            0.000000    
    yw               0.000000            0.000000    
    x                0.000000            0.000000    
    y                0.000000            0.000000    
    tlr              0.000000            0.000000    
    tls              245.0000           0.1100000    
    beta             128969.0            3082.840    
 
 
 PREDUNC5 observation subtraction analysis for prediction "q7798" ----->

    Increases in predictive uncertainty variance incurred through loss of observations

    Observation_group        Variance_increase
    -----------------        -----------------
    q                          34620.93    
 
 
 PREDUNC5 observation addition analysis for prediction "q7798" ----->

    Decreases in pre-calibration predictive uncertainty variance incurred through addition of observations

    Observation_group        Variance_decrease
    -----------------        -----------------
    q                          34620.93    
