 
 
                   ###################################################
                   #                                                 #
                   #      GENLINPRED UNCERTAINTY/ERROR ANALYSIS      #
                   #                                                 #
                   ###################################################
 
 
 
                   ANALYSIS DETAILS
                   ----------------
 
    Name of PEST control file                                   : master_lu.pst
    Factor by which to multiply observation weights             : 1.0000
    Source of parameter uncertainty data                        : uncertainty file
    Name of uncertainty file                                    : master_lu.unc
 
    Perform global parameter estimability analysis              : yes
         Parameter identifiability                              : yes
         Relative parameter error reduction                     : no
         Relative parameter uncertainty reduction               : yes
 
    Analyse error/uncertainty of an entity                      : yes
         Name of entity                                         : q8008
         Type of entity                                         : prediction
         File containing prediction sensitivities               : master_lu.jco
 
         Total error variance                                   : yes
         Total uncertainty                                      : yes
 
         Parameter contributions to error variance              : no
         Parameter contributions to uncertainty                 : yes
         Parameter contributions                                : by group
 
         Observation worth in reducing error variance           : no
         Observation worth in reducing uncertainty variance     : yes
         Observation worth                                      : by group


                   ANALYSIS OF PARAMETERS
                   ----------------------


 Outcomes of running program SUPCALC ----->
 
    Number of dimensions of calibration solution space = 21
    Number of dimensions of calibration null space     = 45

 Outcomes of parameter identifiability and error/uncertainty variance reduction analysis ----->
 
    Parameter              Identifiability        Rel_uncert_var_redn
    ---------              ---------------        -------------------
    ddsd                    0.9999962              0.9985695
    ddsw                    0.9999985              0.9995245
    ddgd                    8.9209074E-04          2.7446000E-03
    ddgw                    2.9779794E-09          1.0000000E-07
    rcs1d                   9.4002959E-10          1.0000000E-07
    rcs1w                   5.8693719E-11           0.000000
    rcs2d                   2.1919986E-06          1.4140000E-04
    rcs2w                   1.6984139E-06          3.1700000E-05
    rcs3d                   7.7113415E-05          9.5280000E-04
    rcs3w                   2.8336929E-04          4.8198000E-03
    rcs4d                   2.0007912E-02          6.3051700E-02
    rcs4w                   2.4800499E-03          2.0354900E-02
    rcs5d                   8.4974974E-02          0.2306842
    rcs5w                   0.2195330              0.4974543
    rcs6d                   0.9294260              0.8081349
    rcs6w                   0.8004358              0.7951190
    rcs7d                   0.9885394              0.7846490
    rcs7w                   0.9823433              0.8594080
    rcs8d                   1.8870833E-03          2.4400000E-03
    rcs8w                   3.0601721E-04          6.3110000E-04
    rcs9d                   3.6682923E-04          9.4330000E-04
    rcs9w                   0.9937043              0.7980983
    rcs10d                  0.9994918              0.9321853
    rcs10w                  0.9982834              0.8797214
    rcs11d                  0.9992740              0.8609366
    rcs11w                  0.9998968              0.9275511
    rcs12d                  0.9964442              0.8271959
    rcs12w                  0.9837081              0.8852159
    rcs13d                  4.7099164E-04          6.5530000E-04
    rcs13w                  1.5826910E-02          1.5317200E-02
    rcr1d                   8.3964379E-04          7.3860000E-04
    rcr1w                   2.5534614E-04          6.4760000E-04
    rcr2d                   0.9733919              0.8452336
    rcr2w                   4.4434562E-04          1.1410000E-03
    rcr3d                   2.6352231E-03          4.1250000E-03
    rcr3w                   4.7202287E-02          0.1397303
    rcr4d                   2.1303685E-03          4.4309000E-03
    rcr4w                   0.5308361              0.5287727
    rcr5d                   1.2842190E-03          3.5521000E-03
    rcr5w                   0.9956939              0.8200417
    rcr6d                   2.1028902E-03          4.3327000E-03
    rcr6w                   0.4283036              0.4562156
    rcr7d                   0.3262211              0.5783195
    rcr7w                   2.7086982E-05          3.1380000E-04
    rcr8d                   0.8221882              0.6929436
    rcr8w                   3.1102878E-05          3.2300000E-04
    rcr9d                   0.8602706              0.6791029
    rcr9w                   3.2162308E-05          4.8810000E-04
    rcr10d                  1.0138341E-03          5.4618000E-03
    rcr10w                  1.9646085E-05          4.4790000E-04
    rcr11d                  3.1118513E-05          1.8420000E-04
    rcr11w                  7.3926598E-06          2.7450000E-04
    rcr12d                  1.1358665E-05          6.3300000E-05
    rcr12w                  2.8366540E-06          9.8400000E-05
    rcr13d                  1.7854939E-05          9.9100000E-05
    rcr13w                  5.8438805E-06          2.0720000E-04
    rcgd                    2.2302269E-04          6.8620000E-04
    rcgw                    7.4449484E-10           0.000000
    tl                      0.9997417              0.9904230
    xw                       0.000000               0.000000
    yw                       0.000000               0.000000
    x                        0.000000               0.000000
    y                        0.000000               0.000000
    tlr                      0.000000               0.000000
    tls                     0.9999716              0.9875477
    beta                    0.9864119              0.7476054
 
    Note: run IDENTPAR yourself to see identiability contributions by different solution 
    space eigencomponents.


                   ANALYSIS OF PREDICTION
                   ----------------------

 PREDVAR1 analysis for prediction "q8008" ----->

    Sing_val       Null-space       Soln-space     Total             Total
    index          term             term           variance          std_dev
    --------       ----------       ----------     --------          -------
       0             1423737.         0.000000       1423737.          1193.205    
       3             1407373.         10.09410       1407383.          1186.332    
       6             726698.4         3527.797       730226.2          854.5327    
       9             714104.2         3664.538       717768.7          847.2123    
      12             506239.0         14528.87       520767.9          721.6425    
      15             439504.4         25542.63       465047.1          681.9436    
      16             190833.0         99902.69       290735.6          539.1990    
      17             179761.5         103475.5       283236.9          532.2001    
      18             176856.0         104596.0       281452.0          530.5205    
      19             18698.76         190391.6       209090.4          457.2640    
      20             17958.58         190844.5       208803.1          456.9498    
      21             13464.53         194399.1       207863.6          455.9206    
      22             579.6018         214318.4       214898.0          463.5709    
      23             333.5702         214716.1       215049.6          463.7344    
      24             330.6821         214728.7       215059.4          463.7450    
      25             330.6821         214728.7       215059.4          463.7450    
      26             330.4806         214731.1       215061.5          463.7472    
      27             317.0146         215076.3       215393.3          464.1048    
      30             297.1668         219094.6       219391.7          468.3927    
      33             253.7308         236012.7       236266.4          486.0724    
      36             244.9321         244164.6       244409.6          494.3780    
      39             243.8592         247142.1       247385.9          497.3790    
      42             28.51313         1186995.       1187024.          1089.506    
      45             1.282987         1410922.       1410923.          1187.823    
      48            7.5095408E-02     1439989.       1439989.          1199.995    
      51            5.1524422E-04     1447280.       1447280.          1203.030    
      54            1.2307998E-04     1447471.       1447471.          1203.109    
      57            4.4291665E-06     1453891.       1453891.          1205.774    
      60            3.0042350E-22     1455843.       1455843.          1206.583    
      63            1.2272508E-76    1.0000000E+35  1.0000000E+35     3.1622777E+17
      66             0.000000        1.0000000E+35  1.0000000E+35     3.1622777E+17
 
    Pre-calibration:- 
    Total error variance                 =   1423737.    
    Total error standard deviation       =   1193.205    
 
    Post-calibration:-
    Total error variance                 =   207863.6    
    Total error standard deviation       =   455.9206    
    Minimum error variance occurs at singular value number 21.
 
 
 PREDUNC1 analysis for prediction "q8008" ----->

    Pre-calibration:- 
    Total uncertainty variance           =   1423738.    
    Total uncertainty standard deviation =   1193.205    
 
    Post-calibration:-
    Total uncertainty variance           =   150363.6    
    Total uncertainty standard deviation =   387.7674    
 
 
 PREDUNC4 analysis for prediction "q8008" ----->

    Contributions to predictive uncertainty variance

    Parameter      Pre-cal             Post-cal
    group          contribution        contribution
    ---------      ------------        ------------
    ddsd             3396.000            7893.600    
    ddsw             0.000000            38.90000    
    ddgd             26.00000            10.80000    
    ddgw             0.000000            0.000000    
    rcsd             1134903.            130511.1    
    rcsw             0.000000            933.5000    
    rcrd             72020.00            10533.20    
    rcrw             0.000000            339.2000    
    rcgd             7.000000            2.700000    
    rcgw             0.000000            0.000000    
    tl               22564.00            463.9000    
    xw               0.000000            0.000000    
    yw               0.000000            0.000000    
    x                0.000000            0.000000    
    y                0.000000            0.000000    
    tlr              0.000000            0.000000    
    tls              48138.00            63.50000    
    beta             142681.0            1422.100    
 
 
 PREDUNC5 observation subtraction analysis for prediction "q8008" ----->

    Increases in predictive uncertainty variance incurred through loss of observations

    Observation_group        Variance_increase
    -----------------        -----------------
    q                          150363.6    
 
 
 PREDUNC5 observation addition analysis for prediction "q8008" ----->

    Decreases in pre-calibration predictive uncertainty variance incurred through addition of observations

    Observation_group        Variance_decrease
    -----------------        -----------------
    q                          150363.6    
