 
 
                   ###################################################
                   #                                                 #
                   #      GENLINPRED UNCERTAINTY/ERROR ANALYSIS      #
                   #                                                 #
                   ###################################################
 
 
 
                   ANALYSIS DETAILS
                   ----------------
 
    Name of PEST control file                                   : master_lu.pst
    Factor by which to multiply observation weights             : 1.0000
    Source of parameter uncertainty data                        : uncertainty file
    Name of uncertainty file                                    : master_lu.unc
 
    Perform global parameter estimability analysis              : yes
         Parameter identifiability                              : yes
         Relative parameter error reduction                     : no
         Relative parameter uncertainty reduction               : yes
 
    Analyse error/uncertainty of an entity                      : yes
         Name of entity                                         : q7995
         Type of entity                                         : prediction
         File containing prediction sensitivities               : master_lu.jco
 
         Total error variance                                   : yes
         Total uncertainty                                      : yes
 
         Parameter contributions to error variance              : no
         Parameter contributions to uncertainty                 : yes
         Parameter contributions                                : by group
 
         Observation worth in reducing error variance           : no
         Observation worth in reducing uncertainty variance     : yes
         Observation worth                                      : by group


                   ANALYSIS OF PARAMETERS
                   ----------------------


 Outcomes of running program SUPCALC ----->
 
    Number of dimensions of calibration solution space = 20
    Number of dimensions of calibration null space     = 66

 Outcomes of parameter identifiability and error/uncertainty variance reduction analysis ----->
 
    Parameter              Identifiability        Rel_uncert_var_redn
    ---------              ---------------        -------------------
    ddsd                    0.9999825              0.9998405
    ddsw                    0.9999952              0.9998785
    ddgd                    4.0813930E-03          5.4219200E-02
    ddgw                    0.7999166              0.7970970
    rcs1d                   5.4167442E-10          5.0000000E-07
    rcs1w                   5.2797542E-30           0.000000
    rcs2d                   1.0392590E-06          8.6900000E-05
    rcs2w                   2.6934206E-09          5.0000000E-07
    rcs3d                   4.0382386E-06          2.6580000E-04
    rcs3w                   1.8326210E-07          2.2100000E-05
    rcs4d                   1.5983513E-05          5.2530000E-04
    rcs4w                   5.9957111E-05          5.1390000E-04
    rcs5d                   6.4171708E-05          1.7385000E-03
    rcs5w                   3.2010904E-04          8.3680000E-04
    rcs6d                   9.6768396E-05          2.5241000E-03
    rcs6w                   0.9875746              0.8440291
    rcs7d                   2.4950046E-04          5.2391000E-03
    rcs7w                   0.9930398              0.8536693
    rcs8d                   4.0983050E-04          7.3474000E-03
    rcs8w                   6.7889569E-04          4.7372000E-03
    rcs9d                   6.2207673E-04          9.7150000E-03
    rcs9w                   0.9997191              0.9926175
    rcs10d                  0.9921671              0.9543629
    rcs10w                  7.8195081E-05          1.4643000E-03
    rcs11d                  0.9909082              0.9053816
    rcs11w                  0.9995648              0.9891559
    rcs12d                  0.9442289              0.9202702
    rcs12w                  0.9752004              0.9052760
    rcs13d                  0.4409876              0.6427529
    rcs13w                  0.5263901              0.6180944
    rcs14d                  0.3707311              0.4836972
    rcs14w                  0.3346813              0.4964562
    rcs15d                  0.2434659              0.3169757
    rcs15w                  0.1501184              0.1850044
    rcs16d                  2.0417495E-02          0.2513826
    rcs16w                  1.2485110E-02          5.8453300E-02
    rcs17d                  2.4571537E-03          3.2588500E-02
    rcs17w                  1.1778657E-03          4.6619000E-03
    rcs18d                  6.8828107E-05          1.0145000E-03
    rcs18w                  7.3154711E-05          3.0760000E-04
    rcr1d                   5.6836658E-05          1.1199000E-03
    rcr1w                   2.0784715E-02          5.0877200E-02
    rcr2d                   5.3973813E-05          9.9060000E-04
    rcr2w                   0.1078382              0.1877446
    rcr3d                   5.7810603E-05          1.0029000E-03
    rcr3w                   0.1187454              0.1668194
    rcr4d                   5.6019770E-05          9.3120000E-04
    rcr4w                   0.5463506              0.5853759
    rcr5d                   5.0647456E-05          7.6460000E-04
    rcr5w                   0.2192257              0.3175859
    rcr6d                   3.6226888E-05          4.7060000E-04
    rcr6w                   2.5564290E-03          9.9764000E-03
    rcr7d                   1.3837365E-05          9.2900000E-05
    rcr7w                   1.2396510E-03          8.0816000E-03
    rcr8d                   0.9991215              0.9867535
    rcr8w                   6.1431188E-04          7.0033000E-03
    rcr9d                   3.0291084E-05          1.5400000E-04
    rcr9w                   3.7586607E-04          6.4983000E-03
    rcr10d                  3.4714953E-05          8.9070000E-04
    rcr10w                  1.5235902E-04          3.1211000E-03
    rcr11d                  6.5261206E-05          1.4145000E-03
    rcr11w                  1.2201197E-04          3.6241000E-03
    rcr12d                  6.2106851E-04          8.6497000E-03
    rcr12w                  8.2441307E-05          3.9425000E-03
    rcr13d                  0.5357440              0.6444899
    rcr13w                  5.7899656E-05          4.2012000E-03
    rcr14d                  0.4279642              0.5553229
    rcr14w                  4.3787892E-05          4.1761000E-03
    rcr15d                  3.4121923E-02          4.5752800E-02
    rcr15w                  4.5949796E-05          3.7311000E-03
    rcr16d                  2.1215731E-03          1.5387800E-02
    rcr16w                  4.6274265E-05          2.9620000E-03
    rcr17d                  2.4566407E-04          2.8382000E-03
    rcr17w                  3.7266216E-05          2.3795000E-03
    rcr18d                  5.8562470E-05          7.5930000E-04
    rcr18w                  9.5014757E-06          6.3270000E-04
    rcgd                    1.0203482E-03          1.3554800E-02
    rcgw                    0.2000012              0.1993378
    tl                      0.9999910              0.9998003
    xw                       0.000000               0.000000
    yw                       0.000000               0.000000
    x                       0.9991272              0.9392678
    y                       0.9996750              0.9787502
    tlr                      0.000000               0.000000
    tls                      0.000000               0.000000
    beta                    0.9893696              0.9056104
 
    Note: run IDENTPAR yourself to see identiability contributions by different solution 
    space eigencomponents.


                   ANALYSIS OF PREDICTION
                   ----------------------

 PREDVAR1 analysis for prediction "q7995" ----->

    Sing_val       Null-space       Soln-space     Total             Total
    index          term             term           variance          std_dev
    --------       ----------       ----------     --------          -------
       0            3.5353934E+09     0.000000      3.5353934E+09      59459.17    
       4            2.4234686E+08     375031.0      2.4272189E+08      15579.53    
       8            1.9836179E+07     680150.9      2.0516330E+07      4529.496    
      12            1.4372237E+07     714390.5      1.5086628E+07      3884.151    
      13            1.2655510E+07     761872.8      1.3417383E+07      3662.975    
      14            1.0846490E+07     846156.5      1.1692646E+07      3419.451    
      15            1.0538996E+07     863967.9      1.1402964E+07      3376.828    
      16             4788142.         1268876.       6057018.          2461.101    
      17             4778339.         1270128.       6048467.          2459.363    
      18             54265.81         2064248.       2118514.          1455.512    
      19             52421.75         2064593.       2117015.          1454.997    
      20             52168.31         2064676.       2116844.          1454.938    
      21             38059.45         2080481.       2118540.          1455.521    
      22             38039.71         2080523.       2118563.          1455.528    
      23             31454.98         2098163.       2129618.          1459.321    
      24             30619.67         2101087.       2131707.          1460.037    
      25             27462.63         2114050.       2141512.          1463.391    
      26             27274.16         2115693.       2142967.          1463.888    
      27             27273.16         2115705.       2142979.          1463.892    
      28             21533.96         2200506.       2222040.          1490.651    
      32             2447.224         2618040.       2620487.          1618.792    
      36             772.5127         2722728.       2723501.          1650.303    
      40             326.4966         2829718.       2830045.          1682.274    
      44             221.2193         2884301.       2884522.          1698.388    
      48             187.4040         2929296.       2929484.          1711.574    
      52             159.6208         2986730.       2986890.          1728.262    
      56             154.5067         3006799.       3006953.          1734.057    
      60             151.4550         3026985.       3027136.          1739.867    
      64             13.65624         5101212.       5101226.          2258.589    
      68             7.148867         5224498.       5224505.          2285.718    
      72            0.5100724         5576784.       5576784.          2361.522    
      76            6.4796260E-02     5617012.       5617012.          2370.024    
      80            1.3457695E-19     5701204.       5701204.          2387.719    
      84             0.000000        1.0000000E+35  1.0000000E+35     3.1622777E+17
      86             0.000000        1.0000000E+35  1.0000000E+35     3.1622777E+17
 
    Pre-calibration:- 
    Total error variance                 =  3.5353934E+09
    Total error standard deviation       =   59459.17    
 
    Post-calibration:-
    Total error variance                 =   2116844.    
    Total error standard deviation       =   1454.938    
    Minimum error variance occurs at singular value number 20.
 
 
 PREDUNC1 analysis for prediction "q7995" ----->

    Pre-calibration:- 
    Total uncertainty variance           =  3.5353929E+09
    Total uncertainty standard deviation =   59459.17    
 
    Post-calibration:-
    Total uncertainty variance           =   1958080.    
    Total uncertainty standard deviation =   1399.314    
 
 
 PREDUNC4 analysis for prediction "q7995" ----->

    Contributions to predictive uncertainty variance

    Parameter      Pre-cal             Post-cal
    group          contribution        contribution
    ---------      ------------        ------------
    ddsd            2.4561876E+09        36145.00    
    ddsw             0.000000            23399.00    
    ddgd             3200.000            1054.000    
    ddgw             0.000000            210.0000    
    rcsd            9.9299040E+08        1451152.    
    rcsw             0.000000            76905.00    
    rcrd            5.8075500E+07        64907.00    
    rcrw             0.000000            1023.000    
    rcgd             800.0000            253.0000    
    rcgw             0.000000            13.00000    
    tl               1506300.            8705.000    
    xw               0.000000            0.000000    
    yw               0.000000            0.000000    
    x                200.0000            153931.0    
    y                0.000000            4999.000    
    tlr              0.000000            0.000000    
    tls              0.000000            0.000000    
    beta            2.6629200E+07        32994.00    
 
 
 PREDUNC5 observation subtraction analysis for prediction "q7995" ----->

    Increases in predictive uncertainty variance incurred through loss of observations

    Observation_group        Variance_increase
    -----------------        -----------------
    q                          1958080.    
 
 
 PREDUNC5 observation addition analysis for prediction "q7995" ----->

    Decreases in pre-calibration predictive uncertainty variance incurred through addition of observations

    Observation_group        Variance_decrease
    -----------------        -----------------
    q                          1958080.    
