 
 
                   ###################################################
                   #                                                 #
                   #      GENLINPRED UNCERTAINTY/ERROR ANALYSIS      #
                   #                                                 #
                   ###################################################
 
 
 
                   ANALYSIS DETAILS
                   ----------------
 
    Name of PEST control file                                   : master_lu.pst
    Factor by which to multiply observation weights             : 1.0000
    Source of parameter uncertainty data                        : uncertainty file
    Name of uncertainty file                                    : master_lu.unc
 
    Perform global parameter estimability analysis              : yes
         Parameter identifiability                              : yes
         Relative parameter error reduction                     : no
         Relative parameter uncertainty reduction               : yes
 
    Analyse error/uncertainty of an entity                      : yes
         Name of entity                                         : q8097
         Type of entity                                         : prediction
         File containing prediction sensitivities               : master_lu.jco
 
         Total error variance                                   : yes
         Total uncertainty                                      : yes
 
         Parameter contributions to error variance              : no
         Parameter contributions to uncertainty                 : yes
         Parameter contributions                                : by group
 
         Observation worth in reducing error variance           : no
         Observation worth in reducing uncertainty variance     : yes
         Observation worth                                      : by group


                   ANALYSIS OF PARAMETERS
                   ----------------------


 Outcomes of running program SUPCALC ----->
 
    Number of dimensions of calibration solution space = 23
    Number of dimensions of calibration null space     = 51

 Outcomes of parameter identifiability and error/uncertainty variance reduction analysis ----->
 
    Parameter              Identifiability        Rel_uncert_var_redn
    ---------              ---------------        -------------------
    ddsd                    0.9999993              0.9998335
    ddsw                    0.9999946              0.9998630
    ddgd                    2.0475166E-08          3.0000000E-07
    ddgw                    1.7781924E-07          9.7000000E-06
    rcs1d                   1.1530242E-06          5.0100000E-05
    rcs1w                   2.2943727E-06          2.0300000E-05
    rcs2d                   3.3674229E-03          0.1232893
    rcs2w                   5.3984008E-03          2.2036800E-02
    rcs3d                   8.4017977E-04          2.2287700E-02
    rcs3w                   5.7784892E-02          0.1523578
    rcs4d                   2.6623354E-04          5.4521000E-03
    rcs4w                   0.9102796              0.6968983
    rcs5d                   4.6216378E-04          1.9378700E-02
    rcs5w                   0.9685409              0.8155961
    rcs6d                   5.7526514E-04          3.1311900E-02
    rcs6w                   0.9840859              0.8304616
    rcs7d                   3.8612707E-05          1.5374000E-03
    rcs7w                   0.9970557              0.9078171
    rcs8d                   0.9997135              0.9921665
    rcs8w                   0.9998267              0.9804344
    rcs9d                   0.9995442              0.9845376
    rcs9w                   0.9949461              0.9723350
    rcs10d                  0.9999183              0.9697506
    rcs10w                  0.9075096              0.8158716
    rcs11d                  3.9721225E-05          8.3000000E-05
    rcs11w                  0.4803049              0.4677445
    rcs12d                  0.8469933              0.6454199
    rcs12w                  0.5190897              0.3844958
    rcs13d                  0.1486557              0.1445749
    rcs13w                  5.5599914E-02          5.1889700E-02
    rcs14d                  3.2885430E-03          3.6750000E-03
    rcs14w                  1.0555838E-03          9.3200000E-04
    rcs15d                  5.2018409E-07          6.0000000E-07
    rcs15w                  1.7533513E-07          1.0000000E-07
    rcr1d                   1.5418463E-04          3.5760000E-04
    rcr1w                   1.2108158E-02          4.6757900E-02
    rcr2d                   0.9956114              0.8666592
    rcr2w                   0.4136972              0.6142416
    rcr3d                   0.9977867              0.9128460
    rcr3w                   0.9592537              0.8250775
    rcr4d                   0.9997380              0.9086964
    rcr4w                   0.7020341              0.7961494
    rcr5d                   4.7345339E-04          6.2604000E-03
    rcr5w                   0.9809598              0.9520833
    rcr6d                   2.1171087E-03          2.7346900E-02
    rcr6w                   1.7839406E-02          0.1519540
    rcr7d                   9.1193076E-04          1.4295500E-02
    rcr7w                   2.0098171E-02          0.2086922
    rcr8d                   4.2989714E-04          3.5042000E-03
    rcr8w                   5.6826350E-03          4.7468700E-02
    rcr9d                   0.9963398              0.9343424
    rcr9w                   3.6801788E-03          2.8752200E-02
    rcr10d                  4.3545028E-04          2.9926000E-03
    rcr10w                  4.7096472E-04          9.2508000E-03
    rcr11d                  2.1098807E-05          1.2680000E-04
    rcr11w                  1.2068758E-05          3.2620000E-04
    rcr12d                  2.0635966E-06          8.1000000E-06
    rcr12w                  3.0426452E-06          4.2500000E-05
    rcr13d                  6.6995251E-07          2.7000000E-06
    rcr13w                  3.7767954E-03          3.7299300E-02
    rcr14d                  4.3273051E-08          2.0000000E-07
    rcr14w                  8.0558064E-05          1.0156000E-03
    rcr15d                  1.1372684E-11           0.000000
    rcr15w                  3.9442917E-11           0.000000
    rcgd                    5.1187915E-09          1.0000000E-07
    rcgw                    4.4454809E-08          2.4000000E-06
    tl                      1.4326744E-03          7.9178100E-02
    xw                       0.000000               0.000000
    yw                       0.000000               0.000000
    x                       0.9983645              0.9981237
    y                       1.1564168E-02          0.1363828
    tlr                      0.000000               0.000000
    tls                      0.000000               0.000000
    beta                    0.9897408              0.8971566
 
    Note: run IDENTPAR yourself to see identiability contributions by different solution 
    space eigencomponents.


                   ANALYSIS OF PREDICTION
                   ----------------------

 PREDVAR1 analysis for prediction "q8097" ----->

    Sing_val       Null-space       Soln-space     Total             Total
    index          term             term           variance          std_dev
    --------       ----------       ----------     --------          -------
       0            4.7805219E+07     0.000000      4.7805219E+07      6914.132    
       3            3.9760235E+07     940.5029      3.9761176E+07      6305.646    
       6            1.3537987E+07     14354.25      1.3552341E+07      3681.350    
       9             7231303.         19715.74       7251019.          2692.772    
      12             6474067.         44789.39       6518857.          2553.205    
      15             1684701.         270550.7       1955252.          1398.303    
      16             372295.3         383227.1       755522.4          869.2079    
      17             210119.0         404947.9       615066.9          784.2620    
      18             155984.5         415786.6       571771.1          756.1555    
      19             155855.7         415822.6       571678.3          756.0941    
      20             148199.3         418327.3       566526.6          752.6796    
      21             9623.462         467740.2       477363.7          690.9151    
      22             9458.607         467855.4       477314.1          690.8792    
      23             8567.966         468618.9       477186.8          690.7871    
      24             5846.210         472204.5       478050.7          691.4121    
      25             2632.802         478449.7       481082.5          693.6011    
      26             2603.243         478587.0       481190.2          693.6787    
      27             2190.526         480893.6       483084.1          695.0425    
      30             1863.340         483864.0       485727.4          696.9415    
      33             1370.998         493501.5       494872.5          703.4717    
      36             375.8134         521287.1       521662.9          722.2623    
      39             363.1755         522016.1       522379.3          722.7581    
      42             348.6429         524250.3       524598.9          724.2920    
      45             17.58249         651288.8       651306.4          807.0356    
      48             6.661713         667904.3       667910.9          817.2582    
      51             1.598324         679074.4       679076.0          824.0607    
      54             1.356168         684480.3       684481.7          827.3341    
      57            0.3545709         772891.6       772891.9          879.1427    
      60            0.2402334         785002.3       785002.5          886.0037    
      63            6.5557879E-04     865590.6       865590.6          930.3712    
      66            8.1206164E-19     871632.1       871632.1          933.6124    
      69            7.5566634E-20     926820.1       926820.1          962.7150    
      72             0.000000        1.0000000E+35  1.0000000E+35     3.1622777E+17
      74             0.000000        1.0000000E+35  1.0000000E+35     3.1622777E+17
 
    Pre-calibration:- 
    Total error variance                 =  4.7805219E+07
    Total error standard deviation       =   6914.132    
 
    Post-calibration:-
    Total error variance                 =   477186.8    
    Total error standard deviation       =   690.7871    
    Minimum error variance occurs at singular value number 23.
 
 
 PREDUNC1 analysis for prediction "q8097" ----->

    Pre-calibration:- 
    Total uncertainty variance           =  4.7805221E+07
    Total uncertainty standard deviation =   6914.132    
 
    Post-calibration:-
    Total uncertainty variance           =   436421.6    
    Total uncertainty standard deviation =   660.6221    
 
 
 PREDUNC4 analysis for prediction "q8097" ----->

    Contributions to predictive uncertainty variance

    Parameter      Pre-cal             Post-cal
    group          contribution        contribution
    ---------      ------------        ------------
    ddsd             336156.0            2319.500    
    ddsw             0.000000            655.8000    
    ddgd             0.000000            0.000000    
    ddgw             0.000000            0.000000    
    rcsd             63003.00            232223.5    
    rcsw             0.000000            107178.0    
    rcrd            3.4432978E+07        268601.2    
    rcrw             0.000000            110340.5    
    rcgd             0.000000            0.000000    
    rcgw             0.000000            0.000000    
    tl               3.000000            27.60000    
    xw               0.000000            0.000000    
    yw               0.000000            0.000000    
    x                6457626.            14084.50    
    y                5932.000            329.6000    
    tlr              0.000000            0.000000    
    tls              0.000000            0.000000    
    beta             6509520.            193673.8    
 
 
 PREDUNC5 observation subtraction analysis for prediction "q8097" ----->

    Increases in predictive uncertainty variance incurred through loss of observations

    Observation_group        Variance_increase
    -----------------        -----------------
    q                          436421.6    
 
 
 PREDUNC5 observation addition analysis for prediction "q8097" ----->

    Decreases in pre-calibration predictive uncertainty variance incurred through addition of observations

    Observation_group        Variance_decrease
    -----------------        -----------------
    q                          436421.6    
