 
 
                   ###################################################
                   #                                                 #
                   #      GENLINPRED UNCERTAINTY/ERROR ANALYSIS      #
                   #                                                 #
                   ###################################################
 
 
 
                   ANALYSIS DETAILS
                   ----------------
 
    Name of PEST control file                                   : master_lu.pst
    Factor by which to multiply observation weights             : 1.0000
    Source of parameter uncertainty data                        : uncertainty file
    Name of uncertainty file                                    : master_lu.unc
 
    Perform global parameter estimability analysis              : yes
         Parameter identifiability                              : yes
         Relative parameter error reduction                     : no
         Relative parameter uncertainty reduction               : yes
 
    Analyse error/uncertainty of an entity                      : yes
         Name of entity                                         : q7848
         Type of entity                                         : prediction
         File containing prediction sensitivities               : master_lu.jco
 
         Total error variance                                   : yes
         Total uncertainty                                      : yes
 
         Parameter contributions to error variance              : no
         Parameter contributions to uncertainty                 : yes
         Parameter contributions                                : by group
 
         Observation worth in reducing error variance           : no
         Observation worth in reducing uncertainty variance     : yes
         Observation worth                                      : by group


                   ANALYSIS OF PARAMETERS
                   ----------------------


 Outcomes of running program SUPCALC ----->
 
    Number of dimensions of calibration solution space = 23
    Number of dimensions of calibration null space     = 51

 Outcomes of parameter identifiability and error/uncertainty variance reduction analysis ----->
 
    Parameter              Identifiability        Rel_uncert_var_redn
    ---------              ---------------        -------------------
    ddsd                    0.9999993              0.9998335
    ddsw                    0.9999946              0.9998630
    ddgd                    2.0475166E-08          3.0000000E-07
    ddgw                    1.7781924E-07          9.7000000E-06
    rcs1d                   1.1530242E-06          5.0100000E-05
    rcs1w                   2.2943727E-06          2.0300000E-05
    rcs2d                   3.3674229E-03          0.1232893
    rcs2w                   5.3984008E-03          2.2036800E-02
    rcs3d                   8.4017977E-04          2.2287700E-02
    rcs3w                   5.7784892E-02          0.1523578
    rcs4d                   2.6623354E-04          5.4521000E-03
    rcs4w                   0.9102796              0.6968983
    rcs5d                   4.6216378E-04          1.9378700E-02
    rcs5w                   0.9685409              0.8155961
    rcs6d                   5.7526514E-04          3.1311900E-02
    rcs6w                   0.9840859              0.8304616
    rcs7d                   3.8612707E-05          1.5374000E-03
    rcs7w                   0.9970557              0.9078171
    rcs8d                   0.9997135              0.9921665
    rcs8w                   0.9998267              0.9804344
    rcs9d                   0.9995442              0.9845376
    rcs9w                   0.9949461              0.9723350
    rcs10d                  0.9999183              0.9697506
    rcs10w                  0.9075096              0.8158716
    rcs11d                  3.9721225E-05          8.3000000E-05
    rcs11w                  0.4803049              0.4677445
    rcs12d                  0.8469933              0.6454199
    rcs12w                  0.5190897              0.3844958
    rcs13d                  0.1486557              0.1445749
    rcs13w                  5.5599914E-02          5.1889700E-02
    rcs14d                  3.2885430E-03          3.6750000E-03
    rcs14w                  1.0555838E-03          9.3200000E-04
    rcs15d                  5.2018409E-07          6.0000000E-07
    rcs15w                  1.7533513E-07          1.0000000E-07
    rcr1d                   1.5418463E-04          3.5760000E-04
    rcr1w                   1.2108158E-02          4.6757900E-02
    rcr2d                   0.9956114              0.8666592
    rcr2w                   0.4136972              0.6142416
    rcr3d                   0.9977867              0.9128460
    rcr3w                   0.9592537              0.8250775
    rcr4d                   0.9997380              0.9086964
    rcr4w                   0.7020341              0.7961494
    rcr5d                   4.7345339E-04          6.2604000E-03
    rcr5w                   0.9809598              0.9520833
    rcr6d                   2.1171087E-03          2.7346900E-02
    rcr6w                   1.7839406E-02          0.1519540
    rcr7d                   9.1193076E-04          1.4295500E-02
    rcr7w                   2.0098171E-02          0.2086922
    rcr8d                   4.2989714E-04          3.5042000E-03
    rcr8w                   5.6826350E-03          4.7468700E-02
    rcr9d                   0.9963398              0.9343424
    rcr9w                   3.6801788E-03          2.8752200E-02
    rcr10d                  4.3545028E-04          2.9926000E-03
    rcr10w                  4.7096472E-04          9.2508000E-03
    rcr11d                  2.1098807E-05          1.2680000E-04
    rcr11w                  1.2068758E-05          3.2620000E-04
    rcr12d                  2.0635966E-06          8.1000000E-06
    rcr12w                  3.0426452E-06          4.2500000E-05
    rcr13d                  6.6995251E-07          2.7000000E-06
    rcr13w                  3.7767954E-03          3.7299300E-02
    rcr14d                  4.3273051E-08          2.0000000E-07
    rcr14w                  8.0558064E-05          1.0156000E-03
    rcr15d                  1.1372684E-11           0.000000
    rcr15w                  3.9442917E-11           0.000000
    rcgd                    5.1187915E-09          1.0000000E-07
    rcgw                    4.4454809E-08          2.4000000E-06
    tl                      1.4326744E-03          7.9178100E-02
    xw                       0.000000               0.000000
    yw                       0.000000               0.000000
    x                       0.9983645              0.9981237
    y                       1.1564168E-02          0.1363828
    tlr                      0.000000               0.000000
    tls                      0.000000               0.000000
    beta                    0.9897408              0.8971566
 
    Note: run IDENTPAR yourself to see identiability contributions by different solution 
    space eigencomponents.


                   ANALYSIS OF PREDICTION
                   ----------------------

 PREDVAR1 analysis for prediction "q7848" ----->

    Sing_val       Null-space       Soln-space     Total             Total
    index          term             term           variance          std_dev
    --------       ----------       ----------     --------          -------
       0            2.8554554E+08     0.000000      2.8554554E+08      16898.09    
       3            1.8376952E+08     4345.983      1.8377387E+08      13556.32    
       6            3.6471320E+07     80135.91      3.6551456E+07      6045.780    
       9             1491793.         116134.2       1607927.          1268.041    
      12             1458745.         116711.7       1575456.          1255.172    
      15             827003.4         147464.9       974468.3          987.1516    
      16             195640.3         201670.5       397310.8          630.3259    
      17             80117.30         217142.9       297260.2          545.2157    
      18             53464.20         222479.3       275943.5          525.3032    
      19             49722.79         223525.3       273248.1          522.7314    
      20             47907.82         224119.1       272026.9          521.5620    
      21             15092.68         235820.2       250912.9          500.9121    
      22             15085.44         235825.2       250910.7          500.9099    
      23             14801.85         236068.3       250870.2          500.8694    
      24             13620.01         237625.3       251245.3          501.2438    
      25             11474.05         241795.9       253270.0          503.2594    
      26             10931.29         244316.4       255247.7          505.2204    
      27             10052.83         249226.0       259278.9          509.1944    
      30             1661.240         316444.1       318105.3          564.0082    
      33             654.8288         338321.8       338976.7          582.2171    
      36             213.2044         350639.8       350853.0          592.3285    
      39             192.9727         352328.5       352521.5          593.7352    
      42             173.3620         355723.8       355897.2          596.5712    
      45             113.2716         384884.5       384997.7          620.4818    
      48             2.020434         508425.0       508427.0          713.0407    
      51            0.8898909         511191.5       511192.4          714.9772    
      54            0.3794746         523057.6       523058.0          723.2275    
      57            0.2216954         535899.1       535899.4          732.0515    
      60            0.2050194         537691.4       537691.6          733.2746    
      63            4.9195336E-02     811771.1       811771.2          900.9835    
      66            4.5369274E-18     1287322.       1287322.          1134.602    
      69            2.4584217E-18     1441124.       1441124.          1200.468    
      72             0.000000        1.0000000E+35  1.0000000E+35     3.1622777E+17
      74             0.000000        1.0000000E+35  1.0000000E+35     3.1622777E+17
 
    Pre-calibration:- 
    Total error variance                 =  2.8554554E+08
    Total error standard deviation       =   16898.09    
 
    Post-calibration:-
    Total error variance                 =   250870.2    
    Total error standard deviation       =   500.8694    
    Minimum error variance occurs at singular value number 23.
 
 
 PREDUNC1 analysis for prediction "q7848" ----->

    Pre-calibration:- 
    Total uncertainty variance           =  2.8554545E+08
    Total uncertainty standard deviation =   16898.09    
 
    Post-calibration:-
    Total uncertainty variance           =   236276.6    
    Total uncertainty standard deviation =   486.0829    
 
 
 PREDUNC4 analysis for prediction "q7848" ----->

    Contributions to predictive uncertainty variance

    Parameter      Pre-cal             Post-cal
    group          contribution        contribution
    ---------      ------------        ------------
    ddsd            3.5136230E+07        298.5000    
    ddsw             0.000000            332.0000    
    ddgd             0.000000           0.1000000    
    ddgw             0.000000           0.1000000    
    rcsd            1.5517060E+07        86669.60    
    rcsw             0.000000            47060.80    
    rcrd            1.9398845E+08        16447.30    
    rcrw             0.000000            43359.10    
    rcgd             0.000000            0.000000    
    rcgw             0.000000            0.000000    
    tl               100.0000            53.50000    
    xw               0.000000            0.000000    
    yw               0.000000            0.000000    
    x               3.0752000E+07        1.700000    
    y                27580.00            5089.700    
    tlr              0.000000            0.000000    
    tls              0.000000            0.000000    
    beta            1.0124110E+07        83025.40    
 
 
 PREDUNC5 observation subtraction analysis for prediction "q7848" ----->

    Increases in predictive uncertainty variance incurred through loss of observations

    Observation_group        Variance_increase
    -----------------        -----------------
    q                          236276.6    
 
 
 PREDUNC5 observation addition analysis for prediction "q7848" ----->

    Decreases in pre-calibration predictive uncertainty variance incurred through addition of observations

    Observation_group        Variance_decrease
    -----------------        -----------------
    q                          236276.6    
