 
 
                   ###################################################
                   #                                                 #
                   #      GENLINPRED UNCERTAINTY/ERROR ANALYSIS      #
                   #                                                 #
                   ###################################################
 
 
 
                   ANALYSIS DETAILS
                   ----------------
 
    Name of PEST control file                                   : master_lu.pst
    Factor by which to multiply observation weights             : 1.0000
    Source of parameter uncertainty data                        : uncertainty file
    Name of uncertainty file                                    : master_lu.unc
 
    Perform global parameter estimability analysis              : yes
         Parameter identifiability                              : yes
         Relative parameter error reduction                     : no
         Relative parameter uncertainty reduction               : yes
 
    Analyse error/uncertainty of an entity                      : yes
         Name of entity                                         : q7958
         Type of entity                                         : prediction
         File containing prediction sensitivities               : master_lu.jco
 
         Total error variance                                   : yes
         Total uncertainty                                      : yes
 
         Parameter contributions to error variance              : no
         Parameter contributions to uncertainty                 : yes
         Parameter contributions                                : by group
 
         Observation worth in reducing error variance           : no
         Observation worth in reducing uncertainty variance     : yes
         Observation worth                                      : by group


                   ANALYSIS OF PARAMETERS
                   ----------------------


 Outcomes of running program SUPCALC ----->
 
    Number of dimensions of calibration solution space = 19
    Number of dimensions of calibration null space     = 55

 Outcomes of parameter identifiability and error/uncertainty variance reduction analysis ----->
 
    Parameter              Identifiability        Rel_uncert_var_redn
    ---------              ---------------        -------------------
    ddsd                    0.9999214              0.9993797
    ddsw                    0.9999772              0.9994965
    ddgd                    4.3750252E-09          1.0000000E-07
    ddgw                    7.2848986E-08          2.5000000E-06
    rcs1d                   5.8414211E-07          1.3400000E-05
    rcs1w                   3.5602456E-07          5.7000000E-06
    rcs2d                   2.4962101E-03          3.5370900E-02
    rcs2w                   1.6443295E-03          7.0652000E-03
    rcs3d                   5.8095495E-04          6.3656000E-03
    rcs3w                   2.6746417E-02          5.9605500E-02
    rcs4d                   9.8176982E-05          1.5374000E-03
    rcs4w                   0.3365548              0.4264299
    rcs5d                   3.1027924E-04          5.2860000E-03
    rcs5w                   0.6064460              0.6401851
    rcs6d                   4.1328222E-04          8.4614000E-03
    rcs6w                   0.5457628              0.6554362
    rcs7d                   3.5543595E-05          4.1970000E-04
    rcs7w                   0.8227348              0.7624772
    rcs8d                   0.9949538              0.9720384
    rcs8w                   0.9916408              0.9359105
    rcs9d                   0.9984384              0.9448298
    rcs9w                   0.9874246              0.9178282
    rcs10d                  0.9661681              0.9028681
    rcs10w                  0.7003187              0.7079514
    rcs11d                  2.0098389E-05          3.8700000E-05
    rcs11w                  0.2726163              0.3206282
    rcs12d                  3.7406214E-02          0.3763767
    rcs12w                  3.4601728E-02          0.1697874
    rcs13d                  6.9242497E-03          7.4247600E-02
    rcs13w                  6.7201789E-03          2.1928200E-02
    rcs14d                  1.4239035E-04          1.7529000E-03
    rcs14w                  1.3627450E-04          4.1480000E-04
    rcs15d                  1.5963500E-08          3.0000000E-07
    rcs15w                  1.5498641E-08          1.0000000E-07
    rcr1d                   9.1248011E-05          1.5640000E-04
    rcr1w                   1.1212660E-02          1.7868300E-02
    rcr2d                   0.5743109              0.6533893
    rcr2w                   0.3437754              0.3913640
    rcr3d                   0.8200292              0.7590833
    rcr3w                   0.6956301              0.6004590
    rcr4d                   0.6071827              0.7729839
    rcr4w                   0.6449328              0.6728523
    rcr5d                   3.9522702E-04          1.8686000E-03
    rcr5w                   0.9583045              0.8736284
    rcr6d                   2.0544242E-03          8.3166000E-03
    rcr6w                   9.7252699E-03          5.2971700E-02
    rcr7d                   9.0661428E-04          4.2112000E-03
    rcr7w                   5.9580121E-03          7.1252400E-02
    rcr8d                   4.2908468E-04          1.1367000E-03
    rcr8w                   1.1900489E-03          1.5573900E-02
    rcr9d                   0.9908377              0.7895125
    rcr9w                   5.1900169E-04          8.8993000E-03
    rcr10d                  4.2657725E-04          9.8910000E-04
    rcr10w                  5.0270415E-05          2.6381000E-03
    rcr11d                  2.0804883E-05          4.3500000E-05
    rcr11w                  2.2304233E-06          9.3100000E-05
    rcr12d                  2.0301663E-06          3.2000000E-06
    rcr12w                  4.3923921E-07          1.2600000E-05
    rcr13d                  6.6088886E-07          1.0000000E-06
    rcr13w                  3.3655729E-04          1.1185700E-02
    rcr14d                  4.2586898E-08          1.0000000E-07
    rcr14w                  8.8619822E-06          3.0280000E-04
    rcr15d                  1.1192355E-11           0.000000
    rcr15w                  4.3390138E-12           0.000000
    rcgd                    1.0937563E-09           0.000000
    rcgw                    1.8212246E-08          6.0000000E-07
    tl                      3.4617934E-04          2.1249500E-02
    xw                       0.000000               0.000000
    yw                       0.000000               0.000000
    x                       0.9999816              0.9996626
    y                       0.9903045              0.8000034
    tlr                      0.000000               0.000000
    tls                      0.000000               0.000000
    beta                    0.9997994              0.9949424
 
    Note: run IDENTPAR yourself to see identiability contributions by different solution 
    space eigencomponents.


                   ANALYSIS OF PREDICTION
                   ----------------------

 PREDVAR1 analysis for prediction "q7958" ----->

    Sing_val       Null-space       Soln-space     Total             Total
    index          term             term           variance          std_dev
    --------       ----------       ----------     --------          -------
       0            2.0937146E+10     0.000000      2.0937146E+10      144696.7    
       3            1.8955109E+09     86928.48      1.8955978E+09      43538.46    
       6            4.6092724E+08     1076817.      4.6200406E+08      21494.28    
       9            2.3412629E+07     4478303.      2.7890931E+07      5281.187    
      12             9269753.         4979029.      1.4248781E+07      3774.756    
      13             6781277.         5321845.      1.2103122E+07      3478.954    
      14             5780026.         5478301.      1.1258327E+07      3355.343    
      15             4153129.         5790752.       9943882.          3153.392    
      16             2769963.         6176078.       8946041.          2990.993    
      17             984540.2         6730077.       7714617.          2777.520    
      18             476399.7         6963535.       7439935.          2727.624    
      19             428369.5         7001123.       7429493.          2725.710    
      20             296702.1         7146175.       7442877.          2728.164    
      21             255560.1         7200678.       7456238.          2730.611    
      22             40483.28         7502240.       7542723.          2746.402    
      23             29097.69         7534654.       7563752.          2750.228    
      24             28669.50         7536117.       7564787.          2750.416    
      27             27507.92         7542546.       7570054.          2751.373    
      30             2398.190         8554491.       8556889.          2925.216    
      33             1363.506         8626527.       8627890.          2937.327    
      36             769.2745         8691520.       8692290.          2948.269    
      39             759.1735         8694437.       8695197.          2948.762    
      42             489.5118         8884549.       8885038.          2980.778    
      45             360.0416         9119983.       9120343.          3019.991    
      48             311.6867         9400986.       9401297.          3066.153    
      51             7.397808        1.2309091E+07  1.2309099E+07      3508.433    
      54             1.043438        1.2905274E+07  1.2905275E+07      3592.391    
      57            8.5584188E-02    1.3190126E+07  1.3190126E+07      3631.821    
      60            8.2057836E-02    1.3192358E+07  1.3192358E+07      3632.129    
      63            3.2870830E-02    1.3844116E+07  1.3844116E+07      3720.768    
      66            3.1176385E-18    1.5021630E+07  1.5021630E+07      3875.775    
      69            4.3863891E-21    1.6063185E+07  1.6063185E+07      4007.890    
      72             0.000000        1.0000000E+35  1.0000000E+35     3.1622777E+17
      74             0.000000        1.0000000E+35  1.0000000E+35     3.1622777E+17
 
    Pre-calibration:- 
    Total error variance                 =  2.0937146E+10
    Total error standard deviation       =   144696.7    
 
    Post-calibration:-
    Total error variance                 =   7429493.    
    Total error standard deviation       =   2725.710    
    Minimum error variance occurs at singular value number 19.
 
 
 PREDUNC1 analysis for prediction "q7958" ----->

    Pre-calibration:- 
    Total uncertainty variance           =  2.0937135E+10
    Total uncertainty standard deviation =   144696.7    
 
    Post-calibration:-
    Total uncertainty variance           =   6762949.    
    Total uncertainty standard deviation =   2600.567    
 
 
 PREDUNC4 analysis for prediction "q7958" ----->

    Contributions to predictive uncertainty variance

    Parameter      Pre-cal             Post-cal
    group          contribution        contribution
    ---------      ------------        ------------
    ddsd             2299000.            4085098.    
    ddsw             0.000000            215.0000    
    ddgd             0.000000            0.000000    
    ddgw             0.000000            0.000000    
    rcsd            8.9694400E+08        1579681.    
    rcsw             0.000000            690621.0    
    rcrd            1.0974000E+07        1140261.    
    rcrw             0.000000            728593.0    
    rcgd             0.000000            0.000000    
    rcgw             0.000000            0.000000    
    tl               1000.000            19357.00    
    xw               0.000000            0.000000    
    yw               0.000000            0.000000    
    x               1.8578563E+10        1036397.    
    y               5.4657000E+07        1455404.    
    tlr              0.000000            0.000000    
    tls              0.000000            0.000000    
    beta            1.3937120E+09        1390776.    
 
 
 PREDUNC5 observation subtraction analysis for prediction "q7958" ----->

    Increases in predictive uncertainty variance incurred through loss of observations

    Observation_group        Variance_increase
    -----------------        -----------------
    q                          6762949.    
 
 
 PREDUNC5 observation addition analysis for prediction "q7958" ----->

    Decreases in pre-calibration predictive uncertainty variance incurred through addition of observations

    Observation_group        Variance_decrease
    -----------------        -----------------
    q                          6762949.    
