 
 
                   ###################################################
                   #                                                 #
                   #      GENLINPRED UNCERTAINTY/ERROR ANALYSIS      #
                   #                                                 #
                   ###################################################
 
 
 
                   ANALYSIS DETAILS
                   ----------------
 
    Name of PEST control file                                   : master_lu.pst
    Factor by which to multiply observation weights             : 1.0000
    Source of parameter uncertainty data                        : uncertainty file
    Name of uncertainty file                                    : master_lu.unc
 
    Perform global parameter estimability analysis              : yes
         Parameter identifiability                              : yes
         Relative parameter error reduction                     : no
         Relative parameter uncertainty reduction               : yes
 
    Analyse error/uncertainty of an entity                      : yes
         Name of entity                                         : q7849
         Type of entity                                         : prediction
         File containing prediction sensitivities               : master_lu.jco
 
         Total error variance                                   : yes
         Total uncertainty                                      : yes
 
         Parameter contributions to error variance              : no
         Parameter contributions to uncertainty                 : yes
         Parameter contributions                                : by group
 
         Observation worth in reducing error variance           : no
         Observation worth in reducing uncertainty variance     : yes
         Observation worth                                      : by group


                   ANALYSIS OF PARAMETERS
                   ----------------------


 Outcomes of running program SUPCALC ----->
 
    Number of dimensions of calibration solution space = 23
    Number of dimensions of calibration null space     = 51

 Outcomes of parameter identifiability and error/uncertainty variance reduction analysis ----->
 
    Parameter              Identifiability        Rel_uncert_var_redn
    ---------              ---------------        -------------------
    ddsd                    0.9999993              0.9998335
    ddsw                    0.9999946              0.9998630
    ddgd                    2.0475166E-08          3.0000000E-07
    ddgw                    1.7781924E-07          9.7000000E-06
    rcs1d                   1.1530242E-06          5.0100000E-05
    rcs1w                   2.2943727E-06          2.0300000E-05
    rcs2d                   3.3674229E-03          0.1232893
    rcs2w                   5.3984008E-03          2.2036800E-02
    rcs3d                   8.4017977E-04          2.2287700E-02
    rcs3w                   5.7784892E-02          0.1523578
    rcs4d                   2.6623354E-04          5.4521000E-03
    rcs4w                   0.9102796              0.6968983
    rcs5d                   4.6216378E-04          1.9378700E-02
    rcs5w                   0.9685409              0.8155961
    rcs6d                   5.7526514E-04          3.1311900E-02
    rcs6w                   0.9840859              0.8304616
    rcs7d                   3.8612707E-05          1.5374000E-03
    rcs7w                   0.9970557              0.9078171
    rcs8d                   0.9997135              0.9921665
    rcs8w                   0.9998267              0.9804344
    rcs9d                   0.9995442              0.9845376
    rcs9w                   0.9949461              0.9723350
    rcs10d                  0.9999183              0.9697506
    rcs10w                  0.9075096              0.8158716
    rcs11d                  3.9721225E-05          8.3000000E-05
    rcs11w                  0.4803049              0.4677445
    rcs12d                  0.8469933              0.6454199
    rcs12w                  0.5190897              0.3844958
    rcs13d                  0.1486557              0.1445749
    rcs13w                  5.5599914E-02          5.1889700E-02
    rcs14d                  3.2885430E-03          3.6750000E-03
    rcs14w                  1.0555838E-03          9.3200000E-04
    rcs15d                  5.2018409E-07          6.0000000E-07
    rcs15w                  1.7533513E-07          1.0000000E-07
    rcr1d                   1.5418463E-04          3.5760000E-04
    rcr1w                   1.2108158E-02          4.6757900E-02
    rcr2d                   0.9956114              0.8666592
    rcr2w                   0.4136972              0.6142416
    rcr3d                   0.9977867              0.9128460
    rcr3w                   0.9592537              0.8250775
    rcr4d                   0.9997380              0.9086964
    rcr4w                   0.7020341              0.7961494
    rcr5d                   4.7345339E-04          6.2604000E-03
    rcr5w                   0.9809598              0.9520833
    rcr6d                   2.1171087E-03          2.7346900E-02
    rcr6w                   1.7839406E-02          0.1519540
    rcr7d                   9.1193076E-04          1.4295500E-02
    rcr7w                   2.0098171E-02          0.2086922
    rcr8d                   4.2989714E-04          3.5042000E-03
    rcr8w                   5.6826350E-03          4.7468700E-02
    rcr9d                   0.9963398              0.9343424
    rcr9w                   3.6801788E-03          2.8752200E-02
    rcr10d                  4.3545028E-04          2.9926000E-03
    rcr10w                  4.7096472E-04          9.2508000E-03
    rcr11d                  2.1098807E-05          1.2680000E-04
    rcr11w                  1.2068758E-05          3.2620000E-04
    rcr12d                  2.0635966E-06          8.1000000E-06
    rcr12w                  3.0426452E-06          4.2500000E-05
    rcr13d                  6.6995251E-07          2.7000000E-06
    rcr13w                  3.7767954E-03          3.7299300E-02
    rcr14d                  4.3273051E-08          2.0000000E-07
    rcr14w                  8.0558064E-05          1.0156000E-03
    rcr15d                  1.1372684E-11           0.000000
    rcr15w                  3.9442917E-11           0.000000
    rcgd                    5.1187915E-09          1.0000000E-07
    rcgw                    4.4454809E-08          2.4000000E-06
    tl                      1.4326744E-03          7.9178100E-02
    xw                       0.000000               0.000000
    yw                       0.000000               0.000000
    x                       0.9983645              0.9981237
    y                       1.1564168E-02          0.1363828
    tlr                      0.000000               0.000000
    tls                      0.000000               0.000000
    beta                    0.9897408              0.8971566
 
    Note: run IDENTPAR yourself to see identiability contributions by different solution 
    space eigencomponents.


                   ANALYSIS OF PREDICTION
                   ----------------------

 PREDVAR1 analysis for prediction "q7849" ----->

    Sing_val       Null-space       Soln-space     Total             Total
    index          term             term           variance          std_dev
    --------       ----------       ----------     --------          -------
       0            2.6834521E+08     0.000000      2.6834521E+08      16381.25    
       3            1.7237549E+08     4071.367      1.7237957E+08      13129.34    
       6            3.4245372E+07     75151.35      3.4320524E+07      5858.372    
       9             1592905.         108858.6       1701764.          1304.517    
      12             1565501.         109287.2       1674788.          1294.136    
      15             933701.7         140047.3       1073749.          1036.219    
      16             242476.6         199392.3       441868.9          664.7322    
      17             89766.14         219845.3       309611.5          556.4274    
      18             57904.51         226224.6       284129.1          533.0376    
      19             55980.82         226762.4       282743.2          531.7360    
      20             53907.46         227440.7       281348.1          530.4226    
      21             16240.38         240871.9       257112.3          507.0624    
      22             16232.86         240877.1       257110.0          507.0602    
      23             15901.67         241161.0       257062.7          507.0135    
      24             14470.35         243046.6       257517.0          507.4613    
      25             11892.05         248057.5       259949.5          509.8524    
      26             11238.50         251092.5       262331.0          512.1826    
      27             10437.55         255568.9       266006.5          515.7582    
      30             1548.993         326846.2       328395.1          573.0577    
      33             607.9378         347112.2       347720.1          589.6780    
      36             194.6876         358662.3       358857.0          599.0467    
      39             175.4822         360237.1       360412.6          600.3437    
      42             155.0734         363766.1       363921.2          603.2588    
      45             99.02457         390937.7       391036.7          625.3293    
      48             1.825056         500213.5       500215.3          707.2590    
      51            0.8927648         502572.1       502573.0          708.9238    
      54            0.3865327         514313.5       514313.9          717.1568    
      57            0.2301143         526963.6       526963.8          725.9227    
      60            0.2091185         529221.7       529221.9          727.4764    
      63            4.5528778E-02     817445.2       817445.3          904.1268    
      66            1.3642054E-18     1259976.       1259976.          1122.487    
      69            4.6604310E-19     1307007.       1307007.          1143.244    
      72             0.000000        1.0000000E+35  1.0000000E+35     3.1622777E+17
      74             0.000000        1.0000000E+35  1.0000000E+35     3.1622777E+17
 
    Pre-calibration:- 
    Total error variance                 =  2.6834521E+08
    Total error standard deviation       =   16381.25    
 
    Post-calibration:-
    Total error variance                 =   257062.7    
    Total error standard deviation       =   507.0135    
    Minimum error variance occurs at singular value number 23.
 
 
 PREDUNC1 analysis for prediction "q7849" ----->

    Pre-calibration:- 
    Total uncertainty variance           =  2.6834535E+08
    Total uncertainty standard deviation =   16381.25    
 
    Post-calibration:-
    Total uncertainty variance           =   240614.4    
    Total uncertainty standard deviation =   490.5246    
 
 
 PREDUNC4 analysis for prediction "q7849" ----->

    Contributions to predictive uncertainty variance

    Parameter      Pre-cal             Post-cal
    group          contribution        contribution
    ---------      ------------        ------------
    ddsd            3.3355660E+07        326.4000    
    ddsw             0.000000            377.2000    
    ddgd             0.000000            0.000000    
    ddgw             0.000000           0.1000000    
    rcsd            1.4646720E+07        94047.00    
    rcsw             0.000000            54714.90    
    rcrd            1.8137157E+08        20313.40    
    rcrw             0.000000            51300.10    
    rcgd             0.000000            0.000000    
    rcgw             0.000000            0.000000    
    tl               100.0000            67.60000    
    xw               0.000000            0.000000    
    yw               0.000000            0.000000    
    x               2.8822760E+07        5.300000    
    y                25690.00            5577.200    
    tlr              0.000000            0.000000    
    tls              0.000000            0.000000    
    beta            1.0122680E+07        97316.30    
 
 
 PREDUNC5 observation subtraction analysis for prediction "q7849" ----->

    Increases in predictive uncertainty variance incurred through loss of observations

    Observation_group        Variance_increase
    -----------------        -----------------
    q                          240614.4    
 
 
 PREDUNC5 observation addition analysis for prediction "q7849" ----->

    Decreases in pre-calibration predictive uncertainty variance incurred through addition of observations

    Observation_group        Variance_decrease
    -----------------        -----------------
    q                          240614.4    
