 
 
                   ###################################################
                   #                                                 #
                   #      GENLINPRED UNCERTAINTY/ERROR ANALYSIS      #
                   #                                                 #
                   ###################################################
 
 
 
                   ANALYSIS DETAILS
                   ----------------
 
    Name of PEST control file                                   : master_lu.pst
    Factor by which to multiply observation weights             : 1.0000
    Source of parameter uncertainty data                        : uncertainty file
    Name of uncertainty file                                    : master_lu.unc
 
    Perform global parameter estimability analysis              : yes
         Parameter identifiability                              : yes
         Relative parameter error reduction                     : no
         Relative parameter uncertainty reduction               : yes
 
    Analyse error/uncertainty of an entity                      : yes
         Name of entity                                         : q7866
         Type of entity                                         : prediction
         File containing prediction sensitivities               : master_lu.jco
 
         Total error variance                                   : yes
         Total uncertainty                                      : yes
 
         Parameter contributions to error variance              : no
         Parameter contributions to uncertainty                 : yes
         Parameter contributions                                : by group
 
         Observation worth in reducing error variance           : no
         Observation worth in reducing uncertainty variance     : yes
         Observation worth                                      : by group


                   ANALYSIS OF PARAMETERS
                   ----------------------


 Outcomes of running program SUPCALC ----->
 
    Number of dimensions of calibration solution space = 23
    Number of dimensions of calibration null space     = 51

 Outcomes of parameter identifiability and error/uncertainty variance reduction analysis ----->
 
    Parameter              Identifiability        Rel_uncert_var_redn
    ---------              ---------------        -------------------
    ddsd                    0.9999993              0.9998335
    ddsw                    0.9999946              0.9998630
    ddgd                    2.0475166E-08          3.0000000E-07
    ddgw                    1.7781924E-07          9.7000000E-06
    rcs1d                   1.1530242E-06          5.0100000E-05
    rcs1w                   2.2943727E-06          2.0300000E-05
    rcs2d                   3.3674229E-03          0.1232893
    rcs2w                   5.3984008E-03          2.2036800E-02
    rcs3d                   8.4017977E-04          2.2287700E-02
    rcs3w                   5.7784892E-02          0.1523578
    rcs4d                   2.6623354E-04          5.4521000E-03
    rcs4w                   0.9102796              0.6968983
    rcs5d                   4.6216378E-04          1.9378700E-02
    rcs5w                   0.9685409              0.8155961
    rcs6d                   5.7526514E-04          3.1311900E-02
    rcs6w                   0.9840859              0.8304616
    rcs7d                   3.8612707E-05          1.5374000E-03
    rcs7w                   0.9970557              0.9078171
    rcs8d                   0.9997135              0.9921665
    rcs8w                   0.9998267              0.9804344
    rcs9d                   0.9995442              0.9845376
    rcs9w                   0.9949461              0.9723350
    rcs10d                  0.9999183              0.9697506
    rcs10w                  0.9075096              0.8158716
    rcs11d                  3.9721225E-05          8.3000000E-05
    rcs11w                  0.4803049              0.4677445
    rcs12d                  0.8469933              0.6454199
    rcs12w                  0.5190897              0.3844958
    rcs13d                  0.1486557              0.1445749
    rcs13w                  5.5599914E-02          5.1889700E-02
    rcs14d                  3.2885430E-03          3.6750000E-03
    rcs14w                  1.0555838E-03          9.3200000E-04
    rcs15d                  5.2018409E-07          6.0000000E-07
    rcs15w                  1.7533513E-07          1.0000000E-07
    rcr1d                   1.5418463E-04          3.5760000E-04
    rcr1w                   1.2108158E-02          4.6757900E-02
    rcr2d                   0.9956114              0.8666592
    rcr2w                   0.4136972              0.6142416
    rcr3d                   0.9977867              0.9128460
    rcr3w                   0.9592537              0.8250775
    rcr4d                   0.9997380              0.9086964
    rcr4w                   0.7020341              0.7961494
    rcr5d                   4.7345339E-04          6.2604000E-03
    rcr5w                   0.9809598              0.9520833
    rcr6d                   2.1171087E-03          2.7346900E-02
    rcr6w                   1.7839406E-02          0.1519540
    rcr7d                   9.1193076E-04          1.4295500E-02
    rcr7w                   2.0098171E-02          0.2086922
    rcr8d                   4.2989714E-04          3.5042000E-03
    rcr8w                   5.6826350E-03          4.7468700E-02
    rcr9d                   0.9963398              0.9343424
    rcr9w                   3.6801788E-03          2.8752200E-02
    rcr10d                  4.3545028E-04          2.9926000E-03
    rcr10w                  4.7096472E-04          9.2508000E-03
    rcr11d                  2.1098807E-05          1.2680000E-04
    rcr11w                  1.2068758E-05          3.2620000E-04
    rcr12d                  2.0635966E-06          8.1000000E-06
    rcr12w                  3.0426452E-06          4.2500000E-05
    rcr13d                  6.6995251E-07          2.7000000E-06
    rcr13w                  3.7767954E-03          3.7299300E-02
    rcr14d                  4.3273051E-08          2.0000000E-07
    rcr14w                  8.0558064E-05          1.0156000E-03
    rcr15d                  1.1372684E-11           0.000000
    rcr15w                  3.9442917E-11           0.000000
    rcgd                    5.1187915E-09          1.0000000E-07
    rcgw                    4.4454809E-08          2.4000000E-06
    tl                      1.4326744E-03          7.9178100E-02
    xw                       0.000000               0.000000
    yw                       0.000000               0.000000
    x                       0.9983645              0.9981237
    y                       1.1564168E-02          0.1363828
    tlr                      0.000000               0.000000
    tls                      0.000000               0.000000
    beta                    0.9897408              0.8971566
 
    Note: run IDENTPAR yourself to see identiability contributions by different solution 
    space eigencomponents.


                   ANALYSIS OF PREDICTION
                   ----------------------

 PREDVAR1 analysis for prediction "q7866" ----->

    Sing_val       Null-space       Soln-space     Total             Total
    index          term             term           variance          std_dev
    --------       ----------       ----------     --------          -------
       0            1.5982541E+08     0.000000      1.5982541E+08      12642.21    
       3            7.0287041E+07     1897.074      7.0288938E+07      8383.850    
       6            1.7710697E+07     28962.10      1.7739660E+07      4211.848    
       9             2339346.         40178.27       2379524.          1542.571    
      12             2319774.         40763.11       2360537.          1536.404    
      15             1878271.         62286.94       1940558.          1393.039    
      16             981268.3         139299.0       1120567.          1058.568    
      17             180387.7         246563.6       426951.3          653.4151    
      18             87242.17         265212.9       352455.1          593.6793    
      19             86174.40         265511.4       351685.8          593.0310    
      20             83450.16         266402.6       349852.8          591.4836    
      21             26837.41         286589.4       313426.9          559.8454    
      22             26827.12         286596.6       313423.8          559.8427    
      23             26048.80         287263.8       313312.6          559.7433    
      24             22358.71         292125.1       314483.8          560.7886    
      25             15663.40         305137.3       320800.7          566.3927    
      26             11841.97         322883.6       334725.6          578.5548    
      27             5131.919         360385.2       365517.2          604.5802    
      30             798.7927         403067.7       403866.5          635.5049    
      33             345.7532         411035.1       411380.9          641.3898    
      36             302.0584         412152.2       412454.3          642.2261    
      39             237.9807         419813.0       420051.0          648.1134    
      42             183.5119         429140.3       429323.8          655.2281    
      45             135.1696         452327.7       452462.9          672.6536    
      48             72.59679         532186.2       532258.8          729.5607    
      51            0.3518943         904320.5       904320.9          950.9579    
      54            0.2353290         906979.7       906980.0          952.3550    
      57            0.1921479         910560.5       910560.7          954.2330    
      60            0.1352759         916964.5       916964.7          957.5827    
      63            1.1633280E-02     1242203.       1242203.          1114.542    
      66            1.7736796E-18     1360650.       1360650.          1166.469    
      69            6.5285149E-20     1480313.       1480313.          1216.681    
      72             0.000000        1.0000000E+35  1.0000000E+35     3.1622777E+17
      74             0.000000        1.0000000E+35  1.0000000E+35     3.1622777E+17
 
    Pre-calibration:- 
    Total error variance                 =  1.5982541E+08
    Total error standard deviation       =   12642.21    
 
    Post-calibration:-
    Total error variance                 =   313312.6    
    Total error standard deviation       =   559.7433    
    Minimum error variance occurs at singular value number 23.
 
 
 PREDUNC1 analysis for prediction "q7866" ----->

    Pre-calibration:- 
    Total uncertainty variance           =  1.5982547E+08
    Total uncertainty standard deviation =   12642.21    
 
    Post-calibration:-
    Total uncertainty variance           =   278488.1    
    Total uncertainty standard deviation =   527.7197    
 
 
 PREDUNC4 analysis for prediction "q7866" ----->

    Contributions to predictive uncertainty variance

    Parameter      Pre-cal             Post-cal
    group          contribution        contribution
    ---------      ------------        ------------
    ddsd            5.5181580E+07        4.200000    
    ddsw             0.000000            763.4000    
    ddgd             0.000000            0.000000    
    ddgw             0.000000            0.000000    
    rcsd            1.0617060E+07        145068.0    
    rcsw             0.000000            119648.4    
    rcrd            7.6199522E+07        106090.2    
    rcrw             0.000000            117839.0    
    rcgd             0.000000            0.000000    
    rcgw             0.000000            0.000000    
    tl               340.0000            195.4000    
    xw               0.000000            0.000000    
    yw               0.000000            0.000000    
    x                9091800.            729.1000    
    y                7430.000            8442.100    
    tlr              0.000000            0.000000    
    tls              0.000000            0.000000    
    beta             8727710.            217553.8    
 
 
 PREDUNC5 observation subtraction analysis for prediction "q7866" ----->

    Increases in predictive uncertainty variance incurred through loss of observations

    Observation_group        Variance_increase
    -----------------        -----------------
    q                          278488.1    
 
 
 PREDUNC5 observation addition analysis for prediction "q7866" ----->

    Decreases in pre-calibration predictive uncertainty variance incurred through addition of observations

    Observation_group        Variance_decrease
    -----------------        -----------------
    q                          278488.1    
