 
 
                   ###################################################
                   #                                                 #
                   #      GENLINPRED UNCERTAINTY/ERROR ANALYSIS      #
                   #                                                 #
                   ###################################################
 
 
 
                   ANALYSIS DETAILS
                   ----------------
 
    Name of PEST control file                                   : master_lu.pst
    Factor by which to multiply observation weights             : 1.0000
    Source of parameter uncertainty data                        : uncertainty file
    Name of uncertainty file                                    : master_lu.unc
 
    Perform global parameter estimability analysis              : yes
         Parameter identifiability                              : yes
         Relative parameter error reduction                     : no
         Relative parameter uncertainty reduction               : yes
 
    Analyse error/uncertainty of an entity                      : yes
         Name of entity                                         : q7964
         Type of entity                                         : prediction
         File containing prediction sensitivities               : master_lu.jco
 
         Total error variance                                   : yes
         Total uncertainty                                      : yes
 
         Parameter contributions to error variance              : no
         Parameter contributions to uncertainty                 : yes
         Parameter contributions                                : by group
 
         Observation worth in reducing error variance           : no
         Observation worth in reducing uncertainty variance     : yes
         Observation worth                                      : by group


                   ANALYSIS OF PARAMETERS
                   ----------------------


 Outcomes of running program SUPCALC ----->
 
    Number of dimensions of calibration solution space = 19
    Number of dimensions of calibration null space     = 55

 Outcomes of parameter identifiability and error/uncertainty variance reduction analysis ----->
 
    Parameter              Identifiability        Rel_uncert_var_redn
    ---------              ---------------        -------------------
    ddsd                    0.9999214              0.9993797
    ddsw                    0.9999772              0.9994965
    ddgd                    4.3750252E-09          1.0000000E-07
    ddgw                    7.2848986E-08          2.5000000E-06
    rcs1d                   5.8414211E-07          1.3400000E-05
    rcs1w                   3.5602456E-07          5.7000000E-06
    rcs2d                   2.4962101E-03          3.5370900E-02
    rcs2w                   1.6443295E-03          7.0652000E-03
    rcs3d                   5.8095495E-04          6.3656000E-03
    rcs3w                   2.6746417E-02          5.9605500E-02
    rcs4d                   9.8176982E-05          1.5374000E-03
    rcs4w                   0.3365548              0.4264299
    rcs5d                   3.1027924E-04          5.2860000E-03
    rcs5w                   0.6064460              0.6401851
    rcs6d                   4.1328222E-04          8.4614000E-03
    rcs6w                   0.5457628              0.6554362
    rcs7d                   3.5543595E-05          4.1970000E-04
    rcs7w                   0.8227348              0.7624772
    rcs8d                   0.9949538              0.9720384
    rcs8w                   0.9916408              0.9359105
    rcs9d                   0.9984384              0.9448298
    rcs9w                   0.9874246              0.9178282
    rcs10d                  0.9661681              0.9028681
    rcs10w                  0.7003187              0.7079514
    rcs11d                  2.0098389E-05          3.8700000E-05
    rcs11w                  0.2726163              0.3206282
    rcs12d                  3.7406214E-02          0.3763767
    rcs12w                  3.4601728E-02          0.1697874
    rcs13d                  6.9242497E-03          7.4247600E-02
    rcs13w                  6.7201789E-03          2.1928200E-02
    rcs14d                  1.4239035E-04          1.7529000E-03
    rcs14w                  1.3627450E-04          4.1480000E-04
    rcs15d                  1.5963500E-08          3.0000000E-07
    rcs15w                  1.5498641E-08          1.0000000E-07
    rcr1d                   9.1248011E-05          1.5640000E-04
    rcr1w                   1.1212660E-02          1.7868300E-02
    rcr2d                   0.5743109              0.6533893
    rcr2w                   0.3437754              0.3913640
    rcr3d                   0.8200292              0.7590833
    rcr3w                   0.6956301              0.6004590
    rcr4d                   0.6071827              0.7729839
    rcr4w                   0.6449328              0.6728523
    rcr5d                   3.9522702E-04          1.8686000E-03
    rcr5w                   0.9583045              0.8736284
    rcr6d                   2.0544242E-03          8.3166000E-03
    rcr6w                   9.7252699E-03          5.2971700E-02
    rcr7d                   9.0661428E-04          4.2112000E-03
    rcr7w                   5.9580121E-03          7.1252400E-02
    rcr8d                   4.2908468E-04          1.1367000E-03
    rcr8w                   1.1900489E-03          1.5573900E-02
    rcr9d                   0.9908377              0.7895125
    rcr9w                   5.1900169E-04          8.8993000E-03
    rcr10d                  4.2657725E-04          9.8910000E-04
    rcr10w                  5.0270415E-05          2.6381000E-03
    rcr11d                  2.0804883E-05          4.3500000E-05
    rcr11w                  2.2304233E-06          9.3100000E-05
    rcr12d                  2.0301663E-06          3.2000000E-06
    rcr12w                  4.3923921E-07          1.2600000E-05
    rcr13d                  6.6088886E-07          1.0000000E-06
    rcr13w                  3.3655729E-04          1.1185700E-02
    rcr14d                  4.2586898E-08          1.0000000E-07
    rcr14w                  8.8619822E-06          3.0280000E-04
    rcr15d                  1.1192355E-11           0.000000
    rcr15w                  4.3390138E-12           0.000000
    rcgd                    1.0937563E-09           0.000000
    rcgw                    1.8212246E-08          6.0000000E-07
    tl                      3.4617934E-04          2.1249500E-02
    xw                       0.000000               0.000000
    yw                       0.000000               0.000000
    x                       0.9999816              0.9996626
    y                       0.9903045              0.8000034
    tlr                      0.000000               0.000000
    tls                      0.000000               0.000000
    beta                    0.9997994              0.9949424
 
    Note: run IDENTPAR yourself to see identiability contributions by different solution 
    space eigencomponents.


                   ANALYSIS OF PREDICTION
                   ----------------------

 PREDVAR1 analysis for prediction "q7964" ----->

    Sing_val       Null-space       Soln-space     Total             Total
    index          term             term           variance          std_dev
    --------       ----------       ----------     --------          -------
       0            3.7202469E+10     0.000000      3.7202469E+10      192879.4    
       3            7.1857997E+08     354598.1      7.1893457E+08      26812.96    
       6            3.6147172E+08     723730.4      3.6219545E+08      19031.43    
       9            4.2421952E+07     1570384.      4.3992336E+07      6632.672    
      12            3.1472320E+07     2226676.      3.3698997E+07      5805.084    
      15             7795524.         5868061.      1.3663586E+07      3696.429    
      16             5059735.         6630204.      1.1689939E+07      3419.055    
      17             1282620.         7802205.       9084824.          3014.104    
      18             510537.1         8156927.       8667464.          2944.056    
      19             455894.8         8199691.       8655585.          2942.038    
      20             455894.7         8199691.       8655585.          2942.038    
      21             444638.3         8214603.       8659241.          2942.659    
      22             87919.78         8714762.       8802682.          2966.931    
      23             60322.70         8793329.       8853652.          2975.509    
      24             57111.68         8804302.       8861413.          2976.813    
      25             56892.10         8805459.       8862351.          2976.970    
      26             49373.32         8866969.       8916342.          2986.024    
      27             47921.06         8895508.       8943429.          2990.557    
      30             31612.99         9535556.       9567169.          3093.084    
      33             16714.09        1.0819190E+07  1.0835904E+07      3291.793    
      36             865.0167        1.2560592E+07  1.2561457E+07      3544.215    
      39             511.1971        1.2730057E+07  1.2730568E+07      3567.992    
      42             378.2923        1.2824581E+07  1.2824959E+07      3581.195    
      45             315.0560        1.2925748E+07  1.2926063E+07      3595.283    
      48             250.6442        1.3187637E+07  1.3187887E+07      3631.513    
      51             13.30905        1.6397204E+07  1.6397217E+07      4049.348    
      54            0.7523493        1.7569712E+07  1.7569713E+07      4191.624    
      57            0.1367136        1.7737244E+07  1.7737244E+07      4211.561    
      60            0.1023708        1.7751957E+07  1.7751957E+07      4213.307    
      63            2.8990041E-02    1.7887900E+07  1.7887900E+07      4229.409    
      66            1.0173372E-18    1.8966564E+07  1.8966564E+07      4355.062    
      69            4.4287969E-20    1.9219421E+07  1.9219421E+07      4383.996    
      72             0.000000        1.0000000E+35  1.0000000E+35     3.1622777E+17
      74             0.000000        1.0000000E+35  1.0000000E+35     3.1622777E+17
 
    Pre-calibration:- 
    Total error variance                 =  3.7202469E+10
    Total error standard deviation       =   192879.4    
 
    Post-calibration:-
    Total error variance                 =   8655585.    
    Total error standard deviation       =   2942.038    
    Minimum error variance occurs at singular value number 19.
 
 
 PREDUNC1 analysis for prediction "q7964" ----->

    Pre-calibration:- 
    Total uncertainty variance           =  3.7202463E+10
    Total uncertainty standard deviation =   192879.4    
 
    Post-calibration:-
    Total uncertainty variance           =   7380910.    
    Total uncertainty standard deviation =   2716.783    
 
 
 PREDUNC4 analysis for prediction "q7964" ----->

    Contributions to predictive uncertainty variance

    Parameter      Pre-cal             Post-cal
    group          contribution        contribution
    ---------      ------------        ------------
    ddsd            3.2561060E+09        390768.0    
    ddsw             0.000000            74.00000    
    ddgd             0.000000            0.000000    
    ddgw             0.000000            0.000000    
    rcsd            1.5880700E+09        2572425.    
    rcsw             0.000000            1076995.    
    rcrd             7183000.            991178.0    
    rcrw             0.000000            643146.0    
    rcgd             0.000000            0.000000    
    rcgw             0.000000            0.000000    
    tl               2000.000            9565.000    
    xw               0.000000            0.000000    
    yw               0.000000            0.000000    
    x               3.0691501E+10        2277929.    
    y               9.9272000E+07        2710717.    
    tlr              0.000000            0.000000    
    tls              0.000000            0.000000    
    beta            1.5603360E+09        1709876.    
 
 
 PREDUNC5 observation subtraction analysis for prediction "q7964" ----->

    Increases in predictive uncertainty variance incurred through loss of observations

    Observation_group        Variance_increase
    -----------------        -----------------
    q                          7380910.    
 
 
 PREDUNC5 observation addition analysis for prediction "q7964" ----->

    Decreases in pre-calibration predictive uncertainty variance incurred through addition of observations

    Observation_group        Variance_decrease
    -----------------        -----------------
    q                          7380910.    
