 
 
                   ###################################################
                   #                                                 #
                   #      GENLINPRED UNCERTAINTY/ERROR ANALYSIS      #
                   #                                                 #
                   ###################################################
 
 
 
                   ANALYSIS DETAILS
                   ----------------
 
    Name of PEST control file                                   : master_lu.pst
    Factor by which to multiply observation weights             : 1.0000
    Source of parameter uncertainty data                        : uncertainty file
    Name of uncertainty file                                    : master_lu.unc
 
    Perform global parameter estimability analysis              : yes
         Parameter identifiability                              : yes
         Relative parameter error reduction                     : no
         Relative parameter uncertainty reduction               : yes
 
    Analyse error/uncertainty of an entity                      : yes
         Name of entity                                         : q8083
         Type of entity                                         : prediction
         File containing prediction sensitivities               : master_lu.jco
 
         Total error variance                                   : yes
         Total uncertainty                                      : yes
 
         Parameter contributions to error variance              : no
         Parameter contributions to uncertainty                 : yes
         Parameter contributions                                : by group
 
         Observation worth in reducing error variance           : no
         Observation worth in reducing uncertainty variance     : yes
         Observation worth                                      : by group


                   ANALYSIS OF PARAMETERS
                   ----------------------


 Outcomes of running program SUPCALC ----->
 
    Number of dimensions of calibration solution space = 23
    Number of dimensions of calibration null space     = 51

 Outcomes of parameter identifiability and error/uncertainty variance reduction analysis ----->
 
    Parameter              Identifiability        Rel_uncert_var_redn
    ---------              ---------------        -------------------
    ddsd                    0.9999993              0.9998335
    ddsw                    0.9999946              0.9998630
    ddgd                    2.0475166E-08          3.0000000E-07
    ddgw                    1.7781924E-07          9.7000000E-06
    rcs1d                   1.1530242E-06          5.0100000E-05
    rcs1w                   2.2943727E-06          2.0300000E-05
    rcs2d                   3.3674229E-03          0.1232893
    rcs2w                   5.3984008E-03          2.2036800E-02
    rcs3d                   8.4017977E-04          2.2287700E-02
    rcs3w                   5.7784892E-02          0.1523578
    rcs4d                   2.6623354E-04          5.4521000E-03
    rcs4w                   0.9102796              0.6968983
    rcs5d                   4.6216378E-04          1.9378700E-02
    rcs5w                   0.9685409              0.8155961
    rcs6d                   5.7526514E-04          3.1311900E-02
    rcs6w                   0.9840859              0.8304616
    rcs7d                   3.8612707E-05          1.5374000E-03
    rcs7w                   0.9970557              0.9078171
    rcs8d                   0.9997135              0.9921665
    rcs8w                   0.9998267              0.9804344
    rcs9d                   0.9995442              0.9845376
    rcs9w                   0.9949461              0.9723350
    rcs10d                  0.9999183              0.9697506
    rcs10w                  0.9075096              0.8158716
    rcs11d                  3.9721225E-05          8.3000000E-05
    rcs11w                  0.4803049              0.4677445
    rcs12d                  0.8469933              0.6454199
    rcs12w                  0.5190897              0.3844958
    rcs13d                  0.1486557              0.1445749
    rcs13w                  5.5599914E-02          5.1889700E-02
    rcs14d                  3.2885430E-03          3.6750000E-03
    rcs14w                  1.0555838E-03          9.3200000E-04
    rcs15d                  5.2018409E-07          6.0000000E-07
    rcs15w                  1.7533513E-07          1.0000000E-07
    rcr1d                   1.5418463E-04          3.5760000E-04
    rcr1w                   1.2108158E-02          4.6757900E-02
    rcr2d                   0.9956114              0.8666592
    rcr2w                   0.4136972              0.6142416
    rcr3d                   0.9977867              0.9128460
    rcr3w                   0.9592537              0.8250775
    rcr4d                   0.9997380              0.9086964
    rcr4w                   0.7020341              0.7961494
    rcr5d                   4.7345339E-04          6.2604000E-03
    rcr5w                   0.9809598              0.9520833
    rcr6d                   2.1171087E-03          2.7346900E-02
    rcr6w                   1.7839406E-02          0.1519540
    rcr7d                   9.1193076E-04          1.4295500E-02
    rcr7w                   2.0098171E-02          0.2086922
    rcr8d                   4.2989714E-04          3.5042000E-03
    rcr8w                   5.6826350E-03          4.7468700E-02
    rcr9d                   0.9963398              0.9343424
    rcr9w                   3.6801788E-03          2.8752200E-02
    rcr10d                  4.3545028E-04          2.9926000E-03
    rcr10w                  4.7096472E-04          9.2508000E-03
    rcr11d                  2.1098807E-05          1.2680000E-04
    rcr11w                  1.2068758E-05          3.2620000E-04
    rcr12d                  2.0635966E-06          8.1000000E-06
    rcr12w                  3.0426452E-06          4.2500000E-05
    rcr13d                  6.6995251E-07          2.7000000E-06
    rcr13w                  3.7767954E-03          3.7299300E-02
    rcr14d                  4.3273051E-08          2.0000000E-07
    rcr14w                  8.0558064E-05          1.0156000E-03
    rcr15d                  1.1372684E-11           0.000000
    rcr15w                  3.9442917E-11           0.000000
    rcgd                    5.1187915E-09          1.0000000E-07
    rcgw                    4.4454809E-08          2.4000000E-06
    tl                      1.4326744E-03          7.9178100E-02
    xw                       0.000000               0.000000
    yw                       0.000000               0.000000
    x                       0.9983645              0.9981237
    y                       1.1564168E-02          0.1363828
    tlr                      0.000000               0.000000
    tls                      0.000000               0.000000
    beta                    0.9897408              0.8971566
 
    Note: run IDENTPAR yourself to see identiability contributions by different solution 
    space eigencomponents.


                   ANALYSIS OF PREDICTION
                   ----------------------

 PREDVAR1 analysis for prediction "q8083" ----->

    Sing_val       Null-space       Soln-space     Total             Total
    index          term             term           variance          std_dev
    --------       ----------       ----------     --------          -------
       0            1.2695353E+08     0.000000      1.2695353E+08      11267.37    
       3            8.9971219E+07     4364.730      8.9975584E+07      9485.546    
       6            2.5144032E+07     37274.54      2.5181306E+07      5018.098    
       9            1.2451621E+07     48505.99      1.2500127E+07      3535.552    
      12            1.1111608E+07     91841.25      1.1203449E+07      3347.155    
      15             981620.3         568220.0       1549840.          1244.926    
      16             213170.5         634195.2       847365.7          920.5247    
      17             181709.4         638408.9       820118.3          905.6038    
      18             172941.3         640164.4       813105.7          901.7237    
      19             130679.9         651979.8       782659.7          884.6806    
      20             123095.6         654460.9       777556.5          881.7916    
      21             10173.69         694726.2       704899.9          839.5832    
      22             10104.29         694774.7       704879.0          839.5707    
      23             9778.407         695054.1       704832.5          839.5430    
      24             8865.153         696257.2       705122.3          839.7156    
      25             7421.086         699063.7       706484.8          840.5265    
      26             6659.921         702598.5       709258.4          842.1748    
      27             5719.078         707856.7       713575.8          844.7342    
      30             4510.678         717916.9       722427.6          849.9574    
      33             3019.208         747186.6       750205.8          866.1442    
      36             897.4723         806602.4       807499.9          898.6100    
      39             895.2703         806766.4       807661.7          898.7000    
      42             876.0472         810098.4       810974.4          900.5412    
      45             32.83144         1133823.       1133856.          1064.827    
      48             10.05579         1164769.       1164779.          1079.249    
      51             2.036885         1181995.       1181997.          1087.197    
      54             1.841548         1186499.       1186501.          1089.266    
      57            0.8385349         1274909.       1274910.          1129.119    
      60            0.8032517         1278589.       1278590.          1130.748    
      63            5.1458163E-03     1620127.       1620127.          1272.842    
      66            9.1722974E-18     1830698.       1830698.          1353.033    
      69            1.3278258E-19     2635433.       2635433.          1623.402    
      72             0.000000        1.0000000E+35  1.0000000E+35     3.1622777E+17
      74             0.000000        1.0000000E+35  1.0000000E+35     3.1622777E+17
 
    Pre-calibration:- 
    Total error variance                 =  1.2695353E+08
    Total error standard deviation       =   11267.37    
 
    Post-calibration:-
    Total error variance                 =   704832.5    
    Total error standard deviation       =   839.5430    
    Minimum error variance occurs at singular value number 23.
 
 
 PREDUNC1 analysis for prediction "q8083" ----->

    Pre-calibration:- 
    Total uncertainty variance           =  1.2695363E+08
    Total uncertainty standard deviation =   11267.37    
 
    Post-calibration:-
    Total uncertainty variance           =   660512.2    
    Total uncertainty standard deviation =   812.7190    
 
 
 PREDUNC4 analysis for prediction "q8083" ----->

    Contributions to predictive uncertainty variance

    Parameter      Pre-cal             Post-cal
    group          contribution        contribution
    ---------      ------------        ------------
    ddsd             1251080.            2826.900    
    ddsw             0.000000            203.2000    
    ddgd             0.000000            0.000000    
    ddgw             0.000000            0.000000    
    rcsd             242230.0            192824.7    
    rcsw             0.000000            41854.40    
    rcrd            8.6584881E+07        485593.9    
    rcrw             0.000000            40579.00    
    rcgd             0.000000            0.000000    
    rcgw             0.000000            0.000000    
    tl               10.00000            38.90000    
    xw               0.000000            0.000000    
    yw               0.000000            0.000000    
    x               3.2175778E+07        369.2000    
    y                13550.00            2089.700    
    tlr              0.000000            0.000000    
    tls              0.000000            0.000000    
    beta             6685980.            75212.00    
 
 
 PREDUNC5 observation subtraction analysis for prediction "q8083" ----->

    Increases in predictive uncertainty variance incurred through loss of observations

    Observation_group        Variance_increase
    -----------------        -----------------
    q                          660512.2    
 
 
 PREDUNC5 observation addition analysis for prediction "q8083" ----->

    Decreases in pre-calibration predictive uncertainty variance incurred through addition of observations

    Observation_group        Variance_decrease
    -----------------        -----------------
    q                          660512.2    
