 
 
                   ###################################################
                   #                                                 #
                   #      GENLINPRED UNCERTAINTY/ERROR ANALYSIS      #
                   #                                                 #
                   ###################################################
 
 
 
                   ANALYSIS DETAILS
                   ----------------
 
    Name of PEST control file                                   : master_lu.pst
    Factor by which to multiply observation weights             : 1.0000
    Source of parameter uncertainty data                        : uncertainty file
    Name of uncertainty file                                    : master_lu.unc
 
    Perform global parameter estimability analysis              : yes
         Parameter identifiability                              : yes
         Relative parameter error reduction                     : no
         Relative parameter uncertainty reduction               : yes
 
    Analyse error/uncertainty of an entity                      : yes
         Name of entity                                         : q7797
         Type of entity                                         : prediction
         File containing prediction sensitivities               : master_lu.jco
 
         Total error variance                                   : yes
         Total uncertainty                                      : yes
 
         Parameter contributions to error variance              : no
         Parameter contributions to uncertainty                 : yes
         Parameter contributions                                : by group
 
         Observation worth in reducing error variance           : no
         Observation worth in reducing uncertainty variance     : yes
         Observation worth                                      : by group


                   ANALYSIS OF PARAMETERS
                   ----------------------


 Outcomes of running program SUPCALC ----->
 
    Number of dimensions of calibration solution space = 23
    Number of dimensions of calibration null space     = 51

 Outcomes of parameter identifiability and error/uncertainty variance reduction analysis ----->
 
    Parameter              Identifiability        Rel_uncert_var_redn
    ---------              ---------------        -------------------
    ddsd                    0.9999993              0.9998335
    ddsw                    0.9999946              0.9998630
    ddgd                    2.0475166E-08          3.0000000E-07
    ddgw                    1.7781924E-07          9.7000000E-06
    rcs1d                   1.1530242E-06          5.0100000E-05
    rcs1w                   2.2943727E-06          2.0300000E-05
    rcs2d                   3.3674229E-03          0.1232893
    rcs2w                   5.3984008E-03          2.2036800E-02
    rcs3d                   8.4017977E-04          2.2287700E-02
    rcs3w                   5.7784892E-02          0.1523578
    rcs4d                   2.6623354E-04          5.4521000E-03
    rcs4w                   0.9102796              0.6968983
    rcs5d                   4.6216378E-04          1.9378700E-02
    rcs5w                   0.9685409              0.8155961
    rcs6d                   5.7526514E-04          3.1311900E-02
    rcs6w                   0.9840859              0.8304616
    rcs7d                   3.8612707E-05          1.5374000E-03
    rcs7w                   0.9970557              0.9078171
    rcs8d                   0.9997135              0.9921665
    rcs8w                   0.9998267              0.9804344
    rcs9d                   0.9995442              0.9845376
    rcs9w                   0.9949461              0.9723350
    rcs10d                  0.9999183              0.9697506
    rcs10w                  0.9075096              0.8158716
    rcs11d                  3.9721225E-05          8.3000000E-05
    rcs11w                  0.4803049              0.4677445
    rcs12d                  0.8469933              0.6454199
    rcs12w                  0.5190897              0.3844958
    rcs13d                  0.1486557              0.1445749
    rcs13w                  5.5599914E-02          5.1889700E-02
    rcs14d                  3.2885430E-03          3.6750000E-03
    rcs14w                  1.0555838E-03          9.3200000E-04
    rcs15d                  5.2018409E-07          6.0000000E-07
    rcs15w                  1.7533513E-07          1.0000000E-07
    rcr1d                   1.5418463E-04          3.5760000E-04
    rcr1w                   1.2108158E-02          4.6757900E-02
    rcr2d                   0.9956114              0.8666592
    rcr2w                   0.4136972              0.6142416
    rcr3d                   0.9977867              0.9128460
    rcr3w                   0.9592537              0.8250775
    rcr4d                   0.9997380              0.9086964
    rcr4w                   0.7020341              0.7961494
    rcr5d                   4.7345339E-04          6.2604000E-03
    rcr5w                   0.9809598              0.9520833
    rcr6d                   2.1171087E-03          2.7346900E-02
    rcr6w                   1.7839406E-02          0.1519540
    rcr7d                   9.1193076E-04          1.4295500E-02
    rcr7w                   2.0098171E-02          0.2086922
    rcr8d                   4.2989714E-04          3.5042000E-03
    rcr8w                   5.6826350E-03          4.7468700E-02
    rcr9d                   0.9963398              0.9343424
    rcr9w                   3.6801788E-03          2.8752200E-02
    rcr10d                  4.3545028E-04          2.9926000E-03
    rcr10w                  4.7096472E-04          9.2508000E-03
    rcr11d                  2.1098807E-05          1.2680000E-04
    rcr11w                  1.2068758E-05          3.2620000E-04
    rcr12d                  2.0635966E-06          8.1000000E-06
    rcr12w                  3.0426452E-06          4.2500000E-05
    rcr13d                  6.6995251E-07          2.7000000E-06
    rcr13w                  3.7767954E-03          3.7299300E-02
    rcr14d                  4.3273051E-08          2.0000000E-07
    rcr14w                  8.0558064E-05          1.0156000E-03
    rcr15d                  1.1372684E-11           0.000000
    rcr15w                  3.9442917E-11           0.000000
    rcgd                    5.1187915E-09          1.0000000E-07
    rcgw                    4.4454809E-08          2.4000000E-06
    tl                      1.4326744E-03          7.9178100E-02
    xw                       0.000000               0.000000
    yw                       0.000000               0.000000
    x                       0.9983645              0.9981237
    y                       1.1564168E-02          0.1363828
    tlr                      0.000000               0.000000
    tls                      0.000000               0.000000
    beta                    0.9897408              0.8971566
 
    Note: run IDENTPAR yourself to see identiability contributions by different solution 
    space eigencomponents.


                   ANALYSIS OF PREDICTION
                   ----------------------

 PREDVAR1 analysis for prediction "q7797" ----->

    Sing_val       Null-space       Soln-space     Total             Total
    index          term             term           variance          std_dev
    --------       ----------       ----------     --------          -------
       0            3.2341332E+08     0.000000      3.2341332E+08      17983.70    
       3            1.5753925E+08     18829.09      1.5755808E+08      12552.21    
       6            3.7241318E+07     78513.39      3.7319831E+07      6108.996    
       9            1.4544719E+07     101060.0      1.4645779E+07      3826.980    
      12            1.2547684E+07     157502.8      1.2705186E+07      3564.433    
      15             278157.3         729891.1       1008048.          1004.016    
      16             272214.7         730401.3       1002616.          1001.307    
      17             207189.1         739110.4       946299.5          972.7793    
      18             207149.9         739118.3       946268.2          972.7632    
      19             185666.7         745124.5       930791.2          964.7752    
      20             175763.0         748364.4       924127.4          961.3155    
      21             53843.24         791838.2       845681.4          919.6094    
      22             53824.80         791851.0       845675.8          919.6063    
      23             53763.38         791903.7       845667.1          919.6016    
      24             52767.43         793215.8       845983.2          919.7735    
      25             49483.50         799598.0       849081.5          921.4562    
      26             41270.60         837737.8       879008.4          937.5545    
      27             24036.43         934057.5       958093.9          978.8227    
      30             5230.423         1087111.       1092341.          1045.151    
      33             4089.081         1106447.       1110536.          1053.820    
      36             3348.764         1127636.       1130984.          1063.477    
      39             3294.171         1131194.       1134489.          1065.124    
      42             3248.318         1139503.       1142751.          1068.995    
      45             187.8355         2326858.       2327046.          1525.466    
      48             49.20361         2421272.       2421321.          1556.059    
      51             2.768189         2669517.       2669519.          1633.866    
      54             1.849303         2690984.       2690986.          1640.423    
      57            0.1343172         2806771.       2806772.          1675.342    
      60            0.1125853         2809086.       2809086.          1676.033    
      63            5.8405989E-03     3106292.       3106292.          1762.468    
      66            1.3478437E-19     3266809.       3266809.          1807.432    
      69            6.5557506E-20     3271937.       3271937.          1808.850    
      72             0.000000        1.0000000E+35  1.0000000E+35     3.1622777E+17
      74             0.000000        1.0000000E+35  1.0000000E+35     3.1622777E+17
 
    Pre-calibration:- 
    Total error variance                 =  3.2341332E+08
    Total error standard deviation       =   17983.70    
 
    Post-calibration:-
    Total error variance                 =   845667.1    
    Total error standard deviation       =   919.6016    
    Minimum error variance occurs at singular value number 23.
 
 
 PREDUNC1 analysis for prediction "q7797" ----->

    Pre-calibration:- 
    Total uncertainty variance           =  3.2341347E+08
    Total uncertainty standard deviation =   17983.70    
 
    Post-calibration:-
    Total uncertainty variance           =   795755.9    
    Total uncertainty standard deviation =   892.0515    
 
 
 PREDUNC4 analysis for prediction "q7797" ----->

    Contributions to predictive uncertainty variance

    Parameter      Pre-cal             Post-cal
    group          contribution        contribution
    ---------      ------------        ------------
    ddsd             39990.00            4109.200    
    ddsw             0.000000            26.50000    
    ddgd             0.000000            0.000000    
    ddgw             0.000000            0.000000    
    rcsd             88010.00            139148.5    
    rcsw             0.000000            15854.40    
    rcrd            1.6395774E+08        591109.0    
    rcrw             0.000000            19321.90    
    rcgd             0.000000            0.000000    
    rcgw             0.000000            0.000000    
    tl               0.000000            225.8000    
    xw               0.000000            0.000000    
    yw               0.000000            0.000000    
    x               1.5356266E+08        11357.60    
    y                320510.0            34874.40    
    tlr              0.000000            0.000000    
    tls              0.000000            0.000000    
    beta             5444430.            34203.70    
 
 
 PREDUNC5 observation subtraction analysis for prediction "q7797" ----->

    Increases in predictive uncertainty variance incurred through loss of observations

    Observation_group        Variance_increase
    -----------------        -----------------
    q                          795755.9    
 
 
 PREDUNC5 observation addition analysis for prediction "q7797" ----->

    Decreases in pre-calibration predictive uncertainty variance incurred through addition of observations

    Observation_group        Variance_decrease
    -----------------        -----------------
    q                          795755.9    
