 
 
                   ###################################################
                   #                                                 #
                   #      GENLINPRED UNCERTAINTY/ERROR ANALYSIS      #
                   #                                                 #
                   ###################################################
 
 
 
                   ANALYSIS DETAILS
                   ----------------
 
    Name of PEST control file                                   : master_lu.pst
    Factor by which to multiply observation weights             : 1.0000
    Source of parameter uncertainty data                        : uncertainty file
    Name of uncertainty file                                    : master_lu.unc
 
    Perform global parameter estimability analysis              : yes
         Parameter identifiability                              : yes
         Relative parameter error reduction                     : no
         Relative parameter uncertainty reduction               : yes
 
    Analyse error/uncertainty of an entity                      : yes
         Name of entity                                         : q7896
         Type of entity                                         : prediction
         File containing prediction sensitivities               : master_lu.jco
 
         Total error variance                                   : yes
         Total uncertainty                                      : yes
 
         Parameter contributions to error variance              : no
         Parameter contributions to uncertainty                 : yes
         Parameter contributions                                : by group
 
         Observation worth in reducing error variance           : no
         Observation worth in reducing uncertainty variance     : yes
         Observation worth                                      : by group


                   ANALYSIS OF PARAMETERS
                   ----------------------


 Outcomes of running program SUPCALC ----->
 
    Number of dimensions of calibration solution space = 19
    Number of dimensions of calibration null space     = 55

 Outcomes of parameter identifiability and error/uncertainty variance reduction analysis ----->
 
    Parameter              Identifiability        Rel_uncert_var_redn
    ---------              ---------------        -------------------
    ddsd                    0.9999214              0.9993797
    ddsw                    0.9999772              0.9994965
    ddgd                    4.3750252E-09          1.0000000E-07
    ddgw                    7.2848986E-08          2.5000000E-06
    rcs1d                   5.8414211E-07          1.3400000E-05
    rcs1w                   3.5602456E-07          5.7000000E-06
    rcs2d                   2.4962101E-03          3.5370900E-02
    rcs2w                   1.6443295E-03          7.0652000E-03
    rcs3d                   5.8095495E-04          6.3656000E-03
    rcs3w                   2.6746417E-02          5.9605500E-02
    rcs4d                   9.8176982E-05          1.5374000E-03
    rcs4w                   0.3365548              0.4264299
    rcs5d                   3.1027924E-04          5.2860000E-03
    rcs5w                   0.6064460              0.6401851
    rcs6d                   4.1328222E-04          8.4614000E-03
    rcs6w                   0.5457628              0.6554362
    rcs7d                   3.5543595E-05          4.1970000E-04
    rcs7w                   0.8227348              0.7624772
    rcs8d                   0.9949538              0.9720384
    rcs8w                   0.9916408              0.9359105
    rcs9d                   0.9984384              0.9448298
    rcs9w                   0.9874246              0.9178282
    rcs10d                  0.9661681              0.9028681
    rcs10w                  0.7003187              0.7079514
    rcs11d                  2.0098389E-05          3.8700000E-05
    rcs11w                  0.2726163              0.3206282
    rcs12d                  3.7406214E-02          0.3763767
    rcs12w                  3.4601728E-02          0.1697874
    rcs13d                  6.9242497E-03          7.4247600E-02
    rcs13w                  6.7201789E-03          2.1928200E-02
    rcs14d                  1.4239035E-04          1.7529000E-03
    rcs14w                  1.3627450E-04          4.1480000E-04
    rcs15d                  1.5963500E-08          3.0000000E-07
    rcs15w                  1.5498641E-08          1.0000000E-07
    rcr1d                   9.1248011E-05          1.5640000E-04
    rcr1w                   1.1212660E-02          1.7868300E-02
    rcr2d                   0.5743109              0.6533893
    rcr2w                   0.3437754              0.3913640
    rcr3d                   0.8200292              0.7590833
    rcr3w                   0.6956301              0.6004590
    rcr4d                   0.6071827              0.7729839
    rcr4w                   0.6449328              0.6728523
    rcr5d                   3.9522702E-04          1.8686000E-03
    rcr5w                   0.9583045              0.8736284
    rcr6d                   2.0544242E-03          8.3166000E-03
    rcr6w                   9.7252699E-03          5.2971700E-02
    rcr7d                   9.0661428E-04          4.2112000E-03
    rcr7w                   5.9580121E-03          7.1252400E-02
    rcr8d                   4.2908468E-04          1.1367000E-03
    rcr8w                   1.1900489E-03          1.5573900E-02
    rcr9d                   0.9908377              0.7895125
    rcr9w                   5.1900169E-04          8.8993000E-03
    rcr10d                  4.2657725E-04          9.8910000E-04
    rcr10w                  5.0270415E-05          2.6381000E-03
    rcr11d                  2.0804883E-05          4.3500000E-05
    rcr11w                  2.2304233E-06          9.3100000E-05
    rcr12d                  2.0301663E-06          3.2000000E-06
    rcr12w                  4.3923921E-07          1.2600000E-05
    rcr13d                  6.6088886E-07          1.0000000E-06
    rcr13w                  3.3655729E-04          1.1185700E-02
    rcr14d                  4.2586898E-08          1.0000000E-07
    rcr14w                  8.8619822E-06          3.0280000E-04
    rcr15d                  1.1192355E-11           0.000000
    rcr15w                  4.3390138E-12           0.000000
    rcgd                    1.0937563E-09           0.000000
    rcgw                    1.8212246E-08          6.0000000E-07
    tl                      3.4617934E-04          2.1249500E-02
    xw                       0.000000               0.000000
    yw                       0.000000               0.000000
    x                       0.9999816              0.9996626
    y                       0.9903045              0.8000034
    tlr                      0.000000               0.000000
    tls                      0.000000               0.000000
    beta                    0.9997994              0.9949424
 
    Note: run IDENTPAR yourself to see identiability contributions by different solution 
    space eigencomponents.


                   ANALYSIS OF PREDICTION
                   ----------------------

 PREDVAR1 analysis for prediction "q7896" ----->

    Sing_val       Null-space       Soln-space     Total             Total
    index          term             term           variance          std_dev
    --------       ----------       ----------     --------          -------
       0            2.4541321E+09     0.000000      2.4541321E+09      49539.20    
       3            1.4627294E+08     125020.7      1.4639796E+08      12099.50    
       6            3.8351963E+07     176980.6      3.8528943E+07      6207.169    
       9             1969169.         276836.7       2246005.          1498.668    
      12             975126.6         305779.0       1280906.          1131.771    
      13             798543.0         330105.4       1128648.          1062.378    
      14             472499.3         381053.2       853552.5          923.8791    
      15             212389.8         431008.2       643398.0          802.1209    
      16             169684.4         442905.2       612589.6          782.6810    
      17             75535.18         472118.7       547653.9          740.0364    
      18             41360.34         487819.9       529180.2          727.4477    
      19             40785.94         488269.4       529055.3          727.3619    
      20             12937.25         518948.9       531886.1          729.3052    
      21             9456.862         523559.6       533016.5          730.0798    
      22             4549.160         530440.7       534989.9          731.4300    
      23             3319.570         533941.3       537260.9          732.9808    
      24             2970.990         535132.4       538103.4          733.5553    
      27             2374.992         541384.3       543759.3          737.4004    
      30             2167.827         550048.3       552216.1          743.1124    
      33             537.0740         677065.2       677602.3          823.1660    
      36             513.7599         679636.1       680149.9          824.7120    
      39             450.0337         708972.5       709422.5          842.2722    
      42             339.3133         785924.8       786264.1          886.7153    
      45             147.7144         1129735.       1129882.          1062.959    
      48             13.79077         1474235.       1474249.          1214.187    
      51            0.7385028         1681891.       1681892.          1296.878    
      54            0.6262037         1690684.       1690684.          1300.263    
      57            7.9983926E-02     1787807.       1787807.          1337.089    
      60            5.7307517E-02     1799664.       1799664.          1341.516    
      63            4.9015219E-03     2369007.       2369007.          1539.158    
      66            2.6277658E-19     2882791.       2882791.          1697.878    
      69            1.1309001E-19     2889144.       2889144.          1699.748    
      72             0.000000        1.0000000E+35  1.0000000E+35     3.1622777E+17
      74             0.000000        1.0000000E+35  1.0000000E+35     3.1622777E+17
 
    Pre-calibration:- 
    Total error variance                 =  2.4541321E+09
    Total error standard deviation       =   49539.20    
 
    Post-calibration:-
    Total error variance                 =   529055.3    
    Total error standard deviation       =   727.3619    
    Minimum error variance occurs at singular value number 19.
 
 
 PREDUNC1 analysis for prediction "q7896" ----->

    Pre-calibration:- 
    Total uncertainty variance           =  2.4541323E+09
    Total uncertainty standard deviation =   49539.20    
 
    Post-calibration:-
    Total uncertainty variance           =   477939.5    
    Total uncertainty standard deviation =   691.3317    
 
 
 PREDUNC4 analysis for prediction "q7896" ----->

    Contributions to predictive uncertainty variance

    Parameter      Pre-cal             Post-cal
    group          contribution        contribution
    ---------      ------------        ------------
    ddsd            1.3510830E+09        6047.700    
    ddsw             0.000000            608.8000    
    ddgd             0.000000            0.000000    
    ddgw             0.000000            0.000000    
    rcsd            1.1695460E+08        121721.8    
    rcsw             0.000000            144384.3    
    rcrd            1.0607610E+08        49723.30    
    rcrw             0.000000            47287.40    
    rcgd             0.000000            0.000000    
    rcgw             0.000000            0.000000    
    tl               2900.000            74.90000    
    xw               0.000000            0.000000    
    yw               0.000000            0.000000    
    x               9.4753700E+07        63702.60    
    y                70000.00            64269.70    
    tlr              0.000000            0.000000    
    tls              0.000000            0.000000    
    beta            7.8519220E+08        148446.3    
 
 
 PREDUNC5 observation subtraction analysis for prediction "q7896" ----->

    Increases in predictive uncertainty variance incurred through loss of observations

    Observation_group        Variance_increase
    -----------------        -----------------
    q                          477939.5    
 
 
 PREDUNC5 observation addition analysis for prediction "q7896" ----->

    Decreases in pre-calibration predictive uncertainty variance incurred through addition of observations

    Observation_group        Variance_decrease
    -----------------        -----------------
    q                          477939.5    
