 
 
                   ###################################################
                   #                                                 #
                   #      GENLINPRED UNCERTAINTY/ERROR ANALYSIS      #
                   #                                                 #
                   ###################################################
 
 
 
                   ANALYSIS DETAILS
                   ----------------
 
    Name of PEST control file                                   : master_lu.pst
    Factor by which to multiply observation weights             : 1.0000
    Source of parameter uncertainty data                        : uncertainty file
    Name of uncertainty file                                    : master_lu.unc
 
    Perform global parameter estimability analysis              : yes
         Parameter identifiability                              : yes
         Relative parameter error reduction                     : no
         Relative parameter uncertainty reduction               : yes
 
    Analyse error/uncertainty of an entity                      : yes
         Name of entity                                         : q7962
         Type of entity                                         : prediction
         File containing prediction sensitivities               : master_lu.jco
 
         Total error variance                                   : yes
         Total uncertainty                                      : yes
 
         Parameter contributions to error variance              : no
         Parameter contributions to uncertainty                 : yes
         Parameter contributions                                : by group
 
         Observation worth in reducing error variance           : no
         Observation worth in reducing uncertainty variance     : yes
         Observation worth                                      : by group


                   ANALYSIS OF PARAMETERS
                   ----------------------


 Outcomes of running program SUPCALC ----->
 
    Number of dimensions of calibration solution space = 19
    Number of dimensions of calibration null space     = 55

 Outcomes of parameter identifiability and error/uncertainty variance reduction analysis ----->
 
    Parameter              Identifiability        Rel_uncert_var_redn
    ---------              ---------------        -------------------
    ddsd                    0.9999214              0.9993797
    ddsw                    0.9999772              0.9994965
    ddgd                    4.3750252E-09          1.0000000E-07
    ddgw                    7.2848986E-08          2.5000000E-06
    rcs1d                   5.8414211E-07          1.3400000E-05
    rcs1w                   3.5602456E-07          5.7000000E-06
    rcs2d                   2.4962101E-03          3.5370900E-02
    rcs2w                   1.6443295E-03          7.0652000E-03
    rcs3d                   5.8095495E-04          6.3656000E-03
    rcs3w                   2.6746417E-02          5.9605500E-02
    rcs4d                   9.8176982E-05          1.5374000E-03
    rcs4w                   0.3365548              0.4264299
    rcs5d                   3.1027924E-04          5.2860000E-03
    rcs5w                   0.6064460              0.6401851
    rcs6d                   4.1328222E-04          8.4614000E-03
    rcs6w                   0.5457628              0.6554362
    rcs7d                   3.5543595E-05          4.1970000E-04
    rcs7w                   0.8227348              0.7624772
    rcs8d                   0.9949538              0.9720384
    rcs8w                   0.9916408              0.9359105
    rcs9d                   0.9984384              0.9448298
    rcs9w                   0.9874246              0.9178282
    rcs10d                  0.9661681              0.9028681
    rcs10w                  0.7003187              0.7079514
    rcs11d                  2.0098389E-05          3.8700000E-05
    rcs11w                  0.2726163              0.3206282
    rcs12d                  3.7406214E-02          0.3763767
    rcs12w                  3.4601728E-02          0.1697874
    rcs13d                  6.9242497E-03          7.4247600E-02
    rcs13w                  6.7201789E-03          2.1928200E-02
    rcs14d                  1.4239035E-04          1.7529000E-03
    rcs14w                  1.3627450E-04          4.1480000E-04
    rcs15d                  1.5963500E-08          3.0000000E-07
    rcs15w                  1.5498641E-08          1.0000000E-07
    rcr1d                   9.1248011E-05          1.5640000E-04
    rcr1w                   1.1212660E-02          1.7868300E-02
    rcr2d                   0.5743109              0.6533893
    rcr2w                   0.3437754              0.3913640
    rcr3d                   0.8200292              0.7590833
    rcr3w                   0.6956301              0.6004590
    rcr4d                   0.6071827              0.7729839
    rcr4w                   0.6449328              0.6728523
    rcr5d                   3.9522702E-04          1.8686000E-03
    rcr5w                   0.9583045              0.8736284
    rcr6d                   2.0544242E-03          8.3166000E-03
    rcr6w                   9.7252699E-03          5.2971700E-02
    rcr7d                   9.0661428E-04          4.2112000E-03
    rcr7w                   5.9580121E-03          7.1252400E-02
    rcr8d                   4.2908468E-04          1.1367000E-03
    rcr8w                   1.1900489E-03          1.5573900E-02
    rcr9d                   0.9908377              0.7895125
    rcr9w                   5.1900169E-04          8.8993000E-03
    rcr10d                  4.2657725E-04          9.8910000E-04
    rcr10w                  5.0270415E-05          2.6381000E-03
    rcr11d                  2.0804883E-05          4.3500000E-05
    rcr11w                  2.2304233E-06          9.3100000E-05
    rcr12d                  2.0301663E-06          3.2000000E-06
    rcr12w                  4.3923921E-07          1.2600000E-05
    rcr13d                  6.6088886E-07          1.0000000E-06
    rcr13w                  3.3655729E-04          1.1185700E-02
    rcr14d                  4.2586898E-08          1.0000000E-07
    rcr14w                  8.8619822E-06          3.0280000E-04
    rcr15d                  1.1192355E-11           0.000000
    rcr15w                  4.3390138E-12           0.000000
    rcgd                    1.0937563E-09           0.000000
    rcgw                    1.8212246E-08          6.0000000E-07
    tl                      3.4617934E-04          2.1249500E-02
    xw                       0.000000               0.000000
    yw                       0.000000               0.000000
    x                       0.9999816              0.9996626
    y                       0.9903045              0.8000034
    tlr                      0.000000               0.000000
    tls                      0.000000               0.000000
    beta                    0.9997994              0.9949424
 
    Note: run IDENTPAR yourself to see identiability contributions by different solution 
    space eigencomponents.


                   ANALYSIS OF PREDICTION
                   ----------------------

 PREDVAR1 analysis for prediction "q7962" ----->

    Sing_val       Null-space       Soln-space     Total             Total
    index          term             term           variance          std_dev
    --------       ----------       ----------     --------          -------
       0            3.8897282E+10     0.000000      3.8897282E+10      197223.9    
       3            8.8425263E+08     301936.1      8.8455457E+08      29741.46    
       6            3.7796420E+08     776310.7      3.7874051E+08      19461.26    
       9            3.3808924E+07     1781778.      3.5590702E+07      5965.794    
      12            2.4794239E+07     2339880.      2.7134119E+07      5209.042    
      15             8832499.         4863623.      1.3696122E+07      3700.827    
      16             5540158.         5780811.      1.1320969E+07      3364.665    
      17             1283312.         7101667.       8384979.          2895.683    
      18             487786.3         7467161.       7954947.          2820.452    
      19             422540.1         7518223.       7940763.          2817.936    
      20             421850.2         7518983.       7940833.          2817.948    
      21             409449.1         7535411.       7944860.          2818.663    
      22             81328.66         7995473.       8076801.          2841.971    
      23             52519.67         8077490.       8130010.          2851.317    
      24             49895.63         8086457.       8136352.          2852.429    
      25             49817.30         8086869.       8136687.          2852.488    
      26             43011.69         8142545.       8185557.          2861.041    
      27             41771.06         8166925.       8208696.          2865.082    
      30             20675.65         8997265.       9017941.          3002.989    
      33             11947.33         9748645.       9760593.          3124.195    
      36             743.5100        1.0983869E+07  1.0984612E+07      3314.304    
      39             542.6635        1.1078266E+07  1.1078809E+07      3328.484    
      42             354.2214        1.1212194E+07  1.1212548E+07      3348.514    
      45             313.4887        1.1273911E+07  1.1274225E+07      3357.711    
      48             275.1384        1.1420207E+07  1.1420483E+07      3379.421    
      51             12.96328        1.4634941E+07  1.4634954E+07      3825.566    
      54            0.8841190        1.5763415E+07  1.5763416E+07      3970.317    
      57            0.1250493        1.5960505E+07  1.5960505E+07      3995.060    
      60            9.0646632E-02    1.5974653E+07  1.5974654E+07      3996.830    
      63            4.4992627E-02    1.6117669E+07  1.6117669E+07      4014.682    
      66            3.4909389E-18    1.7730080E+07  1.7730080E+07      4210.710    
      69            7.1622007E-21    1.8790146E+07  1.8790146E+07      4334.760    
      72             0.000000        1.0000000E+35  1.0000000E+35     3.1622777E+17
      74             0.000000        1.0000000E+35  1.0000000E+35     3.1622777E+17
 
    Pre-calibration:- 
    Total error variance                 =  3.8897282E+10
    Total error standard deviation       =   197223.9    
 
    Post-calibration:-
    Total error variance                 =   7940763.    
    Total error standard deviation       =   2817.936    
    Minimum error variance occurs at singular value number 19.
 
 
 PREDUNC1 analysis for prediction "q7962" ----->

    Pre-calibration:- 
    Total uncertainty variance           =  3.8897267E+10
    Total uncertainty standard deviation =   197223.9    
 
    Post-calibration:-
    Total uncertainty variance           =   6745702.    
    Total uncertainty standard deviation =   2597.249    
 
 
 PREDUNC4 analysis for prediction "q7962" ----->

    Contributions to predictive uncertainty variance

    Parameter      Pre-cal             Post-cal
    group          contribution        contribution
    ---------      ------------        ------------
    ddsd            2.2353720E+09        666619.0    
    ddsw             0.000000            0.000000    
    ddgd             0.000000            0.000000    
    ddgw             0.000000            0.000000    
    rcsd            1.4914590E+09        1243998.    
    rcsw             0.000000            1000117.    
    rcrd             8360000.            1021449.    
    rcrw             0.000000            679467.0    
    rcgd             0.000000            0.000000    
    rcgw             0.000000            0.000000    
    tl               0.000000            13032.00    
    xw               0.000000            0.000000    
    yw               0.000000            0.000000    
    x               3.3546596E+10        2522655.    
    y               1.1141400E+08        3063696.    
    tlr              0.000000            0.000000    
    tls              0.000000            0.000000    
    beta            1.5040780E+09        1723744.    
 
 
 PREDUNC5 observation subtraction analysis for prediction "q7962" ----->

    Increases in predictive uncertainty variance incurred through loss of observations

    Observation_group        Variance_increase
    -----------------        -----------------
    q                          6745702.    
 
 
 PREDUNC5 observation addition analysis for prediction "q7962" ----->

    Decreases in pre-calibration predictive uncertainty variance incurred through addition of observations

    Observation_group        Variance_decrease
    -----------------        -----------------
    q                          6745702.    
