 
 
                   ###################################################
                   #                                                 #
                   #      GENLINPRED UNCERTAINTY/ERROR ANALYSIS      #
                   #                                                 #
                   ###################################################
 
 
 
                   ANALYSIS DETAILS
                   ----------------
 
    Name of PEST control file                                   : master_lu.pst
    Factor by which to multiply observation weights             : 1.0000
    Source of parameter uncertainty data                        : uncertainty file
    Name of uncertainty file                                    : master_lu.unc
 
    Perform global parameter estimability analysis              : yes
         Parameter identifiability                              : yes
         Relative parameter error reduction                     : no
         Relative parameter uncertainty reduction               : yes
 
    Analyse error/uncertainty of an entity                      : yes
         Name of entity                                         : q7919
         Type of entity                                         : prediction
         File containing prediction sensitivities               : master_lu.jco
 
         Total error variance                                   : yes
         Total uncertainty                                      : yes
 
         Parameter contributions to error variance              : no
         Parameter contributions to uncertainty                 : yes
         Parameter contributions                                : by group
 
         Observation worth in reducing error variance           : no
         Observation worth in reducing uncertainty variance     : yes
         Observation worth                                      : by group


                   ANALYSIS OF PARAMETERS
                   ----------------------


 Outcomes of running program SUPCALC ----->
 
    Number of dimensions of calibration solution space = 19
    Number of dimensions of calibration null space     = 55

 Outcomes of parameter identifiability and error/uncertainty variance reduction analysis ----->
 
    Parameter              Identifiability        Rel_uncert_var_redn
    ---------              ---------------        -------------------
    ddsd                    0.9999214              0.9993797
    ddsw                    0.9999772              0.9994965
    ddgd                    4.3750252E-09          1.0000000E-07
    ddgw                    7.2848986E-08          2.5000000E-06
    rcs1d                   5.8414211E-07          1.3400000E-05
    rcs1w                   3.5602456E-07          5.7000000E-06
    rcs2d                   2.4962101E-03          3.5370900E-02
    rcs2w                   1.6443295E-03          7.0652000E-03
    rcs3d                   5.8095495E-04          6.3656000E-03
    rcs3w                   2.6746417E-02          5.9605500E-02
    rcs4d                   9.8176982E-05          1.5374000E-03
    rcs4w                   0.3365548              0.4264299
    rcs5d                   3.1027924E-04          5.2860000E-03
    rcs5w                   0.6064460              0.6401851
    rcs6d                   4.1328222E-04          8.4614000E-03
    rcs6w                   0.5457628              0.6554362
    rcs7d                   3.5543595E-05          4.1970000E-04
    rcs7w                   0.8227348              0.7624772
    rcs8d                   0.9949538              0.9720384
    rcs8w                   0.9916408              0.9359105
    rcs9d                   0.9984384              0.9448298
    rcs9w                   0.9874246              0.9178282
    rcs10d                  0.9661681              0.9028681
    rcs10w                  0.7003187              0.7079514
    rcs11d                  2.0098389E-05          3.8700000E-05
    rcs11w                  0.2726163              0.3206282
    rcs12d                  3.7406214E-02          0.3763767
    rcs12w                  3.4601728E-02          0.1697874
    rcs13d                  6.9242497E-03          7.4247600E-02
    rcs13w                  6.7201789E-03          2.1928200E-02
    rcs14d                  1.4239035E-04          1.7529000E-03
    rcs14w                  1.3627450E-04          4.1480000E-04
    rcs15d                  1.5963500E-08          3.0000000E-07
    rcs15w                  1.5498641E-08          1.0000000E-07
    rcr1d                   9.1248011E-05          1.5640000E-04
    rcr1w                   1.1212660E-02          1.7868300E-02
    rcr2d                   0.5743109              0.6533893
    rcr2w                   0.3437754              0.3913640
    rcr3d                   0.8200292              0.7590833
    rcr3w                   0.6956301              0.6004590
    rcr4d                   0.6071827              0.7729839
    rcr4w                   0.6449328              0.6728523
    rcr5d                   3.9522702E-04          1.8686000E-03
    rcr5w                   0.9583045              0.8736284
    rcr6d                   2.0544242E-03          8.3166000E-03
    rcr6w                   9.7252699E-03          5.2971700E-02
    rcr7d                   9.0661428E-04          4.2112000E-03
    rcr7w                   5.9580121E-03          7.1252400E-02
    rcr8d                   4.2908468E-04          1.1367000E-03
    rcr8w                   1.1900489E-03          1.5573900E-02
    rcr9d                   0.9908377              0.7895125
    rcr9w                   5.1900169E-04          8.8993000E-03
    rcr10d                  4.2657725E-04          9.8910000E-04
    rcr10w                  5.0270415E-05          2.6381000E-03
    rcr11d                  2.0804883E-05          4.3500000E-05
    rcr11w                  2.2304233E-06          9.3100000E-05
    rcr12d                  2.0301663E-06          3.2000000E-06
    rcr12w                  4.3923921E-07          1.2600000E-05
    rcr13d                  6.6088886E-07          1.0000000E-06
    rcr13w                  3.3655729E-04          1.1185700E-02
    rcr14d                  4.2586898E-08          1.0000000E-07
    rcr14w                  8.8619822E-06          3.0280000E-04
    rcr15d                  1.1192355E-11           0.000000
    rcr15w                  4.3390138E-12           0.000000
    rcgd                    1.0937563E-09           0.000000
    rcgw                    1.8212246E-08          6.0000000E-07
    tl                      3.4617934E-04          2.1249500E-02
    xw                       0.000000               0.000000
    yw                       0.000000               0.000000
    x                       0.9999816              0.9996626
    y                       0.9903045              0.8000034
    tlr                      0.000000               0.000000
    tls                      0.000000               0.000000
    beta                    0.9997994              0.9949424
 
    Note: run IDENTPAR yourself to see identiability contributions by different solution 
    space eigencomponents.


                   ANALYSIS OF PREDICTION
                   ----------------------

 PREDVAR1 analysis for prediction "q7919" ----->

    Sing_val       Null-space       Soln-space     Total             Total
    index          term             term           variance          std_dev
    --------       ----------       ----------     --------          -------
       0            1.2109665E+09     0.000000      1.2109665E+09      34798.94    
       3            3.3164629E+08     50386.51      3.3169667E+08      18212.54    
       6            4.4863465E+07     165740.9      4.5029206E+07      6710.380    
       9            2.9533549E+07     264253.4      2.9797803E+07      5458.736    
      12             2871541.         972000.0       3843541.          1960.495    
      13             2143977.         1072230.       3216207.          1793.379    
      14             1692424.         1142790.       2835214.          1683.809    
      15             691140.3         1335090.       2026231.          1423.457    
      16             568352.6         1369297.       1937649.          1391.995    
      17             310802.7         1449212.       1760015.          1326.656    
      18             202061.1         1499172.       1701233.          1304.313    
      19             173938.1         1521181.       1695119.          1301.967    
      20             34005.64         1675337.       1709343.          1307.418    
      21             31223.63         1679023.       1710247.          1307.764    
      22             10428.74         1708180.       1718608.          1310.957    
      23             7443.202         1716679.       1724123.          1313.059    
      24             5846.396         1722136.       1727982.          1314.527    
      27             3183.419         1740060.       1743244.          1320.320    
      30             911.1962         1808153.       1809064.          1345.014    
      33             257.5928         1856540.       1856798.          1362.644    
      36             186.3986         1863647.       1863833.          1365.223    
      39             173.1412         1868181.       1868355.          1366.878    
      42             130.3223         1897140.       1897270.          1377.414    
      45             97.82699         1955076.       1955174.          1398.275    
      48             71.43075         2034369.       2034440.          1426.338    
      51             2.717117         3358454.       3358456.          1832.609    
      54             2.574069         3370830.       3370832.          1835.983    
      57            0.2002452         3748422.       3748422.          1936.084    
      60            0.1001090         3790162.       3790162.          1946.834    
      63            1.1403684E-04     4839184.       4839184.          2199.815    
      66            5.8828292E-19     4893879.       4893879.          2212.211    
      69            7.6477559E-20     4929971.       4929971.          2220.354    
      72             0.000000        1.0000000E+35  1.0000000E+35     3.1622777E+17
      74             0.000000        1.0000000E+35  1.0000000E+35     3.1622777E+17
 
    Pre-calibration:- 
    Total error variance                 =  1.2109665E+09
    Total error standard deviation       =   34798.94    
 
    Post-calibration:-
    Total error variance                 =   1695119.    
    Total error standard deviation       =   1301.967    
    Minimum error variance occurs at singular value number 19.
 
 
 PREDUNC1 analysis for prediction "q7919" ----->

    Pre-calibration:- 
    Total uncertainty variance           =  1.2109662E+09
    Total uncertainty standard deviation =   34798.94    
 
    Post-calibration:-
    Total uncertainty variance           =   1491474.    
    Total uncertainty standard deviation =   1221.259    
 
 
 PREDUNC4 analysis for prediction "q7919" ----->

    Contributions to predictive uncertainty variance

    Parameter      Pre-cal             Post-cal
    group          contribution        contribution
    ---------      ------------        ------------
    ddsd            3.2284258E+08        3955.000    
    ddsw             0.000000            3830.000    
    ddgd             0.000000            0.000000    
    ddgw             0.000000            0.000000    
    rcsd            2.7562200E+07        796678.9    
    rcsw             0.000000            846128.4    
    rcrd            2.8624400E+07        911546.3    
    rcrw             0.000000            744276.6    
    rcgd             0.000000            0.000000    
    rcgw             0.000000            0.000000    
    tl               700.0000            696.0000    
    xw               0.000000            0.000000    
    yw               0.000000            0.000000    
    x                749500.0            96657.00    
    y                184900.0            186361.0    
    tlr              0.000000            0.000000    
    tls              0.000000            0.000000    
    beta            8.3100230E+08        1344330.    
 
 
 PREDUNC5 observation subtraction analysis for prediction "q7919" ----->

    Increases in predictive uncertainty variance incurred through loss of observations

    Observation_group        Variance_increase
    -----------------        -----------------
    q                          1491474.    
 
 
 PREDUNC5 observation addition analysis for prediction "q7919" ----->

    Decreases in pre-calibration predictive uncertainty variance incurred through addition of observations

    Observation_group        Variance_decrease
    -----------------        -----------------
    q                          1491474.    
