 
 
                   ###################################################
                   #                                                 #
                   #      GENLINPRED UNCERTAINTY/ERROR ANALYSIS      #
                   #                                                 #
                   ###################################################
 
 
 
                   ANALYSIS DETAILS
                   ----------------
 
    Name of PEST control file                                   : master_lu.pst
    Factor by which to multiply observation weights             : 1.0000
    Source of parameter uncertainty data                        : uncertainty file
    Name of uncertainty file                                    : master_lu.unc
 
    Perform global parameter estimability analysis              : yes
         Parameter identifiability                              : yes
         Relative parameter error reduction                     : no
         Relative parameter uncertainty reduction               : yes
 
    Analyse error/uncertainty of an entity                      : yes
         Name of entity                                         : q7788
         Type of entity                                         : prediction
         File containing prediction sensitivities               : master_lu.jco
 
         Total error variance                                   : yes
         Total uncertainty                                      : yes
 
         Parameter contributions to error variance              : no
         Parameter contributions to uncertainty                 : yes
         Parameter contributions                                : by group
 
         Observation worth in reducing error variance           : no
         Observation worth in reducing uncertainty variance     : yes
         Observation worth                                      : by group


                   ANALYSIS OF PARAMETERS
                   ----------------------


 Outcomes of running program SUPCALC ----->
 
    Number of dimensions of calibration solution space = 19
    Number of dimensions of calibration null space     = 55

 Outcomes of parameter identifiability and error/uncertainty variance reduction analysis ----->
 
    Parameter              Identifiability        Rel_uncert_var_redn
    ---------              ---------------        -------------------
    ddsd                    0.9999214              0.9993797
    ddsw                    0.9999772              0.9994965
    ddgd                    4.3750252E-09          1.0000000E-07
    ddgw                    7.2848986E-08          2.5000000E-06
    rcs1d                   5.8414211E-07          1.3400000E-05
    rcs1w                   3.5602456E-07          5.7000000E-06
    rcs2d                   2.4962101E-03          3.5370900E-02
    rcs2w                   1.6443295E-03          7.0652000E-03
    rcs3d                   5.8095495E-04          6.3656000E-03
    rcs3w                   2.6746417E-02          5.9605500E-02
    rcs4d                   9.8176982E-05          1.5374000E-03
    rcs4w                   0.3365548              0.4264299
    rcs5d                   3.1027924E-04          5.2860000E-03
    rcs5w                   0.6064460              0.6401851
    rcs6d                   4.1328222E-04          8.4614000E-03
    rcs6w                   0.5457628              0.6554362
    rcs7d                   3.5543595E-05          4.1970000E-04
    rcs7w                   0.8227348              0.7624772
    rcs8d                   0.9949538              0.9720384
    rcs8w                   0.9916408              0.9359105
    rcs9d                   0.9984384              0.9448298
    rcs9w                   0.9874246              0.9178282
    rcs10d                  0.9661681              0.9028681
    rcs10w                  0.7003187              0.7079514
    rcs11d                  2.0098389E-05          3.8700000E-05
    rcs11w                  0.2726163              0.3206282
    rcs12d                  3.7406214E-02          0.3763767
    rcs12w                  3.4601728E-02          0.1697874
    rcs13d                  6.9242497E-03          7.4247600E-02
    rcs13w                  6.7201789E-03          2.1928200E-02
    rcs14d                  1.4239035E-04          1.7529000E-03
    rcs14w                  1.3627450E-04          4.1480000E-04
    rcs15d                  1.5963500E-08          3.0000000E-07
    rcs15w                  1.5498641E-08          1.0000000E-07
    rcr1d                   9.1248011E-05          1.5640000E-04
    rcr1w                   1.1212660E-02          1.7868300E-02
    rcr2d                   0.5743109              0.6533893
    rcr2w                   0.3437754              0.3913640
    rcr3d                   0.8200292              0.7590833
    rcr3w                   0.6956301              0.6004590
    rcr4d                   0.6071827              0.7729839
    rcr4w                   0.6449328              0.6728523
    rcr5d                   3.9522702E-04          1.8686000E-03
    rcr5w                   0.9583045              0.8736284
    rcr6d                   2.0544242E-03          8.3166000E-03
    rcr6w                   9.7252699E-03          5.2971700E-02
    rcr7d                   9.0661428E-04          4.2112000E-03
    rcr7w                   5.9580121E-03          7.1252400E-02
    rcr8d                   4.2908468E-04          1.1367000E-03
    rcr8w                   1.1900489E-03          1.5573900E-02
    rcr9d                   0.9908377              0.7895125
    rcr9w                   5.1900169E-04          8.8993000E-03
    rcr10d                  4.2657725E-04          9.8910000E-04
    rcr10w                  5.0270415E-05          2.6381000E-03
    rcr11d                  2.0804883E-05          4.3500000E-05
    rcr11w                  2.2304233E-06          9.3100000E-05
    rcr12d                  2.0301663E-06          3.2000000E-06
    rcr12w                  4.3923921E-07          1.2600000E-05
    rcr13d                  6.6088886E-07          1.0000000E-06
    rcr13w                  3.3655729E-04          1.1185700E-02
    rcr14d                  4.2586898E-08          1.0000000E-07
    rcr14w                  8.8619822E-06          3.0280000E-04
    rcr15d                  1.1192355E-11           0.000000
    rcr15w                  4.3390138E-12           0.000000
    rcgd                    1.0937563E-09           0.000000
    rcgw                    1.8212246E-08          6.0000000E-07
    tl                      3.4617934E-04          2.1249500E-02
    xw                       0.000000               0.000000
    yw                       0.000000               0.000000
    x                       0.9999816              0.9996626
    y                       0.9903045              0.8000034
    tlr                      0.000000               0.000000
    tls                      0.000000               0.000000
    beta                    0.9997994              0.9949424
 
    Note: run IDENTPAR yourself to see identiability contributions by different solution 
    space eigencomponents.


                   ANALYSIS OF PREDICTION
                   ----------------------

 PREDVAR1 analysis for prediction "q7788" ----->

    Sing_val       Null-space       Soln-space     Total             Total
    index          term             term           variance          std_dev
    --------       ----------       ----------     --------          -------
       0            1.1135483E+09     0.000000      1.1135483E+09      33369.87    
       3            3.9084218E+08     5359.597      3.9084754E+08      19769.86    
       6            3.4828755E+07     154755.7      3.4983511E+07      5914.686    
       9            2.5351180E+07     237553.4      2.5588734E+07      5058.531    
      12             1000272.         889313.8       1889586.          1374.622    
      15             693653.6         934539.0       1628193.          1276.007    
      16             445707.2         1003612.       1449320.          1203.877    
      17             127630.7         1102308.       1229939.          1109.026    
      18             97683.98         1116067.       1213751.          1101.704    
      19             74076.68         1134542.       1208619.          1099.372    
      20             69586.29         1139489.       1209075.          1099.579    
      21             69448.40         1139672.       1209120.          1099.600    
      22             6944.565         1227309.       1234254.          1110.970    
      23             5440.745         1231590.       1237031.          1112.219    
      24             4595.892         1234477.       1239073.          1113.137    
      25             3100.491         1242358.       1245459.          1116.001    
      26             1816.655         1252861.       1254678.          1120.124    
      27             1707.340         1255009.       1256717.          1121.034    
      30             502.3813         1288363.       1288865.          1135.282    
      33             469.1343         1290438.       1290907.          1136.181    
      36             194.3235         1320665.       1320859.          1149.286    
      39             189.6967         1321859.       1322048.          1149.803    
      42             169.9002         1335095.       1335265.          1155.537    
      45             37.10072         1542633.       1542670.          1242.043    
      48             1.128440         1662023.       1662024.          1289.195    
      51            0.8363916         1665804.       1665805.          1290.661    
      54            0.8173030         1666647.       1666648.          1290.987    
      57            0.1905379         1885495.       1885496.          1373.134    
      60            0.1024704         1922900.       1922900.          1386.687    
      63            4.5456616E-04     2184443.       2184443.          1477.986    
      66            1.7905987E-19     2379166.       2379166.          1542.455    
      69            3.4942971E-21     2415778.       2415778.          1554.277    
      72             0.000000        1.0000000E+35  1.0000000E+35     3.1622777E+17
      74             0.000000        1.0000000E+35  1.0000000E+35     3.1622777E+17
 
    Pre-calibration:- 
    Total error variance                 =  1.1135483E+09
    Total error standard deviation       =   33369.87    
 
    Post-calibration:-
    Total error variance                 =   1208619.    
    Total error standard deviation       =   1099.372    
    Minimum error variance occurs at singular value number 19.
 
 
 PREDUNC1 analysis for prediction "q7788" ----->

    Pre-calibration:- 
    Total uncertainty variance           =  1.1135482E+09
    Total uncertainty standard deviation =   33369.87    
 
    Post-calibration:-
    Total uncertainty variance           =   1102794.    
    Total uncertainty standard deviation =   1050.140    
 
 
 PREDUNC4 analysis for prediction "q7788" ----->

    Contributions to predictive uncertainty variance

    Parameter      Pre-cal             Post-cal
    group          contribution        contribution
    ---------      ------------        ------------
    ddsd             1900.000            3671.000    
    ddsw             0.000000            2243.000    
    ddgd             0.000000            0.000000    
    ddgw             0.000000            0.000000    
    rcsd             102200.0            685956.5    
    rcsw             0.000000            511881.8    
    rcrd            2.0816400E+07        661459.0    
    rcrw             0.000000            534548.4    
    rcgd             0.000000            0.000000    
    rcgw             0.000000            0.000000    
    tl               0.000000            205.0000    
    xw               0.000000            0.000000    
    yw               0.000000            0.000000    
    x               6.3931710E+08        35827.00    
    y                114900.0            95014.00    
    tlr              0.000000            0.000000    
    tls              0.000000            0.000000    
    beta            4.5319601E+08        865499.4    
 
 
 PREDUNC5 observation subtraction analysis for prediction "q7788" ----->

    Increases in predictive uncertainty variance incurred through loss of observations

    Observation_group        Variance_increase
    -----------------        -----------------
    q                          1102794.    
 
 
 PREDUNC5 observation addition analysis for prediction "q7788" ----->

    Decreases in pre-calibration predictive uncertainty variance incurred through addition of observations

    Observation_group        Variance_decrease
    -----------------        -----------------
    q                          1102794.    
