 
 
                   ###################################################
                   #                                                 #
                   #      GENLINPRED UNCERTAINTY/ERROR ANALYSIS      #
                   #                                                 #
                   ###################################################
 
 
 
                   ANALYSIS DETAILS
                   ----------------
 
    Name of PEST control file                                   : master_lu.pst
    Factor by which to multiply observation weights             : 1.0000
    Source of parameter uncertainty data                        : uncertainty file
    Name of uncertainty file                                    : master_lu.unc
 
    Perform global parameter estimability analysis              : yes
         Parameter identifiability                              : yes
         Relative parameter error reduction                     : no
         Relative parameter uncertainty reduction               : yes
 
    Analyse error/uncertainty of an entity                      : yes
         Name of entity                                         : q7889
         Type of entity                                         : prediction
         File containing prediction sensitivities               : master_lu.jco
 
         Total error variance                                   : yes
         Total uncertainty                                      : yes
 
         Parameter contributions to error variance              : no
         Parameter contributions to uncertainty                 : yes
         Parameter contributions                                : by group
 
         Observation worth in reducing error variance           : no
         Observation worth in reducing uncertainty variance     : yes
         Observation worth                                      : by group


                   ANALYSIS OF PARAMETERS
                   ----------------------


 Outcomes of running program SUPCALC ----->
 
    Number of dimensions of calibration solution space = 19
    Number of dimensions of calibration null space     = 55

 Outcomes of parameter identifiability and error/uncertainty variance reduction analysis ----->
 
    Parameter              Identifiability        Rel_uncert_var_redn
    ---------              ---------------        -------------------
    ddsd                    0.9999214              0.9993797
    ddsw                    0.9999772              0.9994965
    ddgd                    4.3750252E-09          1.0000000E-07
    ddgw                    7.2848986E-08          2.5000000E-06
    rcs1d                   5.8414211E-07          1.3400000E-05
    rcs1w                   3.5602456E-07          5.7000000E-06
    rcs2d                   2.4962101E-03          3.5370900E-02
    rcs2w                   1.6443295E-03          7.0652000E-03
    rcs3d                   5.8095495E-04          6.3656000E-03
    rcs3w                   2.6746417E-02          5.9605500E-02
    rcs4d                   9.8176982E-05          1.5374000E-03
    rcs4w                   0.3365548              0.4264299
    rcs5d                   3.1027924E-04          5.2860000E-03
    rcs5w                   0.6064460              0.6401851
    rcs6d                   4.1328222E-04          8.4614000E-03
    rcs6w                   0.5457628              0.6554362
    rcs7d                   3.5543595E-05          4.1970000E-04
    rcs7w                   0.8227348              0.7624772
    rcs8d                   0.9949538              0.9720384
    rcs8w                   0.9916408              0.9359105
    rcs9d                   0.9984384              0.9448298
    rcs9w                   0.9874246              0.9178282
    rcs10d                  0.9661681              0.9028681
    rcs10w                  0.7003187              0.7079514
    rcs11d                  2.0098389E-05          3.8700000E-05
    rcs11w                  0.2726163              0.3206282
    rcs12d                  3.7406214E-02          0.3763767
    rcs12w                  3.4601728E-02          0.1697874
    rcs13d                  6.9242497E-03          7.4247600E-02
    rcs13w                  6.7201789E-03          2.1928200E-02
    rcs14d                  1.4239035E-04          1.7529000E-03
    rcs14w                  1.3627450E-04          4.1480000E-04
    rcs15d                  1.5963500E-08          3.0000000E-07
    rcs15w                  1.5498641E-08          1.0000000E-07
    rcr1d                   9.1248011E-05          1.5640000E-04
    rcr1w                   1.1212660E-02          1.7868300E-02
    rcr2d                   0.5743109              0.6533893
    rcr2w                   0.3437754              0.3913640
    rcr3d                   0.8200292              0.7590833
    rcr3w                   0.6956301              0.6004590
    rcr4d                   0.6071827              0.7729839
    rcr4w                   0.6449328              0.6728523
    rcr5d                   3.9522702E-04          1.8686000E-03
    rcr5w                   0.9583045              0.8736284
    rcr6d                   2.0544242E-03          8.3166000E-03
    rcr6w                   9.7252699E-03          5.2971700E-02
    rcr7d                   9.0661428E-04          4.2112000E-03
    rcr7w                   5.9580121E-03          7.1252400E-02
    rcr8d                   4.2908468E-04          1.1367000E-03
    rcr8w                   1.1900489E-03          1.5573900E-02
    rcr9d                   0.9908377              0.7895125
    rcr9w                   5.1900169E-04          8.8993000E-03
    rcr10d                  4.2657725E-04          9.8910000E-04
    rcr10w                  5.0270415E-05          2.6381000E-03
    rcr11d                  2.0804883E-05          4.3500000E-05
    rcr11w                  2.2304233E-06          9.3100000E-05
    rcr12d                  2.0301663E-06          3.2000000E-06
    rcr12w                  4.3923921E-07          1.2600000E-05
    rcr13d                  6.6088886E-07          1.0000000E-06
    rcr13w                  3.3655729E-04          1.1185700E-02
    rcr14d                  4.2586898E-08          1.0000000E-07
    rcr14w                  8.8619822E-06          3.0280000E-04
    rcr15d                  1.1192355E-11           0.000000
    rcr15w                  4.3390138E-12           0.000000
    rcgd                    1.0937563E-09           0.000000
    rcgw                    1.8212246E-08          6.0000000E-07
    tl                      3.4617934E-04          2.1249500E-02
    xw                       0.000000               0.000000
    yw                       0.000000               0.000000
    x                       0.9999816              0.9996626
    y                       0.9903045              0.8000034
    tlr                      0.000000               0.000000
    tls                      0.000000               0.000000
    beta                    0.9997994              0.9949424
 
    Note: run IDENTPAR yourself to see identiability contributions by different solution 
    space eigencomponents.


                   ANALYSIS OF PREDICTION
                   ----------------------

 PREDVAR1 analysis for prediction "q7889" ----->

    Sing_val       Null-space       Soln-space     Total             Total
    index          term             term           variance          std_dev
    --------       ----------       ----------     --------          -------
       0            1.6895156E+09     0.000000      1.6895156E+09      41103.72    
       3            2.5008149E+08     70203.87      2.5015170E+08      15816.18    
       6            4.6686694E+07     172534.7      4.6859229E+07      6845.380    
       9             1732611.         297200.4       2029811.          1424.714    
      12             1289895.         310794.0       1600689.          1265.183    
      13             1184909.         325257.0       1510166.          1228.888    
      14             1016425.         351584.5       1368009.          1169.619    
      15             253728.0         498063.2       751791.2          867.0589    
      16             242447.6         501205.7       743653.3          862.3533    
      17             207009.8         512201.7       719211.5          848.0634    
      18             82597.95         569361.0       651959.0          807.4398    
      19             80703.48         570843.6       651547.1          807.1847    
      20             8089.274         650839.0       658928.3          811.7440    
      21             6740.021         652626.5       659366.5          812.0139    
      22             4768.511         655390.7       660159.3          812.5019    
      23             3784.339         658192.6       661976.9          813.6196    
      24             3398.918         659509.6       662908.6          814.1920    
      27             3222.527         661869.7       665092.3          815.5319    
      30             2222.105         693124.1       695346.2          833.8742    
      33             989.5212         787104.5       788094.1          887.7466    
      36             891.1343         798098.9       798990.1          893.8625    
      39             769.9374         857372.2       858142.2          926.3596    
      42             599.4225         975905.9       976505.4          988.1829    
      45             385.7450         1390385.       1390770.          1179.309    
      48             5.191102         2384846.       2384851.          1544.296    
      51             1.300238         2465646.       2465647.          1570.238    
      54             1.240159         2469987.       2469988.          1571.620    
      57            3.2801231E-02     2661615.       2661615.          1631.446    
      60            1.4818543E-02     2671671.       2671671.          1634.525    
      63            6.1921513E-03     2775755.       2775755.          1666.060    
      66            3.0624401E-19     2991011.       2991011.          1729.454    
      69            7.6340895E-20     3039478.       3039478.          1743.410    
      72             0.000000        1.0000000E+35  1.0000000E+35     3.1622777E+17
      74             0.000000        1.0000000E+35  1.0000000E+35     3.1622777E+17
 
    Pre-calibration:- 
    Total error variance                 =  1.6895156E+09
    Total error standard deviation       =   41103.72    
 
    Post-calibration:-
    Total error variance                 =   651547.1    
    Total error standard deviation       =   807.1847    
    Minimum error variance occurs at singular value number 19.
 
 
 PREDUNC1 analysis for prediction "q7889" ----->

    Pre-calibration:- 
    Total uncertainty variance           =  1.6895158E+09
    Total uncertainty standard deviation =   41103.72    
 
    Post-calibration:-
    Total uncertainty variance           =   563345.4    
    Total uncertainty standard deviation =   750.5634    
 
 
 PREDUNC4 analysis for prediction "q7889" ----->

    Contributions to predictive uncertainty variance

    Parameter      Pre-cal             Post-cal
    group          contribution        contribution
    ---------      ------------        ------------
    ddsd            6.4029750E+08        7187.300    
    ddsw             0.000000            656.5000    
    ddgd             0.000000            0.000000    
    ddgw             0.000000            0.000000    
    rcsd            5.7720500E+07        90450.10    
    rcsw             0.000000            130484.4    
    rcrd            1.3117060E+08        155271.6    
    rcrw             0.000000            59839.80    
    rcgd             0.000000            0.000000    
    rcgw             0.000000            0.000000    
    tl               1700.000            61.30000    
    xw               0.000000            0.000000    
    yw               0.000000            0.000000    
    x               1.6418450E+08        48040.80    
    y                123400.0            54563.90    
    tlr              0.000000            0.000000    
    tls              0.000000            0.000000    
    beta            6.9601730E+08        156912.7    
 
 
 PREDUNC5 observation subtraction analysis for prediction "q7889" ----->

    Increases in predictive uncertainty variance incurred through loss of observations

    Observation_group        Variance_increase
    -----------------        -----------------
    q                          563345.4    
 
 
 PREDUNC5 observation addition analysis for prediction "q7889" ----->

    Decreases in pre-calibration predictive uncertainty variance incurred through addition of observations

    Observation_group        Variance_decrease
    -----------------        -----------------
    q                          563345.4    
