 
 
                   ###################################################
                   #                                                 #
                   #      GENLINPRED UNCERTAINTY/ERROR ANALYSIS      #
                   #                                                 #
                   ###################################################
 
 
 
                   ANALYSIS DETAILS
                   ----------------
 
    Name of PEST control file                                   : master_lu.pst
    Factor by which to multiply observation weights             : 1.0000
    Source of parameter uncertainty data                        : uncertainty file
    Name of uncertainty file                                    : master_lu.unc
 
    Perform global parameter estimability analysis              : yes
         Parameter identifiability                              : yes
         Relative parameter error reduction                     : no
         Relative parameter uncertainty reduction               : yes
 
    Analyse error/uncertainty of an entity                      : yes
         Name of entity                                         : q7772
         Type of entity                                         : prediction
         File containing prediction sensitivities               : master_lu.jco
 
         Total error variance                                   : yes
         Total uncertainty                                      : yes
 
         Parameter contributions to error variance              : no
         Parameter contributions to uncertainty                 : yes
         Parameter contributions                                : by group
 
         Observation worth in reducing error variance           : no
         Observation worth in reducing uncertainty variance     : yes
         Observation worth                                      : by group


                   ANALYSIS OF PARAMETERS
                   ----------------------


 Outcomes of running program SUPCALC ----->
 
    Number of dimensions of calibration solution space = 19
    Number of dimensions of calibration null space     = 55

 Outcomes of parameter identifiability and error/uncertainty variance reduction analysis ----->
 
    Parameter              Identifiability        Rel_uncert_var_redn
    ---------              ---------------        -------------------
    ddsd                    0.9999214              0.9993797
    ddsw                    0.9999772              0.9994965
    ddgd                    4.3750252E-09          1.0000000E-07
    ddgw                    7.2848986E-08          2.5000000E-06
    rcs1d                   5.8414211E-07          1.3400000E-05
    rcs1w                   3.5602456E-07          5.7000000E-06
    rcs2d                   2.4962101E-03          3.5370900E-02
    rcs2w                   1.6443295E-03          7.0652000E-03
    rcs3d                   5.8095495E-04          6.3656000E-03
    rcs3w                   2.6746417E-02          5.9605500E-02
    rcs4d                   9.8176982E-05          1.5374000E-03
    rcs4w                   0.3365548              0.4264299
    rcs5d                   3.1027924E-04          5.2860000E-03
    rcs5w                   0.6064460              0.6401851
    rcs6d                   4.1328222E-04          8.4614000E-03
    rcs6w                   0.5457628              0.6554362
    rcs7d                   3.5543595E-05          4.1970000E-04
    rcs7w                   0.8227348              0.7624772
    rcs8d                   0.9949538              0.9720384
    rcs8w                   0.9916408              0.9359105
    rcs9d                   0.9984384              0.9448298
    rcs9w                   0.9874246              0.9178282
    rcs10d                  0.9661681              0.9028681
    rcs10w                  0.7003187              0.7079514
    rcs11d                  2.0098389E-05          3.8700000E-05
    rcs11w                  0.2726163              0.3206282
    rcs12d                  3.7406214E-02          0.3763767
    rcs12w                  3.4601728E-02          0.1697874
    rcs13d                  6.9242497E-03          7.4247600E-02
    rcs13w                  6.7201789E-03          2.1928200E-02
    rcs14d                  1.4239035E-04          1.7529000E-03
    rcs14w                  1.3627450E-04          4.1480000E-04
    rcs15d                  1.5963500E-08          3.0000000E-07
    rcs15w                  1.5498641E-08          1.0000000E-07
    rcr1d                   9.1248011E-05          1.5640000E-04
    rcr1w                   1.1212660E-02          1.7868300E-02
    rcr2d                   0.5743109              0.6533893
    rcr2w                   0.3437754              0.3913640
    rcr3d                   0.8200292              0.7590833
    rcr3w                   0.6956301              0.6004590
    rcr4d                   0.6071827              0.7729839
    rcr4w                   0.6449328              0.6728523
    rcr5d                   3.9522702E-04          1.8686000E-03
    rcr5w                   0.9583045              0.8736284
    rcr6d                   2.0544242E-03          8.3166000E-03
    rcr6w                   9.7252699E-03          5.2971700E-02
    rcr7d                   9.0661428E-04          4.2112000E-03
    rcr7w                   5.9580121E-03          7.1252400E-02
    rcr8d                   4.2908468E-04          1.1367000E-03
    rcr8w                   1.1900489E-03          1.5573900E-02
    rcr9d                   0.9908377              0.7895125
    rcr9w                   5.1900169E-04          8.8993000E-03
    rcr10d                  4.2657725E-04          9.8910000E-04
    rcr10w                  5.0270415E-05          2.6381000E-03
    rcr11d                  2.0804883E-05          4.3500000E-05
    rcr11w                  2.2304233E-06          9.3100000E-05
    rcr12d                  2.0301663E-06          3.2000000E-06
    rcr12w                  4.3923921E-07          1.2600000E-05
    rcr13d                  6.6088886E-07          1.0000000E-06
    rcr13w                  3.3655729E-04          1.1185700E-02
    rcr14d                  4.2586898E-08          1.0000000E-07
    rcr14w                  8.8619822E-06          3.0280000E-04
    rcr15d                  1.1192355E-11           0.000000
    rcr15w                  4.3390138E-12           0.000000
    rcgd                    1.0937563E-09           0.000000
    rcgw                    1.8212246E-08          6.0000000E-07
    tl                      3.4617934E-04          2.1249500E-02
    xw                       0.000000               0.000000
    yw                       0.000000               0.000000
    x                       0.9999816              0.9996626
    y                       0.9903045              0.8000034
    tlr                      0.000000               0.000000
    tls                      0.000000               0.000000
    beta                    0.9997994              0.9949424
 
    Note: run IDENTPAR yourself to see identiability contributions by different solution 
    space eigencomponents.


                   ANALYSIS OF PREDICTION
                   ----------------------

 PREDVAR1 analysis for prediction "q7772" ----->

    Sing_val       Null-space       Soln-space     Total             Total
    index          term             term           variance          std_dev
    --------       ----------       ----------     --------          -------
       0            6.1053172E+08     0.000000      6.1053172E+08      24708.94    
       3            3.4684085E+08     6778.813      3.4684763E+08      18623.85    
       6            3.9381296E+07     130171.2      3.9511467E+07      6285.815    
       9            3.2027033E+07     215097.2      3.2242130E+07      5678.215    
      12             554396.8         1033790.       1588186.          1260.233    
      15             144154.0         1096995.       1241149.          1114.069    
      16             142228.8         1097531.       1239760.          1113.445    
      17             130848.1         1101063.       1231911.          1109.915    
      18             97445.64         1116409.       1213855.          1101.751    
      19             76604.13         1132720.       1209324.          1099.693    
      20             70387.11         1139569.       1209956.          1099.980    
      21             70101.83         1139946.       1210048.          1100.022    
      22             8818.646         1225872.       1234691.          1111.167    
      23             8673.103         1226287.       1234960.          1111.288    
      24             7768.590         1229378.       1237146.          1112.271    
      25             5329.401         1242232.       1247562.          1116.943    
      26             1555.777         1273104.       1274660.          1129.008    
      27             1136.684         1281340.       1282476.          1132.465    
      30             280.7187         1306742.       1307023.          1143.251    
      33             267.7769         1307617.       1307885.          1143.628    
      36             71.69237         1328967.       1329039.          1152.840    
      39             58.23124         1332101.       1332160.          1154.192    
      42             42.08544         1342148.       1342190.          1158.529    
      45             8.954684         1392648.       1392657.          1180.109    
      48             1.941428         1424760.       1424762.          1193.634    
      51            0.7672857         1436379.       1436380.          1198.491    
      54            0.4389274         1465702.       1465702.          1210.662    
      57            0.3221434         1498375.       1498375.          1224.081    
      60            0.1715203         1562052.       1562053.          1249.821    
      63            1.3742801E-03     2064823.       2064823.          1436.949    
      66            1.6289207E-19     2129358.       2129358.          1459.232    
      69            1.6588440E-20     2141274.       2141274.          1463.309    
      72             0.000000        1.0000000E+35  1.0000000E+35     3.1622777E+17
      74             0.000000        1.0000000E+35  1.0000000E+35     3.1622777E+17
 
    Pre-calibration:- 
    Total error variance                 =  6.1053172E+08
    Total error standard deviation       =   24708.94    
 
    Post-calibration:-
    Total error variance                 =   1209324.    
    Total error standard deviation       =   1099.693    
    Minimum error variance occurs at singular value number 19.
 
 
 PREDUNC1 analysis for prediction "q7772" ----->

    Pre-calibration:- 
    Total uncertainty variance           =  6.1053172E+08
    Total uncertainty standard deviation =   24708.94    
 
    Post-calibration:-
    Total uncertainty variance           =   1135203.    
    Total uncertainty standard deviation =   1065.459    
 
 
 PREDUNC4 analysis for prediction "q7772" ----->

    Contributions to predictive uncertainty variance

    Parameter      Pre-cal             Post-cal
    group          contribution        contribution
    ---------      ------------        ------------
    ddsd             1062320.            627.0000    
    ddsw             0.000000            3882.000    
    ddgd             0.000000            0.000000    
    ddgw             0.000000            0.000000    
    rcsd             57070.00            714389.7    
    rcsw             0.000000            520676.2    
    rcrd             5986440.            670533.3    
    rcrw             0.000000            553535.3    
    rcgd             0.000000            0.000000    
    rcgw             0.000000            0.000000    
    tl               10.00000            209.0000    
    xw               0.000000            0.000000    
    yw               0.000000            0.000000    
    x               1.5198699E+08        11847.00    
    y                3768640.            1.000000    
    tlr              0.000000            0.000000    
    tls              0.000000            0.000000    
    beta            4.4767028E+08        810233.6    
 
 
 PREDUNC5 observation subtraction analysis for prediction "q7772" ----->

    Increases in predictive uncertainty variance incurred through loss of observations

    Observation_group        Variance_increase
    -----------------        -----------------
    q                          1135203.    
 
 
 PREDUNC5 observation addition analysis for prediction "q7772" ----->

    Decreases in pre-calibration predictive uncertainty variance incurred through addition of observations

    Observation_group        Variance_decrease
    -----------------        -----------------
    q                          1135203.    
