 
 
                   ###################################################
                   #                                                 #
                   #      GENLINPRED UNCERTAINTY/ERROR ANALYSIS      #
                   #                                                 #
                   ###################################################
 
 
 
                   ANALYSIS DETAILS
                   ----------------
 
    Name of PEST control file                                   : master_lu.pst
    Factor by which to multiply observation weights             : 1.0000
    Source of parameter uncertainty data                        : uncertainty file
    Name of uncertainty file                                    : master_lu.unc
 
    Perform global parameter estimability analysis              : yes
         Parameter identifiability                              : yes
         Relative parameter error reduction                     : no
         Relative parameter uncertainty reduction               : yes
 
    Analyse error/uncertainty of an entity                      : yes
         Name of entity                                         : q8120
         Type of entity                                         : prediction
         File containing prediction sensitivities               : master_lu.jco
 
         Total error variance                                   : yes
         Total uncertainty                                      : yes
 
         Parameter contributions to error variance              : no
         Parameter contributions to uncertainty                 : yes
         Parameter contributions                                : by group
 
         Observation worth in reducing error variance           : no
         Observation worth in reducing uncertainty variance     : yes
         Observation worth                                      : by group


                   ANALYSIS OF PARAMETERS
                   ----------------------


 Outcomes of running program SUPCALC ----->
 
    Number of dimensions of calibration solution space = 19
    Number of dimensions of calibration null space     = 55

 Outcomes of parameter identifiability and error/uncertainty variance reduction analysis ----->
 
    Parameter              Identifiability        Rel_uncert_var_redn
    ---------              ---------------        -------------------
    ddsd                    0.9999214              0.9993797
    ddsw                    0.9999772              0.9994965
    ddgd                    4.3750252E-09          1.0000000E-07
    ddgw                    7.2848986E-08          2.5000000E-06
    rcs1d                   5.8414211E-07          1.3400000E-05
    rcs1w                   3.5602456E-07          5.7000000E-06
    rcs2d                   2.4962101E-03          3.5370900E-02
    rcs2w                   1.6443295E-03          7.0652000E-03
    rcs3d                   5.8095495E-04          6.3656000E-03
    rcs3w                   2.6746417E-02          5.9605500E-02
    rcs4d                   9.8176982E-05          1.5374000E-03
    rcs4w                   0.3365548              0.4264299
    rcs5d                   3.1027924E-04          5.2860000E-03
    rcs5w                   0.6064460              0.6401851
    rcs6d                   4.1328222E-04          8.4614000E-03
    rcs6w                   0.5457628              0.6554362
    rcs7d                   3.5543595E-05          4.1970000E-04
    rcs7w                   0.8227348              0.7624772
    rcs8d                   0.9949538              0.9720384
    rcs8w                   0.9916408              0.9359105
    rcs9d                   0.9984384              0.9448298
    rcs9w                   0.9874246              0.9178282
    rcs10d                  0.9661681              0.9028681
    rcs10w                  0.7003187              0.7079514
    rcs11d                  2.0098389E-05          3.8700000E-05
    rcs11w                  0.2726163              0.3206282
    rcs12d                  3.7406214E-02          0.3763767
    rcs12w                  3.4601728E-02          0.1697874
    rcs13d                  6.9242497E-03          7.4247600E-02
    rcs13w                  6.7201789E-03          2.1928200E-02
    rcs14d                  1.4239035E-04          1.7529000E-03
    rcs14w                  1.3627450E-04          4.1480000E-04
    rcs15d                  1.5963500E-08          3.0000000E-07
    rcs15w                  1.5498641E-08          1.0000000E-07
    rcr1d                   9.1248011E-05          1.5640000E-04
    rcr1w                   1.1212660E-02          1.7868300E-02
    rcr2d                   0.5743109              0.6533893
    rcr2w                   0.3437754              0.3913640
    rcr3d                   0.8200292              0.7590833
    rcr3w                   0.6956301              0.6004590
    rcr4d                   0.6071827              0.7729839
    rcr4w                   0.6449328              0.6728523
    rcr5d                   3.9522702E-04          1.8686000E-03
    rcr5w                   0.9583045              0.8736284
    rcr6d                   2.0544242E-03          8.3166000E-03
    rcr6w                   9.7252699E-03          5.2971700E-02
    rcr7d                   9.0661428E-04          4.2112000E-03
    rcr7w                   5.9580121E-03          7.1252400E-02
    rcr8d                   4.2908468E-04          1.1367000E-03
    rcr8w                   1.1900489E-03          1.5573900E-02
    rcr9d                   0.9908377              0.7895125
    rcr9w                   5.1900169E-04          8.8993000E-03
    rcr10d                  4.2657725E-04          9.8910000E-04
    rcr10w                  5.0270415E-05          2.6381000E-03
    rcr11d                  2.0804883E-05          4.3500000E-05
    rcr11w                  2.2304233E-06          9.3100000E-05
    rcr12d                  2.0301663E-06          3.2000000E-06
    rcr12w                  4.3923921E-07          1.2600000E-05
    rcr13d                  6.6088886E-07          1.0000000E-06
    rcr13w                  3.3655729E-04          1.1185700E-02
    rcr14d                  4.2586898E-08          1.0000000E-07
    rcr14w                  8.8619822E-06          3.0280000E-04
    rcr15d                  1.1192355E-11           0.000000
    rcr15w                  4.3390138E-12           0.000000
    rcgd                    1.0937563E-09           0.000000
    rcgw                    1.8212246E-08          6.0000000E-07
    tl                      3.4617934E-04          2.1249500E-02
    xw                       0.000000               0.000000
    yw                       0.000000               0.000000
    x                       0.9999816              0.9996626
    y                       0.9903045              0.8000034
    tlr                      0.000000               0.000000
    tls                      0.000000               0.000000
    beta                    0.9997994              0.9949424
 
    Note: run IDENTPAR yourself to see identiability contributions by different solution 
    space eigencomponents.


                   ANALYSIS OF PREDICTION
                   ----------------------

 PREDVAR1 analysis for prediction "q8120" ----->

    Sing_val       Null-space       Soln-space     Total             Total
    index          term             term           variance          std_dev
    --------       ----------       ----------     --------          -------
       0            5.4842409E+08     0.000000      5.4842409E+08      23418.46    
       3            4.0476328E+08     5287.450      4.0476857E+08      20118.86    
       6            4.6502157E+07     149982.0      4.6652139E+07      6830.237    
       9            3.6995748E+07     255511.6      3.7251260E+07      6103.381    
      12             767189.3         1199863.       1967052.          1402.516    
      15             127874.3         1309108.       1436983.          1198.742    
      16             127011.9         1309349.       1436360.          1198.482    
      17             120617.8         1311333.       1431950.          1196.641    
      18             115251.3         1313798.       1429049.          1195.428    
      19             93816.02         1330573.       1424389.          1193.478    
      20             90474.71         1334254.       1424729.          1193.620    
      21             89527.25         1335510.       1425037.          1193.749    
      22             10894.28         1445762.       1456656.          1206.920    
      23             10867.54         1445838.       1456705.          1206.940    
      24             10028.90         1448704.       1458733.          1207.780    
      25             6992.919         1464704.       1471696.          1213.135    
      26             1882.418         1506512.       1508394.          1228.167    
      27             1310.722         1517747.       1519057.          1232.500    
      30             739.5254         1535940.       1536679.          1239.629    
      33             645.9923         1543037.       1543683.          1242.450    
      36             181.2089         1594384.       1594565.          1262.761    
      39             163.0943         1598478.       1598641.          1264.374    
      42             144.7236         1609732.       1609877.          1268.809    
      45             13.88189         1809848.       1809862.          1345.311    
      48             4.550839         1865350.       1865354.          1365.780    
      51             2.331223         1882697.       1882699.          1372.115    
      54             2.146955         1898489.       1898491.          1377.857    
      57            0.2694284         2525876.       2525876.          1589.300    
      60            3.9784205E-02     2620925.       2620925.          1618.927    
      63            4.5367106E-03     3100235.       3100235.          1760.748    
      66            8.6745959E-19     3257884.       3257884.          1804.961    
      69            1.9459854E-20     3527464.       3527464.          1878.154    
      72             0.000000        1.0000000E+35  1.0000000E+35     3.1622777E+17
      74             0.000000        1.0000000E+35  1.0000000E+35     3.1622777E+17
 
    Pre-calibration:- 
    Total error variance                 =  5.4842409E+08
    Total error standard deviation       =   23418.46    
 
    Post-calibration:-
    Total error variance                 =   1424389.    
    Total error standard deviation       =   1193.478    
    Minimum error variance occurs at singular value number 19.
 
 
 PREDUNC1 analysis for prediction "q8120" ----->

    Pre-calibration:- 
    Total uncertainty variance           =  5.4842427E+08
    Total uncertainty standard deviation =   23418.46    
 
    Post-calibration:-
    Total uncertainty variance           =   1336845.    
    Total uncertainty standard deviation =   1156.220    
 
 
 PREDUNC4 analysis for prediction "q8120" ----->

    Contributions to predictive uncertainty variance

    Parameter      Pre-cal             Post-cal
    group          contribution        contribution
    ---------      ------------        ------------
    ddsd             36980.00            2510.000    
    ddsw             0.000000            4157.000    
    ddgd             0.000000            0.000000    
    ddgw             0.000000            0.000000    
    rcsd             6650.000            835194.6    
    rcsw             0.000000            527203.3    
    rcrd            1.0299320E+07        748442.5    
    rcrw             0.000000            594632.7    
    rcgd             0.000000            0.000000    
    rcgw             0.000000            0.000000    
    tl               0.000000            135.0000    
    xw               0.000000            0.000000    
    yw               0.000000            0.000000    
    x               2.9873690E+07        34018.00    
    y                2146420.            4523.000    
    tlr              0.000000            0.000000    
    tls              0.000000            0.000000    
    beta            5.0606101E+08        818445.6    
 
 
 PREDUNC5 observation subtraction analysis for prediction "q8120" ----->

    Increases in predictive uncertainty variance incurred through loss of observations

    Observation_group        Variance_increase
    -----------------        -----------------
    q                          1336845.    
 
 
 PREDUNC5 observation addition analysis for prediction "q8120" ----->

    Decreases in pre-calibration predictive uncertainty variance incurred through addition of observations

    Observation_group        Variance_decrease
    -----------------        -----------------
    q                          1336845.    
