 
 
                   ###################################################
                   #                                                 #
                   #      GENLINPRED UNCERTAINTY/ERROR ANALYSIS      #
                   #                                                 #
                   ###################################################
 
 
 
                   ANALYSIS DETAILS
                   ----------------
 
    Name of PEST control file                                   : master_lu.pst
    Factor by which to multiply observation weights             : 1.0000
    Source of parameter uncertainty data                        : uncertainty file
    Name of uncertainty file                                    : master_lu.unc
 
    Perform global parameter estimability analysis              : yes
         Parameter identifiability                              : yes
         Relative parameter error reduction                     : no
         Relative parameter uncertainty reduction               : yes
 
    Analyse error/uncertainty of an entity                      : yes
         Name of entity                                         : q7887
         Type of entity                                         : prediction
         File containing prediction sensitivities               : master_lu.jco
 
         Total error variance                                   : yes
         Total uncertainty                                      : yes
 
         Parameter contributions to error variance              : no
         Parameter contributions to uncertainty                 : yes
         Parameter contributions                                : by group
 
         Observation worth in reducing error variance           : no
         Observation worth in reducing uncertainty variance     : yes
         Observation worth                                      : by group


                   ANALYSIS OF PARAMETERS
                   ----------------------


 Outcomes of running program SUPCALC ----->
 
    Number of dimensions of calibration solution space = 19
    Number of dimensions of calibration null space     = 55

 Outcomes of parameter identifiability and error/uncertainty variance reduction analysis ----->
 
    Parameter              Identifiability        Rel_uncert_var_redn
    ---------              ---------------        -------------------
    ddsd                    0.9999214              0.9993797
    ddsw                    0.9999772              0.9994965
    ddgd                    4.3750252E-09          1.0000000E-07
    ddgw                    7.2848986E-08          2.5000000E-06
    rcs1d                   5.8414211E-07          1.3400000E-05
    rcs1w                   3.5602456E-07          5.7000000E-06
    rcs2d                   2.4962101E-03          3.5370900E-02
    rcs2w                   1.6443295E-03          7.0652000E-03
    rcs3d                   5.8095495E-04          6.3656000E-03
    rcs3w                   2.6746417E-02          5.9605500E-02
    rcs4d                   9.8176982E-05          1.5374000E-03
    rcs4w                   0.3365548              0.4264299
    rcs5d                   3.1027924E-04          5.2860000E-03
    rcs5w                   0.6064460              0.6401851
    rcs6d                   4.1328222E-04          8.4614000E-03
    rcs6w                   0.5457628              0.6554362
    rcs7d                   3.5543595E-05          4.1970000E-04
    rcs7w                   0.8227348              0.7624772
    rcs8d                   0.9949538              0.9720384
    rcs8w                   0.9916408              0.9359105
    rcs9d                   0.9984384              0.9448298
    rcs9w                   0.9874246              0.9178282
    rcs10d                  0.9661681              0.9028681
    rcs10w                  0.7003187              0.7079514
    rcs11d                  2.0098389E-05          3.8700000E-05
    rcs11w                  0.2726163              0.3206282
    rcs12d                  3.7406214E-02          0.3763767
    rcs12w                  3.4601728E-02          0.1697874
    rcs13d                  6.9242497E-03          7.4247600E-02
    rcs13w                  6.7201789E-03          2.1928200E-02
    rcs14d                  1.4239035E-04          1.7529000E-03
    rcs14w                  1.3627450E-04          4.1480000E-04
    rcs15d                  1.5963500E-08          3.0000000E-07
    rcs15w                  1.5498641E-08          1.0000000E-07
    rcr1d                   9.1248011E-05          1.5640000E-04
    rcr1w                   1.1212660E-02          1.7868300E-02
    rcr2d                   0.5743109              0.6533893
    rcr2w                   0.3437754              0.3913640
    rcr3d                   0.8200292              0.7590833
    rcr3w                   0.6956301              0.6004590
    rcr4d                   0.6071827              0.7729839
    rcr4w                   0.6449328              0.6728523
    rcr5d                   3.9522702E-04          1.8686000E-03
    rcr5w                   0.9583045              0.8736284
    rcr6d                   2.0544242E-03          8.3166000E-03
    rcr6w                   9.7252699E-03          5.2971700E-02
    rcr7d                   9.0661428E-04          4.2112000E-03
    rcr7w                   5.9580121E-03          7.1252400E-02
    rcr8d                   4.2908468E-04          1.1367000E-03
    rcr8w                   1.1900489E-03          1.5573900E-02
    rcr9d                   0.9908377              0.7895125
    rcr9w                   5.1900169E-04          8.8993000E-03
    rcr10d                  4.2657725E-04          9.8910000E-04
    rcr10w                  5.0270415E-05          2.6381000E-03
    rcr11d                  2.0804883E-05          4.3500000E-05
    rcr11w                  2.2304233E-06          9.3100000E-05
    rcr12d                  2.0301663E-06          3.2000000E-06
    rcr12w                  4.3923921E-07          1.2600000E-05
    rcr13d                  6.6088886E-07          1.0000000E-06
    rcr13w                  3.3655729E-04          1.1185700E-02
    rcr14d                  4.2586898E-08          1.0000000E-07
    rcr14w                  8.8619822E-06          3.0280000E-04
    rcr15d                  1.1192355E-11           0.000000
    rcr15w                  4.3390138E-12           0.000000
    rcgd                    1.0937563E-09           0.000000
    rcgw                    1.8212246E-08          6.0000000E-07
    tl                      3.4617934E-04          2.1249500E-02
    xw                       0.000000               0.000000
    yw                       0.000000               0.000000
    x                       0.9999816              0.9996626
    y                       0.9903045              0.8000034
    tlr                      0.000000               0.000000
    tls                      0.000000               0.000000
    beta                    0.9997994              0.9949424
 
    Note: run IDENTPAR yourself to see identiability contributions by different solution 
    space eigencomponents.


                   ANALYSIS OF PREDICTION
                   ----------------------

 PREDVAR1 analysis for prediction "q7887" ----->

    Sing_val       Null-space       Soln-space     Total             Total
    index          term             term           variance          std_dev
    --------       ----------       ----------     --------          -------
       0            1.4951966E+09     0.000000      1.4951966E+09      38667.77    
       3            3.2128567E+08     53313.61      3.2133899E+08      17925.93    
       6            5.4411442E+07     189643.5      5.4601086E+07      7389.255    
       9             1584917.         333402.9       1918320.          1385.034    
      12             1293460.         342996.8       1636457.          1279.241    
      13             1200215.         355842.4       1556057.          1247.420    
      14             1053220.         378811.9       1432032.          1196.675    
      15             251992.3         532690.6       784682.9          885.8233    
      16             242263.5         535400.9       777664.3          881.8528    
      17             210796.5         545164.7       755961.3          869.4603    
      18             81196.05         604707.9       685903.9          828.1932    
      19             79251.18         606230.0       685481.1          827.9379    
      20             11525.87         680839.5       692365.4          832.0850    
      21             10558.09         682121.6       692679.7          832.2738    
      22             5158.858         689691.9       694850.8          833.5771    
      23             4214.081         692381.6       696595.7          834.6231    
      24             3828.870         693697.9       697526.8          835.1807    
      27             3647.988         696142.1       699790.1          836.5346    
      30             2354.035         736492.6       738846.6          859.5619    
      33             1150.841         827389.0       828539.9          910.2417    
      36             1028.248         841039.4       842067.7          917.6425    
      39             881.4359         913257.1       914138.5          956.1059    
      42             683.6281         1050791.       1051475.          1025.415    
      45             465.3191         1474314.       1474779.          1214.405    
      48             6.148915         2678491.       2678498.          1636.612    
      51             1.543422         2775712.       2775714.          1666.047    
      54             1.417330         2786290.       2786292.          1669.219    
      57            2.7261750E-02     3006733.       3006733.          1733.993    
      60            1.1612031E-02     3015898.       3015898.          1736.634    
      63            4.9897909E-03     3103352.       3103352.          1761.633    
      66            4.6259855E-19     3276846.       3276846.          1810.206    
      69            5.9545696E-21     3404483.       3404483.          1845.124    
      72             0.000000        1.0000000E+35  1.0000000E+35     3.1622777E+17
      74             0.000000        1.0000000E+35  1.0000000E+35     3.1622777E+17
 
    Pre-calibration:- 
    Total error variance                 =  1.4951966E+09
    Total error standard deviation       =   38667.77    
 
    Post-calibration:-
    Total error variance                 =   685481.1    
    Total error standard deviation       =   827.9379    
    Minimum error variance occurs at singular value number 19.
 
 
 PREDUNC1 analysis for prediction "q7887" ----->

    Pre-calibration:- 
    Total uncertainty variance           =  1.4951964E+09
    Total uncertainty standard deviation =   38667.77    
 
    Post-calibration:-
    Total uncertainty variance           =   597475.5    
    Total uncertainty standard deviation =   772.9654    
 
 
 PREDUNC4 analysis for prediction "q7887" ----->

    Contributions to predictive uncertainty variance

    Parameter      Pre-cal             Post-cal
    group          contribution        contribution
    ---------      ------------        ------------
    ddsd            4.2513900E+08        4277.000    
    ddsw             0.000000            641.0000    
    ddgd             0.000000            0.000000    
    ddgw             0.000000           0.1000000    
    rcsd            4.0093700E+07        81784.00    
    rcsw             0.000000            122650.1    
    rcrd            1.5189810E+08        160032.0    
    rcrw             0.000000            56052.50    
    rcgd             0.000000            0.000000    
    rcgw             0.000000            0.000000    
    tl               1300.000            81.60000    
    xw               0.000000            0.000000    
    yw               0.000000            0.000000    
    x               1.9167960E+08        46489.50    
    y                144900.0            52746.50    
    tlr              0.000000            0.000000    
    tls              0.000000            0.000000    
    beta            6.8623980E+08        147299.1    
 
 
 PREDUNC5 observation subtraction analysis for prediction "q7887" ----->

    Increases in predictive uncertainty variance incurred through loss of observations

    Observation_group        Variance_increase
    -----------------        -----------------
    q                          597475.5    
 
 
 PREDUNC5 observation addition analysis for prediction "q7887" ----->

    Decreases in pre-calibration predictive uncertainty variance incurred through addition of observations

    Observation_group        Variance_decrease
    -----------------        -----------------
    q                          597475.5    
