 
 
                   ###################################################
                   #                                                 #
                   #      GENLINPRED UNCERTAINTY/ERROR ANALYSIS      #
                   #                                                 #
                   ###################################################
 
 
 
                   ANALYSIS DETAILS
                   ----------------
 
    Name of PEST control file                                   : master_lu.pst
    Factor by which to multiply observation weights             : 1.0000
    Source of parameter uncertainty data                        : uncertainty file
    Name of uncertainty file                                    : master_lu.unc
 
    Perform global parameter estimability analysis              : yes
         Parameter identifiability                              : yes
         Relative parameter error reduction                     : no
         Relative parameter uncertainty reduction               : yes
 
    Analyse error/uncertainty of an entity                      : yes
         Name of entity                                         : q8040
         Type of entity                                         : prediction
         File containing prediction sensitivities               : master_lu.jco
 
         Total error variance                                   : yes
         Total uncertainty                                      : yes
 
         Parameter contributions to error variance              : no
         Parameter contributions to uncertainty                 : yes
         Parameter contributions                                : by group
 
         Observation worth in reducing error variance           : no
         Observation worth in reducing uncertainty variance     : yes
         Observation worth                                      : by group


                   ANALYSIS OF PARAMETERS
                   ----------------------


 Outcomes of running program SUPCALC ----->
 
    Number of dimensions of calibration solution space = 23
    Number of dimensions of calibration null space     = 51

 Outcomes of parameter identifiability and error/uncertainty variance reduction analysis ----->
 
    Parameter              Identifiability        Rel_uncert_var_redn
    ---------              ---------------        -------------------
    ddsd                    0.9999993              0.9998335
    ddsw                    0.9999946              0.9998630
    ddgd                    2.0475166E-08          3.0000000E-07
    ddgw                    1.7781924E-07          9.7000000E-06
    rcs1d                   1.1530242E-06          5.0100000E-05
    rcs1w                   2.2943727E-06          2.0300000E-05
    rcs2d                   3.3674229E-03          0.1232893
    rcs2w                   5.3984008E-03          2.2036800E-02
    rcs3d                   8.4017977E-04          2.2287700E-02
    rcs3w                   5.7784892E-02          0.1523578
    rcs4d                   2.6623354E-04          5.4521000E-03
    rcs4w                   0.9102796              0.6968983
    rcs5d                   4.6216378E-04          1.9378700E-02
    rcs5w                   0.9685409              0.8155961
    rcs6d                   5.7526514E-04          3.1311900E-02
    rcs6w                   0.9840859              0.8304616
    rcs7d                   3.8612707E-05          1.5374000E-03
    rcs7w                   0.9970557              0.9078171
    rcs8d                   0.9997135              0.9921665
    rcs8w                   0.9998267              0.9804344
    rcs9d                   0.9995442              0.9845376
    rcs9w                   0.9949461              0.9723350
    rcs10d                  0.9999183              0.9697506
    rcs10w                  0.9075096              0.8158716
    rcs11d                  3.9721225E-05          8.3000000E-05
    rcs11w                  0.4803049              0.4677445
    rcs12d                  0.8469933              0.6454199
    rcs12w                  0.5190897              0.3844958
    rcs13d                  0.1486557              0.1445749
    rcs13w                  5.5599914E-02          5.1889700E-02
    rcs14d                  3.2885430E-03          3.6750000E-03
    rcs14w                  1.0555838E-03          9.3200000E-04
    rcs15d                  5.2018409E-07          6.0000000E-07
    rcs15w                  1.7533513E-07          1.0000000E-07
    rcr1d                   1.5418463E-04          3.5760000E-04
    rcr1w                   1.2108158E-02          4.6757900E-02
    rcr2d                   0.9956114              0.8666592
    rcr2w                   0.4136972              0.6142416
    rcr3d                   0.9977867              0.9128460
    rcr3w                   0.9592537              0.8250775
    rcr4d                   0.9997380              0.9086964
    rcr4w                   0.7020341              0.7961494
    rcr5d                   4.7345339E-04          6.2604000E-03
    rcr5w                   0.9809598              0.9520833
    rcr6d                   2.1171087E-03          2.7346900E-02
    rcr6w                   1.7839406E-02          0.1519540
    rcr7d                   9.1193076E-04          1.4295500E-02
    rcr7w                   2.0098171E-02          0.2086922
    rcr8d                   4.2989714E-04          3.5042000E-03
    rcr8w                   5.6826350E-03          4.7468700E-02
    rcr9d                   0.9963398              0.9343424
    rcr9w                   3.6801788E-03          2.8752200E-02
    rcr10d                  4.3545028E-04          2.9926000E-03
    rcr10w                  4.7096472E-04          9.2508000E-03
    rcr11d                  2.1098807E-05          1.2680000E-04
    rcr11w                  1.2068758E-05          3.2620000E-04
    rcr12d                  2.0635966E-06          8.1000000E-06
    rcr12w                  3.0426452E-06          4.2500000E-05
    rcr13d                  6.6995251E-07          2.7000000E-06
    rcr13w                  3.7767954E-03          3.7299300E-02
    rcr14d                  4.3273051E-08          2.0000000E-07
    rcr14w                  8.0558064E-05          1.0156000E-03
    rcr15d                  1.1372684E-11           0.000000
    rcr15w                  3.9442917E-11           0.000000
    rcgd                    5.1187915E-09          1.0000000E-07
    rcgw                    4.4454809E-08          2.4000000E-06
    tl                      1.4326744E-03          7.9178100E-02
    xw                       0.000000               0.000000
    yw                       0.000000               0.000000
    x                       0.9983645              0.9981237
    y                       1.1564168E-02          0.1363828
    tlr                      0.000000               0.000000
    tls                      0.000000               0.000000
    beta                    0.9897408              0.8971566
 
    Note: run IDENTPAR yourself to see identiability contributions by different solution 
    space eigencomponents.


                   ANALYSIS OF PREDICTION
                   ----------------------

 PREDVAR1 analysis for prediction "q8040" ----->

    Sing_val       Null-space       Soln-space     Total             Total
    index          term             term           variance          std_dev
    --------       ----------       ----------     --------          -------
       0            1.1094739E+08     0.000000      1.1094739E+08      10533.16    
       3            4.4538168E+07     3893.204      4.4542061E+07      6673.984    
       6             5122353.         24867.83       5147221.          2268.749    
       9             4806958.         25561.08       4832519.          2198.299    
      12             3602463.         59985.39       3662449.          1913.753    
      15             1204539.         171580.5       1376120.          1173.081    
      18             341084.5         251395.6       592480.1          769.7273    
      19             337911.2         252282.8       590194.0          768.2408    
      20             320821.9         257873.4       578695.3          760.7203    
      21             8571.252         369214.7       377786.0          614.6430    
      22             7915.565         369672.9       377588.5          614.4823    
      23             6573.562         370823.3       377396.8          614.3263    
      24             5947.431         371648.1       377595.6          614.4881    
      25             5670.861         372185.6       377856.5          614.7003    
      26             5213.946         374307.5       379521.5          616.0532    
      27             3907.068         381611.5       385518.6          620.9014    
      28             3890.724         381726.8       385617.5          620.9811    
      29             1296.475         402610.6       403907.1          635.5369    
      30             1055.012         405663.0       406718.0          637.7445    
      33             683.0817         412958.0       413641.1          643.1494    
      36             417.7304         420419.3       420837.1          648.7196    
      39             395.7870         421679.3       422075.1          649.6731    
      42             388.2002         422860.5       423248.7          650.5757    
      45             14.53411         566113.9       566128.4          752.4150    
      48             7.026887         575862.4       575869.4          758.8606    
      51            0.6240457         592987.4       592988.0          770.0571    
      54            0.4444407         596755.6       596756.1          772.4999    
      57            0.1859916         619071.1       619071.3          786.8108    
      60            8.7998746E-02     629221.0       629221.1          793.2346    
      63            7.7102902E-03     854566.9       854566.9          924.4279    
      66            4.9484038E-16     930528.2       930528.2          964.6389    
      69            4.9246498E-16     1066361.       1066361.          1032.648    
      72             0.000000        1.0000000E+35  1.0000000E+35     3.1622777E+17
      74             0.000000        1.0000000E+35  1.0000000E+35     3.1622777E+17
 
    Pre-calibration:- 
    Total error variance                 =  1.1094739E+08
    Total error standard deviation       =   10533.16    
 
    Post-calibration:-
    Total error variance                 =   377396.8    
    Total error standard deviation       =   614.3263    
    Minimum error variance occurs at singular value number 23.
 
 
 PREDUNC1 analysis for prediction "q8040" ----->

    Pre-calibration:- 
    Total uncertainty variance           =  1.1094746E+08
    Total uncertainty standard deviation =   10533.16    
 
    Post-calibration:-
    Total uncertainty variance           =   331766.4    
    Total uncertainty standard deviation =   575.9917    
 
 
 PREDUNC4 analysis for prediction "q8040" ----->

    Contributions to predictive uncertainty variance

    Parameter      Pre-cal             Post-cal
    group          contribution        contribution
    ---------      ------------        ------------
    ddsd            4.6739814E+07        990.5000    
    ddsw             0.000000            670.7000    
    ddgd             0.000000            0.000000    
    ddgw             0.000000           0.1000000    
    rcsd            1.0744790E+07        158671.0    
    rcsw             0.000000            83453.80    
    rcrd             8348560.            167496.8    
    rcrw             0.000000            58141.50    
    rcgd             0.000000            0.000000    
    rcgw             0.000000            0.000000    
    tl               410.0000            339.5000    
    xw               0.000000            0.000000    
    yw               0.000000            0.000000    
    x               3.9270116E+07        9545.700    
    y                227040.0            4020.400    
    tlr              0.000000            0.000000    
    tls              0.000000            0.000000    
    beta             5616700.            124101.0    
 
 
 PREDUNC5 observation subtraction analysis for prediction "q8040" ----->

    Increases in predictive uncertainty variance incurred through loss of observations

    Observation_group        Variance_increase
    -----------------        -----------------
    q                          331766.4    
 
 
 PREDUNC5 observation addition analysis for prediction "q8040" ----->

    Decreases in pre-calibration predictive uncertainty variance incurred through addition of observations

    Observation_group        Variance_decrease
    -----------------        -----------------
    q                          331766.4    
