 
 
                   ###################################################
                   #                                                 #
                   #      GENLINPRED UNCERTAINTY/ERROR ANALYSIS      #
                   #                                                 #
                   ###################################################
 
 
 
                   ANALYSIS DETAILS
                   ----------------
 
    Name of PEST control file                                   : master_lu.pst
    Factor by which to multiply observation weights             : 1.0000
    Source of parameter uncertainty data                        : uncertainty file
    Name of uncertainty file                                    : master_lu.unc
 
    Perform global parameter estimability analysis              : yes
         Parameter identifiability                              : yes
         Relative parameter error reduction                     : no
         Relative parameter uncertainty reduction               : yes
 
    Analyse error/uncertainty of an entity                      : yes
         Name of entity                                         : q7820
         Type of entity                                         : prediction
         File containing prediction sensitivities               : master_lu.jco
 
         Total error variance                                   : yes
         Total uncertainty                                      : yes
 
         Parameter contributions to error variance              : no
         Parameter contributions to uncertainty                 : yes
         Parameter contributions                                : by group
 
         Observation worth in reducing error variance           : no
         Observation worth in reducing uncertainty variance     : yes
         Observation worth                                      : by group


                   ANALYSIS OF PARAMETERS
                   ----------------------


 Outcomes of running program SUPCALC ----->
 
    Number of dimensions of calibration solution space = 19
    Number of dimensions of calibration null space     = 55

 Outcomes of parameter identifiability and error/uncertainty variance reduction analysis ----->
 
    Parameter              Identifiability        Rel_uncert_var_redn
    ---------              ---------------        -------------------
    ddsd                    0.9999214              0.9993797
    ddsw                    0.9999772              0.9994965
    ddgd                    4.3750252E-09          1.0000000E-07
    ddgw                    7.2848986E-08          2.5000000E-06
    rcs1d                   5.8414211E-07          1.3400000E-05
    rcs1w                   3.5602456E-07          5.7000000E-06
    rcs2d                   2.4962101E-03          3.5370900E-02
    rcs2w                   1.6443295E-03          7.0652000E-03
    rcs3d                   5.8095495E-04          6.3656000E-03
    rcs3w                   2.6746417E-02          5.9605500E-02
    rcs4d                   9.8176982E-05          1.5374000E-03
    rcs4w                   0.3365548              0.4264299
    rcs5d                   3.1027924E-04          5.2860000E-03
    rcs5w                   0.6064460              0.6401851
    rcs6d                   4.1328222E-04          8.4614000E-03
    rcs6w                   0.5457628              0.6554362
    rcs7d                   3.5543595E-05          4.1970000E-04
    rcs7w                   0.8227348              0.7624772
    rcs8d                   0.9949538              0.9720384
    rcs8w                   0.9916408              0.9359105
    rcs9d                   0.9984384              0.9448298
    rcs9w                   0.9874246              0.9178282
    rcs10d                  0.9661681              0.9028681
    rcs10w                  0.7003187              0.7079514
    rcs11d                  2.0098389E-05          3.8700000E-05
    rcs11w                  0.2726163              0.3206282
    rcs12d                  3.7406214E-02          0.3763767
    rcs12w                  3.4601728E-02          0.1697874
    rcs13d                  6.9242497E-03          7.4247600E-02
    rcs13w                  6.7201789E-03          2.1928200E-02
    rcs14d                  1.4239035E-04          1.7529000E-03
    rcs14w                  1.3627450E-04          4.1480000E-04
    rcs15d                  1.5963500E-08          3.0000000E-07
    rcs15w                  1.5498641E-08          1.0000000E-07
    rcr1d                   9.1248011E-05          1.5640000E-04
    rcr1w                   1.1212660E-02          1.7868300E-02
    rcr2d                   0.5743109              0.6533893
    rcr2w                   0.3437754              0.3913640
    rcr3d                   0.8200292              0.7590833
    rcr3w                   0.6956301              0.6004590
    rcr4d                   0.6071827              0.7729839
    rcr4w                   0.6449328              0.6728523
    rcr5d                   3.9522702E-04          1.8686000E-03
    rcr5w                   0.9583045              0.8736284
    rcr6d                   2.0544242E-03          8.3166000E-03
    rcr6w                   9.7252699E-03          5.2971700E-02
    rcr7d                   9.0661428E-04          4.2112000E-03
    rcr7w                   5.9580121E-03          7.1252400E-02
    rcr8d                   4.2908468E-04          1.1367000E-03
    rcr8w                   1.1900489E-03          1.5573900E-02
    rcr9d                   0.9908377              0.7895125
    rcr9w                   5.1900169E-04          8.8993000E-03
    rcr10d                  4.2657725E-04          9.8910000E-04
    rcr10w                  5.0270415E-05          2.6381000E-03
    rcr11d                  2.0804883E-05          4.3500000E-05
    rcr11w                  2.2304233E-06          9.3100000E-05
    rcr12d                  2.0301663E-06          3.2000000E-06
    rcr12w                  4.3923921E-07          1.2600000E-05
    rcr13d                  6.6088886E-07          1.0000000E-06
    rcr13w                  3.3655729E-04          1.1185700E-02
    rcr14d                  4.2586898E-08          1.0000000E-07
    rcr14w                  8.8619822E-06          3.0280000E-04
    rcr15d                  1.1192355E-11           0.000000
    rcr15w                  4.3390138E-12           0.000000
    rcgd                    1.0937563E-09           0.000000
    rcgw                    1.8212246E-08          6.0000000E-07
    tl                      3.4617934E-04          2.1249500E-02
    xw                       0.000000               0.000000
    yw                       0.000000               0.000000
    x                       0.9999816              0.9996626
    y                       0.9903045              0.8000034
    tlr                      0.000000               0.000000
    tls                      0.000000               0.000000
    beta                    0.9997994              0.9949424
 
    Note: run IDENTPAR yourself to see identiability contributions by different solution 
    space eigencomponents.


                   ANALYSIS OF PREDICTION
                   ----------------------

 PREDVAR1 analysis for prediction "q7820" ----->

    Sing_val       Null-space       Soln-space     Total             Total
    index          term             term           variance          std_dev
    --------       ----------       ----------     --------          -------
       0            2.2236731E+10     0.000000      2.2236731E+10      149119.9    
       3            9.3598000E+08     90645.61      9.3607065E+08      30595.27    
       6            6.8476330E+07     527302.7      6.9003633E+07      8306.843    
       9            1.7560189E+07     799820.9      1.8360010E+07      4284.858    
      12             6591002.         1155650.       7746652.          2783.281    
      15             2713041.         1880535.       4593575.          2143.263    
      16             1403593.         2245323.       3648917.          1910.214    
      17             119331.3         2643817.       2763148.          1662.272    
      18             100279.3         2652570.       2752849.          1659.171    
      19             84692.59         2664768.       2749461.          1658.150    
      20             68728.71         2682355.       2751084.          1658.639    
      21             68121.04         2683160.       2751281.          1658.699    
      22             4666.022         2772131.       2776797.          1666.372    
      23             1727.059         2780498.       2782225.          1668.000    
      24             1381.847         2781678.       2783059.          1668.250    
      25             993.0301         2783727.       2784720.          1668.748    
      26             984.5707         2783796.       2784781.          1668.766    
      27             968.3060         2784116.       2785084.          1668.857    
      30             907.2747         2785674.       2786581.          1669.306    
      33             299.3260         2838595.       2838894.          1684.902    
      36             186.4245         2850051.       2850238.          1688.265    
      39             170.2864         2856998.       2857168.          1690.316    
      42             75.95842         2922174.       2922250.          1709.459    
      45             72.26280         2928011.       2928083.          1711.164    
      48             11.98064         3105822.       3105834.          1762.338    
      51             1.893240         3310070.       3310072.          1819.360    
      54             1.851968         3313794.       3313796.          1820.383    
      57            0.1480997         3879050.       3879051.          1969.531    
      60            0.1202872         3896747.       3896747.          1974.018    
      63            2.6048452E-03     5385690.       5385690.          2320.709    
      66            4.7178716E-18     5548855.       5548855.          2355.601    
      69            3.5509689E-18     5914272.       5914272.          2431.928    
      72             0.000000        1.0000000E+35  1.0000000E+35     3.1622777E+17
      74             0.000000        1.0000000E+35  1.0000000E+35     3.1622777E+17
 
    Pre-calibration:- 
    Total error variance                 =  2.2236731E+10
    Total error standard deviation       =   149119.9    
 
    Post-calibration:-
    Total error variance                 =   2749461.    
    Total error standard deviation       =   1658.150    
    Minimum error variance occurs at singular value number 19.
 
 
 PREDUNC1 analysis for prediction "q7820" ----->

    Pre-calibration:- 
    Total uncertainty variance           =  2.2236745E+10
    Total uncertainty standard deviation =   149119.9    
 
    Post-calibration:-
    Total uncertainty variance           =   2399912.    
    Total uncertainty standard deviation =   1549.165    
 
 
 PREDUNC4 analysis for prediction "q7820" ----->

    Contributions to predictive uncertainty variance

    Parameter      Pre-cal             Post-cal
    group          contribution        contribution
    ---------      ------------        ------------
    ddsd            3.9277000E+07        21634.00    
    ddsw             0.000000            481.0000    
    ddgd             0.000000            0.000000    
    ddgw             0.000000            0.000000    
    rcsd             4166000.            666882.0    
    rcsw             0.000000            259384.0    
    rcrd            2.2116900E+08        1268734.    
    rcrw             0.000000            294066.0    
    rcgd             0.000000            0.000000    
    rcgw             0.000000            0.000000    
    tl               0.000000            12.00000    
    xw               0.000000            0.000000    
    yw               0.000000            0.000000    
    x               2.1078539E+10        154213.0    
    y               2.9274000E+07        251972.0    
    tlr              0.000000            0.000000    
    tls              0.000000            0.000000    
    beta            8.6430700E+08        495639.0    
 
 
 PREDUNC5 observation subtraction analysis for prediction "q7820" ----->

    Increases in predictive uncertainty variance incurred through loss of observations

    Observation_group        Variance_increase
    -----------------        -----------------
    q                          2399912.    
 
 
 PREDUNC5 observation addition analysis for prediction "q7820" ----->

    Decreases in pre-calibration predictive uncertainty variance incurred through addition of observations

    Observation_group        Variance_decrease
    -----------------        -----------------
    q                          2399912.    
