 
 
                   ###################################################
                   #                                                 #
                   #      GENLINPRED UNCERTAINTY/ERROR ANALYSIS      #
                   #                                                 #
                   ###################################################
 
 
 
                   ANALYSIS DETAILS
                   ----------------
 
    Name of PEST control file                                   : master_lu.pst
    Factor by which to multiply observation weights             : 1.0000
    Source of parameter uncertainty data                        : uncertainty file
    Name of uncertainty file                                    : master_lu.unc
 
    Perform global parameter estimability analysis              : yes
         Parameter identifiability                              : yes
         Relative parameter error reduction                     : no
         Relative parameter uncertainty reduction               : yes
 
    Analyse error/uncertainty of an entity                      : yes
         Name of entity                                         : q8121
         Type of entity                                         : prediction
         File containing prediction sensitivities               : master_lu.jco
 
         Total error variance                                   : yes
         Total uncertainty                                      : yes
 
         Parameter contributions to error variance              : no
         Parameter contributions to uncertainty                 : yes
         Parameter contributions                                : by group
 
         Observation worth in reducing error variance           : no
         Observation worth in reducing uncertainty variance     : yes
         Observation worth                                      : by group


                   ANALYSIS OF PARAMETERS
                   ----------------------


 Outcomes of running program SUPCALC ----->
 
    Number of dimensions of calibration solution space = 23
    Number of dimensions of calibration null space     = 51

 Outcomes of parameter identifiability and error/uncertainty variance reduction analysis ----->
 
    Parameter              Identifiability        Rel_uncert_var_redn
    ---------              ---------------        -------------------
    ddsd                    0.9999993              0.9998335
    ddsw                    0.9999946              0.9998630
    ddgd                    2.0475166E-08          3.0000000E-07
    ddgw                    1.7781924E-07          9.7000000E-06
    rcs1d                   1.1530242E-06          5.0100000E-05
    rcs1w                   2.2943727E-06          2.0300000E-05
    rcs2d                   3.3674229E-03          0.1232893
    rcs2w                   5.3984008E-03          2.2036800E-02
    rcs3d                   8.4017977E-04          2.2287700E-02
    rcs3w                   5.7784892E-02          0.1523578
    rcs4d                   2.6623354E-04          5.4521000E-03
    rcs4w                   0.9102796              0.6968983
    rcs5d                   4.6216378E-04          1.9378700E-02
    rcs5w                   0.9685409              0.8155961
    rcs6d                   5.7526514E-04          3.1311900E-02
    rcs6w                   0.9840859              0.8304616
    rcs7d                   3.8612707E-05          1.5374000E-03
    rcs7w                   0.9970557              0.9078171
    rcs8d                   0.9997135              0.9921665
    rcs8w                   0.9998267              0.9804344
    rcs9d                   0.9995442              0.9845376
    rcs9w                   0.9949461              0.9723350
    rcs10d                  0.9999183              0.9697506
    rcs10w                  0.9075096              0.8158716
    rcs11d                  3.9721225E-05          8.3000000E-05
    rcs11w                  0.4803049              0.4677445
    rcs12d                  0.8469933              0.6454199
    rcs12w                  0.5190897              0.3844958
    rcs13d                  0.1486557              0.1445749
    rcs13w                  5.5599914E-02          5.1889700E-02
    rcs14d                  3.2885430E-03          3.6750000E-03
    rcs14w                  1.0555838E-03          9.3200000E-04
    rcs15d                  5.2018409E-07          6.0000000E-07
    rcs15w                  1.7533513E-07          1.0000000E-07
    rcr1d                   1.5418463E-04          3.5760000E-04
    rcr1w                   1.2108158E-02          4.6757900E-02
    rcr2d                   0.9956114              0.8666592
    rcr2w                   0.4136972              0.6142416
    rcr3d                   0.9977867              0.9128460
    rcr3w                   0.9592537              0.8250775
    rcr4d                   0.9997380              0.9086964
    rcr4w                   0.7020341              0.7961494
    rcr5d                   4.7345339E-04          6.2604000E-03
    rcr5w                   0.9809598              0.9520833
    rcr6d                   2.1171087E-03          2.7346900E-02
    rcr6w                   1.7839406E-02          0.1519540
    rcr7d                   9.1193076E-04          1.4295500E-02
    rcr7w                   2.0098171E-02          0.2086922
    rcr8d                   4.2989714E-04          3.5042000E-03
    rcr8w                   5.6826350E-03          4.7468700E-02
    rcr9d                   0.9963398              0.9343424
    rcr9w                   3.6801788E-03          2.8752200E-02
    rcr10d                  4.3545028E-04          2.9926000E-03
    rcr10w                  4.7096472E-04          9.2508000E-03
    rcr11d                  2.1098807E-05          1.2680000E-04
    rcr11w                  1.2068758E-05          3.2620000E-04
    rcr12d                  2.0635966E-06          8.1000000E-06
    rcr12w                  3.0426452E-06          4.2500000E-05
    rcr13d                  6.6995251E-07          2.7000000E-06
    rcr13w                  3.7767954E-03          3.7299300E-02
    rcr14d                  4.3273051E-08          2.0000000E-07
    rcr14w                  8.0558064E-05          1.0156000E-03
    rcr15d                  1.1372684E-11           0.000000
    rcr15w                  3.9442917E-11           0.000000
    rcgd                    5.1187915E-09          1.0000000E-07
    rcgw                    4.4454809E-08          2.4000000E-06
    tl                      1.4326744E-03          7.9178100E-02
    xw                       0.000000               0.000000
    yw                       0.000000               0.000000
    x                       0.9983645              0.9981237
    y                       1.1564168E-02          0.1363828
    tlr                      0.000000               0.000000
    tls                      0.000000               0.000000
    beta                    0.9897408              0.8971566
 
    Note: run IDENTPAR yourself to see identiability contributions by different solution 
    space eigencomponents.


                   ANALYSIS OF PREDICTION
                   ----------------------

 PREDVAR1 analysis for prediction "q8121" ----->

    Sing_val       Null-space       Soln-space     Total             Total
    index          term             term           variance          std_dev
    --------       ----------       ----------     --------          -------
       0            1.5017794E+07     0.000000      1.5017794E+07      3875.280    
       3            1.4622415E+07     41.43981      1.4622457E+07      3823.932    
       6             6918782.         4021.386       6922804.          2631.122    
       9             4476503.         6040.571       4482544.          2117.202    
      12             4071904.         19325.48       4091230.          2022.679    
      15             2099092.         112666.5       2211758.          1487.198    
      16             672217.3         235170.6       907387.9          952.5691    
      17             235092.0         293716.2       528808.2          727.1920    
      18             156284.4         309494.9       465779.3          682.4803    
      19             143440.1         313085.9       456526.0          675.6671    
      20             137152.4         315142.8       452295.2          672.5290    
      21             11717.14         359870.1       371587.3          609.5796    
      22             11562.68         359978.1       371540.7          609.5414    
      23             10474.48         360910.8       371385.3          609.4139    
      24             6880.291         365645.8       372526.1          610.3492    
      25             2541.569         374078.0       376619.6          613.6934    
      26             2524.520         374157.2       376681.7          613.7440    
      27             1367.517         380623.5       381991.0          618.0542    
      30             1018.230         383954.3       384972.5          620.4615    
      33             889.4764         386440.5       387330.0          622.3584    
      36             360.1846         401142.2       401502.4          633.6422    
      39             343.1272         402081.5       402424.6          634.3695    
      42             323.5976         405105.9       405429.5          636.7335    
      45             12.74333         524783.9       524796.6          724.4285    
      48             3.622687         538855.5       538859.1          734.0702    
      51            0.8369417         544212.5       544213.4          737.7082    
      54            0.7225758         546500.0       546500.8          739.2569    
      57            0.2270325         585288.9       585289.2          765.0420    
      60            4.7976677E-02     603942.7       603942.8          777.1376    
      63            1.0806742E-03     743474.8       743474.8          862.2498    
      66            4.9741304E-19     765902.2       765902.2          875.1584    
      69            3.7789351E-20     802651.5       802651.5          895.9082    
      72             0.000000        1.0000000E+35  1.0000000E+35     3.1622777E+17
      74             0.000000        1.0000000E+35  1.0000000E+35     3.1622777E+17
 
    Pre-calibration:- 
    Total error variance                 =  1.5017794E+07
    Total error standard deviation       =   3875.280    
 
    Post-calibration:-
    Total error variance                 =   371385.3    
    Total error standard deviation       =   609.4139    
    Minimum error variance occurs at singular value number 23.
 
 
 PREDUNC1 analysis for prediction "q8121" ----->

    Pre-calibration:- 
    Total uncertainty variance           =  1.5017795E+07
    Total uncertainty standard deviation =   3875.280    
 
    Post-calibration:-
    Total uncertainty variance           =   330694.5    
    Total uncertainty standard deviation =   575.0604    
 
 
 PREDUNC4 analysis for prediction "q8121" ----->

    Contributions to predictive uncertainty variance

    Parameter      Pre-cal             Post-cal
    group          contribution        contribution
    ---------      ------------        ------------
    ddsd             33222.00            1635.300    
    ddsw             0.000000            838.7000    
    ddgd             0.000000            0.000000    
    ddgw             0.000000           0.1000000    
    rcsd             5971.000            211882.6    
    rcsw             0.000000            133525.7    
    rcrd             9773460.            202299.2    
    rcrw             0.000000            138000.0    
    rcgd             0.000000            0.000000    
    rcgw             0.000000            0.000000    
    tl               0.000000            125.3000    
    xw               0.000000            0.000000    
    yw               0.000000            0.000000    
    x                179012.0            18029.50    
    y                21454.00            424.7000    
    tlr              0.000000            0.000000    
    tls              0.000000            0.000000    
    beta             5004675.            241941.2    
 
 
 PREDUNC5 observation subtraction analysis for prediction "q8121" ----->

    Increases in predictive uncertainty variance incurred through loss of observations

    Observation_group        Variance_increase
    -----------------        -----------------
    q                          330694.5    
 
 
 PREDUNC5 observation addition analysis for prediction "q8121" ----->

    Decreases in pre-calibration predictive uncertainty variance incurred through addition of observations

    Observation_group        Variance_decrease
    -----------------        -----------------
    q                          330694.5    
