 
 
                   ###################################################
                   #                                                 #
                   #      GENLINPRED UNCERTAINTY/ERROR ANALYSIS      #
                   #                                                 #
                   ###################################################
 
 
 
                   ANALYSIS DETAILS
                   ----------------
 
    Name of PEST control file                                   : master_lu.pst
    Factor by which to multiply observation weights             : 1.0000
    Source of parameter uncertainty data                        : uncertainty file
    Name of uncertainty file                                    : master_lu.unc
 
    Perform global parameter estimability analysis              : yes
         Parameter identifiability                              : yes
         Relative parameter error reduction                     : no
         Relative parameter uncertainty reduction               : yes
 
    Analyse error/uncertainty of an entity                      : yes
         Name of entity                                         : q7959
         Type of entity                                         : prediction
         File containing prediction sensitivities               : master_lu.jco
 
         Total error variance                                   : yes
         Total uncertainty                                      : yes
 
         Parameter contributions to error variance              : no
         Parameter contributions to uncertainty                 : yes
         Parameter contributions                                : by group
 
         Observation worth in reducing error variance           : no
         Observation worth in reducing uncertainty variance     : yes
         Observation worth                                      : by group


                   ANALYSIS OF PARAMETERS
                   ----------------------


 Outcomes of running program SUPCALC ----->
 
    Number of dimensions of calibration solution space = 23
    Number of dimensions of calibration null space     = 51

 Outcomes of parameter identifiability and error/uncertainty variance reduction analysis ----->
 
    Parameter              Identifiability        Rel_uncert_var_redn
    ---------              ---------------        -------------------
    ddsd                    0.9999993              0.9998335
    ddsw                    0.9999946              0.9998630
    ddgd                    2.0475166E-08          3.0000000E-07
    ddgw                    1.7781924E-07          9.7000000E-06
    rcs1d                   1.1530242E-06          5.0100000E-05
    rcs1w                   2.2943727E-06          2.0300000E-05
    rcs2d                   3.3674229E-03          0.1232893
    rcs2w                   5.3984008E-03          2.2036800E-02
    rcs3d                   8.4017977E-04          2.2287700E-02
    rcs3w                   5.7784892E-02          0.1523578
    rcs4d                   2.6623354E-04          5.4521000E-03
    rcs4w                   0.9102796              0.6968983
    rcs5d                   4.6216378E-04          1.9378700E-02
    rcs5w                   0.9685409              0.8155961
    rcs6d                   5.7526514E-04          3.1311900E-02
    rcs6w                   0.9840859              0.8304616
    rcs7d                   3.8612707E-05          1.5374000E-03
    rcs7w                   0.9970557              0.9078171
    rcs8d                   0.9997135              0.9921665
    rcs8w                   0.9998267              0.9804344
    rcs9d                   0.9995442              0.9845376
    rcs9w                   0.9949461              0.9723350
    rcs10d                  0.9999183              0.9697506
    rcs10w                  0.9075096              0.8158716
    rcs11d                  3.9721225E-05          8.3000000E-05
    rcs11w                  0.4803049              0.4677445
    rcs12d                  0.8469933              0.6454199
    rcs12w                  0.5190897              0.3844958
    rcs13d                  0.1486557              0.1445749
    rcs13w                  5.5599914E-02          5.1889700E-02
    rcs14d                  3.2885430E-03          3.6750000E-03
    rcs14w                  1.0555838E-03          9.3200000E-04
    rcs15d                  5.2018409E-07          6.0000000E-07
    rcs15w                  1.7533513E-07          1.0000000E-07
    rcr1d                   1.5418463E-04          3.5760000E-04
    rcr1w                   1.2108158E-02          4.6757900E-02
    rcr2d                   0.9956114              0.8666592
    rcr2w                   0.4136972              0.6142416
    rcr3d                   0.9977867              0.9128460
    rcr3w                   0.9592537              0.8250775
    rcr4d                   0.9997380              0.9086964
    rcr4w                   0.7020341              0.7961494
    rcr5d                   4.7345339E-04          6.2604000E-03
    rcr5w                   0.9809598              0.9520833
    rcr6d                   2.1171087E-03          2.7346900E-02
    rcr6w                   1.7839406E-02          0.1519540
    rcr7d                   9.1193076E-04          1.4295500E-02
    rcr7w                   2.0098171E-02          0.2086922
    rcr8d                   4.2989714E-04          3.5042000E-03
    rcr8w                   5.6826350E-03          4.7468700E-02
    rcr9d                   0.9963398              0.9343424
    rcr9w                   3.6801788E-03          2.8752200E-02
    rcr10d                  4.3545028E-04          2.9926000E-03
    rcr10w                  4.7096472E-04          9.2508000E-03
    rcr11d                  2.1098807E-05          1.2680000E-04
    rcr11w                  1.2068758E-05          3.2620000E-04
    rcr12d                  2.0635966E-06          8.1000000E-06
    rcr12w                  3.0426452E-06          4.2500000E-05
    rcr13d                  6.6995251E-07          2.7000000E-06
    rcr13w                  3.7767954E-03          3.7299300E-02
    rcr14d                  4.3273051E-08          2.0000000E-07
    rcr14w                  8.0558064E-05          1.0156000E-03
    rcr15d                  1.1372684E-11           0.000000
    rcr15w                  3.9442917E-11           0.000000
    rcgd                    5.1187915E-09          1.0000000E-07
    rcgw                    4.4454809E-08          2.4000000E-06
    tl                      1.4326744E-03          7.9178100E-02
    xw                       0.000000               0.000000
    yw                       0.000000               0.000000
    x                       0.9983645              0.9981237
    y                       1.1564168E-02          0.1363828
    tlr                      0.000000               0.000000
    tls                      0.000000               0.000000
    beta                    0.9897408              0.8971566
 
    Note: run IDENTPAR yourself to see identiability contributions by different solution 
    space eigencomponents.


                   ANALYSIS OF PREDICTION
                   ----------------------

 PREDVAR1 analysis for prediction "q7959" ----->

    Sing_val       Null-space       Soln-space     Total             Total
    index          term             term           variance          std_dev
    --------       ----------       ----------     --------          -------
       0            1.3098807E+09     0.000000      1.3098807E+09      36192.27    
       3            7.4890988E+08     17226.69      7.4892710E+08      27366.53    
       6            3.8530352E+08     216290.3      3.8551981E+08      19634.66    
       9             4375540.         860289.0       5235829.          2288.193    
      12             1890070.         917758.1       2807828.          1675.657    
      15             1542117.         931432.6       2473549.          1572.752    
      16             975750.6         980057.8       1955808.          1398.502    
      17             340268.8         1065170.       1405439.          1185.512    
      18             267428.7         1079754.       1347183.          1160.682    
      19             113985.1         1122653.       1236638.          1112.042    
      20             113981.7         1122654.       1236636.          1112.041    
      21             111590.2         1123507.       1235097.          1111.349    
      22             110813.8         1124050.       1234864.          1111.244    
      23             110782.3         1124077.       1234859.          1111.242    
      24             103742.7         1133351.       1237094.          1112.247    
      25             87939.70         1164063.       1252003.          1118.929    
      26             76408.64         1217612.       1294021.          1137.550    
      27             74240.22         1229731.       1303972.          1141.916    
      30             4406.512         1870634.       1875040.          1369.321    
      33             2210.497         1907611.       1909821.          1381.963    
      36             695.9079         1949950.       1950646.          1396.655    
      39             686.7226         1950618.       1951305.          1396.891    
      42             432.6369         1995703.       1996136.          1412.847    
      45             335.8776         2039065.       2039400.          1428.076    
      48             297.3438         2099314.       2099611.          1449.003    
      51             8.134470         2822770.       2822778.          1680.112    
      54            0.9024636         2992842.       2992843.          1729.984    
      57            8.2485170E-02     3052857.       3052857.          1747.243    
      60            7.8345995E-02     3053419.       3053419.          1747.404    
      63            3.3531992E-02     3185567.       3185567.          1784.816    
      66            7.2551640E-18     3486725.       3486725.          1867.277    
      69            1.0870627E-20     4111282.       4111282.          2027.630    
      72             0.000000        1.0000000E+35  1.0000000E+35     3.1622777E+17
      74             0.000000        1.0000000E+35  1.0000000E+35     3.1622777E+17
 
    Pre-calibration:- 
    Total error variance                 =  1.3098807E+09
    Total error standard deviation       =   36192.27    
 
    Post-calibration:-
    Total error variance                 =   1234859.    
    Total error standard deviation       =   1111.242    
    Minimum error variance occurs at singular value number 23.
 
 
 PREDUNC1 analysis for prediction "q7959" ----->

    Pre-calibration:- 
    Total uncertainty variance           =  1.3098804E+09
    Total uncertainty standard deviation =   36192.27    
 
    Post-calibration:-
    Total uncertainty variance           =   1186195.    
    Total uncertainty standard deviation =   1089.126    
 
 
 PREDUNC4 analysis for prediction "q7959" ----->

    Contributions to predictive uncertainty variance

    Parameter      Pre-cal             Post-cal
    group          contribution        contribution
    ---------      ------------        ------------
    ddsd            1.1729600E+08        743232.6    
    ddsw             0.000000            295.0000    
    ddgd             0.000000            0.000000    
    ddgw             0.000000            0.000000    
    rcsd            9.6840709E+08        429601.4    
    rcsw             0.000000            72602.00    
    rcrd            1.0225900E+07        191134.4    
    rcrw             0.000000            110852.0    
    rcgd             0.000000            0.000000    
    rcgw             0.000000            0.000000    
    tl               100.0000            11957.00    
    xw               0.000000            0.000000    
    yw               0.000000            0.000000    
    x               1.9923630E+08        3202.000    
    y                599800.0            65187.00    
    tlr              0.000000            0.000000    
    tls              0.000000            0.000000    
    beta            1.4115300E+07        156207.0    
 
 
 PREDUNC5 observation subtraction analysis for prediction "q7959" ----->

    Increases in predictive uncertainty variance incurred through loss of observations

    Observation_group        Variance_increase
    -----------------        -----------------
    q                          1186195.    
 
 
 PREDUNC5 observation addition analysis for prediction "q7959" ----->

    Decreases in pre-calibration predictive uncertainty variance incurred through addition of observations

    Observation_group        Variance_decrease
    -----------------        -----------------
    q                          1186195.    
