 
 
                   ###################################################
                   #                                                 #
                   #      GENLINPRED UNCERTAINTY/ERROR ANALYSIS      #
                   #                                                 #
                   ###################################################
 
 
 
                   ANALYSIS DETAILS
                   ----------------
 
    Name of PEST control file                                   : master_lu.pst
    Factor by which to multiply observation weights             : 1.0000
    Source of parameter uncertainty data                        : uncertainty file
    Name of uncertainty file                                    : master_lu.unc
 
    Perform global parameter estimability analysis              : yes
         Parameter identifiability                              : yes
         Relative parameter error reduction                     : no
         Relative parameter uncertainty reduction               : yes
 
    Analyse error/uncertainty of an entity                      : yes
         Name of entity                                         : q7922
         Type of entity                                         : prediction
         File containing prediction sensitivities               : master_lu.jco
 
         Total error variance                                   : yes
         Total uncertainty                                      : yes
 
         Parameter contributions to error variance              : no
         Parameter contributions to uncertainty                 : yes
         Parameter contributions                                : by group
 
         Observation worth in reducing error variance           : no
         Observation worth in reducing uncertainty variance     : yes
         Observation worth                                      : by group


                   ANALYSIS OF PARAMETERS
                   ----------------------


 Outcomes of running program SUPCALC ----->
 
    Number of dimensions of calibration solution space = 23
    Number of dimensions of calibration null space     = 51

 Outcomes of parameter identifiability and error/uncertainty variance reduction analysis ----->
 
    Parameter              Identifiability        Rel_uncert_var_redn
    ---------              ---------------        -------------------
    ddsd                    0.9999993              0.9998335
    ddsw                    0.9999946              0.9998630
    ddgd                    2.0475166E-08          3.0000000E-07
    ddgw                    1.7781924E-07          9.7000000E-06
    rcs1d                   1.1530242E-06          5.0100000E-05
    rcs1w                   2.2943727E-06          2.0300000E-05
    rcs2d                   3.3674229E-03          0.1232893
    rcs2w                   5.3984008E-03          2.2036800E-02
    rcs3d                   8.4017977E-04          2.2287700E-02
    rcs3w                   5.7784892E-02          0.1523578
    rcs4d                   2.6623354E-04          5.4521000E-03
    rcs4w                   0.9102796              0.6968983
    rcs5d                   4.6216378E-04          1.9378700E-02
    rcs5w                   0.9685409              0.8155961
    rcs6d                   5.7526514E-04          3.1311900E-02
    rcs6w                   0.9840859              0.8304616
    rcs7d                   3.8612707E-05          1.5374000E-03
    rcs7w                   0.9970557              0.9078171
    rcs8d                   0.9997135              0.9921665
    rcs8w                   0.9998267              0.9804344
    rcs9d                   0.9995442              0.9845376
    rcs9w                   0.9949461              0.9723350
    rcs10d                  0.9999183              0.9697506
    rcs10w                  0.9075096              0.8158716
    rcs11d                  3.9721225E-05          8.3000000E-05
    rcs11w                  0.4803049              0.4677445
    rcs12d                  0.8469933              0.6454199
    rcs12w                  0.5190897              0.3844958
    rcs13d                  0.1486557              0.1445749
    rcs13w                  5.5599914E-02          5.1889700E-02
    rcs14d                  3.2885430E-03          3.6750000E-03
    rcs14w                  1.0555838E-03          9.3200000E-04
    rcs15d                  5.2018409E-07          6.0000000E-07
    rcs15w                  1.7533513E-07          1.0000000E-07
    rcr1d                   1.5418463E-04          3.5760000E-04
    rcr1w                   1.2108158E-02          4.6757900E-02
    rcr2d                   0.9956114              0.8666592
    rcr2w                   0.4136972              0.6142416
    rcr3d                   0.9977867              0.9128460
    rcr3w                   0.9592537              0.8250775
    rcr4d                   0.9997380              0.9086964
    rcr4w                   0.7020341              0.7961494
    rcr5d                   4.7345339E-04          6.2604000E-03
    rcr5w                   0.9809598              0.9520833
    rcr6d                   2.1171087E-03          2.7346900E-02
    rcr6w                   1.7839406E-02          0.1519540
    rcr7d                   9.1193076E-04          1.4295500E-02
    rcr7w                   2.0098171E-02          0.2086922
    rcr8d                   4.2989714E-04          3.5042000E-03
    rcr8w                   5.6826350E-03          4.7468700E-02
    rcr9d                   0.9963398              0.9343424
    rcr9w                   3.6801788E-03          2.8752200E-02
    rcr10d                  4.3545028E-04          2.9926000E-03
    rcr10w                  4.7096472E-04          9.2508000E-03
    rcr11d                  2.1098807E-05          1.2680000E-04
    rcr11w                  1.2068758E-05          3.2620000E-04
    rcr12d                  2.0635966E-06          8.1000000E-06
    rcr12w                  3.0426452E-06          4.2500000E-05
    rcr13d                  6.6995251E-07          2.7000000E-06
    rcr13w                  3.7767954E-03          3.7299300E-02
    rcr14d                  4.3273051E-08          2.0000000E-07
    rcr14w                  8.0558064E-05          1.0156000E-03
    rcr15d                  1.1372684E-11           0.000000
    rcr15w                  3.9442917E-11           0.000000
    rcgd                    5.1187915E-09          1.0000000E-07
    rcgw                    4.4454809E-08          2.4000000E-06
    tl                      1.4326744E-03          7.9178100E-02
    xw                       0.000000               0.000000
    yw                       0.000000               0.000000
    x                       0.9983645              0.9981237
    y                       1.1564168E-02          0.1363828
    tlr                      0.000000               0.000000
    tls                      0.000000               0.000000
    beta                    0.9897408              0.8971566
 
    Note: run IDENTPAR yourself to see identiability contributions by different solution 
    space eigencomponents.


                   ANALYSIS OF PREDICTION
                   ----------------------

 PREDVAR1 analysis for prediction "q7922" ----->

    Sing_val       Null-space       Soln-space     Total             Total
    index          term             term           variance          std_dev
    --------       ----------       ----------     --------          -------
       0            3.2680548E+08     0.000000      3.2680548E+08      18077.76    
       3            2.4426603E+07     4938.276      2.4431541E+07      4942.827    
       6            1.4033490E+07     10333.62      1.4043823E+07      3747.509    
       9             3339514.         17829.35       3357344.          1832.306    
      12             3201113.         19864.66       3220978.          1794.708    
      15             3149426.         22309.48       3171736.          1780.937    
      16             984020.3         208220.1       1192240.          1091.897    
      17             607744.4         258616.0       866360.4          930.7848    
      18             554572.2         269262.0       823834.2          907.6531    
      19             132759.1         387191.8       519950.9          721.0762    
      20             128645.0         388537.6       517182.7          719.1542    
      21             18630.92         427766.1       446397.0          668.1295    
      22             18536.03         427832.4       446368.5          668.1081    
      23             17205.39         428973.0       446178.4          667.9659    
      24             13095.56         434387.3       447482.9          668.9416    
      25             6823.844         446576.2       453400.1          673.3499    
      26             6004.959         450379.0       456384.0          675.5620    
      27             5584.480         452729.0       458313.5          676.9886    
      30             824.5349         492674.9       493499.5          702.4952    
      33             254.5668         503002.8       503257.3          709.4063    
      36             181.7973         504805.5       504987.3          710.6246    
      39             152.9491         507902.9       508055.8          712.7803    
      42             125.5295         512470.8       512596.3          715.9583    
      45             119.2207         514953.9       515073.1          717.6859    
      48             72.95308         548286.3       548359.3          740.5129    
      51             1.714134         761389.2       761390.9          872.5772    
      54             1.588957         763993.9       763995.5          874.0684    
      57            0.1996434         819211.5       819211.7          905.1031    
      60            9.0723710E-02     830577.1       830577.2          911.3601    
      63            6.7445976E-05     1069199.       1069199.          1034.021    
      66            5.7362408E-19     1076832.       1076832.          1037.705    
      69            2.1757523E-20     1085319.       1085319.          1041.786    
      72             0.000000        1.0000000E+35  1.0000000E+35     3.1622777E+17
      74             0.000000        1.0000000E+35  1.0000000E+35     3.1622777E+17
 
    Pre-calibration:- 
    Total error variance                 =  3.2680548E+08
    Total error standard deviation       =   18077.76    
 
    Post-calibration:-
    Total error variance                 =   446178.4    
    Total error standard deviation       =   667.9659    
    Minimum error variance occurs at singular value number 23.
 
 
 PREDUNC1 analysis for prediction "q7922" ----->

    Pre-calibration:- 
    Total uncertainty variance           =  3.2680541E+08
    Total uncertainty standard deviation =   18077.76    
 
    Post-calibration:-
    Total uncertainty variance           =   381961.7    
    Total uncertainty standard deviation =   618.0305    
 
 
 PREDUNC4 analysis for prediction "q7922" ----->

    Contributions to predictive uncertainty variance

    Parameter      Pre-cal             Post-cal
    group          contribution        contribution
    ---------      ------------        ------------
    ddsd            2.6622491E+08        1971.800    
    ddsw             0.000000            1023.500    
    ddgd             0.000000           0.1000000    
    ddgw             0.000000           0.1000000    
    rcsd            2.2610180E+07        157524.8    
    rcsw             0.000000            159992.4    
    rcrd            3.0029950E+07        252060.8    
    rcrw             0.000000            148985.0    
    rcgd             0.000000            0.000000    
    rcgw             0.000000            0.000000    
    tl               570.0000            390.2000    
    xw               0.000000            0.000000    
    yw               0.000000            0.000000    
    x                5530.000            4057.200    
    y                3360.000            3034.300    
    tlr              0.000000            0.000000    
    tls              0.000000            0.000000    
    beta             7930980.            282195.1    
 
 
 PREDUNC5 observation subtraction analysis for prediction "q7922" ----->

    Increases in predictive uncertainty variance incurred through loss of observations

    Observation_group        Variance_increase
    -----------------        -----------------
    q                          381961.7    
 
 
 PREDUNC5 observation addition analysis for prediction "q7922" ----->

    Decreases in pre-calibration predictive uncertainty variance incurred through addition of observations

    Observation_group        Variance_decrease
    -----------------        -----------------
    q                          381961.7    
