 
 
                   ###################################################
                   #                                                 #
                   #      GENLINPRED UNCERTAINTY/ERROR ANALYSIS      #
                   #                                                 #
                   ###################################################
 
 
 
                   ANALYSIS DETAILS
                   ----------------
 
    Name of PEST control file                                   : master_lu.pst
    Factor by which to multiply observation weights             : 1.0000
    Source of parameter uncertainty data                        : uncertainty file
    Name of uncertainty file                                    : master_lu.unc
 
    Perform global parameter estimability analysis              : yes
         Parameter identifiability                              : yes
         Relative parameter error reduction                     : no
         Relative parameter uncertainty reduction               : yes
 
    Analyse error/uncertainty of an entity                      : yes
         Name of entity                                         : q7817
         Type of entity                                         : prediction
         File containing prediction sensitivities               : master_lu.jco
 
         Total error variance                                   : yes
         Total uncertainty                                      : yes
 
         Parameter contributions to error variance              : no
         Parameter contributions to uncertainty                 : yes
         Parameter contributions                                : by group
 
         Observation worth in reducing error variance           : no
         Observation worth in reducing uncertainty variance     : yes
         Observation worth                                      : by group


                   ANALYSIS OF PARAMETERS
                   ----------------------


 Outcomes of running program SUPCALC ----->
 
    Number of dimensions of calibration solution space = 23
    Number of dimensions of calibration null space     = 51

 Outcomes of parameter identifiability and error/uncertainty variance reduction analysis ----->
 
    Parameter              Identifiability        Rel_uncert_var_redn
    ---------              ---------------        -------------------
    ddsd                    0.9999993              0.9998335
    ddsw                    0.9999946              0.9998630
    ddgd                    2.0475166E-08          3.0000000E-07
    ddgw                    1.7781924E-07          9.7000000E-06
    rcs1d                   1.1530242E-06          5.0100000E-05
    rcs1w                   2.2943727E-06          2.0300000E-05
    rcs2d                   3.3674229E-03          0.1232893
    rcs2w                   5.3984008E-03          2.2036800E-02
    rcs3d                   8.4017977E-04          2.2287700E-02
    rcs3w                   5.7784892E-02          0.1523578
    rcs4d                   2.6623354E-04          5.4521000E-03
    rcs4w                   0.9102796              0.6968983
    rcs5d                   4.6216378E-04          1.9378700E-02
    rcs5w                   0.9685409              0.8155961
    rcs6d                   5.7526514E-04          3.1311900E-02
    rcs6w                   0.9840859              0.8304616
    rcs7d                   3.8612707E-05          1.5374000E-03
    rcs7w                   0.9970557              0.9078171
    rcs8d                   0.9997135              0.9921665
    rcs8w                   0.9998267              0.9804344
    rcs9d                   0.9995442              0.9845376
    rcs9w                   0.9949461              0.9723350
    rcs10d                  0.9999183              0.9697506
    rcs10w                  0.9075096              0.8158716
    rcs11d                  3.9721225E-05          8.3000000E-05
    rcs11w                  0.4803049              0.4677445
    rcs12d                  0.8469933              0.6454199
    rcs12w                  0.5190897              0.3844958
    rcs13d                  0.1486557              0.1445749
    rcs13w                  5.5599914E-02          5.1889700E-02
    rcs14d                  3.2885430E-03          3.6750000E-03
    rcs14w                  1.0555838E-03          9.3200000E-04
    rcs15d                  5.2018409E-07          6.0000000E-07
    rcs15w                  1.7533513E-07          1.0000000E-07
    rcr1d                   1.5418463E-04          3.5760000E-04
    rcr1w                   1.2108158E-02          4.6757900E-02
    rcr2d                   0.9956114              0.8666592
    rcr2w                   0.4136972              0.6142416
    rcr3d                   0.9977867              0.9128460
    rcr3w                   0.9592537              0.8250775
    rcr4d                   0.9997380              0.9086964
    rcr4w                   0.7020341              0.7961494
    rcr5d                   4.7345339E-04          6.2604000E-03
    rcr5w                   0.9809598              0.9520833
    rcr6d                   2.1171087E-03          2.7346900E-02
    rcr6w                   1.7839406E-02          0.1519540
    rcr7d                   9.1193076E-04          1.4295500E-02
    rcr7w                   2.0098171E-02          0.2086922
    rcr8d                   4.2989714E-04          3.5042000E-03
    rcr8w                   5.6826350E-03          4.7468700E-02
    rcr9d                   0.9963398              0.9343424
    rcr9w                   3.6801788E-03          2.8752200E-02
    rcr10d                  4.3545028E-04          2.9926000E-03
    rcr10w                  4.7096472E-04          9.2508000E-03
    rcr11d                  2.1098807E-05          1.2680000E-04
    rcr11w                  1.2068758E-05          3.2620000E-04
    rcr12d                  2.0635966E-06          8.1000000E-06
    rcr12w                  3.0426452E-06          4.2500000E-05
    rcr13d                  6.6995251E-07          2.7000000E-06
    rcr13w                  3.7767954E-03          3.7299300E-02
    rcr14d                  4.3273051E-08          2.0000000E-07
    rcr14w                  8.0558064E-05          1.0156000E-03
    rcr15d                  1.1372684E-11           0.000000
    rcr15w                  3.9442917E-11           0.000000
    rcgd                    5.1187915E-09          1.0000000E-07
    rcgw                    4.4454809E-08          2.4000000E-06
    tl                      1.4326744E-03          7.9178100E-02
    xw                       0.000000               0.000000
    yw                       0.000000               0.000000
    x                       0.9983645              0.9981237
    y                       1.1564168E-02          0.1363828
    tlr                      0.000000               0.000000
    tls                      0.000000               0.000000
    beta                    0.9897408              0.8971566
 
    Note: run IDENTPAR yourself to see identiability contributions by different solution 
    space eigencomponents.


                   ANALYSIS OF PREDICTION
                   ----------------------

 PREDVAR1 analysis for prediction "q7817" ----->

    Sing_val       Null-space       Soln-space     Total             Total
    index          term             term           variance          std_dev
    --------       ----------       ----------     --------          -------
       0            2.1538912E+08     0.000000      2.1538912E+08      14676.14    
       3            1.2375807E+08     9891.850      1.2376797E+08      11125.11    
       6            3.1405871E+07     56109.25      3.1461980E+07      5609.098    
       9             7942729.         78105.55       8020835.          2832.108    
      12             6667907.         117375.1       6785282.          2604.857    
      15             787746.2         390431.9       1178178.          1085.439    
      16             490056.3         415990.1       906046.4          951.8647    
      17             165591.9         459446.7       625038.5          790.5938    
      18             104555.4         471667.2       576222.6          759.0933    
      19             90838.24         475502.2       566340.5          752.5560    
      20             85441.92         477267.6       562709.5          750.1397    
      21             10891.19         503850.6       514741.8          717.4551    
      22             10887.71         503853.1       514740.8          717.4544    
      23             10550.52         504142.1       514692.6          717.4208    
      24             7371.743         508329.8       515701.6          718.1237    
      25             2607.444         517589.1       520196.6          721.2466    
      26             1780.551         521429.1       523209.7          723.3324    
      27             1639.610         522216.8       523856.4          723.7792    
      30             1228.147         525489.0       526717.1          725.7528    
      33             591.5469         540159.5       540751.1          735.3578    
      36             410.6066         544599.7       545010.3          738.2481    
      39             378.6327         548346.9       548725.5          740.7601    
      42             227.3637         574489.7       574717.1          758.1010    
      45             146.3600         606445.8       606592.2          778.8403    
      48             33.13836         714222.6       714255.7          845.1365    
      51            0.7527997         870346.2       870347.0          932.9239    
      54            0.5919217         874027.0       874027.6          934.8944    
      57            0.3481243         885745.5       885745.9          941.1407    
      60            0.2607879         896717.5       896717.7          946.9518    
      63            1.2694892E-04     1111934.       1111934.          1054.483    
      66            7.4008982E-19     1122226.       1122226.          1059.352    
      69            4.6305981E-23     1146262.       1146262.          1070.636    
      72             0.000000        1.0000000E+35  1.0000000E+35     3.1622777E+17
      74             0.000000        1.0000000E+35  1.0000000E+35     3.1622777E+17
 
    Pre-calibration:- 
    Total error variance                 =  2.1538912E+08
    Total error standard deviation       =   14676.14    
 
    Post-calibration:-
    Total error variance                 =   514692.6    
    Total error standard deviation       =   717.4208    
    Minimum error variance occurs at singular value number 23.
 
 
 PREDUNC1 analysis for prediction "q7817" ----->

    Pre-calibration:- 
    Total uncertainty variance           =  2.1538909E+08
    Total uncertainty standard deviation =   14676.14    
 
    Post-calibration:-
    Total uncertainty variance           =   480353.6    
    Total uncertainty standard deviation =   693.0755    
 
 
 PREDUNC4 analysis for prediction "q7817" ----->

    Contributions to predictive uncertainty variance

    Parameter      Pre-cal             Post-cal
    group          contribution        contribution
    ---------      ------------        ------------
    ddsd             866660.0            2891.800    
    ddsw             0.000000            381.8000    
    ddgd             0.000000           0.1000000    
    ddgw             0.000000           0.1000000    
    rcsd             141510.0            184266.6    
    rcsw             0.000000            71180.00    
    rcrd            1.2697506E+08        257464.2    
    rcrw             0.000000            89631.10    
    rcgd             0.000000            0.000000    
    rcgw             0.000000            0.000000    
    tl               10.00000            2.300000    
    xw               0.000000            0.000000    
    yw               0.000000            0.000000    
    x               7.9209610E+07        8483.800    
    y                50080.00            689.3000    
    tlr              0.000000            0.000000    
    tls              0.000000            0.000000    
    beta             8146200.            139237.3    
 
 
 PREDUNC5 observation subtraction analysis for prediction "q7817" ----->

    Increases in predictive uncertainty variance incurred through loss of observations

    Observation_group        Variance_increase
    -----------------        -----------------
    q                          480353.6    
 
 
 PREDUNC5 observation addition analysis for prediction "q7817" ----->

    Decreases in pre-calibration predictive uncertainty variance incurred through addition of observations

    Observation_group        Variance_decrease
    -----------------        -----------------
    q                          480353.6    
