 
 
                   ###################################################
                   #                                                 #
                   #      GENLINPRED UNCERTAINTY/ERROR ANALYSIS      #
                   #                                                 #
                   ###################################################
 
 
 
                   ANALYSIS DETAILS
                   ----------------
 
    Name of PEST control file                                   : master_lu.pst
    Factor by which to multiply observation weights             : 1.0000
    Source of parameter uncertainty data                        : uncertainty file
    Name of uncertainty file                                    : master_lu.unc
 
    Perform global parameter estimability analysis              : yes
         Parameter identifiability                              : yes
         Relative parameter error reduction                     : no
         Relative parameter uncertainty reduction               : yes
 
    Analyse error/uncertainty of an entity                      : yes
         Name of entity                                         : q7954
         Type of entity                                         : prediction
         File containing prediction sensitivities               : master_lu.jco
 
         Total error variance                                   : yes
         Total uncertainty                                      : yes
 
         Parameter contributions to error variance              : no
         Parameter contributions to uncertainty                 : yes
         Parameter contributions                                : by group
 
         Observation worth in reducing error variance           : no
         Observation worth in reducing uncertainty variance     : yes
         Observation worth                                      : by group


                   ANALYSIS OF PARAMETERS
                   ----------------------


 Outcomes of running program SUPCALC ----->
 
    Number of dimensions of calibration solution space = 23
    Number of dimensions of calibration null space     = 51

 Outcomes of parameter identifiability and error/uncertainty variance reduction analysis ----->
 
    Parameter              Identifiability        Rel_uncert_var_redn
    ---------              ---------------        -------------------
    ddsd                    0.9999993              0.9998335
    ddsw                    0.9999946              0.9998630
    ddgd                    2.0475166E-08          3.0000000E-07
    ddgw                    1.7781924E-07          9.7000000E-06
    rcs1d                   1.1530242E-06          5.0100000E-05
    rcs1w                   2.2943727E-06          2.0300000E-05
    rcs2d                   3.3674229E-03          0.1232893
    rcs2w                   5.3984008E-03          2.2036800E-02
    rcs3d                   8.4017977E-04          2.2287700E-02
    rcs3w                   5.7784892E-02          0.1523578
    rcs4d                   2.6623354E-04          5.4521000E-03
    rcs4w                   0.9102796              0.6968983
    rcs5d                   4.6216378E-04          1.9378700E-02
    rcs5w                   0.9685409              0.8155961
    rcs6d                   5.7526514E-04          3.1311900E-02
    rcs6w                   0.9840859              0.8304616
    rcs7d                   3.8612707E-05          1.5374000E-03
    rcs7w                   0.9970557              0.9078171
    rcs8d                   0.9997135              0.9921665
    rcs8w                   0.9998267              0.9804344
    rcs9d                   0.9995442              0.9845376
    rcs9w                   0.9949461              0.9723350
    rcs10d                  0.9999183              0.9697506
    rcs10w                  0.9075096              0.8158716
    rcs11d                  3.9721225E-05          8.3000000E-05
    rcs11w                  0.4803049              0.4677445
    rcs12d                  0.8469933              0.6454199
    rcs12w                  0.5190897              0.3844958
    rcs13d                  0.1486557              0.1445749
    rcs13w                  5.5599914E-02          5.1889700E-02
    rcs14d                  3.2885430E-03          3.6750000E-03
    rcs14w                  1.0555838E-03          9.3200000E-04
    rcs15d                  5.2018409E-07          6.0000000E-07
    rcs15w                  1.7533513E-07          1.0000000E-07
    rcr1d                   1.5418463E-04          3.5760000E-04
    rcr1w                   1.2108158E-02          4.6757900E-02
    rcr2d                   0.9956114              0.8666592
    rcr2w                   0.4136972              0.6142416
    rcr3d                   0.9977867              0.9128460
    rcr3w                   0.9592537              0.8250775
    rcr4d                   0.9997380              0.9086964
    rcr4w                   0.7020341              0.7961494
    rcr5d                   4.7345339E-04          6.2604000E-03
    rcr5w                   0.9809598              0.9520833
    rcr6d                   2.1171087E-03          2.7346900E-02
    rcr6w                   1.7839406E-02          0.1519540
    rcr7d                   9.1193076E-04          1.4295500E-02
    rcr7w                   2.0098171E-02          0.2086922
    rcr8d                   4.2989714E-04          3.5042000E-03
    rcr8w                   5.6826350E-03          4.7468700E-02
    rcr9d                   0.9963398              0.9343424
    rcr9w                   3.6801788E-03          2.8752200E-02
    rcr10d                  4.3545028E-04          2.9926000E-03
    rcr10w                  4.7096472E-04          9.2508000E-03
    rcr11d                  2.1098807E-05          1.2680000E-04
    rcr11w                  1.2068758E-05          3.2620000E-04
    rcr12d                  2.0635966E-06          8.1000000E-06
    rcr12w                  3.0426452E-06          4.2500000E-05
    rcr13d                  6.6995251E-07          2.7000000E-06
    rcr13w                  3.7767954E-03          3.7299300E-02
    rcr14d                  4.3273051E-08          2.0000000E-07
    rcr14w                  8.0558064E-05          1.0156000E-03
    rcr15d                  1.1372684E-11           0.000000
    rcr15w                  3.9442917E-11           0.000000
    rcgd                    5.1187915E-09          1.0000000E-07
    rcgw                    4.4454809E-08          2.4000000E-06
    tl                      1.4326744E-03          7.9178100E-02
    xw                       0.000000               0.000000
    yw                       0.000000               0.000000
    x                       0.9983645              0.9981237
    y                       1.1564168E-02          0.1363828
    tlr                      0.000000               0.000000
    tls                      0.000000               0.000000
    beta                    0.9897408              0.8971566
 
    Note: run IDENTPAR yourself to see identiability contributions by different solution 
    space eigencomponents.


                   ANALYSIS OF PREDICTION
                   ----------------------

 PREDVAR1 analysis for prediction "q7954" ----->

    Sing_val       Null-space       Soln-space     Total             Total
    index          term             term           variance          std_dev
    --------       ----------       ----------     --------          -------
       0            5.7974550E+09     0.000000      5.7974550E+09      76141.02    
       3            5.7758049E+07     87475.34      5.7845525E+07      7605.625    
       6            4.1095731E+07     96470.54      4.1192202E+07      6418.115    
       9             4909296.         248778.0       5158074.          2271.139    
      12             2529686.         311018.5       2840705.          1685.439    
      15             2146289.         326014.9       2472304.          1572.356    
      16             1213545.         406095.5       1619640.          1272.651    
      17             501052.8         501521.9       1002575.          1001.287    
      18             430631.3         515621.5       946252.8          972.7553    
      19             26047.12         628734.5       654781.6          809.1858    
      20             25652.66         628863.5       654516.2          809.0218    
      21             25637.42         628868.9       654506.3          809.0156    
      22             25628.81         628874.9       654503.8          809.0141    
      23             25091.60         629335.4       654427.0          808.9666    
      24             20255.67         635706.3       655962.0          809.9148    
      25             12099.64         651557.3       663657.0          814.6515    
      26             10615.18         658451.0       669066.2          817.9647    
      27             10371.80         659811.2       670183.0          818.6471    
      30             3735.303         712536.3       716271.6          846.3283    
      33             1151.407         760882.4       762033.8          872.9455    
      36             1023.210         764235.0       765258.2          874.7904    
      39             951.9067         772495.3       773447.2          879.4585    
      42             747.6751         808319.6       809067.3          899.4817    
      45             472.9076         938623.3       939096.2          969.0698    
      48             399.9816         1020081.       1020481.          1010.189    
      51             1.346012         2009506.       2009507.          1417.571    
      54            0.6231140         2026493.       2026493.          1423.549    
      57            0.5073335         2036234.       2036234.          1426.967    
      60            0.3887141         2050237.       2050237.          1431.865    
      63            1.6904740E-03     2415560.       2415560.          1554.207    
      66            6.5406040E-18     2530379.       2530379.          1590.717    
      69            6.7785677E-20     3097471.       3097471.          1759.963    
      72             0.000000        1.0000000E+35  1.0000000E+35     3.1622777E+17
      74             0.000000        1.0000000E+35  1.0000000E+35     3.1622777E+17
 
    Pre-calibration:- 
    Total error variance                 =  5.7974550E+09
    Total error standard deviation       =   76141.02    
 
    Post-calibration:-
    Total error variance                 =   654427.0    
    Total error standard deviation       =   808.9666    
    Minimum error variance occurs at singular value number 23.
 
 
 PREDUNC1 analysis for prediction "q7954" ----->

    Pre-calibration:- 
    Total uncertainty variance           =  5.7974549E+09
    Total uncertainty standard deviation =   76141.02    
 
    Post-calibration:-
    Total uncertainty variance           =   600387.1    
    Total uncertainty standard deviation =   774.8465    
 
 
 PREDUNC4 analysis for prediction "q7954" ----->

    Contributions to predictive uncertainty variance

    Parameter      Pre-cal             Post-cal
    group          contribution        contribution
    ---------      ------------        ------------
    ddsd            5.2262576E+09        8543.700    
    ddsw             0.000000            637.6000    
    ddgd             0.000000           0.1000000    
    ddgw             0.000000           0.1000000    
    rcsd            5.0503520E+08        369384.2    
    rcsw             0.000000            124179.3    
    rcrd            1.3782600E+07        266613.2    
    rcrw             0.000000            134215.3    
    rcgd             0.000000            0.000000    
    rcgw             0.000000            0.000000    
    tl               16600.00            3.900000    
    xw               0.000000            0.000000    
    yw               0.000000            0.000000    
    x               3.9231300E+07        3812.400    
    y                67700.00            5125.600    
    tlr              0.000000            0.000000    
    tls              0.000000            0.000000    
    beta            1.3063900E+07        235230.4    
 
 
 PREDUNC5 observation subtraction analysis for prediction "q7954" ----->

    Increases in predictive uncertainty variance incurred through loss of observations

    Observation_group        Variance_increase
    -----------------        -----------------
    q                          600387.1    
 
 
 PREDUNC5 observation addition analysis for prediction "q7954" ----->

    Decreases in pre-calibration predictive uncertainty variance incurred through addition of observations

    Observation_group        Variance_decrease
    -----------------        -----------------
    q                          600387.1    
