 
 
                   ###################################################
                   #                                                 #
                   #      GENLINPRED UNCERTAINTY/ERROR ANALYSIS      #
                   #                                                 #
                   ###################################################
 
 
 
                   ANALYSIS DETAILS
                   ----------------
 
    Name of PEST control file                                   : master_lu.pst
    Factor by which to multiply observation weights             : 1.0000
    Source of parameter uncertainty data                        : uncertainty file
    Name of uncertainty file                                    : master_lu.unc
 
    Perform global parameter estimability analysis              : yes
         Parameter identifiability                              : yes
         Relative parameter error reduction                     : no
         Relative parameter uncertainty reduction               : yes
 
    Analyse error/uncertainty of an entity                      : yes
         Name of entity                                         : q7847
         Type of entity                                         : prediction
         File containing prediction sensitivities               : master_lu.jco
 
         Total error variance                                   : yes
         Total uncertainty                                      : yes
 
         Parameter contributions to error variance              : no
         Parameter contributions to uncertainty                 : yes
         Parameter contributions                                : by group
 
         Observation worth in reducing error variance           : no
         Observation worth in reducing uncertainty variance     : yes
         Observation worth                                      : by group


                   ANALYSIS OF PARAMETERS
                   ----------------------


 Outcomes of running program SUPCALC ----->
 
    Number of dimensions of calibration solution space = 23
    Number of dimensions of calibration null space     = 51

 Outcomes of parameter identifiability and error/uncertainty variance reduction analysis ----->
 
    Parameter              Identifiability        Rel_uncert_var_redn
    ---------              ---------------        -------------------
    ddsd                    0.9999993              0.9998335
    ddsw                    0.9999946              0.9998630
    ddgd                    2.0475166E-08          3.0000000E-07
    ddgw                    1.7781924E-07          9.7000000E-06
    rcs1d                   1.1530242E-06          5.0100000E-05
    rcs1w                   2.2943727E-06          2.0300000E-05
    rcs2d                   3.3674229E-03          0.1232893
    rcs2w                   5.3984008E-03          2.2036800E-02
    rcs3d                   8.4017977E-04          2.2287700E-02
    rcs3w                   5.7784892E-02          0.1523578
    rcs4d                   2.6623354E-04          5.4521000E-03
    rcs4w                   0.9102796              0.6968983
    rcs5d                   4.6216378E-04          1.9378700E-02
    rcs5w                   0.9685409              0.8155961
    rcs6d                   5.7526514E-04          3.1311900E-02
    rcs6w                   0.9840859              0.8304616
    rcs7d                   3.8612707E-05          1.5374000E-03
    rcs7w                   0.9970557              0.9078171
    rcs8d                   0.9997135              0.9921665
    rcs8w                   0.9998267              0.9804344
    rcs9d                   0.9995442              0.9845376
    rcs9w                   0.9949461              0.9723350
    rcs10d                  0.9999183              0.9697506
    rcs10w                  0.9075096              0.8158716
    rcs11d                  3.9721225E-05          8.3000000E-05
    rcs11w                  0.4803049              0.4677445
    rcs12d                  0.8469933              0.6454199
    rcs12w                  0.5190897              0.3844958
    rcs13d                  0.1486557              0.1445749
    rcs13w                  5.5599914E-02          5.1889700E-02
    rcs14d                  3.2885430E-03          3.6750000E-03
    rcs14w                  1.0555838E-03          9.3200000E-04
    rcs15d                  5.2018409E-07          6.0000000E-07
    rcs15w                  1.7533513E-07          1.0000000E-07
    rcr1d                   1.5418463E-04          3.5760000E-04
    rcr1w                   1.2108158E-02          4.6757900E-02
    rcr2d                   0.9956114              0.8666592
    rcr2w                   0.4136972              0.6142416
    rcr3d                   0.9977867              0.9128460
    rcr3w                   0.9592537              0.8250775
    rcr4d                   0.9997380              0.9086964
    rcr4w                   0.7020341              0.7961494
    rcr5d                   4.7345339E-04          6.2604000E-03
    rcr5w                   0.9809598              0.9520833
    rcr6d                   2.1171087E-03          2.7346900E-02
    rcr6w                   1.7839406E-02          0.1519540
    rcr7d                   9.1193076E-04          1.4295500E-02
    rcr7w                   2.0098171E-02          0.2086922
    rcr8d                   4.2989714E-04          3.5042000E-03
    rcr8w                   5.6826350E-03          4.7468700E-02
    rcr9d                   0.9963398              0.9343424
    rcr9w                   3.6801788E-03          2.8752200E-02
    rcr10d                  4.3545028E-04          2.9926000E-03
    rcr10w                  4.7096472E-04          9.2508000E-03
    rcr11d                  2.1098807E-05          1.2680000E-04
    rcr11w                  1.2068758E-05          3.2620000E-04
    rcr12d                  2.0635966E-06          8.1000000E-06
    rcr12w                  3.0426452E-06          4.2500000E-05
    rcr13d                  6.6995251E-07          2.7000000E-06
    rcr13w                  3.7767954E-03          3.7299300E-02
    rcr14d                  4.3273051E-08          2.0000000E-07
    rcr14w                  8.0558064E-05          1.0156000E-03
    rcr15d                  1.1372684E-11           0.000000
    rcr15w                  3.9442917E-11           0.000000
    rcgd                    5.1187915E-09          1.0000000E-07
    rcgw                    4.4454809E-08          2.4000000E-06
    tl                      1.4326744E-03          7.9178100E-02
    xw                       0.000000               0.000000
    yw                       0.000000               0.000000
    x                       0.9983645              0.9981237
    y                       1.1564168E-02          0.1363828
    tlr                      0.000000               0.000000
    tls                      0.000000               0.000000
    beta                    0.9897408              0.8971566
 
    Note: run IDENTPAR yourself to see identiability contributions by different solution 
    space eigencomponents.


                   ANALYSIS OF PREDICTION
                   ----------------------

 PREDVAR1 analysis for prediction "q7847" ----->

    Sing_val       Null-space       Soln-space     Total             Total
    index          term             term           variance          std_dev
    --------       ----------       ----------     --------          -------
       0            3.0067569E+08     0.000000      3.0067569E+08      17340.00    
       3            1.9306041E+08     4623.169      1.9306503E+08      13894.78    
       6            3.8082598E+07     84359.50      3.8166957E+07      6177.941    
       9             1461654.         122207.5       1583861.          1258.515    
      12             1421369.         122902.8       1544272.          1242.687    
      15             612228.2         162253.3       774481.5          880.0463    
      16             257002.8         192751.1       449754.0          670.6370    
      17             104300.3         213203.1       317503.4          563.4744    
      18             84662.08         217135.0       301797.1          549.3606    
      19             67410.19         221958.3       289368.4          537.9297    
      20             64792.13         222814.7       287606.8          536.2898    
      21             12835.07         241341.4       254176.5          504.1592    
      22             12813.17         241356.7       254169.9          504.1527    
      23             12438.48         241677.9       254116.4          504.0996    
      24             11302.51         243174.4       254476.9          504.4570    
      25             9280.866         247103.4       256384.3          506.3441    
      26             8626.602         250141.8       258768.4          508.6928    
      27             8440.932         251179.4       259620.4          509.5296    
      30             1824.559         304506.9       306331.5          553.4722    
      33             786.3104         327508.3       328294.6          572.9700    
      36             264.5964         342030.7       342295.3          585.0601    
      39             235.1143         344948.6       345183.7          587.5234    
      42             219.2005         347701.7       347920.9          589.8482    
      45             147.7531         382339.0       382486.8          618.4552    
      48             2.277027         535378.2       535380.5          731.6970    
      51            0.8591149         539133.9       539134.7          734.2579    
      54            0.3701562         550486.7       550487.0          741.9481    
      57            0.2286316         562984.2       562984.5          750.3229    
      60            0.2140871         564547.2       564547.4          751.3637    
      63            5.2136287E-02     840440.1       840440.1          916.7552    
      66            9.3683928E-19     1340104.       1340104.          1157.629    
      69            4.8651796E-19     1348988.       1348988.          1161.459    
      72             0.000000        1.0000000E+35  1.0000000E+35     3.1622777E+17
      74             0.000000        1.0000000E+35  1.0000000E+35     3.1622777E+17
 
    Pre-calibration:- 
    Total error variance                 =  3.0067569E+08
    Total error standard deviation       =   17340.00    
 
    Post-calibration:-
    Total error variance                 =   254116.4    
    Total error standard deviation       =   504.0996    
    Minimum error variance occurs at singular value number 23.
 
 
 PREDUNC1 analysis for prediction "q7847" ----->

    Pre-calibration:- 
    Total uncertainty variance           =  3.0067560E+08
    Total uncertainty standard deviation =   17340.00    
 
    Post-calibration:-
    Total uncertainty variance           =   238256.7    
    Total uncertainty standard deviation =   488.1155    
 
 
 PREDUNC4 analysis for prediction "q7847" ----->

    Contributions to predictive uncertainty variance

    Parameter      Pre-cal             Post-cal
    group          contribution        contribution
    ---------      ------------        ------------
    ddsd            3.6963870E+07        386.5000    
    ddsw             0.000000            365.0000    
    ddgd             0.000000            0.000000    
    ddgw             0.000000           0.1000000    
    rcsd            1.6448000E+07        85277.80    
    rcsw             0.000000            48667.40    
    rcrd            2.0431584E+08        19024.20    
    rcrw             0.000000            42526.00    
    rcgd             0.000000            0.000000    
    rcgw             0.000000            0.000000    
    tl               100.0000            42.30000    
    xw               0.000000            0.000000    
    yw               0.000000            0.000000    
    x               3.2800030E+07        11.20000    
    y                29600.00            4773.500    
    tlr              0.000000            0.000000    
    tls              0.000000            0.000000    
    beta            1.0118240E+07        83664.80    
 
 
 PREDUNC5 observation subtraction analysis for prediction "q7847" ----->

    Increases in predictive uncertainty variance incurred through loss of observations

    Observation_group        Variance_increase
    -----------------        -----------------
    q                          238256.7    
 
 
 PREDUNC5 observation addition analysis for prediction "q7847" ----->

    Decreases in pre-calibration predictive uncertainty variance incurred through addition of observations

    Observation_group        Variance_decrease
    -----------------        -----------------
    q                          238256.7    
