 
 
                   ###################################################
                   #                                                 #
                   #      GENLINPRED UNCERTAINTY/ERROR ANALYSIS      #
                   #                                                 #
                   ###################################################
 
 
 
                   ANALYSIS DETAILS
                   ----------------
 
    Name of PEST control file                                   : master_lu.pst
    Factor by which to multiply observation weights             : 1.0000
    Source of parameter uncertainty data                        : uncertainty file
    Name of uncertainty file                                    : master_lu.unc
 
    Perform global parameter estimability analysis              : yes
         Parameter identifiability                              : yes
         Relative parameter error reduction                     : no
         Relative parameter uncertainty reduction               : yes
 
    Analyse error/uncertainty of an entity                      : yes
         Name of entity                                         : q8012
         Type of entity                                         : prediction
         File containing prediction sensitivities               : master_lu.jco
 
         Total error variance                                   : yes
         Total uncertainty                                      : yes
 
         Parameter contributions to error variance              : no
         Parameter contributions to uncertainty                 : yes
         Parameter contributions                                : by group
 
         Observation worth in reducing error variance           : no
         Observation worth in reducing uncertainty variance     : yes
         Observation worth                                      : by group


                   ANALYSIS OF PARAMETERS
                   ----------------------


 Outcomes of running program SUPCALC ----->
 
    Number of dimensions of calibration solution space = 23
    Number of dimensions of calibration null space     = 51

 Outcomes of parameter identifiability and error/uncertainty variance reduction analysis ----->
 
    Parameter              Identifiability        Rel_uncert_var_redn
    ---------              ---------------        -------------------
    ddsd                    0.9999993              0.9998335
    ddsw                    0.9999946              0.9998630
    ddgd                    2.0475166E-08          3.0000000E-07
    ddgw                    1.7781924E-07          9.7000000E-06
    rcs1d                   1.1530242E-06          5.0100000E-05
    rcs1w                   2.2943727E-06          2.0300000E-05
    rcs2d                   3.3674229E-03          0.1232893
    rcs2w                   5.3984008E-03          2.2036800E-02
    rcs3d                   8.4017977E-04          2.2287700E-02
    rcs3w                   5.7784892E-02          0.1523578
    rcs4d                   2.6623354E-04          5.4521000E-03
    rcs4w                   0.9102796              0.6968983
    rcs5d                   4.6216378E-04          1.9378700E-02
    rcs5w                   0.9685409              0.8155961
    rcs6d                   5.7526514E-04          3.1311900E-02
    rcs6w                   0.9840859              0.8304616
    rcs7d                   3.8612707E-05          1.5374000E-03
    rcs7w                   0.9970557              0.9078171
    rcs8d                   0.9997135              0.9921665
    rcs8w                   0.9998267              0.9804344
    rcs9d                   0.9995442              0.9845376
    rcs9w                   0.9949461              0.9723350
    rcs10d                  0.9999183              0.9697506
    rcs10w                  0.9075096              0.8158716
    rcs11d                  3.9721225E-05          8.3000000E-05
    rcs11w                  0.4803049              0.4677445
    rcs12d                  0.8469933              0.6454199
    rcs12w                  0.5190897              0.3844958
    rcs13d                  0.1486557              0.1445749
    rcs13w                  5.5599914E-02          5.1889700E-02
    rcs14d                  3.2885430E-03          3.6750000E-03
    rcs14w                  1.0555838E-03          9.3200000E-04
    rcs15d                  5.2018409E-07          6.0000000E-07
    rcs15w                  1.7533513E-07          1.0000000E-07
    rcr1d                   1.5418463E-04          3.5760000E-04
    rcr1w                   1.2108158E-02          4.6757900E-02
    rcr2d                   0.9956114              0.8666592
    rcr2w                   0.4136972              0.6142416
    rcr3d                   0.9977867              0.9128460
    rcr3w                   0.9592537              0.8250775
    rcr4d                   0.9997380              0.9086964
    rcr4w                   0.7020341              0.7961494
    rcr5d                   4.7345339E-04          6.2604000E-03
    rcr5w                   0.9809598              0.9520833
    rcr6d                   2.1171087E-03          2.7346900E-02
    rcr6w                   1.7839406E-02          0.1519540
    rcr7d                   9.1193076E-04          1.4295500E-02
    rcr7w                   2.0098171E-02          0.2086922
    rcr8d                   4.2989714E-04          3.5042000E-03
    rcr8w                   5.6826350E-03          4.7468700E-02
    rcr9d                   0.9963398              0.9343424
    rcr9w                   3.6801788E-03          2.8752200E-02
    rcr10d                  4.3545028E-04          2.9926000E-03
    rcr10w                  4.7096472E-04          9.2508000E-03
    rcr11d                  2.1098807E-05          1.2680000E-04
    rcr11w                  1.2068758E-05          3.2620000E-04
    rcr12d                  2.0635966E-06          8.1000000E-06
    rcr12w                  3.0426452E-06          4.2500000E-05
    rcr13d                  6.6995251E-07          2.7000000E-06
    rcr13w                  3.7767954E-03          3.7299300E-02
    rcr14d                  4.3273051E-08          2.0000000E-07
    rcr14w                  8.0558064E-05          1.0156000E-03
    rcr15d                  1.1372684E-11           0.000000
    rcr15w                  3.9442917E-11           0.000000
    rcgd                    5.1187915E-09          1.0000000E-07
    rcgw                    4.4454809E-08          2.4000000E-06
    tl                      1.4326744E-03          7.9178100E-02
    xw                       0.000000               0.000000
    yw                       0.000000               0.000000
    x                       0.9983645              0.9981237
    y                       1.1564168E-02          0.1363828
    tlr                      0.000000               0.000000
    tls                      0.000000               0.000000
    beta                    0.9897408              0.8971566
 
    Note: run IDENTPAR yourself to see identiability contributions by different solution 
    space eigencomponents.


                   ANALYSIS OF PREDICTION
                   ----------------------

 PREDVAR1 analysis for prediction "q8012" ----->

    Sing_val       Null-space       Soln-space     Total             Total
    index          term             term           variance          std_dev
    --------       ----------       ----------     --------          -------
       0            5.4868867E+08     0.000000      5.4868867E+08      23424.10    
       3            2.7630562E+08     6735.743      2.7631236E+08      16622.65    
       6            3.2908111E+07     137992.5      3.3046104E+07      5748.574    
       9             6170227.         162286.6       6332514.          2516.449    
      12             3512196.         245075.0       3757271.          1938.368    
      15             1321503.         338676.4       1660179.          1288.479    
      18             1075283.         360581.6       1435865.          1198.276    
      19             1045960.         368779.8       1414740.          1189.428    
      20             980129.5         390315.5       1370445.          1170.660    
      21             10225.17         736161.0       746386.2          863.9365    
      22             9244.754         736846.1       746090.9          863.7655    
      23             7647.945         738214.9       745862.8          863.6335    
      24             7343.036         738616.5       745959.6          863.6895    
      25             7303.049         738694.3       745997.3          863.7114    
      26             6786.532         741092.9       747879.4          864.8002    
      27             5626.728         747574.9       753201.6          867.8719    
      28             5612.797         747673.2       753286.0          867.9205    
      29             3063.452         768195.5       771259.0          878.2135    
      30             1340.906         789970.9       791311.8          889.5571    
      33             797.8820         800808.7       801606.6          895.3249    
      36             504.6489         809244.9       809749.5          899.8608    
      39             470.3212         811191.0       811661.4          900.9225    
      42             458.2831         813235.8       813694.0          902.0499    
      45             25.20163         978714.3       978739.5          989.3126    
      48             16.62650         989596.8       989613.4          994.7931    
      51            0.6392544         1038160.       1038161.          1018.902    
      54            0.5513110         1039743.       1039744.          1019.678    
      57            0.3104866         1060307.       1060307.          1029.712    
      60            0.2573577         1065862.       1065863.          1032.406    
      63            3.2071860E-02     1415112.       1415112.          1189.585    
      66            2.2672891E-18     1703194.       1703194.          1305.065    
      69            7.3858386E-19     1748637.       1748637.          1322.360    
      72             0.000000        1.0000000E+35  1.0000000E+35     3.1622777E+17
      74             0.000000        1.0000000E+35  1.0000000E+35     3.1622777E+17
 
    Pre-calibration:- 
    Total error variance                 =  5.4868867E+08
    Total error standard deviation       =   23424.10    
 
    Post-calibration:-
    Total error variance                 =   745862.8    
    Total error standard deviation       =   863.6335    
    Minimum error variance occurs at singular value number 23.
 
 
 PREDUNC1 analysis for prediction "q8012" ----->

    Pre-calibration:- 
    Total uncertainty variance           =  5.4868846E+08
    Total uncertainty standard deviation =   23424.10    
 
    Post-calibration:-
    Total uncertainty variance           =   637637.1    
    Total uncertainty standard deviation =   798.5218    
 
 
 PREDUNC4 analysis for prediction "q8012" ----->

    Contributions to predictive uncertainty variance

    Parameter      Pre-cal             Post-cal
    group          contribution        contribution
    ---------      ------------        ------------
    ddsd            3.5912941E+08        1039.200    
    ddsw             0.000000            546.4000    
    ddgd             0.000000            0.000000    
    ddgw             0.000000            0.000000    
    rcsd            1.0403999E+08        316822.3    
    rcsw             0.000000            59015.20    
    rcrd            2.6339320E+07        139627.0    
    rcrw             0.000000            39866.00    
    rcgd             0.000000            0.000000    
    rcgw             0.000000            0.000000    
    tl               2750.000            1840.100    
    xw               0.000000            0.000000    
    yw               0.000000            0.000000    
    x               4.8674980E+07        6866.000    
    y                283320.0            3232.000    
    tlr              0.000000            0.000000    
    tls              0.000000            0.000000    
    beta            1.0218890E+07        85753.20    
 
 
 PREDUNC5 observation subtraction analysis for prediction "q8012" ----->

    Increases in predictive uncertainty variance incurred through loss of observations

    Observation_group        Variance_increase
    -----------------        -----------------
    q                          637637.1    
 
 
 PREDUNC5 observation addition analysis for prediction "q8012" ----->

    Decreases in pre-calibration predictive uncertainty variance incurred through addition of observations

    Observation_group        Variance_decrease
    -----------------        -----------------
    q                          637637.1    
