 
 
                   ###################################################
                   #                                                 #
                   #      GENLINPRED UNCERTAINTY/ERROR ANALYSIS      #
                   #                                                 #
                   ###################################################
 
 
 
                   ANALYSIS DETAILS
                   ----------------
 
    Name of PEST control file                                   : master_lu.pst
    Factor by which to multiply observation weights             : 1.0000
    Source of parameter uncertainty data                        : uncertainty file
    Name of uncertainty file                                    : master_lu.unc
 
    Perform global parameter estimability analysis              : yes
         Parameter identifiability                              : yes
         Relative parameter error reduction                     : no
         Relative parameter uncertainty reduction               : yes
 
    Analyse error/uncertainty of an entity                      : yes
         Name of entity                                         : q7810
         Type of entity                                         : prediction
         File containing prediction sensitivities               : master_lu.jco
 
         Total error variance                                   : yes
         Total uncertainty                                      : yes
 
         Parameter contributions to error variance              : no
         Parameter contributions to uncertainty                 : yes
         Parameter contributions                                : by group
 
         Observation worth in reducing error variance           : no
         Observation worth in reducing uncertainty variance     : yes
         Observation worth                                      : by group


                   ANALYSIS OF PARAMETERS
                   ----------------------


 Outcomes of running program SUPCALC ----->
 
    Number of dimensions of calibration solution space = 19
    Number of dimensions of calibration null space     = 55

 Outcomes of parameter identifiability and error/uncertainty variance reduction analysis ----->
 
    Parameter              Identifiability        Rel_uncert_var_redn
    ---------              ---------------        -------------------
    ddsd                    0.9999214              0.9993797
    ddsw                    0.9999772              0.9994965
    ddgd                    4.3750252E-09          1.0000000E-07
    ddgw                    7.2848986E-08          2.5000000E-06
    rcs1d                   5.8414211E-07          1.3400000E-05
    rcs1w                   3.5602456E-07          5.7000000E-06
    rcs2d                   2.4962101E-03          3.5370900E-02
    rcs2w                   1.6443295E-03          7.0652000E-03
    rcs3d                   5.8095495E-04          6.3656000E-03
    rcs3w                   2.6746417E-02          5.9605500E-02
    rcs4d                   9.8176982E-05          1.5374000E-03
    rcs4w                   0.3365548              0.4264299
    rcs5d                   3.1027924E-04          5.2860000E-03
    rcs5w                   0.6064460              0.6401851
    rcs6d                   4.1328222E-04          8.4614000E-03
    rcs6w                   0.5457628              0.6554362
    rcs7d                   3.5543595E-05          4.1970000E-04
    rcs7w                   0.8227348              0.7624772
    rcs8d                   0.9949538              0.9720384
    rcs8w                   0.9916408              0.9359105
    rcs9d                   0.9984384              0.9448298
    rcs9w                   0.9874246              0.9178282
    rcs10d                  0.9661681              0.9028681
    rcs10w                  0.7003187              0.7079514
    rcs11d                  2.0098389E-05          3.8700000E-05
    rcs11w                  0.2726163              0.3206282
    rcs12d                  3.7406214E-02          0.3763767
    rcs12w                  3.4601728E-02          0.1697874
    rcs13d                  6.9242497E-03          7.4247600E-02
    rcs13w                  6.7201789E-03          2.1928200E-02
    rcs14d                  1.4239035E-04          1.7529000E-03
    rcs14w                  1.3627450E-04          4.1480000E-04
    rcs15d                  1.5963500E-08          3.0000000E-07
    rcs15w                  1.5498641E-08          1.0000000E-07
    rcr1d                   9.1248011E-05          1.5640000E-04
    rcr1w                   1.1212660E-02          1.7868300E-02
    rcr2d                   0.5743109              0.6533893
    rcr2w                   0.3437754              0.3913640
    rcr3d                   0.8200292              0.7590833
    rcr3w                   0.6956301              0.6004590
    rcr4d                   0.6071827              0.7729839
    rcr4w                   0.6449328              0.6728523
    rcr5d                   3.9522702E-04          1.8686000E-03
    rcr5w                   0.9583045              0.8736284
    rcr6d                   2.0544242E-03          8.3166000E-03
    rcr6w                   9.7252699E-03          5.2971700E-02
    rcr7d                   9.0661428E-04          4.2112000E-03
    rcr7w                   5.9580121E-03          7.1252400E-02
    rcr8d                   4.2908468E-04          1.1367000E-03
    rcr8w                   1.1900489E-03          1.5573900E-02
    rcr9d                   0.9908377              0.7895125
    rcr9w                   5.1900169E-04          8.8993000E-03
    rcr10d                  4.2657725E-04          9.8910000E-04
    rcr10w                  5.0270415E-05          2.6381000E-03
    rcr11d                  2.0804883E-05          4.3500000E-05
    rcr11w                  2.2304233E-06          9.3100000E-05
    rcr12d                  2.0301663E-06          3.2000000E-06
    rcr12w                  4.3923921E-07          1.2600000E-05
    rcr13d                  6.6088886E-07          1.0000000E-06
    rcr13w                  3.3655729E-04          1.1185700E-02
    rcr14d                  4.2586898E-08          1.0000000E-07
    rcr14w                  8.8619822E-06          3.0280000E-04
    rcr15d                  1.1192355E-11           0.000000
    rcr15w                  4.3390138E-12           0.000000
    rcgd                    1.0937563E-09           0.000000
    rcgw                    1.8212246E-08          6.0000000E-07
    tl                      3.4617934E-04          2.1249500E-02
    xw                       0.000000               0.000000
    yw                       0.000000               0.000000
    x                       0.9999816              0.9996626
    y                       0.9903045              0.8000034
    tlr                      0.000000               0.000000
    tls                      0.000000               0.000000
    beta                    0.9997994              0.9949424
 
    Note: run IDENTPAR yourself to see identiability contributions by different solution 
    space eigencomponents.


                   ANALYSIS OF PREDICTION
                   ----------------------

 PREDVAR1 analysis for prediction "q7810" ----->

    Sing_val       Null-space       Soln-space     Total             Total
    index          term             term           variance          std_dev
    --------       ----------       ----------     --------          -------
       0            1.0830887E+10     0.000000      1.0830887E+10      104071.5    
       3            8.0907062E+08     41871.97      8.0911249E+08      28444.90    
       6            6.1282780E+07     391982.4      6.1674763E+07      7853.328    
       9            2.8636982E+07     566304.3      2.9203286E+07      5404.006    
      12             6944283.         1167456.       8111738.          2848.111    
      15             2018128.         2092318.       4110446.          2027.423    
      16             1084805.         2352325.       3437130.          1853.950    
      17             169553.0         2636318.       2805872.          1675.074    
      18             90569.87         2672606.       2763176.          1662.280    
      19             81545.77         2679668.       2761214.          1661.690    
      20             66356.01         2696402.       2762758.          1662.155    
      21             66320.77         2696449.       2762770.          1662.158    
      22             5152.093         2782214.       2787366.          1669.541    
      23             3871.103         2785861.       2789732.          1670.249    
      24             3508.829         2787099.       2790608.          1670.511    
      25             2643.780         2791658.       2794302.          1671.617    
      26             2118.437         2795956.       2798074.          1672.744    
      27             2111.361         2796095.       2798206.          1672.784    
      30             1719.050         2805920.       2807639.          1675.601    
      33             1066.013         2854521.       2855587.          1689.848    
      36             244.1860         2946133.       2946377.          1716.501    
      39             231.9743         2951904.       2952136.          1718.178    
      42             208.8823         2967475.       2967684.          1722.697    
      45             38.94357         3233836.       3233875.          1798.298    
      48             6.976343         3377284.       3377291.          1837.741    
      51             1.273752         3494774.       3494776.          1869.432    
      54             1.271367         3494870.       3494872.          1869.458    
      57            0.8142712         3620276.       3620276.          1902.702    
      60            0.7486828         3659558.       3659559.          1912.997    
      63            5.9675213E-05     4924293.       4924293.          2219.075    
      66            1.8489468E-18     4934724.       4934724.          2221.424    
      69            3.2805681E-21     5545313.       5545313.          2354.849    
      72             0.000000        1.0000000E+35  1.0000000E+35     3.1622777E+17
      74             0.000000        1.0000000E+35  1.0000000E+35     3.1622777E+17
 
    Pre-calibration:- 
    Total error variance                 =  1.0830887E+10
    Total error standard deviation       =   104071.5    
 
    Post-calibration:-
    Total error variance                 =   2761214.    
    Total error standard deviation       =   1661.690    
    Minimum error variance occurs at singular value number 19.
 
 
 PREDUNC1 analysis for prediction "q7810" ----->

    Pre-calibration:- 
    Total uncertainty variance           =  1.0830877E+10
    Total uncertainty standard deviation =   104071.5    
 
    Post-calibration:-
    Total uncertainty variance           =   2422232.    
    Total uncertainty standard deviation =   1556.352    
 
 
 PREDUNC4 analysis for prediction "q7810" ----->

    Contributions to predictive uncertainty variance

    Parameter      Pre-cal             Post-cal
    group          contribution        contribution
    ---------      ------------        ------------
    ddsd             1355000.            11843.00    
    ddsw             0.000000            960.0000    
    ddgd             0.000000            0.000000    
    ddgw             0.000000            0.000000    
    rcsd             248000.0            780124.0    
    rcsw             0.000000            281569.0    
    rcrd            1.2852900E+08        1586947.    
    rcrw             0.000000            336193.0    
    rcgd             0.000000            0.000000    
    rcgw             0.000000            0.000000    
    tl               0.000000            19.00000    
    xw               0.000000            0.000000    
    yw               0.000000            0.000000    
    x               9.9414043E+09        34137.00    
    y                8922000.            86132.00    
    tlr              0.000000            0.000000    
    tls              0.000000            0.000000    
    beta            7.5043000E+08        508938.0    
 
 
 PREDUNC5 observation subtraction analysis for prediction "q7810" ----->

    Increases in predictive uncertainty variance incurred through loss of observations

    Observation_group        Variance_increase
    -----------------        -----------------
    q                          2422232.    
 
 
 PREDUNC5 observation addition analysis for prediction "q7810" ----->

    Decreases in pre-calibration predictive uncertainty variance incurred through addition of observations

    Observation_group        Variance_decrease
    -----------------        -----------------
    q                          2422232.    
