 
 
                   ###################################################
                   #                                                 #
                   #      GENLINPRED UNCERTAINTY/ERROR ANALYSIS      #
                   #                                                 #
                   ###################################################
 
 
 
                   ANALYSIS DETAILS
                   ----------------
 
    Name of PEST control file                                   : master_lu.pst
    Factor by which to multiply observation weights             : 1.0000
    Source of parameter uncertainty data                        : uncertainty file
    Name of uncertainty file                                    : master_lu.unc
 
    Perform global parameter estimability analysis              : yes
         Parameter identifiability                              : yes
         Relative parameter error reduction                     : no
         Relative parameter uncertainty reduction               : yes
 
    Analyse error/uncertainty of an entity                      : yes
         Name of entity                                         : q7930
         Type of entity                                         : prediction
         File containing prediction sensitivities               : master_lu.jco
 
         Total error variance                                   : yes
         Total uncertainty                                      : yes
 
         Parameter contributions to error variance              : no
         Parameter contributions to uncertainty                 : yes
         Parameter contributions                                : by group
 
         Observation worth in reducing error variance           : no
         Observation worth in reducing uncertainty variance     : yes
         Observation worth                                      : by group


                   ANALYSIS OF PARAMETERS
                   ----------------------


 Outcomes of running program SUPCALC ----->
 
    Number of dimensions of calibration solution space = 19
    Number of dimensions of calibration null space     = 55

 Outcomes of parameter identifiability and error/uncertainty variance reduction analysis ----->
 
    Parameter              Identifiability        Rel_uncert_var_redn
    ---------              ---------------        -------------------
    ddsd                    0.9999214              0.9993797
    ddsw                    0.9999772              0.9994965
    ddgd                    4.3750252E-09          1.0000000E-07
    ddgw                    7.2848986E-08          2.5000000E-06
    rcs1d                   5.8414211E-07          1.3400000E-05
    rcs1w                   3.5602456E-07          5.7000000E-06
    rcs2d                   2.4962101E-03          3.5370900E-02
    rcs2w                   1.6443295E-03          7.0652000E-03
    rcs3d                   5.8095495E-04          6.3656000E-03
    rcs3w                   2.6746417E-02          5.9605500E-02
    rcs4d                   9.8176982E-05          1.5374000E-03
    rcs4w                   0.3365548              0.4264299
    rcs5d                   3.1027924E-04          5.2860000E-03
    rcs5w                   0.6064460              0.6401851
    rcs6d                   4.1328222E-04          8.4614000E-03
    rcs6w                   0.5457628              0.6554362
    rcs7d                   3.5543595E-05          4.1970000E-04
    rcs7w                   0.8227348              0.7624772
    rcs8d                   0.9949538              0.9720384
    rcs8w                   0.9916408              0.9359105
    rcs9d                   0.9984384              0.9448298
    rcs9w                   0.9874246              0.9178282
    rcs10d                  0.9661681              0.9028681
    rcs10w                  0.7003187              0.7079514
    rcs11d                  2.0098389E-05          3.8700000E-05
    rcs11w                  0.2726163              0.3206282
    rcs12d                  3.7406214E-02          0.3763767
    rcs12w                  3.4601728E-02          0.1697874
    rcs13d                  6.9242497E-03          7.4247600E-02
    rcs13w                  6.7201789E-03          2.1928200E-02
    rcs14d                  1.4239035E-04          1.7529000E-03
    rcs14w                  1.3627450E-04          4.1480000E-04
    rcs15d                  1.5963500E-08          3.0000000E-07
    rcs15w                  1.5498641E-08          1.0000000E-07
    rcr1d                   9.1248011E-05          1.5640000E-04
    rcr1w                   1.1212660E-02          1.7868300E-02
    rcr2d                   0.5743109              0.6533893
    rcr2w                   0.3437754              0.3913640
    rcr3d                   0.8200292              0.7590833
    rcr3w                   0.6956301              0.6004590
    rcr4d                   0.6071827              0.7729839
    rcr4w                   0.6449328              0.6728523
    rcr5d                   3.9522702E-04          1.8686000E-03
    rcr5w                   0.9583045              0.8736284
    rcr6d                   2.0544242E-03          8.3166000E-03
    rcr6w                   9.7252699E-03          5.2971700E-02
    rcr7d                   9.0661428E-04          4.2112000E-03
    rcr7w                   5.9580121E-03          7.1252400E-02
    rcr8d                   4.2908468E-04          1.1367000E-03
    rcr8w                   1.1900489E-03          1.5573900E-02
    rcr9d                   0.9908377              0.7895125
    rcr9w                   5.1900169E-04          8.8993000E-03
    rcr10d                  4.2657725E-04          9.8910000E-04
    rcr10w                  5.0270415E-05          2.6381000E-03
    rcr11d                  2.0804883E-05          4.3500000E-05
    rcr11w                  2.2304233E-06          9.3100000E-05
    rcr12d                  2.0301663E-06          3.2000000E-06
    rcr12w                  4.3923921E-07          1.2600000E-05
    rcr13d                  6.6088886E-07          1.0000000E-06
    rcr13w                  3.3655729E-04          1.1185700E-02
    rcr14d                  4.2586898E-08          1.0000000E-07
    rcr14w                  8.8619822E-06          3.0280000E-04
    rcr15d                  1.1192355E-11           0.000000
    rcr15w                  4.3390138E-12           0.000000
    rcgd                    1.0937563E-09           0.000000
    rcgw                    1.8212246E-08          6.0000000E-07
    tl                      3.4617934E-04          2.1249500E-02
    xw                       0.000000               0.000000
    yw                       0.000000               0.000000
    x                       0.9999816              0.9996626
    y                       0.9903045              0.8000034
    tlr                      0.000000               0.000000
    tls                      0.000000               0.000000
    beta                    0.9997994              0.9949424
 
    Note: run IDENTPAR yourself to see identiability contributions by different solution 
    space eigencomponents.


                   ANALYSIS OF PREDICTION
                   ----------------------

 PREDVAR1 analysis for prediction "q7930" ----->

    Sing_val       Null-space       Soln-space     Total             Total
    index          term             term           variance          std_dev
    --------       ----------       ----------     --------          -------
       0            2.5220322E+09     0.000000      2.5220322E+09      50219.84    
       3            1.8130495E+08     85600.10      1.8139055E+08      13468.13    
       6            4.2764447E+07     141921.7      4.2906369E+07      6550.295    
       9            2.3426796E+07     262376.3      2.3689172E+07      4867.152    
      12             3699735.         786658.1       4486394.          2118.111    
      13             3288814.         843267.2       4132081.          2032.752    
      14             3285573.         843773.8       4129346.          2032.079    
      15             1792934.         1130440.       2923375.          1709.788    
      16             1233328.         1286337.       2519665.          1587.345    
      17             430176.4         1535547.       1965723.          1402.042    
      18             233587.0         1625867.       1859454.          1363.618    
      19             209137.8         1645001.       1854139.          1361.668    
      20             47847.77         1822686.       1870534.          1367.675    
      21             34715.27         1840083.       1874799.          1369.233    
      22             29723.17         1847083.       1876806.          1369.966    
      23             23239.95         1865540.       1888780.          1374.329    
      24             22100.50         1869434.       1891534.          1375.331    
      27             21517.40         1873883.       1895401.          1376.736    
      30             20585.17         1906190.       1926775.          1388.083    
      33             5734.160         3035565.       3041299.          1743.932    
      36             4374.279         3185649.       3190024.          1786.064    
      39             3682.648         3529556.       3533238.          1879.691    
      42             3318.432         3785030.       3788348.          1946.368    
      45             2374.039         5591296.       5593670.          2365.094    
      48             2299.941         5783765.       5786065.          2405.424    
      51            0.7151429        2.3425871E+07  2.3425871E+07      4840.028    
      54            0.5933924        2.3436819E+07  2.3436819E+07      4841.159    
      57            0.4656108        2.3480829E+07  2.3480829E+07      4845.702    
      60            0.3919803        2.3525251E+07  2.3525252E+07      4850.284    
      63            1.7997632E-04    2.4637623E+07  2.4637623E+07      4963.630    
      66            2.9374766E-19    2.4711148E+07  2.4711148E+07      4971.031    
      69            7.4173749E-20    2.4782766E+07  2.4782766E+07      4978.229    
      72             0.000000        1.0000000E+35  1.0000000E+35     3.1622777E+17
      74             0.000000        1.0000000E+35  1.0000000E+35     3.1622777E+17
 
    Pre-calibration:- 
    Total error variance                 =  2.5220322E+09
    Total error standard deviation       =   50219.84    
 
    Post-calibration:-
    Total error variance                 =   1854139.    
    Total error standard deviation       =   1361.668    
    Minimum error variance occurs at singular value number 19.
 
 
 PREDUNC1 analysis for prediction "q7930" ----->

    Pre-calibration:- 
    Total uncertainty variance           =  2.5220323E+09
    Total uncertainty standard deviation =   50219.84    
 
    Post-calibration:-
    Total uncertainty variance           =   1568025.    
    Total uncertainty standard deviation =   1252.208    
 
 
 PREDUNC4 analysis for prediction "q7930" ----->

    Contributions to predictive uncertainty variance

    Parameter      Pre-cal             Post-cal
    group          contribution        contribution
    ---------      ------------        ------------
    ddsd            9.0028680E+08        6305.000    
    ddsw             0.000000            1629.000    
    ddgd             0.000000            0.000000    
    ddgw             0.000000            0.000000    
    rcsd            8.6125700E+07        666112.6    
    rcsw             0.000000            720050.7    
    rcrd            3.5236400E+07        769117.0    
    rcrw             0.000000            568812.0    
    rcgd             0.000000            0.000000    
    rcgw             0.000000            0.000000    
    tl               3100.000            487.0000    
    xw               0.000000            0.000000    
    yw               0.000000            0.000000    
    x               7.4283170E+08        387480.0    
    y                3365000.            540760.0    
    tlr              0.000000            0.000000    
    tls              0.000000            0.000000    
    beta            7.5418340E+08        1169286.    
 
 
 PREDUNC5 observation subtraction analysis for prediction "q7930" ----->

    Increases in predictive uncertainty variance incurred through loss of observations

    Observation_group        Variance_increase
    -----------------        -----------------
    q                          1568025.    
 
 
 PREDUNC5 observation addition analysis for prediction "q7930" ----->

    Decreases in pre-calibration predictive uncertainty variance incurred through addition of observations

    Observation_group        Variance_decrease
    -----------------        -----------------
    q                          1568025.    
