 
 
                   ###################################################
                   #                                                 #
                   #      GENLINPRED UNCERTAINTY/ERROR ANALYSIS      #
                   #                                                 #
                   ###################################################
 
 
 
                   ANALYSIS DETAILS
                   ----------------
 
    Name of PEST control file                                   : master_lu.pst
    Factor by which to multiply observation weights             : 1.0000
    Source of parameter uncertainty data                        : uncertainty file
    Name of uncertainty file                                    : master_lu.unc
 
    Perform global parameter estimability analysis              : yes
         Parameter identifiability                              : yes
         Relative parameter error reduction                     : no
         Relative parameter uncertainty reduction               : yes
 
    Analyse error/uncertainty of an entity                      : yes
         Name of entity                                         : q8125
         Type of entity                                         : prediction
         File containing prediction sensitivities               : master_lu.jco
 
         Total error variance                                   : yes
         Total uncertainty                                      : yes
 
         Parameter contributions to error variance              : no
         Parameter contributions to uncertainty                 : yes
         Parameter contributions                                : by group
 
         Observation worth in reducing error variance           : no
         Observation worth in reducing uncertainty variance     : yes
         Observation worth                                      : by group


                   ANALYSIS OF PARAMETERS
                   ----------------------


 Outcomes of running program SUPCALC ----->
 
    Number of dimensions of calibration solution space = 23
    Number of dimensions of calibration null space     = 51

 Outcomes of parameter identifiability and error/uncertainty variance reduction analysis ----->
 
    Parameter              Identifiability        Rel_uncert_var_redn
    ---------              ---------------        -------------------
    ddsd                    0.9999993              0.9998335
    ddsw                    0.9999946              0.9998630
    ddgd                    2.0475166E-08          3.0000000E-07
    ddgw                    1.7781924E-07          9.7000000E-06
    rcs1d                   1.1530242E-06          5.0100000E-05
    rcs1w                   2.2943727E-06          2.0300000E-05
    rcs2d                   3.3674229E-03          0.1232893
    rcs2w                   5.3984008E-03          2.2036800E-02
    rcs3d                   8.4017977E-04          2.2287700E-02
    rcs3w                   5.7784892E-02          0.1523578
    rcs4d                   2.6623354E-04          5.4521000E-03
    rcs4w                   0.9102796              0.6968983
    rcs5d                   4.6216378E-04          1.9378700E-02
    rcs5w                   0.9685409              0.8155961
    rcs6d                   5.7526514E-04          3.1311900E-02
    rcs6w                   0.9840859              0.8304616
    rcs7d                   3.8612707E-05          1.5374000E-03
    rcs7w                   0.9970557              0.9078171
    rcs8d                   0.9997135              0.9921665
    rcs8w                   0.9998267              0.9804344
    rcs9d                   0.9995442              0.9845376
    rcs9w                   0.9949461              0.9723350
    rcs10d                  0.9999183              0.9697506
    rcs10w                  0.9075096              0.8158716
    rcs11d                  3.9721225E-05          8.3000000E-05
    rcs11w                  0.4803049              0.4677445
    rcs12d                  0.8469933              0.6454199
    rcs12w                  0.5190897              0.3844958
    rcs13d                  0.1486557              0.1445749
    rcs13w                  5.5599914E-02          5.1889700E-02
    rcs14d                  3.2885430E-03          3.6750000E-03
    rcs14w                  1.0555838E-03          9.3200000E-04
    rcs15d                  5.2018409E-07          6.0000000E-07
    rcs15w                  1.7533513E-07          1.0000000E-07
    rcr1d                   1.5418463E-04          3.5760000E-04
    rcr1w                   1.2108158E-02          4.6757900E-02
    rcr2d                   0.9956114              0.8666592
    rcr2w                   0.4136972              0.6142416
    rcr3d                   0.9977867              0.9128460
    rcr3w                   0.9592537              0.8250775
    rcr4d                   0.9997380              0.9086964
    rcr4w                   0.7020341              0.7961494
    rcr5d                   4.7345339E-04          6.2604000E-03
    rcr5w                   0.9809598              0.9520833
    rcr6d                   2.1171087E-03          2.7346900E-02
    rcr6w                   1.7839406E-02          0.1519540
    rcr7d                   9.1193076E-04          1.4295500E-02
    rcr7w                   2.0098171E-02          0.2086922
    rcr8d                   4.2989714E-04          3.5042000E-03
    rcr8w                   5.6826350E-03          4.7468700E-02
    rcr9d                   0.9963398              0.9343424
    rcr9w                   3.6801788E-03          2.8752200E-02
    rcr10d                  4.3545028E-04          2.9926000E-03
    rcr10w                  4.7096472E-04          9.2508000E-03
    rcr11d                  2.1098807E-05          1.2680000E-04
    rcr11w                  1.2068758E-05          3.2620000E-04
    rcr12d                  2.0635966E-06          8.1000000E-06
    rcr12w                  3.0426452E-06          4.2500000E-05
    rcr13d                  6.6995251E-07          2.7000000E-06
    rcr13w                  3.7767954E-03          3.7299300E-02
    rcr14d                  4.3273051E-08          2.0000000E-07
    rcr14w                  8.0558064E-05          1.0156000E-03
    rcr15d                  1.1372684E-11           0.000000
    rcr15w                  3.9442917E-11           0.000000
    rcgd                    5.1187915E-09          1.0000000E-07
    rcgw                    4.4454809E-08          2.4000000E-06
    tl                      1.4326744E-03          7.9178100E-02
    xw                       0.000000               0.000000
    yw                       0.000000               0.000000
    x                       0.9983645              0.9981237
    y                       1.1564168E-02          0.1363828
    tlr                      0.000000               0.000000
    tls                      0.000000               0.000000
    beta                    0.9897408              0.8971566
 
    Note: run IDENTPAR yourself to see identiability contributions by different solution 
    space eigencomponents.


                   ANALYSIS OF PREDICTION
                   ----------------------

 PREDVAR1 analysis for prediction "q8125" ----->

    Sing_val       Null-space       Soln-space     Total             Total
    index          term             term           variance          std_dev
    --------       ----------       ----------     --------          -------
       0            2.0564315E+07     0.000000      2.0564315E+07      4534.789    
       3            1.8125803E+07     265.0742      1.8126068E+07      4257.472    
       6             7384684.         5768.992       7390453.          2718.539    
       9             4201729.         8443.542       4210172.          2051.870    
      12             3812642.         21303.76       3833946.          1958.046    
      15             1852118.         113883.0       1966001.          1402.142    
      16             614612.3         220128.9       834741.1          913.6417    
      17             205023.8         274986.4       480010.2          692.8277    
      18             131763.2         289654.5       421417.6          649.1669    
      19             119074.4         293202.0       412276.4          642.0875    
      20             113795.7         294928.8       408724.5          639.3156    
      21             10708.40         331687.4       342395.8          585.1460    
      22             10613.25         331753.9       342367.1          585.1214    
      23             9705.604         332531.9       342237.5          585.0107    
      24             6176.827         337180.7       343357.5          585.9671    
      25             1605.407         346065.1       347670.5          589.6359    
      26             1480.934         346643.2       348124.1          590.0204    
      27             841.9547         350214.3       351056.3          592.5000    
      30             561.5529         353031.2       353592.7          594.6366    
      33             458.5157         355050.0       355508.5          596.2453    
      36             147.1031         363695.1       363842.2          603.1933    
      39             135.0996         364392.2       364527.3          603.7610    
      42             118.1292         367050.6       367168.7          605.9445    
      45             10.62763         408238.9       408249.6          638.9441    
      48             2.361443         418577.7       418580.0          646.9776    
      51            0.7991238         421411.5       421412.3          649.1628    
      54            0.5256489         427551.7       427552.2          653.8748    
      57            0.3226852         441911.0       441911.4          664.7642    
      60            0.1855129         456602.7       456602.9          675.7240    
      63            6.0050505E-04     623549.2       623549.2          789.6513    
      66            1.1543948E-19     649743.3       649743.3          806.0666    
      69            1.8987791E-20     654929.2       654929.2          809.2770    
      72             0.000000        1.0000000E+35  1.0000000E+35     3.1622777E+17
      74             0.000000        1.0000000E+35  1.0000000E+35     3.1622777E+17
 
    Pre-calibration:- 
    Total error variance                 =  2.0564315E+07
    Total error standard deviation       =   4534.789    
 
    Post-calibration:-
    Total error variance                 =   342237.5    
    Total error standard deviation       =   585.0107    
    Minimum error variance occurs at singular value number 23.
 
 
 PREDUNC1 analysis for prediction "q8125" ----->

    Pre-calibration:- 
    Total uncertainty variance           =  2.0564311E+07
    Total uncertainty standard deviation =   4534.789    
 
    Post-calibration:-
    Total uncertainty variance           =   305804.5    
    Total uncertainty standard deviation =   552.9959    
 
 
 PREDUNC4 analysis for prediction "q8125" ----->

    Contributions to predictive uncertainty variance

    Parameter      Pre-cal             Post-cal
    group          contribution        contribution
    ---------      ------------        ------------
    ddsd             7231.000            1273.300    
    ddsw             0.000000            736.0000    
    ddgd             1.000000            0.000000    
    ddgw             0.000000           0.1000000    
    rcsd             4992.000            193639.5    
    rcsw             0.000000            120704.4    
    rcrd            1.3869948E+07        183207.4    
    rcrw             0.000000            127619.8    
    rcgd             0.000000            0.000000    
    rcgw             0.000000            0.000000    
    tl               0.000000            107.6000    
    xw               0.000000            0.000000    
    yw               0.000000            0.000000    
    x                1777705.            13850.90    
    y                7553.000            8.500000    
    tlr              0.000000            0.000000    
    tls              0.000000            0.000000    
    beta             4896887.            221546.0    
 
 
 PREDUNC5 observation subtraction analysis for prediction "q8125" ----->

    Increases in predictive uncertainty variance incurred through loss of observations

    Observation_group        Variance_increase
    -----------------        -----------------
    q                          305804.5    
 
 
 PREDUNC5 observation addition analysis for prediction "q8125" ----->

    Decreases in pre-calibration predictive uncertainty variance incurred through addition of observations

    Observation_group        Variance_decrease
    -----------------        -----------------
    q                          305804.5    
