 
 
                   ###################################################
                   #                                                 #
                   #      GENLINPRED UNCERTAINTY/ERROR ANALYSIS      #
                   #                                                 #
                   ###################################################
 
 
 
                   ANALYSIS DETAILS
                   ----------------
 
    Name of PEST control file                                   : master_lu.pst
    Factor by which to multiply observation weights             : 1.0000
    Source of parameter uncertainty data                        : uncertainty file
    Name of uncertainty file                                    : master_lu.unc
 
    Perform global parameter estimability analysis              : yes
         Parameter identifiability                              : yes
         Relative parameter error reduction                     : no
         Relative parameter uncertainty reduction               : yes
 
    Analyse error/uncertainty of an entity                      : yes
         Name of entity                                         : q7921
         Type of entity                                         : prediction
         File containing prediction sensitivities               : master_lu.jco
 
         Total error variance                                   : yes
         Total uncertainty                                      : yes
 
         Parameter contributions to error variance              : no
         Parameter contributions to uncertainty                 : yes
         Parameter contributions                                : by group
 
         Observation worth in reducing error variance           : no
         Observation worth in reducing uncertainty variance     : yes
         Observation worth                                      : by group


                   ANALYSIS OF PARAMETERS
                   ----------------------


 Outcomes of running program SUPCALC ----->
 
    Number of dimensions of calibration solution space = 19
    Number of dimensions of calibration null space     = 55

 Outcomes of parameter identifiability and error/uncertainty variance reduction analysis ----->
 
    Parameter              Identifiability        Rel_uncert_var_redn
    ---------              ---------------        -------------------
    ddsd                    0.9999214              0.9993797
    ddsw                    0.9999772              0.9994965
    ddgd                    4.3750252E-09          1.0000000E-07
    ddgw                    7.2848986E-08          2.5000000E-06
    rcs1d                   5.8414211E-07          1.3400000E-05
    rcs1w                   3.5602456E-07          5.7000000E-06
    rcs2d                   2.4962101E-03          3.5370900E-02
    rcs2w                   1.6443295E-03          7.0652000E-03
    rcs3d                   5.8095495E-04          6.3656000E-03
    rcs3w                   2.6746417E-02          5.9605500E-02
    rcs4d                   9.8176982E-05          1.5374000E-03
    rcs4w                   0.3365548              0.4264299
    rcs5d                   3.1027924E-04          5.2860000E-03
    rcs5w                   0.6064460              0.6401851
    rcs6d                   4.1328222E-04          8.4614000E-03
    rcs6w                   0.5457628              0.6554362
    rcs7d                   3.5543595E-05          4.1970000E-04
    rcs7w                   0.8227348              0.7624772
    rcs8d                   0.9949538              0.9720384
    rcs8w                   0.9916408              0.9359105
    rcs9d                   0.9984384              0.9448298
    rcs9w                   0.9874246              0.9178282
    rcs10d                  0.9661681              0.9028681
    rcs10w                  0.7003187              0.7079514
    rcs11d                  2.0098389E-05          3.8700000E-05
    rcs11w                  0.2726163              0.3206282
    rcs12d                  3.7406214E-02          0.3763767
    rcs12w                  3.4601728E-02          0.1697874
    rcs13d                  6.9242497E-03          7.4247600E-02
    rcs13w                  6.7201789E-03          2.1928200E-02
    rcs14d                  1.4239035E-04          1.7529000E-03
    rcs14w                  1.3627450E-04          4.1480000E-04
    rcs15d                  1.5963500E-08          3.0000000E-07
    rcs15w                  1.5498641E-08          1.0000000E-07
    rcr1d                   9.1248011E-05          1.5640000E-04
    rcr1w                   1.1212660E-02          1.7868300E-02
    rcr2d                   0.5743109              0.6533893
    rcr2w                   0.3437754              0.3913640
    rcr3d                   0.8200292              0.7590833
    rcr3w                   0.6956301              0.6004590
    rcr4d                   0.6071827              0.7729839
    rcr4w                   0.6449328              0.6728523
    rcr5d                   3.9522702E-04          1.8686000E-03
    rcr5w                   0.9583045              0.8736284
    rcr6d                   2.0544242E-03          8.3166000E-03
    rcr6w                   9.7252699E-03          5.2971700E-02
    rcr7d                   9.0661428E-04          4.2112000E-03
    rcr7w                   5.9580121E-03          7.1252400E-02
    rcr8d                   4.2908468E-04          1.1367000E-03
    rcr8w                   1.1900489E-03          1.5573900E-02
    rcr9d                   0.9908377              0.7895125
    rcr9w                   5.1900169E-04          8.8993000E-03
    rcr10d                  4.2657725E-04          9.8910000E-04
    rcr10w                  5.0270415E-05          2.6381000E-03
    rcr11d                  2.0804883E-05          4.3500000E-05
    rcr11w                  2.2304233E-06          9.3100000E-05
    rcr12d                  2.0301663E-06          3.2000000E-06
    rcr12w                  4.3923921E-07          1.2600000E-05
    rcr13d                  6.6088886E-07          1.0000000E-06
    rcr13w                  3.3655729E-04          1.1185700E-02
    rcr14d                  4.2586898E-08          1.0000000E-07
    rcr14w                  8.8619822E-06          3.0280000E-04
    rcr15d                  1.1192355E-11           0.000000
    rcr15w                  4.3390138E-12           0.000000
    rcgd                    1.0937563E-09           0.000000
    rcgw                    1.8212246E-08          6.0000000E-07
    tl                      3.4617934E-04          2.1249500E-02
    xw                       0.000000               0.000000
    yw                       0.000000               0.000000
    x                       0.9999816              0.9996626
    y                       0.9903045              0.8000034
    tlr                      0.000000               0.000000
    tls                      0.000000               0.000000
    beta                    0.9997994              0.9949424
 
    Note: run IDENTPAR yourself to see identiability contributions by different solution 
    space eigencomponents.


                   ANALYSIS OF PREDICTION
                   ----------------------

 PREDVAR1 analysis for prediction "q7921" ----->

    Sing_val       Null-space       Soln-space     Total             Total
    index          term             term           variance          std_dev
    --------       ----------       ----------     --------          -------
       0            1.1472817E+09     0.000000      1.1472817E+09      33871.55    
       3            3.3987615E+08     45724.11      3.3992187E+08      18436.97    
       6            4.4334792E+07     165557.5      4.4500350E+07      6670.858    
       9            2.8109910E+07     263129.4      2.8373039E+07      5326.635    
      12             3278546.         921762.7       4200309.          2049.466    
      13             2572893.         1018975.       3591867.          1895.222    
      14             2075457.         1096704.       3172162.          1781.056    
      15             701683.2         1360542.       2062226.          1436.045    
      16             629873.3         1380547.       2010421.          1417.893    
      17             435949.5         1440720.       1876670.          1369.916    
      18             435678.7         1440844.       1876523.          1369.862    
      19             416016.8         1456232.       1872249.          1368.302    
      20             47830.21         1861844.       1909675.          1381.910    
      21             46347.91         1863808.       1910156.          1382.084    
      22             11274.06         1912985.       1924260.          1387.177    
      23             9010.518         1919430.       1928440.          1388.683    
      24             7485.860         1924640.       1932125.          1390.009    
      27             4314.062         1947151.       1951465.          1396.948    
      30             886.9381         2038202.       2039089.          1427.967    
      33             230.1402         2086875.       2087105.          1444.682    
      36             152.1141         2094725.       2094877.          1447.369    
      39             142.7127         2097376.       2097519.          1448.281    
      42             107.4314         2121086.       2121193.          1456.432    
      45             89.08690         2154066.       2154155.          1467.704    
      48             57.14733         2249998.       2250055.          1500.018    
      51             1.834458         3055907.       3055909.          1748.116    
      54             1.717211         3065509.       3065510.          1750.860    
      57            0.2022140         3305578.       3305579.          1818.125    
      60            9.6992558E-02     3349352.       3349352.          1830.123    
      63            7.4077459E-05     4331540.       4331540.          2081.235    
      66            5.2397362E-19     4365103.       4365103.          2089.283    
      69            5.8885568E-20     4380132.       4380132.          2092.876    
      72             0.000000        1.0000000E+35  1.0000000E+35     3.1622777E+17
      74             0.000000        1.0000000E+35  1.0000000E+35     3.1622777E+17
 
    Pre-calibration:- 
    Total error variance                 =  1.1472817E+09
    Total error standard deviation       =   33871.55    
 
    Post-calibration:-
    Total error variance                 =   1872249.    
    Total error standard deviation       =   1368.302    
    Minimum error variance occurs at singular value number 19.
 
 
 PREDUNC1 analysis for prediction "q7921" ----->

    Pre-calibration:- 
    Total uncertainty variance           =  1.1472819E+09
    Total uncertainty standard deviation =   33871.55    
 
    Post-calibration:-
    Total uncertainty variance           =   1570420.    
    Total uncertainty standard deviation =   1253.164    
 
 
 PREDUNC4 analysis for prediction "q7921" ----->

    Contributions to predictive uncertainty variance

    Parameter      Pre-cal             Post-cal
    group          contribution        contribution
    ---------      ------------        ------------
    ddsd            2.8306981E+08        4656.000    
    ddsw             0.000000            3629.000    
    ddgd             0.000000            0.000000    
    ddgw             0.000000            0.000000    
    rcsd            2.4127700E+07        725747.2    
    rcsw             0.000000            774270.8    
    rcrd            3.2415600E+07        1007626.    
    rcrw             0.000000            695896.6    
    rcgd             0.000000            0.000000    
    rcgw             0.000000            0.000000    
    tl               600.0000            664.0000    
    xw               0.000000            0.000000    
    yw               0.000000            0.000000    
    x                714400.0            66591.00    
    y                169600.0            140941.0    
    tlr              0.000000            0.000000    
    tls              0.000000            0.000000    
    beta            8.0678376E+08        1232487.    
 
 
 PREDUNC5 observation subtraction analysis for prediction "q7921" ----->

    Increases in predictive uncertainty variance incurred through loss of observations

    Observation_group        Variance_increase
    -----------------        -----------------
    q                          1570420.    
 
 
 PREDUNC5 observation addition analysis for prediction "q7921" ----->

    Decreases in pre-calibration predictive uncertainty variance incurred through addition of observations

    Observation_group        Variance_decrease
    -----------------        -----------------
    q                          1570420.    
