 
 
                   ###################################################
                   #                                                 #
                   #      GENLINPRED UNCERTAINTY/ERROR ANALYSIS      #
                   #                                                 #
                   ###################################################
 
 
 
                   ANALYSIS DETAILS
                   ----------------
 
    Name of PEST control file                                   : master_lu.pst
    Factor by which to multiply observation weights             : 1.0000
    Source of parameter uncertainty data                        : uncertainty file
    Name of uncertainty file                                    : master_lu.unc
 
    Perform global parameter estimability analysis              : yes
         Parameter identifiability                              : yes
         Relative parameter error reduction                     : no
         Relative parameter uncertainty reduction               : yes
 
    Analyse error/uncertainty of an entity                      : yes
         Name of entity                                         : q7994
         Type of entity                                         : prediction
         File containing prediction sensitivities               : master_lu.jco
 
         Total error variance                                   : yes
         Total uncertainty                                      : yes
 
         Parameter contributions to error variance              : no
         Parameter contributions to uncertainty                 : yes
         Parameter contributions                                : by group
 
         Observation worth in reducing error variance           : no
         Observation worth in reducing uncertainty variance     : yes
         Observation worth                                      : by group


                   ANALYSIS OF PARAMETERS
                   ----------------------


 Outcomes of running program SUPCALC ----->
 
    Number of dimensions of calibration solution space = 23
    Number of dimensions of calibration null space     = 51

 Outcomes of parameter identifiability and error/uncertainty variance reduction analysis ----->
 
    Parameter              Identifiability        Rel_uncert_var_redn
    ---------              ---------------        -------------------
    ddsd                    0.9999993              0.9998335
    ddsw                    0.9999946              0.9998630
    ddgd                    2.0475166E-08          3.0000000E-07
    ddgw                    1.7781924E-07          9.7000000E-06
    rcs1d                   1.1530242E-06          5.0100000E-05
    rcs1w                   2.2943727E-06          2.0300000E-05
    rcs2d                   3.3674229E-03          0.1232893
    rcs2w                   5.3984008E-03          2.2036800E-02
    rcs3d                   8.4017977E-04          2.2287700E-02
    rcs3w                   5.7784892E-02          0.1523578
    rcs4d                   2.6623354E-04          5.4521000E-03
    rcs4w                   0.9102796              0.6968983
    rcs5d                   4.6216378E-04          1.9378700E-02
    rcs5w                   0.9685409              0.8155961
    rcs6d                   5.7526514E-04          3.1311900E-02
    rcs6w                   0.9840859              0.8304616
    rcs7d                   3.8612707E-05          1.5374000E-03
    rcs7w                   0.9970557              0.9078171
    rcs8d                   0.9997135              0.9921665
    rcs8w                   0.9998267              0.9804344
    rcs9d                   0.9995442              0.9845376
    rcs9w                   0.9949461              0.9723350
    rcs10d                  0.9999183              0.9697506
    rcs10w                  0.9075096              0.8158716
    rcs11d                  3.9721225E-05          8.3000000E-05
    rcs11w                  0.4803049              0.4677445
    rcs12d                  0.8469933              0.6454199
    rcs12w                  0.5190897              0.3844958
    rcs13d                  0.1486557              0.1445749
    rcs13w                  5.5599914E-02          5.1889700E-02
    rcs14d                  3.2885430E-03          3.6750000E-03
    rcs14w                  1.0555838E-03          9.3200000E-04
    rcs15d                  5.2018409E-07          6.0000000E-07
    rcs15w                  1.7533513E-07          1.0000000E-07
    rcr1d                   1.5418463E-04          3.5760000E-04
    rcr1w                   1.2108158E-02          4.6757900E-02
    rcr2d                   0.9956114              0.8666592
    rcr2w                   0.4136972              0.6142416
    rcr3d                   0.9977867              0.9128460
    rcr3w                   0.9592537              0.8250775
    rcr4d                   0.9997380              0.9086964
    rcr4w                   0.7020341              0.7961494
    rcr5d                   4.7345339E-04          6.2604000E-03
    rcr5w                   0.9809598              0.9520833
    rcr6d                   2.1171087E-03          2.7346900E-02
    rcr6w                   1.7839406E-02          0.1519540
    rcr7d                   9.1193076E-04          1.4295500E-02
    rcr7w                   2.0098171E-02          0.2086922
    rcr8d                   4.2989714E-04          3.5042000E-03
    rcr8w                   5.6826350E-03          4.7468700E-02
    rcr9d                   0.9963398              0.9343424
    rcr9w                   3.6801788E-03          2.8752200E-02
    rcr10d                  4.3545028E-04          2.9926000E-03
    rcr10w                  4.7096472E-04          9.2508000E-03
    rcr11d                  2.1098807E-05          1.2680000E-04
    rcr11w                  1.2068758E-05          3.2620000E-04
    rcr12d                  2.0635966E-06          8.1000000E-06
    rcr12w                  3.0426452E-06          4.2500000E-05
    rcr13d                  6.6995251E-07          2.7000000E-06
    rcr13w                  3.7767954E-03          3.7299300E-02
    rcr14d                  4.3273051E-08          2.0000000E-07
    rcr14w                  8.0558064E-05          1.0156000E-03
    rcr15d                  1.1372684E-11           0.000000
    rcr15w                  3.9442917E-11           0.000000
    rcgd                    5.1187915E-09          1.0000000E-07
    rcgw                    4.4454809E-08          2.4000000E-06
    tl                      1.4326744E-03          7.9178100E-02
    xw                       0.000000               0.000000
    yw                       0.000000               0.000000
    x                       0.9983645              0.9981237
    y                       1.1564168E-02          0.1363828
    tlr                      0.000000               0.000000
    tls                      0.000000               0.000000
    beta                    0.9897408              0.8971566
 
    Note: run IDENTPAR yourself to see identiability contributions by different solution 
    space eigencomponents.


                   ANALYSIS OF PREDICTION
                   ----------------------

 PREDVAR1 analysis for prediction "q7994" ----->

    Sing_val       Null-space       Soln-space     Total             Total
    index          term             term           variance          std_dev
    --------       ----------       ----------     --------          -------
       0            1.5812319E+09     0.000000      1.5812319E+09      39764.71    
       3            8.6277537E+08     11354.48      8.6278672E+08      29373.23    
       6            2.0495251E+08     368349.1      2.0532086E+08      14329.02    
       9             9591050.         534631.5      1.0125682E+07      3182.088    
      12             4949216.         687312.0       5636528.          2374.137    
      15             2546197.         782225.9       3328423.          1824.397    
      16             2520160.         784461.3       3304621.          1817.862    
      17             2492771.         788129.6       3280901.          1811.326    
      18             2470664.         792555.9       3263220.          1806.438    
      19             2325467.         833149.6       3158617.          1777.250    
      20             2155450.         888768.8       3044218.          1744.769    
      21             23719.96         1648894.       1672614.          1293.296    
      22             23231.46         1649236.       1672467.          1293.239    
      23             21630.83         1650608.       1672239.          1293.151    
      24             19773.75         1653054.       1672828.          1293.379    
      25             17207.01         1658043.       1675250.          1294.314    
      26             16533.56         1661170.       1677704.          1295.262    
      27             16462.61         1661567.       1678029.          1295.388    
      30             2687.547         1818501.       1821188.          1349.514    
      33             1508.211         1841260.       1842768.          1357.486    
      36             180.0250         1878529.       1878709.          1370.660    
      39             150.3717         1880683.       1880834.          1371.435    
      42             142.5660         1882001.       1882144.          1371.913    
      45             89.62288         1904520.       1904610.          1380.076    
      48             68.85288         1920371.       1920440.          1385.799    
      51             17.15864         2081229.       2081246.          1442.652    
      54             17.06023         2083224.       2083241.          1443.344    
      57             2.129277         3346799.       3346801.          1829.426    
      60             2.114015         3348372.       3348374.          1829.856    
      63            9.9442600E-02     4067895.       4067895.          2016.902    
      66            3.8022536E-18     4948377.       4948377.          2224.495    
      69            6.6920508E-19     5139863.       5139863.          2267.127    
      72             0.000000        1.0000000E+35  1.0000000E+35     3.1622777E+17
      74             0.000000        1.0000000E+35  1.0000000E+35     3.1622777E+17
 
    Pre-calibration:- 
    Total error variance                 =  1.5812319E+09
    Total error standard deviation       =   39764.71    
 
    Post-calibration:-
    Total error variance                 =   1672239.    
    Total error standard deviation       =   1293.151    
    Minimum error variance occurs at singular value number 23.
 
 
 PREDUNC1 analysis for prediction "q7994" ----->

    Pre-calibration:- 
    Total uncertainty variance           =  1.5812322E+09
    Total uncertainty standard deviation =   39764.71    
 
    Post-calibration:-
    Total uncertainty variance           =   1435686.    
    Total uncertainty standard deviation =   1198.201    
 
 
 PREDUNC4 analysis for prediction "q7994" ----->

    Contributions to predictive uncertainty variance

    Parameter      Pre-cal             Post-cal
    group          contribution        contribution
    ---------      ------------        ------------
    ddsd            1.1291078E+09        24011.00    
    ddsw             0.000000            466.0000    
    ddgd             0.000000            0.000000    
    ddgw             0.000000            0.000000    
    rcsd            3.8918930E+08        852484.1    
    rcsw             0.000000            63084.00    
    rcrd            2.2973500E+07        68483.00    
    rcrw             0.000000            70756.00    
    rcgd             0.000000            0.000000    
    rcgw             0.000000            0.000000    
    tl               9000.000            7877.000    
    xw               0.000000            0.000000    
    yw               0.000000            0.000000    
    x               2.4200400E+07        1177.000    
    y                113900.0            4888.000    
    tlr              0.000000            0.000000    
    tls              0.000000            0.000000    
    beta            1.5637900E+07        119849.0    
 
 
 PREDUNC5 observation subtraction analysis for prediction "q7994" ----->

    Increases in predictive uncertainty variance incurred through loss of observations

    Observation_group        Variance_increase
    -----------------        -----------------
    q                          1435686.    
 
 
 PREDUNC5 observation addition analysis for prediction "q7994" ----->

    Decreases in pre-calibration predictive uncertainty variance incurred through addition of observations

    Observation_group        Variance_decrease
    -----------------        -----------------
    q                          1435686.    
