 
 
                   ###################################################
                   #                                                 #
                   #      GENLINPRED UNCERTAINTY/ERROR ANALYSIS      #
                   #                                                 #
                   ###################################################
 
 
 
                   ANALYSIS DETAILS
                   ----------------
 
    Name of PEST control file                                   : master.pst
    Factor by which to multiply observation weights             : 1.0000
    Source of parameter uncertainty data                        : uncertainty file
    Name of uncertainty file                                    : master_lu.unc
 
    Perform global parameter estimability analysis              : yes
         Parameter identifiability                              : yes
         Relative parameter error reduction                     : no
         Relative parameter uncertainty reduction               : yes
 
    Analyse error/uncertainty of an entity                      : yes
         Name of entity                                         : q8124
         Type of entity                                         : prediction
         File containing prediction sensitivities               : master.jco
 
         Total error variance                                   : yes
         Total uncertainty                                      : yes
 
         Parameter contributions to error variance              : no
         Parameter contributions to uncertainty                 : yes
         Parameter contributions                                : by group
 
         Observation worth in reducing error variance           : no
         Observation worth in reducing uncertainty variance     : yes
         Observation worth                                      : by group


                   ANALYSIS OF PARAMETERS
                   ----------------------


 Outcomes of running program SUPCALC ----->
 
    Number of dimensions of calibration solution space = 36
    Number of dimensions of calibration null space     = 54

 Outcomes of parameter identifiability and error/uncertainty variance reduction analysis ----->
 
    Parameter              Identifiability        Rel_uncert_var_redn
    ---------              ---------------        -------------------
    ddsd                    0.9999998              0.9999857
    ddsw                    0.9999997              0.9999852
    ddgd                    0.4999785              0.4995663
    ddgw                    0.4999734              0.4995866
    rcs1d                   7.0449298E-08          4.0000000E-07
    rcs1w                   4.0069747E-11           0.000000
    rcs2d                   1.9573091E-02          0.1070801
    rcs2w                   5.5925014E-05          1.2933000E-03
    rcs3d                   3.7958208E-02          8.2322100E-02
    rcs3w                   3.0432857E-02          7.5959300E-02
    rcs4d                   2.1401755E-02          3.6173400E-02
    rcs4w                   0.1339611              0.1844060
    rcs5d                   0.2738055              0.2174886
    rcs5w                   0.6667472              0.4808912
    rcs6d                   0.3687908              0.2706488
    rcs6w                   2.3400891E-02          0.1117114
    rcs7d                   0.1596770              0.1748553
    rcs7w                   0.9986861              0.9981457
    rcs8d                   0.9999412              0.9989581
    rcs8w                   0.9999530              0.9996929
    rcs9d                   0.9998981              0.9979705
    rcs9w                   0.9995549              0.9992351
    rcs10d                  0.9992842              0.9748501
    rcs10w                  2.6848126E-02          0.4146405
    rcs11d                  7.0916600E-04          2.0104000E-02
    rcs11w                  0.9745438              0.9493789
    rcs12d                  0.9999368              0.9980510
    rcs12w                  0.9999223              0.9980646
    rcs13d                  0.9998977              0.9928964
    rcs13w                  0.9999598              0.9961452
    rcs14d                  0.9999293              0.9903780
    rcs14w                  0.9998357              0.9904119
    rcs15d                  0.9999210              0.9924723
    rcs15w                  0.9999199              0.9811952
    rcs16d                  0.9998777              0.9817929
    rcs16w                  0.9973577              0.9422777
    rcs17d                  0.9949088              0.9039419
    rcs17w                  0.8866095              0.8479809
    rcs18d                  0.8531828              0.5291988
    rcs18w                  0.1276929              0.3720997
    rcs19d                  0.1234451              8.8803600E-02
    rcs19w                  1.2317317E-04          5.1510000E-04
    rcr1d                   3.1496791E-06          5.9000000E-06
    rcr1w                   1.7113660E-06          2.3000000E-06
    rcr2d                   0.9069171              0.8848063
    rcr2w                   0.5946601              0.6694894
    rcr3d                   0.2162203              0.3826749
    rcr3w                   0.7194297              0.8160966
    rcr4d                   9.7900046E-02          0.2350048
    rcr4w                   0.3558305              0.4398420
    rcr5d                   5.8806457E-02          0.1283508
    rcr5w                   0.2519895              0.3558815
    rcr6d                   0.4348170              0.4178218
    rcr6w                   0.1529007              0.2318237
    rcr7d                   0.3880945              0.3889292
    rcr7w                   2.5034183E-02          5.3639100E-02
    rcr8d                   1.6905602E-02          0.2459918
    rcr8w                   1.8442364E-02          0.1450155
    rcr9d                   0.9985246              0.9978154
    rcr9w                   2.2391006E-02          0.1928946
    rcr10d                  3.8076400E-02          0.1806674
    rcr10w                  7.7457377E-03          9.8387200E-02
    rcr11d                  0.1601413              0.2266560
    rcr11w                  3.9841684E-03          4.7457000E-02
    rcr12d                  9.5205742E-02          0.1225936
    rcr12w                  1.8672613E-03          3.6579600E-02
    rcr13d                  0.1673601              0.1767440
    rcr13w                  0.9993183              0.9909792
    rcr14d                  0.1586267              0.1594120
    rcr14w                  0.9911773              0.9639196
    rcr15d                  0.1518480              0.1646256
    rcr15w                  2.2905089E-03          1.7114800E-02
    rcr16d                  0.1617297              0.1833653
    rcr16w                  1.3961610E-03          2.5470100E-02
    rcr17d                  6.9554157E-02          0.1009417
    rcr17w                  3.7457956E-04          7.4517000E-03
    rcr18d                  1.1744402E-02          1.9062300E-02
    rcr18w                  4.7869284E-05          1.1442000E-03
    rcr19d                  9.9369118E-04          1.6609000E-03
    rcr19w                  3.6708880E-06          9.0500000E-05
    rcgd                    0.4999785              0.4995663
    rcgw                    0.4999734              0.4995866
    tl                      0.9999999              0.9999991
    xw                       0.000000               0.000000
    yw                       0.000000               0.000000
    x                        0.000000               0.000000
    y                        0.000000               0.000000
    tlr                      0.000000               0.000000
    tls                      0.000000               0.000000
    beta                    0.9999993              0.9999829
 
    Note: run IDENTPAR yourself to see identiability contributions by different solution 
    space eigencomponents.


                   ANALYSIS OF PREDICTION
                   ----------------------

 PREDVAR1 analysis for prediction "q8124" ----->

    Sing_val       Null-space       Soln-space     Total             Total
    index          term             term           variance          std_dev
    --------       ----------       ----------     --------          -------
       0            1.3957536E+09     0.000000      1.3957536E+09      37359.79    
       4            9.5207748E+07     2463.429      9.5210211E+07      9757.572    
       8            3.8137828E+07     4485.470      3.8142313E+07      6175.946    
      12             6180910.         7189.687       6188100.          2487.589    
      16             4148285.         7992.660       4156277.          2038.695    
      20             635847.0         13837.37       649684.3          806.0300    
      24             42467.33         19290.30       61757.63          248.5108    
      28             33728.78         19536.61       53265.39          230.7930    
      29             31236.36         19675.95       50912.31          225.6376    
      30             29535.75         19941.97       49477.72          222.4359    
      31             29326.53         19995.78       49322.31          222.0863    
      32             29322.30         19997.11       49319.41          222.0797    
      33             22304.78         23519.42       45824.20          214.0659    
      34             22301.21         23521.92       45823.13          214.0634    
      35             22193.80         23602.32       45796.12          214.0003    
      36             5175.044         38705.85       43880.89          209.4777    
      37             5173.535         38707.43       43880.97          209.4779    
      38             5173.524         38707.45       43880.97          209.4779    
      39             5171.707         38709.99       43881.70          209.4796    
      40             5171.618         38710.12       43881.74          209.4797    
      41             5129.768         38786.28       43916.05          209.5616    
      42             5007.621         39100.64       44108.26          210.0197    
      43             5003.999         39111.72       44115.72          210.0374    
      44             4994.798         39139.92       44134.72          210.0827    
      48             4958.427         39353.83       44312.26          210.5048    
      52             4937.716         39540.76       44478.47          210.8992    
      56             4922.602         39879.82       44802.42          211.6658    
      60             4640.808         50939.24       55580.05          235.7542    
      64             4.040040         306686.6       306690.6          553.7965    
      68            0.8070133         306974.8       306975.6          554.0538    
      72            0.6805741         307096.9       307097.5          554.1638    
      76            1.0729617E-03     308615.8       308615.8          555.5320    
      80            4.0011008E-07     309203.9       309203.9          556.0611    
      84             0.000000         317180.8       317180.8          563.1881    
      88             0.000000        1.0000000E+35  1.0000000E+35     3.1622777E+17
      90             0.000000        1.0000000E+35  1.0000000E+35     3.1622777E+17
 
    Pre-calibration:- 
    Total error variance                 =  1.3957536E+09
    Total error standard deviation       =   37359.79    
 
    Post-calibration:-
    Total error variance                 =   43880.89    
    Total error standard deviation       =   209.4777    
    Minimum error variance occurs at singular value number 36.
 
 
 PREDUNC1 analysis for prediction "q8124" ----->

    Pre-calibration:- 
    Total uncertainty variance           =  1.3957539E+09
    Total uncertainty standard deviation =   37359.79    
 
    Post-calibration:-
    Total uncertainty variance           =   35291.00    
    Total uncertainty standard deviation =   187.8590    
 
 
 PREDUNC4 analysis for prediction "q8124" ----->

    Contributions to predictive uncertainty variance

    Parameter      Pre-cal             Post-cal
    group          contribution        contribution
    ---------      ------------        ------------
    ddsd            8.1072822E+08        8343.840    
    ddsw             0.000000           0.1600000    
    ddgd            4.7268200E+07        9.530000    
    ddgw             0.000000           2.0000000E-02
    rcsd             602400.0            31193.21    
    rcsw             0.000000            597.8900    
    rcrd             509800.0            556.1100    
    rcrw             0.000000            67.09000    
    rcgd            4.7268200E+07        9.530000    
    rcgw             0.000000           2.0000000E-02
    tl              2.0945500E+07        154.1100    
    xw               0.000000            0.000000    
    yw               0.000000            0.000000    
    x                0.000000            0.000000    
    y                0.000000            0.000000    
    tlr              0.000000            0.000000    
    tls              0.000000            0.000000    
    beta            4.6843111E+08        10.28000    
 
 
 PREDUNC5 observation subtraction analysis for prediction "q8124" ----->

    Increases in predictive uncertainty variance incurred through loss of observations

    Observation_group        Variance_increase
    -----------------        -----------------
    q                          35291.00    
 
 
 PREDUNC5 observation addition analysis for prediction "q8124" ----->

    Decreases in pre-calibration predictive uncertainty variance incurred through addition of observations

    Observation_group        Variance_decrease
    -----------------        -----------------
    q                          35291.00    
