 
 
                   ###################################################
                   #                                                 #
                   #      GENLINPRED UNCERTAINTY/ERROR ANALYSIS      #
                   #                                                 #
                   ###################################################
 
 
 
                   ANALYSIS DETAILS
                   ----------------
 
    Name of PEST control file                                   : master.pst
    Factor by which to multiply observation weights             : 1.0000
    Source of parameter uncertainty data                        : uncertainty file
    Name of uncertainty file                                    : master_lu.unc
 
    Perform global parameter estimability analysis              : yes
         Parameter identifiability                              : yes
         Relative parameter error reduction                     : no
         Relative parameter uncertainty reduction               : yes
 
    Analyse error/uncertainty of an entity                      : yes
         Name of entity                                         : q7796
         Type of entity                                         : prediction
         File containing prediction sensitivities               : master.jco
 
         Total error variance                                   : yes
         Total uncertainty                                      : yes
 
         Parameter contributions to error variance              : no
         Parameter contributions to uncertainty                 : yes
         Parameter contributions                                : by group
 
         Observation worth in reducing error variance           : no
         Observation worth in reducing uncertainty variance     : yes
         Observation worth                                      : by group


                   ANALYSIS OF PARAMETERS
                   ----------------------


 Outcomes of running program SUPCALC ----->
 
    Number of dimensions of calibration solution space = 36
    Number of dimensions of calibration null space     = 54

 Outcomes of parameter identifiability and error/uncertainty variance reduction analysis ----->
 
    Parameter              Identifiability        Rel_uncert_var_redn
    ---------              ---------------        -------------------
    ddsd                    0.9999998              0.9999857
    ddsw                    0.9999997              0.9999852
    ddgd                    0.4999785              0.4995663
    ddgw                    0.4999734              0.4995866
    rcs1d                   7.0449298E-08          4.0000000E-07
    rcs1w                   4.0069747E-11           0.000000
    rcs2d                   1.9573091E-02          0.1070801
    rcs2w                   5.5925014E-05          1.2933000E-03
    rcs3d                   3.7958208E-02          8.2322100E-02
    rcs3w                   3.0432857E-02          7.5959300E-02
    rcs4d                   2.1401755E-02          3.6173400E-02
    rcs4w                   0.1339611              0.1844060
    rcs5d                   0.2738055              0.2174886
    rcs5w                   0.6667472              0.4808912
    rcs6d                   0.3687908              0.2706488
    rcs6w                   2.3400891E-02          0.1117114
    rcs7d                   0.1596770              0.1748553
    rcs7w                   0.9986861              0.9981457
    rcs8d                   0.9999412              0.9989581
    rcs8w                   0.9999530              0.9996929
    rcs9d                   0.9998981              0.9979705
    rcs9w                   0.9995549              0.9992351
    rcs10d                  0.9992842              0.9748501
    rcs10w                  2.6848126E-02          0.4146405
    rcs11d                  7.0916600E-04          2.0104000E-02
    rcs11w                  0.9745438              0.9493789
    rcs12d                  0.9999368              0.9980510
    rcs12w                  0.9999223              0.9980646
    rcs13d                  0.9998977              0.9928964
    rcs13w                  0.9999598              0.9961452
    rcs14d                  0.9999293              0.9903780
    rcs14w                  0.9998357              0.9904119
    rcs15d                  0.9999210              0.9924723
    rcs15w                  0.9999199              0.9811952
    rcs16d                  0.9998777              0.9817929
    rcs16w                  0.9973577              0.9422777
    rcs17d                  0.9949088              0.9039419
    rcs17w                  0.8866095              0.8479809
    rcs18d                  0.8531828              0.5291988
    rcs18w                  0.1276929              0.3720997
    rcs19d                  0.1234451              8.8803600E-02
    rcs19w                  1.2317317E-04          5.1510000E-04
    rcr1d                   3.1496791E-06          5.9000000E-06
    rcr1w                   1.7113660E-06          2.3000000E-06
    rcr2d                   0.9069171              0.8848063
    rcr2w                   0.5946601              0.6694894
    rcr3d                   0.2162203              0.3826749
    rcr3w                   0.7194297              0.8160966
    rcr4d                   9.7900046E-02          0.2350048
    rcr4w                   0.3558305              0.4398420
    rcr5d                   5.8806457E-02          0.1283508
    rcr5w                   0.2519895              0.3558815
    rcr6d                   0.4348170              0.4178218
    rcr6w                   0.1529007              0.2318237
    rcr7d                   0.3880945              0.3889292
    rcr7w                   2.5034183E-02          5.3639100E-02
    rcr8d                   1.6905602E-02          0.2459918
    rcr8w                   1.8442364E-02          0.1450155
    rcr9d                   0.9985246              0.9978154
    rcr9w                   2.2391006E-02          0.1928946
    rcr10d                  3.8076400E-02          0.1806674
    rcr10w                  7.7457377E-03          9.8387200E-02
    rcr11d                  0.1601413              0.2266560
    rcr11w                  3.9841684E-03          4.7457000E-02
    rcr12d                  9.5205742E-02          0.1225936
    rcr12w                  1.8672613E-03          3.6579600E-02
    rcr13d                  0.1673601              0.1767440
    rcr13w                  0.9993183              0.9909792
    rcr14d                  0.1586267              0.1594120
    rcr14w                  0.9911773              0.9639196
    rcr15d                  0.1518480              0.1646256
    rcr15w                  2.2905089E-03          1.7114800E-02
    rcr16d                  0.1617297              0.1833653
    rcr16w                  1.3961610E-03          2.5470100E-02
    rcr17d                  6.9554157E-02          0.1009417
    rcr17w                  3.7457956E-04          7.4517000E-03
    rcr18d                  1.1744402E-02          1.9062300E-02
    rcr18w                  4.7869284E-05          1.1442000E-03
    rcr19d                  9.9369118E-04          1.6609000E-03
    rcr19w                  3.6708880E-06          9.0500000E-05
    rcgd                    0.4999785              0.4995663
    rcgw                    0.4999734              0.4995866
    tl                      0.9999999              0.9999991
    xw                       0.000000               0.000000
    yw                       0.000000               0.000000
    x                        0.000000               0.000000
    y                        0.000000               0.000000
    tlr                      0.000000               0.000000
    tls                      0.000000               0.000000
    beta                    0.9999993              0.9999829
 
    Note: run IDENTPAR yourself to see identiability contributions by different solution 
    space eigencomponents.


                   ANALYSIS OF PREDICTION
                   ----------------------

 PREDVAR1 analysis for prediction "q7796" ----->

    Sing_val       Null-space       Soln-space     Total             Total
    index          term             term           variance          std_dev
    --------       ----------       ----------     --------          -------
       0            6.5422609E+08     0.000000      6.5422609E+08      25577.84    
       4            1.4624533E+07     1020.981      1.4625554E+07      3824.337    
       8             3803379.         1401.285       3804781.          1950.585    
      12             983766.7         1648.101       985414.8          992.6806    
      16             670363.2         1771.885       672135.1          819.8385    
      20             392914.2         2209.568       395123.7          628.5887    
      24             312620.1         2754.025       315374.2          561.5819    
      28             308672.1         2869.919       311542.0          558.1595    
      29             8248.414         19665.32       27913.74          167.0741    
      30             8224.914         19669.00       27893.91          167.0147    
      31             8130.721         19693.22       27823.94          166.8051    
      32             8126.675         19694.50       27821.17          166.7968    
      33             1419.557         23061.00       24480.56          156.4626    
      34             1325.813         23126.80       24452.61          156.3733    
      35             1323.203         23128.75       24451.95          156.3712    
      36             1316.535         23134.67       24451.20          156.3688    
      37             1300.775         23151.23       24452.01          156.3714    
      38             995.6590         23560.99       24556.65          156.7056    
      39             818.1655         23809.41       24627.58          156.9318    
      40             812.8136         23817.40       24630.22          156.9402    
      41             517.7021         24354.47       24872.17          157.7091    
      42             496.6745         24408.58       24905.26          157.8140    
      43             404.7753         24689.78       25094.56          158.4126    
      44             310.4805         24978.77       25289.25          159.0259    
      48             65.31316         26338.07       26403.38          162.4912    
      52             41.76044         26602.40       26644.16          163.2304    
      56             33.32434         26787.02       26820.34          163.7692    
      60             23.72978         27118.60       27142.33          164.7493    
      64             1.909733         28353.68       28355.59          168.3912    
      68             1.524613         28389.75       28391.27          168.4971    
      72             1.397062         28539.38       28540.78          168.9402    
      76            4.4755054E-04     30768.51       30768.51          175.4095    
      80            1.3478377E-09     31133.79       31133.79          176.4477    
      84             0.000000         31140.89       31140.89          176.4678    
      88             0.000000        1.0000000E+35  1.0000000E+35     3.1622777E+17
      90             0.000000        1.0000000E+35  1.0000000E+35     3.1622777E+17
 
    Pre-calibration:- 
    Total error variance                 =  6.5422609E+08
    Total error standard deviation       =   25577.84    
 
    Post-calibration:-
    Total error variance                 =   24451.20    
    Total error standard deviation       =   156.3688    
    Minimum error variance occurs at singular value number 36.
 
 
 PREDUNC1 analysis for prediction "q7796" ----->

    Pre-calibration:- 
    Total uncertainty variance           =  6.5422590E+08
    Total uncertainty standard deviation =   25577.84    
 
    Post-calibration:-
    Total uncertainty variance           =   21978.09    
    Total uncertainty standard deviation =   148.2501    
 
 
 PREDUNC4 analysis for prediction "q7796" ----->

    Contributions to predictive uncertainty variance

    Parameter      Pre-cal             Post-cal
    group          contribution        contribution
    ---------      ------------        ------------
    ddsd            1.4050238E+08        735.5700    
    ddsw             0.000000            2.740000    
    ddgd            2.4019140E+07        1.970000    
    ddgw             0.000000            0.000000    
    rcsd             2415120.            19414.33    
    rcsw             0.000000            309.2600    
    rcrd             4943270.            3215.090    
    rcrw             0.000000            61.76000    
    rcgd            2.4019140E+07        1.970000    
    rcgw             0.000000            0.000000    
    tl               2513950.            782.4400    
    xw               0.000000            0.000000    
    yw               0.000000            0.000000    
    x                0.000000            0.000000    
    y                0.000000            0.000000    
    tlr              0.000000            0.000000    
    tls              0.000000            0.000000    
    beta            4.5581311E+08        170.6200    
 
 
 PREDUNC5 observation subtraction analysis for prediction "q7796" ----->

    Increases in predictive uncertainty variance incurred through loss of observations

    Observation_group        Variance_increase
    -----------------        -----------------
    q                          21978.09    
 
 
 PREDUNC5 observation addition analysis for prediction "q7796" ----->

    Decreases in pre-calibration predictive uncertainty variance incurred through addition of observations

    Observation_group        Variance_decrease
    -----------------        -----------------
    q                          21978.09    
