 
 
                   ###################################################
                   #                                                 #
                   #      GENLINPRED UNCERTAINTY/ERROR ANALYSIS      #
                   #                                                 #
                   ###################################################
 
 
 
                   ANALYSIS DETAILS
                   ----------------
 
    Name of PEST control file                                   : master.pst
    Factor by which to multiply observation weights             : 1.0000
    Source of parameter uncertainty data                        : uncertainty file
    Name of uncertainty file                                    : master_lu.unc
 
    Perform global parameter estimability analysis              : yes
         Parameter identifiability                              : yes
         Relative parameter error reduction                     : no
         Relative parameter uncertainty reduction               : yes
 
    Analyse error/uncertainty of an entity                      : yes
         Name of entity                                         : q7844
         Type of entity                                         : prediction
         File containing prediction sensitivities               : master.jco
 
         Total error variance                                   : yes
         Total uncertainty                                      : yes
 
         Parameter contributions to error variance              : no
         Parameter contributions to uncertainty                 : yes
         Parameter contributions                                : by group
 
         Observation worth in reducing error variance           : no
         Observation worth in reducing uncertainty variance     : yes
         Observation worth                                      : by group


                   ANALYSIS OF PARAMETERS
                   ----------------------


 Outcomes of running program SUPCALC ----->
 
    Number of dimensions of calibration solution space = 36
    Number of dimensions of calibration null space     = 54

 Outcomes of parameter identifiability and error/uncertainty variance reduction analysis ----->
 
    Parameter              Identifiability        Rel_uncert_var_redn
    ---------              ---------------        -------------------
    ddsd                    0.9999998              0.9999857
    ddsw                    0.9999997              0.9999852
    ddgd                    0.4999785              0.4995663
    ddgw                    0.4999734              0.4995866
    rcs1d                   7.0449298E-08          4.0000000E-07
    rcs1w                   4.0069747E-11           0.000000
    rcs2d                   1.9573091E-02          0.1070801
    rcs2w                   5.5925014E-05          1.2933000E-03
    rcs3d                   3.7958208E-02          8.2322100E-02
    rcs3w                   3.0432857E-02          7.5959300E-02
    rcs4d                   2.1401755E-02          3.6173400E-02
    rcs4w                   0.1339611              0.1844060
    rcs5d                   0.2738055              0.2174886
    rcs5w                   0.6667472              0.4808912
    rcs6d                   0.3687908              0.2706488
    rcs6w                   2.3400891E-02          0.1117114
    rcs7d                   0.1596770              0.1748553
    rcs7w                   0.9986861              0.9981457
    rcs8d                   0.9999412              0.9989581
    rcs8w                   0.9999530              0.9996929
    rcs9d                   0.9998981              0.9979705
    rcs9w                   0.9995549              0.9992351
    rcs10d                  0.9992842              0.9748501
    rcs10w                  2.6848126E-02          0.4146405
    rcs11d                  7.0916600E-04          2.0104000E-02
    rcs11w                  0.9745438              0.9493789
    rcs12d                  0.9999368              0.9980510
    rcs12w                  0.9999223              0.9980646
    rcs13d                  0.9998977              0.9928964
    rcs13w                  0.9999598              0.9961452
    rcs14d                  0.9999293              0.9903780
    rcs14w                  0.9998357              0.9904119
    rcs15d                  0.9999210              0.9924723
    rcs15w                  0.9999199              0.9811952
    rcs16d                  0.9998777              0.9817929
    rcs16w                  0.9973577              0.9422777
    rcs17d                  0.9949088              0.9039419
    rcs17w                  0.8866095              0.8479809
    rcs18d                  0.8531828              0.5291988
    rcs18w                  0.1276929              0.3720997
    rcs19d                  0.1234451              8.8803600E-02
    rcs19w                  1.2317317E-04          5.1510000E-04
    rcr1d                   3.1496791E-06          5.9000000E-06
    rcr1w                   1.7113660E-06          2.3000000E-06
    rcr2d                   0.9069171              0.8848063
    rcr2w                   0.5946601              0.6694894
    rcr3d                   0.2162203              0.3826749
    rcr3w                   0.7194297              0.8160966
    rcr4d                   9.7900046E-02          0.2350048
    rcr4w                   0.3558305              0.4398420
    rcr5d                   5.8806457E-02          0.1283508
    rcr5w                   0.2519895              0.3558815
    rcr6d                   0.4348170              0.4178218
    rcr6w                   0.1529007              0.2318237
    rcr7d                   0.3880945              0.3889292
    rcr7w                   2.5034183E-02          5.3639100E-02
    rcr8d                   1.6905602E-02          0.2459918
    rcr8w                   1.8442364E-02          0.1450155
    rcr9d                   0.9985246              0.9978154
    rcr9w                   2.2391006E-02          0.1928946
    rcr10d                  3.8076400E-02          0.1806674
    rcr10w                  7.7457377E-03          9.8387200E-02
    rcr11d                  0.1601413              0.2266560
    rcr11w                  3.9841684E-03          4.7457000E-02
    rcr12d                  9.5205742E-02          0.1225936
    rcr12w                  1.8672613E-03          3.6579600E-02
    rcr13d                  0.1673601              0.1767440
    rcr13w                  0.9993183              0.9909792
    rcr14d                  0.1586267              0.1594120
    rcr14w                  0.9911773              0.9639196
    rcr15d                  0.1518480              0.1646256
    rcr15w                  2.2905089E-03          1.7114800E-02
    rcr16d                  0.1617297              0.1833653
    rcr16w                  1.3961610E-03          2.5470100E-02
    rcr17d                  6.9554157E-02          0.1009417
    rcr17w                  3.7457956E-04          7.4517000E-03
    rcr18d                  1.1744402E-02          1.9062300E-02
    rcr18w                  4.7869284E-05          1.1442000E-03
    rcr19d                  9.9369118E-04          1.6609000E-03
    rcr19w                  3.6708880E-06          9.0500000E-05
    rcgd                    0.4999785              0.4995663
    rcgw                    0.4999734              0.4995866
    tl                      0.9999999              0.9999991
    xw                       0.000000               0.000000
    yw                       0.000000               0.000000
    x                        0.000000               0.000000
    y                        0.000000               0.000000
    tlr                      0.000000               0.000000
    tls                      0.000000               0.000000
    beta                    0.9999993              0.9999829
 
    Note: run IDENTPAR yourself to see identiability contributions by different solution 
    space eigencomponents.


                   ANALYSIS OF PREDICTION
                   ----------------------

 PREDVAR1 analysis for prediction "q7844" ----->

    Sing_val       Null-space       Soln-space     Total             Total
    index          term             term           variance          std_dev
    --------       ----------       ----------     --------          -------
       0            1.0423361E+09     0.000000      1.0423361E+09      32285.23    
       4            1.7309864E+07     500.5293      1.7310364E+07      4160.573    
       8             4070678.         857.8496       4071536.          2017.805    
      12             677223.1         1240.126       678463.2          823.6888    
      16             171756.9         1426.973       173183.9          416.1537    
      20             77451.47         1539.550       78991.02          281.0534    
      24             41782.69         1883.455       43666.15          208.9645    
      28             41192.09         1901.806       43093.90          207.5907    
      29             13181.79         3467.742       16649.53          129.0331    
      30             13180.03         3468.017       16648.05          129.0273    
      31             7864.257         4835.196       12699.45          112.6918    
      32             7863.966         4835.288       12699.25          112.6909    
      33             4533.897         6506.750       11040.65          105.0745    
      34             2512.553         7925.473       10438.03          102.1667    
      35             2506.249         7930.191       10436.44          102.1589    
      36             2452.849         7977.583       10430.43          102.1295    
      37             2440.053         7991.032       10431.08          102.1327    
      38             2402.760         8041.114       10443.87          102.1953    
      39             2323.849         8151.561       10475.41          102.3495    
      40             2315.870         8163.471       10479.34          102.3686    
      41             1251.052         10101.29       11352.35          106.5474    
      42             1249.285         10105.84       11355.13          106.5605    
      43             880.1964         11235.22       12115.42          110.0701    
      44             479.0403         12464.64       12943.68          113.7703    
      48             371.1595         13015.51       13386.67          115.7008    
      52             66.09861         16233.05       16299.15          127.6681    
      56             38.07376         16855.19       16893.26          129.9741    
      60             30.38235         17138.78       17169.17          131.0312    
      64             6.539267         18463.34       18469.88          135.9039    
      68             1.874088         18966.10       18967.97          137.7243    
      72             1.860274         18981.90       18983.76          137.7816    
      76            3.7712603E-02     21784.58       21784.62          147.5961    
      80            6.5396505E-08     39313.33       39313.33          198.2759    
      84             0.000000         39456.75       39456.75          198.6372    
      88             0.000000        1.0000000E+35  1.0000000E+35     3.1622777E+17
      90             0.000000        1.0000000E+35  1.0000000E+35     3.1622777E+17
 
    Pre-calibration:- 
    Total error variance                 =  1.0423361E+09
    Total error standard deviation       =   32285.23    
 
    Post-calibration:-
    Total error variance                 =   10430.43    
    Total error standard deviation       =   102.1295    
    Minimum error variance occurs at singular value number 36.
 
 
 PREDUNC1 analysis for prediction "q7844" ----->

    Pre-calibration:- 
    Total uncertainty variance           =  1.0423361E+09
    Total uncertainty standard deviation =   32285.23    
 
    Post-calibration:-
    Total uncertainty variance           =   8222.512    
    Total uncertainty standard deviation =   90.67807    
 
 
 PREDUNC4 analysis for prediction "q7844" ----->

    Contributions to predictive uncertainty variance

    Parameter      Pre-cal             Post-cal
    group          contribution        contribution
    ---------      ------------        ------------
    ddsd             2633100.            124.7120    
    ddsw             0.000000           0.2080000    
    ddgd             2317100.           0.5120000    
    ddgw             0.000000           6.0000000E-03
    rcsd             9316800.            3530.892    
    rcsw             0.000000            211.1300    
    rcrd            1.5203500E+07        4874.698    
    rcrw             0.000000            63.43800    
    rcgd             2317100.           0.5120000    
    rcgw             0.000000           6.0000000E-03
    tl              4.3288834E+08        142.9940    
    xw               0.000000            0.000000    
    yw               0.000000            0.000000    
    x                0.000000            0.000000    
    y                0.000000            0.000000    
    tlr              0.000000            0.000000    
    tls              0.000000            0.000000    
    beta            5.7766003E+08        451.0520    
 
 
 PREDUNC5 observation subtraction analysis for prediction "q7844" ----->

    Increases in predictive uncertainty variance incurred through loss of observations

    Observation_group        Variance_increase
    -----------------        -----------------
    q                          8222.512    
 
 
 PREDUNC5 observation addition analysis for prediction "q7844" ----->

    Decreases in pre-calibration predictive uncertainty variance incurred through addition of observations

    Observation_group        Variance_decrease
    -----------------        -----------------
    q                          8222.512    
