 
 
                   ###################################################
                   #                                                 #
                   #      GENLINPRED UNCERTAINTY/ERROR ANALYSIS      #
                   #                                                 #
                   ###################################################
 
 
 
                   ANALYSIS DETAILS
                   ----------------
 
    Name of PEST control file                                   : master.pst
    Factor by which to multiply observation weights             : 1.0000
    Source of parameter uncertainty data                        : uncertainty file
    Name of uncertainty file                                    : master_lu.unc
 
    Perform global parameter estimability analysis              : yes
         Parameter identifiability                              : yes
         Relative parameter error reduction                     : no
         Relative parameter uncertainty reduction               : yes
 
    Analyse error/uncertainty of an entity                      : yes
         Name of entity                                         : q8118
         Type of entity                                         : prediction
         File containing prediction sensitivities               : master.jco
 
         Total error variance                                   : yes
         Total uncertainty                                      : yes
 
         Parameter contributions to error variance              : no
         Parameter contributions to uncertainty                 : yes
         Parameter contributions                                : by group
 
         Observation worth in reducing error variance           : no
         Observation worth in reducing uncertainty variance     : yes
         Observation worth                                      : by group


                   ANALYSIS OF PARAMETERS
                   ----------------------


 Outcomes of running program SUPCALC ----->
 
    Number of dimensions of calibration solution space = 36
    Number of dimensions of calibration null space     = 54

 Outcomes of parameter identifiability and error/uncertainty variance reduction analysis ----->
 
    Parameter              Identifiability        Rel_uncert_var_redn
    ---------              ---------------        -------------------
    ddsd                    0.9999998              0.9999857
    ddsw                    0.9999997              0.9999852
    ddgd                    0.4999785              0.4995663
    ddgw                    0.4999734              0.4995866
    rcs1d                   7.0449298E-08          4.0000000E-07
    rcs1w                   4.0069747E-11           0.000000
    rcs2d                   1.9573091E-02          0.1070801
    rcs2w                   5.5925014E-05          1.2933000E-03
    rcs3d                   3.7958208E-02          8.2322100E-02
    rcs3w                   3.0432857E-02          7.5959300E-02
    rcs4d                   2.1401755E-02          3.6173400E-02
    rcs4w                   0.1339611              0.1844060
    rcs5d                   0.2738055              0.2174886
    rcs5w                   0.6667472              0.4808912
    rcs6d                   0.3687908              0.2706488
    rcs6w                   2.3400891E-02          0.1117114
    rcs7d                   0.1596770              0.1748553
    rcs7w                   0.9986861              0.9981457
    rcs8d                   0.9999412              0.9989581
    rcs8w                   0.9999530              0.9996929
    rcs9d                   0.9998981              0.9979705
    rcs9w                   0.9995549              0.9992351
    rcs10d                  0.9992842              0.9748501
    rcs10w                  2.6848126E-02          0.4146405
    rcs11d                  7.0916600E-04          2.0104000E-02
    rcs11w                  0.9745438              0.9493789
    rcs12d                  0.9999368              0.9980510
    rcs12w                  0.9999223              0.9980646
    rcs13d                  0.9998977              0.9928964
    rcs13w                  0.9999598              0.9961452
    rcs14d                  0.9999293              0.9903780
    rcs14w                  0.9998357              0.9904119
    rcs15d                  0.9999210              0.9924723
    rcs15w                  0.9999199              0.9811952
    rcs16d                  0.9998777              0.9817929
    rcs16w                  0.9973577              0.9422777
    rcs17d                  0.9949088              0.9039419
    rcs17w                  0.8866095              0.8479809
    rcs18d                  0.8531828              0.5291988
    rcs18w                  0.1276929              0.3720997
    rcs19d                  0.1234451              8.8803600E-02
    rcs19w                  1.2317317E-04          5.1510000E-04
    rcr1d                   3.1496791E-06          5.9000000E-06
    rcr1w                   1.7113660E-06          2.3000000E-06
    rcr2d                   0.9069171              0.8848063
    rcr2w                   0.5946601              0.6694894
    rcr3d                   0.2162203              0.3826749
    rcr3w                   0.7194297              0.8160966
    rcr4d                   9.7900046E-02          0.2350048
    rcr4w                   0.3558305              0.4398420
    rcr5d                   5.8806457E-02          0.1283508
    rcr5w                   0.2519895              0.3558815
    rcr6d                   0.4348170              0.4178218
    rcr6w                   0.1529007              0.2318237
    rcr7d                   0.3880945              0.3889292
    rcr7w                   2.5034183E-02          5.3639100E-02
    rcr8d                   1.6905602E-02          0.2459918
    rcr8w                   1.8442364E-02          0.1450155
    rcr9d                   0.9985246              0.9978154
    rcr9w                   2.2391006E-02          0.1928946
    rcr10d                  3.8076400E-02          0.1806674
    rcr10w                  7.7457377E-03          9.8387200E-02
    rcr11d                  0.1601413              0.2266560
    rcr11w                  3.9841684E-03          4.7457000E-02
    rcr12d                  9.5205742E-02          0.1225936
    rcr12w                  1.8672613E-03          3.6579600E-02
    rcr13d                  0.1673601              0.1767440
    rcr13w                  0.9993183              0.9909792
    rcr14d                  0.1586267              0.1594120
    rcr14w                  0.9911773              0.9639196
    rcr15d                  0.1518480              0.1646256
    rcr15w                  2.2905089E-03          1.7114800E-02
    rcr16d                  0.1617297              0.1833653
    rcr16w                  1.3961610E-03          2.5470100E-02
    rcr17d                  6.9554157E-02          0.1009417
    rcr17w                  3.7457956E-04          7.4517000E-03
    rcr18d                  1.1744402E-02          1.9062300E-02
    rcr18w                  4.7869284E-05          1.1442000E-03
    rcr19d                  9.9369118E-04          1.6609000E-03
    rcr19w                  3.6708880E-06          9.0500000E-05
    rcgd                    0.4999785              0.4995663
    rcgw                    0.4999734              0.4995866
    tl                      0.9999999              0.9999991
    xw                       0.000000               0.000000
    yw                       0.000000               0.000000
    x                        0.000000               0.000000
    y                        0.000000               0.000000
    tlr                      0.000000               0.000000
    tls                      0.000000               0.000000
    beta                    0.9999993              0.9999829
 
    Note: run IDENTPAR yourself to see identiability contributions by different solution 
    space eigencomponents.


                   ANALYSIS OF PREDICTION
                   ----------------------

 PREDVAR1 analysis for prediction "q8118" ----->

    Sing_val       Null-space       Soln-space     Total             Total
    index          term             term           variance          std_dev
    --------       ----------       ----------     --------          -------
       0            1.5064109E+09     0.000000      1.5064109E+09      38812.51    
       4            1.0813718E+08     2753.526      1.0813993E+08      10399.04    
       8            4.2853558E+07     5065.441      4.2858623E+07      6546.650    
      12             6327546.         8134.753       6335681.          2517.078    
      16             4611163.         8811.270       4619974.          2149.412    
      20             678433.2         15248.03       693681.3          832.8753    
      24             37381.85         21119.18       58501.03          241.8699    
      28             27820.18         21387.86       49208.04          221.8289    
      29             22421.47         21689.68       44111.15          210.0265    
      30             20668.48         21963.90       42632.38          206.4761    
      31             20461.33         22017.18       42478.51          206.1032    
      32             20454.58         22019.30       42473.88          206.0919    
      33             14647.03         24934.29       39581.32          198.9505    
      34             14644.73         24935.90       39580.63          198.9488    
      35             14602.73         24967.34       39570.07          198.9223    
      36             7726.113         31070.09       38796.20          196.9675    
      37             7726.112         31070.09       38796.20          196.9675    
      38             7705.991         31097.11       38803.10          196.9850    
      39             7687.796         31122.57       38810.37          197.0035    
      40             7686.967         31123.81       38810.78          197.0045    
      41             7543.863         31384.24       38928.10          197.3021    
      42             7508.533         31475.17       38983.70          197.4429    
      43             7504.369         31487.91       38992.28          197.4646    
      44             7502.368         31494.04       38996.41          197.4751    
      48             7455.153         31762.23       39217.38          198.0338    
      52             7433.826         31959.79       39393.61          198.4782    
      56             7419.226         32286.77       39706.00          199.2636    
      60             7007.900         48410.22       55418.12          235.4105    
      64             6.589726         434378.1       434384.7          659.0787    
      68             1.252430         434851.1       434852.4          659.4334    
      72             1.063794         435036.8       435037.9          659.5740    
      76            1.3586741E-03     436922.8       436922.8          661.0014    
      80            6.9536981E-07     437723.8       437723.8          661.6070    
      84             0.000000         448288.3       448288.3          669.5434    
      88             0.000000        1.0000000E+35  1.0000000E+35     3.1622777E+17
      90             0.000000        1.0000000E+35  1.0000000E+35     3.1622777E+17
 
    Pre-calibration:- 
    Total error variance                 =  1.5064109E+09
    Total error standard deviation       =   38812.51    
 
    Post-calibration:-
    Total error variance                 =   38796.20    
    Total error standard deviation       =   196.9675    
    Minimum error variance occurs at singular value number 36.
 
 
 PREDUNC1 analysis for prediction "q8118" ----->

    Pre-calibration:- 
    Total uncertainty variance           =  1.5064109E+09
    Total uncertainty standard deviation =   38812.51    
 
    Post-calibration:-
    Total uncertainty variance           =   34575.47    
    Total uncertainty standard deviation =   185.9448    
 
 
 PREDUNC4 analysis for prediction "q8118" ----->

    Contributions to predictive uncertainty variance

    Parameter      Pre-cal             Post-cal
    group          contribution        contribution
    ---------      ------------        ------------
    ddsd            9.1944366E+08        11263.61    
    ddsw             0.000000           0.5300000    
    ddgd            5.1195300E+07        5.140000    
    ddgw             0.000000            0.000000    
    rcsd             747200.0            29994.92    
    rcsw             0.000000            703.8000    
    rcrd             740600.0            854.1600    
    rcrw             0.000000            89.35000    
    rcgd            5.1195300E+07        5.140000    
    rcgw             0.000000            0.000000    
    tl               6132800.            258.6000    
    xw               0.000000            0.000000    
    yw               0.000000            0.000000    
    x                0.000000            0.000000    
    y                0.000000            0.000000    
    tlr              0.000000            0.000000    
    tls              0.000000            0.000000    
    beta            4.7695590E+08        13.25000    
 
 
 PREDUNC5 observation subtraction analysis for prediction "q8118" ----->

    Increases in predictive uncertainty variance incurred through loss of observations

    Observation_group        Variance_increase
    -----------------        -----------------
    q                          34575.47    
 
 
 PREDUNC5 observation addition analysis for prediction "q8118" ----->

    Decreases in pre-calibration predictive uncertainty variance incurred through addition of observations

    Observation_group        Variance_decrease
    -----------------        -----------------
    q                          34575.47    
