 
 
                   ###################################################
                   #                                                 #
                   #      GENLINPRED UNCERTAINTY/ERROR ANALYSIS      #
                   #                                                 #
                   ###################################################
 
 
 
                   ANALYSIS DETAILS
                   ----------------
 
    Name of PEST control file                                   : master.pst
    Factor by which to multiply observation weights             : 1.0000
    Source of parameter uncertainty data                        : uncertainty file
    Name of uncertainty file                                    : master_lu.unc
 
    Perform global parameter estimability analysis              : yes
         Parameter identifiability                              : yes
         Relative parameter error reduction                     : no
         Relative parameter uncertainty reduction               : yes
 
    Analyse error/uncertainty of an entity                      : yes
         Name of entity                                         : q7905
         Type of entity                                         : prediction
         File containing prediction sensitivities               : master.jco
 
         Total error variance                                   : yes
         Total uncertainty                                      : yes
 
         Parameter contributions to error variance              : no
         Parameter contributions to uncertainty                 : yes
         Parameter contributions                                : by group
 
         Observation worth in reducing error variance           : no
         Observation worth in reducing uncertainty variance     : yes
         Observation worth                                      : by group


                   ANALYSIS OF PARAMETERS
                   ----------------------


 Outcomes of running program SUPCALC ----->
 
    Number of dimensions of calibration solution space = 36
    Number of dimensions of calibration null space     = 54

 Outcomes of parameter identifiability and error/uncertainty variance reduction analysis ----->
 
    Parameter              Identifiability        Rel_uncert_var_redn
    ---------              ---------------        -------------------
    ddsd                    0.9999998              0.9999857
    ddsw                    0.9999997              0.9999852
    ddgd                    0.4999785              0.4995663
    ddgw                    0.4999734              0.4995866
    rcs1d                   7.0449298E-08          4.0000000E-07
    rcs1w                   4.0069747E-11           0.000000
    rcs2d                   1.9573091E-02          0.1070801
    rcs2w                   5.5925014E-05          1.2933000E-03
    rcs3d                   3.7958208E-02          8.2322100E-02
    rcs3w                   3.0432857E-02          7.5959300E-02
    rcs4d                   2.1401755E-02          3.6173400E-02
    rcs4w                   0.1339611              0.1844060
    rcs5d                   0.2738055              0.2174886
    rcs5w                   0.6667472              0.4808912
    rcs6d                   0.3687908              0.2706488
    rcs6w                   2.3400891E-02          0.1117114
    rcs7d                   0.1596770              0.1748553
    rcs7w                   0.9986861              0.9981457
    rcs8d                   0.9999412              0.9989581
    rcs8w                   0.9999530              0.9996929
    rcs9d                   0.9998981              0.9979705
    rcs9w                   0.9995549              0.9992351
    rcs10d                  0.9992842              0.9748501
    rcs10w                  2.6848126E-02          0.4146405
    rcs11d                  7.0916600E-04          2.0104000E-02
    rcs11w                  0.9745438              0.9493789
    rcs12d                  0.9999368              0.9980510
    rcs12w                  0.9999223              0.9980646
    rcs13d                  0.9998977              0.9928964
    rcs13w                  0.9999598              0.9961452
    rcs14d                  0.9999293              0.9903780
    rcs14w                  0.9998357              0.9904119
    rcs15d                  0.9999210              0.9924723
    rcs15w                  0.9999199              0.9811952
    rcs16d                  0.9998777              0.9817929
    rcs16w                  0.9973577              0.9422777
    rcs17d                  0.9949088              0.9039419
    rcs17w                  0.8866095              0.8479809
    rcs18d                  0.8531828              0.5291988
    rcs18w                  0.1276929              0.3720997
    rcs19d                  0.1234451              8.8803600E-02
    rcs19w                  1.2317317E-04          5.1510000E-04
    rcr1d                   3.1496791E-06          5.9000000E-06
    rcr1w                   1.7113660E-06          2.3000000E-06
    rcr2d                   0.9069171              0.8848063
    rcr2w                   0.5946601              0.6694894
    rcr3d                   0.2162203              0.3826749
    rcr3w                   0.7194297              0.8160966
    rcr4d                   9.7900046E-02          0.2350048
    rcr4w                   0.3558305              0.4398420
    rcr5d                   5.8806457E-02          0.1283508
    rcr5w                   0.2519895              0.3558815
    rcr6d                   0.4348170              0.4178218
    rcr6w                   0.1529007              0.2318237
    rcr7d                   0.3880945              0.3889292
    rcr7w                   2.5034183E-02          5.3639100E-02
    rcr8d                   1.6905602E-02          0.2459918
    rcr8w                   1.8442364E-02          0.1450155
    rcr9d                   0.9985246              0.9978154
    rcr9w                   2.2391006E-02          0.1928946
    rcr10d                  3.8076400E-02          0.1806674
    rcr10w                  7.7457377E-03          9.8387200E-02
    rcr11d                  0.1601413              0.2266560
    rcr11w                  3.9841684E-03          4.7457000E-02
    rcr12d                  9.5205742E-02          0.1225936
    rcr12w                  1.8672613E-03          3.6579600E-02
    rcr13d                  0.1673601              0.1767440
    rcr13w                  0.9993183              0.9909792
    rcr14d                  0.1586267              0.1594120
    rcr14w                  0.9911773              0.9639196
    rcr15d                  0.1518480              0.1646256
    rcr15w                  2.2905089E-03          1.7114800E-02
    rcr16d                  0.1617297              0.1833653
    rcr16w                  1.3961610E-03          2.5470100E-02
    rcr17d                  6.9554157E-02          0.1009417
    rcr17w                  3.7457956E-04          7.4517000E-03
    rcr18d                  1.1744402E-02          1.9062300E-02
    rcr18w                  4.7869284E-05          1.1442000E-03
    rcr19d                  9.9369118E-04          1.6609000E-03
    rcr19w                  3.6708880E-06          9.0500000E-05
    rcgd                    0.4999785              0.4995663
    rcgw                    0.4999734              0.4995866
    tl                      0.9999999              0.9999991
    xw                       0.000000               0.000000
    yw                       0.000000               0.000000
    x                        0.000000               0.000000
    y                        0.000000               0.000000
    tlr                      0.000000               0.000000
    tls                      0.000000               0.000000
    beta                    0.9999993              0.9999829
 
    Note: run IDENTPAR yourself to see identiability contributions by different solution 
    space eigencomponents.


                   ANALYSIS OF PREDICTION
                   ----------------------

 PREDVAR1 analysis for prediction "q7905" ----->

    Sing_val       Null-space       Soln-space     Total             Total
    index          term             term           variance          std_dev
    --------       ----------       ----------     --------          -------
       0            1.1714546E+09     0.000000      1.1714546E+09      34226.52    
       4            1.5507436E+07     271.2064      1.5507707E+07      3937.983    
       8             7457229.         438.1710       7457668.          2730.873    
      12             2134757.         929.5323       2135686.          1461.399    
      16             271487.2         1661.862       273149.1          522.6367    
      20             39726.47         1885.890       41612.36          203.9911    
      24             5632.666         2059.150       7691.816          87.70300    
      28             5309.316         2070.273       7379.589          85.90453    
      29             5300.557         2070.762       7371.319          85.85639    
      30             5300.254         2070.810       7371.064          85.85490    
      31             3625.848         2501.455       6127.303          78.27709    
      32             3625.787         2501.475       6127.261          78.27682    
      33             3573.457         2527.740       6101.197          78.11016    
      34             990.3664         4340.737       5331.104          73.01441    
      35             978.5716         4349.566       5328.137          72.99409    
      36             966.5357         4360.247       5326.783          72.98481    
      37             964.1440         4362.761       5326.905          72.98565    
      38             749.6993         4650.749       5400.448          73.48774    
      39             731.6334         4676.034       5407.668          73.53685    
      40             725.9298         4684.548       5410.478          73.55595    
      41             387.7720         5299.949       5687.721          75.41698    
      42             376.3043         5329.462       5705.766          75.53652    
      43             351.5101         5405.330       5756.840          75.87384    
      44             326.5958         5481.685       5808.280          76.21207    
      48             98.09973         6838.911       6937.011          83.28872    
      52             64.32056         7232.234       7296.555          85.41987    
      56             59.83073         7325.564       7385.395          85.93832    
      60             7.564995         9089.568       9097.133          95.37889    
      64             5.514322         9207.236       9212.750          95.98307    
      68            1.2647767E-02     9765.741       9765.753          98.82182    
      72            2.4633691E-03     9778.117       9778.119          98.88437    
      76            1.6465226E-03     9786.009       9786.011          98.92427    
      80            4.3115296E-08     10560.45       10560.45          102.7641    
      84             0.000000         10653.78       10653.78          103.2171    
      88             0.000000        1.0000000E+35  1.0000000E+35     3.1622777E+17
      90             0.000000        1.0000000E+35  1.0000000E+35     3.1622777E+17
 
    Pre-calibration:- 
    Total error variance                 =  1.1714546E+09
    Total error standard deviation       =   34226.52    
 
    Post-calibration:-
    Total error variance                 =   5326.783    
    Total error standard deviation       =   72.98481    
    Minimum error variance occurs at singular value number 36.
 
 
 PREDUNC1 analysis for prediction "q7905" ----->

    Pre-calibration:- 
    Total uncertainty variance           =  1.1714547E+09
    Total uncertainty standard deviation =   34226.52    
 
    Post-calibration:-
    Total uncertainty variance           =   4195.497    
    Total uncertainty standard deviation =   64.77266    
 
 
 PREDUNC4 analysis for prediction "q7905" ----->

    Contributions to predictive uncertainty variance

    Parameter      Pre-cal             Post-cal
    group          contribution        contribution
    ---------      ------------        ------------
    ddsd            6.6687100E+07       0.6480000    
    ddsw             0.000000            1.371000    
    ddgd             95300.00           0.1180000    
    ddgw             0.000000           3.4000000E-02
    rcsd            1.4875600E+07        1288.258    
    rcsw             0.000000            630.8600    
    rcrd             4341800.            2399.121    
    rcrw             0.000000            138.5400    
    rcgd             95300.00           0.1180000    
    rcgw             0.000000           3.4000000E-02
    tl              5.4927049E+08       0.5850000    
    xw               0.000000            0.000000    
    yw               0.000000            0.000000    
    x                0.000000            0.000000    
    y                0.000000            0.000000    
    tlr              0.000000            0.000000    
    tls              0.000000            0.000000    
    beta            5.3608921E+08        1117.281    
 
 
 PREDUNC5 observation subtraction analysis for prediction "q7905" ----->

    Increases in predictive uncertainty variance incurred through loss of observations

    Observation_group        Variance_increase
    -----------------        -----------------
    q                          4195.497    
 
 
 PREDUNC5 observation addition analysis for prediction "q7905" ----->

    Decreases in pre-calibration predictive uncertainty variance incurred through addition of observations

    Observation_group        Variance_decrease
    -----------------        -----------------
    q                          4195.497    
