 
 
                   ###################################################
                   #                                                 #
                   #      GENLINPRED UNCERTAINTY/ERROR ANALYSIS      #
                   #                                                 #
                   ###################################################
 
 
 
                   ANALYSIS DETAILS
                   ----------------
 
    Name of PEST control file                                   : master.pst
    Factor by which to multiply observation weights             : 1.0000
    Source of parameter uncertainty data                        : uncertainty file
    Name of uncertainty file                                    : master_lu.unc
 
    Perform global parameter estimability analysis              : yes
         Parameter identifiability                              : yes
         Relative parameter error reduction                     : no
         Relative parameter uncertainty reduction               : yes
 
    Analyse error/uncertainty of an entity                      : yes
         Name of entity                                         : q8036
         Type of entity                                         : prediction
         File containing prediction sensitivities               : master.jco
 
         Total error variance                                   : yes
         Total uncertainty                                      : yes
 
         Parameter contributions to error variance              : no
         Parameter contributions to uncertainty                 : yes
         Parameter contributions                                : by group
 
         Observation worth in reducing error variance           : no
         Observation worth in reducing uncertainty variance     : yes
         Observation worth                                      : by group


                   ANALYSIS OF PARAMETERS
                   ----------------------


 Outcomes of running program SUPCALC ----->
 
    Number of dimensions of calibration solution space = 36
    Number of dimensions of calibration null space     = 54

 Outcomes of parameter identifiability and error/uncertainty variance reduction analysis ----->
 
    Parameter              Identifiability        Rel_uncert_var_redn
    ---------              ---------------        -------------------
    ddsd                    0.9999998              0.9999857
    ddsw                    0.9999997              0.9999852
    ddgd                    0.4999785              0.4995663
    ddgw                    0.4999734              0.4995866
    rcs1d                   7.0449298E-08          4.0000000E-07
    rcs1w                   4.0069747E-11           0.000000
    rcs2d                   1.9573091E-02          0.1070801
    rcs2w                   5.5925014E-05          1.2933000E-03
    rcs3d                   3.7958208E-02          8.2322100E-02
    rcs3w                   3.0432857E-02          7.5959300E-02
    rcs4d                   2.1401755E-02          3.6173400E-02
    rcs4w                   0.1339611              0.1844060
    rcs5d                   0.2738055              0.2174886
    rcs5w                   0.6667472              0.4808912
    rcs6d                   0.3687908              0.2706488
    rcs6w                   2.3400891E-02          0.1117114
    rcs7d                   0.1596770              0.1748553
    rcs7w                   0.9986861              0.9981457
    rcs8d                   0.9999412              0.9989581
    rcs8w                   0.9999530              0.9996929
    rcs9d                   0.9998981              0.9979705
    rcs9w                   0.9995549              0.9992351
    rcs10d                  0.9992842              0.9748501
    rcs10w                  2.6848126E-02          0.4146405
    rcs11d                  7.0916600E-04          2.0104000E-02
    rcs11w                  0.9745438              0.9493789
    rcs12d                  0.9999368              0.9980510
    rcs12w                  0.9999223              0.9980646
    rcs13d                  0.9998977              0.9928964
    rcs13w                  0.9999598              0.9961452
    rcs14d                  0.9999293              0.9903780
    rcs14w                  0.9998357              0.9904119
    rcs15d                  0.9999210              0.9924723
    rcs15w                  0.9999199              0.9811952
    rcs16d                  0.9998777              0.9817929
    rcs16w                  0.9973577              0.9422777
    rcs17d                  0.9949088              0.9039419
    rcs17w                  0.8866095              0.8479809
    rcs18d                  0.8531828              0.5291988
    rcs18w                  0.1276929              0.3720997
    rcs19d                  0.1234451              8.8803600E-02
    rcs19w                  1.2317317E-04          5.1510000E-04
    rcr1d                   3.1496791E-06          5.9000000E-06
    rcr1w                   1.7113660E-06          2.3000000E-06
    rcr2d                   0.9069171              0.8848063
    rcr2w                   0.5946601              0.6694894
    rcr3d                   0.2162203              0.3826749
    rcr3w                   0.7194297              0.8160966
    rcr4d                   9.7900046E-02          0.2350048
    rcr4w                   0.3558305              0.4398420
    rcr5d                   5.8806457E-02          0.1283508
    rcr5w                   0.2519895              0.3558815
    rcr6d                   0.4348170              0.4178218
    rcr6w                   0.1529007              0.2318237
    rcr7d                   0.3880945              0.3889292
    rcr7w                   2.5034183E-02          5.3639100E-02
    rcr8d                   1.6905602E-02          0.2459918
    rcr8w                   1.8442364E-02          0.1450155
    rcr9d                   0.9985246              0.9978154
    rcr9w                   2.2391006E-02          0.1928946
    rcr10d                  3.8076400E-02          0.1806674
    rcr10w                  7.7457377E-03          9.8387200E-02
    rcr11d                  0.1601413              0.2266560
    rcr11w                  3.9841684E-03          4.7457000E-02
    rcr12d                  9.5205742E-02          0.1225936
    rcr12w                  1.8672613E-03          3.6579600E-02
    rcr13d                  0.1673601              0.1767440
    rcr13w                  0.9993183              0.9909792
    rcr14d                  0.1586267              0.1594120
    rcr14w                  0.9911773              0.9639196
    rcr15d                  0.1518480              0.1646256
    rcr15w                  2.2905089E-03          1.7114800E-02
    rcr16d                  0.1617297              0.1833653
    rcr16w                  1.3961610E-03          2.5470100E-02
    rcr17d                  6.9554157E-02          0.1009417
    rcr17w                  3.7457956E-04          7.4517000E-03
    rcr18d                  1.1744402E-02          1.9062300E-02
    rcr18w                  4.7869284E-05          1.1442000E-03
    rcr19d                  9.9369118E-04          1.6609000E-03
    rcr19w                  3.6708880E-06          9.0500000E-05
    rcgd                    0.4999785              0.4995663
    rcgw                    0.4999734              0.4995866
    tl                      0.9999999              0.9999991
    xw                       0.000000               0.000000
    yw                       0.000000               0.000000
    x                        0.000000               0.000000
    y                        0.000000               0.000000
    tlr                      0.000000               0.000000
    tls                      0.000000               0.000000
    beta                    0.9999993              0.9999829
 
    Note: run IDENTPAR yourself to see identiability contributions by different solution 
    space eigencomponents.


                   ANALYSIS OF PREDICTION
                   ----------------------

 PREDVAR1 analysis for prediction "q8036" ----->

    Sing_val       Null-space       Soln-space     Total             Total
    index          term             term           variance          std_dev
    --------       ----------       ----------     --------          -------
       0            8.0244165E+08     0.000000      8.0244165E+08      28327.40    
       4            2.8286319E+07     336.6955      2.8286656E+07      5318.520    
       8             908608.6         851.3494       909460.0          953.6561    
      12             799809.8         865.2203       800675.0          894.8044    
      16             76792.86         1129.264       77922.12          279.1453    
      20             21771.46         1257.812       23029.27          151.7540    
      24             5412.849         1437.383       6850.232          82.76613    
      28             4941.996         1450.682       6392.679          79.95423    
      29             1567.350         1639.344       3206.694          56.62768    
      30             1565.658         1639.609       3205.267          56.61508    
      31             1446.219         1670.328       3116.547          55.82604    
      32             1446.165         1670.345       3116.510          55.82571    
      33             1378.005         1704.556       3082.561          55.52082    
      34             1354.808         1720.838       3075.646          55.45851    
      35             1350.140         1724.331       3074.472          55.44792    
      36             64.32626         2865.445       2929.771          54.12736    
      37             64.32051         2865.451       2929.771          54.12736    
      38             61.85848         2868.757       2930.616          54.13516    
      39             59.58438         2871.940       2931.524          54.14355    
      40             59.40699         2872.205       2931.612          54.14436    
      41             57.85790         2875.024       2932.882          54.15609    
      42             37.76313         2926.739       2964.502          54.44724    
      43             30.49044         2948.993       2979.483          54.58464    
      44             20.88711         2978.424       2999.311          54.76597    
      48             17.64330         2998.534       3016.178          54.91974    
      52             13.88433         3030.631       3044.515          55.17712    
      56             13.03153         3049.212       3062.244          55.33755    
      60             8.241648         3236.564       3244.806          56.96320    
      64            0.3872266         3667.863       3668.251          60.56609    
      68            0.3648496         3670.241       3670.606          60.58553    
      72            0.3185870         3727.398       3727.717          61.05503    
      76            2.7344172E-04     4242.076       4242.076          65.13122    
      80            7.6285310E-09     4891.210       4891.210          69.93719    
      84             0.000000         4990.952       4990.952          70.64667    
      88             0.000000        1.0000000E+35  1.0000000E+35     3.1622777E+17
      90             0.000000        1.0000000E+35  1.0000000E+35     3.1622777E+17
 
    Pre-calibration:- 
    Total error variance                 =  8.0244165E+08
    Total error standard deviation       =   28327.40    
 
    Post-calibration:-
    Total error variance                 =   2929.771    
    Total error standard deviation       =   54.12736    
    Minimum error variance occurs at singular value number 36.
 
 
 PREDUNC1 analysis for prediction "q8036" ----->

    Pre-calibration:- 
    Total uncertainty variance           =  8.0244159E+08
    Total uncertainty standard deviation =   28327.40    
 
    Post-calibration:-
    Total uncertainty variance           =   2340.691    
    Total uncertainty standard deviation =   48.38069    
 
 
 PREDUNC4 analysis for prediction "q8036" ----->

    Contributions to predictive uncertainty variance

    Parameter      Pre-cal             Post-cal
    group          contribution        contribution
    ---------      ------------        ------------
    ddsd            6.2861910E+07        5.494000    
    ddsw             0.000000           9.0000000E-03
    ddgd            3.6680770E+07       4.5000000E-02
    ddgw             0.000000           4.0000000E-03
    rcsd             8558860.            1488.448    
    rcsw             0.000000            73.39400    
    rcrd             318560.0            157.1470    
    rcrw             0.000000            14.25700    
    rcgd            3.6680770E+07       4.5000000E-02
    rcgw             0.000000           4.0000000E-03
    tl              1.0674630E+08        5.827000    
    xw               0.000000            0.000000    
    yw               0.000000            0.000000    
    x                0.000000            0.000000    
    y                0.000000            0.000000    
    tlr              0.000000            0.000000    
    tls              0.000000            0.000000    
    beta            5.5059450E+08        106.4830    
 
 
 PREDUNC5 observation subtraction analysis for prediction "q8036" ----->

    Increases in predictive uncertainty variance incurred through loss of observations

    Observation_group        Variance_increase
    -----------------        -----------------
    q                          2340.691    
 
 
 PREDUNC5 observation addition analysis for prediction "q8036" ----->

    Decreases in pre-calibration predictive uncertainty variance incurred through addition of observations

    Observation_group        Variance_decrease
    -----------------        -----------------
    q                          2340.691    
