 
 
                   ###################################################
                   #                                                 #
                   #      GENLINPRED UNCERTAINTY/ERROR ANALYSIS      #
                   #                                                 #
                   ###################################################
 
 
 
                   ANALYSIS DETAILS
                   ----------------
 
    Name of PEST control file                                   : master_lu.pst
    Factor by which to multiply observation weights             : 1.0000
    Source of parameter uncertainty data                        : uncertainty file
    Name of uncertainty file                                    : master_lu.unc
 
    Perform global parameter estimability analysis              : yes
         Parameter identifiability                              : yes
         Relative parameter error reduction                     : no
         Relative parameter uncertainty reduction               : yes
 
    Analyse error/uncertainty of an entity                      : yes
         Name of entity                                         : q8090
         Type of entity                                         : prediction
         File containing prediction sensitivities               : master_lu.jco
 
         Total error variance                                   : yes
         Total uncertainty                                      : yes
 
         Parameter contributions to error variance              : no
         Parameter contributions to uncertainty                 : yes
         Parameter contributions                                : by group
 
         Observation worth in reducing error variance           : no
         Observation worth in reducing uncertainty variance     : yes
         Observation worth                                      : by group


                   ANALYSIS OF PARAMETERS
                   ----------------------


 Outcomes of running program SUPCALC ----->
 
    Number of dimensions of calibration solution space = 13
    Number of dimensions of calibration null space     = 49

 Outcomes of parameter identifiability and error/uncertainty variance reduction analysis ----->
 
    Parameter              Identifiability        Rel_uncert_var_redn
    ---------              ---------------        -------------------
    ddsd                    0.9999522              0.9990993
    ddsw                    0.9998771              0.9992743
    ddgd                    2.9322562E-29           0.000000
    ddgw                    1.9306643E-29           0.000000
    rcs1d                   2.0082607E-10          1.0000000E-07
    rcs1w                   5.0535385E-30           0.000000
    rcs2d                   1.1841782E-04          9.2247000E-03
    rcs2w                   1.2214079E-07          4.5000000E-06
    rcs3d                   3.4702995E-06          2.9660000E-04
    rcs3w                   9.2222923E-07          2.9800000E-05
    rcs4d                   3.1382979E-06          1.7230000E-04
    rcs4w                   3.2036370E-03          9.7838300E-02
    rcs5d                   4.6169531E-05          1.1033000E-03
    rcs5w                   5.2210112E-05          3.2734000E-03
    rcs6d                   4.5124087E-05          6.5950000E-04
    rcs6w                   8.7734834E-06          2.2690000E-04
    rcs7d                   1.1293993E-05          8.6000000E-05
    rcs7w                   4.7581590E-06          4.4700000E-05
    rcs8d                   0.9963128              0.9425749
    rcs8w                   0.9990829              0.9522809
    rcs9d                   0.8921299              0.8882383
    rcs9w                   0.8684632              0.8975795
    rcs10d                  0.3266528              0.5112730
    rcs10w                  0.1537409              0.4146130
    rcs11d                  8.1958242E-07          1.5000000E-06
    rcs11w                  1.8842255E-06          7.0000000E-06
    rcs12d                  5.6740911E-06          1.6500000E-05
    rcs12w                  1.1525266E-08          1.0000000E-07
    rcr1d                   9.5663125E-06          1.4900000E-05
    rcr1w                   1.5728725E-04          1.3390000E-04
    rcr2d                   0.5498031              0.5431122
    rcr2w                   0.8227982              0.6816594
    rcr3d                   0.4460958              0.4425833
    rcr3w                   0.1611730              0.1340321
    rcr4d                   2.9987348E-04          9.8900000E-04
    rcr4w                   1.4257103E-03          1.5549000E-03
    rcr5d                   7.2877689E-05          5.7310000E-04
    rcr5w                   7.2544801E-05          1.4990000E-04
    rcr6d                   1.0467360E-05          1.6180000E-04
    rcr6w                   5.5360312E-04          1.0944000E-03
    rcr7d                   1.3884207E-05          2.3820000E-04
    rcr7w                   2.5506195E-02          5.7693400E-02
    rcr8d                   3.0818250E-05          5.2960000E-04
    rcr8w                   0.9772075              0.8666551
    rcr9d                   0.9997985              0.9902571
    rcr9w                   0.8584636              0.8110560
    rcr10d                  6.0299188E-05          3.1160000E-04
    rcr10w                  0.1431696              0.3084594
    rcr11d                  2.5716653E-07          1.4000000E-06
    rcr11w                  1.9936573E-06          4.1000000E-06
    rcr12d                  3.6631795E-11           0.000000
    rcr12w                  1.9449455E-10           0.000000
    rcgd                     0.000000               0.000000
    rcgw                     0.000000               0.000000
    tl                      0.9999999              0.9999573
    xw                       0.000000               0.000000
    yw                       0.000000               0.000000
    x                        0.000000               0.000000
    y                        0.000000               0.000000
    tlr                      0.000000               0.000000
    tls                      0.000000               0.000000
    beta                    0.7735571              0.5511320
 
    Note: run IDENTPAR yourself to see identiability contributions by different solution 
    space eigencomponents.


                   ANALYSIS OF PREDICTION
                   ----------------------

 PREDVAR1 analysis for prediction "q8090" ----->

    Sing_val       Null-space       Soln-space     Total             Total
    index          term             term           variance          std_dev
    --------       ----------       ----------     --------          -------
       0            6.0317232E+07     0.000000      6.0317232E+07      7766.417    
       3            5.6035496E+07     167.1652      5.6035663E+07      7485.697    
       6            1.2778656E+07     86912.97      1.2865569E+07      3586.861    
       7             8254196.         115296.1       8369492.          2893.007    
       8             472912.2         274770.3       747682.5          864.6864    
       9             472220.8         274806.7       747027.5          864.3075    
      10             455999.9         275944.8       731944.7          855.5377    
      11             450366.4         276685.6       727051.9          852.6734    
      12             442226.3         279450.7       721677.0          849.5157    
      13             187273.5         462451.1       649724.5          806.0549    
      14             74219.37         644045.5       718264.8          847.5050    
      15             1525.630         805499.1       807024.7          898.3455    
      16             1500.335         805599.3       807099.7          898.3873    
      17             383.6687         816073.2       816456.9          903.5800    
      18             383.6631         816073.3       816457.0          903.5801    
      21             206.3797         845720.1       845926.5          919.7426    
      24             148.1217         903590.3       903738.4          950.6516    
      27             20.92527         1420477.       1420497.          1191.846    
      30             6.442128         1497297.       1497303.          1223.643    
      33             1.242500         1592880.       1592881.          1262.094    
      36            0.6317817         1627901.       1627902.          1275.893    
      39            0.1417374         1683919.       1683919.          1297.659    
      42            0.1207413         1687206.       1687206.          1298.925    
      45            0.1074031         1698160.       1698160.          1303.135    
      48            3.4919614E-05     2348430.       2348430.          1532.459    
      51            3.2340124E-24     2381918.       2381918.          1543.346    
      54            4.5832873E-56    4.7019822E+07  4.7019822E+07      6857.100    
      57             0.000000        1.0000000E+35  1.0000000E+35     3.1622777E+17
      60             0.000000        1.0000000E+35  1.0000000E+35     3.1622777E+17
      62             0.000000        1.0000000E+35  1.0000000E+35     3.1622777E+17
 
    Pre-calibration:- 
    Total error variance                 =  6.0317232E+07
    Total error standard deviation       =   7766.417    
 
    Post-calibration:-
    Total error variance                 =   649724.5    
    Total error standard deviation       =   806.0549    
    Minimum error variance occurs at singular value number 13.
 
 
 PREDUNC1 analysis for prediction "q8090" ----->

    Pre-calibration:- 
    Total uncertainty variance           =  6.0317233E+07
    Total uncertainty standard deviation =   7766.417    
 
    Post-calibration:-
    Total uncertainty variance           =   502779.8    
    Total uncertainty standard deviation =   709.0697    
 
 
 PREDUNC4 analysis for prediction "q8090" ----->

    Contributions to predictive uncertainty variance

    Parameter      Pre-cal             Post-cal
    group          contribution        contribution
    ---------      ------------        ------------
    ddsd             2459941.            37.50000    
    ddsw             0.000000            1107.300    
    ddgd             0.000000            0.000000    
    ddgw             0.000000            0.000000    
    rcsd             325508.0            265644.5    
    rcsw             0.000000            90028.30    
    rcrd            5.1865754E+07        255808.7    
    rcrw             0.000000            99740.50    
    rcgd             0.000000            0.000000    
    rcgw             0.000000            0.000000    
    tl               4106965.            245.2000    
    xw               0.000000            0.000000    
    yw               0.000000            0.000000    
    x                0.000000            0.000000    
    y                0.000000            0.000000    
    tlr              0.000000            0.000000    
    tls              0.000000            0.000000    
    beta             1559061.            215715.5    
 
 
 PREDUNC5 observation subtraction analysis for prediction "q8090" ----->

    Increases in predictive uncertainty variance incurred through loss of observations

    Observation_group        Variance_increase
    -----------------        -----------------
    q                          502779.8    
 
 
 PREDUNC5 observation addition analysis for prediction "q8090" ----->

    Decreases in pre-calibration predictive uncertainty variance incurred through addition of observations

    Observation_group        Variance_decrease
    -----------------        -----------------
    q                          502779.8    
