 
 
                   ###################################################
                   #                                                 #
                   #      GENLINPRED UNCERTAINTY/ERROR ANALYSIS      #
                   #                                                 #
                   ###################################################
 
 
 
                   ANALYSIS DETAILS
                   ----------------
 
    Name of PEST control file                                   : master_lu.pst
    Factor by which to multiply observation weights             : 1.0000
    Source of parameter uncertainty data                        : uncertainty file
    Name of uncertainty file                                    : master_lu.unc
 
    Perform global parameter estimability analysis              : yes
         Parameter identifiability                              : yes
         Relative parameter error reduction                     : no
         Relative parameter uncertainty reduction               : yes
 
    Analyse error/uncertainty of an entity                      : yes
         Name of entity                                         : q7940
         Type of entity                                         : prediction
         File containing prediction sensitivities               : master_lu.jco
 
         Total error variance                                   : yes
         Total uncertainty                                      : yes
 
         Parameter contributions to error variance              : no
         Parameter contributions to uncertainty                 : yes
         Parameter contributions                                : by group
 
         Observation worth in reducing error variance           : no
         Observation worth in reducing uncertainty variance     : yes
         Observation worth                                      : by group


                   ANALYSIS OF PARAMETERS
                   ----------------------


 Outcomes of running program SUPCALC ----->
 
    Number of dimensions of calibration solution space = 13
    Number of dimensions of calibration null space     = 49

 Outcomes of parameter identifiability and error/uncertainty variance reduction analysis ----->
 
    Parameter              Identifiability        Rel_uncert_var_redn
    ---------              ---------------        -------------------
    ddsd                    0.9999522              0.9990993
    ddsw                    0.9998771              0.9992743
    ddgd                    2.9322562E-29           0.000000
    ddgw                    1.9306643E-29           0.000000
    rcs1d                   2.0082607E-10          1.0000000E-07
    rcs1w                   5.0535385E-30           0.000000
    rcs2d                   1.1841782E-04          9.2247000E-03
    rcs2w                   1.2214079E-07          4.5000000E-06
    rcs3d                   3.4702995E-06          2.9660000E-04
    rcs3w                   9.2222923E-07          2.9800000E-05
    rcs4d                   3.1382979E-06          1.7230000E-04
    rcs4w                   3.2036370E-03          9.7838300E-02
    rcs5d                   4.6169531E-05          1.1033000E-03
    rcs5w                   5.2210112E-05          3.2734000E-03
    rcs6d                   4.5124087E-05          6.5950000E-04
    rcs6w                   8.7734834E-06          2.2690000E-04
    rcs7d                   1.1293993E-05          8.6000000E-05
    rcs7w                   4.7581590E-06          4.4700000E-05
    rcs8d                   0.9963128              0.9425749
    rcs8w                   0.9990829              0.9522809
    rcs9d                   0.8921299              0.8882383
    rcs9w                   0.8684632              0.8975795
    rcs10d                  0.3266528              0.5112730
    rcs10w                  0.1537409              0.4146130
    rcs11d                  8.1958242E-07          1.5000000E-06
    rcs11w                  1.8842255E-06          7.0000000E-06
    rcs12d                  5.6740911E-06          1.6500000E-05
    rcs12w                  1.1525266E-08          1.0000000E-07
    rcr1d                   9.5663125E-06          1.4900000E-05
    rcr1w                   1.5728725E-04          1.3390000E-04
    rcr2d                   0.5498031              0.5431122
    rcr2w                   0.8227982              0.6816594
    rcr3d                   0.4460958              0.4425833
    rcr3w                   0.1611730              0.1340321
    rcr4d                   2.9987348E-04          9.8900000E-04
    rcr4w                   1.4257103E-03          1.5549000E-03
    rcr5d                   7.2877689E-05          5.7310000E-04
    rcr5w                   7.2544801E-05          1.4990000E-04
    rcr6d                   1.0467360E-05          1.6180000E-04
    rcr6w                   5.5360312E-04          1.0944000E-03
    rcr7d                   1.3884207E-05          2.3820000E-04
    rcr7w                   2.5506195E-02          5.7693400E-02
    rcr8d                   3.0818250E-05          5.2960000E-04
    rcr8w                   0.9772075              0.8666551
    rcr9d                   0.9997985              0.9902571
    rcr9w                   0.8584636              0.8110560
    rcr10d                  6.0299188E-05          3.1160000E-04
    rcr10w                  0.1431696              0.3084594
    rcr11d                  2.5716653E-07          1.4000000E-06
    rcr11w                  1.9936573E-06          4.1000000E-06
    rcr12d                  3.6631795E-11           0.000000
    rcr12w                  1.9449455E-10           0.000000
    rcgd                     0.000000               0.000000
    rcgw                     0.000000               0.000000
    tl                      0.9999999              0.9999573
    xw                       0.000000               0.000000
    yw                       0.000000               0.000000
    x                        0.000000               0.000000
    y                        0.000000               0.000000
    tlr                      0.000000               0.000000
    tls                      0.000000               0.000000
    beta                    0.7735571              0.5511320
 
    Note: run IDENTPAR yourself to see identiability contributions by different solution 
    space eigencomponents.


                   ANALYSIS OF PREDICTION
                   ----------------------

 PREDVAR1 analysis for prediction "q7940" ----->

    Sing_val       Null-space       Soln-space     Total             Total
    index          term             term           variance          std_dev
    --------       ----------       ----------     --------          -------
       0            5.8545022E+09     0.000000      5.8545022E+09      76514.72    
       3            2.2627284E+07     462134.4      2.3089418E+07      4805.145    
       6             9161266.         490514.0       9651780.          3106.731    
       9             1242827.         619970.8       1862798.          1364.844    
      10             66813.14         702482.1       769295.3          877.0948    
      11             66644.43         702504.3       769148.8          877.0113    
      12             64178.78         703341.9       767520.7          876.0826    
      13             7253.805         744201.6       751455.4          866.8653    
      14             1205.907         753916.1       755122.0          868.9776    
      15             1041.114         754282.1       755323.2          869.0933    
      16             1026.805         754338.8       755365.6          869.1177    
      17             1005.362         754539.9       755545.3          869.2211    
      18             1002.774         754613.1       755615.9          869.2617    
      19             751.5282         779990.4       780741.9          883.5960    
      20             584.5645         806220.7       806805.3          898.2234    
      21             584.5625         806221.6       806806.2          898.2239    
      24             385.5665         1003532.       1003918.          1001.957    
      27             369.0956         1057570.       1057939.          1028.562    
      30             84.32045         2565302.       2565386.          1601.682    
      33             12.72418         3379213.       3379226.          1838.267    
      36             2.816144         3939095.       3939098.          1984.716    
      39             1.969298         4036247.       4036249.          2009.042    
      42            6.8870347E-02     4299627.       4299627.          2073.554    
      45            6.8620957E-02     4299917.       4299917.          2073.624    
      48            1.0522937E-05     4729745.       4729745.          2174.798    
      51            3.1184161E-23     4731011.       4731011.          2175.089    
      54            7.1644394E-56    1.2582466E+08  1.2582466E+08      11217.16    
      57             0.000000        1.0000000E+35  1.0000000E+35     3.1622777E+17
      60             0.000000        1.0000000E+35  1.0000000E+35     3.1622777E+17
      62             0.000000        1.0000000E+35  1.0000000E+35     3.1622777E+17
 
    Pre-calibration:- 
    Total error variance                 =  5.8545022E+09
    Total error standard deviation       =   76514.72    
 
    Post-calibration:-
    Total error variance                 =   751455.4    
    Total error standard deviation       =   866.8653    
    Minimum error variance occurs at singular value number 13.
 
 
 PREDUNC1 analysis for prediction "q7940" ----->

    Pre-calibration:- 
    Total uncertainty variance           =  5.8545024E+09
    Total uncertainty standard deviation =   76514.72    
 
    Post-calibration:-
    Total uncertainty variance           =   723830.7    
    Total uncertainty standard deviation =   850.7824    
 
 
 PREDUNC4 analysis for prediction "q7940" ----->

    Contributions to predictive uncertainty variance

    Parameter      Pre-cal             Post-cal
    group          contribution        contribution
    ---------      ------------        ------------
    ddsd            1.8635643E+09        932.3000    
    ddsw             0.000000            1020.300    
    ddgd             0.000000            0.000000    
    ddgw             0.000000            0.000000    
    rcsd            1.7957080E+08        139037.0    
    rcsw             0.000000            1611.400    
    rcrd            1.2468400E+07        133896.3    
    rcrw             0.000000            4745.200    
    rcgd             0.000000            0.000000    
    rcgw             0.000000            0.000000    
    tl              3.7968470E+09        57490.10    
    xw               0.000000            0.000000    
    yw               0.000000            0.000000    
    x                0.000000            0.000000    
    y                0.000000            0.000000    
    tlr              0.000000            0.000000    
    tls              0.000000            0.000000    
    beta             2051900.            9167.300    
 
 
 PREDUNC5 observation subtraction analysis for prediction "q7940" ----->

    Increases in predictive uncertainty variance incurred through loss of observations

    Observation_group        Variance_increase
    -----------------        -----------------
    q                          723830.7    
 
 
 PREDUNC5 observation addition analysis for prediction "q7940" ----->

    Decreases in pre-calibration predictive uncertainty variance incurred through addition of observations

    Observation_group        Variance_decrease
    -----------------        -----------------
    q                          723830.7    
