 
 
                   ###################################################
                   #                                                 #
                   #      GENLINPRED UNCERTAINTY/ERROR ANALYSIS      #
                   #                                                 #
                   ###################################################
 
 
 
                   ANALYSIS DETAILS
                   ----------------
 
    Name of PEST control file                                   : master_lu.pst
    Factor by which to multiply observation weights             : 1.0000
    Source of parameter uncertainty data                        : uncertainty file
    Name of uncertainty file                                    : master_lu.unc
 
    Perform global parameter estimability analysis              : yes
         Parameter identifiability                              : yes
         Relative parameter error reduction                     : no
         Relative parameter uncertainty reduction               : yes
 
    Analyse error/uncertainty of an entity                      : yes
         Name of entity                                         : q7779
         Type of entity                                         : prediction
         File containing prediction sensitivities               : master_lu.jco
 
         Total error variance                                   : yes
         Total uncertainty                                      : yes
 
         Parameter contributions to error variance              : no
         Parameter contributions to uncertainty                 : yes
         Parameter contributions                                : by group
 
         Observation worth in reducing error variance           : no
         Observation worth in reducing uncertainty variance     : yes
         Observation worth                                      : by group


                   ANALYSIS OF PARAMETERS
                   ----------------------


 Outcomes of running program SUPCALC ----->
 
    Number of dimensions of calibration solution space = 13
    Number of dimensions of calibration null space     = 49

 Outcomes of parameter identifiability and error/uncertainty variance reduction analysis ----->
 
    Parameter              Identifiability        Rel_uncert_var_redn
    ---------              ---------------        -------------------
    ddsd                    0.9999522              0.9990993
    ddsw                    0.9998771              0.9992743
    ddgd                    2.9322562E-29           0.000000
    ddgw                    1.9306643E-29           0.000000
    rcs1d                   2.0082607E-10          1.0000000E-07
    rcs1w                   5.0535385E-30           0.000000
    rcs2d                   1.1841782E-04          9.2247000E-03
    rcs2w                   1.2214079E-07          4.5000000E-06
    rcs3d                   3.4702995E-06          2.9660000E-04
    rcs3w                   9.2222923E-07          2.9800000E-05
    rcs4d                   3.1382979E-06          1.7230000E-04
    rcs4w                   3.2036370E-03          9.7838300E-02
    rcs5d                   4.6169531E-05          1.1033000E-03
    rcs5w                   5.2210112E-05          3.2734000E-03
    rcs6d                   4.5124087E-05          6.5950000E-04
    rcs6w                   8.7734834E-06          2.2690000E-04
    rcs7d                   1.1293993E-05          8.6000000E-05
    rcs7w                   4.7581590E-06          4.4700000E-05
    rcs8d                   0.9963128              0.9425749
    rcs8w                   0.9990829              0.9522809
    rcs9d                   0.8921299              0.8882383
    rcs9w                   0.8684632              0.8975795
    rcs10d                  0.3266528              0.5112730
    rcs10w                  0.1537409              0.4146130
    rcs11d                  8.1958242E-07          1.5000000E-06
    rcs11w                  1.8842255E-06          7.0000000E-06
    rcs12d                  5.6740911E-06          1.6500000E-05
    rcs12w                  1.1525266E-08          1.0000000E-07
    rcr1d                   9.5663125E-06          1.4900000E-05
    rcr1w                   1.5728725E-04          1.3390000E-04
    rcr2d                   0.5498031              0.5431122
    rcr2w                   0.8227982              0.6816594
    rcr3d                   0.4460958              0.4425833
    rcr3w                   0.1611730              0.1340321
    rcr4d                   2.9987348E-04          9.8900000E-04
    rcr4w                   1.4257103E-03          1.5549000E-03
    rcr5d                   7.2877689E-05          5.7310000E-04
    rcr5w                   7.2544801E-05          1.4990000E-04
    rcr6d                   1.0467360E-05          1.6180000E-04
    rcr6w                   5.5360312E-04          1.0944000E-03
    rcr7d                   1.3884207E-05          2.3820000E-04
    rcr7w                   2.5506195E-02          5.7693400E-02
    rcr8d                   3.0818250E-05          5.2960000E-04
    rcr8w                   0.9772075              0.8666551
    rcr9d                   0.9997985              0.9902571
    rcr9w                   0.8584636              0.8110560
    rcr10d                  6.0299188E-05          3.1160000E-04
    rcr10w                  0.1431696              0.3084594
    rcr11d                  2.5716653E-07          1.4000000E-06
    rcr11w                  1.9936573E-06          4.1000000E-06
    rcr12d                  3.6631795E-11           0.000000
    rcr12w                  1.9449455E-10           0.000000
    rcgd                     0.000000               0.000000
    rcgw                     0.000000               0.000000
    tl                      0.9999999              0.9999573
    xw                       0.000000               0.000000
    yw                       0.000000               0.000000
    x                        0.000000               0.000000
    y                        0.000000               0.000000
    tlr                      0.000000               0.000000
    tls                      0.000000               0.000000
    beta                    0.7735571              0.5511320
 
    Note: run IDENTPAR yourself to see identiability contributions by different solution 
    space eigencomponents.


                   ANALYSIS OF PREDICTION
                   ----------------------

 PREDVAR1 analysis for prediction "q7779" ----->

    Sing_val       Null-space       Soln-space     Total             Total
    index          term             term           variance          std_dev
    --------       ----------       ----------     --------          -------
       0             5806182.         0.000000       5806182.          2409.602    
       3             5115739.         117.5909       5115857.          2261.826    
       6             1015103.         8334.026       1023437.          1011.651    
       7             883572.7         9159.150       892731.8          944.8449    
       8             616115.6         14640.57       630756.1          794.2015    
       9             615858.8         14654.09       630512.9          794.0484    
      10             615591.0         14672.87       630263.9          793.8916    
      11             608740.3         15573.74       624314.0          790.1354    
      12             596940.6         19582.05       616522.6          785.1895    
      13             153732.2         337708.7       491440.9          701.0285    
      14             73500.64         466581.6       540082.2          734.9029    
      15             1441.593         626625.5       628067.1          792.5068    
      16             1421.386         626705.6       628127.0          792.5446    
      17             106.3686         639039.9       639146.3          799.4663    
      18             106.3677         639039.9       639146.3          799.4663    
      21             27.29904         649036.6       649063.9          805.6450    
      24             2.000634         668590.5       668592.5          817.6751    
      27             1.090041         672238.6       672239.7          819.9023    
      30             1.026845         672668.2       672669.3          820.1642    
      33            0.6055567         681820.7       681821.3          825.7247    
      36            0.3982965         694547.2       694547.6          833.3952    
      39            6.0859197E-02     732396.4       732396.4          855.8016    
      42            4.2589253E-02     737580.6       737580.6          858.8251    
      45            6.0099166E-03     764933.5       764933.6          874.6048    
      48            6.3021144E-05     790753.5       790753.5          889.2432    
      51            1.6777560E-25     797566.0       797566.0          893.0655    
      54            2.3287061E-57     2884956.       2884956.          1698.516    
      57             0.000000        1.0000000E+35  1.0000000E+35     3.1622777E+17
      60             0.000000        1.0000000E+35  1.0000000E+35     3.1622777E+17
      62             0.000000        1.0000000E+35  1.0000000E+35     3.1622777E+17
 
    Pre-calibration:- 
    Total error variance                 =   5806182.    
    Total error standard deviation       =   2409.602    
 
    Post-calibration:-
    Total error variance                 =   491440.9    
    Total error standard deviation       =   701.0285    
    Minimum error variance occurs at singular value number 13.
 
 
 PREDUNC1 analysis for prediction "q7779" ----->

    Pre-calibration:- 
    Total uncertainty variance           =   5806182.    
    Total uncertainty standard deviation =   2409.602    
 
    Post-calibration:-
    Total uncertainty variance           =   303968.6    
    Total uncertainty standard deviation =   551.3335    
 
 
 PREDUNC4 analysis for prediction "q7779" ----->

    Contributions to predictive uncertainty variance

    Parameter      Pre-cal             Post-cal
    group          contribution        contribution
    ---------      ------------        ------------
    ddsd             1536911.            620.9000    
    ddsw             0.000000            1532.900    
    ddgd             0.000000            0.000000    
    ddgw             0.000000            0.000000    
    rcsd             59437.00            139261.2    
    rcsw             0.000000            121854.7    
    rcrd             3217794.            151136.1    
    rcrw             0.000000            132293.1    
    rcgd             0.000000            0.000000    
    rcgw             0.000000            0.000000    
    tl               69245.00            44.60000    
    xw               0.000000            0.000000    
    yw               0.000000            0.000000    
    x                0.000000            0.000000    
    y                0.000000            0.000000    
    tlr              0.000000            0.000000    
    tls              0.000000            0.000000    
    beta             922796.0            288498.8    
 
 
 PREDUNC5 observation subtraction analysis for prediction "q7779" ----->

    Increases in predictive uncertainty variance incurred through loss of observations

    Observation_group        Variance_increase
    -----------------        -----------------
    q                          303968.6    
 
 
 PREDUNC5 observation addition analysis for prediction "q7779" ----->

    Decreases in pre-calibration predictive uncertainty variance incurred through addition of observations

    Observation_group        Variance_decrease
    -----------------        -----------------
    q                          303968.6    
