 
 
                   ###################################################
                   #                                                 #
                   #      GENLINPRED UNCERTAINTY/ERROR ANALYSIS      #
                   #                                                 #
                   ###################################################
 
 
 
                   ANALYSIS DETAILS
                   ----------------
 
    Name of PEST control file                                   : master_lu.pst
    Factor by which to multiply observation weights             : 1.0000
    Source of parameter uncertainty data                        : uncertainty file
    Name of uncertainty file                                    : master_lu.unc
 
    Perform global parameter estimability analysis              : yes
         Parameter identifiability                              : yes
         Relative parameter error reduction                     : no
         Relative parameter uncertainty reduction               : yes
 
    Analyse error/uncertainty of an entity                      : yes
         Name of entity                                         : q7989
         Type of entity                                         : prediction
         File containing prediction sensitivities               : master_lu.jco
 
         Total error variance                                   : yes
         Total uncertainty                                      : yes
 
         Parameter contributions to error variance              : no
         Parameter contributions to uncertainty                 : yes
         Parameter contributions                                : by group
 
         Observation worth in reducing error variance           : no
         Observation worth in reducing uncertainty variance     : yes
         Observation worth                                      : by group


                   ANALYSIS OF PARAMETERS
                   ----------------------


 Outcomes of running program SUPCALC ----->
 
    Number of dimensions of calibration solution space = 13
    Number of dimensions of calibration null space     = 49

 Outcomes of parameter identifiability and error/uncertainty variance reduction analysis ----->
 
    Parameter              Identifiability        Rel_uncert_var_redn
    ---------              ---------------        -------------------
    ddsd                    0.9999522              0.9990993
    ddsw                    0.9998771              0.9992743
    ddgd                    2.9322562E-29           0.000000
    ddgw                    1.9306643E-29           0.000000
    rcs1d                   2.0082607E-10          1.0000000E-07
    rcs1w                   5.0535385E-30           0.000000
    rcs2d                   1.1841782E-04          9.2247000E-03
    rcs2w                   1.2214079E-07          4.5000000E-06
    rcs3d                   3.4702995E-06          2.9660000E-04
    rcs3w                   9.2222923E-07          2.9800000E-05
    rcs4d                   3.1382979E-06          1.7230000E-04
    rcs4w                   3.2036370E-03          9.7838300E-02
    rcs5d                   4.6169531E-05          1.1033000E-03
    rcs5w                   5.2210112E-05          3.2734000E-03
    rcs6d                   4.5124087E-05          6.5950000E-04
    rcs6w                   8.7734834E-06          2.2690000E-04
    rcs7d                   1.1293993E-05          8.6000000E-05
    rcs7w                   4.7581590E-06          4.4700000E-05
    rcs8d                   0.9963128              0.9425749
    rcs8w                   0.9990829              0.9522809
    rcs9d                   0.8921299              0.8882383
    rcs9w                   0.8684632              0.8975795
    rcs10d                  0.3266528              0.5112730
    rcs10w                  0.1537409              0.4146130
    rcs11d                  8.1958242E-07          1.5000000E-06
    rcs11w                  1.8842255E-06          7.0000000E-06
    rcs12d                  5.6740911E-06          1.6500000E-05
    rcs12w                  1.1525266E-08          1.0000000E-07
    rcr1d                   9.5663125E-06          1.4900000E-05
    rcr1w                   1.5728725E-04          1.3390000E-04
    rcr2d                   0.5498031              0.5431122
    rcr2w                   0.8227982              0.6816594
    rcr3d                   0.4460958              0.4425833
    rcr3w                   0.1611730              0.1340321
    rcr4d                   2.9987348E-04          9.8900000E-04
    rcr4w                   1.4257103E-03          1.5549000E-03
    rcr5d                   7.2877689E-05          5.7310000E-04
    rcr5w                   7.2544801E-05          1.4990000E-04
    rcr6d                   1.0467360E-05          1.6180000E-04
    rcr6w                   5.5360312E-04          1.0944000E-03
    rcr7d                   1.3884207E-05          2.3820000E-04
    rcr7w                   2.5506195E-02          5.7693400E-02
    rcr8d                   3.0818250E-05          5.2960000E-04
    rcr8w                   0.9772075              0.8666551
    rcr9d                   0.9997985              0.9902571
    rcr9w                   0.8584636              0.8110560
    rcr10d                  6.0299188E-05          3.1160000E-04
    rcr10w                  0.1431696              0.3084594
    rcr11d                  2.5716653E-07          1.4000000E-06
    rcr11w                  1.9936573E-06          4.1000000E-06
    rcr12d                  3.6631795E-11           0.000000
    rcr12w                  1.9449455E-10           0.000000
    rcgd                     0.000000               0.000000
    rcgw                     0.000000               0.000000
    tl                      0.9999999              0.9999573
    xw                       0.000000               0.000000
    yw                       0.000000               0.000000
    x                        0.000000               0.000000
    y                        0.000000               0.000000
    tlr                      0.000000               0.000000
    tls                      0.000000               0.000000
    beta                    0.7735571              0.5511320
 
    Note: run IDENTPAR yourself to see identiability contributions by different solution 
    space eigencomponents.


                   ANALYSIS OF PREDICTION
                   ----------------------

 PREDVAR1 analysis for prediction "q7989" ----->

    Sing_val       Null-space       Soln-space     Total             Total
    index          term             term           variance          std_dev
    --------       ----------       ----------     --------          -------
       0            2.9602601E+09     0.000000      2.9602601E+09      54408.27    
       3            5.0177277E+08     94939.70      5.0186771E+08      22402.40    
       6            2.9639598E+08     509697.3      2.9690568E+08      17230.95    
       7            3.9085415E+07     2123873.      4.1209288E+07      6419.446    
       8             3358305.         2856085.       6214391.          2492.868    
       9             3331001.         2857522.       6188524.          2487.674    
      10             86227.45         3085182.       3171409.          1780.845    
      11             86188.59         3085187.       3171375.          1780.835    
      12             85472.10         3085430.       3170902.          1780.703    
      13             74204.32         3093518.       3167722.          1779.810    
      14             11478.81         3194271.       3205750.          1790.461    
      15             726.2096         3218153.       3218879.          1794.123    
      16             672.0633         3218368.       3219040.          1794.168    
      17             600.0821         3219043.       3219643.          1794.336    
      18             596.1342         3219155.       3219751.          1794.366    
      21             376.7510         3242547.       3242924.          1800.812    
      24             29.70793         3527343.       3527373.          1878.130    
      27             23.95366         3542331.       3542355.          1882.115    
      30             7.265071         3630760.       3630768.          1905.457    
      33             6.168724         3655866.       3655872.          1912.033    
      36             4.337344         3759296.       3759301.          1938.892    
      39             4.240428         3769349.       3769354.          1941.482    
      42             4.214949         3777565.       3777569.          1943.597    
      45             4.199948         3795056.       3795060.          1948.091    
      48            5.5812725E-05    2.1759805E+07  2.1759805E+07      4664.741    
      51            1.1794602E-23    2.2218151E+07  2.2218151E+07      4713.613    
      54            7.8604561E-56    2.4763028E+08  2.4763028E+08      15736.27    
      57             0.000000        1.0000000E+35  1.0000000E+35     3.1622777E+17
      60             0.000000        1.0000000E+35  1.0000000E+35     3.1622777E+17
      62             0.000000        1.0000000E+35  1.0000000E+35     3.1622777E+17
 
    Pre-calibration:- 
    Total error variance                 =  2.9602601E+09
    Total error standard deviation       =   54408.27    
 
    Post-calibration:-
    Total error variance                 =   3167722.    
    Total error standard deviation       =   1779.810    
    Minimum error variance occurs at singular value number 13.
 
 
 PREDUNC1 analysis for prediction "q7989" ----->

    Pre-calibration:- 
    Total uncertainty variance           =  2.9602598E+09
    Total uncertainty standard deviation =   54408.27    
 
    Post-calibration:-
    Total uncertainty variance           =   3096241.    
    Total uncertainty standard deviation =   1759.614    
 
 
 PREDUNC4 analysis for prediction "q7989" ----->

    Contributions to predictive uncertainty variance

    Parameter      Pre-cal             Post-cal
    group          contribution        contribution
    ---------      ------------        ------------
    ddsd            6.0466800E+07        424516.0    
    ddsw             0.000000            1735.000    
    ddgd             0.000000            0.000000    
    ddgw             0.000000            0.000000    
    rcsd            4.3896150E+08        1861753.    
    rcsw             0.000000            1143.000    
    rcrd             6497700.            773323.0    
    rcrw             0.000000            902.0000    
    rcgd             0.000000            0.000000    
    rcgw             0.000000            0.000000    
    tl              2.4492799E+09        81844.00    
    xw               0.000000            0.000000    
    yw               0.000000            0.000000    
    x                0.000000            0.000000    
    y                0.000000            0.000000    
    tlr              0.000000            0.000000    
    tls              0.000000            0.000000    
    beta             5054200.            857.0000    
 
 
 PREDUNC5 observation subtraction analysis for prediction "q7989" ----->

    Increases in predictive uncertainty variance incurred through loss of observations

    Observation_group        Variance_increase
    -----------------        -----------------
    q                          3096241.    
 
 
 PREDUNC5 observation addition analysis for prediction "q7989" ----->

    Decreases in pre-calibration predictive uncertainty variance incurred through addition of observations

    Observation_group        Variance_decrease
    -----------------        -----------------
    q                          3096241.    
