 
 
                   ###################################################
                   #                                                 #
                   #      GENLINPRED UNCERTAINTY/ERROR ANALYSIS      #
                   #                                                 #
                   ###################################################
 
 
 
                   ANALYSIS DETAILS
                   ----------------
 
    Name of PEST control file                                   : master_lu.pst
    Factor by which to multiply observation weights             : 1.0000
    Source of parameter uncertainty data                        : uncertainty file
    Name of uncertainty file                                    : master_lu.unc
 
    Perform global parameter estimability analysis              : yes
         Parameter identifiability                              : yes
         Relative parameter error reduction                     : no
         Relative parameter uncertainty reduction               : yes
 
    Analyse error/uncertainty of an entity                      : yes
         Name of entity                                         : q7871
         Type of entity                                         : prediction
         File containing prediction sensitivities               : master_lu.jco
 
         Total error variance                                   : yes
         Total uncertainty                                      : yes
 
         Parameter contributions to error variance              : no
         Parameter contributions to uncertainty                 : yes
         Parameter contributions                                : by group
 
         Observation worth in reducing error variance           : no
         Observation worth in reducing uncertainty variance     : yes
         Observation worth                                      : by group


                   ANALYSIS OF PARAMETERS
                   ----------------------


 Outcomes of running program SUPCALC ----->
 
    Number of dimensions of calibration solution space = 13
    Number of dimensions of calibration null space     = 49

 Outcomes of parameter identifiability and error/uncertainty variance reduction analysis ----->
 
    Parameter              Identifiability        Rel_uncert_var_redn
    ---------              ---------------        -------------------
    ddsd                    0.9999522              0.9990993
    ddsw                    0.9998771              0.9992743
    ddgd                    2.9322562E-29           0.000000
    ddgw                    1.9306643E-29           0.000000
    rcs1d                   2.0082607E-10          1.0000000E-07
    rcs1w                   5.0535385E-30           0.000000
    rcs2d                   1.1841782E-04          9.2247000E-03
    rcs2w                   1.2214079E-07          4.5000000E-06
    rcs3d                   3.4702995E-06          2.9660000E-04
    rcs3w                   9.2222923E-07          2.9800000E-05
    rcs4d                   3.1382979E-06          1.7230000E-04
    rcs4w                   3.2036370E-03          9.7838300E-02
    rcs5d                   4.6169531E-05          1.1033000E-03
    rcs5w                   5.2210112E-05          3.2734000E-03
    rcs6d                   4.5124087E-05          6.5950000E-04
    rcs6w                   8.7734834E-06          2.2690000E-04
    rcs7d                   1.1293993E-05          8.6000000E-05
    rcs7w                   4.7581590E-06          4.4700000E-05
    rcs8d                   0.9963128              0.9425749
    rcs8w                   0.9990829              0.9522809
    rcs9d                   0.8921299              0.8882383
    rcs9w                   0.8684632              0.8975795
    rcs10d                  0.3266528              0.5112730
    rcs10w                  0.1537409              0.4146130
    rcs11d                  8.1958242E-07          1.5000000E-06
    rcs11w                  1.8842255E-06          7.0000000E-06
    rcs12d                  5.6740911E-06          1.6500000E-05
    rcs12w                  1.1525266E-08          1.0000000E-07
    rcr1d                   9.5663125E-06          1.4900000E-05
    rcr1w                   1.5728725E-04          1.3390000E-04
    rcr2d                   0.5498031              0.5431122
    rcr2w                   0.8227982              0.6816594
    rcr3d                   0.4460958              0.4425833
    rcr3w                   0.1611730              0.1340321
    rcr4d                   2.9987348E-04          9.8900000E-04
    rcr4w                   1.4257103E-03          1.5549000E-03
    rcr5d                   7.2877689E-05          5.7310000E-04
    rcr5w                   7.2544801E-05          1.4990000E-04
    rcr6d                   1.0467360E-05          1.6180000E-04
    rcr6w                   5.5360312E-04          1.0944000E-03
    rcr7d                   1.3884207E-05          2.3820000E-04
    rcr7w                   2.5506195E-02          5.7693400E-02
    rcr8d                   3.0818250E-05          5.2960000E-04
    rcr8w                   0.9772075              0.8666551
    rcr9d                   0.9997985              0.9902571
    rcr9w                   0.8584636              0.8110560
    rcr10d                  6.0299188E-05          3.1160000E-04
    rcr10w                  0.1431696              0.3084594
    rcr11d                  2.5716653E-07          1.4000000E-06
    rcr11w                  1.9936573E-06          4.1000000E-06
    rcr12d                  3.6631795E-11           0.000000
    rcr12w                  1.9449455E-10           0.000000
    rcgd                     0.000000               0.000000
    rcgw                     0.000000               0.000000
    tl                      0.9999999              0.9999573
    xw                       0.000000               0.000000
    yw                       0.000000               0.000000
    x                        0.000000               0.000000
    y                        0.000000               0.000000
    tlr                      0.000000               0.000000
    tls                      0.000000               0.000000
    beta                    0.7735571              0.5511320
 
    Note: run IDENTPAR yourself to see identiability contributions by different solution 
    space eigencomponents.


                   ANALYSIS OF PREDICTION
                   ----------------------

 PREDVAR1 analysis for prediction "q7871" ----->

    Sing_val       Null-space       Soln-space     Total             Total
    index          term             term           variance          std_dev
    --------       ----------       ----------     --------          -------
       0            1.3616411E+08     0.000000      1.3616411E+08      11668.94    
       3            6.0154323E+07     10653.09      6.0164976E+07      7756.609    
       6            3.2605667E+07     65932.45      3.2671600E+07      5715.908    
       7             9436087.         211281.2       9647368.          3106.021    
       8             117600.5         402259.8       519860.2          721.0133    
       9             117371.5         402271.8       519643.3          720.8629    
      10             86151.53         404462.3       490613.8          700.4383    
      11             85113.77         404598.7       489712.5          699.7946    
      12             83822.81         405037.3       488860.1          699.1853    
      13             25702.81         446754.7       472457.5          687.3554    
      14             13144.59         466926.5       480071.1          692.8716    
      15             2059.469         491546.7       493606.1          702.5711    
      16             2057.100         491556.1       493613.2          702.5761    
      17             1867.222         493337.0       495204.3          703.7075    
      18             1867.178         493338.3       495205.4          703.7083    
      21             267.5959         672494.6       672762.2          820.2208    
      24             9.605427         853758.3       853767.9          923.9956    
      27             8.042207         858654.9       858663.0          926.6407    
      30             7.713707         860476.2       860483.9          927.6227    
      33             1.173729         951320.6       951321.8          975.3573    
      36            0.8593865         968878.8       968879.7          984.3169    
      39            0.7079291         986180.7       986181.5          993.0667    
      42            1.4629042E-02     1086370.       1086370.          1042.291    
      45            6.4825302E-03     1092157.       1092157.          1045.063    
      48            2.1632105E-05     1135293.       1135293.          1065.501    
      51            8.5767015E-24     1282555.       1282555.          1132.499    
      54            5.0988590E-56    1.0795077E+08  1.0795077E+08      10389.94    
      57             0.000000        1.0000000E+35  1.0000000E+35     3.1622777E+17
      60             0.000000        1.0000000E+35  1.0000000E+35     3.1622777E+17
      62             0.000000        1.0000000E+35  1.0000000E+35     3.1622777E+17
 
    Pre-calibration:- 
    Total error variance                 =  1.3616411E+08
    Total error standard deviation       =   11668.94    
 
    Post-calibration:-
    Total error variance                 =   472457.5    
    Total error standard deviation       =   687.3554    
    Minimum error variance occurs at singular value number 13.
 
 
 PREDUNC1 analysis for prediction "q7871" ----->

    Pre-calibration:- 
    Total uncertainty variance           =  1.3616416E+08
    Total uncertainty standard deviation =   11668.94    
 
    Post-calibration:-
    Total uncertainty variance           =   441606.4    
    Total uncertainty standard deviation =   664.5347    
 
 
 PREDUNC4 analysis for prediction "q7871" ----->

    Contributions to predictive uncertainty variance

    Parameter      Pre-cal             Post-cal
    group          contribution        contribution
    ---------      ------------        ------------
    ddsd            3.5838590E+07        728.9000    
    ddsw             0.000000            395.6000    
    ddgd             0.000000            0.000000    
    ddgw             0.000000            0.000000    
    rcsd             3850070.            18126.80    
    rcsw             0.000000            19458.20    
    rcrd            7.3554461E+07        150356.5    
    rcrw             0.000000            20418.30    
    rcgd             0.000000            0.000000    
    rcgw             0.000000            0.000000    
    tl              2.0881540E+07        381.6000    
    xw               0.000000            0.000000    
    yw               0.000000            0.000000    
    x                0.000000            0.000000    
    y                0.000000            0.000000    
    tlr              0.000000            0.000000    
    tls              0.000000            0.000000    
    beta             2039440.            44339.50    
 
 
 PREDUNC5 observation subtraction analysis for prediction "q7871" ----->

    Increases in predictive uncertainty variance incurred through loss of observations

    Observation_group        Variance_increase
    -----------------        -----------------
    q                          441606.4    
 
 
 PREDUNC5 observation addition analysis for prediction "q7871" ----->

    Decreases in pre-calibration predictive uncertainty variance incurred through addition of observations

    Observation_group        Variance_decrease
    -----------------        -----------------
    q                          441606.4    
