 
 
                   ###################################################
                   #                                                 #
                   #      GENLINPRED UNCERTAINTY/ERROR ANALYSIS      #
                   #                                                 #
                   ###################################################
 
 
 
                   ANALYSIS DETAILS
                   ----------------
 
    Name of PEST control file                                   : master_lu.pst
    Factor by which to multiply observation weights             : 1.0000
    Source of parameter uncertainty data                        : uncertainty file
    Name of uncertainty file                                    : master_lu.unc
 
    Perform global parameter estimability analysis              : yes
         Parameter identifiability                              : yes
         Relative parameter error reduction                     : no
         Relative parameter uncertainty reduction               : yes
 
    Analyse error/uncertainty of an entity                      : yes
         Name of entity                                         : q8028
         Type of entity                                         : prediction
         File containing prediction sensitivities               : master_lu.jco
 
         Total error variance                                   : yes
         Total uncertainty                                      : yes
 
         Parameter contributions to error variance              : no
         Parameter contributions to uncertainty                 : yes
         Parameter contributions                                : by group
 
         Observation worth in reducing error variance           : no
         Observation worth in reducing uncertainty variance     : yes
         Observation worth                                      : by group


                   ANALYSIS OF PARAMETERS
                   ----------------------


 Outcomes of running program SUPCALC ----->
 
    Number of dimensions of calibration solution space = 13
    Number of dimensions of calibration null space     = 49

 Outcomes of parameter identifiability and error/uncertainty variance reduction analysis ----->
 
    Parameter              Identifiability        Rel_uncert_var_redn
    ---------              ---------------        -------------------
    ddsd                    0.9999522              0.9990993
    ddsw                    0.9998771              0.9992743
    ddgd                    2.9322562E-29           0.000000
    ddgw                    1.9306643E-29           0.000000
    rcs1d                   2.0082607E-10          1.0000000E-07
    rcs1w                   5.0535385E-30           0.000000
    rcs2d                   1.1841782E-04          9.2247000E-03
    rcs2w                   1.2214079E-07          4.5000000E-06
    rcs3d                   3.4702995E-06          2.9660000E-04
    rcs3w                   9.2222923E-07          2.9800000E-05
    rcs4d                   3.1382979E-06          1.7230000E-04
    rcs4w                   3.2036370E-03          9.7838300E-02
    rcs5d                   4.6169531E-05          1.1033000E-03
    rcs5w                   5.2210112E-05          3.2734000E-03
    rcs6d                   4.5124087E-05          6.5950000E-04
    rcs6w                   8.7734834E-06          2.2690000E-04
    rcs7d                   1.1293993E-05          8.6000000E-05
    rcs7w                   4.7581590E-06          4.4700000E-05
    rcs8d                   0.9963128              0.9425749
    rcs8w                   0.9990829              0.9522809
    rcs9d                   0.8921299              0.8882383
    rcs9w                   0.8684632              0.8975795
    rcs10d                  0.3266528              0.5112730
    rcs10w                  0.1537409              0.4146130
    rcs11d                  8.1958242E-07          1.5000000E-06
    rcs11w                  1.8842255E-06          7.0000000E-06
    rcs12d                  5.6740911E-06          1.6500000E-05
    rcs12w                  1.1525266E-08          1.0000000E-07
    rcr1d                   9.5663125E-06          1.4900000E-05
    rcr1w                   1.5728725E-04          1.3390000E-04
    rcr2d                   0.5498031              0.5431122
    rcr2w                   0.8227982              0.6816594
    rcr3d                   0.4460958              0.4425833
    rcr3w                   0.1611730              0.1340321
    rcr4d                   2.9987348E-04          9.8900000E-04
    rcr4w                   1.4257103E-03          1.5549000E-03
    rcr5d                   7.2877689E-05          5.7310000E-04
    rcr5w                   7.2544801E-05          1.4990000E-04
    rcr6d                   1.0467360E-05          1.6180000E-04
    rcr6w                   5.5360312E-04          1.0944000E-03
    rcr7d                   1.3884207E-05          2.3820000E-04
    rcr7w                   2.5506195E-02          5.7693400E-02
    rcr8d                   3.0818250E-05          5.2960000E-04
    rcr8w                   0.9772075              0.8666551
    rcr9d                   0.9997985              0.9902571
    rcr9w                   0.8584636              0.8110560
    rcr10d                  6.0299188E-05          3.1160000E-04
    rcr10w                  0.1431696              0.3084594
    rcr11d                  2.5716653E-07          1.4000000E-06
    rcr11w                  1.9936573E-06          4.1000000E-06
    rcr12d                  3.6631795E-11           0.000000
    rcr12w                  1.9449455E-10           0.000000
    rcgd                     0.000000               0.000000
    rcgw                     0.000000               0.000000
    tl                      0.9999999              0.9999573
    xw                       0.000000               0.000000
    yw                       0.000000               0.000000
    x                        0.000000               0.000000
    y                        0.000000               0.000000
    tlr                      0.000000               0.000000
    tls                      0.000000               0.000000
    beta                    0.7735571              0.5511320
 
    Note: run IDENTPAR yourself to see identiability contributions by different solution 
    space eigencomponents.


                   ANALYSIS OF PREDICTION
                   ----------------------

 PREDVAR1 analysis for prediction "q8028" ----->

    Sing_val       Null-space       Soln-space     Total             Total
    index          term             term           variance          std_dev
    --------       ----------       ----------     --------          -------
       0            5.7865135E+08     0.000000      5.7865135E+08      24055.17    
       3            1.7378985E+08     22945.18      1.7381279E+08      13183.81    
       6            1.5395847E+07     340870.5      1.5736717E+07      3966.953    
       9             311525.5         449061.4       760587.0          872.1164    
      10             288425.7         450682.2       739107.9          859.7138    
      11             283809.9         451289.1       735099.0          857.3791    
      12             279031.1         452912.5       731943.6          855.5370    
      13             61761.04         608864.8       670625.9          818.9175    
      14             32030.52         656619.8       688650.4          829.8496    
      15             751.7699         726090.3       726842.1          852.5504    
      16             747.3233         726107.9       726855.2          852.5580    
      17             170.6068         731517.3       731687.9          855.3876    
      18             170.3862         731523.5       731693.9          855.3911    
      19             146.1885         733967.6       734113.8          856.8044    
      20             142.7364         734509.9       734652.7          857.1188    
      21             138.8458         736312.8       736451.6          858.1676    
      24             48.61738         798858.2       798906.9          893.8159    
      27             2.501090         986602.8       986605.3          993.2801    
      30             2.390138         987339.0       987341.4          993.6505    
      33             1.101861         1004393.       1004394.          1002.195    
      36            0.9321419         1014588.       1014589.          1007.268    
      39            0.6852269         1042606.       1042607.          1021.081    
      42            0.5237113         1078022.       1078022.          1038.278    
      45            0.5034592         1091577.       1091577.          1044.786    
      48            9.5702155E-05     3223544.       3223544.          1795.423    
      51            3.1512085E-24     3442333.       3442333.          1855.353    
      54            1.1336799E-56     4091997.       4091997.          2022.869    
      57             0.000000        1.0000000E+35  1.0000000E+35     3.1622777E+17
      60             0.000000        1.0000000E+35  1.0000000E+35     3.1622777E+17
      62             0.000000        1.0000000E+35  1.0000000E+35     3.1622777E+17
 
    Pre-calibration:- 
    Total error variance                 =  5.7865135E+08
    Total error standard deviation       =   24055.17    
 
    Post-calibration:-
    Total error variance                 =   670625.9    
    Total error standard deviation       =   818.9175    
    Minimum error variance occurs at singular value number 13.
 
 
 PREDUNC1 analysis for prediction "q8028" ----->

    Pre-calibration:- 
    Total uncertainty variance           =  5.7865120E+08
    Total uncertainty standard deviation =   24055.17    
 
    Post-calibration:-
    Total uncertainty variance           =   582112.1    
    Total uncertainty standard deviation =   762.9627    
 
 
 PREDUNC4 analysis for prediction "q8028" ----->

    Contributions to predictive uncertainty variance

    Parameter      Pre-cal             Post-cal
    group          contribution        contribution
    ---------      ------------        ------------
    ddsd            1.5260650E+08        144642.4    
    ddsw             0.000000            1364.800    
    ddgd             0.000000            0.000000    
    ddgw             0.000000            0.000000    
    rcsd            3.9108640E+07        9973.100    
    rcsw             0.000000            60250.30    
    rcrd            5.8115400E+07        111013.7    
    rcrw             0.000000            61067.70    
    rcgd             0.000000            0.000000    
    rcgw             0.000000            0.000000    
    tl              3.2598267E+08        3422.600    
    xw               0.000000            0.000000    
    yw               0.000000            0.000000    
    x                0.000000            0.000000    
    y                0.000000            0.000000    
    tlr              0.000000            0.000000    
    tls              0.000000            0.000000    
    beta             2838160.            133572.7    
 
 
 PREDUNC5 observation subtraction analysis for prediction "q8028" ----->

    Increases in predictive uncertainty variance incurred through loss of observations

    Observation_group        Variance_increase
    -----------------        -----------------
    q                          582112.1    
 
 
 PREDUNC5 observation addition analysis for prediction "q8028" ----->

    Decreases in pre-calibration predictive uncertainty variance incurred through addition of observations

    Observation_group        Variance_decrease
    -----------------        -----------------
    q                          582112.1    
