 
 
                   ###################################################
                   #                                                 #
                   #      GENLINPRED UNCERTAINTY/ERROR ANALYSIS      #
                   #                                                 #
                   ###################################################
 
 
 
                   ANALYSIS DETAILS
                   ----------------
 
    Name of PEST control file                                   : master_lu.pst
    Factor by which to multiply observation weights             : 1.0000
    Source of parameter uncertainty data                        : uncertainty file
    Name of uncertainty file                                    : master_lu.unc
 
    Perform global parameter estimability analysis              : yes
         Parameter identifiability                              : yes
         Relative parameter error reduction                     : no
         Relative parameter uncertainty reduction               : yes
 
    Analyse error/uncertainty of an entity                      : yes
         Name of entity                                         : q8094
         Type of entity                                         : prediction
         File containing prediction sensitivities               : master_lu.jco
 
         Total error variance                                   : yes
         Total uncertainty                                      : yes
 
         Parameter contributions to error variance              : no
         Parameter contributions to uncertainty                 : yes
         Parameter contributions                                : by group
 
         Observation worth in reducing error variance           : no
         Observation worth in reducing uncertainty variance     : yes
         Observation worth                                      : by group


                   ANALYSIS OF PARAMETERS
                   ----------------------


 Outcomes of running program SUPCALC ----->
 
    Number of dimensions of calibration solution space = 13
    Number of dimensions of calibration null space     = 49

 Outcomes of parameter identifiability and error/uncertainty variance reduction analysis ----->
 
    Parameter              Identifiability        Rel_uncert_var_redn
    ---------              ---------------        -------------------
    ddsd                    0.9999522              0.9990993
    ddsw                    0.9998771              0.9992743
    ddgd                    2.9322562E-29           0.000000
    ddgw                    1.9306643E-29           0.000000
    rcs1d                   2.0082607E-10          1.0000000E-07
    rcs1w                   5.0535385E-30           0.000000
    rcs2d                   1.1841782E-04          9.2247000E-03
    rcs2w                   1.2214079E-07          4.5000000E-06
    rcs3d                   3.4702995E-06          2.9660000E-04
    rcs3w                   9.2222923E-07          2.9800000E-05
    rcs4d                   3.1382979E-06          1.7230000E-04
    rcs4w                   3.2036370E-03          9.7838300E-02
    rcs5d                   4.6169531E-05          1.1033000E-03
    rcs5w                   5.2210112E-05          3.2734000E-03
    rcs6d                   4.5124087E-05          6.5950000E-04
    rcs6w                   8.7734834E-06          2.2690000E-04
    rcs7d                   1.1293993E-05          8.6000000E-05
    rcs7w                   4.7581590E-06          4.4700000E-05
    rcs8d                   0.9963128              0.9425749
    rcs8w                   0.9990829              0.9522809
    rcs9d                   0.8921299              0.8882383
    rcs9w                   0.8684632              0.8975795
    rcs10d                  0.3266528              0.5112730
    rcs10w                  0.1537409              0.4146130
    rcs11d                  8.1958242E-07          1.5000000E-06
    rcs11w                  1.8842255E-06          7.0000000E-06
    rcs12d                  5.6740911E-06          1.6500000E-05
    rcs12w                  1.1525266E-08          1.0000000E-07
    rcr1d                   9.5663125E-06          1.4900000E-05
    rcr1w                   1.5728725E-04          1.3390000E-04
    rcr2d                   0.5498031              0.5431122
    rcr2w                   0.8227982              0.6816594
    rcr3d                   0.4460958              0.4425833
    rcr3w                   0.1611730              0.1340321
    rcr4d                   2.9987348E-04          9.8900000E-04
    rcr4w                   1.4257103E-03          1.5549000E-03
    rcr5d                   7.2877689E-05          5.7310000E-04
    rcr5w                   7.2544801E-05          1.4990000E-04
    rcr6d                   1.0467360E-05          1.6180000E-04
    rcr6w                   5.5360312E-04          1.0944000E-03
    rcr7d                   1.3884207E-05          2.3820000E-04
    rcr7w                   2.5506195E-02          5.7693400E-02
    rcr8d                   3.0818250E-05          5.2960000E-04
    rcr8w                   0.9772075              0.8666551
    rcr9d                   0.9997985              0.9902571
    rcr9w                   0.8584636              0.8110560
    rcr10d                  6.0299188E-05          3.1160000E-04
    rcr10w                  0.1431696              0.3084594
    rcr11d                  2.5716653E-07          1.4000000E-06
    rcr11w                  1.9936573E-06          4.1000000E-06
    rcr12d                  3.6631795E-11           0.000000
    rcr12w                  1.9449455E-10           0.000000
    rcgd                     0.000000               0.000000
    rcgw                     0.000000               0.000000
    tl                      0.9999999              0.9999573
    xw                       0.000000               0.000000
    yw                       0.000000               0.000000
    x                        0.000000               0.000000
    y                        0.000000               0.000000
    tlr                      0.000000               0.000000
    tls                      0.000000               0.000000
    beta                    0.7735571              0.5511320
 
    Note: run IDENTPAR yourself to see identiability contributions by different solution 
    space eigencomponents.


                   ANALYSIS OF PREDICTION
                   ----------------------

 PREDVAR1 analysis for prediction "q8094" ----->

    Sing_val       Null-space       Soln-space     Total             Total
    index          term             term           variance          std_dev
    --------       ----------       ----------     --------          -------
       0            4.7400161E+07     0.000000      4.7400161E+07      6884.777    
       3            4.4305037E+07     122.5191      4.4305160E+07      6656.212    
       6            1.0332016E+07     68246.53      1.0400263E+07      3224.944    
       7             6660424.         91279.37       6751704.          2598.404    
       8             539230.3         216730.7       755961.1          869.4602    
       9             538596.9         216764.1       755361.0          869.1151    
      10             528003.5         217507.3       745510.8          863.4297    
      11             521599.1         218349.5       739948.6          860.2027    
      12             512007.3         221607.8       733615.1          856.5133    
      13             199974.8         445578.8       645553.6          803.4635    
      14             81702.34         635555.3       717257.7          846.9107    
      15             1594.050         813476.7       815070.8          902.8127    
      16             1567.413         813582.3       815149.7          902.8564    
      17             299.9328         825470.8       825770.7          908.7193    
      18             299.9297         825470.8       825770.8          908.7193    
      21             158.0286         849414.7       849572.8          921.7227    
      24             106.2374         899124.3       899230.5          948.2776    
      27             15.56592         1267595.       1267611.          1125.882    
      30             4.648036         1325462.       1325467.          1151.289    
      33             1.081470         1391211.       1391212.          1179.497    
      36            0.5923397         1419484.       1419485.          1191.421    
      39            0.1205031         1473296.       1473296.          1213.794    
      42            0.1029517         1476576.       1476576.          1215.144    
      45            8.4670538E-02     1491194.       1491194.          1221.145    
      48            4.2490781E-05     1995917.       1995917.          1412.769    
      51            2.6022005E-24     2022207.       2022207.          1422.043    
      54            3.6807351E-56    3.7846673E+07  3.7846673E+07      6151.965    
      57             0.000000        1.0000000E+35  1.0000000E+35     3.1622777E+17
      60             0.000000        1.0000000E+35  1.0000000E+35     3.1622777E+17
      62             0.000000        1.0000000E+35  1.0000000E+35     3.1622777E+17
 
    Pre-calibration:- 
    Total error variance                 =  4.7400161E+07
    Total error standard deviation       =   6884.777    
 
    Post-calibration:-
    Total error variance                 =   645553.6    
    Total error standard deviation       =   803.4635    
    Minimum error variance occurs at singular value number 13.
 
 
 PREDUNC1 analysis for prediction "q8094" ----->

    Pre-calibration:- 
    Total uncertainty variance           =  4.7400168E+07
    Total uncertainty standard deviation =   6884.778    
 
    Post-calibration:-
    Total uncertainty variance           =   477813.6    
    Total uncertainty standard deviation =   691.2406    
 
 
 PREDUNC4 analysis for prediction "q8094" ----->

    Contributions to predictive uncertainty variance

    Parameter      Pre-cal             Post-cal
    group          contribution        contribution
    ---------      ------------        ------------
    ddsd             1793384.            42.50000    
    ddsw             0.000000            1300.800    
    ddgd             0.000000            0.000000    
    ddgw             0.000000            0.000000    
    rcsd             232245.0            265042.6    
    rcsw             0.000000            104943.6    
    rcrd            4.0870578E+07        230319.7    
    rcrw             0.000000            115721.0    
    rcgd             0.000000            0.000000    
    rcgw             0.000000            0.000000    
    tl               2970848.            202.4000    
    xw               0.000000            0.000000    
    yw               0.000000            0.000000    
    x                0.000000            0.000000    
    y                0.000000            0.000000    
    tlr              0.000000            0.000000    
    tls              0.000000            0.000000    
    beta             1533104.            250733.2    
 
 
 PREDUNC5 observation subtraction analysis for prediction "q8094" ----->

    Increases in predictive uncertainty variance incurred through loss of observations

    Observation_group        Variance_increase
    -----------------        -----------------
    q                          477813.6    
 
 
 PREDUNC5 observation addition analysis for prediction "q8094" ----->

    Decreases in pre-calibration predictive uncertainty variance incurred through addition of observations

    Observation_group        Variance_decrease
    -----------------        -----------------
    q                          477813.6    
