 
 
                   ###################################################
                   #                                                 #
                   #      GENLINPRED UNCERTAINTY/ERROR ANALYSIS      #
                   #                                                 #
                   ###################################################
 
 
 
                   ANALYSIS DETAILS
                   ----------------
 
    Name of PEST control file                                   : master_lu.pst
    Factor by which to multiply observation weights             : 1.0000
    Source of parameter uncertainty data                        : uncertainty file
    Name of uncertainty file                                    : master_lu.unc
 
    Perform global parameter estimability analysis              : yes
         Parameter identifiability                              : yes
         Relative parameter error reduction                     : no
         Relative parameter uncertainty reduction               : yes
 
    Analyse error/uncertainty of an entity                      : yes
         Name of entity                                         : q8000
         Type of entity                                         : prediction
         File containing prediction sensitivities               : master_lu.jco
 
         Total error variance                                   : yes
         Total uncertainty                                      : yes
 
         Parameter contributions to error variance              : no
         Parameter contributions to uncertainty                 : yes
         Parameter contributions                                : by group
 
         Observation worth in reducing error variance           : no
         Observation worth in reducing uncertainty variance     : yes
         Observation worth                                      : by group


                   ANALYSIS OF PARAMETERS
                   ----------------------


 Outcomes of running program SUPCALC ----->
 
    Number of dimensions of calibration solution space = 13
    Number of dimensions of calibration null space     = 49

 Outcomes of parameter identifiability and error/uncertainty variance reduction analysis ----->
 
    Parameter              Identifiability        Rel_uncert_var_redn
    ---------              ---------------        -------------------
    ddsd                    0.9999522              0.9990993
    ddsw                    0.9998771              0.9992743
    ddgd                    2.9322562E-29           0.000000
    ddgw                    1.9306643E-29           0.000000
    rcs1d                   2.0082607E-10          1.0000000E-07
    rcs1w                   5.0535385E-30           0.000000
    rcs2d                   1.1841782E-04          9.2247000E-03
    rcs2w                   1.2214079E-07          4.5000000E-06
    rcs3d                   3.4702995E-06          2.9660000E-04
    rcs3w                   9.2222923E-07          2.9800000E-05
    rcs4d                   3.1382979E-06          1.7230000E-04
    rcs4w                   3.2036370E-03          9.7838300E-02
    rcs5d                   4.6169531E-05          1.1033000E-03
    rcs5w                   5.2210112E-05          3.2734000E-03
    rcs6d                   4.5124087E-05          6.5950000E-04
    rcs6w                   8.7734834E-06          2.2690000E-04
    rcs7d                   1.1293993E-05          8.6000000E-05
    rcs7w                   4.7581590E-06          4.4700000E-05
    rcs8d                   0.9963128              0.9425749
    rcs8w                   0.9990829              0.9522809
    rcs9d                   0.8921299              0.8882383
    rcs9w                   0.8684632              0.8975795
    rcs10d                  0.3266528              0.5112730
    rcs10w                  0.1537409              0.4146130
    rcs11d                  8.1958242E-07          1.5000000E-06
    rcs11w                  1.8842255E-06          7.0000000E-06
    rcs12d                  5.6740911E-06          1.6500000E-05
    rcs12w                  1.1525266E-08          1.0000000E-07
    rcr1d                   9.5663125E-06          1.4900000E-05
    rcr1w                   1.5728725E-04          1.3390000E-04
    rcr2d                   0.5498031              0.5431122
    rcr2w                   0.8227982              0.6816594
    rcr3d                   0.4460958              0.4425833
    rcr3w                   0.1611730              0.1340321
    rcr4d                   2.9987348E-04          9.8900000E-04
    rcr4w                   1.4257103E-03          1.5549000E-03
    rcr5d                   7.2877689E-05          5.7310000E-04
    rcr5w                   7.2544801E-05          1.4990000E-04
    rcr6d                   1.0467360E-05          1.6180000E-04
    rcr6w                   5.5360312E-04          1.0944000E-03
    rcr7d                   1.3884207E-05          2.3820000E-04
    rcr7w                   2.5506195E-02          5.7693400E-02
    rcr8d                   3.0818250E-05          5.2960000E-04
    rcr8w                   0.9772075              0.8666551
    rcr9d                   0.9997985              0.9902571
    rcr9w                   0.8584636              0.8110560
    rcr10d                  6.0299188E-05          3.1160000E-04
    rcr10w                  0.1431696              0.3084594
    rcr11d                  2.5716653E-07          1.4000000E-06
    rcr11w                  1.9936573E-06          4.1000000E-06
    rcr12d                  3.6631795E-11           0.000000
    rcr12w                  1.9449455E-10           0.000000
    rcgd                     0.000000               0.000000
    rcgw                     0.000000               0.000000
    tl                      0.9999999              0.9999573
    xw                       0.000000               0.000000
    yw                       0.000000               0.000000
    x                        0.000000               0.000000
    y                        0.000000               0.000000
    tlr                      0.000000               0.000000
    tls                      0.000000               0.000000
    beta                    0.7735571              0.5511320
 
    Note: run IDENTPAR yourself to see identiability contributions by different solution 
    space eigencomponents.


                   ANALYSIS OF PREDICTION
                   ----------------------

 PREDVAR1 analysis for prediction "q8000" ----->

    Sing_val       Null-space       Soln-space     Total             Total
    index          term             term           variance          std_dev
    --------       ----------       ----------     --------          -------
       0            2.3703572E+09     0.000000      2.3703572E+09      48686.31    
       3            6.0459021E+08     99331.70      6.0468954E+08      24590.44    
       6            1.4371202E+08     1024915.      1.4473693E+08      12030.67    
       7             4286541.         1899567.       6186108.          2487.189    
       8             100120.8         1985366.       2085487.          1444.122    
       9             96413.69         1985561.       2081975.          1442.905    
      10             59126.96         1988178.       2047305.          1430.841    
      11             58260.28         1988292.       2046552.          1430.578    
      12             58243.92         1988297.       2046541.          1430.574    
      13             22715.19         2013799.       2036514.          1427.065    
      14             1896.648         2047239.       2049136.          1431.480    
      15             377.0371         2050614.       2050991.          1432.128    
      16             366.7022         2050655.       2051022.          1432.139    
      17             366.0570         2050661.       2051027.          1432.141    
      18             364.9368         2050693.       2051058.          1432.152    
      21             152.6053         2082662.       2082815.          1443.196    
      24             108.5195         2111819.       2111927.          1453.247    
      27             4.900162         2533465.       2533470.          1591.688    
      30             4.578119         2535391.       2535395.          1592.292    
      33             2.746981         2557235.       2557238.          1599.137    
      36             2.703211         2559666.       2559669.          1599.897    
      39             2.425092         2591487.       2591489.          1609.810    
      42             2.211104         2628404.       2628407.          1621.236    
      45             2.208799         2630751.       2630753.          1621.960    
      48            7.9473315E-05    1.2003300E+07  1.2003300E+07      3464.578    
      51            4.5057440E-24    1.2405791E+07  1.2405791E+07      3522.186    
      54            2.0176084E-56    1.0493829E+08  1.0493829E+08      10243.94    
      57             0.000000        1.0000000E+35  1.0000000E+35     3.1622777E+17
      60             0.000000        1.0000000E+35  1.0000000E+35     3.1622777E+17
      62             0.000000        1.0000000E+35  1.0000000E+35     3.1622777E+17
 
    Pre-calibration:- 
    Total error variance                 =  2.3703572E+09
    Total error standard deviation       =   48686.31    
 
    Post-calibration:-
    Total error variance                 =   2036514.    
    Total error standard deviation       =   1427.065    
    Minimum error variance occurs at singular value number 13.
 
 
 PREDUNC1 analysis for prediction "q8000" ----->

    Pre-calibration:- 
    Total uncertainty variance           =  2.3703568E+09
    Total uncertainty standard deviation =   48686.31    
 
    Post-calibration:-
    Total uncertainty variance           =   2008155.    
    Total uncertainty standard deviation =   1417.094    
 
 
 PREDUNC4 analysis for prediction "q8000" ----->

    Contributions to predictive uncertainty variance

    Parameter      Pre-cal             Post-cal
    group          contribution        contribution
    ---------      ------------        ------------
    ddsd            6.2888300E+08        861880.0    
    ddsw             0.000000            793.0000    
    ddgd             0.000000            0.000000    
    ddgw             0.000000            0.000000    
    rcsd            2.2913170E+08        792553.0    
    rcsw             0.000000            3130.000    
    rcrd            7.8440900E+07        34104.00    
    rcrw             0.000000            1119.000    
    rcgd             0.000000            0.000000    
    rcgw             0.000000            0.000000    
    tl              1.4289594E+09        24513.00    
    xw               0.000000            0.000000    
    yw               0.000000            0.000000    
    x                0.000000            0.000000    
    y                0.000000            0.000000    
    tlr              0.000000            0.000000    
    tls              0.000000            0.000000    
    beta             4942100.            2639.000    
 
 
 PREDUNC5 observation subtraction analysis for prediction "q8000" ----->

    Increases in predictive uncertainty variance incurred through loss of observations

    Observation_group        Variance_increase
    -----------------        -----------------
    q                          2008155.    
 
 
 PREDUNC5 observation addition analysis for prediction "q8000" ----->

    Decreases in pre-calibration predictive uncertainty variance incurred through addition of observations

    Observation_group        Variance_decrease
    -----------------        -----------------
    q                          2008155.    
