 
 
                   ###################################################
                   #                                                 #
                   #      GENLINPRED UNCERTAINTY/ERROR ANALYSIS      #
                   #                                                 #
                   ###################################################
 
 
 
                   ANALYSIS DETAILS
                   ----------------
 
    Name of PEST control file                                   : master_lu.pst
    Factor by which to multiply observation weights             : 1.0000
    Source of parameter uncertainty data                        : uncertainty file
    Name of uncertainty file                                    : master_lu.unc
 
    Perform global parameter estimability analysis              : yes
         Parameter identifiability                              : yes
         Relative parameter error reduction                     : no
         Relative parameter uncertainty reduction               : yes
 
    Analyse error/uncertainty of an entity                      : yes
         Name of entity                                         : q8003
         Type of entity                                         : prediction
         File containing prediction sensitivities               : master_lu.jco
 
         Total error variance                                   : yes
         Total uncertainty                                      : yes
 
         Parameter contributions to error variance              : no
         Parameter contributions to uncertainty                 : yes
         Parameter contributions                                : by group
 
         Observation worth in reducing error variance           : no
         Observation worth in reducing uncertainty variance     : yes
         Observation worth                                      : by group


                   ANALYSIS OF PARAMETERS
                   ----------------------


 Outcomes of running program SUPCALC ----->
 
    Number of dimensions of calibration solution space = 13
    Number of dimensions of calibration null space     = 49

 Outcomes of parameter identifiability and error/uncertainty variance reduction analysis ----->
 
    Parameter              Identifiability        Rel_uncert_var_redn
    ---------              ---------------        -------------------
    ddsd                    0.9999522              0.9990993
    ddsw                    0.9998771              0.9992743
    ddgd                    2.9322562E-29           0.000000
    ddgw                    1.9306643E-29           0.000000
    rcs1d                   2.0082607E-10          1.0000000E-07
    rcs1w                   5.0535385E-30           0.000000
    rcs2d                   1.1841782E-04          9.2247000E-03
    rcs2w                   1.2214079E-07          4.5000000E-06
    rcs3d                   3.4702995E-06          2.9660000E-04
    rcs3w                   9.2222923E-07          2.9800000E-05
    rcs4d                   3.1382979E-06          1.7230000E-04
    rcs4w                   3.2036370E-03          9.7838300E-02
    rcs5d                   4.6169531E-05          1.1033000E-03
    rcs5w                   5.2210112E-05          3.2734000E-03
    rcs6d                   4.5124087E-05          6.5950000E-04
    rcs6w                   8.7734834E-06          2.2690000E-04
    rcs7d                   1.1293993E-05          8.6000000E-05
    rcs7w                   4.7581590E-06          4.4700000E-05
    rcs8d                   0.9963128              0.9425749
    rcs8w                   0.9990829              0.9522809
    rcs9d                   0.8921299              0.8882383
    rcs9w                   0.8684632              0.8975795
    rcs10d                  0.3266528              0.5112730
    rcs10w                  0.1537409              0.4146130
    rcs11d                  8.1958242E-07          1.5000000E-06
    rcs11w                  1.8842255E-06          7.0000000E-06
    rcs12d                  5.6740911E-06          1.6500000E-05
    rcs12w                  1.1525266E-08          1.0000000E-07
    rcr1d                   9.5663125E-06          1.4900000E-05
    rcr1w                   1.5728725E-04          1.3390000E-04
    rcr2d                   0.5498031              0.5431122
    rcr2w                   0.8227982              0.6816594
    rcr3d                   0.4460958              0.4425833
    rcr3w                   0.1611730              0.1340321
    rcr4d                   2.9987348E-04          9.8900000E-04
    rcr4w                   1.4257103E-03          1.5549000E-03
    rcr5d                   7.2877689E-05          5.7310000E-04
    rcr5w                   7.2544801E-05          1.4990000E-04
    rcr6d                   1.0467360E-05          1.6180000E-04
    rcr6w                   5.5360312E-04          1.0944000E-03
    rcr7d                   1.3884207E-05          2.3820000E-04
    rcr7w                   2.5506195E-02          5.7693400E-02
    rcr8d                   3.0818250E-05          5.2960000E-04
    rcr8w                   0.9772075              0.8666551
    rcr9d                   0.9997985              0.9902571
    rcr9w                   0.8584636              0.8110560
    rcr10d                  6.0299188E-05          3.1160000E-04
    rcr10w                  0.1431696              0.3084594
    rcr11d                  2.5716653E-07          1.4000000E-06
    rcr11w                  1.9936573E-06          4.1000000E-06
    rcr12d                  3.6631795E-11           0.000000
    rcr12w                  1.9449455E-10           0.000000
    rcgd                     0.000000               0.000000
    rcgw                     0.000000               0.000000
    tl                      0.9999999              0.9999573
    xw                       0.000000               0.000000
    yw                       0.000000               0.000000
    x                        0.000000               0.000000
    y                        0.000000               0.000000
    tlr                      0.000000               0.000000
    tls                      0.000000               0.000000
    beta                    0.7735571              0.5511320
 
    Note: run IDENTPAR yourself to see identiability contributions by different solution 
    space eigencomponents.


                   ANALYSIS OF PREDICTION
                   ----------------------

 PREDVAR1 analysis for prediction "q8003" ----->

    Sing_val       Null-space       Soln-space     Total             Total
    index          term             term           variance          std_dev
    --------       ----------       ----------     --------          -------
       0            1.9880025E+09     0.000000      1.9880025E+09      44587.02    
       3            5.0098223E+08     82829.84      5.0106506E+08      22384.48    
       6            1.2090038E+08     846163.3      1.2174654E+08      11033.88    
       9             124231.7         1656379.       1780611.          1334.395    
      10             109696.6         1657399.       1767095.          1329.321    
      11             107726.3         1657658.       1765384.          1328.678    
      12             106995.9         1657906.       1764902.          1328.496    
      13             5988.650         1730407.       1736396.          1317.724    
      14             873.1865         1738624.       1739497.          1318.900    
      15             373.2871         1739734.       1740108.          1319.132    
      16             369.0188         1739751.       1740120.          1319.136    
      17             318.2823         1740227.       1740545.          1319.297    
      18             317.2858         1740255.       1740572.          1319.307    
      19             269.8926         1745042.       1745312.          1321.103    
      20             132.8569         1766571.       1766704.          1329.174    
      21             131.6290         1767140.       1767271.          1329.387    
      24             103.1290         1785830.       1785933.          1336.388    
      27             4.187651         2188590.       2188594.          1479.390    
      30             3.816560         2190841.       2190845.          1480.150    
      33             2.453778         2209073.       2209076.          1486.296    
      36             2.423015         2210928.       2210930.          1486.920    
      39             2.112391         2246574.       2246576.          1498.858    
      42             1.913830         2282577.       2282579.          1510.821    
      45             1.909211         2285369.       2285371.          1511.744    
      48            8.7728752E-05    1.0381865E+07  1.0381865E+07      3222.090    
      51            3.6880221E-24    1.0712246E+07  1.0712246E+07      3272.957    
      54            1.7169717E-56    8.8918673E+07  8.8918673E+07      9429.670    
      57             0.000000        1.0000000E+35  1.0000000E+35     3.1622777E+17
      60             0.000000        1.0000000E+35  1.0000000E+35     3.1622777E+17
      62             0.000000        1.0000000E+35  1.0000000E+35     3.1622777E+17
 
    Pre-calibration:- 
    Total error variance                 =  1.9880025E+09
    Total error standard deviation       =   44587.02    
 
    Post-calibration:-
    Total error variance                 =   1736396.    
    Total error standard deviation       =   1317.724    
    Minimum error variance occurs at singular value number 13.
 
 
 PREDUNC1 analysis for prediction "q8003" ----->

    Pre-calibration:- 
    Total uncertainty variance           =  1.9880024E+09
    Total uncertainty standard deviation =   44587.02    
 
    Post-calibration:-
    Total uncertainty variance           =   1696170.    
    Total uncertainty standard deviation =   1302.371    
 
 
 PREDUNC4 analysis for prediction "q8003" ----->

    Contributions to predictive uncertainty variance

    Parameter      Pre-cal             Post-cal
    group          contribution        contribution
    ---------      ------------        ------------
    ddsd            5.1859770E+08        708746.0    
    ddsw             0.000000            1205.000    
    ddgd             0.000000            0.000000    
    ddgw             0.000000            0.000000    
    rcsd            1.9140850E+08        554184.0    
    rcsw             0.000000            16020.00    
    rcrd            6.3508200E+07        59502.00    
    rcrw             0.000000            11881.00    
    rcgd             0.000000            0.000000    
    rcgw             0.000000            0.000000    
    tl              1.2096561E+09        20965.00    
    xw               0.000000            0.000000    
    yw               0.000000            0.000000    
    x                0.000000            0.000000    
    y                0.000000            0.000000    
    tlr              0.000000            0.000000    
    tls              0.000000            0.000000    
    beta             4832100.            26956.00    
 
 
 PREDUNC5 observation subtraction analysis for prediction "q8003" ----->

    Increases in predictive uncertainty variance incurred through loss of observations

    Observation_group        Variance_increase
    -----------------        -----------------
    q                          1696170.    
 
 
 PREDUNC5 observation addition analysis for prediction "q8003" ----->

    Decreases in pre-calibration predictive uncertainty variance incurred through addition of observations

    Observation_group        Variance_decrease
    -----------------        -----------------
    q                          1696170.    
