 
 
                   ###################################################
                   #                                                 #
                   #      GENLINPRED UNCERTAINTY/ERROR ANALYSIS      #
                   #                                                 #
                   ###################################################
 
 
 
                   ANALYSIS DETAILS
                   ----------------
 
    Name of PEST control file                                   : master_lu.pst
    Factor by which to multiply observation weights             : 1.0000
    Source of parameter uncertainty data                        : uncertainty file
    Name of uncertainty file                                    : master_lu.unc
 
    Perform global parameter estimability analysis              : yes
         Parameter identifiability                              : yes
         Relative parameter error reduction                     : no
         Relative parameter uncertainty reduction               : yes
 
    Analyse error/uncertainty of an entity                      : yes
         Name of entity                                         : q8088
         Type of entity                                         : prediction
         File containing prediction sensitivities               : master_lu.jco
 
         Total error variance                                   : yes
         Total uncertainty                                      : yes
 
         Parameter contributions to error variance              : no
         Parameter contributions to uncertainty                 : yes
         Parameter contributions                                : by group
 
         Observation worth in reducing error variance           : no
         Observation worth in reducing uncertainty variance     : yes
         Observation worth                                      : by group


                   ANALYSIS OF PARAMETERS
                   ----------------------


 Outcomes of running program SUPCALC ----->
 
    Number of dimensions of calibration solution space = 13
    Number of dimensions of calibration null space     = 49

 Outcomes of parameter identifiability and error/uncertainty variance reduction analysis ----->
 
    Parameter              Identifiability        Rel_uncert_var_redn
    ---------              ---------------        -------------------
    ddsd                    0.9999522              0.9990993
    ddsw                    0.9998771              0.9992743
    ddgd                    2.9322562E-29           0.000000
    ddgw                    1.9306643E-29           0.000000
    rcs1d                   2.0082607E-10          1.0000000E-07
    rcs1w                   5.0535385E-30           0.000000
    rcs2d                   1.1841782E-04          9.2247000E-03
    rcs2w                   1.2214079E-07          4.5000000E-06
    rcs3d                   3.4702995E-06          2.9660000E-04
    rcs3w                   9.2222923E-07          2.9800000E-05
    rcs4d                   3.1382979E-06          1.7230000E-04
    rcs4w                   3.2036370E-03          9.7838300E-02
    rcs5d                   4.6169531E-05          1.1033000E-03
    rcs5w                   5.2210112E-05          3.2734000E-03
    rcs6d                   4.5124087E-05          6.5950000E-04
    rcs6w                   8.7734834E-06          2.2690000E-04
    rcs7d                   1.1293993E-05          8.6000000E-05
    rcs7w                   4.7581590E-06          4.4700000E-05
    rcs8d                   0.9963128              0.9425749
    rcs8w                   0.9990829              0.9522809
    rcs9d                   0.8921299              0.8882383
    rcs9w                   0.8684632              0.8975795
    rcs10d                  0.3266528              0.5112730
    rcs10w                  0.1537409              0.4146130
    rcs11d                  8.1958242E-07          1.5000000E-06
    rcs11w                  1.8842255E-06          7.0000000E-06
    rcs12d                  5.6740911E-06          1.6500000E-05
    rcs12w                  1.1525266E-08          1.0000000E-07
    rcr1d                   9.5663125E-06          1.4900000E-05
    rcr1w                   1.5728725E-04          1.3390000E-04
    rcr2d                   0.5498031              0.5431122
    rcr2w                   0.8227982              0.6816594
    rcr3d                   0.4460958              0.4425833
    rcr3w                   0.1611730              0.1340321
    rcr4d                   2.9987348E-04          9.8900000E-04
    rcr4w                   1.4257103E-03          1.5549000E-03
    rcr5d                   7.2877689E-05          5.7310000E-04
    rcr5w                   7.2544801E-05          1.4990000E-04
    rcr6d                   1.0467360E-05          1.6180000E-04
    rcr6w                   5.5360312E-04          1.0944000E-03
    rcr7d                   1.3884207E-05          2.3820000E-04
    rcr7w                   2.5506195E-02          5.7693400E-02
    rcr8d                   3.0818250E-05          5.2960000E-04
    rcr8w                   0.9772075              0.8666551
    rcr9d                   0.9997985              0.9902571
    rcr9w                   0.8584636              0.8110560
    rcr10d                  6.0299188E-05          3.1160000E-04
    rcr10w                  0.1431696              0.3084594
    rcr11d                  2.5716653E-07          1.4000000E-06
    rcr11w                  1.9936573E-06          4.1000000E-06
    rcr12d                  3.6631795E-11           0.000000
    rcr12w                  1.9449455E-10           0.000000
    rcgd                     0.000000               0.000000
    rcgw                     0.000000               0.000000
    tl                      0.9999999              0.9999573
    xw                       0.000000               0.000000
    yw                       0.000000               0.000000
    x                        0.000000               0.000000
    y                        0.000000               0.000000
    tlr                      0.000000               0.000000
    tls                      0.000000               0.000000
    beta                    0.7735571              0.5511320
 
    Note: run IDENTPAR yourself to see identiability contributions by different solution 
    space eigencomponents.


                   ANALYSIS OF PREDICTION
                   ----------------------

 PREDVAR1 analysis for prediction "q8088" ----->

    Sing_val       Null-space       Soln-space     Total             Total
    index          term             term           variance          std_dev
    --------       ----------       ----------     --------          -------
       0            6.8157583E+07     0.000000      6.8157583E+07      8255.761    
       3            6.3126332E+07     195.5235      6.3126528E+07      7945.220    
       6            1.4251555E+07     98210.49      1.4349766E+07      3788.108    
       7             9221642.         129764.4       9351406.          3058.007    
       8             432841.6         309887.3       742728.9          861.8172    
       9             432120.8         309925.2       742046.0          861.4209    
      10             412145.3         311326.7       723472.0          850.5716    
      11             406997.6         312003.6       719001.3          847.9394    
      12             399737.0         314470.0       714207.0          845.1077    
      13             178256.7         473444.4       651701.1          807.2801    
      14             69282.63         648485.3       717767.9          847.2118    
      15             1485.507         799063.4       800548.9          894.7340    
      16             1461.222         799159.7       800620.9          894.7742    
      17             439.7582         808740.6       809180.4          899.5446    
      18             439.7507         808740.8       809180.6          899.5447    
      21             236.9387         842364.6       842601.5          917.9333    
      24             174.6307         905342.1       905516.7          951.5864    
      27             24.25795         1516394.       1516418.          1231.429    
      30             7.622476         1604667.       1604675.          1266.758    
      33             1.343599         1719961.       1719963.          1311.474    
      36            0.6525060         1759457.       1759458.          1326.446    
      39            0.1559425         1816283.       1816283.          1347.695    
      42            0.1318947         1819813.       1819814.          1349.005    
      45            0.1212212         1828761.       1828761.          1352.317    
      48            3.0642410E-05     2567946.       2567946.          1602.481    
      51            3.6023897E-24     2605928.       2605928.          1614.289    
      54            5.1105706E-56    5.2462050E+07  5.2462050E+07      7243.069    
      57             0.000000        1.0000000E+35  1.0000000E+35     3.1622777E+17
      60             0.000000        1.0000000E+35  1.0000000E+35     3.1622777E+17
      62             0.000000        1.0000000E+35  1.0000000E+35     3.1622777E+17
 
    Pre-calibration:- 
    Total error variance                 =  6.8157583E+07
    Total error standard deviation       =   8255.761    
 
    Post-calibration:-
    Total error variance                 =   651701.1    
    Total error standard deviation       =   807.2801    
    Minimum error variance occurs at singular value number 13.
 
 
 PREDUNC1 analysis for prediction "q8088" ----->

    Pre-calibration:- 
    Total uncertainty variance           =  6.8157590E+07
    Total uncertainty standard deviation =   8255.761    
 
    Post-calibration:-
    Total uncertainty variance           =   517499.4    
    Total uncertainty standard deviation =   719.3743    
 
 
 PREDUNC4 analysis for prediction "q8088" ----->

    Contributions to predictive uncertainty variance

    Parameter      Pre-cal             Post-cal
    group          contribution        contribution
    ---------      ------------        ------------
    ddsd             2876694.            34.70000    
    ddsw             0.000000            989.5000    
    ddgd             0.000000            0.000000    
    ddgw             0.000000            0.000000    
    rcsd             385003.0            263585.3    
    rcsw             0.000000            80893.70    
    rcrd            5.8513443E+07        273064.2    
    rcrw             0.000000            89905.80    
    rcgd             0.000000            0.000000    
    rcgw             0.000000            0.000000    
    tl               4822596.            270.3000    
    xw               0.000000            0.000000    
    yw               0.000000            0.000000    
    x                0.000000            0.000000    
    y                0.000000            0.000000    
    tlr              0.000000            0.000000    
    tls              0.000000            0.000000    
    beta             1559846.            194206.3    
 
 
 PREDUNC5 observation subtraction analysis for prediction "q8088" ----->

    Increases in predictive uncertainty variance incurred through loss of observations

    Observation_group        Variance_increase
    -----------------        -----------------
    q                          517499.4    
 
 
 PREDUNC5 observation addition analysis for prediction "q8088" ----->

    Decreases in pre-calibration predictive uncertainty variance incurred through addition of observations

    Observation_group        Variance_decrease
    -----------------        -----------------
    q                          517499.4    
