 
 
                   ###################################################
                   #                                                 #
                   #      GENLINPRED UNCERTAINTY/ERROR ANALYSIS      #
                   #                                                 #
                   ###################################################
 
 
 
                   ANALYSIS DETAILS
                   ----------------
 
    Name of PEST control file                                   : master_lu.pst
    Factor by which to multiply observation weights             : 1.0000
    Source of parameter uncertainty data                        : uncertainty file
    Name of uncertainty file                                    : master_lu.unc
 
    Perform global parameter estimability analysis              : yes
         Parameter identifiability                              : yes
         Relative parameter error reduction                     : no
         Relative parameter uncertainty reduction               : yes
 
    Analyse error/uncertainty of an entity                      : yes
         Name of entity                                         : q7913
         Type of entity                                         : prediction
         File containing prediction sensitivities               : master_lu.jco
 
         Total error variance                                   : yes
         Total uncertainty                                      : yes
 
         Parameter contributions to error variance              : no
         Parameter contributions to uncertainty                 : yes
         Parameter contributions                                : by group
 
         Observation worth in reducing error variance           : no
         Observation worth in reducing uncertainty variance     : yes
         Observation worth                                      : by group


                   ANALYSIS OF PARAMETERS
                   ----------------------


 Outcomes of running program SUPCALC ----->
 
    Number of dimensions of calibration solution space = 13
    Number of dimensions of calibration null space     = 49

 Outcomes of parameter identifiability and error/uncertainty variance reduction analysis ----->
 
    Parameter              Identifiability        Rel_uncert_var_redn
    ---------              ---------------        -------------------
    ddsd                    0.9999522              0.9990993
    ddsw                    0.9998771              0.9992743
    ddgd                    2.9322562E-29           0.000000
    ddgw                    1.9306643E-29           0.000000
    rcs1d                   2.0082607E-10          1.0000000E-07
    rcs1w                   5.0535385E-30           0.000000
    rcs2d                   1.1841782E-04          9.2247000E-03
    rcs2w                   1.2214079E-07          4.5000000E-06
    rcs3d                   3.4702995E-06          2.9660000E-04
    rcs3w                   9.2222923E-07          2.9800000E-05
    rcs4d                   3.1382979E-06          1.7230000E-04
    rcs4w                   3.2036370E-03          9.7838300E-02
    rcs5d                   4.6169531E-05          1.1033000E-03
    rcs5w                   5.2210112E-05          3.2734000E-03
    rcs6d                   4.5124087E-05          6.5950000E-04
    rcs6w                   8.7734834E-06          2.2690000E-04
    rcs7d                   1.1293993E-05          8.6000000E-05
    rcs7w                   4.7581590E-06          4.4700000E-05
    rcs8d                   0.9963128              0.9425749
    rcs8w                   0.9990829              0.9522809
    rcs9d                   0.8921299              0.8882383
    rcs9w                   0.8684632              0.8975795
    rcs10d                  0.3266528              0.5112730
    rcs10w                  0.1537409              0.4146130
    rcs11d                  8.1958242E-07          1.5000000E-06
    rcs11w                  1.8842255E-06          7.0000000E-06
    rcs12d                  5.6740911E-06          1.6500000E-05
    rcs12w                  1.1525266E-08          1.0000000E-07
    rcr1d                   9.5663125E-06          1.4900000E-05
    rcr1w                   1.5728725E-04          1.3390000E-04
    rcr2d                   0.5498031              0.5431122
    rcr2w                   0.8227982              0.6816594
    rcr3d                   0.4460958              0.4425833
    rcr3w                   0.1611730              0.1340321
    rcr4d                   2.9987348E-04          9.8900000E-04
    rcr4w                   1.4257103E-03          1.5549000E-03
    rcr5d                   7.2877689E-05          5.7310000E-04
    rcr5w                   7.2544801E-05          1.4990000E-04
    rcr6d                   1.0467360E-05          1.6180000E-04
    rcr6w                   5.5360312E-04          1.0944000E-03
    rcr7d                   1.3884207E-05          2.3820000E-04
    rcr7w                   2.5506195E-02          5.7693400E-02
    rcr8d                   3.0818250E-05          5.2960000E-04
    rcr8w                   0.9772075              0.8666551
    rcr9d                   0.9997985              0.9902571
    rcr9w                   0.8584636              0.8110560
    rcr10d                  6.0299188E-05          3.1160000E-04
    rcr10w                  0.1431696              0.3084594
    rcr11d                  2.5716653E-07          1.4000000E-06
    rcr11w                  1.9936573E-06          4.1000000E-06
    rcr12d                  3.6631795E-11           0.000000
    rcr12w                  1.9449455E-10           0.000000
    rcgd                     0.000000               0.000000
    rcgw                     0.000000               0.000000
    tl                      0.9999999              0.9999573
    xw                       0.000000               0.000000
    yw                       0.000000               0.000000
    x                        0.000000               0.000000
    y                        0.000000               0.000000
    tlr                      0.000000               0.000000
    tls                      0.000000               0.000000
    beta                    0.7735571              0.5511320
 
    Note: run IDENTPAR yourself to see identiability contributions by different solution 
    space eigencomponents.


                   ANALYSIS OF PREDICTION
                   ----------------------

 PREDVAR1 analysis for prediction "q7913" ----->

    Sing_val       Null-space       Soln-space     Total             Total
    index          term             term           variance          std_dev
    --------       ----------       ----------     --------          -------
       0            2.0517001E+08     0.000000      2.0517001E+08      14323.76    
       3            2.1128629E+07     30130.43      2.1158760E+07      4599.865    
       6            1.5210702E+07     42001.46      1.5252704E+07      3905.471    
       9             332618.9         243323.2       575942.1          758.9085    
      10             289560.2         246344.3       535904.5          732.0550    
      11             286314.5         246771.1       533085.6          730.1271    
      12             281275.7         248482.7       529758.5          727.8451    
      13             54955.83         410930.9       465886.8          682.5590    
      14             30468.40         450264.2       480732.6          693.3488    
      15             1775.286         513991.9       515767.2          718.1693    
      16             1769.951         514013.0       515783.0          718.1803    
      17             1202.931         519331.4       520534.4          721.4807    
      18             1202.883         519332.8       520535.7          721.4816    
      19             567.9688         583462.9       584030.9          764.2191    
      20             529.1617         589559.6       590088.7          768.1723    
      21             527.1477         590492.8       591020.0          768.7783    
      24             220.9865         921001.8       921222.7          959.8035    
      27             207.5211         955405.6       955613.1          977.5547    
      30             204.4272         972298.2       972502.7          986.1555    
      33             7.802036         3680535.       3680543.          1918.474    
      36             3.891390         3898420.       3898423.          1974.442    
      39             2.471821         4061298.       4061301.          2015.267    
      42            4.4984566E-02     4497067.       4497067.          2120.629    
      45            3.5148141E-02     4504142.       4504142.          2122.296    
      48            4.4024516E-05     4652795.       4652795.          2157.034    
      51            9.7483229E-24     4892365.       4892365.          2211.869    
      54            5.2719265E-56    3.3341472E+07  3.3341472E+07      5774.207    
      57             0.000000        1.0000000E+35  1.0000000E+35     3.1622777E+17
      60             0.000000        1.0000000E+35  1.0000000E+35     3.1622777E+17
      62             0.000000        1.0000000E+35  1.0000000E+35     3.1622777E+17
 
    Pre-calibration:- 
    Total error variance                 =  2.0517001E+08
    Total error standard deviation       =   14323.76    
 
    Post-calibration:-
    Total error variance                 =   465886.8    
    Total error standard deviation       =   682.5590    
    Minimum error variance occurs at singular value number 13.
 
 
 PREDUNC1 analysis for prediction "q7913" ----->

    Pre-calibration:- 
    Total uncertainty variance           =  2.0517010E+08
    Total uncertainty standard deviation =   14323.76    
 
    Post-calibration:-
    Total uncertainty variance           =   375519.1    
    Total uncertainty standard deviation =   612.7961    
 
 
 PREDUNC4 analysis for prediction "q7913" ----->

    Contributions to predictive uncertainty variance

    Parameter      Pre-cal             Post-cal
    group          contribution        contribution
    ---------      ------------        ------------
    ddsd            1.2883907E+08        414.2000    
    ddsw             0.000000            1035.700    
    ddgd             0.000000            0.000000    
    ddgw             0.000000            0.000000    
    rcsd            1.2340540E+07        28614.50    
    rcsw             0.000000            59877.20    
    rcrd            3.5164430E+07        133567.5    
    rcrw             0.000000            62688.40    
    rcgd             0.000000            0.000000    
    rcgw             0.000000            0.000000    
    tl              2.6601210E+07        667.0000    
    xw               0.000000            0.000000    
    yw               0.000000            0.000000    
    x                0.000000            0.000000    
    y                0.000000            0.000000    
    tlr              0.000000            0.000000    
    tls              0.000000            0.000000    
    beta             2224760.            137191.2    
 
 
 PREDUNC5 observation subtraction analysis for prediction "q7913" ----->

    Increases in predictive uncertainty variance incurred through loss of observations

    Observation_group        Variance_increase
    -----------------        -----------------
    q                          375519.1    
 
 
 PREDUNC5 observation addition analysis for prediction "q7913" ----->

    Decreases in pre-calibration predictive uncertainty variance incurred through addition of observations

    Observation_group        Variance_decrease
    -----------------        -----------------
    q                          375519.1    
