 
 
                   ###################################################
                   #                                                 #
                   #      GENLINPRED UNCERTAINTY/ERROR ANALYSIS      #
                   #                                                 #
                   ###################################################
 
 
 
                   ANALYSIS DETAILS
                   ----------------
 
    Name of PEST control file                                   : master_lu.pst
    Factor by which to multiply observation weights             : 1.0000
    Source of parameter uncertainty data                        : uncertainty file
    Name of uncertainty file                                    : master_lu.unc
 
    Perform global parameter estimability analysis              : yes
         Parameter identifiability                              : yes
         Relative parameter error reduction                     : no
         Relative parameter uncertainty reduction               : yes
 
    Analyse error/uncertainty of an entity                      : yes
         Name of entity                                         : q7812
         Type of entity                                         : prediction
         File containing prediction sensitivities               : master_lu.jco
 
         Total error variance                                   : yes
         Total uncertainty                                      : yes
 
         Parameter contributions to error variance              : no
         Parameter contributions to uncertainty                 : yes
         Parameter contributions                                : by group
 
         Observation worth in reducing error variance           : no
         Observation worth in reducing uncertainty variance     : yes
         Observation worth                                      : by group


                   ANALYSIS OF PARAMETERS
                   ----------------------


 Outcomes of running program SUPCALC ----->
 
    Number of dimensions of calibration solution space = 13
    Number of dimensions of calibration null space     = 49

 Outcomes of parameter identifiability and error/uncertainty variance reduction analysis ----->
 
    Parameter              Identifiability        Rel_uncert_var_redn
    ---------              ---------------        -------------------
    ddsd                    0.9999522              0.9990993
    ddsw                    0.9998771              0.9992743
    ddgd                    2.9322562E-29           0.000000
    ddgw                    1.9306643E-29           0.000000
    rcs1d                   2.0082607E-10          1.0000000E-07
    rcs1w                   5.0535385E-30           0.000000
    rcs2d                   1.1841782E-04          9.2247000E-03
    rcs2w                   1.2214079E-07          4.5000000E-06
    rcs3d                   3.4702995E-06          2.9660000E-04
    rcs3w                   9.2222923E-07          2.9800000E-05
    rcs4d                   3.1382979E-06          1.7230000E-04
    rcs4w                   3.2036370E-03          9.7838300E-02
    rcs5d                   4.6169531E-05          1.1033000E-03
    rcs5w                   5.2210112E-05          3.2734000E-03
    rcs6d                   4.5124087E-05          6.5950000E-04
    rcs6w                   8.7734834E-06          2.2690000E-04
    rcs7d                   1.1293993E-05          8.6000000E-05
    rcs7w                   4.7581590E-06          4.4700000E-05
    rcs8d                   0.9963128              0.9425749
    rcs8w                   0.9990829              0.9522809
    rcs9d                   0.8921299              0.8882383
    rcs9w                   0.8684632              0.8975795
    rcs10d                  0.3266528              0.5112730
    rcs10w                  0.1537409              0.4146130
    rcs11d                  8.1958242E-07          1.5000000E-06
    rcs11w                  1.8842255E-06          7.0000000E-06
    rcs12d                  5.6740911E-06          1.6500000E-05
    rcs12w                  1.1525266E-08          1.0000000E-07
    rcr1d                   9.5663125E-06          1.4900000E-05
    rcr1w                   1.5728725E-04          1.3390000E-04
    rcr2d                   0.5498031              0.5431122
    rcr2w                   0.8227982              0.6816594
    rcr3d                   0.4460958              0.4425833
    rcr3w                   0.1611730              0.1340321
    rcr4d                   2.9987348E-04          9.8900000E-04
    rcr4w                   1.4257103E-03          1.5549000E-03
    rcr5d                   7.2877689E-05          5.7310000E-04
    rcr5w                   7.2544801E-05          1.4990000E-04
    rcr6d                   1.0467360E-05          1.6180000E-04
    rcr6w                   5.5360312E-04          1.0944000E-03
    rcr7d                   1.3884207E-05          2.3820000E-04
    rcr7w                   2.5506195E-02          5.7693400E-02
    rcr8d                   3.0818250E-05          5.2960000E-04
    rcr8w                   0.9772075              0.8666551
    rcr9d                   0.9997985              0.9902571
    rcr9w                   0.8584636              0.8110560
    rcr10d                  6.0299188E-05          3.1160000E-04
    rcr10w                  0.1431696              0.3084594
    rcr11d                  2.5716653E-07          1.4000000E-06
    rcr11w                  1.9936573E-06          4.1000000E-06
    rcr12d                  3.6631795E-11           0.000000
    rcr12w                  1.9449455E-10           0.000000
    rcgd                     0.000000               0.000000
    rcgw                     0.000000               0.000000
    tl                      0.9999999              0.9999573
    xw                       0.000000               0.000000
    yw                       0.000000               0.000000
    x                        0.000000               0.000000
    y                        0.000000               0.000000
    tlr                      0.000000               0.000000
    tls                      0.000000               0.000000
    beta                    0.7735571              0.5511320
 
    Note: run IDENTPAR yourself to see identiability contributions by different solution 
    space eigencomponents.


                   ANALYSIS OF PREDICTION
                   ----------------------

 PREDVAR1 analysis for prediction "q7812" ----->

    Sing_val       Null-space       Soln-space     Total             Total
    index          term             term           variance          std_dev
    --------       ----------       ----------     --------          -------
       0            2.2986391E+08     0.000000      2.2986391E+08      15161.26    
       3            2.2472125E+08     1027.384      2.2472228E+08      14990.74    
       6            6.5530894E+07     320344.4      6.5851238E+07      8114.878    
       7            1.9913625E+07     606513.3      2.0520139E+07      4529.916    
       8             84973.56         1012893.       1097867.          1047.791    
       9             84154.05         1012936.       1097091.          1047.421    
      10             83258.74         1012999.       1096258.          1047.023    
      11             83004.76         1013033.       1096037.          1046.918    
      12             82963.22         1013047.       1096010.          1046.905    
      13             77741.19         1016795.       1094536.          1046.201    
      14             16032.86         1115915.       1131948.          1063.930    
      15             914.9881         1149492.       1150407.          1072.570    
      16             902.2987         1149542.       1150444.          1072.588    
      17             808.8310         1150419.       1151228.          1072.953    
      18             808.8037         1150420.       1151228.          1072.953    
      21             25.60756         1266656.       1266681.          1125.469    
      24             9.647571         1283045.       1283054.          1132.720    
      27             2.747721         1309885.       1309888.          1144.503    
      30             2.000536         1313843.       1313845.          1146.231    
      33            0.8911115         1329053.       1329053.          1152.846    
      36            0.4015797         1357012.       1357013.          1164.909    
      39            0.3158193         1366677.       1366677.          1169.050    
      42            3.7335655E-03     1460323.       1460323.          1208.438    
      45            5.3160402E-04     1463074.       1463074.          1209.576    
      48            3.4988668E-05     1467700.       1467700.          1211.487    
      51            1.3789308E-23     1747212.       1747212.          1321.821    
      54            4.3328313E-56    1.9954959E+08  1.9954959E+08      14126.20    
      57             0.000000        1.0000000E+35  1.0000000E+35     3.1622777E+17
      60             0.000000        1.0000000E+35  1.0000000E+35     3.1622777E+17
      62             0.000000        1.0000000E+35  1.0000000E+35     3.1622777E+17
 
    Pre-calibration:- 
    Total error variance                 =  2.2986391E+08
    Total error standard deviation       =   15161.26    
 
    Post-calibration:-
    Total error variance                 =   1094536.    
    Total error standard deviation       =   1046.201    
    Minimum error variance occurs at singular value number 13.
 
 
 PREDUNC1 analysis for prediction "q7812" ----->

    Pre-calibration:- 
    Total uncertainty variance           =  2.2986380E+08
    Total uncertainty standard deviation =   15161.26    
 
    Post-calibration:-
    Total uncertainty variance           =   1053984.    
    Total uncertainty standard deviation =   1026.637    
 
 
 PREDUNC4 analysis for prediction "q7812" ----->

    Contributions to predictive uncertainty variance

    Parameter      Pre-cal             Post-cal
    group          contribution        contribution
    ---------      ------------        ------------
    ddsd             80540.00            11357.00    
    ddsw             0.000000            7.000000    
    ddgd             0.000000            0.000000    
    ddgw             0.000000            0.000000    
    rcsd             3620.000            307030.2    
    rcsw             0.000000            2002.000    
    rcrd            2.2789405E+08        716893.3    
    rcrw             0.000000            3188.000    
    rcgd             0.000000            0.000000    
    rcgw             0.000000            0.000000    
    tl               1880.000            1414.000    
    xw               0.000000            0.000000    
    yw               0.000000            0.000000    
    x                0.000000            0.000000    
    y                0.000000            0.000000    
    tlr              0.000000            0.000000    
    tls              0.000000            0.000000    
    beta             1883820.            6074.000    
 
 
 PREDUNC5 observation subtraction analysis for prediction "q7812" ----->

    Increases in predictive uncertainty variance incurred through loss of observations

    Observation_group        Variance_increase
    -----------------        -----------------
    q                          1053984.    
 
 
 PREDUNC5 observation addition analysis for prediction "q7812" ----->

    Decreases in pre-calibration predictive uncertainty variance incurred through addition of observations

    Observation_group        Variance_decrease
    -----------------        -----------------
    q                          1053984.    
