 
 
                   ###################################################
                   #                                                 #
                   #      GENLINPRED UNCERTAINTY/ERROR ANALYSIS      #
                   #                                                 #
                   ###################################################
 
 
 
                   ANALYSIS DETAILS
                   ----------------
 
    Name of PEST control file                                   : master_lu.pst
    Factor by which to multiply observation weights             : 1.0000
    Source of parameter uncertainty data                        : uncertainty file
    Name of uncertainty file                                    : master_lu.unc
 
    Perform global parameter estimability analysis              : yes
         Parameter identifiability                              : yes
         Relative parameter error reduction                     : no
         Relative parameter uncertainty reduction               : yes
 
    Analyse error/uncertainty of an entity                      : yes
         Name of entity                                         : q8019
         Type of entity                                         : prediction
         File containing prediction sensitivities               : master_lu.jco
 
         Total error variance                                   : yes
         Total uncertainty                                      : yes
 
         Parameter contributions to error variance              : no
         Parameter contributions to uncertainty                 : yes
         Parameter contributions                                : by group
 
         Observation worth in reducing error variance           : no
         Observation worth in reducing uncertainty variance     : yes
         Observation worth                                      : by group


                   ANALYSIS OF PARAMETERS
                   ----------------------


 Outcomes of running program SUPCALC ----->
 
    Number of dimensions of calibration solution space = 13
    Number of dimensions of calibration null space     = 49

 Outcomes of parameter identifiability and error/uncertainty variance reduction analysis ----->
 
    Parameter              Identifiability        Rel_uncert_var_redn
    ---------              ---------------        -------------------
    ddsd                    0.9999522              0.9990993
    ddsw                    0.9998771              0.9992743
    ddgd                    2.9322562E-29           0.000000
    ddgw                    1.9306643E-29           0.000000
    rcs1d                   2.0082607E-10          1.0000000E-07
    rcs1w                   5.0535385E-30           0.000000
    rcs2d                   1.1841782E-04          9.2247000E-03
    rcs2w                   1.2214079E-07          4.5000000E-06
    rcs3d                   3.4702995E-06          2.9660000E-04
    rcs3w                   9.2222923E-07          2.9800000E-05
    rcs4d                   3.1382979E-06          1.7230000E-04
    rcs4w                   3.2036370E-03          9.7838300E-02
    rcs5d                   4.6169531E-05          1.1033000E-03
    rcs5w                   5.2210112E-05          3.2734000E-03
    rcs6d                   4.5124087E-05          6.5950000E-04
    rcs6w                   8.7734834E-06          2.2690000E-04
    rcs7d                   1.1293993E-05          8.6000000E-05
    rcs7w                   4.7581590E-06          4.4700000E-05
    rcs8d                   0.9963128              0.9425749
    rcs8w                   0.9990829              0.9522809
    rcs9d                   0.8921299              0.8882383
    rcs9w                   0.8684632              0.8975795
    rcs10d                  0.3266528              0.5112730
    rcs10w                  0.1537409              0.4146130
    rcs11d                  8.1958242E-07          1.5000000E-06
    rcs11w                  1.8842255E-06          7.0000000E-06
    rcs12d                  5.6740911E-06          1.6500000E-05
    rcs12w                  1.1525266E-08          1.0000000E-07
    rcr1d                   9.5663125E-06          1.4900000E-05
    rcr1w                   1.5728725E-04          1.3390000E-04
    rcr2d                   0.5498031              0.5431122
    rcr2w                   0.8227982              0.6816594
    rcr3d                   0.4460958              0.4425833
    rcr3w                   0.1611730              0.1340321
    rcr4d                   2.9987348E-04          9.8900000E-04
    rcr4w                   1.4257103E-03          1.5549000E-03
    rcr5d                   7.2877689E-05          5.7310000E-04
    rcr5w                   7.2544801E-05          1.4990000E-04
    rcr6d                   1.0467360E-05          1.6180000E-04
    rcr6w                   5.5360312E-04          1.0944000E-03
    rcr7d                   1.3884207E-05          2.3820000E-04
    rcr7w                   2.5506195E-02          5.7693400E-02
    rcr8d                   3.0818250E-05          5.2960000E-04
    rcr8w                   0.9772075              0.8666551
    rcr9d                   0.9997985              0.9902571
    rcr9w                   0.8584636              0.8110560
    rcr10d                  6.0299188E-05          3.1160000E-04
    rcr10w                  0.1431696              0.3084594
    rcr11d                  2.5716653E-07          1.4000000E-06
    rcr11w                  1.9936573E-06          4.1000000E-06
    rcr12d                  3.6631795E-11           0.000000
    rcr12w                  1.9449455E-10           0.000000
    rcgd                     0.000000               0.000000
    rcgw                     0.000000               0.000000
    tl                      0.9999999              0.9999573
    xw                       0.000000               0.000000
    yw                       0.000000               0.000000
    x                        0.000000               0.000000
    y                        0.000000               0.000000
    tlr                      0.000000               0.000000
    tls                      0.000000               0.000000
    beta                    0.7735571              0.5511320
 
    Note: run IDENTPAR yourself to see identiability contributions by different solution 
    space eigencomponents.


                   ANALYSIS OF PREDICTION
                   ----------------------

 PREDVAR1 analysis for prediction "q8019" ----->

    Sing_val       Null-space       Soln-space     Total             Total
    index          term             term           variance          std_dev
    --------       ----------       ----------     --------          -------
       0            9.0377151E+08     0.000000      9.0377151E+08      30062.79    
       3            2.4884086E+08     36503.58      2.4887737E+08      15775.85    
       6            3.2037274E+07     471750.6      3.2509024E+07      5701.669    
       9             246840.7         671246.8       918087.5          958.1688    
      10             237916.8         671872.9       909789.7          953.8290    
      11             233872.6         672404.7       906277.3          951.9860    
      12             230256.7         673633.0       903889.7          950.7311    
      13             33466.76         814885.1       848351.9          921.0602    
      14             20770.76         835278.2       856049.0          925.2292    
      15             681.7224         879896.2       880577.9          938.3911    
      16             680.6461         879900.4       880581.1          938.3928    
      17             265.8355         883791.2       884057.0          940.2431    
      18             265.4593         883801.8       884067.3          940.2485    
      19             238.5893         886515.9       886754.4          941.6764    
      20             123.2489         904636.0       904759.3          951.1884    
      21             119.9324         906172.8       906292.8          951.9941    
      24             61.85729         947736.6       947798.4          973.5494    
      27             3.243054         1186027.       1186030.          1089.050    
      30             2.947595         1187778.       1187781.          1089.854    
      33             1.292881         1208198.       1208199.          1099.181    
      36             1.202752         1213810.       1213811.          1101.731    
      39            0.9179597         1246337.       1246338.          1116.395    
      42            0.8503265         1261092.       1261093.          1122.984    
      45            0.8358288         1270205.       1270206.          1127.034    
      48            8.5560644E-05     4807495.       4807495.          2192.600    
      51            2.4389184E-24     4972108.       4972108.          2229.822    
      54            8.4914192E-57    1.4981467E+07  1.4981467E+07      3870.590    
      57             0.000000        1.0000000E+35  1.0000000E+35     3.1622777E+17
      60             0.000000        1.0000000E+35  1.0000000E+35     3.1622777E+17
      62             0.000000        1.0000000E+35  1.0000000E+35     3.1622777E+17
 
    Pre-calibration:- 
    Total error variance                 =  9.0377151E+08
    Total error standard deviation       =   30062.79    
 
    Post-calibration:-
    Total error variance                 =   848351.9    
    Total error standard deviation       =   921.0602    
    Minimum error variance occurs at singular value number 13.
 
 
 PREDUNC1 analysis for prediction "q8019" ----->

    Pre-calibration:- 
    Total uncertainty variance           =  9.0377134E+08
    Total uncertainty standard deviation =   30062.79    
 
    Post-calibration:-
    Total uncertainty variance           =   775643.1    
    Total uncertainty standard deviation =   880.7060    
 
 
 PREDUNC4 analysis for prediction "q8019" ----->

    Contributions to predictive uncertainty variance

    Parameter      Pre-cal             Post-cal
    group          contribution        contribution
    ---------      ------------        ------------
    ddsd            2.3513186E+08        258329.7    
    ddsw             0.000000            1441.700    
    ddgd             0.000000            0.000000    
    ddgw             0.000000            0.000000    
    rcsd            7.1014830E+07        53315.80    
    rcsw             0.000000            49723.70    
    rcrd            6.1810320E+07        65336.70    
    rcrw             0.000000            48138.70    
    rcgd             0.000000            0.000000    
    rcgw             0.000000            0.000000    
    tl              5.3225258E+08        7253.400    
    xw               0.000000            0.000000    
    yw               0.000000            0.000000    
    x                0.000000            0.000000    
    y                0.000000            0.000000    
    tlr              0.000000            0.000000    
    tls              0.000000            0.000000    
    beta             3561910.            105889.6    
 
 
 PREDUNC5 observation subtraction analysis for prediction "q8019" ----->

    Increases in predictive uncertainty variance incurred through loss of observations

    Observation_group        Variance_increase
    -----------------        -----------------
    q                          775643.1    
 
 
 PREDUNC5 observation addition analysis for prediction "q8019" ----->

    Decreases in pre-calibration predictive uncertainty variance incurred through addition of observations

    Observation_group        Variance_decrease
    -----------------        -----------------
    q                          775643.1    
