 
 
                   ###################################################
                   #                                                 #
                   #      GENLINPRED UNCERTAINTY/ERROR ANALYSIS      #
                   #                                                 #
                   ###################################################
 
 
 
                   ANALYSIS DETAILS
                   ----------------
 
    Name of PEST control file                                   : master_lu.pst
    Factor by which to multiply observation weights             : 1.0000
    Source of parameter uncertainty data                        : uncertainty file
    Name of uncertainty file                                    : master_lu.unc
 
    Perform global parameter estimability analysis              : yes
         Parameter identifiability                              : yes
         Relative parameter error reduction                     : no
         Relative parameter uncertainty reduction               : yes
 
    Analyse error/uncertainty of an entity                      : yes
         Name of entity                                         : q7854
         Type of entity                                         : prediction
         File containing prediction sensitivities               : master_lu.jco
 
         Total error variance                                   : yes
         Total uncertainty                                      : yes
 
         Parameter contributions to error variance              : no
         Parameter contributions to uncertainty                 : yes
         Parameter contributions                                : by group
 
         Observation worth in reducing error variance           : no
         Observation worth in reducing uncertainty variance     : yes
         Observation worth                                      : by group


                   ANALYSIS OF PARAMETERS
                   ----------------------


 Outcomes of running program SUPCALC ----->
 
    Number of dimensions of calibration solution space = 13
    Number of dimensions of calibration null space     = 49

 Outcomes of parameter identifiability and error/uncertainty variance reduction analysis ----->
 
    Parameter              Identifiability        Rel_uncert_var_redn
    ---------              ---------------        -------------------
    ddsd                    0.9999522              0.9990993
    ddsw                    0.9998771              0.9992743
    ddgd                    2.9322562E-29           0.000000
    ddgw                    1.9306643E-29           0.000000
    rcs1d                   2.0082607E-10          1.0000000E-07
    rcs1w                   5.0535385E-30           0.000000
    rcs2d                   1.1841782E-04          9.2247000E-03
    rcs2w                   1.2214079E-07          4.5000000E-06
    rcs3d                   3.4702995E-06          2.9660000E-04
    rcs3w                   9.2222923E-07          2.9800000E-05
    rcs4d                   3.1382979E-06          1.7230000E-04
    rcs4w                   3.2036370E-03          9.7838300E-02
    rcs5d                   4.6169531E-05          1.1033000E-03
    rcs5w                   5.2210112E-05          3.2734000E-03
    rcs6d                   4.5124087E-05          6.5950000E-04
    rcs6w                   8.7734834E-06          2.2690000E-04
    rcs7d                   1.1293993E-05          8.6000000E-05
    rcs7w                   4.7581590E-06          4.4700000E-05
    rcs8d                   0.9963128              0.9425749
    rcs8w                   0.9990829              0.9522809
    rcs9d                   0.8921299              0.8882383
    rcs9w                   0.8684632              0.8975795
    rcs10d                  0.3266528              0.5112730
    rcs10w                  0.1537409              0.4146130
    rcs11d                  8.1958242E-07          1.5000000E-06
    rcs11w                  1.8842255E-06          7.0000000E-06
    rcs12d                  5.6740911E-06          1.6500000E-05
    rcs12w                  1.1525266E-08          1.0000000E-07
    rcr1d                   9.5663125E-06          1.4900000E-05
    rcr1w                   1.5728725E-04          1.3390000E-04
    rcr2d                   0.5498031              0.5431122
    rcr2w                   0.8227982              0.6816594
    rcr3d                   0.4460958              0.4425833
    rcr3w                   0.1611730              0.1340321
    rcr4d                   2.9987348E-04          9.8900000E-04
    rcr4w                   1.4257103E-03          1.5549000E-03
    rcr5d                   7.2877689E-05          5.7310000E-04
    rcr5w                   7.2544801E-05          1.4990000E-04
    rcr6d                   1.0467360E-05          1.6180000E-04
    rcr6w                   5.5360312E-04          1.0944000E-03
    rcr7d                   1.3884207E-05          2.3820000E-04
    rcr7w                   2.5506195E-02          5.7693400E-02
    rcr8d                   3.0818250E-05          5.2960000E-04
    rcr8w                   0.9772075              0.8666551
    rcr9d                   0.9997985              0.9902571
    rcr9w                   0.8584636              0.8110560
    rcr10d                  6.0299188E-05          3.1160000E-04
    rcr10w                  0.1431696              0.3084594
    rcr11d                  2.5716653E-07          1.4000000E-06
    rcr11w                  1.9936573E-06          4.1000000E-06
    rcr12d                  3.6631795E-11           0.000000
    rcr12w                  1.9449455E-10           0.000000
    rcgd                     0.000000               0.000000
    rcgw                     0.000000               0.000000
    tl                      0.9999999              0.9999573
    xw                       0.000000               0.000000
    yw                       0.000000               0.000000
    x                        0.000000               0.000000
    y                        0.000000               0.000000
    tlr                      0.000000               0.000000
    tls                      0.000000               0.000000
    beta                    0.7735571              0.5511320
 
    Note: run IDENTPAR yourself to see identiability contributions by different solution 
    space eigencomponents.


                   ANALYSIS OF PREDICTION
                   ----------------------

 PREDVAR1 analysis for prediction "q7854" ----->

    Sing_val       Null-space       Soln-space     Total             Total
    index          term             term           variance          std_dev
    --------       ----------       ----------     --------          -------
       0            8.4875530E+07     0.000000      8.4875530E+07      9212.792    
       3            7.6218031E+07     1360.901      7.6219391E+07      8730.372    
       6            2.5276897E+07     103534.1      2.5380432E+07      5037.900    
       7             501384.1         258957.3       760341.4          871.9756    
       8             316444.9         262747.6       579192.5          761.0470    
       9             316442.4         262747.7       579190.1          761.0454    
      10             191873.9         271487.7       463361.6          680.7067    
      11             189762.5         271765.3       461527.8          679.3584    
      12             186703.9         272804.3       459508.2          677.8703    
      13             82106.88         347882.1       429989.0          655.7355    
      14             35057.23         423456.1       458513.3          677.1361    
      15             4211.967         491963.8       496175.8          704.3975    
      16             4201.722         492004.4       496206.1          704.4190    
      17             3735.244         496379.8       500115.0          707.1881    
      18             3735.202         496381.0       500116.2          707.1889    
      21             214.2427         984785.0       984999.2          992.4713    
      24             84.22281         1069308.       1069393.          1034.115    
      27             81.27177         1081090.       1081172.          1039.794    
      30             75.44082         1112188.       1112263.          1054.639    
      33             9.852959         2042599.       2042609.          1429.199    
      36             9.108938         2085597.       2085606.          1444.163    
      39             8.236299         2184425.       2184433.          1477.983    
      42            3.5294984E-02     3332195.       3332195.          1825.430    
      45            8.2426361E-03     3354416.       3354416.          1831.506    
      48            9.0415369E-05     3394786.       3394786.          1842.495    
      51            5.3505040E-24     3477404.       3477404.          1864.780    
      54            1.0414085E-55    5.2665016E+07  5.2665016E+07      7257.067    
      57             0.000000        1.0000000E+35  1.0000000E+35     3.1622777E+17
      60             0.000000        1.0000000E+35  1.0000000E+35     3.1622777E+17
      62             0.000000        1.0000000E+35  1.0000000E+35     3.1622777E+17
 
    Pre-calibration:- 
    Total error variance                 =  8.4875530E+07
    Total error standard deviation       =   9212.792    
 
    Post-calibration:-
    Total error variance                 =   429989.0    
    Total error standard deviation       =   655.7355    
    Minimum error variance occurs at singular value number 13.
 
 
 PREDUNC1 analysis for prediction "q7854" ----->

    Pre-calibration:- 
    Total uncertainty variance           =  8.4875536E+07
    Total uncertainty standard deviation =   9212.792    
 
    Post-calibration:-
    Total uncertainty variance           =   368796.4    
    Total uncertainty standard deviation =   607.2861    
 
 
 PREDUNC4 analysis for prediction "q7854" ----->

    Contributions to predictive uncertainty variance

    Parameter      Pre-cal             Post-cal
    group          contribution        contribution
    ---------      ------------        ------------
    ddsd             1313603.            1503.600    
    ddsw             0.000000            592.1000    
    ddgd             0.000000            0.000000    
    ddgw             0.000000            0.000000    
    rcsd             154379.0            123661.0    
    rcsw             0.000000            40098.30    
    rcrd            7.9693635E+07        11935.70    
    rcrw             0.000000            44121.20    
    rcgd             0.000000            0.000000    
    rcgw             0.000000            0.000000    
    tl               1614496.            1.900000    
    xw               0.000000            0.000000    
    yw               0.000000            0.000000    
    x                0.000000            0.000000    
    y                0.000000            0.000000    
    tlr              0.000000            0.000000    
    tls              0.000000            0.000000    
    beta             2099419.            95109.50    
 
 
 PREDUNC5 observation subtraction analysis for prediction "q7854" ----->

    Increases in predictive uncertainty variance incurred through loss of observations

    Observation_group        Variance_increase
    -----------------        -----------------
    q                          368796.4    
 
 
 PREDUNC5 observation addition analysis for prediction "q7854" ----->

    Decreases in pre-calibration predictive uncertainty variance incurred through addition of observations

    Observation_group        Variance_decrease
    -----------------        -----------------
    q                          368796.4    
