 
 
                   ###################################################
                   #                                                 #
                   #      GENLINPRED UNCERTAINTY/ERROR ANALYSIS      #
                   #                                                 #
                   ###################################################
 
 
 
                   ANALYSIS DETAILS
                   ----------------
 
    Name of PEST control file                                   : master_lu.pst
    Factor by which to multiply observation weights             : 1.0000
    Source of parameter uncertainty data                        : uncertainty file
    Name of uncertainty file                                    : master_lu.unc
 
    Perform global parameter estimability analysis              : yes
         Parameter identifiability                              : yes
         Relative parameter error reduction                     : no
         Relative parameter uncertainty reduction               : yes
 
    Analyse error/uncertainty of an entity                      : yes
         Name of entity                                         : q7904
         Type of entity                                         : prediction
         File containing prediction sensitivities               : master_lu.jco
 
         Total error variance                                   : yes
         Total uncertainty                                      : yes
 
         Parameter contributions to error variance              : no
         Parameter contributions to uncertainty                 : yes
         Parameter contributions                                : by group
 
         Observation worth in reducing error variance           : no
         Observation worth in reducing uncertainty variance     : yes
         Observation worth                                      : by group


                   ANALYSIS OF PARAMETERS
                   ----------------------


 Outcomes of running program SUPCALC ----->
 
    Number of dimensions of calibration solution space = 13
    Number of dimensions of calibration null space     = 49

 Outcomes of parameter identifiability and error/uncertainty variance reduction analysis ----->
 
    Parameter              Identifiability        Rel_uncert_var_redn
    ---------              ---------------        -------------------
    ddsd                    0.9999522              0.9990993
    ddsw                    0.9998771              0.9992743
    ddgd                    2.9322562E-29           0.000000
    ddgw                    1.9306643E-29           0.000000
    rcs1d                   2.0082607E-10          1.0000000E-07
    rcs1w                   5.0535385E-30           0.000000
    rcs2d                   1.1841782E-04          9.2247000E-03
    rcs2w                   1.2214079E-07          4.5000000E-06
    rcs3d                   3.4702995E-06          2.9660000E-04
    rcs3w                   9.2222923E-07          2.9800000E-05
    rcs4d                   3.1382979E-06          1.7230000E-04
    rcs4w                   3.2036370E-03          9.7838300E-02
    rcs5d                   4.6169531E-05          1.1033000E-03
    rcs5w                   5.2210112E-05          3.2734000E-03
    rcs6d                   4.5124087E-05          6.5950000E-04
    rcs6w                   8.7734834E-06          2.2690000E-04
    rcs7d                   1.1293993E-05          8.6000000E-05
    rcs7w                   4.7581590E-06          4.4700000E-05
    rcs8d                   0.9963128              0.9425749
    rcs8w                   0.9990829              0.9522809
    rcs9d                   0.8921299              0.8882383
    rcs9w                   0.8684632              0.8975795
    rcs10d                  0.3266528              0.5112730
    rcs10w                  0.1537409              0.4146130
    rcs11d                  8.1958242E-07          1.5000000E-06
    rcs11w                  1.8842255E-06          7.0000000E-06
    rcs12d                  5.6740911E-06          1.6500000E-05
    rcs12w                  1.1525266E-08          1.0000000E-07
    rcr1d                   9.5663125E-06          1.4900000E-05
    rcr1w                   1.5728725E-04          1.3390000E-04
    rcr2d                   0.5498031              0.5431122
    rcr2w                   0.8227982              0.6816594
    rcr3d                   0.4460958              0.4425833
    rcr3w                   0.1611730              0.1340321
    rcr4d                   2.9987348E-04          9.8900000E-04
    rcr4w                   1.4257103E-03          1.5549000E-03
    rcr5d                   7.2877689E-05          5.7310000E-04
    rcr5w                   7.2544801E-05          1.4990000E-04
    rcr6d                   1.0467360E-05          1.6180000E-04
    rcr6w                   5.5360312E-04          1.0944000E-03
    rcr7d                   1.3884207E-05          2.3820000E-04
    rcr7w                   2.5506195E-02          5.7693400E-02
    rcr8d                   3.0818250E-05          5.2960000E-04
    rcr8w                   0.9772075              0.8666551
    rcr9d                   0.9997985              0.9902571
    rcr9w                   0.8584636              0.8110560
    rcr10d                  6.0299188E-05          3.1160000E-04
    rcr10w                  0.1431696              0.3084594
    rcr11d                  2.5716653E-07          1.4000000E-06
    rcr11w                  1.9936573E-06          4.1000000E-06
    rcr12d                  3.6631795E-11           0.000000
    rcr12w                  1.9449455E-10           0.000000
    rcgd                     0.000000               0.000000
    rcgw                     0.000000               0.000000
    tl                      0.9999999              0.9999573
    xw                       0.000000               0.000000
    yw                       0.000000               0.000000
    x                        0.000000               0.000000
    y                        0.000000               0.000000
    tlr                      0.000000               0.000000
    tls                      0.000000               0.000000
    beta                    0.7735571              0.5511320
 
    Note: run IDENTPAR yourself to see identiability contributions by different solution 
    space eigencomponents.


                   ANALYSIS OF PREDICTION
                   ----------------------

 PREDVAR1 analysis for prediction "q7904" ----->

    Sing_val       Null-space       Soln-space     Total             Total
    index          term             term           variance          std_dev
    --------       ----------       ----------     --------          -------
       0            2.4725587E+08     0.000000      2.4725587E+08      15724.37    
       3            1.6697242E+07     38585.61      1.6735828E+07      4090.945    
       6             9460307.         53098.23       9513406.          3084.381    
       7             3298568.         91752.42       3390320.          1841.282    
       8             320314.2         152790.5       473104.7          687.8261    
       9             320286.2         152792.0       473078.2          687.8068    
      10             317660.7         152976.2       470636.9          686.0298    
      11             313855.3         153476.6       467331.9          683.6168    
      12             308257.6         155378.1       463635.7          680.9080    
      13             76638.83         321629.7       398268.5          631.0852    
      14             38467.56         382942.8       421410.3          649.1612    
      15             1999.113         463939.6       465938.7          682.5970    
      16             1991.470         463969.9       465961.3          682.6136    
      17             1325.954         470212.1       471538.1          686.6863    
      18             1325.895         470213.8       471539.7          686.6875    
      21             241.1862         597641.5       597882.7          773.2288    
      24             9.872530         747603.2       747613.1          864.6462    
      27             9.827850         747782.9       747792.7          864.7501    
      30             8.773082         753532.0       753540.8          868.0673    
      33             1.981277         829135.9       829137.9          910.5701    
      36             1.674176         846915.1       846916.8          920.2808    
      39            0.4991857         981470.2       981470.7          990.6920    
      42            5.4592149E-02     1046348.       1046348.          1022.912    
      45            3.2078867E-02     1062662.       1062662.          1030.855    
      48            4.6442297E-05     1199595.       1199595.          1095.260    
      51            4.2680648E-24     1326447.       1326447.          1151.715    
      54            4.4123598E-56    4.1722323E+07  4.1722323E+07      6459.282    
      57             0.000000        1.0000000E+35  1.0000000E+35     3.1622777E+17
      60             0.000000        1.0000000E+35  1.0000000E+35     3.1622777E+17
      62             0.000000        1.0000000E+35  1.0000000E+35     3.1622777E+17
 
    Pre-calibration:- 
    Total error variance                 =  2.4725587E+08
    Total error standard deviation       =   15724.37    
 
    Post-calibration:-
    Total error variance                 =   398268.5    
    Total error standard deviation       =   631.0852    
    Minimum error variance occurs at singular value number 13.
 
 
 PREDUNC1 analysis for prediction "q7904" ----->

    Pre-calibration:- 
    Total uncertainty variance           =  2.4725581E+08
    Total uncertainty standard deviation =   15724.37    
 
    Post-calibration:-
    Total uncertainty variance           =   300700.3    
    Total uncertainty standard deviation =   548.3615    
 
 
 PREDUNC4 analysis for prediction "q7904" ----->

    Contributions to predictive uncertainty variance

    Parameter      Pre-cal             Post-cal
    group          contribution        contribution
    ---------      ------------        ------------
    ddsd            1.6529113E+08        1090.500    
    ddsw             0.000000            1076.900    
    ddgd             0.000000            0.000000    
    ddgw             0.000000            0.000000    
    rcsd            1.5830470E+07        55760.30    
    rcsw             0.000000            65870.40    
    rcrd            3.4789220E+07        58469.70    
    rcrw             0.000000            69633.10    
    rcgd             0.000000            0.000000    
    rcgw             0.000000            0.000000    
    tl              2.9025240E+07        409.5000    
    xw               0.000000            0.000000    
    yw               0.000000            0.000000    
    x                0.000000            0.000000    
    y                0.000000            0.000000    
    tlr              0.000000            0.000000    
    tls              0.000000            0.000000    
    beta             2319800.            152088.6    
 
 
 PREDUNC5 observation subtraction analysis for prediction "q7904" ----->

    Increases in predictive uncertainty variance incurred through loss of observations

    Observation_group        Variance_increase
    -----------------        -----------------
    q                          300700.3    
 
 
 PREDUNC5 observation addition analysis for prediction "q7904" ----->

    Decreases in pre-calibration predictive uncertainty variance incurred through addition of observations

    Observation_group        Variance_decrease
    -----------------        -----------------
    q                          300700.3    
