 
 
                   ###################################################
                   #                                                 #
                   #      GENLINPRED UNCERTAINTY/ERROR ANALYSIS      #
                   #                                                 #
                   ###################################################
 
 
 
                   ANALYSIS DETAILS
                   ----------------
 
    Name of PEST control file                                   : master_lu.pst
    Factor by which to multiply observation weights             : 1.0000
    Source of parameter uncertainty data                        : uncertainty file
    Name of uncertainty file                                    : master_lu.unc
 
    Perform global parameter estimability analysis              : yes
         Parameter identifiability                              : yes
         Relative parameter error reduction                     : no
         Relative parameter uncertainty reduction               : yes
 
    Analyse error/uncertainty of an entity                      : yes
         Name of entity                                         : q8074
         Type of entity                                         : prediction
         File containing prediction sensitivities               : master_lu.jco
 
         Total error variance                                   : yes
         Total uncertainty                                      : yes
 
         Parameter contributions to error variance              : no
         Parameter contributions to uncertainty                 : yes
         Parameter contributions                                : by group
 
         Observation worth in reducing error variance           : no
         Observation worth in reducing uncertainty variance     : yes
         Observation worth                                      : by group


                   ANALYSIS OF PARAMETERS
                   ----------------------


 Outcomes of running program SUPCALC ----->
 
    Number of dimensions of calibration solution space = 13
    Number of dimensions of calibration null space     = 49

 Outcomes of parameter identifiability and error/uncertainty variance reduction analysis ----->
 
    Parameter              Identifiability        Rel_uncert_var_redn
    ---------              ---------------        -------------------
    ddsd                    0.9999522              0.9990993
    ddsw                    0.9998771              0.9992743
    ddgd                    2.9322562E-29           0.000000
    ddgw                    1.9306643E-29           0.000000
    rcs1d                   2.0082607E-10          1.0000000E-07
    rcs1w                   5.0535385E-30           0.000000
    rcs2d                   1.1841782E-04          9.2247000E-03
    rcs2w                   1.2214079E-07          4.5000000E-06
    rcs3d                   3.4702995E-06          2.9660000E-04
    rcs3w                   9.2222923E-07          2.9800000E-05
    rcs4d                   3.1382979E-06          1.7230000E-04
    rcs4w                   3.2036370E-03          9.7838300E-02
    rcs5d                   4.6169531E-05          1.1033000E-03
    rcs5w                   5.2210112E-05          3.2734000E-03
    rcs6d                   4.5124087E-05          6.5950000E-04
    rcs6w                   8.7734834E-06          2.2690000E-04
    rcs7d                   1.1293993E-05          8.6000000E-05
    rcs7w                   4.7581590E-06          4.4700000E-05
    rcs8d                   0.9963128              0.9425749
    rcs8w                   0.9990829              0.9522809
    rcs9d                   0.8921299              0.8882383
    rcs9w                   0.8684632              0.8975795
    rcs10d                  0.3266528              0.5112730
    rcs10w                  0.1537409              0.4146130
    rcs11d                  8.1958242E-07          1.5000000E-06
    rcs11w                  1.8842255E-06          7.0000000E-06
    rcs12d                  5.6740911E-06          1.6500000E-05
    rcs12w                  1.1525266E-08          1.0000000E-07
    rcr1d                   9.5663125E-06          1.4900000E-05
    rcr1w                   1.5728725E-04          1.3390000E-04
    rcr2d                   0.5498031              0.5431122
    rcr2w                   0.8227982              0.6816594
    rcr3d                   0.4460958              0.4425833
    rcr3w                   0.1611730              0.1340321
    rcr4d                   2.9987348E-04          9.8900000E-04
    rcr4w                   1.4257103E-03          1.5549000E-03
    rcr5d                   7.2877689E-05          5.7310000E-04
    rcr5w                   7.2544801E-05          1.4990000E-04
    rcr6d                   1.0467360E-05          1.6180000E-04
    rcr6w                   5.5360312E-04          1.0944000E-03
    rcr7d                   1.3884207E-05          2.3820000E-04
    rcr7w                   2.5506195E-02          5.7693400E-02
    rcr8d                   3.0818250E-05          5.2960000E-04
    rcr8w                   0.9772075              0.8666551
    rcr9d                   0.9997985              0.9902571
    rcr9w                   0.8584636              0.8110560
    rcr10d                  6.0299188E-05          3.1160000E-04
    rcr10w                  0.1431696              0.3084594
    rcr11d                  2.5716653E-07          1.4000000E-06
    rcr11w                  1.9936573E-06          4.1000000E-06
    rcr12d                  3.6631795E-11           0.000000
    rcr12w                  1.9449455E-10           0.000000
    rcgd                     0.000000               0.000000
    rcgw                     0.000000               0.000000
    tl                      0.9999999              0.9999573
    xw                       0.000000               0.000000
    yw                       0.000000               0.000000
    x                        0.000000               0.000000
    y                        0.000000               0.000000
    tlr                      0.000000               0.000000
    tls                      0.000000               0.000000
    beta                    0.7735571              0.5511320
 
    Note: run IDENTPAR yourself to see identiability contributions by different solution 
    space eigencomponents.


                   ANALYSIS OF PREDICTION
                   ----------------------

 PREDVAR1 analysis for prediction "q8074" ----->

    Sing_val       Null-space       Soln-space     Total             Total
    index          term             term           variance          std_dev
    --------       ----------       ----------     --------          -------
       0            1.2394641E+08     0.000000      1.2394641E+08      11133.12    
       3            1.0845839E+08     620.4626      1.0845901E+08      10414.37    
       6            2.0057365E+07     177933.2      2.0235299E+07      4498.366    
       7            1.2781599E+07     223575.9      1.3005175E+07      3606.269    
       8             161132.0         482227.2       643359.2          802.0968    
       9             160541.5         482258.3       642799.7          801.7479    
      10             125673.1         484704.7       610377.8          781.2668    
      11             123991.1         484925.9       608916.9          780.3313    
      12             122320.9         485493.2       607814.1          779.6243    
      13             87527.76         510467.1       597994.8          773.3012    
      14             28177.22         605799.6       633976.8          796.2266    
      15             1034.229         666084.5       667118.7          816.7733    
      16             1021.868         666133.5       667155.3          816.7958    
      17             692.4190         669223.5       669916.0          818.4840    
      18             692.4169         669223.6       669916.0          818.4840    
      21             689.4840         670470.1       671159.6          819.2433    
      24             623.3564         726928.9       727552.3          852.9668    
      27             101.4191         2852107.       2852208.          1688.848    
      30             17.59540         3296956.       3296974.          1815.757    
      33             2.045691         3603639.       3603641.          1898.326    
      36            0.9995563         3662793.       3662794.          1913.843    
      39            0.3672497         3735284.       3735285.          1932.689    
      42            0.2940301         3745653.       3745653.          1935.369    
      45            0.2932422         3746330.       3746330.          1935.544    
      48            1.0668889E-05     5596395.       5596395.          2365.670    
      51            1.1896846E-23     5675945.       5675945.          2382.424    
      54            1.5614429E-55    1.0772867E+08  1.0772867E+08      10379.24    
      57             0.000000        1.0000000E+35  1.0000000E+35     3.1622777E+17
      60             0.000000        1.0000000E+35  1.0000000E+35     3.1622777E+17
      62             0.000000        1.0000000E+35  1.0000000E+35     3.1622777E+17
 
    Pre-calibration:- 
    Total error variance                 =  1.2394641E+08
    Total error standard deviation       =   11133.12    
 
    Post-calibration:-
    Total error variance                 =   597994.8    
    Total error standard deviation       =   773.3012    
    Minimum error variance occurs at singular value number 13.
 
 
 PREDUNC1 analysis for prediction "q8074" ----->

    Pre-calibration:- 
    Total uncertainty variance           =  1.2394636E+08
    Total uncertainty standard deviation =   11133.12    
 
    Post-calibration:-
    Total uncertainty variance           =   550160.3    
    Total uncertainty standard deviation =   741.7279    
 
 
 PREDUNC4 analysis for prediction "q8074" ----->

    Contributions to predictive uncertainty variance

    Parameter      Pre-cal             Post-cal
    group          contribution        contribution
    ---------      ------------        ------------
    ddsd             8333170.            174.8000    
    ddsw             0.000000            260.4000    
    ddgd             0.000000            0.000000    
    ddgw             0.000000            0.000000    
    rcsd             1222920.            173999.9    
    rcsw             0.000000            21239.50    
    rcrd            9.8588642E+07        359307.9    
    rcrw             0.000000            24459.30    
    rcgd             0.000000            0.000000    
    rcgw             0.000000            0.000000    
    tl              1.4449030E+07        241.7000    
    xw               0.000000            0.000000    
    yw               0.000000            0.000000    
    x                0.000000            0.000000    
    y                0.000000            0.000000    
    tlr              0.000000            0.000000    
    tls              0.000000            0.000000    
    beta             1352670.            51989.90    
 
 
 PREDUNC5 observation subtraction analysis for prediction "q8074" ----->

    Increases in predictive uncertainty variance incurred through loss of observations

    Observation_group        Variance_increase
    -----------------        -----------------
    q                          550160.3    
 
 
 PREDUNC5 observation addition analysis for prediction "q8074" ----->

    Decreases in pre-calibration predictive uncertainty variance incurred through addition of observations

    Observation_group        Variance_decrease
    -----------------        -----------------
    q                          550160.3    
