 
 
                   ###################################################
                   #                                                 #
                   #      GENLINPRED UNCERTAINTY/ERROR ANALYSIS      #
                   #                                                 #
                   ###################################################
 
 
 
                   ANALYSIS DETAILS
                   ----------------
 
    Name of PEST control file                                   : master_lu.pst
    Factor by which to multiply observation weights             : 1.0000
    Source of parameter uncertainty data                        : uncertainty file
    Name of uncertainty file                                    : master_lu.unc
 
    Perform global parameter estimability analysis              : yes
         Parameter identifiability                              : yes
         Relative parameter error reduction                     : no
         Relative parameter uncertainty reduction               : yes
 
    Analyse error/uncertainty of an entity                      : yes
         Name of entity                                         : q8076
         Type of entity                                         : prediction
         File containing prediction sensitivities               : master_lu.jco
 
         Total error variance                                   : yes
         Total uncertainty                                      : yes
 
         Parameter contributions to error variance              : no
         Parameter contributions to uncertainty                 : yes
         Parameter contributions                                : by group
 
         Observation worth in reducing error variance           : no
         Observation worth in reducing uncertainty variance     : yes
         Observation worth                                      : by group


                   ANALYSIS OF PARAMETERS
                   ----------------------


 Outcomes of running program SUPCALC ----->
 
    Number of dimensions of calibration solution space = 13
    Number of dimensions of calibration null space     = 49

 Outcomes of parameter identifiability and error/uncertainty variance reduction analysis ----->
 
    Parameter              Identifiability        Rel_uncert_var_redn
    ---------              ---------------        -------------------
    ddsd                    0.9999522              0.9990993
    ddsw                    0.9998771              0.9992743
    ddgd                    2.9322562E-29           0.000000
    ddgw                    1.9306643E-29           0.000000
    rcs1d                   2.0082607E-10          1.0000000E-07
    rcs1w                   5.0535385E-30           0.000000
    rcs2d                   1.1841782E-04          9.2247000E-03
    rcs2w                   1.2214079E-07          4.5000000E-06
    rcs3d                   3.4702995E-06          2.9660000E-04
    rcs3w                   9.2222923E-07          2.9800000E-05
    rcs4d                   3.1382979E-06          1.7230000E-04
    rcs4w                   3.2036370E-03          9.7838300E-02
    rcs5d                   4.6169531E-05          1.1033000E-03
    rcs5w                   5.2210112E-05          3.2734000E-03
    rcs6d                   4.5124087E-05          6.5950000E-04
    rcs6w                   8.7734834E-06          2.2690000E-04
    rcs7d                   1.1293993E-05          8.6000000E-05
    rcs7w                   4.7581590E-06          4.4700000E-05
    rcs8d                   0.9963128              0.9425749
    rcs8w                   0.9990829              0.9522809
    rcs9d                   0.8921299              0.8882383
    rcs9w                   0.8684632              0.8975795
    rcs10d                  0.3266528              0.5112730
    rcs10w                  0.1537409              0.4146130
    rcs11d                  8.1958242E-07          1.5000000E-06
    rcs11w                  1.8842255E-06          7.0000000E-06
    rcs12d                  5.6740911E-06          1.6500000E-05
    rcs12w                  1.1525266E-08          1.0000000E-07
    rcr1d                   9.5663125E-06          1.4900000E-05
    rcr1w                   1.5728725E-04          1.3390000E-04
    rcr2d                   0.5498031              0.5431122
    rcr2w                   0.8227982              0.6816594
    rcr3d                   0.4460958              0.4425833
    rcr3w                   0.1611730              0.1340321
    rcr4d                   2.9987348E-04          9.8900000E-04
    rcr4w                   1.4257103E-03          1.5549000E-03
    rcr5d                   7.2877689E-05          5.7310000E-04
    rcr5w                   7.2544801E-05          1.4990000E-04
    rcr6d                   1.0467360E-05          1.6180000E-04
    rcr6w                   5.5360312E-04          1.0944000E-03
    rcr7d                   1.3884207E-05          2.3820000E-04
    rcr7w                   2.5506195E-02          5.7693400E-02
    rcr8d                   3.0818250E-05          5.2960000E-04
    rcr8w                   0.9772075              0.8666551
    rcr9d                   0.9997985              0.9902571
    rcr9w                   0.8584636              0.8110560
    rcr10d                  6.0299188E-05          3.1160000E-04
    rcr10w                  0.1431696              0.3084594
    rcr11d                  2.5716653E-07          1.4000000E-06
    rcr11w                  1.9936573E-06          4.1000000E-06
    rcr12d                  3.6631795E-11           0.000000
    rcr12w                  1.9449455E-10           0.000000
    rcgd                     0.000000               0.000000
    rcgw                     0.000000               0.000000
    tl                      0.9999999              0.9999573
    xw                       0.000000               0.000000
    yw                       0.000000               0.000000
    x                        0.000000               0.000000
    y                        0.000000               0.000000
    tlr                      0.000000               0.000000
    tls                      0.000000               0.000000
    beta                    0.7735571              0.5511320
 
    Note: run IDENTPAR yourself to see identiability contributions by different solution 
    space eigencomponents.


                   ANALYSIS OF PREDICTION
                   ----------------------

 PREDVAR1 analysis for prediction "q8076" ----->

    Sing_val       Null-space       Soln-space     Total             Total
    index          term             term           variance          std_dev
    --------       ----------       ----------     --------          -------
       0            1.0791361E+08     0.000000      1.0791361E+08      10388.15    
       3            9.4636842E+07     531.5427      9.4637373E+07      9728.174    
       6            1.7596286E+07     155052.7      1.7751339E+07      4213.234    
       7            1.1205518E+07     195143.7      1.1400661E+07      3376.486    
       8             203119.7         420633.3       623753.0          789.7803    
       9             202541.8         420663.7       623205.5          789.4337    
      10             174299.4         422645.2       596944.6          772.6219    
      11             171972.3         422951.2       594923.5          771.3128    
      12             169332.3         423848.0       593180.3          770.1820    
      13             103772.4         470905.7       574678.1          758.0753    
      14             35690.06         580263.7       615953.8          784.8272    
      15             1053.034         657192.9       658246.0          811.3236    
      16             1038.624         657250.1       658288.7          811.3499    
      17             583.2364         661521.4       662104.6          813.6981    
      18             583.2351         661521.4       662104.7          813.6982    
      21             578.1843         663184.2       663762.4          814.7161    
      24             519.0981         713669.8       714188.9          845.0970    
      27             85.48559         2479227.       2479312.          1574.583    
      30             14.41617         2856295.       2856310.          1690.062    
      33             1.794537         3105434.       3105435.          1762.224    
      36            0.9286628         3154401.       3154402.          1776.064    
      39            0.3125776         3225080.       3225080.          1795.851    
      42            0.2535887         3233467.       3233467.          1798.184    
      45            0.2527953         3234491.       3234491.          1798.469    
      48            1.2599843E-05     4822001.       4822001.          2195.906    
      51            1.0339153E-23     4890511.       4890511.          2211.450    
      54            1.3576985E-55    9.4075924E+07  9.4075924E+07      9699.274    
      57             0.000000        1.0000000E+35  1.0000000E+35     3.1622777E+17
      60             0.000000        1.0000000E+35  1.0000000E+35     3.1622777E+17
      62             0.000000        1.0000000E+35  1.0000000E+35     3.1622777E+17
 
    Pre-calibration:- 
    Total error variance                 =  1.0791361E+08
    Total error standard deviation       =   10388.15    
 
    Post-calibration:-
    Total error variance                 =   574678.1    
    Total error standard deviation       =   758.0753    
    Minimum error variance occurs at singular value number 13.
 
 
 PREDUNC1 analysis for prediction "q8076" ----->

    Pre-calibration:- 
    Total uncertainty variance           =  1.0791366E+08
    Total uncertainty standard deviation =   10388.15    
 
    Post-calibration:-
    Total uncertainty variance           =   512609.6    
    Total uncertainty standard deviation =   715.9676    
 
 
 PREDUNC4 analysis for prediction "q8076" ----->

    Contributions to predictive uncertainty variance

    Parameter      Pre-cal             Post-cal
    group          contribution        contribution
    ---------      ------------        ------------
    ddsd             7185230.            148.4000    
    ddsw             0.000000            396.6000    
    ddgd             0.000000            0.000000    
    ddgw             0.000000            0.000000    
    rcsd             1039100.            185868.6    
    rcsw             0.000000            31943.90    
    rcrd            8.5901127E+07        312066.7    
    rcrw             0.000000            36218.80    
    rcgd             0.000000            0.000000    
    rcgw             0.000000            0.000000    
    tl              1.2391533E+07        215.5000    
    xw               0.000000            0.000000    
    yw               0.000000            0.000000    
    x                0.000000            0.000000    
    y                0.000000            0.000000    
    tlr              0.000000            0.000000    
    tls              0.000000            0.000000    
    beta             1396620.            77491.20    
 
 
 PREDUNC5 observation subtraction analysis for prediction "q8076" ----->

    Increases in predictive uncertainty variance incurred through loss of observations

    Observation_group        Variance_increase
    -----------------        -----------------
    q                          512609.6    
 
 
 PREDUNC5 observation addition analysis for prediction "q8076" ----->

    Decreases in pre-calibration predictive uncertainty variance incurred through addition of observations

    Observation_group        Variance_decrease
    -----------------        -----------------
    q                          512609.6    
