 
 
                   ###################################################
                   #                                                 #
                   #      GENLINPRED UNCERTAINTY/ERROR ANALYSIS      #
                   #                                                 #
                   ###################################################
 
 
 
                   ANALYSIS DETAILS
                   ----------------
 
    Name of PEST control file                                   : master_lu.pst
    Factor by which to multiply observation weights             : 1.0000
    Source of parameter uncertainty data                        : uncertainty file
    Name of uncertainty file                                    : master_lu.unc
 
    Perform global parameter estimability analysis              : yes
         Parameter identifiability                              : yes
         Relative parameter error reduction                     : no
         Relative parameter uncertainty reduction               : yes
 
    Analyse error/uncertainty of an entity                      : yes
         Name of entity                                         : q7955
         Type of entity                                         : prediction
         File containing prediction sensitivities               : master_lu.jco
 
         Total error variance                                   : yes
         Total uncertainty                                      : yes
 
         Parameter contributions to error variance              : no
         Parameter contributions to uncertainty                 : yes
         Parameter contributions                                : by group
 
         Observation worth in reducing error variance           : no
         Observation worth in reducing uncertainty variance     : yes
         Observation worth                                      : by group


                   ANALYSIS OF PARAMETERS
                   ----------------------


 Outcomes of running program SUPCALC ----->
 
    Number of dimensions of calibration solution space = 13
    Number of dimensions of calibration null space     = 49

 Outcomes of parameter identifiability and error/uncertainty variance reduction analysis ----->
 
    Parameter              Identifiability        Rel_uncert_var_redn
    ---------              ---------------        -------------------
    ddsd                    0.9999522              0.9990993
    ddsw                    0.9998771              0.9992743
    ddgd                    2.9322562E-29           0.000000
    ddgw                    1.9306643E-29           0.000000
    rcs1d                   2.0082607E-10          1.0000000E-07
    rcs1w                   5.0535385E-30           0.000000
    rcs2d                   1.1841782E-04          9.2247000E-03
    rcs2w                   1.2214079E-07          4.5000000E-06
    rcs3d                   3.4702995E-06          2.9660000E-04
    rcs3w                   9.2222923E-07          2.9800000E-05
    rcs4d                   3.1382979E-06          1.7230000E-04
    rcs4w                   3.2036370E-03          9.7838300E-02
    rcs5d                   4.6169531E-05          1.1033000E-03
    rcs5w                   5.2210112E-05          3.2734000E-03
    rcs6d                   4.5124087E-05          6.5950000E-04
    rcs6w                   8.7734834E-06          2.2690000E-04
    rcs7d                   1.1293993E-05          8.6000000E-05
    rcs7w                   4.7581590E-06          4.4700000E-05
    rcs8d                   0.9963128              0.9425749
    rcs8w                   0.9990829              0.9522809
    rcs9d                   0.8921299              0.8882383
    rcs9w                   0.8684632              0.8975795
    rcs10d                  0.3266528              0.5112730
    rcs10w                  0.1537409              0.4146130
    rcs11d                  8.1958242E-07          1.5000000E-06
    rcs11w                  1.8842255E-06          7.0000000E-06
    rcs12d                  5.6740911E-06          1.6500000E-05
    rcs12w                  1.1525266E-08          1.0000000E-07
    rcr1d                   9.5663125E-06          1.4900000E-05
    rcr1w                   1.5728725E-04          1.3390000E-04
    rcr2d                   0.5498031              0.5431122
    rcr2w                   0.8227982              0.6816594
    rcr3d                   0.4460958              0.4425833
    rcr3w                   0.1611730              0.1340321
    rcr4d                   2.9987348E-04          9.8900000E-04
    rcr4w                   1.4257103E-03          1.5549000E-03
    rcr5d                   7.2877689E-05          5.7310000E-04
    rcr5w                   7.2544801E-05          1.4990000E-04
    rcr6d                   1.0467360E-05          1.6180000E-04
    rcr6w                   5.5360312E-04          1.0944000E-03
    rcr7d                   1.3884207E-05          2.3820000E-04
    rcr7w                   2.5506195E-02          5.7693400E-02
    rcr8d                   3.0818250E-05          5.2960000E-04
    rcr8w                   0.9772075              0.8666551
    rcr9d                   0.9997985              0.9902571
    rcr9w                   0.8584636              0.8110560
    rcr10d                  6.0299188E-05          3.1160000E-04
    rcr10w                  0.1431696              0.3084594
    rcr11d                  2.5716653E-07          1.4000000E-06
    rcr11w                  1.9936573E-06          4.1000000E-06
    rcr12d                  3.6631795E-11           0.000000
    rcr12w                  1.9449455E-10           0.000000
    rcgd                     0.000000               0.000000
    rcgw                     0.000000               0.000000
    tl                      0.9999999              0.9999573
    xw                       0.000000               0.000000
    yw                       0.000000               0.000000
    x                        0.000000               0.000000
    y                        0.000000               0.000000
    tlr                      0.000000               0.000000
    tls                      0.000000               0.000000
    beta                    0.7735571              0.5511320
 
    Note: run IDENTPAR yourself to see identiability contributions by different solution 
    space eigencomponents.


                   ANALYSIS OF PREDICTION
                   ----------------------

 PREDVAR1 analysis for prediction "q7955" ----->

    Sing_val       Null-space       Soln-space     Total             Total
    index          term             term           variance          std_dev
    --------       ----------       ----------     --------          -------
       0            4.5302825E+09     0.000000      4.5302825E+09      67307.37    
       3            2.8211386E+07     488265.0      2.8699651E+07      5357.206    
       6             9837876.         525570.7      1.0363446E+07      3219.231    
       9             1502598.         631294.6       2133892.          1460.785    
      10             230599.6         720540.3       951139.9          975.2640    
      11             229703.8         720658.1       950361.9          974.8651    
      12             224115.3         722556.5       946671.8          972.9706    
      13             5498.083         879475.8       884973.9          940.7305    
      14             3914.779         882019.0       885933.8          941.2406    
      15             1266.726         887900.4       889167.1          942.9566    
      16             1258.214         887934.1       889192.3          942.9699    
      17             1066.688         889730.6       890797.2          943.8205    
      18             1065.979         889750.6       890816.6          943.8308    
      19             705.6960         926141.4       926847.0          962.7289    
      20             441.7796         967603.1       968044.8          983.8927    
      21             441.7694         967607.8       968049.6          983.8951    
      24             57.83488         1306731.       1306789.          1143.149    
      27             37.45222         1376715.       1376753.          1173.351    
      30             34.84877         1390492.       1390527.          1179.206    
      33             2.597878         1760083.       1760086.          1326.682    
      36             1.633107         1815395.       1815397.          1347.367    
      39            0.4945204         1946061.       1946062.          1395.013    
      42            0.1117471         2071934.       2071934.          1439.421    
      45            0.1078544         2074243.       2074243.          1440.223    
      48            2.0350327E-05     2534835.       2534835.          1592.117    
      51            1.1391103E-23     2694968.       2694968.          1641.636    
      54            1.4240141E-56    1.6771142E+07  1.6771142E+07      4095.258    
      57             0.000000        1.0000000E+35  1.0000000E+35     3.1622777E+17
      60             0.000000        1.0000000E+35  1.0000000E+35     3.1622777E+17
      62             0.000000        1.0000000E+35  1.0000000E+35     3.1622777E+17
 
    Pre-calibration:- 
    Total error variance                 =  4.5302825E+09
    Total error standard deviation       =   67307.37    
 
    Post-calibration:-
    Total error variance                 =   884973.9    
    Total error standard deviation       =   940.7305    
    Minimum error variance occurs at singular value number 13.
 
 
 PREDUNC1 analysis for prediction "q7955" ----->

    Pre-calibration:- 
    Total uncertainty variance           =  4.5302821E+09
    Total uncertainty standard deviation =   67307.37    
 
    Post-calibration:-
    Total uncertainty variance           =   809710.9    
    Total uncertainty standard deviation =   899.8394    
 
 
 PREDUNC4 analysis for prediction "q7955" ----->

    Contributions to predictive uncertainty variance

    Parameter      Pre-cal             Post-cal
    group          contribution        contribution
    ---------      ------------        ------------
    ddsd            2.2233356E+09        6220.100    
    ddsw             0.000000            8.600000    
    ddgd             0.000000            0.000000    
    ddgw             0.000000            0.000000    
    rcsd            2.1235430E+08        142002.9    
    rcsw             0.000000            21866.30    
    rcrd             9684100.            200443.8    
    rcrw             0.000000            29005.30    
    rcgd             0.000000            0.000000    
    rcgw             0.000000            0.000000    
    tl              2.0820339E+09        16543.30    
    xw               0.000000            0.000000    
    yw               0.000000            0.000000    
    x                0.000000            0.000000    
    y                0.000000            0.000000    
    tlr              0.000000            0.000000    
    tls              0.000000            0.000000    
    beta             2874500.            62752.80    
 
 
 PREDUNC5 observation subtraction analysis for prediction "q7955" ----->

    Increases in predictive uncertainty variance incurred through loss of observations

    Observation_group        Variance_increase
    -----------------        -----------------
    q                          809710.9    
 
 
 PREDUNC5 observation addition analysis for prediction "q7955" ----->

    Decreases in pre-calibration predictive uncertainty variance incurred through addition of observations

    Observation_group        Variance_decrease
    -----------------        -----------------
    q                          809710.9    
