 
 
                   ###################################################
                   #                                                 #
                   #      GENLINPRED UNCERTAINTY/ERROR ANALYSIS      #
                   #                                                 #
                   ###################################################
 
 
 
                   ANALYSIS DETAILS
                   ----------------
 
    Name of PEST control file                                   : master_lu.pst
    Factor by which to multiply observation weights             : 1.0000
    Source of parameter uncertainty data                        : uncertainty file
    Name of uncertainty file                                    : master_lu.unc
 
    Perform global parameter estimability analysis              : yes
         Parameter identifiability                              : yes
         Relative parameter error reduction                     : no
         Relative parameter uncertainty reduction               : yes
 
    Analyse error/uncertainty of an entity                      : yes
         Name of entity                                         : q7926
         Type of entity                                         : prediction
         File containing prediction sensitivities               : master_lu.jco
 
         Total error variance                                   : yes
         Total uncertainty                                      : yes
 
         Parameter contributions to error variance              : no
         Parameter contributions to uncertainty                 : yes
         Parameter contributions                                : by group
 
         Observation worth in reducing error variance           : no
         Observation worth in reducing uncertainty variance     : yes
         Observation worth                                      : by group


                   ANALYSIS OF PARAMETERS
                   ----------------------


 Outcomes of running program SUPCALC ----->
 
    Number of dimensions of calibration solution space = 13
    Number of dimensions of calibration null space     = 49

 Outcomes of parameter identifiability and error/uncertainty variance reduction analysis ----->
 
    Parameter              Identifiability        Rel_uncert_var_redn
    ---------              ---------------        -------------------
    ddsd                    0.9999522              0.9990993
    ddsw                    0.9998771              0.9992743
    ddgd                    2.9322562E-29           0.000000
    ddgw                    1.9306643E-29           0.000000
    rcs1d                   2.0082607E-10          1.0000000E-07
    rcs1w                   5.0535385E-30           0.000000
    rcs2d                   1.1841782E-04          9.2247000E-03
    rcs2w                   1.2214079E-07          4.5000000E-06
    rcs3d                   3.4702995E-06          2.9660000E-04
    rcs3w                   9.2222923E-07          2.9800000E-05
    rcs4d                   3.1382979E-06          1.7230000E-04
    rcs4w                   3.2036370E-03          9.7838300E-02
    rcs5d                   4.6169531E-05          1.1033000E-03
    rcs5w                   5.2210112E-05          3.2734000E-03
    rcs6d                   4.5124087E-05          6.5950000E-04
    rcs6w                   8.7734834E-06          2.2690000E-04
    rcs7d                   1.1293993E-05          8.6000000E-05
    rcs7w                   4.7581590E-06          4.4700000E-05
    rcs8d                   0.9963128              0.9425749
    rcs8w                   0.9990829              0.9522809
    rcs9d                   0.8921299              0.8882383
    rcs9w                   0.8684632              0.8975795
    rcs10d                  0.3266528              0.5112730
    rcs10w                  0.1537409              0.4146130
    rcs11d                  8.1958242E-07          1.5000000E-06
    rcs11w                  1.8842255E-06          7.0000000E-06
    rcs12d                  5.6740911E-06          1.6500000E-05
    rcs12w                  1.1525266E-08          1.0000000E-07
    rcr1d                   9.5663125E-06          1.4900000E-05
    rcr1w                   1.5728725E-04          1.3390000E-04
    rcr2d                   0.5498031              0.5431122
    rcr2w                   0.8227982              0.6816594
    rcr3d                   0.4460958              0.4425833
    rcr3w                   0.1611730              0.1340321
    rcr4d                   2.9987348E-04          9.8900000E-04
    rcr4w                   1.4257103E-03          1.5549000E-03
    rcr5d                   7.2877689E-05          5.7310000E-04
    rcr5w                   7.2544801E-05          1.4990000E-04
    rcr6d                   1.0467360E-05          1.6180000E-04
    rcr6w                   5.5360312E-04          1.0944000E-03
    rcr7d                   1.3884207E-05          2.3820000E-04
    rcr7w                   2.5506195E-02          5.7693400E-02
    rcr8d                   3.0818250E-05          5.2960000E-04
    rcr8w                   0.9772075              0.8666551
    rcr9d                   0.9997985              0.9902571
    rcr9w                   0.8584636              0.8110560
    rcr10d                  6.0299188E-05          3.1160000E-04
    rcr10w                  0.1431696              0.3084594
    rcr11d                  2.5716653E-07          1.4000000E-06
    rcr11w                  1.9936573E-06          4.1000000E-06
    rcr12d                  3.6631795E-11           0.000000
    rcr12w                  1.9449455E-10           0.000000
    rcgd                     0.000000               0.000000
    rcgw                     0.000000               0.000000
    tl                      0.9999999              0.9999573
    xw                       0.000000               0.000000
    yw                       0.000000               0.000000
    x                        0.000000               0.000000
    y                        0.000000               0.000000
    tlr                      0.000000               0.000000
    tls                      0.000000               0.000000
    beta                    0.7735571              0.5511320
 
    Note: run IDENTPAR yourself to see identiability contributions by different solution 
    space eigencomponents.


                   ANALYSIS OF PREDICTION
                   ----------------------

 PREDVAR1 analysis for prediction "q7926" ----->

    Sing_val       Null-space       Soln-space     Total             Total
    index          term             term           variance          std_dev
    --------       ----------       ----------     --------          -------
       0            8.2095757E+09     0.000000      8.2095757E+09      90606.71    
       3            1.8746111E+07     309311.0      1.9055422E+07      4365.252    
       6             8605234.         335184.4       8940419.          2990.053    
       9             392550.9         463174.6       855725.6          925.0544    
      10             391900.7         463220.3       855121.0          924.7275    
      11             391586.0         463261.6       854847.7          924.5797    
      12             374751.6         468980.2       843731.8          918.5487    
      13             66891.15         689956.7       756847.8          869.9700    
      14             32440.97         745292.7       777733.6          881.8921    
      15             1841.610         813254.2       815095.8          902.8266    
      16             1697.580         813825.1       815522.7          903.0630    
      17             848.9581         821784.8       822633.8          906.9916    
      18             835.9980         822151.4       822987.4          907.1865    
      19             204.2403         885962.6       886166.9          941.3644    
      20             160.6596         892809.2       892969.9          944.9708    
      21             160.5229         892872.6       893033.1          945.0043    
      24             61.66545         988446.4       988508.1          994.2374    
      27             54.08173         1009317.       1009371.          1004.675    
      30             50.83012         1027011.       1027062.          1013.441    
      33             1.659017         1642096.       1642098.          1281.444    
      36            0.9384675         1682512.       1682513.          1297.117    
      39            0.4213123         1740359.       1740359.          1319.227    
      42            0.1107876         1838770.       1838770.          1356.013    
      45            9.2531139E-02     1855976.       1855976.          1362.342    
      48            1.3236017E-04     2442017.       2442017.          1562.695    
      51            4.5600607E-23     2552829.       2552829.          1597.757    
      54            5.2756665E-56    2.0646364E+08  2.0646364E+08      14368.84    
      57             0.000000        1.0000000E+35  1.0000000E+35     3.1622777E+17
      60             0.000000        1.0000000E+35  1.0000000E+35     3.1622777E+17
      62             0.000000        1.0000000E+35  1.0000000E+35     3.1622777E+17
 
    Pre-calibration:- 
    Total error variance                 =  8.2095757E+09
    Total error standard deviation       =   90606.71    
 
    Post-calibration:-
    Total error variance                 =   756847.8    
    Total error standard deviation       =   869.9700    
    Minimum error variance occurs at singular value number 13.
 
 
 PREDUNC1 analysis for prediction "q7926" ----->

    Pre-calibration:- 
    Total uncertainty variance           =  8.2095759E+09
    Total uncertainty standard deviation =   90606.71    
 
    Post-calibration:-
    Total uncertainty variance           =   637740.9    
    Total uncertainty standard deviation =   798.5868    
 
 
 PREDUNC4 analysis for prediction "q7926" ----->

    Contributions to predictive uncertainty variance

    Parameter      Pre-cal             Post-cal
    group          contribution        contribution
    ---------      ------------        ------------
    ddsd            1.2657670E+08        3357.200    
    ddsw             0.000000            2669.400    
    ddgd             0.000000            0.000000    
    ddgw             0.000000            0.000000    
    rcsd            1.2449700E+07        43564.20    
    rcsw             0.000000            46189.00    
    rcrd            2.1134100E+07        125633.8    
    rcrw             0.000000            86859.80    
    rcgd             0.000000            0.000000    
    rcgw             0.000000            0.000000    
    tl              8.0474840E+09        274968.3    
    xw               0.000000            0.000000    
    yw               0.000000            0.000000    
    x                0.000000            0.000000    
    y                0.000000            0.000000    
    tlr              0.000000            0.000000    
    tls              0.000000            0.000000    
    beta             1931200.            178591.8    
 
 
 PREDUNC5 observation subtraction analysis for prediction "q7926" ----->

    Increases in predictive uncertainty variance incurred through loss of observations

    Observation_group        Variance_increase
    -----------------        -----------------
    q                          637740.9    
 
 
 PREDUNC5 observation addition analysis for prediction "q7926" ----->

    Decreases in pre-calibration predictive uncertainty variance incurred through addition of observations

    Observation_group        Variance_decrease
    -----------------        -----------------
    q                          637740.9    
