 
 
                   ###################################################
                   #                                                 #
                   #      GENLINPRED UNCERTAINTY/ERROR ANALYSIS      #
                   #                                                 #
                   ###################################################
 
 
 
                   ANALYSIS DETAILS
                   ----------------
 
    Name of PEST control file                                   : master_lu.pst
    Factor by which to multiply observation weights             : 1.0000
    Source of parameter uncertainty data                        : uncertainty file
    Name of uncertainty file                                    : master_lu.unc
 
    Perform global parameter estimability analysis              : yes
         Parameter identifiability                              : yes
         Relative parameter error reduction                     : no
         Relative parameter uncertainty reduction               : yes
 
    Analyse error/uncertainty of an entity                      : yes
         Name of entity                                         : q7907
         Type of entity                                         : prediction
         File containing prediction sensitivities               : master_lu.jco
 
         Total error variance                                   : yes
         Total uncertainty                                      : yes
 
         Parameter contributions to error variance              : no
         Parameter contributions to uncertainty                 : yes
         Parameter contributions                                : by group
 
         Observation worth in reducing error variance           : no
         Observation worth in reducing uncertainty variance     : yes
         Observation worth                                      : by group


                   ANALYSIS OF PARAMETERS
                   ----------------------


 Outcomes of running program SUPCALC ----->
 
    Number of dimensions of calibration solution space = 13
    Number of dimensions of calibration null space     = 49

 Outcomes of parameter identifiability and error/uncertainty variance reduction analysis ----->
 
    Parameter              Identifiability        Rel_uncert_var_redn
    ---------              ---------------        -------------------
    ddsd                    0.9999522              0.9990993
    ddsw                    0.9998771              0.9992743
    ddgd                    2.9322562E-29           0.000000
    ddgw                    1.9306643E-29           0.000000
    rcs1d                   2.0082607E-10          1.0000000E-07
    rcs1w                   5.0535385E-30           0.000000
    rcs2d                   1.1841782E-04          9.2247000E-03
    rcs2w                   1.2214079E-07          4.5000000E-06
    rcs3d                   3.4702995E-06          2.9660000E-04
    rcs3w                   9.2222923E-07          2.9800000E-05
    rcs4d                   3.1382979E-06          1.7230000E-04
    rcs4w                   3.2036370E-03          9.7838300E-02
    rcs5d                   4.6169531E-05          1.1033000E-03
    rcs5w                   5.2210112E-05          3.2734000E-03
    rcs6d                   4.5124087E-05          6.5950000E-04
    rcs6w                   8.7734834E-06          2.2690000E-04
    rcs7d                   1.1293993E-05          8.6000000E-05
    rcs7w                   4.7581590E-06          4.4700000E-05
    rcs8d                   0.9963128              0.9425749
    rcs8w                   0.9990829              0.9522809
    rcs9d                   0.8921299              0.8882383
    rcs9w                   0.8684632              0.8975795
    rcs10d                  0.3266528              0.5112730
    rcs10w                  0.1537409              0.4146130
    rcs11d                  8.1958242E-07          1.5000000E-06
    rcs11w                  1.8842255E-06          7.0000000E-06
    rcs12d                  5.6740911E-06          1.6500000E-05
    rcs12w                  1.1525266E-08          1.0000000E-07
    rcr1d                   9.5663125E-06          1.4900000E-05
    rcr1w                   1.5728725E-04          1.3390000E-04
    rcr2d                   0.5498031              0.5431122
    rcr2w                   0.8227982              0.6816594
    rcr3d                   0.4460958              0.4425833
    rcr3w                   0.1611730              0.1340321
    rcr4d                   2.9987348E-04          9.8900000E-04
    rcr4w                   1.4257103E-03          1.5549000E-03
    rcr5d                   7.2877689E-05          5.7310000E-04
    rcr5w                   7.2544801E-05          1.4990000E-04
    rcr6d                   1.0467360E-05          1.6180000E-04
    rcr6w                   5.5360312E-04          1.0944000E-03
    rcr7d                   1.3884207E-05          2.3820000E-04
    rcr7w                   2.5506195E-02          5.7693400E-02
    rcr8d                   3.0818250E-05          5.2960000E-04
    rcr8w                   0.9772075              0.8666551
    rcr9d                   0.9997985              0.9902571
    rcr9w                   0.8584636              0.8110560
    rcr10d                  6.0299188E-05          3.1160000E-04
    rcr10w                  0.1431696              0.3084594
    rcr11d                  2.5716653E-07          1.4000000E-06
    rcr11w                  1.9936573E-06          4.1000000E-06
    rcr12d                  3.6631795E-11           0.000000
    rcr12w                  1.9449455E-10           0.000000
    rcgd                     0.000000               0.000000
    rcgw                     0.000000               0.000000
    tl                      0.9999999              0.9999573
    xw                       0.000000               0.000000
    yw                       0.000000               0.000000
    x                        0.000000               0.000000
    y                        0.000000               0.000000
    tlr                      0.000000               0.000000
    tls                      0.000000               0.000000
    beta                    0.7735571              0.5511320
 
    Note: run IDENTPAR yourself to see identiability contributions by different solution 
    space eigencomponents.


                   ANALYSIS OF PREDICTION
                   ----------------------

 PREDVAR1 analysis for prediction "q7907" ----->

    Sing_val       Null-space       Soln-space     Total             Total
    index          term             term           variance          std_dev
    --------       ----------       ----------     --------          -------
       0            2.7147440E+08     0.000000      2.7147440E+08      16476.48    
       3            1.2304239E+07     42513.52      1.2346753E+07      3513.795    
       6             7582084.         51982.79       7634067.          2762.982    
       9             375664.8         135930.9       511595.7          715.2592    
      10             372934.2         136122.5       509056.7          713.4821    
      11             368438.7         136713.7       505152.3          710.7407    
      12             361693.8         139004.9       500698.6          707.6006    
      13             79567.23         341510.0       421077.2          648.9046    
      14             41566.63         402548.9       444115.5          666.4199    
      15             1983.294         490463.9       492447.2          701.7458    
      16             1974.788         490497.6       492472.4          701.7638    
      17             1222.636         497552.5       498775.1          706.2401    
      18             1222.581         497554.1       498776.6          706.2412    
      19             501.8249         570354.7       570856.6          755.5505    
      20             214.0751         615560.7       615774.8          784.7132    
      21             212.4440         616316.5       616529.0          785.1936    
      24             11.74247         746369.6       746381.3          863.9336    
      27             11.41066         747712.5       747723.9          864.7103    
      30             7.261298         769834.9       769842.1          877.4065    
      33             2.213766         825455.0       825457.2          908.5468    
      36             1.596996         861156.8       861158.4          927.9862    
      39            0.2970690         1010022.       1010022.          1004.999    
      42            6.6073976E-02     1047350.       1047350.          1023.401    
      45            4.0353011E-02     1065955.       1065955.          1032.451    
      48            5.1709188E-05     1237606.       1237606.          1112.477    
      51            4.3040212E-24     1342547.       1342547.          1158.683    
      54            4.4226394E-56    3.7758825E+07  3.7758825E+07      6144.821    
      57             0.000000        1.0000000E+35  1.0000000E+35     3.1622777E+17
      60             0.000000        1.0000000E+35  1.0000000E+35     3.1622777E+17
      62             0.000000        1.0000000E+35  1.0000000E+35     3.1622777E+17
 
    Pre-calibration:- 
    Total error variance                 =  2.7147440E+08
    Total error standard deviation       =   16476.48    
 
    Post-calibration:-
    Total error variance                 =   421077.2    
    Total error standard deviation       =   648.9046    
    Minimum error variance occurs at singular value number 13.
 
 
 PREDUNC1 analysis for prediction "q7907" ----->

    Pre-calibration:- 
    Total uncertainty variance           =  2.7147439E+08
    Total uncertainty standard deviation =   16476.48    
 
    Post-calibration:-
    Total uncertainty variance           =   307520.8    
    Total uncertainty standard deviation =   554.5456    
 
 
 PREDUNC4 analysis for prediction "q7907" ----->

    Contributions to predictive uncertainty variance

    Parameter      Pre-cal             Post-cal
    group          contribution        contribution
    ---------      ------------        ------------
    ddsd            1.8550712E+08        709.9000    
    ddsw             0.000000            1187.900    
    ddgd             0.000000            0.000000    
    ddgw             0.000000            0.000000    
    rcsd            1.7780960E+07        63022.20    
    rcsw             0.000000            75516.50    
    rcrd            2.8825720E+07        71566.70    
    rcrw             0.000000            80003.20    
    rcgd             0.000000            0.000000    
    rcgw             0.000000            0.000000    
    tl              3.7055680E+07        335.6000    
    xw               0.000000            0.000000    
    yw               0.000000            0.000000    
    x                0.000000            0.000000    
    y                0.000000            0.000000    
    tlr              0.000000            0.000000    
    tls              0.000000            0.000000    
    beta             2304900.            174851.6    
 
 
 PREDUNC5 observation subtraction analysis for prediction "q7907" ----->

    Increases in predictive uncertainty variance incurred through loss of observations

    Observation_group        Variance_increase
    -----------------        -----------------
    q                          307520.8    
 
 
 PREDUNC5 observation addition analysis for prediction "q7907" ----->

    Decreases in pre-calibration predictive uncertainty variance incurred through addition of observations

    Observation_group        Variance_decrease
    -----------------        -----------------
    q                          307520.8    
