 
 
                   ###################################################
                   #                                                 #
                   #      GENLINPRED UNCERTAINTY/ERROR ANALYSIS      #
                   #                                                 #
                   ###################################################
 
 
 
                   ANALYSIS DETAILS
                   ----------------
 
    Name of PEST control file                                   : master_lu.pst
    Factor by which to multiply observation weights             : 1.0000
    Source of parameter uncertainty data                        : uncertainty file
    Name of uncertainty file                                    : master_lu.unc
 
    Perform global parameter estimability analysis              : yes
         Parameter identifiability                              : yes
         Relative parameter error reduction                     : no
         Relative parameter uncertainty reduction               : yes
 
    Analyse error/uncertainty of an entity                      : yes
         Name of entity                                         : q7789
         Type of entity                                         : prediction
         File containing prediction sensitivities               : master_lu.jco
 
         Total error variance                                   : yes
         Total uncertainty                                      : yes
 
         Parameter contributions to error variance              : no
         Parameter contributions to uncertainty                 : yes
         Parameter contributions                                : by group
 
         Observation worth in reducing error variance           : no
         Observation worth in reducing uncertainty variance     : yes
         Observation worth                                      : by group


                   ANALYSIS OF PARAMETERS
                   ----------------------


 Outcomes of running program SUPCALC ----->
 
    Number of dimensions of calibration solution space = 13
    Number of dimensions of calibration null space     = 49

 Outcomes of parameter identifiability and error/uncertainty variance reduction analysis ----->
 
    Parameter              Identifiability        Rel_uncert_var_redn
    ---------              ---------------        -------------------
    ddsd                    0.9999522              0.9990993
    ddsw                    0.9998771              0.9992743
    ddgd                    2.9322562E-29           0.000000
    ddgw                    1.9306643E-29           0.000000
    rcs1d                   2.0082607E-10          1.0000000E-07
    rcs1w                   5.0535385E-30           0.000000
    rcs2d                   1.1841782E-04          9.2247000E-03
    rcs2w                   1.2214079E-07          4.5000000E-06
    rcs3d                   3.4702995E-06          2.9660000E-04
    rcs3w                   9.2222923E-07          2.9800000E-05
    rcs4d                   3.1382979E-06          1.7230000E-04
    rcs4w                   3.2036370E-03          9.7838300E-02
    rcs5d                   4.6169531E-05          1.1033000E-03
    rcs5w                   5.2210112E-05          3.2734000E-03
    rcs6d                   4.5124087E-05          6.5950000E-04
    rcs6w                   8.7734834E-06          2.2690000E-04
    rcs7d                   1.1293993E-05          8.6000000E-05
    rcs7w                   4.7581590E-06          4.4700000E-05
    rcs8d                   0.9963128              0.9425749
    rcs8w                   0.9990829              0.9522809
    rcs9d                   0.8921299              0.8882383
    rcs9w                   0.8684632              0.8975795
    rcs10d                  0.3266528              0.5112730
    rcs10w                  0.1537409              0.4146130
    rcs11d                  8.1958242E-07          1.5000000E-06
    rcs11w                  1.8842255E-06          7.0000000E-06
    rcs12d                  5.6740911E-06          1.6500000E-05
    rcs12w                  1.1525266E-08          1.0000000E-07
    rcr1d                   9.5663125E-06          1.4900000E-05
    rcr1w                   1.5728725E-04          1.3390000E-04
    rcr2d                   0.5498031              0.5431122
    rcr2w                   0.8227982              0.6816594
    rcr3d                   0.4460958              0.4425833
    rcr3w                   0.1611730              0.1340321
    rcr4d                   2.9987348E-04          9.8900000E-04
    rcr4w                   1.4257103E-03          1.5549000E-03
    rcr5d                   7.2877689E-05          5.7310000E-04
    rcr5w                   7.2544801E-05          1.4990000E-04
    rcr6d                   1.0467360E-05          1.6180000E-04
    rcr6w                   5.5360312E-04          1.0944000E-03
    rcr7d                   1.3884207E-05          2.3820000E-04
    rcr7w                   2.5506195E-02          5.7693400E-02
    rcr8d                   3.0818250E-05          5.2960000E-04
    rcr8w                   0.9772075              0.8666551
    rcr9d                   0.9997985              0.9902571
    rcr9w                   0.8584636              0.8110560
    rcr10d                  6.0299188E-05          3.1160000E-04
    rcr10w                  0.1431696              0.3084594
    rcr11d                  2.5716653E-07          1.4000000E-06
    rcr11w                  1.9936573E-06          4.1000000E-06
    rcr12d                  3.6631795E-11           0.000000
    rcr12w                  1.9449455E-10           0.000000
    rcgd                     0.000000               0.000000
    rcgw                     0.000000               0.000000
    tl                      0.9999999              0.9999573
    xw                       0.000000               0.000000
    yw                       0.000000               0.000000
    x                        0.000000               0.000000
    y                        0.000000               0.000000
    tlr                      0.000000               0.000000
    tls                      0.000000               0.000000
    beta                    0.7735571              0.5511320
 
    Note: run IDENTPAR yourself to see identiability contributions by different solution 
    space eigencomponents.


                   ANALYSIS OF PREDICTION
                   ----------------------

 PREDVAR1 analysis for prediction "q7789" ----->

    Sing_val       Null-space       Soln-space     Total             Total
    index          term             term           variance          std_dev
    --------       ----------       ----------     --------          -------
       0            1.7491459E+07     0.000000      1.7491459E+07      4182.279    
       3            1.7451962E+07     2.130167      1.7451964E+07      4177.555    
       6             4044596.         26882.45       4071479.          2017.791    
       7             1770110.         41150.90       1811260.          1345.831    
       8             363307.0         69982.74       433289.8          658.2475    
       9             363022.0         69997.74       433019.7          658.0423    
      10             362878.1         70007.83       432885.9          657.9407    
      11             358685.1         70559.20       429244.3          655.1674    
      12             351904.8         72862.46       424767.2          651.7417    
      13             117613.3         241032.5       358645.8          598.8704    
      14             50952.91         348106.5       399059.4          631.7115    
      15             932.4223         459202.5       460134.9          678.3324    
      16             916.3761         459266.1       460182.5          678.3675    
      17             80.07366         467110.3       467190.4          683.5133    
      18             80.07344         467110.3       467190.4          683.5133    
      21             26.01015         473831.6       473857.6          688.3732    
      24             1.197825         493673.7       493674.9          702.6200    
      27             1.022382         494283.1       494284.1          703.0534    
      30            0.6635293         496205.1       496205.7          704.4187    
      33            0.4457019         501173.4       501173.9          707.9364    
      36            0.2756494         511441.9       511442.2          715.1519    
      39            3.4155117E-02     538604.7       538604.7          733.8969    
      42            2.6402297E-02     540772.6       540772.6          735.3724    
      45            5.2146853E-03     556863.9       556863.9          746.2331    
      48            4.0665189E-05     579306.1       579306.1          761.1216    
      51            4.7084168E-25     586219.4       586219.4          765.6497    
      54            6.4955917E-57    1.3771866E+07  1.3771866E+07      3711.046    
      57             0.000000        1.0000000E+35  1.0000000E+35     3.1622777E+17
      60             0.000000        1.0000000E+35  1.0000000E+35     3.1622777E+17
      62             0.000000        1.0000000E+35  1.0000000E+35     3.1622777E+17
 
    Pre-calibration:- 
    Total error variance                 =  1.7491459E+07
    Total error standard deviation       =   4182.279    
 
    Post-calibration:-
    Total error variance                 =   358645.8    
    Total error standard deviation       =   598.8704    
    Minimum error variance occurs at singular value number 13.
 
 
 PREDUNC1 analysis for prediction "q7789" ----->

    Pre-calibration:- 
    Total uncertainty variance           =  1.7491458E+07
    Total uncertainty standard deviation =   4182.279    
 
    Post-calibration:-
    Total uncertainty variance           =   245813.2    
    Total uncertainty standard deviation =   495.7955    
 
 
 PREDUNC4 analysis for prediction "q7789" ----->

    Contributions to predictive uncertainty variance

    Parameter      Pre-cal             Post-cal
    group          contribution        contribution
    ---------      ------------        ------------
    ddsd             655249.0            23.50000    
    ddsw             0.000000            890.2000    
    ddgd             0.000000            0.000000    
    ddgw             0.000000            0.000000    
    rcsd             24510.00            142984.3    
    rcsw             0.000000            72545.50    
    rcrd            1.5868491E+07        89659.80    
    rcrw             0.000000            79721.20    
    rcgd             0.000000            0.000000    
    rcgw             0.000000            0.000000    
    tl               29217.00            129.9000    
    xw               0.000000            0.000000    
    yw               0.000000            0.000000    
    x                0.000000            0.000000    
    y                0.000000            0.000000    
    tlr              0.000000            0.000000    
    tls              0.000000            0.000000    
    beta             913993.0            173082.8    
 
 
 PREDUNC5 observation subtraction analysis for prediction "q7789" ----->

    Increases in predictive uncertainty variance incurred through loss of observations

    Observation_group        Variance_increase
    -----------------        -----------------
    q                          245813.2    
 
 
 PREDUNC5 observation addition analysis for prediction "q7789" ----->

    Decreases in pre-calibration predictive uncertainty variance incurred through addition of observations

    Observation_group        Variance_decrease
    -----------------        -----------------
    q                          245813.2    
