 
 
                   ###################################################
                   #                                                 #
                   #      GENLINPRED UNCERTAINTY/ERROR ANALYSIS      #
                   #                                                 #
                   ###################################################
 
 
 
                   ANALYSIS DETAILS
                   ----------------
 
    Name of PEST control file                                   : master_lu.pst
    Factor by which to multiply observation weights             : 1.0000
    Source of parameter uncertainty data                        : uncertainty file
    Name of uncertainty file                                    : master_lu.unc
 
    Perform global parameter estimability analysis              : yes
         Parameter identifiability                              : yes
         Relative parameter error reduction                     : no
         Relative parameter uncertainty reduction               : yes
 
    Analyse error/uncertainty of an entity                      : yes
         Name of entity                                         : q7762
         Type of entity                                         : prediction
         File containing prediction sensitivities               : master_lu.jco
 
         Total error variance                                   : yes
         Total uncertainty                                      : yes
 
         Parameter contributions to error variance              : no
         Parameter contributions to uncertainty                 : yes
         Parameter contributions                                : by group
 
         Observation worth in reducing error variance           : no
         Observation worth in reducing uncertainty variance     : yes
         Observation worth                                      : by group


                   ANALYSIS OF PARAMETERS
                   ----------------------


 Outcomes of running program SUPCALC ----->
 
    Number of dimensions of calibration solution space = 13
    Number of dimensions of calibration null space     = 49

 Outcomes of parameter identifiability and error/uncertainty variance reduction analysis ----->
 
    Parameter              Identifiability        Rel_uncert_var_redn
    ---------              ---------------        -------------------
    ddsd                    0.9999522              0.9990993
    ddsw                    0.9998771              0.9992743
    ddgd                    2.9322562E-29           0.000000
    ddgw                    1.9306643E-29           0.000000
    rcs1d                   2.0082607E-10          1.0000000E-07
    rcs1w                   5.0535385E-30           0.000000
    rcs2d                   1.1841782E-04          9.2247000E-03
    rcs2w                   1.2214079E-07          4.5000000E-06
    rcs3d                   3.4702995E-06          2.9660000E-04
    rcs3w                   9.2222923E-07          2.9800000E-05
    rcs4d                   3.1382979E-06          1.7230000E-04
    rcs4w                   3.2036370E-03          9.7838300E-02
    rcs5d                   4.6169531E-05          1.1033000E-03
    rcs5w                   5.2210112E-05          3.2734000E-03
    rcs6d                   4.5124087E-05          6.5950000E-04
    rcs6w                   8.7734834E-06          2.2690000E-04
    rcs7d                   1.1293993E-05          8.6000000E-05
    rcs7w                   4.7581590E-06          4.4700000E-05
    rcs8d                   0.9963128              0.9425749
    rcs8w                   0.9990829              0.9522809
    rcs9d                   0.8921299              0.8882383
    rcs9w                   0.8684632              0.8975795
    rcs10d                  0.3266528              0.5112730
    rcs10w                  0.1537409              0.4146130
    rcs11d                  8.1958242E-07          1.5000000E-06
    rcs11w                  1.8842255E-06          7.0000000E-06
    rcs12d                  5.6740911E-06          1.6500000E-05
    rcs12w                  1.1525266E-08          1.0000000E-07
    rcr1d                   9.5663125E-06          1.4900000E-05
    rcr1w                   1.5728725E-04          1.3390000E-04
    rcr2d                   0.5498031              0.5431122
    rcr2w                   0.8227982              0.6816594
    rcr3d                   0.4460958              0.4425833
    rcr3w                   0.1611730              0.1340321
    rcr4d                   2.9987348E-04          9.8900000E-04
    rcr4w                   1.4257103E-03          1.5549000E-03
    rcr5d                   7.2877689E-05          5.7310000E-04
    rcr5w                   7.2544801E-05          1.4990000E-04
    rcr6d                   1.0467360E-05          1.6180000E-04
    rcr6w                   5.5360312E-04          1.0944000E-03
    rcr7d                   1.3884207E-05          2.3820000E-04
    rcr7w                   2.5506195E-02          5.7693400E-02
    rcr8d                   3.0818250E-05          5.2960000E-04
    rcr8w                   0.9772075              0.8666551
    rcr9d                   0.9997985              0.9902571
    rcr9w                   0.8584636              0.8110560
    rcr10d                  6.0299188E-05          3.1160000E-04
    rcr10w                  0.1431696              0.3084594
    rcr11d                  2.5716653E-07          1.4000000E-06
    rcr11w                  1.9936573E-06          4.1000000E-06
    rcr12d                  3.6631795E-11           0.000000
    rcr12w                  1.9449455E-10           0.000000
    rcgd                     0.000000               0.000000
    rcgw                     0.000000               0.000000
    tl                      0.9999999              0.9999573
    xw                       0.000000               0.000000
    yw                       0.000000               0.000000
    x                        0.000000               0.000000
    y                        0.000000               0.000000
    tlr                      0.000000               0.000000
    tls                      0.000000               0.000000
    beta                    0.7735571              0.5511320
 
    Note: run IDENTPAR yourself to see identiability contributions by different solution 
    space eigencomponents.


                   ANALYSIS OF PREDICTION
                   ----------------------

 PREDVAR1 analysis for prediction "q7762" ----->

    Sing_val       Null-space       Soln-space     Total             Total
    index          term             term           variance          std_dev
    --------       ----------       ----------     --------          -------
       0            1.8298132E+07     0.000000      1.8298132E+07      4277.632    
       3            1.5148786E+07     542.8991      1.5149328E+07      3892.214    
       6             1756431.         27388.31       1783819.          1335.597    
       7             1457332.         29264.64       1486597.          1219.261    
       8             572337.0         47402.25       619739.2          787.2352    
       9             571921.5         47424.11       619345.6          786.9851    
      10             564042.5         47976.92       612019.4          782.3167    
      11             557609.3         48822.88       606432.1          778.7375    
      12             546712.2         52524.57       599236.7          774.1038    
      13             144386.6         341306.3       485692.9          696.9167    
      14             68310.66         463504.2       531814.8          729.2563    
      15             1336.420         612254.7       613591.1          783.3206    
      16             1315.705         612336.8       613652.5          783.3598    
      17             101.7915         623722.8       623824.6          789.8257    
      18             101.7913         623722.8       623824.6          789.8257    
      21             31.54580         633040.1       633071.6          795.6580    
      24             4.304787         657301.5       657305.8          810.7440    
      27             1.846517         666930.4       666932.3          816.6592    
      30             1.080008         671009.2       671010.3          819.1522    
      33            0.8093725         677336.1       677336.9          823.0048    
      36            0.5908725         690540.6       690541.2          830.9881    
      39            4.7265707E-02     752252.1       752252.1          867.3247    
      42            3.8367920E-02     754687.2       754687.2          868.7273    
      45            8.0768461E-03     777801.7       777801.7          881.9307    
      48            5.3854058E-05     823642.3       823642.3          907.5474    
      51            5.1409904E-25     834023.5       834023.5          913.2489    
      54            7.2398061E-57     6798166.       6798166.          2607.329    
      57             0.000000        1.0000000E+35  1.0000000E+35     3.1622777E+17
      60             0.000000        1.0000000E+35  1.0000000E+35     3.1622777E+17
      62             0.000000        1.0000000E+35  1.0000000E+35     3.1622777E+17
 
    Pre-calibration:- 
    Total error variance                 =  1.8298132E+07
    Total error standard deviation       =   4277.632    
 
    Post-calibration:-
    Total error variance                 =   485692.9    
    Total error standard deviation       =   696.9167    
    Minimum error variance occurs at singular value number 13.
 
 
 PREDUNC1 analysis for prediction "q7762" ----->

    Pre-calibration:- 
    Total uncertainty variance           =  1.8298136E+07
    Total uncertainty standard deviation =   4277.632    
 
    Post-calibration:-
    Total uncertainty variance           =   313416.0    
    Total uncertainty standard deviation =   559.8357    
 
 
 PREDUNC4 analysis for prediction "q7762" ----->

    Contributions to predictive uncertainty variance

    Parameter      Pre-cal             Post-cal
    group          contribution        contribution
    ---------      ------------        ------------
    ddsd             6312666.            2491.400    
    ddsw             0.000000            1349.400    
    ddgd             0.000000            0.000000    
    ddgw             0.000000            0.000000    
    rcsd             261634.0            144078.3    
    rcsw             0.000000            110944.1    
    rcrd            1.0311052E+07        139362.6    
    rcrw             0.000000            121307.4    
    rcgd             0.000000            0.000000    
    rcgw             0.000000            0.000000    
    tl               290708.0            149.4000    
    xw               0.000000            0.000000    
    yw               0.000000            0.000000    
    x                0.000000            0.000000    
    y                0.000000            0.000000    
    tlr              0.000000            0.000000    
    tls              0.000000            0.000000    
    beta             1122072.            264035.1    
 
 
 PREDUNC5 observation subtraction analysis for prediction "q7762" ----->

    Increases in predictive uncertainty variance incurred through loss of observations

    Observation_group        Variance_increase
    -----------------        -----------------
    q                          313416.0    
 
 
 PREDUNC5 observation addition analysis for prediction "q7762" ----->

    Decreases in pre-calibration predictive uncertainty variance incurred through addition of observations

    Observation_group        Variance_decrease
    -----------------        -----------------
    q                          313416.0    
