 
 
                   ###################################################
                   #                                                 #
                   #      GENLINPRED UNCERTAINTY/ERROR ANALYSIS      #
                   #                                                 #
                   ###################################################
 
 
 
                   ANALYSIS DETAILS
                   ----------------
 
    Name of PEST control file                                   : master_lu.pst
    Factor by which to multiply observation weights             : 1.0000
    Source of parameter uncertainty data                        : uncertainty file
    Name of uncertainty file                                    : master_lu.unc
 
    Perform global parameter estimability analysis              : yes
         Parameter identifiability                              : yes
         Relative parameter error reduction                     : no
         Relative parameter uncertainty reduction               : yes
 
    Analyse error/uncertainty of an entity                      : yes
         Name of entity                                         : q7968
         Type of entity                                         : prediction
         File containing prediction sensitivities               : master_lu.jco
 
         Total error variance                                   : yes
         Total uncertainty                                      : yes
 
         Parameter contributions to error variance              : no
         Parameter contributions to uncertainty                 : yes
         Parameter contributions                                : by group
 
         Observation worth in reducing error variance           : no
         Observation worth in reducing uncertainty variance     : yes
         Observation worth                                      : by group


                   ANALYSIS OF PARAMETERS
                   ----------------------


 Outcomes of running program SUPCALC ----->
 
    Number of dimensions of calibration solution space = 23
    Number of dimensions of calibration null space     = 51

 Outcomes of parameter identifiability and error/uncertainty variance reduction analysis ----->
 
    Parameter              Identifiability        Rel_uncert_var_redn
    ---------              ---------------        -------------------
    ddsd                    0.9999995              0.9998210
    ddsw                    0.9999988              0.9998840
    ddgd                    0.7999326              0.7974648
    ddgw                    0.7997668              0.7867426
    rcs1d                   1.2681761E-09           0.000000
    rcs1w                   6.6282780E-12           0.000000
    rcs2d                   5.1593650E-05          2.3700000E-04
    rcs2w                   9.2143440E-06          4.1800000E-04
    rcs3d                   4.8333874E-03          1.0324100E-02
    rcs3w                   1.7627025E-04          7.0122000E-03
    rcs4d                   0.1537722              0.2121132
    rcs4w                   7.3165235E-04          1.7891000E-02
    rcs5d                   0.8457617              0.6397306
    rcs5w                   8.7554669E-04          1.6808100E-02
    rcs6d                   0.9982215              0.9038173
    rcs6w                   5.8974200E-04          1.4569900E-02
    rcs7d                   5.3487393E-04          6.2577000E-03
    rcs7w                   0.9969853              0.9830508
    rcs8d                   0.9996010              0.9735648
    rcs8w                   2.1438799E-03          1.1063300E-02
    rcs9d                   0.9997032              0.9446008
    rcs9w                   0.9998422              0.9932690
    rcs10d                  0.9990136              0.9158744
    rcs10w                  0.9999232              0.9929156
    rcs11d                  0.9127399              0.6967950
    rcs11w                  0.9342819              0.9236186
    rcs12d                  8.3361140E-02          8.3602200E-02
    rcs12w                  6.6201212E-02          0.1179356
    rcs13d                  1.3204067E-03          9.1719000E-03
    rcs13w                  4.9929803E-05          1.0466300E-02
    rcs14d                  7.0945767E-05          4.9090000E-04
    rcs14w                  1.7994403E-06          3.7780000E-04
    rcs15d                  2.0620253E-05          1.4210000E-04
    rcs15w                  4.9978021E-07          1.0670000E-04
    rcr1d                   1.2503610E-04          1.1200000E-04
    rcr1w                   6.0611308E-06          8.9600000E-05
    rcr2d                   6.9919708E-02          5.9752700E-02
    rcr2w                   3.6185474E-03          4.0180900E-02
    rcr3d                   0.9222710              0.6258057
    rcr3w                   2.8626263E-02          0.2313577
    rcr4d                   8.3653082E-03          2.5989200E-02
    rcr4w                   0.3108557              0.5212875
    rcr5d                   0.9917092              0.9432056
    rcr5w                   0.6746875              0.7988094
    rcr6d                   5.7269857E-03          2.0012100E-02
    rcr6w                   1.9119227E-03          1.1085200E-02
    rcr7d                   2.3974571E-03          1.0656000E-02
    rcr7w                   1.2208666E-03          1.4136100E-02
    rcr8d                   1.7280303E-03          5.2180000E-03
    rcr8w                   8.8711910E-04          1.1020900E-02
    rcr9d                   9.8914437E-03          1.9372700E-02
    rcr9w                   5.4697566E-04          1.0395500E-02
    rcr10d                  0.9749804              0.8030017
    rcr10w                  3.6329913E-04          8.2853000E-03
    rcr11d                  1.7018374E-03          4.3545000E-03
    rcr11w                  0.9814715              0.9583712
    rcr12d                  1.6255384E-03          4.4565000E-03
    rcr12w                  1.2520766E-02          6.0957300E-02
    rcr13d                  8.3415803E-03          6.9895600E-02
    rcr13w                  3.3705940E-03          4.3378000E-02
    rcr14d                  4.6359865E-04          4.1007000E-03
    rcr14w                  2.4386580E-04          3.1212000E-03
    rcr15d                  1.3925186E-04          1.2318000E-03
    rcr15w                  7.4286789E-05          9.5080000E-04
    rcgd                    0.1999831              0.1993662
    rcgw                    0.1999417              0.1966857
    tl                      0.9999997              0.9999444
    xw                       0.000000               0.000000
    yw                       0.000000               0.000000
    x                       0.9997234              0.9945357
    y                       0.9994559              0.9753138
    tlr                      0.000000               0.000000
    tls                      0.000000               0.000000
    beta                    0.9805885              0.6624608
 
    Note: run IDENTPAR yourself to see identiability contributions by different solution 
    space eigencomponents.


                   ANALYSIS OF PREDICTION
                   ----------------------

 PREDVAR1 analysis for prediction "q7968" ----->

    Sing_val       Null-space       Soln-space     Total             Total
    index          term             term           variance          std_dev
    --------       ----------       ----------     --------          -------
       0            2.3338553E+11     0.000000      2.3338553E+11      483099.9    
       3            8.5553181E+10     3343581.      8.5556525E+10      292500.5    
       6            1.6207515E+10    4.0250496E+07  1.6247765E+10      127466.7    
       9            1.2127648E+10    4.5911491E+07  1.2173559E+10      110333.9    
      12            3.7883484E+08    9.4162439E+07  4.7299728E+08      21748.50    
      15            8.7853201E+07    9.8155298E+07  1.8600850E+08      13638.49    
      18            1.9317545E+07    1.0060979E+08  1.1992734E+08      10951.13    
      19            1.9317380E+07    1.0060982E+08  1.1992720E+08      10951.13    
      20            1.7006509E+07    1.0152837E+08  1.1853488E+08      10887.37    
      21            1.5930699E+07    1.0203007E+08  1.1796077E+08      10860.97    
      22            1.2784665E+07    1.0389818E+08  1.1668285E+08      10801.98    
      23            1.2754833E+07    1.0391869E+08  1.1667352E+08      10801.55    
      24            1.0872362E+07    1.0619916E+08  1.1707152E+08      10819.96    
      25             9503690.        1.1225024E+08  1.2175393E+08      11034.22    
      26             9495760.        1.1230077E+08  1.2179653E+08      11036.15    
      27             9387666.        1.1374943E+08  1.2313709E+08      11096.72    
      28             6309310.        1.5996232E+08  1.6627163E+08      12894.64    
      29             6119998.        1.6355970E+08  1.6967969E+08      13026.12    
      30             6114825.        1.6368076E+08  1.6979559E+08      13030.56    
      33             6002312.        1.6781389E+08  1.7381620E+08      13183.94    
      36             3256822.        3.6422202E+08  3.6747885E+08      19169.74    
      39             2448218.        4.4765276E+08  4.5010098E+08      21215.58    
      42             1715623.        5.7740338E+08  5.7911900E+08      24064.89    
      45             593168.5        8.7853367E+08  8.7912684E+08      29650.07    
      48             221468.3        1.0801930E+09  1.0804145E+09      32869.66    
      51             9353.379        1.3966321E+09  1.3966414E+09      37371.67    
      54             1600.200        1.4208982E+09  1.4208998E+09      37694.82    
      57             781.7477        1.4700352E+09  1.4700360E+09      38341.05    
      60             739.7945        1.4770680E+09  1.4770687E+09      38432.65    
      63             86.82132        2.5871822E+09  2.5871823E+09      50864.35    
      66             86.77947        2.6300068E+09  2.6300069E+09      51283.59    
      69            1.2281052E-14    2.7082101E+16  2.7082101E+16     1.6456640E+08
      72             0.000000        1.0000000E+35  1.0000000E+35     3.1622777E+17
      74             0.000000        1.0000000E+35  1.0000000E+35     3.1622777E+17
 
    Pre-calibration:- 
    Total error variance                 =  2.3338553E+11
    Total error standard deviation       =   483099.9    
 
    Post-calibration:-
    Total error variance                 =  1.1667352E+08
    Total error standard deviation       =   10801.55    
    Minimum error variance occurs at singular value number 23.
 
 
 PREDUNC1 analysis for prediction "q7968" ----->

    Pre-calibration:- 
    Total uncertainty variance           =  2.3338551E+11
    Total uncertainty standard deviation =   483099.9    
 
    Post-calibration:-
    Total uncertainty variance           =  1.1377913E+08
    Total uncertainty standard deviation =   10666.73    
 
 
 PREDUNC4 analysis for prediction "q7968" ----->

    Contributions to predictive uncertainty variance

    Parameter      Pre-cal             Post-cal
    group          contribution        contribution
    ---------      ------------        ------------
    ddsd            1.4285587E+11       2.4273707E+07
    ddsw             0.000000           5.0383796E+07
    ddgd             10000.00            9480.000    
    ddgw             2740000.            59760.00    
    rcsd             30000.00            9568280.    
    rcsw            8.7310560E+10       5.3015991E+07
    rcrd             480000.0            1633580.    
    rcrw            3.3792000E+08        5571220.    
    rcgd             0.000000            590.0000    
    rcgw             680000.0            3960.000    
    tl              2.3561400E+09        455020.0    
    xw               0.000000            0.000000    
    yw               0.000000            0.000000    
    x                0.000000            67430.00    
    y                0.000000            3640.000    
    tlr              0.000000            0.000000    
    tls              0.000000            0.000000    
    beta            5.2106000E+08        2234640.    
 
 
 PREDUNC5 observation subtraction analysis for prediction "q7968" ----->

    Increases in predictive uncertainty variance incurred through loss of observations

    Observation_group        Variance_increase
    -----------------        -----------------
    q                         1.1377913E+08
 
 
 PREDUNC5 observation addition analysis for prediction "q7968" ----->

    Decreases in pre-calibration predictive uncertainty variance incurred through addition of observations

    Observation_group        Variance_decrease
    -----------------        -----------------
    q                         1.1377913E+08
