 
 
                   ###################################################
                   #                                                 #
                   #      GENLINPRED UNCERTAINTY/ERROR ANALYSIS      #
                   #                                                 #
                   ###################################################
 
 
 
                   ANALYSIS DETAILS
                   ----------------
 
    Name of PEST control file                                   : master_lu.pst
    Factor by which to multiply observation weights             : 1.0000
    Source of parameter uncertainty data                        : uncertainty file
    Name of uncertainty file                                    : master_lu.unc
 
    Perform global parameter estimability analysis              : yes
         Parameter identifiability                              : yes
         Relative parameter error reduction                     : no
         Relative parameter uncertainty reduction               : yes
 
    Analyse error/uncertainty of an entity                      : yes
         Name of entity                                         : q7881
         Type of entity                                         : prediction
         File containing prediction sensitivities               : master_lu.jco
 
         Total error variance                                   : yes
         Total uncertainty                                      : yes
 
         Parameter contributions to error variance              : no
         Parameter contributions to uncertainty                 : yes
         Parameter contributions                                : by group
 
         Observation worth in reducing error variance           : no
         Observation worth in reducing uncertainty variance     : yes
         Observation worth                                      : by group


                   ANALYSIS OF PARAMETERS
                   ----------------------


 Outcomes of running program SUPCALC ----->
 
    Number of dimensions of calibration solution space = 23
    Number of dimensions of calibration null space     = 51

 Outcomes of parameter identifiability and error/uncertainty variance reduction analysis ----->
 
    Parameter              Identifiability        Rel_uncert_var_redn
    ---------              ---------------        -------------------
    ddsd                    0.9999995              0.9998210
    ddsw                    0.9999988              0.9998840
    ddgd                    0.7999326              0.7974648
    ddgw                    0.7997668              0.7867426
    rcs1d                   1.2681761E-09           0.000000
    rcs1w                   6.6282780E-12           0.000000
    rcs2d                   5.1593650E-05          2.3700000E-04
    rcs2w                   9.2143440E-06          4.1800000E-04
    rcs3d                   4.8333874E-03          1.0324100E-02
    rcs3w                   1.7627025E-04          7.0122000E-03
    rcs4d                   0.1537722              0.2121132
    rcs4w                   7.3165235E-04          1.7891000E-02
    rcs5d                   0.8457617              0.6397306
    rcs5w                   8.7554669E-04          1.6808100E-02
    rcs6d                   0.9982215              0.9038173
    rcs6w                   5.8974200E-04          1.4569900E-02
    rcs7d                   5.3487393E-04          6.2577000E-03
    rcs7w                   0.9969853              0.9830508
    rcs8d                   0.9996010              0.9735648
    rcs8w                   2.1438799E-03          1.1063300E-02
    rcs9d                   0.9997032              0.9446008
    rcs9w                   0.9998422              0.9932690
    rcs10d                  0.9990136              0.9158744
    rcs10w                  0.9999232              0.9929156
    rcs11d                  0.9127399              0.6967950
    rcs11w                  0.9342819              0.9236186
    rcs12d                  8.3361140E-02          8.3602200E-02
    rcs12w                  6.6201212E-02          0.1179356
    rcs13d                  1.3204067E-03          9.1719000E-03
    rcs13w                  4.9929803E-05          1.0466300E-02
    rcs14d                  7.0945767E-05          4.9090000E-04
    rcs14w                  1.7994403E-06          3.7780000E-04
    rcs15d                  2.0620253E-05          1.4210000E-04
    rcs15w                  4.9978021E-07          1.0670000E-04
    rcr1d                   1.2503610E-04          1.1200000E-04
    rcr1w                   6.0611308E-06          8.9600000E-05
    rcr2d                   6.9919708E-02          5.9752700E-02
    rcr2w                   3.6185474E-03          4.0180900E-02
    rcr3d                   0.9222710              0.6258057
    rcr3w                   2.8626263E-02          0.2313577
    rcr4d                   8.3653082E-03          2.5989200E-02
    rcr4w                   0.3108557              0.5212875
    rcr5d                   0.9917092              0.9432056
    rcr5w                   0.6746875              0.7988094
    rcr6d                   5.7269857E-03          2.0012100E-02
    rcr6w                   1.9119227E-03          1.1085200E-02
    rcr7d                   2.3974571E-03          1.0656000E-02
    rcr7w                   1.2208666E-03          1.4136100E-02
    rcr8d                   1.7280303E-03          5.2180000E-03
    rcr8w                   8.8711910E-04          1.1020900E-02
    rcr9d                   9.8914437E-03          1.9372700E-02
    rcr9w                   5.4697566E-04          1.0395500E-02
    rcr10d                  0.9749804              0.8030017
    rcr10w                  3.6329913E-04          8.2853000E-03
    rcr11d                  1.7018374E-03          4.3545000E-03
    rcr11w                  0.9814715              0.9583712
    rcr12d                  1.6255384E-03          4.4565000E-03
    rcr12w                  1.2520766E-02          6.0957300E-02
    rcr13d                  8.3415803E-03          6.9895600E-02
    rcr13w                  3.3705940E-03          4.3378000E-02
    rcr14d                  4.6359865E-04          4.1007000E-03
    rcr14w                  2.4386580E-04          3.1212000E-03
    rcr15d                  1.3925186E-04          1.2318000E-03
    rcr15w                  7.4286789E-05          9.5080000E-04
    rcgd                    0.1999831              0.1993662
    rcgw                    0.1999417              0.1966857
    tl                      0.9999997              0.9999444
    xw                       0.000000               0.000000
    yw                       0.000000               0.000000
    x                       0.9997234              0.9945357
    y                       0.9994559              0.9753138
    tlr                      0.000000               0.000000
    tls                      0.000000               0.000000
    beta                    0.9805885              0.6624608
 
    Note: run IDENTPAR yourself to see identiability contributions by different solution 
    space eigencomponents.


                   ANALYSIS OF PREDICTION
                   ----------------------

 PREDVAR1 analysis for prediction "q7881" ----->

    Sing_val       Null-space       Soln-space     Total             Total
    index          term             term           variance          std_dev
    --------       ----------       ----------     --------          -------
       0            1.7194080E+09     0.000000      1.7194080E+09      41465.74    
       3            1.1615660E+09     8398.836      1.1615744E+09      34081.88    
       6            2.6879901E+08     626730.8      2.6942575E+08      16414.19    
       9            1.3056131E+08     891554.0      1.3145286E+08      11465.29    
      12            5.9577226E+07     1282455.      6.0859681E+07      7801.262    
      15            4.5389088E+07     1596580.      4.6985668E+07      6854.609    
      18            2.1791822E+07     2438420.      2.4230243E+07      4922.422    
      19            2.1782748E+07     2440049.      2.4222797E+07      4921.666    
      20            2.1717866E+07     2465840.      2.4183705E+07      4917.693    
      21            1.5804295E+07     5223591.      2.1027886E+07      4585.617    
      22             3071056.        1.2784571E+07  1.5855626E+07      3981.912    
      23             2935085.        1.2878032E+07  1.5813117E+07      3976.571    
      24             2277593.        1.3674535E+07  1.5952128E+07      3994.012    
      25             1912155.        1.5290186E+07  1.7202340E+07      4147.570    
      26             1894231.        1.5404391E+07  1.7298622E+07      4159.161    
      27             1810126.        1.6531551E+07  1.8341677E+07      4282.718    
      28             1710305.        1.8030087E+07  1.9740392E+07      4443.016    
      29             1673240.        1.8734399E+07  2.0407639E+07      4517.481    
      30             396320.6        4.8620104E+07  4.9016424E+07      7001.173    
      33             177721.7        5.6422712E+07  5.6600434E+07      7523.326    
      36             140492.2        5.8851964E+07  5.8992456E+07      7680.655    
      39             71456.25        6.7833293E+07  6.7904749E+07      8240.434    
      42             62181.60        6.9454653E+07  6.9516835E+07      8337.676    
      45             8314.205        8.2878522E+07  8.2886836E+07      9104.221    
      48             5958.454        8.3966596E+07  8.3972554E+07      9163.654    
      51             4731.744        8.5328289E+07  8.5333020E+07      9237.587    
      54             144.8283        9.8455633E+07  9.8455778E+07      9922.488    
      57             91.33629        1.0052124E+08  1.0052134E+08      10026.03    
      60             4.793106        1.2514389E+08  1.2514390E+08      11186.77    
      63            1.3098566E-02    1.3817727E+08  1.3817727E+08      11754.88    
      66            1.5857221E-06    1.4234041E+08  1.4234041E+08      11930.65    
      69            3.1996358E-10    1.2296627E+13  1.2296627E+13      3506655.    
      72             0.000000        1.0000000E+35  1.0000000E+35     3.1622777E+17
      74             0.000000        1.0000000E+35  1.0000000E+35     3.1622777E+17
 
    Pre-calibration:- 
    Total error variance                 =  1.7194080E+09
    Total error standard deviation       =   41465.74    
 
    Post-calibration:-
    Total error variance                 =  1.5813117E+07
    Total error standard deviation       =   3976.571    
    Minimum error variance occurs at singular value number 23.
 
 
 PREDUNC1 analysis for prediction "q7881" ----->

    Pre-calibration:- 
    Total uncertainty variance           =  1.7194076E+09
    Total uncertainty standard deviation =   41465.74    
 
    Post-calibration:-
    Total uncertainty variance           =  1.1592683E+07
    Total uncertainty standard deviation =   3404.803    
 
 
 PREDUNC4 analysis for prediction "q7881" ----->

    Contributions to predictive uncertainty variance

    Parameter      Pre-cal             Post-cal
    group          contribution        contribution
    ---------      ------------        ------------
    ddsd            3.2087200E+08        1428.000    
    ddsw             872300.0            5721.000    
    ddgd            2.2611000E+07        41618.00    
    ddgw             23600.00            41113.00    
    rcsd            2.3942500E+07        4492865.    
    rcsw            8.6282500E+07        4755797.    
    rcrd            4.6271180E+08        2522702.    
    rcrw            6.0799050E+08        6431600.    
    rcgd             5652800.            2632.000    
    rcgw             5900.000            2729.000    
    tl              8.8389400E+07        42.00000    
    xw               0.000000            0.000000    
    yw               0.000000            0.000000    
    x                100.0000            125.0000    
    y                0.000000            506082.0    
    tlr              0.000000            0.000000    
    tls              0.000000            0.000000    
    beta            1.0005400E+08        6395029.    
 
 
 PREDUNC5 observation subtraction analysis for prediction "q7881" ----->

    Increases in predictive uncertainty variance incurred through loss of observations

    Observation_group        Variance_increase
    -----------------        -----------------
    q                         1.1592683E+07
 
 
 PREDUNC5 observation addition analysis for prediction "q7881" ----->

    Decreases in pre-calibration predictive uncertainty variance incurred through addition of observations

    Observation_group        Variance_decrease
    -----------------        -----------------
    q                         1.1592683E+07
