 
 
                   ###################################################
                   #                                                 #
                   #      GENLINPRED UNCERTAINTY/ERROR ANALYSIS      #
                   #                                                 #
                   ###################################################
 
 
 
                   ANALYSIS DETAILS
                   ----------------
 
    Name of PEST control file                                   : master_lu.pst
    Factor by which to multiply observation weights             : 1.0000
    Source of parameter uncertainty data                        : uncertainty file
    Name of uncertainty file                                    : master_lu.unc
 
    Perform global parameter estimability analysis              : yes
         Parameter identifiability                              : yes
         Relative parameter error reduction                     : no
         Relative parameter uncertainty reduction               : yes
 
    Analyse error/uncertainty of an entity                      : yes
         Name of entity                                         : q8000
         Type of entity                                         : prediction
         File containing prediction sensitivities               : master_lu.jco
 
         Total error variance                                   : yes
         Total uncertainty                                      : yes
 
         Parameter contributions to error variance              : no
         Parameter contributions to uncertainty                 : yes
         Parameter contributions                                : by group
 
         Observation worth in reducing error variance           : no
         Observation worth in reducing uncertainty variance     : yes
         Observation worth                                      : by group


                   ANALYSIS OF PARAMETERS
                   ----------------------


 Outcomes of running program SUPCALC ----->
 
    Number of dimensions of calibration solution space = 23
    Number of dimensions of calibration null space     = 51

 Outcomes of parameter identifiability and error/uncertainty variance reduction analysis ----->
 
    Parameter              Identifiability        Rel_uncert_var_redn
    ---------              ---------------        -------------------
    ddsd                    0.9999995              0.9998210
    ddsw                    0.9999988              0.9998840
    ddgd                    0.7999326              0.7974648
    ddgw                    0.7997668              0.7867426
    rcs1d                   1.2681761E-09           0.000000
    rcs1w                   6.6282780E-12           0.000000
    rcs2d                   5.1593650E-05          2.3700000E-04
    rcs2w                   9.2143440E-06          4.1800000E-04
    rcs3d                   4.8333874E-03          1.0324100E-02
    rcs3w                   1.7627025E-04          7.0122000E-03
    rcs4d                   0.1537722              0.2121132
    rcs4w                   7.3165235E-04          1.7891000E-02
    rcs5d                   0.8457617              0.6397306
    rcs5w                   8.7554669E-04          1.6808100E-02
    rcs6d                   0.9982215              0.9038173
    rcs6w                   5.8974200E-04          1.4569900E-02
    rcs7d                   5.3487393E-04          6.2577000E-03
    rcs7w                   0.9969853              0.9830508
    rcs8d                   0.9996010              0.9735648
    rcs8w                   2.1438799E-03          1.1063300E-02
    rcs9d                   0.9997032              0.9446008
    rcs9w                   0.9998422              0.9932690
    rcs10d                  0.9990136              0.9158744
    rcs10w                  0.9999232              0.9929156
    rcs11d                  0.9127399              0.6967950
    rcs11w                  0.9342819              0.9236186
    rcs12d                  8.3361140E-02          8.3602200E-02
    rcs12w                  6.6201212E-02          0.1179356
    rcs13d                  1.3204067E-03          9.1719000E-03
    rcs13w                  4.9929803E-05          1.0466300E-02
    rcs14d                  7.0945767E-05          4.9090000E-04
    rcs14w                  1.7994403E-06          3.7780000E-04
    rcs15d                  2.0620253E-05          1.4210000E-04
    rcs15w                  4.9978021E-07          1.0670000E-04
    rcr1d                   1.2503610E-04          1.1200000E-04
    rcr1w                   6.0611308E-06          8.9600000E-05
    rcr2d                   6.9919708E-02          5.9752700E-02
    rcr2w                   3.6185474E-03          4.0180900E-02
    rcr3d                   0.9222710              0.6258057
    rcr3w                   2.8626263E-02          0.2313577
    rcr4d                   8.3653082E-03          2.5989200E-02
    rcr4w                   0.3108557              0.5212875
    rcr5d                   0.9917092              0.9432056
    rcr5w                   0.6746875              0.7988094
    rcr6d                   5.7269857E-03          2.0012100E-02
    rcr6w                   1.9119227E-03          1.1085200E-02
    rcr7d                   2.3974571E-03          1.0656000E-02
    rcr7w                   1.2208666E-03          1.4136100E-02
    rcr8d                   1.7280303E-03          5.2180000E-03
    rcr8w                   8.8711910E-04          1.1020900E-02
    rcr9d                   9.8914437E-03          1.9372700E-02
    rcr9w                   5.4697566E-04          1.0395500E-02
    rcr10d                  0.9749804              0.8030017
    rcr10w                  3.6329913E-04          8.2853000E-03
    rcr11d                  1.7018374E-03          4.3545000E-03
    rcr11w                  0.9814715              0.9583712
    rcr12d                  1.6255384E-03          4.4565000E-03
    rcr12w                  1.2520766E-02          6.0957300E-02
    rcr13d                  8.3415803E-03          6.9895600E-02
    rcr13w                  3.3705940E-03          4.3378000E-02
    rcr14d                  4.6359865E-04          4.1007000E-03
    rcr14w                  2.4386580E-04          3.1212000E-03
    rcr15d                  1.3925186E-04          1.2318000E-03
    rcr15w                  7.4286789E-05          9.5080000E-04
    rcgd                    0.1999831              0.1993662
    rcgw                    0.1999417              0.1966857
    tl                      0.9999997              0.9999444
    xw                       0.000000               0.000000
    yw                       0.000000               0.000000
    x                       0.9997234              0.9945357
    y                       0.9994559              0.9753138
    tlr                      0.000000               0.000000
    tls                      0.000000               0.000000
    beta                    0.9805885              0.6624608
 
    Note: run IDENTPAR yourself to see identiability contributions by different solution 
    space eigencomponents.


                   ANALYSIS OF PREDICTION
                   ----------------------

 PREDVAR1 analysis for prediction "q8000" ----->

    Sing_val       Null-space       Soln-space     Total             Total
    index          term             term           variance          std_dev
    --------       ----------       ----------     --------          -------
       0            5.0988372E+10     0.000000      5.0988372E+10      225806.0    
       3            2.2241333E+10     842776.2      2.2242176E+10      149138.1    
       6            3.1218521E+09    1.0484921E+07  3.1323370E+09      55967.29    
       9            2.3248826E+09    1.1691936E+07  2.3365745E+09      48338.13    
      12            1.3833376E+09    2.2076667E+07  1.4054143E+09      37488.86    
      15            2.4410603E+07    4.3441493E+07  6.7852096E+07      8237.238    
      18            1.7987452E+07    4.3681267E+07  6.1668719E+07      7852.943    
      19            1.7923466E+07    4.3692754E+07  6.1616220E+07      7849.600    
      20            1.7834118E+07    4.3728269E+07  6.1562387E+07      7846.170    
      21            1.6400226E+07    4.4396955E+07  6.0797180E+07      7797.255    
      22            1.1980791E+07    4.7021208E+07  5.9002000E+07      7681.276    
      23            1.0949734E+07    4.7729918E+07  5.8679653E+07      7660.265    
      24            1.0535853E+07    4.8231305E+07  5.8767158E+07      7665.974    
      25            1.0262370E+07    4.9440413E+07  5.9702782E+07      7726.758    
      26            1.0253407E+07    4.9497522E+07  5.9750929E+07      7729.873    
      27            1.0238102E+07    4.9702637E+07  5.9940739E+07      7742.140    
      28             3055535.        1.5752878E+08  1.6058431E+08      12672.19    
      29             2147702.        1.7477976E+08  1.7692746E+08      13301.41    
      30             1469816.        1.9064535E+08  1.9211516E+08      13860.56    
      33             1336166.        1.9542231E+08  1.9675847E+08      14027.06    
      36             686345.3        2.3635842E+08  2.3704477E+08      15396.26    
      39             494450.1        2.6187060E+08  2.6236505E+08      16197.69    
      42             289817.4        2.9826839E+08  2.9855821E+08      17278.84    
      45             118222.5        3.4707369E+08  3.4719191E+08      18633.09    
      48             12373.92        4.0271654E+08  4.0272891E+08      20068.11    
      51             1792.529        4.1855266E+08  4.1855445E+08      20458.60    
      54             738.8170        4.2537156E+08  4.2537230E+08      20624.56    
      57             542.7078        4.3814921E+08  4.3814976E+08      20932.03    
      60             534.2574        4.4050115E+08  4.4050169E+08      20988.13    
      63             41.78570        3.1213287E+09  3.1213288E+09      55868.85    
      66             41.78459        3.1645219E+09  3.1645220E+09      56254.08    
      69            7.9992776E-07    3.0818364E+16  3.0818364E+16     1.7555160E+08
      72             0.000000        1.0000000E+35  1.0000000E+35     3.1622777E+17
      74             0.000000        1.0000000E+35  1.0000000E+35     3.1622777E+17
 
    Pre-calibration:- 
    Total error variance                 =  5.0988372E+10
    Total error standard deviation       =   225806.0    
 
    Post-calibration:-
    Total error variance                 =  5.8679653E+07
    Total error standard deviation       =   7660.265    
    Minimum error variance occurs at singular value number 23.
 
 
 PREDUNC1 analysis for prediction "q8000" ----->

    Pre-calibration:- 
    Total uncertainty variance           =  5.0988395E+10
    Total uncertainty standard deviation =   225806.1    
 
    Post-calibration:-
    Total uncertainty variance           =  5.5944326E+07
    Total uncertainty standard deviation =   7479.594    
 
 
 PREDUNC4 analysis for prediction "q8000" ----->

    Contributions to predictive uncertainty variance

    Parameter      Pre-cal             Post-cal
    group          contribution        contribution
    ---------      ------------        ------------
    ddsd            2.1153462E+10        3703724.    
    ddsw             0.000000           1.0560142E+07
    ddgd             0.000000            21741.00    
    ddgw            1.0043100E+08        117603.0    
    rcsd             2000.000            6658499.    
    rcsw            2.1218106E+10       3.1084529E+07
    rcrd             28000.00            1873837.    
    rcrw            3.4742290E+09        5193798.    
    rcgd             0.000000            1375.000    
    rcgw            2.5107000E+07        7806.000    
    tl              4.4975530E+09        584691.0    
    xw               0.000000            0.000000    
    yw               0.000000            0.000000    
    x                0.000000            66055.00    
    y                0.000000            243878.0    
    tlr              0.000000            0.000000    
    tls              0.000000            0.000000    
    beta            5.1945000E+08        2651726.    
 
 
 PREDUNC5 observation subtraction analysis for prediction "q8000" ----->

    Increases in predictive uncertainty variance incurred through loss of observations

    Observation_group        Variance_increase
    -----------------        -----------------
    q                         5.5944326E+07
 
 
 PREDUNC5 observation addition analysis for prediction "q8000" ----->

    Decreases in pre-calibration predictive uncertainty variance incurred through addition of observations

    Observation_group        Variance_decrease
    -----------------        -----------------
    q                         5.5944326E+07
