 
 
                   ###################################################
                   #                                                 #
                   #      GENLINPRED UNCERTAINTY/ERROR ANALYSIS      #
                   #                                                 #
                   ###################################################
 
 
 
                   ANALYSIS DETAILS
                   ----------------
 
    Name of PEST control file                                   : master_lu.pst
    Factor by which to multiply observation weights             : 1.0000
    Source of parameter uncertainty data                        : uncertainty file
    Name of uncertainty file                                    : master_lu.unc
 
    Perform global parameter estimability analysis              : yes
         Parameter identifiability                              : yes
         Relative parameter error reduction                     : no
         Relative parameter uncertainty reduction               : yes
 
    Analyse error/uncertainty of an entity                      : yes
         Name of entity                                         : q8005
         Type of entity                                         : prediction
         File containing prediction sensitivities               : master_lu.jco
 
         Total error variance                                   : yes
         Total uncertainty                                      : yes
 
         Parameter contributions to error variance              : no
         Parameter contributions to uncertainty                 : yes
         Parameter contributions                                : by group
 
         Observation worth in reducing error variance           : no
         Observation worth in reducing uncertainty variance     : yes
         Observation worth                                      : by group


                   ANALYSIS OF PARAMETERS
                   ----------------------


 Outcomes of running program SUPCALC ----->
 
    Number of dimensions of calibration solution space = 23
    Number of dimensions of calibration null space     = 51

 Outcomes of parameter identifiability and error/uncertainty variance reduction analysis ----->
 
    Parameter              Identifiability        Rel_uncert_var_redn
    ---------              ---------------        -------------------
    ddsd                    0.9999995              0.9998210
    ddsw                    0.9999988              0.9998840
    ddgd                    0.7999326              0.7974648
    ddgw                    0.7997668              0.7867426
    rcs1d                   1.2681761E-09           0.000000
    rcs1w                   6.6282780E-12           0.000000
    rcs2d                   5.1593650E-05          2.3700000E-04
    rcs2w                   9.2143440E-06          4.1800000E-04
    rcs3d                   4.8333874E-03          1.0324100E-02
    rcs3w                   1.7627025E-04          7.0122000E-03
    rcs4d                   0.1537722              0.2121132
    rcs4w                   7.3165235E-04          1.7891000E-02
    rcs5d                   0.8457617              0.6397306
    rcs5w                   8.7554669E-04          1.6808100E-02
    rcs6d                   0.9982215              0.9038173
    rcs6w                   5.8974200E-04          1.4569900E-02
    rcs7d                   5.3487393E-04          6.2577000E-03
    rcs7w                   0.9969853              0.9830508
    rcs8d                   0.9996010              0.9735648
    rcs8w                   2.1438799E-03          1.1063300E-02
    rcs9d                   0.9997032              0.9446008
    rcs9w                   0.9998422              0.9932690
    rcs10d                  0.9990136              0.9158744
    rcs10w                  0.9999232              0.9929156
    rcs11d                  0.9127399              0.6967950
    rcs11w                  0.9342819              0.9236186
    rcs12d                  8.3361140E-02          8.3602200E-02
    rcs12w                  6.6201212E-02          0.1179356
    rcs13d                  1.3204067E-03          9.1719000E-03
    rcs13w                  4.9929803E-05          1.0466300E-02
    rcs14d                  7.0945767E-05          4.9090000E-04
    rcs14w                  1.7994403E-06          3.7780000E-04
    rcs15d                  2.0620253E-05          1.4210000E-04
    rcs15w                  4.9978021E-07          1.0670000E-04
    rcr1d                   1.2503610E-04          1.1200000E-04
    rcr1w                   6.0611308E-06          8.9600000E-05
    rcr2d                   6.9919708E-02          5.9752700E-02
    rcr2w                   3.6185474E-03          4.0180900E-02
    rcr3d                   0.9222710              0.6258057
    rcr3w                   2.8626263E-02          0.2313577
    rcr4d                   8.3653082E-03          2.5989200E-02
    rcr4w                   0.3108557              0.5212875
    rcr5d                   0.9917092              0.9432056
    rcr5w                   0.6746875              0.7988094
    rcr6d                   5.7269857E-03          2.0012100E-02
    rcr6w                   1.9119227E-03          1.1085200E-02
    rcr7d                   2.3974571E-03          1.0656000E-02
    rcr7w                   1.2208666E-03          1.4136100E-02
    rcr8d                   1.7280303E-03          5.2180000E-03
    rcr8w                   8.8711910E-04          1.1020900E-02
    rcr9d                   9.8914437E-03          1.9372700E-02
    rcr9w                   5.4697566E-04          1.0395500E-02
    rcr10d                  0.9749804              0.8030017
    rcr10w                  3.6329913E-04          8.2853000E-03
    rcr11d                  1.7018374E-03          4.3545000E-03
    rcr11w                  0.9814715              0.9583712
    rcr12d                  1.6255384E-03          4.4565000E-03
    rcr12w                  1.2520766E-02          6.0957300E-02
    rcr13d                  8.3415803E-03          6.9895600E-02
    rcr13w                  3.3705940E-03          4.3378000E-02
    rcr14d                  4.6359865E-04          4.1007000E-03
    rcr14w                  2.4386580E-04          3.1212000E-03
    rcr15d                  1.3925186E-04          1.2318000E-03
    rcr15w                  7.4286789E-05          9.5080000E-04
    rcgd                    0.1999831              0.1993662
    rcgw                    0.1999417              0.1966857
    tl                      0.9999997              0.9999444
    xw                       0.000000               0.000000
    yw                       0.000000               0.000000
    x                       0.9997234              0.9945357
    y                       0.9994559              0.9753138
    tlr                      0.000000               0.000000
    tls                      0.000000               0.000000
    beta                    0.9805885              0.6624608
 
    Note: run IDENTPAR yourself to see identiability contributions by different solution 
    space eigencomponents.


                   ANALYSIS OF PREDICTION
                   ----------------------

 PREDVAR1 analysis for prediction "q8005" ----->

    Sing_val       Null-space       Soln-space     Total             Total
    index          term             term           variance          std_dev
    --------       ----------       ----------     --------          -------
       0            5.4332227E+10     0.000000      5.4332227E+10      233092.7    
       3            2.0554839E+10     886628.4      2.0555726E+10      143372.7    
       6            4.3566191E+09     9095278.      4.3657144E+09      66073.55    
       9            3.1636019E+09    1.0945862E+07  3.1745477E+09      56343.12    
      12            2.0094435E+09    2.3226177E+07  2.0326697E+09      45085.14    
      15            7.4666921E+07    5.3384825E+07  1.2805175E+08      11316.00    
      18            3.2326116E+07    5.5025147E+07  8.7351264E+07      9346.190    
      19            3.1555781E+07    5.5163441E+07  8.6719221E+07      9312.316    
      20            3.1441922E+07    5.5208698E+07  8.6650621E+07      9308.632    
      21            2.9598377E+07    5.6068423E+07  8.5666800E+07      9255.636    
      22            2.4955721E+07    5.8825225E+07  8.3780946E+07      9153.193    
      23            2.4196228E+07    5.9347272E+07  8.3543500E+07      9140.213    
      24            2.3664082E+07    5.9991927E+07  8.3656009E+07      9146.366    
      25            2.3527473E+07    6.0595895E+07  8.4123368E+07      9171.879    
      26            2.3503095E+07    6.0751229E+07  8.4254324E+07      9179.015    
      27            2.3408864E+07    6.2014099E+07  8.5422962E+07      9242.454    
      28             6948279.        3.0912371E+08  3.1607199E+08      17778.41    
      29             3381951.        3.7689240E+08  3.8027435E+08      19500.62    
      30             1887651.        4.1186577E+08  4.1375342E+08      20340.93    
      33             1615025.        4.2179125E+08  4.2340627E+08      20576.84    
      36             603390.3        4.8738121E+08  4.8798460E+08      22090.37    
      39             374188.2        5.1908628E+08  5.1946047E+08      22791.68    
      42             191490.9        5.5181556E+08  5.5200705E+08      23494.83    
      45             96199.28        5.8096087E+08  5.8105707E+08      24105.13    
      48             6778.197        6.2726446E+08  6.2727124E+08      25045.38    
      51             2153.088        6.3421280E+08  6.3421495E+08      25183.62    
      54             700.1238        6.4320187E+08  6.4320257E+08      25361.44    
      57             412.1636        6.6127279E+08  6.6127320E+08      25715.23    
      60             397.5441        6.6496344E+08  6.6496384E+08      25786.89    
      63             29.18267        2.6528659E+09  2.6528659E+09      51505.98    
      66             29.18153        2.6780630E+09  2.6780631E+09      51750.01    
      69            7.9992466E-07    3.0797500E+16  3.0797500E+16     1.7549217E+08
      72             0.000000        1.0000000E+35  1.0000000E+35     3.1622777E+17
      74             0.000000        1.0000000E+35  1.0000000E+35     3.1622777E+17
 
    Pre-calibration:- 
    Total error variance                 =  5.4332227E+10
    Total error standard deviation       =   233092.7    
 
    Post-calibration:-
    Total error variance                 =  8.3543500E+07
    Total error standard deviation       =   9140.213    
    Minimum error variance occurs at singular value number 23.
 
 
 PREDUNC1 analysis for prediction "q8005" ----->

    Pre-calibration:- 
    Total uncertainty variance           =  5.4332207E+10
    Total uncertainty standard deviation =   233092.7    
 
    Post-calibration:-
    Total uncertainty variance           =  7.9751973E+07
    Total uncertainty standard deviation =   8930.396    
 
 
 PREDUNC4 analysis for prediction "q8005" ----->

    Contributions to predictive uncertainty variance

    Parameter      Pre-cal             Post-cal
    group          contribution        contribution
    ---------      ------------        ------------
    ddsd            2.9460701E+10        4453857.    
    ddsw             0.000000            9782740.    
    ddgd             0.000000            21351.00    
    ddgw            1.2479500E+08        86905.00    
    rcsd             1000.000            8554550.    
    rcsw            1.8956198E+10       5.5749440E+07
    rcrd             18000.00            2250753.    
    rcrw            2.4711250E+09        4549574.    
    rcgd             0.000000            1350.000    
    rcgw            3.1199000E+07        5768.000    
    tl              2.8129460E+09        938055.0    
    xw               0.000000            0.000000    
    yw               0.000000            0.000000    
    x                0.000000            262456.0    
    y                0.000000            592746.0    
    tlr              0.000000            0.000000    
    tls              0.000000            0.000000    
    beta            4.7524300E+08        2766180.    
 
 
 PREDUNC5 observation subtraction analysis for prediction "q8005" ----->

    Increases in predictive uncertainty variance incurred through loss of observations

    Observation_group        Variance_increase
    -----------------        -----------------
    q                         7.9751973E+07
 
 
 PREDUNC5 observation addition analysis for prediction "q8005" ----->

    Decreases in pre-calibration predictive uncertainty variance incurred through addition of observations

    Observation_group        Variance_decrease
    -----------------        -----------------
    q                         7.9751973E+07
