 
 
                   ###################################################
                   #                                                 #
                   #      GENLINPRED UNCERTAINTY/ERROR ANALYSIS      #
                   #                                                 #
                   ###################################################
 
 
 
                   ANALYSIS DETAILS
                   ----------------
 
    Name of PEST control file                                   : master_lu.pst
    Factor by which to multiply observation weights             : 1.0000
    Source of parameter uncertainty data                        : uncertainty file
    Name of uncertainty file                                    : master_lu.unc
 
    Perform global parameter estimability analysis              : yes
         Parameter identifiability                              : yes
         Relative parameter error reduction                     : no
         Relative parameter uncertainty reduction               : yes
 
    Analyse error/uncertainty of an entity                      : yes
         Name of entity                                         : q7847
         Type of entity                                         : prediction
         File containing prediction sensitivities               : master_lu.jco
 
         Total error variance                                   : yes
         Total uncertainty                                      : yes
 
         Parameter contributions to error variance              : no
         Parameter contributions to uncertainty                 : yes
         Parameter contributions                                : by group
 
         Observation worth in reducing error variance           : no
         Observation worth in reducing uncertainty variance     : yes
         Observation worth                                      : by group


                   ANALYSIS OF PARAMETERS
                   ----------------------


 Outcomes of running program SUPCALC ----->
 
    Number of dimensions of calibration solution space = 23
    Number of dimensions of calibration null space     = 51

 Outcomes of parameter identifiability and error/uncertainty variance reduction analysis ----->
 
    Parameter              Identifiability        Rel_uncert_var_redn
    ---------              ---------------        -------------------
    ddsd                    0.9999995              0.9998210
    ddsw                    0.9999988              0.9998840
    ddgd                    0.7999326              0.7974648
    ddgw                    0.7997668              0.7867426
    rcs1d                   1.2681761E-09           0.000000
    rcs1w                   6.6282780E-12           0.000000
    rcs2d                   5.1593650E-05          2.3700000E-04
    rcs2w                   9.2143440E-06          4.1800000E-04
    rcs3d                   4.8333874E-03          1.0324100E-02
    rcs3w                   1.7627025E-04          7.0122000E-03
    rcs4d                   0.1537722              0.2121132
    rcs4w                   7.3165235E-04          1.7891000E-02
    rcs5d                   0.8457617              0.6397306
    rcs5w                   8.7554669E-04          1.6808100E-02
    rcs6d                   0.9982215              0.9038173
    rcs6w                   5.8974200E-04          1.4569900E-02
    rcs7d                   5.3487393E-04          6.2577000E-03
    rcs7w                   0.9969853              0.9830508
    rcs8d                   0.9996010              0.9735648
    rcs8w                   2.1438799E-03          1.1063300E-02
    rcs9d                   0.9997032              0.9446008
    rcs9w                   0.9998422              0.9932690
    rcs10d                  0.9990136              0.9158744
    rcs10w                  0.9999232              0.9929156
    rcs11d                  0.9127399              0.6967950
    rcs11w                  0.9342819              0.9236186
    rcs12d                  8.3361140E-02          8.3602200E-02
    rcs12w                  6.6201212E-02          0.1179356
    rcs13d                  1.3204067E-03          9.1719000E-03
    rcs13w                  4.9929803E-05          1.0466300E-02
    rcs14d                  7.0945767E-05          4.9090000E-04
    rcs14w                  1.7994403E-06          3.7780000E-04
    rcs15d                  2.0620253E-05          1.4210000E-04
    rcs15w                  4.9978021E-07          1.0670000E-04
    rcr1d                   1.2503610E-04          1.1200000E-04
    rcr1w                   6.0611308E-06          8.9600000E-05
    rcr2d                   6.9919708E-02          5.9752700E-02
    rcr2w                   3.6185474E-03          4.0180900E-02
    rcr3d                   0.9222710              0.6258057
    rcr3w                   2.8626263E-02          0.2313577
    rcr4d                   8.3653082E-03          2.5989200E-02
    rcr4w                   0.3108557              0.5212875
    rcr5d                   0.9917092              0.9432056
    rcr5w                   0.6746875              0.7988094
    rcr6d                   5.7269857E-03          2.0012100E-02
    rcr6w                   1.9119227E-03          1.1085200E-02
    rcr7d                   2.3974571E-03          1.0656000E-02
    rcr7w                   1.2208666E-03          1.4136100E-02
    rcr8d                   1.7280303E-03          5.2180000E-03
    rcr8w                   8.8711910E-04          1.1020900E-02
    rcr9d                   9.8914437E-03          1.9372700E-02
    rcr9w                   5.4697566E-04          1.0395500E-02
    rcr10d                  0.9749804              0.8030017
    rcr10w                  3.6329913E-04          8.2853000E-03
    rcr11d                  1.7018374E-03          4.3545000E-03
    rcr11w                  0.9814715              0.9583712
    rcr12d                  1.6255384E-03          4.4565000E-03
    rcr12w                  1.2520766E-02          6.0957300E-02
    rcr13d                  8.3415803E-03          6.9895600E-02
    rcr13w                  3.3705940E-03          4.3378000E-02
    rcr14d                  4.6359865E-04          4.1007000E-03
    rcr14w                  2.4386580E-04          3.1212000E-03
    rcr15d                  1.3925186E-04          1.2318000E-03
    rcr15w                  7.4286789E-05          9.5080000E-04
    rcgd                    0.1999831              0.1993662
    rcgw                    0.1999417              0.1966857
    tl                      0.9999997              0.9999444
    xw                       0.000000               0.000000
    yw                       0.000000               0.000000
    x                       0.9997234              0.9945357
    y                       0.9994559              0.9753138
    tlr                      0.000000               0.000000
    tls                      0.000000               0.000000
    beta                    0.9805885              0.6624608
 
    Note: run IDENTPAR yourself to see identiability contributions by different solution 
    space eigencomponents.


                   ANALYSIS OF PREDICTION
                   ----------------------

 PREDVAR1 analysis for prediction "q7847" ----->

    Sing_val       Null-space       Soln-space     Total             Total
    index          term             term           variance          std_dev
    --------       ----------       ----------     --------          -------
       0            4.2919366E+09     0.000000      4.2919366E+09      65512.87    
       3            4.0401649E+09     3798.827      4.0401687E+09      63562.32    
       6            1.9355174E+09     1751525.      1.9372690E+09      44014.42    
       9            9.8259256E+07     4489116.      1.0274837E+08      10136.49    
      12            4.0877304E+07     4890113.      4.5767417E+07      6765.162    
      15            3.3234883E+07     5019669.      3.8254552E+07      6185.026    
      18            2.4035695E+07     5425760.      2.9461455E+07      5427.841    
      19            2.1671974E+07     5850103.      2.7522077E+07      5246.149    
      20            1.6751787E+07     7805837.      2.4557624E+07      4955.565    
      21             8564888.        1.1623739E+07  2.0188627E+07      4493.176    
      22             577055.2        1.6366903E+07  1.6943958E+07      4116.304    
      23             514368.6        1.6409991E+07  1.6924360E+07      4113.923    
      24             510925.7        1.6414162E+07  1.6925088E+07      4114.011    
      25             360306.1        1.7080071E+07  1.7440377E+07      4176.168    
      26             360259.0        1.7080371E+07  1.7440630E+07      4176.198    
      27             68701.17        2.0987763E+07  2.1056465E+07      4588.732    
      28             68637.88        2.0988714E+07  2.1057351E+07      4588.829    
      29             68629.75        2.0988868E+07  2.1057498E+07      4588.845    
      30             67108.50        2.1024472E+07  2.1091581E+07      4592.557    
      33             26986.82        2.2599342E+07  2.2626329E+07      4756.714    
      36             20882.68        2.2989630E+07  2.3010513E+07      4796.927    
      39             8241.499        2.4139135E+07  2.4147377E+07      4913.998    
      42             6760.610        2.4447338E+07  2.4454099E+07      4945.109    
      45             959.7648        2.6623620E+07  2.6624580E+07      5159.901    
      48             204.4752        2.6975091E+07  2.6975295E+07      5193.775    
      51             107.1656        2.7102770E+07  2.7102877E+07      5206.042    
      54             93.15679        2.7181707E+07  2.7181800E+07      5213.617    
      57             31.55471        2.8630710E+07  2.8630742E+07      5350.770    
      60            0.1798868        3.1896999E+07  3.1897000E+07      5647.743    
      63            2.5909343E-02    3.2031146E+07  3.2031146E+07      5659.607    
      66            2.0031270E-08    3.3402334E+07  3.3402334E+07      5779.475    
      69            1.0023451E-22    3.3573938E+07  3.3573938E+07      5794.302    
      72             0.000000        1.0000000E+35  1.0000000E+35     3.1622777E+17
      74             0.000000        1.0000000E+35  1.0000000E+35     3.1622777E+17
 
    Pre-calibration:- 
    Total error variance                 =  4.2919366E+09
    Total error standard deviation       =   65512.87    
 
    Post-calibration:-
    Total error variance                 =  1.6924360E+07
    Total error standard deviation       =   4113.923    
    Minimum error variance occurs at singular value number 23.
 
 
 PREDUNC1 analysis for prediction "q7847" ----->

    Pre-calibration:- 
    Total uncertainty variance           =  4.2919361E+09
    Total uncertainty standard deviation =   65512.87    
 
    Post-calibration:-
    Total uncertainty variance           =  1.3221449E+07
    Total uncertainty standard deviation =   3636.131    
 
 
 PREDUNC4 analysis for prediction "q7847" ----->

    Contributions to predictive uncertainty variance

    Parameter      Pre-cal             Post-cal
    group          contribution        contribution
    ---------      ------------        ------------
    ddsd            2.5969300E+07        2544.000    
    ddsw            1.7104100E+07        24845.00    
    ddgd            2.7928430E+08        29216.00    
    ddgw             1400.000            53115.00    
    rcsd            7.8919800E+07        7974621.    
    rcsw             3600.000            3164127.    
    rcrd            3.6409360E+09        493310.0    
    rcrw             1700.000            2629745.    
    rcgd            6.9821100E+07        1848.000    
    rcgw             400.0000            3525.000    
    tl              5.3750800E+07        9790.000    
    xw               0.000000            0.000000    
    yw               0.000000            0.000000    
    x                1700.000            3271.000    
    y                700.0000            231992.0    
    tlr              0.000000            0.000000    
    tls              0.000000            0.000000    
    beta            1.2614190E+08        4044534.    
 
 
 PREDUNC5 observation subtraction analysis for prediction "q7847" ----->

    Increases in predictive uncertainty variance incurred through loss of observations

    Observation_group        Variance_increase
    -----------------        -----------------
    q                         1.3221449E+07
 
 
 PREDUNC5 observation addition analysis for prediction "q7847" ----->

    Decreases in pre-calibration predictive uncertainty variance incurred through addition of observations

    Observation_group        Variance_decrease
    -----------------        -----------------
    q                         1.3221449E+07
