 
 
                   ###################################################
                   #                                                 #
                   #      GENLINPRED UNCERTAINTY/ERROR ANALYSIS      #
                   #                                                 #
                   ###################################################
 
 
 
                   ANALYSIS DETAILS
                   ----------------
 
    Name of PEST control file                                   : master_lu.pst
    Factor by which to multiply observation weights             : 1.0000
    Source of parameter uncertainty data                        : uncertainty file
    Name of uncertainty file                                    : master_lu.unc
 
    Perform global parameter estimability analysis              : yes
         Parameter identifiability                              : yes
         Relative parameter error reduction                     : no
         Relative parameter uncertainty reduction               : yes
 
    Analyse error/uncertainty of an entity                      : yes
         Name of entity                                         : q8091
         Type of entity                                         : prediction
         File containing prediction sensitivities               : master_lu.jco
 
         Total error variance                                   : yes
         Total uncertainty                                      : yes
 
         Parameter contributions to error variance              : no
         Parameter contributions to uncertainty                 : yes
         Parameter contributions                                : by group
 
         Observation worth in reducing error variance           : no
         Observation worth in reducing uncertainty variance     : yes
         Observation worth                                      : by group


                   ANALYSIS OF PARAMETERS
                   ----------------------


 Outcomes of running program SUPCALC ----->
 
    Number of dimensions of calibration solution space = 23
    Number of dimensions of calibration null space     = 51

 Outcomes of parameter identifiability and error/uncertainty variance reduction analysis ----->
 
    Parameter              Identifiability        Rel_uncert_var_redn
    ---------              ---------------        -------------------
    ddsd                    0.9999995              0.9998210
    ddsw                    0.9999988              0.9998840
    ddgd                    0.7999326              0.7974648
    ddgw                    0.7997668              0.7867426
    rcs1d                   1.2681761E-09           0.000000
    rcs1w                   6.6282780E-12           0.000000
    rcs2d                   5.1593650E-05          2.3700000E-04
    rcs2w                   9.2143440E-06          4.1800000E-04
    rcs3d                   4.8333874E-03          1.0324100E-02
    rcs3w                   1.7627025E-04          7.0122000E-03
    rcs4d                   0.1537722              0.2121132
    rcs4w                   7.3165235E-04          1.7891000E-02
    rcs5d                   0.8457617              0.6397306
    rcs5w                   8.7554669E-04          1.6808100E-02
    rcs6d                   0.9982215              0.9038173
    rcs6w                   5.8974200E-04          1.4569900E-02
    rcs7d                   5.3487393E-04          6.2577000E-03
    rcs7w                   0.9969853              0.9830508
    rcs8d                   0.9996010              0.9735648
    rcs8w                   2.1438799E-03          1.1063300E-02
    rcs9d                   0.9997032              0.9446008
    rcs9w                   0.9998422              0.9932690
    rcs10d                  0.9990136              0.9158744
    rcs10w                  0.9999232              0.9929156
    rcs11d                  0.9127399              0.6967950
    rcs11w                  0.9342819              0.9236186
    rcs12d                  8.3361140E-02          8.3602200E-02
    rcs12w                  6.6201212E-02          0.1179356
    rcs13d                  1.3204067E-03          9.1719000E-03
    rcs13w                  4.9929803E-05          1.0466300E-02
    rcs14d                  7.0945767E-05          4.9090000E-04
    rcs14w                  1.7994403E-06          3.7780000E-04
    rcs15d                  2.0620253E-05          1.4210000E-04
    rcs15w                  4.9978021E-07          1.0670000E-04
    rcr1d                   1.2503610E-04          1.1200000E-04
    rcr1w                   6.0611308E-06          8.9600000E-05
    rcr2d                   6.9919708E-02          5.9752700E-02
    rcr2w                   3.6185474E-03          4.0180900E-02
    rcr3d                   0.9222710              0.6258057
    rcr3w                   2.8626263E-02          0.2313577
    rcr4d                   8.3653082E-03          2.5989200E-02
    rcr4w                   0.3108557              0.5212875
    rcr5d                   0.9917092              0.9432056
    rcr5w                   0.6746875              0.7988094
    rcr6d                   5.7269857E-03          2.0012100E-02
    rcr6w                   1.9119227E-03          1.1085200E-02
    rcr7d                   2.3974571E-03          1.0656000E-02
    rcr7w                   1.2208666E-03          1.4136100E-02
    rcr8d                   1.7280303E-03          5.2180000E-03
    rcr8w                   8.8711910E-04          1.1020900E-02
    rcr9d                   9.8914437E-03          1.9372700E-02
    rcr9w                   5.4697566E-04          1.0395500E-02
    rcr10d                  0.9749804              0.8030017
    rcr10w                  3.6329913E-04          8.2853000E-03
    rcr11d                  1.7018374E-03          4.3545000E-03
    rcr11w                  0.9814715              0.9583712
    rcr12d                  1.6255384E-03          4.4565000E-03
    rcr12w                  1.2520766E-02          6.0957300E-02
    rcr13d                  8.3415803E-03          6.9895600E-02
    rcr13w                  3.3705940E-03          4.3378000E-02
    rcr14d                  4.6359865E-04          4.1007000E-03
    rcr14w                  2.4386580E-04          3.1212000E-03
    rcr15d                  1.3925186E-04          1.2318000E-03
    rcr15w                  7.4286789E-05          9.5080000E-04
    rcgd                    0.1999831              0.1993662
    rcgw                    0.1999417              0.1966857
    tl                      0.9999997              0.9999444
    xw                       0.000000               0.000000
    yw                       0.000000               0.000000
    x                       0.9997234              0.9945357
    y                       0.9994559              0.9753138
    tlr                      0.000000               0.000000
    tls                      0.000000               0.000000
    beta                    0.9805885              0.6624608
 
    Note: run IDENTPAR yourself to see identiability contributions by different solution 
    space eigencomponents.


                   ANALYSIS OF PREDICTION
                   ----------------------

 PREDVAR1 analysis for prediction "q8091" ----->

    Sing_val       Null-space       Soln-space     Total             Total
    index          term             term           variance          std_dev
    --------       ----------       ----------     --------          -------
       0            3.0081556E+10     0.000000      3.0081556E+10      173440.4    
       3            1.0250489E+10     343917.7      1.0250833E+10      101246.4    
       6            8.1986131E+09     1363118.      8.1999762E+09      90553.72    
       9            5.4744243E+09     4749999.      5.4791743E+09      74021.44    
      12            8.3804543E+08    4.7418661E+07  8.8546409E+08      29756.75    
      15            2.1259837E+08    5.5760423E+07  2.6835879E+08      16381.66    
      18            2.3252366E+07    6.3028172E+07  8.6280538E+07      9288.732    
      19            1.9952045E+07    6.3620657E+07  8.3572703E+07      9141.811    
      20            1.9913553E+07    6.3635958E+07  8.3549511E+07      9140.542    
      21            1.9587795E+07    6.3787873E+07  8.3375668E+07      9131.028    
      22            1.9089126E+07    6.4083981E+07  8.3173108E+07      9119.929    
      23            1.9083311E+07    6.4087978E+07  8.3171290E+07      9119.829    
      24            1.9025556E+07    6.4157945E+07  8.3183501E+07      9120.499    
      25            1.8709222E+07    6.5556499E+07  8.4265721E+07      9179.636    
      26            1.8687748E+07    6.5693326E+07  8.4381074E+07      9185.917    
      27            1.8521561E+07    6.7920529E+07  8.6442090E+07      9297.424    
      28             4732616.        2.7492294E+08  2.7965556E+08      16722.91    
      29             2100506.        3.2493927E+08  3.2703978E+08      18084.24    
      30             440408.7        3.6379307E+08  3.6423348E+08      19084.90    
      33             284890.6        3.7017074E+08  3.7045563E+08      19247.22    
      36             60181.82        3.8849567E+08  3.8855585E+08      19711.82    
      39             22261.21        3.9264232E+08  3.9266458E+08      19815.77    
      42             13115.75        3.9437964E+08  3.9439276E+08      19859.32    
      45             6604.392        3.9603870E+08  3.9604530E+08      19900.89    
      48             5773.798        3.9646299E+08  3.9646876E+08      19911.52    
      51             3151.935        3.9937427E+08  3.9937742E+08      19984.43    
      54             417.5851        4.0753726E+08  4.0753768E+08      20187.56    
      57             45.08310        4.3159580E+08  4.3159584E+08      20774.88    
      60             26.37139        4.3589626E+08  4.3589629E+08      20878.13    
      63             14.57997        4.6014091E+08  4.6014092E+08      21450.90    
      66             14.57682        4.9338196E+08  4.9338197E+08      22212.20    
      69            3.9043351E-17    2.2517781E+13  2.2517781E+13      4745290.    
      72             0.000000        1.0000000E+35  1.0000000E+35     3.1622777E+17
      74             0.000000        1.0000000E+35  1.0000000E+35     3.1622777E+17
 
    Pre-calibration:- 
    Total error variance                 =  3.0081556E+10
    Total error standard deviation       =   173440.4    
 
    Post-calibration:-
    Total error variance                 =  8.3171290E+07
    Total error standard deviation       =   9119.829    
    Minimum error variance occurs at singular value number 23.
 
 
 PREDUNC1 analysis for prediction "q8091" ----->

    Pre-calibration:- 
    Total uncertainty variance           =  3.0081572E+10
    Total uncertainty standard deviation =   173440.4    
 
    Post-calibration:-
    Total uncertainty variance           =  8.0905204E+07
    Total uncertainty standard deviation =   8994.732    
 
 
 PREDUNC4 analysis for prediction "q8091" ----->

    Contributions to predictive uncertainty variance

    Parameter      Pre-cal             Post-cal
    group          contribution        contribution
    ---------      ------------        ------------
    ddsd            2.0923883E+10        3840851.    
    ddsw             0.000000            1070611.    
    ddgd             0.000000            8656.000    
    ddgw            2.6840210E+09        1205938.    
    rcsd             0.000000            6533532.    
    rcsw            3.4404880E+09       3.6176011E+07
    rcrd             0.000000            810777.0    
    rcrw            1.9057770E+09        4478614.    
    rcgd             0.000000            548.0000    
    rcgw            6.7100500E+08        80036.00    
    tl              2.5075900E+08        488303.0    
    xw               0.000000            0.000000    
    yw               0.000000            0.000000    
    x                8000.000            427826.0    
    y                861000.0            774505.0    
    tlr              0.000000            0.000000    
    tls              0.000000            0.000000    
    beta            2.0475300E+08        274301.0    
 
 
 PREDUNC5 observation subtraction analysis for prediction "q8091" ----->

    Increases in predictive uncertainty variance incurred through loss of observations

    Observation_group        Variance_increase
    -----------------        -----------------
    q                         8.0905204E+07
 
 
 PREDUNC5 observation addition analysis for prediction "q8091" ----->

    Decreases in pre-calibration predictive uncertainty variance incurred through addition of observations

    Observation_group        Variance_decrease
    -----------------        -----------------
    q                         8.0905204E+07
