 
 
                   ###################################################
                   #                                                 #
                   #      GENLINPRED UNCERTAINTY/ERROR ANALYSIS      #
                   #                                                 #
                   ###################################################
 
 
 
                   ANALYSIS DETAILS
                   ----------------
 
    Name of PEST control file                                   : master_lu.pst
    Factor by which to multiply observation weights             : 1.0000
    Source of parameter uncertainty data                        : uncertainty file
    Name of uncertainty file                                    : master_lu.unc
 
    Perform global parameter estimability analysis              : yes
         Parameter identifiability                              : yes
         Relative parameter error reduction                     : no
         Relative parameter uncertainty reduction               : yes
 
    Analyse error/uncertainty of an entity                      : yes
         Name of entity                                         : q7944
         Type of entity                                         : prediction
         File containing prediction sensitivities               : master_lu.jco
 
         Total error variance                                   : yes
         Total uncertainty                                      : yes
 
         Parameter contributions to error variance              : no
         Parameter contributions to uncertainty                 : yes
         Parameter contributions                                : by group
 
         Observation worth in reducing error variance           : no
         Observation worth in reducing uncertainty variance     : yes
         Observation worth                                      : by group


                   ANALYSIS OF PARAMETERS
                   ----------------------


 Outcomes of running program SUPCALC ----->
 
    Number of dimensions of calibration solution space = 23
    Number of dimensions of calibration null space     = 51

 Outcomes of parameter identifiability and error/uncertainty variance reduction analysis ----->
 
    Parameter              Identifiability        Rel_uncert_var_redn
    ---------              ---------------        -------------------
    ddsd                    0.9999995              0.9998210
    ddsw                    0.9999988              0.9998840
    ddgd                    0.7999326              0.7974648
    ddgw                    0.7997668              0.7867426
    rcs1d                   1.2681761E-09           0.000000
    rcs1w                   6.6282780E-12           0.000000
    rcs2d                   5.1593650E-05          2.3700000E-04
    rcs2w                   9.2143440E-06          4.1800000E-04
    rcs3d                   4.8333874E-03          1.0324100E-02
    rcs3w                   1.7627025E-04          7.0122000E-03
    rcs4d                   0.1537722              0.2121132
    rcs4w                   7.3165235E-04          1.7891000E-02
    rcs5d                   0.8457617              0.6397306
    rcs5w                   8.7554669E-04          1.6808100E-02
    rcs6d                   0.9982215              0.9038173
    rcs6w                   5.8974200E-04          1.4569900E-02
    rcs7d                   5.3487393E-04          6.2577000E-03
    rcs7w                   0.9969853              0.9830508
    rcs8d                   0.9996010              0.9735648
    rcs8w                   2.1438799E-03          1.1063300E-02
    rcs9d                   0.9997032              0.9446008
    rcs9w                   0.9998422              0.9932690
    rcs10d                  0.9990136              0.9158744
    rcs10w                  0.9999232              0.9929156
    rcs11d                  0.9127399              0.6967950
    rcs11w                  0.9342819              0.9236186
    rcs12d                  8.3361140E-02          8.3602200E-02
    rcs12w                  6.6201212E-02          0.1179356
    rcs13d                  1.3204067E-03          9.1719000E-03
    rcs13w                  4.9929803E-05          1.0466300E-02
    rcs14d                  7.0945767E-05          4.9090000E-04
    rcs14w                  1.7994403E-06          3.7780000E-04
    rcs15d                  2.0620253E-05          1.4210000E-04
    rcs15w                  4.9978021E-07          1.0670000E-04
    rcr1d                   1.2503610E-04          1.1200000E-04
    rcr1w                   6.0611308E-06          8.9600000E-05
    rcr2d                   6.9919708E-02          5.9752700E-02
    rcr2w                   3.6185474E-03          4.0180900E-02
    rcr3d                   0.9222710              0.6258057
    rcr3w                   2.8626263E-02          0.2313577
    rcr4d                   8.3653082E-03          2.5989200E-02
    rcr4w                   0.3108557              0.5212875
    rcr5d                   0.9917092              0.9432056
    rcr5w                   0.6746875              0.7988094
    rcr6d                   5.7269857E-03          2.0012100E-02
    rcr6w                   1.9119227E-03          1.1085200E-02
    rcr7d                   2.3974571E-03          1.0656000E-02
    rcr7w                   1.2208666E-03          1.4136100E-02
    rcr8d                   1.7280303E-03          5.2180000E-03
    rcr8w                   8.8711910E-04          1.1020900E-02
    rcr9d                   9.8914437E-03          1.9372700E-02
    rcr9w                   5.4697566E-04          1.0395500E-02
    rcr10d                  0.9749804              0.8030017
    rcr10w                  3.6329913E-04          8.2853000E-03
    rcr11d                  1.7018374E-03          4.3545000E-03
    rcr11w                  0.9814715              0.9583712
    rcr12d                  1.6255384E-03          4.4565000E-03
    rcr12w                  1.2520766E-02          6.0957300E-02
    rcr13d                  8.3415803E-03          6.9895600E-02
    rcr13w                  3.3705940E-03          4.3378000E-02
    rcr14d                  4.6359865E-04          4.1007000E-03
    rcr14w                  2.4386580E-04          3.1212000E-03
    rcr15d                  1.3925186E-04          1.2318000E-03
    rcr15w                  7.4286789E-05          9.5080000E-04
    rcgd                    0.1999831              0.1993662
    rcgw                    0.1999417              0.1966857
    tl                      0.9999997              0.9999444
    xw                       0.000000               0.000000
    yw                       0.000000               0.000000
    x                       0.9997234              0.9945357
    y                       0.9994559              0.9753138
    tlr                      0.000000               0.000000
    tls                      0.000000               0.000000
    beta                    0.9805885              0.6624608
 
    Note: run IDENTPAR yourself to see identiability contributions by different solution 
    space eigencomponents.


                   ANALYSIS OF PREDICTION
                   ----------------------

 PREDVAR1 analysis for prediction "q7944" ----->

    Sing_val       Null-space       Soln-space     Total             Total
    index          term             term           variance          std_dev
    --------       ----------       ----------     --------          -------
       0            6.4248904E+11     0.000000      6.4248904E+11      801554.1    
       3            7.1200445E+10     8434681.      7.1208880E+10      266849.9    
       6            2.9072786E+10    3.2097524E+07  2.9104884E+10      170601.5    
       9            1.8944134E+10    4.6977220E+07  1.8991111E+10      137808.2    
      12            3.1808872E+09    1.1147434E+08  3.2923615E+09      57379.10    
      15            1.5096306E+08    1.5194881E+08  3.0291187E+08      17404.36    
      18            4.8189821E+07    1.5563918E+08  2.0382900E+08      14276.87    
      19            4.7558921E+07    1.5575245E+08  2.0331137E+08      14258.73    
      20            3.7505460E+07    1.5974861E+08  1.9725407E+08      14044.72    
      21            2.3391099E+07    1.6633074E+08  1.8972184E+08      13773.96    
      22            1.1706043E+07    1.7326931E+08  1.8497536E+08      13600.56    
      23            1.1415817E+07    1.7346880E+08  1.8488462E+08      13597.23    
      24             6716486.        1.7916170E+08  1.8587818E+08      13633.71    
      25             4625621.        1.8840569E+08  1.9303131E+08      13893.57    
      26             4601434.        1.8855980E+08  1.9316124E+08      13898.25    
      27             4425136.        1.9092251E+08  1.9534765E+08      13976.68    
      28             2578797.        2.1864012E+08  2.2121892E+08      14873.43    
      29             1960694.        2.3038555E+08  2.3234624E+08      15242.91    
      30             1922258.        2.3128512E+08  2.3320738E+08      15271.13    
      33             1839285.        2.3473239E+08  2.3657168E+08      15380.89    
      36             827495.8        2.9922642E+08  3.0005392E+08      17322.06    
      39             715182.9        3.0919891E+08  3.0991410E+08      17604.38    
      42             541668.3        3.4054974E+08  3.4109141E+08      18468.66    
      45             366649.6        4.0560919E+08  4.0597584E+08      20148.84    
      48             70093.26        5.5194732E+08  5.5201741E+08      23495.05    
      51             16055.56        6.3240555E+08  6.3242160E+08      25147.99    
      54             2006.795        7.0809879E+08  7.0810079E+08      26610.16    
      57             1566.477        7.2700564E+08  7.2700720E+08      26963.07    
      60             1523.012        7.3535276E+08  7.3535428E+08      27117.42    
      63             342.3095        1.9479246E+09  1.9479249E+09      44135.30    
      66             342.2237        2.5712395E+09  2.5712399E+09      50707.39    
      69            8.0045272E-09    8.3844104E+14  8.3844104E+14     2.8955846E+07
      72             0.000000        1.0000000E+35  1.0000000E+35     3.1622777E+17
      74             0.000000        1.0000000E+35  1.0000000E+35     3.1622777E+17
 
    Pre-calibration:- 
    Total error variance                 =  6.4248904E+11
    Total error standard deviation       =   801554.1    
 
    Post-calibration:-
    Total error variance                 =  1.8488462E+08
    Total error standard deviation       =   13597.23    
    Minimum error variance occurs at singular value number 23.
 
 
 PREDUNC1 analysis for prediction "q7944" ----->

    Pre-calibration:- 
    Total uncertainty variance           =  6.4248898E+11
    Total uncertainty standard deviation =   801554.1    
 
    Post-calibration:-
    Total uncertainty variance           =  1.7526503E+08
    Total uncertainty standard deviation =   13238.77    
 
 
 PREDUNC4 analysis for prediction "q7944" ----->

    Contributions to predictive uncertainty variance

    Parameter      Pre-cal             Post-cal
    group          contribution        contribution
    ---------      ------------        ------------
    ddsd            5.0170164E+11       8.5895165E+07
    ddsw             0.000000           3.6810300E+07
    ddgd             110000.0            32000.00    
    ddgw             1350000.            83610.00    
    rcsd             250000.0           3.1245940E+07
    rcsw            3.6096880E+10       7.5530784E+07
    rcrd             3730000.            9766820.    
    rcrw            7.4332000E+08       1.0951850E+07
    rcgd             30000.00            2020.000    
    rcgw             330000.0            5550.000    
    tl              1.0373668E+11        468870.0    
    xw               0.000000            0.000000    
    yw               0.000000            0.000000    
    x                0.000000            4118540.    
    y                0.000000            7255750.    
    tlr              0.000000            0.000000    
    tls              0.000000            0.000000    
    beta            2.0470000E+08        9031550.    
 
 
 PREDUNC5 observation subtraction analysis for prediction "q7944" ----->

    Increases in predictive uncertainty variance incurred through loss of observations

    Observation_group        Variance_increase
    -----------------        -----------------
    q                         1.7526503E+08
 
 
 PREDUNC5 observation addition analysis for prediction "q7944" ----->

    Decreases in pre-calibration predictive uncertainty variance incurred through addition of observations

    Observation_group        Variance_decrease
    -----------------        -----------------
    q                         1.7526503E+08
