 
 
                   ###################################################
                   #                                                 #
                   #      GENLINPRED UNCERTAINTY/ERROR ANALYSIS      #
                   #                                                 #
                   ###################################################
 
 
 
                   ANALYSIS DETAILS
                   ----------------
 
    Name of PEST control file                                   : master_lu.pst
    Factor by which to multiply observation weights             : 1.0000
    Source of parameter uncertainty data                        : uncertainty file
    Name of uncertainty file                                    : master_lu.unc
 
    Perform global parameter estimability analysis              : yes
         Parameter identifiability                              : yes
         Relative parameter error reduction                     : no
         Relative parameter uncertainty reduction               : yes
 
    Analyse error/uncertainty of an entity                      : yes
         Name of entity                                         : q7983
         Type of entity                                         : prediction
         File containing prediction sensitivities               : master_lu.jco
 
         Total error variance                                   : yes
         Total uncertainty                                      : yes
 
         Parameter contributions to error variance              : no
         Parameter contributions to uncertainty                 : yes
         Parameter contributions                                : by group
 
         Observation worth in reducing error variance           : no
         Observation worth in reducing uncertainty variance     : yes
         Observation worth                                      : by group


                   ANALYSIS OF PARAMETERS
                   ----------------------


 Outcomes of running program SUPCALC ----->
 
    Number of dimensions of calibration solution space = 23
    Number of dimensions of calibration null space     = 51

 Outcomes of parameter identifiability and error/uncertainty variance reduction analysis ----->
 
    Parameter              Identifiability        Rel_uncert_var_redn
    ---------              ---------------        -------------------
    ddsd                    0.9999995              0.9998210
    ddsw                    0.9999988              0.9998840
    ddgd                    0.7999326              0.7974648
    ddgw                    0.7997668              0.7867426
    rcs1d                   1.2681761E-09           0.000000
    rcs1w                   6.6282780E-12           0.000000
    rcs2d                   5.1593650E-05          2.3700000E-04
    rcs2w                   9.2143440E-06          4.1800000E-04
    rcs3d                   4.8333874E-03          1.0324100E-02
    rcs3w                   1.7627025E-04          7.0122000E-03
    rcs4d                   0.1537722              0.2121132
    rcs4w                   7.3165235E-04          1.7891000E-02
    rcs5d                   0.8457617              0.6397306
    rcs5w                   8.7554669E-04          1.6808100E-02
    rcs6d                   0.9982215              0.9038173
    rcs6w                   5.8974200E-04          1.4569900E-02
    rcs7d                   5.3487393E-04          6.2577000E-03
    rcs7w                   0.9969853              0.9830508
    rcs8d                   0.9996010              0.9735648
    rcs8w                   2.1438799E-03          1.1063300E-02
    rcs9d                   0.9997032              0.9446008
    rcs9w                   0.9998422              0.9932690
    rcs10d                  0.9990136              0.9158744
    rcs10w                  0.9999232              0.9929156
    rcs11d                  0.9127399              0.6967950
    rcs11w                  0.9342819              0.9236186
    rcs12d                  8.3361140E-02          8.3602200E-02
    rcs12w                  6.6201212E-02          0.1179356
    rcs13d                  1.3204067E-03          9.1719000E-03
    rcs13w                  4.9929803E-05          1.0466300E-02
    rcs14d                  7.0945767E-05          4.9090000E-04
    rcs14w                  1.7994403E-06          3.7780000E-04
    rcs15d                  2.0620253E-05          1.4210000E-04
    rcs15w                  4.9978021E-07          1.0670000E-04
    rcr1d                   1.2503610E-04          1.1200000E-04
    rcr1w                   6.0611308E-06          8.9600000E-05
    rcr2d                   6.9919708E-02          5.9752700E-02
    rcr2w                   3.6185474E-03          4.0180900E-02
    rcr3d                   0.9222710              0.6258057
    rcr3w                   2.8626263E-02          0.2313577
    rcr4d                   8.3653082E-03          2.5989200E-02
    rcr4w                   0.3108557              0.5212875
    rcr5d                   0.9917092              0.9432056
    rcr5w                   0.6746875              0.7988094
    rcr6d                   5.7269857E-03          2.0012100E-02
    rcr6w                   1.9119227E-03          1.1085200E-02
    rcr7d                   2.3974571E-03          1.0656000E-02
    rcr7w                   1.2208666E-03          1.4136100E-02
    rcr8d                   1.7280303E-03          5.2180000E-03
    rcr8w                   8.8711910E-04          1.1020900E-02
    rcr9d                   9.8914437E-03          1.9372700E-02
    rcr9w                   5.4697566E-04          1.0395500E-02
    rcr10d                  0.9749804              0.8030017
    rcr10w                  3.6329913E-04          8.2853000E-03
    rcr11d                  1.7018374E-03          4.3545000E-03
    rcr11w                  0.9814715              0.9583712
    rcr12d                  1.6255384E-03          4.4565000E-03
    rcr12w                  1.2520766E-02          6.0957300E-02
    rcr13d                  8.3415803E-03          6.9895600E-02
    rcr13w                  3.3705940E-03          4.3378000E-02
    rcr14d                  4.6359865E-04          4.1007000E-03
    rcr14w                  2.4386580E-04          3.1212000E-03
    rcr15d                  1.3925186E-04          1.2318000E-03
    rcr15w                  7.4286789E-05          9.5080000E-04
    rcgd                    0.1999831              0.1993662
    rcgw                    0.1999417              0.1966857
    tl                      0.9999997              0.9999444
    xw                       0.000000               0.000000
    yw                       0.000000               0.000000
    x                       0.9997234              0.9945357
    y                       0.9994559              0.9753138
    tlr                      0.000000               0.000000
    tls                      0.000000               0.000000
    beta                    0.9805885              0.6624608
 
    Note: run IDENTPAR yourself to see identiability contributions by different solution 
    space eigencomponents.


                   ANALYSIS OF PREDICTION
                   ----------------------

 PREDVAR1 analysis for prediction "q7983" ----->

    Sing_val       Null-space       Soln-space     Total             Total
    index          term             term           variance          std_dev
    --------       ----------       ----------     --------          -------
       0            6.9927322E+10     0.000000      6.9927322E+10      264437.7    
       3            3.6070173E+10     1225934.      3.6071399E+10      189924.7    
       6            3.7596853E+09    1.7625834E+07  3.7773111E+09      61459.83    
       9            2.6898322E+09    1.8795325E+07  2.7086275E+09      52044.48    
      12            6.0689174E+08    2.8073699E+07  6.3496544E+08      25198.52    
      15            2.0014384E+08    3.4626847E+07  2.3477069E+08      15322.23    
      18            2.6202508E+07    4.1016591E+07  6.7219099E+07      8198.725    
      19            2.5217213E+07    4.1193475E+07  6.6410687E+07      8149.275    
      20            2.4979423E+07    4.1287994E+07  6.6267417E+07      8140.480    
      21            1.8503883E+07    4.4307816E+07  6.2811699E+07      7925.383    
      22             8288593.        5.0373641E+07  5.8662234E+07      7659.127    
      23             7626396.        5.0828810E+07  5.8455206E+07      7645.600    
      24             6687922.        5.1965702E+07  5.8653624E+07      7658.565    
      25             6314356.        5.3617286E+07  5.9931642E+07      7741.553    
      26             6313862.        5.3620434E+07  5.9934296E+07      7741.724    
      27             6312651.        5.3636663E+07  5.9949314E+07      7742.694    
      28             3485070.        9.6084887E+07  9.9569956E+07      9978.475    
      29             2736505.        1.1030938E+08  1.1304589E+08      10632.30    
      30             2668716.        1.1189595E+08  1.1456467E+08      10703.49    
      33             2583899.        1.1487239E+08  1.1745629E+08      10837.73    
      36             1373817.        1.9709082E+08  1.9846463E+08      14087.75    
      39             1086453.        2.2904459E+08  2.3013104E+08      15170.07    
      42             708445.3        2.9596868E+08  2.9667712E+08      17224.32    
      45             285720.2        4.0927058E+08  4.0955630E+08      20237.50    
      48             106938.2        5.0920803E+08  5.0931497E+08      22568.01    
      51             5282.975        6.6118302E+08  6.6118830E+08      25713.58    
      54             2253.299        6.7622320E+08  6.7622545E+08      26004.34    
      57             1423.738        7.3545493E+08  7.3545635E+08      27119.30    
      60             1392.833        7.4399404E+08  7.4399543E+08      27276.28    
      63             40.09407        8.0466588E+09  8.0466588E+09      89703.17    
      66             40.09186        8.0550880E+09  8.0550881E+09      89750.14    
      69            1.0743415E-16    6.1939460E+13  6.1939460E+13      7870163.    
      72             0.000000        1.0000000E+35  1.0000000E+35     3.1622777E+17
      74             0.000000        1.0000000E+35  1.0000000E+35     3.1622777E+17
 
    Pre-calibration:- 
    Total error variance                 =  6.9927322E+10
    Total error standard deviation       =   264437.7    
 
    Post-calibration:-
    Total error variance                 =  5.8455206E+07
    Total error standard deviation       =   7645.600    
    Minimum error variance occurs at singular value number 23.
 
 
 PREDUNC1 analysis for prediction "q7983" ----->

    Pre-calibration:- 
    Total uncertainty variance           =  6.9927297E+10
    Total uncertainty standard deviation =   264437.7    
 
    Post-calibration:-
    Total uncertainty variance           =  5.3855520E+07
    Total uncertainty standard deviation =   7338.632    
 
 
 PREDUNC4 analysis for prediction "q7983" ----->

    Contributions to predictive uncertainty variance

    Parameter      Pre-cal             Post-cal
    group          contribution        contribution
    ---------      ------------        ------------
    ddsd            7.4103200E+09        1231120.    
    ddsw             0.000000           1.9891337E+07
    ddgd             3000.000            42139.00    
    ddgw            2.2428000E+07        26244.00    
    rcsd             9000.000            6571314.    
    rcsw            4.3860756E+10       1.4623216E+07
    rcrd             129000.0            4795541.    
    rcrw            8.9258000E+08       1.3260923E+07
    rcgd             0.000000            2665.000    
    rcgw             5607000.            1741.000    
    tl              1.7064405E+10        11244.00    
    xw               0.000000            0.000000    
    yw               0.000000            0.000000    
    x                0.000000            21762.00    
    y                0.000000            1666707.    
    tlr              0.000000            0.000000    
    tls              0.000000            0.000000    
    beta            6.7108000E+08        6761269.    
 
 
 PREDUNC5 observation subtraction analysis for prediction "q7983" ----->

    Increases in predictive uncertainty variance incurred through loss of observations

    Observation_group        Variance_increase
    -----------------        -----------------
    q                         5.3855520E+07
 
 
 PREDUNC5 observation addition analysis for prediction "q7983" ----->

    Decreases in pre-calibration predictive uncertainty variance incurred through addition of observations

    Observation_group        Variance_decrease
    -----------------        -----------------
    q                         5.3855520E+07
