 
 
                   ###################################################
                   #                                                 #
                   #      GENLINPRED UNCERTAINTY/ERROR ANALYSIS      #
                   #                                                 #
                   ###################################################
 
 
 
                   ANALYSIS DETAILS
                   ----------------
 
    Name of PEST control file                                   : master_lu.pst
    Factor by which to multiply observation weights             : 1.0000
    Source of parameter uncertainty data                        : uncertainty file
    Name of uncertainty file                                    : master_lu.unc
 
    Perform global parameter estimability analysis              : yes
         Parameter identifiability                              : yes
         Relative parameter error reduction                     : no
         Relative parameter uncertainty reduction               : yes
 
    Analyse error/uncertainty of an entity                      : yes
         Name of entity                                         : q8100
         Type of entity                                         : prediction
         File containing prediction sensitivities               : master_lu.jco
 
         Total error variance                                   : yes
         Total uncertainty                                      : yes
 
         Parameter contributions to error variance              : no
         Parameter contributions to uncertainty                 : yes
         Parameter contributions                                : by group
 
         Observation worth in reducing error variance           : no
         Observation worth in reducing uncertainty variance     : yes
         Observation worth                                      : by group


                   ANALYSIS OF PARAMETERS
                   ----------------------


 Outcomes of running program SUPCALC ----->
 
    Number of dimensions of calibration solution space = 23
    Number of dimensions of calibration null space     = 51

 Outcomes of parameter identifiability and error/uncertainty variance reduction analysis ----->
 
    Parameter              Identifiability        Rel_uncert_var_redn
    ---------              ---------------        -------------------
    ddsd                    0.9999995              0.9998210
    ddsw                    0.9999988              0.9998840
    ddgd                    0.7999326              0.7974648
    ddgw                    0.7997668              0.7867426
    rcs1d                   1.2681761E-09           0.000000
    rcs1w                   6.6282780E-12           0.000000
    rcs2d                   5.1593650E-05          2.3700000E-04
    rcs2w                   9.2143440E-06          4.1800000E-04
    rcs3d                   4.8333874E-03          1.0324100E-02
    rcs3w                   1.7627025E-04          7.0122000E-03
    rcs4d                   0.1537722              0.2121132
    rcs4w                   7.3165235E-04          1.7891000E-02
    rcs5d                   0.8457617              0.6397306
    rcs5w                   8.7554669E-04          1.6808100E-02
    rcs6d                   0.9982215              0.9038173
    rcs6w                   5.8974200E-04          1.4569900E-02
    rcs7d                   5.3487393E-04          6.2577000E-03
    rcs7w                   0.9969853              0.9830508
    rcs8d                   0.9996010              0.9735648
    rcs8w                   2.1438799E-03          1.1063300E-02
    rcs9d                   0.9997032              0.9446008
    rcs9w                   0.9998422              0.9932690
    rcs10d                  0.9990136              0.9158744
    rcs10w                  0.9999232              0.9929156
    rcs11d                  0.9127399              0.6967950
    rcs11w                  0.9342819              0.9236186
    rcs12d                  8.3361140E-02          8.3602200E-02
    rcs12w                  6.6201212E-02          0.1179356
    rcs13d                  1.3204067E-03          9.1719000E-03
    rcs13w                  4.9929803E-05          1.0466300E-02
    rcs14d                  7.0945767E-05          4.9090000E-04
    rcs14w                  1.7994403E-06          3.7780000E-04
    rcs15d                  2.0620253E-05          1.4210000E-04
    rcs15w                  4.9978021E-07          1.0670000E-04
    rcr1d                   1.2503610E-04          1.1200000E-04
    rcr1w                   6.0611308E-06          8.9600000E-05
    rcr2d                   6.9919708E-02          5.9752700E-02
    rcr2w                   3.6185474E-03          4.0180900E-02
    rcr3d                   0.9222710              0.6258057
    rcr3w                   2.8626263E-02          0.2313577
    rcr4d                   8.3653082E-03          2.5989200E-02
    rcr4w                   0.3108557              0.5212875
    rcr5d                   0.9917092              0.9432056
    rcr5w                   0.6746875              0.7988094
    rcr6d                   5.7269857E-03          2.0012100E-02
    rcr6w                   1.9119227E-03          1.1085200E-02
    rcr7d                   2.3974571E-03          1.0656000E-02
    rcr7w                   1.2208666E-03          1.4136100E-02
    rcr8d                   1.7280303E-03          5.2180000E-03
    rcr8w                   8.8711910E-04          1.1020900E-02
    rcr9d                   9.8914437E-03          1.9372700E-02
    rcr9w                   5.4697566E-04          1.0395500E-02
    rcr10d                  0.9749804              0.8030017
    rcr10w                  3.6329913E-04          8.2853000E-03
    rcr11d                  1.7018374E-03          4.3545000E-03
    rcr11w                  0.9814715              0.9583712
    rcr12d                  1.6255384E-03          4.4565000E-03
    rcr12w                  1.2520766E-02          6.0957300E-02
    rcr13d                  8.3415803E-03          6.9895600E-02
    rcr13w                  3.3705940E-03          4.3378000E-02
    rcr14d                  4.6359865E-04          4.1007000E-03
    rcr14w                  2.4386580E-04          3.1212000E-03
    rcr15d                  1.3925186E-04          1.2318000E-03
    rcr15w                  7.4286789E-05          9.5080000E-04
    rcgd                    0.1999831              0.1993662
    rcgw                    0.1999417              0.1966857
    tl                      0.9999997              0.9999444
    xw                       0.000000               0.000000
    yw                       0.000000               0.000000
    x                       0.9997234              0.9945357
    y                       0.9994559              0.9753138
    tlr                      0.000000               0.000000
    tls                      0.000000               0.000000
    beta                    0.9805885              0.6624608
 
    Note: run IDENTPAR yourself to see identiability contributions by different solution 
    space eigencomponents.


                   ANALYSIS OF PREDICTION
                   ----------------------

 PREDVAR1 analysis for prediction "q8100" ----->

    Sing_val       Null-space       Soln-space     Total             Total
    index          term             term           variance          std_dev
    --------       ----------       ----------     --------          -------
       0            3.2568792E+10     0.000000      3.2568792E+10      180468.3    
       3            1.0112902E+10     703030.9      1.0113605E+10      100566.4    
       6            9.2138991E+09     1158435.      9.2150575E+09      95995.09    
       9            6.2764165E+09     4885863.      6.2813024E+09      79254.67    
      12            9.0501980E+08    5.8038882E+07  9.6305869E+08      31033.19    
      15            1.6445621E+08    6.8895050E+07  2.3335126E+08      15275.84    
      18            1.6069008E+07    7.4624179E+07  9.0693187E+07      9523.297    
      19            1.3239717E+07    7.5132104E+07  8.8371821E+07      9400.629    
      20            1.3236898E+07    7.5133225E+07  8.8370123E+07      9400.538    
      21            1.3236529E+07    7.5133397E+07  8.8369926E+07      9400.528    
      22            1.3186274E+07    7.5163238E+07  8.8349512E+07      9399.442    
      23            1.3111914E+07    7.5214351E+07  8.8326264E+07      9398.205    
      24            1.3102091E+07    7.5226250E+07  8.8328341E+07      9398.316    
      25            1.2993643E+07    7.5705712E+07  8.8699355E+07      9418.033    
      26            1.2984155E+07    7.5766170E+07  8.8750325E+07      9420.739    
      27            1.2826199E+07    7.7883059E+07  9.0709259E+07      9524.141    
      28             4762596.        1.9893549E+08  2.0369809E+08      14272.28    
      29             1943130.        2.5251202E+08  2.5445516E+08      15951.65    
      30             479215.1        2.8677427E+08  2.8725348E+08      16948.55    
      33             218990.2        2.9684210E+08  2.9706109E+08      17235.46    
      36             45168.36        3.1034948E+08  3.1039465E+08      17618.02    
      39             34773.93        3.1127788E+08  3.1131266E+08      17644.05    
      42             25622.57        3.1297793E+08  3.1300355E+08      17691.91    
      45             8923.578        3.1755062E+08  3.1755954E+08      17820.20    
      48             1848.145        3.2117080E+08  3.2117265E+08      17921.29    
      51             945.3993        3.2238810E+08  3.2238904E+08      17955.20    
      54             288.3606        3.2568353E+08  3.2568382E+08      18046.71    
      57             34.84625        3.4148694E+08  3.4148698E+08      18479.37    
      60             18.40755        3.4540615E+08  3.4540617E+08      18585.11    
      63             12.56037        3.5775150E+08  3.5775152E+08      18914.32    
      66             12.55838        3.8957466E+08  3.8957467E+08      19737.65    
      69            3.3286744E-17    1.9399650E+13  1.9399650E+13      4404503.    
      72             0.000000        1.0000000E+35  1.0000000E+35     3.1622777E+17
      74             0.000000        1.0000000E+35  1.0000000E+35     3.1622777E+17
 
    Pre-calibration:- 
    Total error variance                 =  3.2568792E+10
    Total error standard deviation       =   180468.3    
 
    Post-calibration:-
    Total error variance                 =  8.8326264E+07
    Total error standard deviation       =   9398.205    
    Minimum error variance occurs at singular value number 23.
 
 
 PREDUNC1 analysis for prediction "q8100" ----->

    Pre-calibration:- 
    Total uncertainty variance           =  3.2568807E+10
    Total uncertainty standard deviation =   180468.3    
 
    Post-calibration:-
    Total uncertainty variance           =  8.6507466E+07
    Total uncertainty standard deviation =   9300.939    
 
 
 PREDUNC4 analysis for prediction "q8100" ----->

    Contributions to predictive uncertainty variance

    Parameter      Pre-cal             Post-cal
    group          contribution        contribution
    ---------      ------------        ------------
    ddsd            1.3492286E+10        4111777.    
    ddsw             0.000000            298298.0    
    ddgd             0.000000            3051.000    
    ddgw            4.2595590E+09        2565807.    
    rcsd             0.000000            4290893.    
    rcsw            2.1763470E+09       1.9733353E+07
    rcrd             0.000000            347479.0    
    rcrw            1.7248950E+09        2668594.    
    rcgd             0.000000            193.0000    
    rcgw            1.0648900E+09        170288.0    
    tl              9.6783430E+09        146387.0    
    xw               0.000000            0.000000    
    yw               0.000000            0.000000    
    x                3000.000            349193.0    
    y                375000.0            510162.0    
    tlr              0.000000            0.000000    
    tls              0.000000            0.000000    
    beta            1.7209300E+08        9137.000    
 
 
 PREDUNC5 observation subtraction analysis for prediction "q8100" ----->

    Increases in predictive uncertainty variance incurred through loss of observations

    Observation_group        Variance_increase
    -----------------        -----------------
    q                         8.6507466E+07
 
 
 PREDUNC5 observation addition analysis for prediction "q8100" ----->

    Decreases in pre-calibration predictive uncertainty variance incurred through addition of observations

    Observation_group        Variance_decrease
    -----------------        -----------------
    q                         8.6507466E+07
