 
 
                   ###################################################
                   #                                                 #
                   #      GENLINPRED UNCERTAINTY/ERROR ANALYSIS      #
                   #                                                 #
                   ###################################################
 
 
 
                   ANALYSIS DETAILS
                   ----------------
 
    Name of PEST control file                                   : master_lu.pst
    Factor by which to multiply observation weights             : 1.0000
    Source of parameter uncertainty data                        : uncertainty file
    Name of uncertainty file                                    : master_lu.unc
 
    Perform global parameter estimability analysis              : yes
         Parameter identifiability                              : yes
         Relative parameter error reduction                     : no
         Relative parameter uncertainty reduction               : yes
 
    Analyse error/uncertainty of an entity                      : yes
         Name of entity                                         : q7854
         Type of entity                                         : prediction
         File containing prediction sensitivities               : master_lu.jco
 
         Total error variance                                   : yes
         Total uncertainty                                      : yes
 
         Parameter contributions to error variance              : no
         Parameter contributions to uncertainty                 : yes
         Parameter contributions                                : by group
 
         Observation worth in reducing error variance           : no
         Observation worth in reducing uncertainty variance     : yes
         Observation worth                                      : by group


                   ANALYSIS OF PARAMETERS
                   ----------------------


 Outcomes of running program SUPCALC ----->
 
    Number of dimensions of calibration solution space = 23
    Number of dimensions of calibration null space     = 51

 Outcomes of parameter identifiability and error/uncertainty variance reduction analysis ----->
 
    Parameter              Identifiability        Rel_uncert_var_redn
    ---------              ---------------        -------------------
    ddsd                    0.9999995              0.9998210
    ddsw                    0.9999988              0.9998840
    ddgd                    0.7999326              0.7974648
    ddgw                    0.7997668              0.7867426
    rcs1d                   1.2681761E-09           0.000000
    rcs1w                   6.6282780E-12           0.000000
    rcs2d                   5.1593650E-05          2.3700000E-04
    rcs2w                   9.2143440E-06          4.1800000E-04
    rcs3d                   4.8333874E-03          1.0324100E-02
    rcs3w                   1.7627025E-04          7.0122000E-03
    rcs4d                   0.1537722              0.2121132
    rcs4w                   7.3165235E-04          1.7891000E-02
    rcs5d                   0.8457617              0.6397306
    rcs5w                   8.7554669E-04          1.6808100E-02
    rcs6d                   0.9982215              0.9038173
    rcs6w                   5.8974200E-04          1.4569900E-02
    rcs7d                   5.3487393E-04          6.2577000E-03
    rcs7w                   0.9969853              0.9830508
    rcs8d                   0.9996010              0.9735648
    rcs8w                   2.1438799E-03          1.1063300E-02
    rcs9d                   0.9997032              0.9446008
    rcs9w                   0.9998422              0.9932690
    rcs10d                  0.9990136              0.9158744
    rcs10w                  0.9999232              0.9929156
    rcs11d                  0.9127399              0.6967950
    rcs11w                  0.9342819              0.9236186
    rcs12d                  8.3361140E-02          8.3602200E-02
    rcs12w                  6.6201212E-02          0.1179356
    rcs13d                  1.3204067E-03          9.1719000E-03
    rcs13w                  4.9929803E-05          1.0466300E-02
    rcs14d                  7.0945767E-05          4.9090000E-04
    rcs14w                  1.7994403E-06          3.7780000E-04
    rcs15d                  2.0620253E-05          1.4210000E-04
    rcs15w                  4.9978021E-07          1.0670000E-04
    rcr1d                   1.2503610E-04          1.1200000E-04
    rcr1w                   6.0611308E-06          8.9600000E-05
    rcr2d                   6.9919708E-02          5.9752700E-02
    rcr2w                   3.6185474E-03          4.0180900E-02
    rcr3d                   0.9222710              0.6258057
    rcr3w                   2.8626263E-02          0.2313577
    rcr4d                   8.3653082E-03          2.5989200E-02
    rcr4w                   0.3108557              0.5212875
    rcr5d                   0.9917092              0.9432056
    rcr5w                   0.6746875              0.7988094
    rcr6d                   5.7269857E-03          2.0012100E-02
    rcr6w                   1.9119227E-03          1.1085200E-02
    rcr7d                   2.3974571E-03          1.0656000E-02
    rcr7w                   1.2208666E-03          1.4136100E-02
    rcr8d                   1.7280303E-03          5.2180000E-03
    rcr8w                   8.8711910E-04          1.1020900E-02
    rcr9d                   9.8914437E-03          1.9372700E-02
    rcr9w                   5.4697566E-04          1.0395500E-02
    rcr10d                  0.9749804              0.8030017
    rcr10w                  3.6329913E-04          8.2853000E-03
    rcr11d                  1.7018374E-03          4.3545000E-03
    rcr11w                  0.9814715              0.9583712
    rcr12d                  1.6255384E-03          4.4565000E-03
    rcr12w                  1.2520766E-02          6.0957300E-02
    rcr13d                  8.3415803E-03          6.9895600E-02
    rcr13w                  3.3705940E-03          4.3378000E-02
    rcr14d                  4.6359865E-04          4.1007000E-03
    rcr14w                  2.4386580E-04          3.1212000E-03
    rcr15d                  1.3925186E-04          1.2318000E-03
    rcr15w                  7.4286789E-05          9.5080000E-04
    rcgd                    0.1999831              0.1993662
    rcgw                    0.1999417              0.1966857
    tl                      0.9999997              0.9999444
    xw                       0.000000               0.000000
    yw                       0.000000               0.000000
    x                       0.9997234              0.9945357
    y                       0.9994559              0.9753138
    tlr                      0.000000               0.000000
    tls                      0.000000               0.000000
    beta                    0.9805885              0.6624608
 
    Note: run IDENTPAR yourself to see identiability contributions by different solution 
    space eigencomponents.


                   ANALYSIS OF PREDICTION
                   ----------------------

 PREDVAR1 analysis for prediction "q7854" ----->

    Sing_val       Null-space       Soln-space     Total             Total
    index          term             term           variance          std_dev
    --------       ----------       ----------     --------          -------
       0            6.3681523E+09     0.000000      6.3681523E+09      79800.70    
       3            2.4221170E+09     66841.48      2.4221838E+09      49215.69    
       6            1.3926762E+09     897464.4      1.3935736E+09      37330.60    
       9            1.6254157E+08     2806567.      1.6534814E+08      12858.78    
      12            2.5303376E+07     3499068.      2.8802444E+07      5366.791    
      15            2.2638904E+07     3544527.      2.6183431E+07      5116.975    
      18            1.8237324E+07     3768257.      2.2005581E+07      4691.011    
      19            1.6659888E+07     4051444.      2.0711332E+07      4550.970    
      20            1.2795043E+07     5587688.      1.8382731E+07      4287.509    
      21             9373998.         7183068.      1.6557066E+07      4069.037    
      22             581374.0        1.2404116E+07  1.2985490E+07      3603.539    
      23             341943.3        1.2568692E+07  1.2910635E+07      3593.137    
      24             319548.1        1.2595822E+07  1.2915370E+07      3593.796    
      25             209728.3        1.3081350E+07  1.3291078E+07      3645.693    
      26             175803.9        1.3297512E+07  1.3473316E+07      3670.602    
      27             86089.56        1.4499843E+07  1.4585932E+07      3819.153    
      28             86086.72        1.4499886E+07  1.4585972E+07      3819.159    
      29             85863.44        1.4504128E+07  1.4589992E+07      3819.685    
      30             82978.89        1.4571640E+07  1.4654619E+07      3828.135    
      33             47269.51        1.5864234E+07  1.5911503E+07      3988.923    
      36             41252.50        1.6268082E+07  1.6309335E+07      4038.482    
      39             15118.80        1.9046370E+07  1.9061489E+07      4365.947    
      42             6885.426        2.0557882E+07  2.0564767E+07      4534.839    
      45             3299.452        2.1574205E+07  2.1577504E+07      4645.159    
      48             1443.451        2.2475875E+07  2.2477319E+07      4741.025    
      51             289.3377        2.3539552E+07  2.3539841E+07      4851.787    
      54             86.46668        2.4049338E+07  2.4049424E+07      4904.021    
      57             4.024096        2.6100538E+07  2.6100542E+07      5108.869    
      60            0.2156057        2.6509873E+07  2.6509873E+07      5148.774    
      63            1.2821555E-02    2.6787765E+07  2.6787765E+07      5175.690    
      66            8.2357157E-07    2.7716467E+07  2.7716467E+07      5264.643    
      69            9.1219814E-11    2.6960382E+20  2.6960382E+20     1.6419617E+10
      72             0.000000        1.0000000E+35  1.0000000E+35     3.1622777E+17
      74             0.000000        1.0000000E+35  1.0000000E+35     3.1622777E+17
 
    Pre-calibration:- 
    Total error variance                 =  6.3681523E+09
    Total error standard deviation       =   79800.70    
 
    Post-calibration:-
    Total error variance                 =  1.2910635E+07
    Total error standard deviation       =   3593.137    
    Minimum error variance occurs at singular value number 23.
 
 
 PREDUNC1 analysis for prediction "q7854" ----->

    Pre-calibration:- 
    Total uncertainty variance           =  6.3681517E+09
    Total uncertainty standard deviation =   79800.70    
 
    Post-calibration:-
    Total uncertainty variance           =   9845952.    
    Total uncertainty standard deviation =   3137.826    
 
 
 PREDUNC4 analysis for prediction "q7854" ----->

    Contributions to predictive uncertainty variance

    Parameter      Pre-cal             Post-cal
    group          contribution        contribution
    ---------      ------------        ------------
    ddsd            2.9912214E+09        143830.0    
    ddsw            1.0407200E+07        20365.00    
    ddgd            1.7286780E+08        21992.00    
    ddgw             14900.00            36492.00    
    rcsd            1.2950500E+08        6440584.    
    rcsw            1.6081550E+08        2208441.    
    rcrd            2.6283891E+09        297530.0    
    rcrw             900.0000            1977279.    
    rcgd            4.3216900E+07        1391.000    
    rcgw             3700.000            2422.000    
    tl              1.1395750E+08        1533.000    
    xw               0.000000            0.000000    
    yw               0.000000            0.000000    
    x                900.0000            21.00000    
    y                300.0000            106530.0    
    tlr              0.000000            0.000000    
    tls              0.000000            0.000000    
    beta            1.1775090E+08        3084417.    
 
 
 PREDUNC5 observation subtraction analysis for prediction "q7854" ----->

    Increases in predictive uncertainty variance incurred through loss of observations

    Observation_group        Variance_increase
    -----------------        -----------------
    q                          9845952.    
 
 
 PREDUNC5 observation addition analysis for prediction "q7854" ----->

    Decreases in pre-calibration predictive uncertainty variance incurred through addition of observations

    Observation_group        Variance_decrease
    -----------------        -----------------
    q                          9845952.    
