 
 
                   ###################################################
                   #                                                 #
                   #      GENLINPRED UNCERTAINTY/ERROR ANALYSIS      #
                   #                                                 #
                   ###################################################
 
 
 
                   ANALYSIS DETAILS
                   ----------------
 
    Name of PEST control file                                   : master_lu.pst
    Factor by which to multiply observation weights             : 1.0000
    Source of parameter uncertainty data                        : uncertainty file
    Name of uncertainty file                                    : master_lu.unc
 
    Perform global parameter estimability analysis              : yes
         Parameter identifiability                              : yes
         Relative parameter error reduction                     : no
         Relative parameter uncertainty reduction               : yes
 
    Analyse error/uncertainty of an entity                      : yes
         Name of entity                                         : q7934
         Type of entity                                         : prediction
         File containing prediction sensitivities               : master_lu.jco
 
         Total error variance                                   : yes
         Total uncertainty                                      : yes
 
         Parameter contributions to error variance              : no
         Parameter contributions to uncertainty                 : yes
         Parameter contributions                                : by group
 
         Observation worth in reducing error variance           : no
         Observation worth in reducing uncertainty variance     : yes
         Observation worth                                      : by group


                   ANALYSIS OF PARAMETERS
                   ----------------------


 Outcomes of running program SUPCALC ----->
 
    Number of dimensions of calibration solution space = 23
    Number of dimensions of calibration null space     = 51

 Outcomes of parameter identifiability and error/uncertainty variance reduction analysis ----->
 
    Parameter              Identifiability        Rel_uncert_var_redn
    ---------              ---------------        -------------------
    ddsd                    0.9999995              0.9998210
    ddsw                    0.9999988              0.9998840
    ddgd                    0.7999326              0.7974648
    ddgw                    0.7997668              0.7867426
    rcs1d                   1.2681761E-09           0.000000
    rcs1w                   6.6282780E-12           0.000000
    rcs2d                   5.1593650E-05          2.3700000E-04
    rcs2w                   9.2143440E-06          4.1800000E-04
    rcs3d                   4.8333874E-03          1.0324100E-02
    rcs3w                   1.7627025E-04          7.0122000E-03
    rcs4d                   0.1537722              0.2121132
    rcs4w                   7.3165235E-04          1.7891000E-02
    rcs5d                   0.8457617              0.6397306
    rcs5w                   8.7554669E-04          1.6808100E-02
    rcs6d                   0.9982215              0.9038173
    rcs6w                   5.8974200E-04          1.4569900E-02
    rcs7d                   5.3487393E-04          6.2577000E-03
    rcs7w                   0.9969853              0.9830508
    rcs8d                   0.9996010              0.9735648
    rcs8w                   2.1438799E-03          1.1063300E-02
    rcs9d                   0.9997032              0.9446008
    rcs9w                   0.9998422              0.9932690
    rcs10d                  0.9990136              0.9158744
    rcs10w                  0.9999232              0.9929156
    rcs11d                  0.9127399              0.6967950
    rcs11w                  0.9342819              0.9236186
    rcs12d                  8.3361140E-02          8.3602200E-02
    rcs12w                  6.6201212E-02          0.1179356
    rcs13d                  1.3204067E-03          9.1719000E-03
    rcs13w                  4.9929803E-05          1.0466300E-02
    rcs14d                  7.0945767E-05          4.9090000E-04
    rcs14w                  1.7994403E-06          3.7780000E-04
    rcs15d                  2.0620253E-05          1.4210000E-04
    rcs15w                  4.9978021E-07          1.0670000E-04
    rcr1d                   1.2503610E-04          1.1200000E-04
    rcr1w                   6.0611308E-06          8.9600000E-05
    rcr2d                   6.9919708E-02          5.9752700E-02
    rcr2w                   3.6185474E-03          4.0180900E-02
    rcr3d                   0.9222710              0.6258057
    rcr3w                   2.8626263E-02          0.2313577
    rcr4d                   8.3653082E-03          2.5989200E-02
    rcr4w                   0.3108557              0.5212875
    rcr5d                   0.9917092              0.9432056
    rcr5w                   0.6746875              0.7988094
    rcr6d                   5.7269857E-03          2.0012100E-02
    rcr6w                   1.9119227E-03          1.1085200E-02
    rcr7d                   2.3974571E-03          1.0656000E-02
    rcr7w                   1.2208666E-03          1.4136100E-02
    rcr8d                   1.7280303E-03          5.2180000E-03
    rcr8w                   8.8711910E-04          1.1020900E-02
    rcr9d                   9.8914437E-03          1.9372700E-02
    rcr9w                   5.4697566E-04          1.0395500E-02
    rcr10d                  0.9749804              0.8030017
    rcr10w                  3.6329913E-04          8.2853000E-03
    rcr11d                  1.7018374E-03          4.3545000E-03
    rcr11w                  0.9814715              0.9583712
    rcr12d                  1.6255384E-03          4.4565000E-03
    rcr12w                  1.2520766E-02          6.0957300E-02
    rcr13d                  8.3415803E-03          6.9895600E-02
    rcr13w                  3.3705940E-03          4.3378000E-02
    rcr14d                  4.6359865E-04          4.1007000E-03
    rcr14w                  2.4386580E-04          3.1212000E-03
    rcr15d                  1.3925186E-04          1.2318000E-03
    rcr15w                  7.4286789E-05          9.5080000E-04
    rcgd                    0.1999831              0.1993662
    rcgw                    0.1999417              0.1966857
    tl                      0.9999997              0.9999444
    xw                       0.000000               0.000000
    yw                       0.000000               0.000000
    x                       0.9997234              0.9945357
    y                       0.9994559              0.9753138
    tlr                      0.000000               0.000000
    tls                      0.000000               0.000000
    beta                    0.9805885              0.6624608
 
    Note: run IDENTPAR yourself to see identiability contributions by different solution 
    space eigencomponents.


                   ANALYSIS OF PREDICTION
                   ----------------------

 PREDVAR1 analysis for prediction "q7934" ----->

    Sing_val       Null-space       Soln-space     Total             Total
    index          term             term           variance          std_dev
    --------       ----------       ----------     --------          -------
       0            2.4521478E+11     0.000000      2.4521478E+11      495191.7    
       3            2.5775325E+10     3243734.      2.5778569E+10      160557.1    
       6            1.1942618E+10    1.0663357E+07  1.1953281E+10      109331.1    
       9            8.0183991E+09    1.5902648E+07  8.0343017E+09      89634.27    
      12            1.4581155E+09    4.1757620E+07  1.4998731E+09      38728.20    
      15            7.5402217E+07    6.0761193E+07  1.3616341E+08      11668.91    
      18            2.5122227E+07    6.2573007E+07  8.7695234E+07      9364.573    
      19            2.4790004E+07    6.2632649E+07  8.7422652E+07      9350.008    
      20            2.1031443E+07    6.4126645E+07  8.5158088E+07      9228.114    
      21            1.6031255E+07    6.6458447E+07  8.2489702E+07      9082.384    
      22            1.3306172E+07    6.8076598E+07  8.1382770E+07      9021.240    
      23            1.3056247E+07    6.8248387E+07  8.1304634E+07      9016.908    
      24            1.1519647E+07    7.0109864E+07  8.1629511E+07      9034.905    
      25             8065188.        8.5382486E+07  9.3447674E+07      9666.834    
      26             8041013.        8.5536522E+07  9.3577535E+07      9673.548    
      27             7946842.        8.6798586E+07  9.4745428E+07      9733.726    
      28             5385165.        1.2525499E+08  1.3064016E+08      11429.79    
      29             3071444.        1.6922118E+08  1.7229262E+08      13126.03    
      30             2931268.        1.7250193E+08  1.7543320E+08      13245.12    
      33             2586808.        1.8473804E+08  1.8732485E+08      13686.67    
      36             798886.4        2.9808928E+08  2.9888817E+08      17288.38    
      39             779519.9        3.0012527E+08  3.0090479E+08      17346.61    
      42             741765.5        3.0709717E+08  3.0783893E+08      17545.34    
      45             539525.5        3.9396785E+08  3.9450737E+08      19862.21    
      48             110768.4        5.8781346E+08  5.8792423E+08      24247.15    
      51             18470.88        7.2527142E+08  7.2528989E+08      26931.21    
      54             3286.948        8.2972268E+08  8.2972597E+08      28804.96    
      57             2921.409        8.4714485E+08  8.4714777E+08      29105.80    
      60             2897.472        8.5128002E+08  8.5128292E+08      29176.75    
      63             614.9747        3.0853453E+09  3.0853460E+09      55545.89    
      66             614.8870        4.2706220E+09  4.2706226E+09      65350.00    
      69            1.6569835E-15    9.4982464E+14  9.4982464E+14     3.0819225E+07
      72             0.000000        1.0000000E+35  1.0000000E+35     3.1622777E+17
      74             0.000000        1.0000000E+35  1.0000000E+35     3.1622777E+17
 
    Pre-calibration:- 
    Total error variance                 =  2.4521478E+11
    Total error standard deviation       =   495191.7    
 
    Post-calibration:-
    Total error variance                 =  8.1304634E+07
    Total error standard deviation       =   9016.908    
    Minimum error variance occurs at singular value number 23.
 
 
 PREDUNC1 analysis for prediction "q7934" ----->

    Pre-calibration:- 
    Total uncertainty variance           =  2.4521482E+11
    Total uncertainty standard deviation =   495191.7    
 
    Post-calibration:-
    Total uncertainty variance           =  7.7338464E+07
    Total uncertainty standard deviation =   8794.229    
 
 
 PREDUNC4 analysis for prediction "q7934" ----->

    Contributions to predictive uncertainty variance

    Parameter      Pre-cal             Post-cal
    group          contribution        contribution
    ---------      ------------        ------------
    ddsd            1.7430692E+11       3.0082801E+07
    ddsw             0.000000           1.4703871E+07
    ddgd             270000.0            10299.00    
    ddgw             100000.0            14536.00    
    rcsd             550000.0           1.1114028E+07
    rcsw            1.2804650E+10       3.3187627E+07
    rcrd             8540000.            3831248.    
    rcrw            1.2860600E+09        9440657.    
    rcgd             70000.00            652.0000    
    rcgw             20000.00            965.0000    
    tl              5.6690080E+10        65347.00    
    xw               0.000000            0.000000    
    yw               0.000000            0.000000    
    x                0.000000            2790473.    
    y                0.000000            4233223.    
    tlr              0.000000            0.000000    
    tls              0.000000            0.000000    
    beta            1.1748000E+08        3064632.    
 
 
 PREDUNC5 observation subtraction analysis for prediction "q7934" ----->

    Increases in predictive uncertainty variance incurred through loss of observations

    Observation_group        Variance_increase
    -----------------        -----------------
    q                         7.7338464E+07
 
 
 PREDUNC5 observation addition analysis for prediction "q7934" ----->

    Decreases in pre-calibration predictive uncertainty variance incurred through addition of observations

    Observation_group        Variance_decrease
    -----------------        -----------------
    q                         7.7338464E+07
