 
 
                   ###################################################
                   #                                                 #
                   #      GENLINPRED UNCERTAINTY/ERROR ANALYSIS      #
                   #                                                 #
                   ###################################################
 
 
 
                   ANALYSIS DETAILS
                   ----------------
 
    Name of PEST control file                                   : master_lu.pst
    Factor by which to multiply observation weights             : 1.0000
    Source of parameter uncertainty data                        : uncertainty file
    Name of uncertainty file                                    : master_lu.unc
 
    Perform global parameter estimability analysis              : yes
         Parameter identifiability                              : yes
         Relative parameter error reduction                     : no
         Relative parameter uncertainty reduction               : yes
 
    Analyse error/uncertainty of an entity                      : yes
         Name of entity                                         : q7906
         Type of entity                                         : prediction
         File containing prediction sensitivities               : master_lu.jco
 
         Total error variance                                   : yes
         Total uncertainty                                      : yes
 
         Parameter contributions to error variance              : no
         Parameter contributions to uncertainty                 : yes
         Parameter contributions                                : by group
 
         Observation worth in reducing error variance           : no
         Observation worth in reducing uncertainty variance     : yes
         Observation worth                                      : by group


                   ANALYSIS OF PARAMETERS
                   ----------------------


 Outcomes of running program SUPCALC ----->
 
    Number of dimensions of calibration solution space = 23
    Number of dimensions of calibration null space     = 51

 Outcomes of parameter identifiability and error/uncertainty variance reduction analysis ----->
 
    Parameter              Identifiability        Rel_uncert_var_redn
    ---------              ---------------        -------------------
    ddsd                    0.9999995              0.9998210
    ddsw                    0.9999988              0.9998840
    ddgd                    0.7999326              0.7974648
    ddgw                    0.7997668              0.7867426
    rcs1d                   1.2681761E-09           0.000000
    rcs1w                   6.6282780E-12           0.000000
    rcs2d                   5.1593650E-05          2.3700000E-04
    rcs2w                   9.2143440E-06          4.1800000E-04
    rcs3d                   4.8333874E-03          1.0324100E-02
    rcs3w                   1.7627025E-04          7.0122000E-03
    rcs4d                   0.1537722              0.2121132
    rcs4w                   7.3165235E-04          1.7891000E-02
    rcs5d                   0.8457617              0.6397306
    rcs5w                   8.7554669E-04          1.6808100E-02
    rcs6d                   0.9982215              0.9038173
    rcs6w                   5.8974200E-04          1.4569900E-02
    rcs7d                   5.3487393E-04          6.2577000E-03
    rcs7w                   0.9969853              0.9830508
    rcs8d                   0.9996010              0.9735648
    rcs8w                   2.1438799E-03          1.1063300E-02
    rcs9d                   0.9997032              0.9446008
    rcs9w                   0.9998422              0.9932690
    rcs10d                  0.9990136              0.9158744
    rcs10w                  0.9999232              0.9929156
    rcs11d                  0.9127399              0.6967950
    rcs11w                  0.9342819              0.9236186
    rcs12d                  8.3361140E-02          8.3602200E-02
    rcs12w                  6.6201212E-02          0.1179356
    rcs13d                  1.3204067E-03          9.1719000E-03
    rcs13w                  4.9929803E-05          1.0466300E-02
    rcs14d                  7.0945767E-05          4.9090000E-04
    rcs14w                  1.7994403E-06          3.7780000E-04
    rcs15d                  2.0620253E-05          1.4210000E-04
    rcs15w                  4.9978021E-07          1.0670000E-04
    rcr1d                   1.2503610E-04          1.1200000E-04
    rcr1w                   6.0611308E-06          8.9600000E-05
    rcr2d                   6.9919708E-02          5.9752700E-02
    rcr2w                   3.6185474E-03          4.0180900E-02
    rcr3d                   0.9222710              0.6258057
    rcr3w                   2.8626263E-02          0.2313577
    rcr4d                   8.3653082E-03          2.5989200E-02
    rcr4w                   0.3108557              0.5212875
    rcr5d                   0.9917092              0.9432056
    rcr5w                   0.6746875              0.7988094
    rcr6d                   5.7269857E-03          2.0012100E-02
    rcr6w                   1.9119227E-03          1.1085200E-02
    rcr7d                   2.3974571E-03          1.0656000E-02
    rcr7w                   1.2208666E-03          1.4136100E-02
    rcr8d                   1.7280303E-03          5.2180000E-03
    rcr8w                   8.8711910E-04          1.1020900E-02
    rcr9d                   9.8914437E-03          1.9372700E-02
    rcr9w                   5.4697566E-04          1.0395500E-02
    rcr10d                  0.9749804              0.8030017
    rcr10w                  3.6329913E-04          8.2853000E-03
    rcr11d                  1.7018374E-03          4.3545000E-03
    rcr11w                  0.9814715              0.9583712
    rcr12d                  1.6255384E-03          4.4565000E-03
    rcr12w                  1.2520766E-02          6.0957300E-02
    rcr13d                  8.3415803E-03          6.9895600E-02
    rcr13w                  3.3705940E-03          4.3378000E-02
    rcr14d                  4.6359865E-04          4.1007000E-03
    rcr14w                  2.4386580E-04          3.1212000E-03
    rcr15d                  1.3925186E-04          1.2318000E-03
    rcr15w                  7.4286789E-05          9.5080000E-04
    rcgd                    0.1999831              0.1993662
    rcgw                    0.1999417              0.1966857
    tl                      0.9999997              0.9999444
    xw                       0.000000               0.000000
    yw                       0.000000               0.000000
    x                       0.9997234              0.9945357
    y                       0.9994559              0.9753138
    tlr                      0.000000               0.000000
    tls                      0.000000               0.000000
    beta                    0.9805885              0.6624608
 
    Note: run IDENTPAR yourself to see identiability contributions by different solution 
    space eigencomponents.


                   ANALYSIS OF PREDICTION
                   ----------------------

 PREDVAR1 analysis for prediction "q7906" ----->

    Sing_val       Null-space       Soln-space     Total             Total
    index          term             term           variance          std_dev
    --------       ----------       ----------     --------          -------
       0            2.6454135E+10     0.000000      2.6454135E+10      162647.3    
       3            3.0437870E+09     388076.7      3.0441751E+09      55174.04    
       6            8.2890080E+08     1502803.      8.3040360E+08      28816.72    
       9            4.6853357E+08     1899905.      4.7043347E+08      21689.48    
      12            8.0995556E+07     3877676.      8.4873233E+07      9212.667    
      15            6.2750037E+07     4272813.      6.7022850E+07      8186.748    
      18            2.4154179E+07     5688029.      2.9842207E+07      5462.802    
      19            2.4075095E+07     5702226.      2.9777321E+07      5456.860    
      20            2.4075033E+07     5702250.      2.9777284E+07      5456.857    
      21            1.7630190E+07     8707757.      2.6337947E+07      5132.051    
      22             3410764.        1.7151233E+07  2.0561996E+07      4534.534    
      23             2450524.        1.7811265E+07  2.0261789E+07      4501.310    
      24             2330751.        1.7956361E+07  2.0287112E+07      4504.122    
      25             797419.1        2.4735424E+07  2.5532843E+07      5053.003    
      26             787398.9        2.4799272E+07  2.5586670E+07      5058.327    
      27             727401.4        2.5603345E+07  2.6330746E+07      5131.349    
      28             420205.2        3.0215036E+07  3.0635241E+07      5534.911    
      29             411762.0        3.0375476E+07  3.0787238E+07      5548.625    
      30             287283.4        3.3288838E+07  3.3576122E+07      5794.491    
      33             265585.6        3.4092691E+07  3.4358277E+07      5861.593    
      36             225579.0        3.6908408E+07  3.7133987E+07      6093.766    
      39             150212.2        4.7150722E+07  4.7300934E+07      6877.567    
      42             57533.15        6.3614118E+07  6.3671652E+07      7979.452    
      45             27104.32        7.1276360E+07  7.1303464E+07      8444.138    
      48             15380.35        7.8039435E+07  7.8054815E+07      8834.864    
      51             566.6940        9.4067330E+07  9.4067897E+07      9698.861    
      54             53.95133        9.6431273E+07  9.6431327E+07      9819.945    
      57             20.51024        9.7332265E+07  9.7332285E+07      9865.713    
      60             19.61979        9.7486342E+07  9.7486362E+07      9873.518    
      63            7.3641009E-02    1.3736666E+08  1.3736666E+08      11720.35    
      66            6.0837915E-02    1.3862134E+08  1.3862134E+08      11773.76    
      69            9.1141966E-13    2.6960443E+18  2.6960443E+18     1.6419636E+09
      72             0.000000        1.0000000E+35  1.0000000E+35     3.1622777E+17
      74             0.000000        1.0000000E+35  1.0000000E+35     3.1622777E+17
 
    Pre-calibration:- 
    Total error variance                 =  2.6454135E+10
    Total error standard deviation       =   162647.3    
 
    Post-calibration:-
    Total error variance                 =  2.0261789E+07
    Total error standard deviation       =   4501.310    
    Minimum error variance occurs at singular value number 23.
 
 
 PREDUNC1 analysis for prediction "q7906" ----->

    Pre-calibration:- 
    Total uncertainty variance           =  2.6454144E+10
    Total uncertainty standard deviation =   162647.3    
 
    Post-calibration:-
    Total uncertainty variance           =  1.5445497E+07
    Total uncertainty standard deviation =   3930.076    
 
 
 PREDUNC4 analysis for prediction "q7906" ----->

    Contributions to predictive uncertainty variance

    Parameter      Pre-cal             Post-cal
    group          contribution        contribution
    ---------      ------------        ------------
    ddsd            1.1283878E+10        986550.0    
    ddsw             62000.00            643678.0    
    ddgd             2987000.            58240.00    
    ddgw             80000.00            46781.00    
    rcsd             4569000.            7737085.    
    rcsw            9.7681600E+08        4238193.    
    rcrd            7.7621000E+07        4703902.    
    rcrw            1.1736220E+09        6900686.    
    rcgd             747000.0            3683.000    
    rcgw             20000.00            3105.000    
    tl              1.2803398E+10        96784.00    
    xw               0.000000            0.000000    
    yw               0.000000            0.000000    
    x                0.000000            43516.00    
    y                0.000000            651230.0    
    tlr              0.000000            0.000000    
    tls              0.000000            0.000000    
    beta            1.3033500E+08        8642151.    
 
 
 PREDUNC5 observation subtraction analysis for prediction "q7906" ----->

    Increases in predictive uncertainty variance incurred through loss of observations

    Observation_group        Variance_increase
    -----------------        -----------------
    q                         1.5445497E+07
 
 
 PREDUNC5 observation addition analysis for prediction "q7906" ----->

    Decreases in pre-calibration predictive uncertainty variance incurred through addition of observations

    Observation_group        Variance_decrease
    -----------------        -----------------
    q                         1.5445497E+07
