 
 
                   ###################################################
                   #                                                 #
                   #      GENLINPRED UNCERTAINTY/ERROR ANALYSIS      #
                   #                                                 #
                   ###################################################
 
 
 
                   ANALYSIS DETAILS
                   ----------------
 
    Name of PEST control file                                   : master_lu.pst
    Factor by which to multiply observation weights             : 1.0000
    Source of parameter uncertainty data                        : uncertainty file
    Name of uncertainty file                                    : master_lu.unc
 
    Perform global parameter estimability analysis              : yes
         Parameter identifiability                              : yes
         Relative parameter error reduction                     : no
         Relative parameter uncertainty reduction               : yes
 
    Analyse error/uncertainty of an entity                      : yes
         Name of entity                                         : q8113
         Type of entity                                         : prediction
         File containing prediction sensitivities               : master_lu.jco
 
         Total error variance                                   : yes
         Total uncertainty                                      : yes
 
         Parameter contributions to error variance              : no
         Parameter contributions to uncertainty                 : yes
         Parameter contributions                                : by group
 
         Observation worth in reducing error variance           : no
         Observation worth in reducing uncertainty variance     : yes
         Observation worth                                      : by group


                   ANALYSIS OF PARAMETERS
                   ----------------------


 Outcomes of running program SUPCALC ----->
 
    Number of dimensions of calibration solution space = 23
    Number of dimensions of calibration null space     = 51

 Outcomes of parameter identifiability and error/uncertainty variance reduction analysis ----->
 
    Parameter              Identifiability        Rel_uncert_var_redn
    ---------              ---------------        -------------------
    ddsd                    0.9999995              0.9998210
    ddsw                    0.9999988              0.9998840
    ddgd                    0.7999326              0.7974648
    ddgw                    0.7997668              0.7867426
    rcs1d                   1.2681761E-09           0.000000
    rcs1w                   6.6282780E-12           0.000000
    rcs2d                   5.1593650E-05          2.3700000E-04
    rcs2w                   9.2143440E-06          4.1800000E-04
    rcs3d                   4.8333874E-03          1.0324100E-02
    rcs3w                   1.7627025E-04          7.0122000E-03
    rcs4d                   0.1537722              0.2121132
    rcs4w                   7.3165235E-04          1.7891000E-02
    rcs5d                   0.8457617              0.6397306
    rcs5w                   8.7554669E-04          1.6808100E-02
    rcs6d                   0.9982215              0.9038173
    rcs6w                   5.8974200E-04          1.4569900E-02
    rcs7d                   5.3487393E-04          6.2577000E-03
    rcs7w                   0.9969853              0.9830508
    rcs8d                   0.9996010              0.9735648
    rcs8w                   2.1438799E-03          1.1063300E-02
    rcs9d                   0.9997032              0.9446008
    rcs9w                   0.9998422              0.9932690
    rcs10d                  0.9990136              0.9158744
    rcs10w                  0.9999232              0.9929156
    rcs11d                  0.9127399              0.6967950
    rcs11w                  0.9342819              0.9236186
    rcs12d                  8.3361140E-02          8.3602200E-02
    rcs12w                  6.6201212E-02          0.1179356
    rcs13d                  1.3204067E-03          9.1719000E-03
    rcs13w                  4.9929803E-05          1.0466300E-02
    rcs14d                  7.0945767E-05          4.9090000E-04
    rcs14w                  1.7994403E-06          3.7780000E-04
    rcs15d                  2.0620253E-05          1.4210000E-04
    rcs15w                  4.9978021E-07          1.0670000E-04
    rcr1d                   1.2503610E-04          1.1200000E-04
    rcr1w                   6.0611308E-06          8.9600000E-05
    rcr2d                   6.9919708E-02          5.9752700E-02
    rcr2w                   3.6185474E-03          4.0180900E-02
    rcr3d                   0.9222710              0.6258057
    rcr3w                   2.8626263E-02          0.2313577
    rcr4d                   8.3653082E-03          2.5989200E-02
    rcr4w                   0.3108557              0.5212875
    rcr5d                   0.9917092              0.9432056
    rcr5w                   0.6746875              0.7988094
    rcr6d                   5.7269857E-03          2.0012100E-02
    rcr6w                   1.9119227E-03          1.1085200E-02
    rcr7d                   2.3974571E-03          1.0656000E-02
    rcr7w                   1.2208666E-03          1.4136100E-02
    rcr8d                   1.7280303E-03          5.2180000E-03
    rcr8w                   8.8711910E-04          1.1020900E-02
    rcr9d                   9.8914437E-03          1.9372700E-02
    rcr9w                   5.4697566E-04          1.0395500E-02
    rcr10d                  0.9749804              0.8030017
    rcr10w                  3.6329913E-04          8.2853000E-03
    rcr11d                  1.7018374E-03          4.3545000E-03
    rcr11w                  0.9814715              0.9583712
    rcr12d                  1.6255384E-03          4.4565000E-03
    rcr12w                  1.2520766E-02          6.0957300E-02
    rcr13d                  8.3415803E-03          6.9895600E-02
    rcr13w                  3.3705940E-03          4.3378000E-02
    rcr14d                  4.6359865E-04          4.1007000E-03
    rcr14w                  2.4386580E-04          3.1212000E-03
    rcr15d                  1.3925186E-04          1.2318000E-03
    rcr15w                  7.4286789E-05          9.5080000E-04
    rcgd                    0.1999831              0.1993662
    rcgw                    0.1999417              0.1966857
    tl                      0.9999997              0.9999444
    xw                       0.000000               0.000000
    yw                       0.000000               0.000000
    x                       0.9997234              0.9945357
    y                       0.9994559              0.9753138
    tlr                      0.000000               0.000000
    tls                      0.000000               0.000000
    beta                    0.9805885              0.6624608
 
    Note: run IDENTPAR yourself to see identiability contributions by different solution 
    space eigencomponents.


                   ANALYSIS OF PREDICTION
                   ----------------------

 PREDVAR1 analysis for prediction "q8113" ----->

    Sing_val       Null-space       Soln-space     Total             Total
    index          term             term           variance          std_dev
    --------       ----------       ----------     --------          -------
       0            4.3467944E+10     0.000000      4.3467944E+10      208489.7    
       3            1.0953072E+10     540816.0      1.0953613E+10      104659.5    
       6            6.7692197E+09     2799819.      6.7720195E+09      82292.28    
       9            6.6809551E+09     2885769.      6.6838409E+09      81754.76    
      12            1.1768921E+09    6.0981819E+07  1.2378739E+09      35183.43    
      15            2.7375191E+08    7.5818505E+07  3.4957042E+08      18696.80    
      18            1.1231450E+07    8.5806439E+07  9.7037889E+07      9850.781    
      19             6680400.        8.6623460E+07  9.3303861E+07      9659.392    
      20             6384079.        8.6741246E+07  9.3125325E+07      9650.146    
      21             6314744.        8.6773579E+07  9.3088323E+07      9648.229    
      22             6261084.        8.6805443E+07  9.3066527E+07      9647.099    
      23             5782548.        8.7134370E+07  9.2916918E+07      9639.342    
      24             5764269.        8.7156514E+07  9.2920783E+07      9639.543    
      25             5746924.        8.7233196E+07  9.2980120E+07      9642.620    
      26             5746508.        8.7235846E+07  9.2982355E+07      9642.736    
      27             5688877.        8.8008202E+07  9.3697079E+07      9679.725    
      28             1811902.        1.4621013E+08  1.4802203E+08      12166.43    
      29             870701.5        1.6409518E+08  1.6496588E+08      12843.90    
      30             185432.1        1.8013359E+08  1.8031902E+08      13428.29    
      33             90061.82        1.8382853E+08  1.8391859E+08      13561.66    
      36             18999.95        1.8960609E+08  1.8962509E+08      13770.44    
      39             13467.82        1.9011538E+08  1.9012885E+08      13788.72    
      42             9048.840        1.9089581E+08  1.9090486E+08      13816.83    
      45             2858.988        1.9257377E+08  1.9257662E+08      13877.20    
      48             1350.362        1.9329044E+08  1.9329179E+08      13902.94    
      51             457.6014        1.9432386E+08  1.9432432E+08      13940.03    
      54             111.0028        1.9551921E+08  1.9551932E+08      13982.82    
      57             21.36414        2.0094328E+08  2.0094330E+08      14175.45    
      60             8.703001        2.0367202E+08  2.0367203E+08      14271.37    
      63             5.521091        2.1014084E+08  2.1014085E+08      14496.24    
      66             5.519481        2.2240543E+08  2.2240543E+08      14913.26    
      69            1.3054737E-17    8.5994148E+12  8.5994148E+12      2932476.    
      72             0.000000        1.0000000E+35  1.0000000E+35     3.1622777E+17
      74             0.000000        1.0000000E+35  1.0000000E+35     3.1622777E+17
 
    Pre-calibration:- 
    Total error variance                 =  4.3467944E+10
    Total error standard deviation       =   208489.7    
 
    Post-calibration:-
    Total error variance                 =  9.2916918E+07
    Total error standard deviation       =   9639.342    
    Minimum error variance occurs at singular value number 23.
 
 
 PREDUNC1 analysis for prediction "q8113" ----->

    Pre-calibration:- 
    Total uncertainty variance           =  4.3467955E+10
    Total uncertainty standard deviation =   208489.7    
 
    Post-calibration:-
    Total uncertainty variance           =  9.1002881E+07
    Total uncertainty standard deviation =   9539.543    
 
 
 PREDUNC4 analysis for prediction "q8113" ----->

    Contributions to predictive uncertainty variance

    Parameter      Pre-cal             Post-cal
    group          contribution        contribution
    ---------      ------------        ------------
    ddsd            2.2628100E+09        3995.000    
    ddsw            1.7170224E+10        2711838.    
    ddgd             0.000000            3600.000    
    ddgw            5.2672610E+09        3769649.    
    rcsd             0.000000            1500027.    
    rcsw            9.6866000E+08        9167937.    
    rcrd             0.000000            788209.0    
    rcrw            8.2660100E+08        5087027.    
    rcgd             0.000000            227.0000    
    rcgw            1.3168150E+09        250184.0    
    tl              1.5519952E+10        6962.000    
    xw               0.000000            0.000000    
    yw               0.000000            0.000000    
    x                1000.000            123799.0    
    y                113000.0            1202474.    
    tlr              0.000000            0.000000    
    tls              0.000000            0.000000    
    beta            1.3550800E+08        115.0000    
 
 
 PREDUNC5 observation subtraction analysis for prediction "q8113" ----->

    Increases in predictive uncertainty variance incurred through loss of observations

    Observation_group        Variance_increase
    -----------------        -----------------
    q                         9.1002881E+07
 
 
 PREDUNC5 observation addition analysis for prediction "q8113" ----->

    Decreases in pre-calibration predictive uncertainty variance incurred through addition of observations

    Observation_group        Variance_decrease
    -----------------        -----------------
    q                         9.1002881E+07
