 
 
                   ###################################################
                   #                                                 #
                   #      GENLINPRED UNCERTAINTY/ERROR ANALYSIS      #
                   #                                                 #
                   ###################################################
 
 
 
                   ANALYSIS DETAILS
                   ----------------
 
    Name of PEST control file                                   : master_lu.pst
    Factor by which to multiply observation weights             : 1.0000
    Source of parameter uncertainty data                        : uncertainty file
    Name of uncertainty file                                    : master_lu.unc
 
    Perform global parameter estimability analysis              : yes
         Parameter identifiability                              : yes
         Relative parameter error reduction                     : no
         Relative parameter uncertainty reduction               : yes
 
    Analyse error/uncertainty of an entity                      : yes
         Name of entity                                         : q8080
         Type of entity                                         : prediction
         File containing prediction sensitivities               : master_lu.jco
 
         Total error variance                                   : yes
         Total uncertainty                                      : yes
 
         Parameter contributions to error variance              : no
         Parameter contributions to uncertainty                 : yes
         Parameter contributions                                : by group
 
         Observation worth in reducing error variance           : no
         Observation worth in reducing uncertainty variance     : yes
         Observation worth                                      : by group


                   ANALYSIS OF PARAMETERS
                   ----------------------


 Outcomes of running program SUPCALC ----->
 
    Number of dimensions of calibration solution space = 23
    Number of dimensions of calibration null space     = 51

 Outcomes of parameter identifiability and error/uncertainty variance reduction analysis ----->
 
    Parameter              Identifiability        Rel_uncert_var_redn
    ---------              ---------------        -------------------
    ddsd                    0.9999995              0.9998210
    ddsw                    0.9999988              0.9998840
    ddgd                    0.7999326              0.7974648
    ddgw                    0.7997668              0.7867426
    rcs1d                   1.2681761E-09           0.000000
    rcs1w                   6.6282780E-12           0.000000
    rcs2d                   5.1593650E-05          2.3700000E-04
    rcs2w                   9.2143440E-06          4.1800000E-04
    rcs3d                   4.8333874E-03          1.0324100E-02
    rcs3w                   1.7627025E-04          7.0122000E-03
    rcs4d                   0.1537722              0.2121132
    rcs4w                   7.3165235E-04          1.7891000E-02
    rcs5d                   0.8457617              0.6397306
    rcs5w                   8.7554669E-04          1.6808100E-02
    rcs6d                   0.9982215              0.9038173
    rcs6w                   5.8974200E-04          1.4569900E-02
    rcs7d                   5.3487393E-04          6.2577000E-03
    rcs7w                   0.9969853              0.9830508
    rcs8d                   0.9996010              0.9735648
    rcs8w                   2.1438799E-03          1.1063300E-02
    rcs9d                   0.9997032              0.9446008
    rcs9w                   0.9998422              0.9932690
    rcs10d                  0.9990136              0.9158744
    rcs10w                  0.9999232              0.9929156
    rcs11d                  0.9127399              0.6967950
    rcs11w                  0.9342819              0.9236186
    rcs12d                  8.3361140E-02          8.3602200E-02
    rcs12w                  6.6201212E-02          0.1179356
    rcs13d                  1.3204067E-03          9.1719000E-03
    rcs13w                  4.9929803E-05          1.0466300E-02
    rcs14d                  7.0945767E-05          4.9090000E-04
    rcs14w                  1.7994403E-06          3.7780000E-04
    rcs15d                  2.0620253E-05          1.4210000E-04
    rcs15w                  4.9978021E-07          1.0670000E-04
    rcr1d                   1.2503610E-04          1.1200000E-04
    rcr1w                   6.0611308E-06          8.9600000E-05
    rcr2d                   6.9919708E-02          5.9752700E-02
    rcr2w                   3.6185474E-03          4.0180900E-02
    rcr3d                   0.9222710              0.6258057
    rcr3w                   2.8626263E-02          0.2313577
    rcr4d                   8.3653082E-03          2.5989200E-02
    rcr4w                   0.3108557              0.5212875
    rcr5d                   0.9917092              0.9432056
    rcr5w                   0.6746875              0.7988094
    rcr6d                   5.7269857E-03          2.0012100E-02
    rcr6w                   1.9119227E-03          1.1085200E-02
    rcr7d                   2.3974571E-03          1.0656000E-02
    rcr7w                   1.2208666E-03          1.4136100E-02
    rcr8d                   1.7280303E-03          5.2180000E-03
    rcr8w                   8.8711910E-04          1.1020900E-02
    rcr9d                   9.8914437E-03          1.9372700E-02
    rcr9w                   5.4697566E-04          1.0395500E-02
    rcr10d                  0.9749804              0.8030017
    rcr10w                  3.6329913E-04          8.2853000E-03
    rcr11d                  1.7018374E-03          4.3545000E-03
    rcr11w                  0.9814715              0.9583712
    rcr12d                  1.6255384E-03          4.4565000E-03
    rcr12w                  1.2520766E-02          6.0957300E-02
    rcr13d                  8.3415803E-03          6.9895600E-02
    rcr13w                  3.3705940E-03          4.3378000E-02
    rcr14d                  4.6359865E-04          4.1007000E-03
    rcr14w                  2.4386580E-04          3.1212000E-03
    rcr15d                  1.3925186E-04          1.2318000E-03
    rcr15w                  7.4286789E-05          9.5080000E-04
    rcgd                    0.1999831              0.1993662
    rcgw                    0.1999417              0.1966857
    tl                      0.9999997              0.9999444
    xw                       0.000000               0.000000
    yw                       0.000000               0.000000
    x                       0.9997234              0.9945357
    y                       0.9994559              0.9753138
    tlr                      0.000000               0.000000
    tls                      0.000000               0.000000
    beta                    0.9805885              0.6624608
 
    Note: run IDENTPAR yourself to see identiability contributions by different solution 
    space eigencomponents.


                   ANALYSIS OF PREDICTION
                   ----------------------

 PREDVAR1 analysis for prediction "q8080" ----->

    Sing_val       Null-space       Soln-space     Total             Total
    index          term             term           variance          std_dev
    --------       ----------       ----------     --------          -------
       0            4.8737291E+10     0.000000      4.8737291E+10      220765.2    
       3            1.5498653E+10     584719.4      1.5499238E+10      124495.9    
       6            1.1861719E+10     2400641.      1.1864120E+10      108922.5    
       9            7.1098624E+09     8265380.      7.1181278E+09      84369.00    
      12            1.2528832E+09    5.9535355E+07  1.3124186E+09      36227.32    
      15            1.6108241E+08    7.4458670E+07  2.3554108E+08      15347.35    
      18            2.0692999E+07    7.9882206E+07  1.0057521E+08      10028.72    
      19            1.7831308E+07    8.0395948E+07  9.8227255E+07      9910.966    
      20            1.7170303E+07    8.0658692E+07  9.7828994E+07      9890.854    
      21            1.6867879E+07    8.0799725E+07  9.7667604E+07      9882.692    
      22            1.6337372E+07    8.1114739E+07  9.7452111E+07      9871.784    
      23            1.6272339E+07    8.1159440E+07  9.7431779E+07      9870.754    
      24            1.6057969E+07    8.1419134E+07  9.7477103E+07      9873.049    
      25            1.4692572E+07    8.7455732E+07  1.0214830E+08      10106.84    
      26            1.4666010E+07    8.7624983E+07  1.0229099E+08      10113.90    
      27            1.4478853E+07    9.0133226E+07  1.0461208E+08      10228.00    
      28             3534196.        2.5443662E+08  2.5797082E+08      16061.47    
      29             1776473.        2.8783751E+08  2.8961398E+08      17018.05    
      30             402223.0        3.2000119E+08  3.2040342E+08      17899.82    
      33             245692.3        3.2669634E+08  3.2694203E+08      18081.54    
      36             66951.40        3.3946914E+08  3.3953610E+08      18426.51    
      39             57381.99        3.4042863E+08  3.4048601E+08      18452.26    
      42             49127.30        3.4203006E+08  3.4207919E+08      18495.38    
      45             14071.57        3.5092944E+08  3.5094351E+08      18733.49    
      48             9753.731        3.5291205E+08  3.5292181E+08      18786.21    
      51             4054.021        3.5905177E+08  3.5905582E+08      18948.77    
      54             1104.562        3.6735862E+08  3.6735972E+08      19166.63    
      57             64.56873        4.3774202E+08  4.3774208E+08      20922.29    
      60             50.10628        4.4157000E+08  4.4157005E+08      21013.57    
      63             28.57514        4.8921614E+08  4.8921617E+08      22118.23    
      66             28.57116        5.6621552E+08  5.6621555E+08      23795.28    
      69            7.6849856E-17    4.4135006E+13  4.4135006E+13      6643418.    
      72             0.000000        1.0000000E+35  1.0000000E+35     3.1622777E+17
      74             0.000000        1.0000000E+35  1.0000000E+35     3.1622777E+17
 
    Pre-calibration:- 
    Total error variance                 =  4.8737291E+10
    Total error standard deviation       =   220765.2    
 
    Post-calibration:-
    Total error variance                 =  9.7431779E+07
    Total error standard deviation       =   9870.754    
    Minimum error variance occurs at singular value number 23.
 
 
 PREDUNC1 analysis for prediction "q8080" ----->

    Pre-calibration:- 
    Total uncertainty variance           =  4.8737274E+10
    Total uncertainty standard deviation =   220765.2    
 
    Post-calibration:-
    Total uncertainty variance           =  9.4953507E+07
    Total uncertainty standard deviation =   9744.409    
 
 
 PREDUNC4 analysis for prediction "q8080" ----->

    Contributions to predictive uncertainty variance

    Parameter      Pre-cal             Post-cal
    group          contribution        contribution
    ---------      ------------        ------------
    ddsd            3.5193647E+10        6146848.    
    ddsw             0.000000            2222441.    
    ddgd             0.000000            4.000000    
    ddgw            2.5154240E+09        1019898.    
    rcsd             0.000000            7660927.    
    rcsw            6.0349420E+09       4.7450619E+07
    rcrd             0.000000            459368.0    
    rcrw            3.8288350E+09        2428971.    
    rcgd             0.000000            0.000000    
    rcgw            6.2885600E+08        67688.00    
    tl              2.9929500E+08        1162528.    
    xw               0.000000            0.000000    
    yw               0.000000            0.000000    
    x                26000.00            344241.0    
    y                2367000.            244493.0    
    tlr              0.000000            0.000000    
    tls              0.000000            0.000000    
    beta            2.3389800E+08        452731.0    
 
 
 PREDUNC5 observation subtraction analysis for prediction "q8080" ----->

    Increases in predictive uncertainty variance incurred through loss of observations

    Observation_group        Variance_increase
    -----------------        -----------------
    q                         9.4953507E+07
 
 
 PREDUNC5 observation addition analysis for prediction "q8080" ----->

    Decreases in pre-calibration predictive uncertainty variance incurred through addition of observations

    Observation_group        Variance_decrease
    -----------------        -----------------
    q                         9.4953507E+07
