 
 
                   ###################################################
                   #                                                 #
                   #      GENLINPRED UNCERTAINTY/ERROR ANALYSIS      #
                   #                                                 #
                   ###################################################
 
 
 
                   ANALYSIS DETAILS
                   ----------------
 
    Name of PEST control file                                   : master_lu.pst
    Factor by which to multiply observation weights             : 1.0000
    Source of parameter uncertainty data                        : uncertainty file
    Name of uncertainty file                                    : master_lu.unc
 
    Perform global parameter estimability analysis              : yes
         Parameter identifiability                              : yes
         Relative parameter error reduction                     : no
         Relative parameter uncertainty reduction               : yes
 
    Analyse error/uncertainty of an entity                      : yes
         Name of entity                                         : q7953
         Type of entity                                         : prediction
         File containing prediction sensitivities               : master_lu.jco
 
         Total error variance                                   : yes
         Total uncertainty                                      : yes
 
         Parameter contributions to error variance              : no
         Parameter contributions to uncertainty                 : yes
         Parameter contributions                                : by group
 
         Observation worth in reducing error variance           : no
         Observation worth in reducing uncertainty variance     : yes
         Observation worth                                      : by group


                   ANALYSIS OF PARAMETERS
                   ----------------------


 Outcomes of running program SUPCALC ----->
 
    Number of dimensions of calibration solution space = 23
    Number of dimensions of calibration null space     = 51

 Outcomes of parameter identifiability and error/uncertainty variance reduction analysis ----->
 
    Parameter              Identifiability        Rel_uncert_var_redn
    ---------              ---------------        -------------------
    ddsd                    0.9999995              0.9998210
    ddsw                    0.9999988              0.9998840
    ddgd                    0.7999326              0.7974648
    ddgw                    0.7997668              0.7867426
    rcs1d                   1.2681761E-09           0.000000
    rcs1w                   6.6282780E-12           0.000000
    rcs2d                   5.1593650E-05          2.3700000E-04
    rcs2w                   9.2143440E-06          4.1800000E-04
    rcs3d                   4.8333874E-03          1.0324100E-02
    rcs3w                   1.7627025E-04          7.0122000E-03
    rcs4d                   0.1537722              0.2121132
    rcs4w                   7.3165235E-04          1.7891000E-02
    rcs5d                   0.8457617              0.6397306
    rcs5w                   8.7554669E-04          1.6808100E-02
    rcs6d                   0.9982215              0.9038173
    rcs6w                   5.8974200E-04          1.4569900E-02
    rcs7d                   5.3487393E-04          6.2577000E-03
    rcs7w                   0.9969853              0.9830508
    rcs8d                   0.9996010              0.9735648
    rcs8w                   2.1438799E-03          1.1063300E-02
    rcs9d                   0.9997032              0.9446008
    rcs9w                   0.9998422              0.9932690
    rcs10d                  0.9990136              0.9158744
    rcs10w                  0.9999232              0.9929156
    rcs11d                  0.9127399              0.6967950
    rcs11w                  0.9342819              0.9236186
    rcs12d                  8.3361140E-02          8.3602200E-02
    rcs12w                  6.6201212E-02          0.1179356
    rcs13d                  1.3204067E-03          9.1719000E-03
    rcs13w                  4.9929803E-05          1.0466300E-02
    rcs14d                  7.0945767E-05          4.9090000E-04
    rcs14w                  1.7994403E-06          3.7780000E-04
    rcs15d                  2.0620253E-05          1.4210000E-04
    rcs15w                  4.9978021E-07          1.0670000E-04
    rcr1d                   1.2503610E-04          1.1200000E-04
    rcr1w                   6.0611308E-06          8.9600000E-05
    rcr2d                   6.9919708E-02          5.9752700E-02
    rcr2w                   3.6185474E-03          4.0180900E-02
    rcr3d                   0.9222710              0.6258057
    rcr3w                   2.8626263E-02          0.2313577
    rcr4d                   8.3653082E-03          2.5989200E-02
    rcr4w                   0.3108557              0.5212875
    rcr5d                   0.9917092              0.9432056
    rcr5w                   0.6746875              0.7988094
    rcr6d                   5.7269857E-03          2.0012100E-02
    rcr6w                   1.9119227E-03          1.1085200E-02
    rcr7d                   2.3974571E-03          1.0656000E-02
    rcr7w                   1.2208666E-03          1.4136100E-02
    rcr8d                   1.7280303E-03          5.2180000E-03
    rcr8w                   8.8711910E-04          1.1020900E-02
    rcr9d                   9.8914437E-03          1.9372700E-02
    rcr9w                   5.4697566E-04          1.0395500E-02
    rcr10d                  0.9749804              0.8030017
    rcr10w                  3.6329913E-04          8.2853000E-03
    rcr11d                  1.7018374E-03          4.3545000E-03
    rcr11w                  0.9814715              0.9583712
    rcr12d                  1.6255384E-03          4.4565000E-03
    rcr12w                  1.2520766E-02          6.0957300E-02
    rcr13d                  8.3415803E-03          6.9895600E-02
    rcr13w                  3.3705940E-03          4.3378000E-02
    rcr14d                  4.6359865E-04          4.1007000E-03
    rcr14w                  2.4386580E-04          3.1212000E-03
    rcr15d                  1.3925186E-04          1.2318000E-03
    rcr15w                  7.4286789E-05          9.5080000E-04
    rcgd                    0.1999831              0.1993662
    rcgw                    0.1999417              0.1966857
    tl                      0.9999997              0.9999444
    xw                       0.000000               0.000000
    yw                       0.000000               0.000000
    x                       0.9997234              0.9945357
    y                       0.9994559              0.9753138
    tlr                      0.000000               0.000000
    tls                      0.000000               0.000000
    beta                    0.9805885              0.6624608
 
    Note: run IDENTPAR yourself to see identiability contributions by different solution 
    space eigencomponents.


                   ANALYSIS OF PREDICTION
                   ----------------------

 PREDVAR1 analysis for prediction "q7953" ----->

    Sing_val       Null-space       Soln-space     Total             Total
    index          term             term           variance          std_dev
    --------       ----------       ----------     --------          -------
       0            5.8499688E+11     0.000000      5.8499688E+11      764850.9    
       3            6.4051694E+10     7675613.      6.4059370E+10      253099.5    
       6            2.5207535E+10    2.9328098E+07  2.5236864E+10      158861.1    
       9            1.6405193E+10    4.2218273E+07  1.6447411E+10      128247.5    
      12            2.4266454E+09    1.0023269E+08  2.5268781E+09      50268.06    
      15            7.7516899E+07    1.3151433E+08  2.0903123E+08      14457.91    
      18            1.4847345E+07    1.3373694E+08  1.4858428E+08      12189.52    
      19            1.4547809E+07    1.3379071E+08  1.4833852E+08      12179.43    
      20             9475555.        1.3580689E+08  1.4528245E+08      12053.32    
      21             7965459.        1.3651111E+08  1.4447657E+08      12019.84    
      22             7962663.        1.3651277E+08  1.4447544E+08      12019.79    
      23             5865181.        1.3795450E+08  1.4381969E+08      11992.48    
      24             4573819.        1.3951889E+08  1.4409271E+08      12003.86    
      25             3969206.        1.4219197E+08  1.4616117E+08      12089.71    
      26             3960563.        1.4224704E+08  1.4620760E+08      12091.63    
      27             3927604.        1.4268875E+08  1.4661635E+08      12108.52    
      28             2279444.        1.6743126E+08  1.6971070E+08      13027.31    
      29             2014824.        1.7245966E+08  1.7447449E+08      13208.88    
      30             1770385.        1.7818064E+08  1.7995103E+08      13414.58    
      33             1732731.        1.7964460E+08  1.8137733E+08      13467.64    
      36             733063.5        2.4423531E+08  2.4496837E+08      15651.47    
      39             557892.6        2.6287404E+08  2.6343193E+08      16230.59    
      42             436152.3        2.8461532E+08  2.8505147E+08      16883.47    
      45             307989.0        3.3496486E+08  3.3527285E+08      18310.46    
      48             49090.89        4.6098899E+08  4.6103808E+08      21471.80    
      51             8239.976        5.1909413E+08  5.1910237E+08      22783.82    
      54             1051.881        5.6116995E+08  5.6117100E+08      23689.05    
      57             937.4276        5.6439847E+08  5.6439941E+08      23757.09    
      60             917.0072        5.6799608E+08  5.6799700E+08      23832.69    
      63             207.6717        1.3386315E+09  1.3386317E+09      36587.32    
      66             207.6349        1.6950269E+09  1.6950271E+09      41170.71    
      69            5.6099368E-16    3.2073712E+14  3.2073712E+14     1.7909135E+07
      72             0.000000        1.0000000E+35  1.0000000E+35     3.1622777E+17
      74             0.000000        1.0000000E+35  1.0000000E+35     3.1622777E+17
 
    Pre-calibration:- 
    Total error variance                 =  5.8499688E+11
    Total error standard deviation       =   764850.9    
 
    Post-calibration:-
    Total error variance                 =  1.4381969E+08
    Total error standard deviation       =   11992.48    
    Minimum error variance occurs at singular value number 23.
 
 
 PREDUNC1 analysis for prediction "q7953" ----->

    Pre-calibration:- 
    Total uncertainty variance           =  5.8499690E+11
    Total uncertainty standard deviation =   764850.9    
 
    Post-calibration:-
    Total uncertainty variance           =  1.4077751E+08
    Total uncertainty standard deviation =   11864.97    
 
 
 PREDUNC4 analysis for prediction "q7953" ----->

    Contributions to predictive uncertainty variance

    Parameter      Pre-cal             Post-cal
    group          contribution        contribution
    ---------      ------------        ------------
    ddsd            4.4672327E+11       7.2949679E+07
    ddsw             0.000000           3.1750240E+07
    ddgd             50000.00            680.0000    
    ddgw             940000.0            4870.000    
    rcsd             120000.0           3.7716660E+07
    rcsw            3.2478520E+10       4.2728214E+07
    rcrd             1750000.            2191050.    
    rcrw            7.8980000E+08        4672290.    
    rcgd             10000.00            40.00000    
    rcgw             240000.0            320.0000    
    tl              1.0469062E+11        271060.0    
    xw               0.000000            0.000000    
    yw               0.000000            0.000000    
    x                0.000000            2661230.    
    y                0.000000            2640830.    
    tlr              0.000000            0.000000    
    tls              0.000000            0.000000    
    beta            3.1155000E+08        137530.0    
 
 
 PREDUNC5 observation subtraction analysis for prediction "q7953" ----->

    Increases in predictive uncertainty variance incurred through loss of observations

    Observation_group        Variance_increase
    -----------------        -----------------
    q                         1.4077751E+08
 
 
 PREDUNC5 observation addition analysis for prediction "q7953" ----->

    Decreases in pre-calibration predictive uncertainty variance incurred through addition of observations

    Observation_group        Variance_decrease
    -----------------        -----------------
    q                         1.4077751E+08
