 
 
                   ###################################################
                   #                                                 #
                   #      GENLINPRED UNCERTAINTY/ERROR ANALYSIS      #
                   #                                                 #
                   ###################################################
 
 
 
                   ANALYSIS DETAILS
                   ----------------
 
    Name of PEST control file                                   : master_lu.pst
    Factor by which to multiply observation weights             : 1.0000
    Source of parameter uncertainty data                        : uncertainty file
    Name of uncertainty file                                    : master_lu.unc
 
    Perform global parameter estimability analysis              : yes
         Parameter identifiability                              : yes
         Relative parameter error reduction                     : no
         Relative parameter uncertainty reduction               : yes
 
    Analyse error/uncertainty of an entity                      : yes
         Name of entity                                         : q7822
         Type of entity                                         : prediction
         File containing prediction sensitivities               : master_lu.jco
 
         Total error variance                                   : yes
         Total uncertainty                                      : yes
 
         Parameter contributions to error variance              : no
         Parameter contributions to uncertainty                 : yes
         Parameter contributions                                : by group
 
         Observation worth in reducing error variance           : no
         Observation worth in reducing uncertainty variance     : yes
         Observation worth                                      : by group


                   ANALYSIS OF PARAMETERS
                   ----------------------


 Outcomes of running program SUPCALC ----->
 
    Number of dimensions of calibration solution space = 23
    Number of dimensions of calibration null space     = 51

 Outcomes of parameter identifiability and error/uncertainty variance reduction analysis ----->
 
    Parameter              Identifiability        Rel_uncert_var_redn
    ---------              ---------------        -------------------
    ddsd                    0.9999995              0.9998210
    ddsw                    0.9999988              0.9998840
    ddgd                    0.7999326              0.7974648
    ddgw                    0.7997668              0.7867426
    rcs1d                   1.2681761E-09           0.000000
    rcs1w                   6.6282780E-12           0.000000
    rcs2d                   5.1593650E-05          2.3700000E-04
    rcs2w                   9.2143440E-06          4.1800000E-04
    rcs3d                   4.8333874E-03          1.0324100E-02
    rcs3w                   1.7627025E-04          7.0122000E-03
    rcs4d                   0.1537722              0.2121132
    rcs4w                   7.3165235E-04          1.7891000E-02
    rcs5d                   0.8457617              0.6397306
    rcs5w                   8.7554669E-04          1.6808100E-02
    rcs6d                   0.9982215              0.9038173
    rcs6w                   5.8974200E-04          1.4569900E-02
    rcs7d                   5.3487393E-04          6.2577000E-03
    rcs7w                   0.9969853              0.9830508
    rcs8d                   0.9996010              0.9735648
    rcs8w                   2.1438799E-03          1.1063300E-02
    rcs9d                   0.9997032              0.9446008
    rcs9w                   0.9998422              0.9932690
    rcs10d                  0.9990136              0.9158744
    rcs10w                  0.9999232              0.9929156
    rcs11d                  0.9127399              0.6967950
    rcs11w                  0.9342819              0.9236186
    rcs12d                  8.3361140E-02          8.3602200E-02
    rcs12w                  6.6201212E-02          0.1179356
    rcs13d                  1.3204067E-03          9.1719000E-03
    rcs13w                  4.9929803E-05          1.0466300E-02
    rcs14d                  7.0945767E-05          4.9090000E-04
    rcs14w                  1.7994403E-06          3.7780000E-04
    rcs15d                  2.0620253E-05          1.4210000E-04
    rcs15w                  4.9978021E-07          1.0670000E-04
    rcr1d                   1.2503610E-04          1.1200000E-04
    rcr1w                   6.0611308E-06          8.9600000E-05
    rcr2d                   6.9919708E-02          5.9752700E-02
    rcr2w                   3.6185474E-03          4.0180900E-02
    rcr3d                   0.9222710              0.6258057
    rcr3w                   2.8626263E-02          0.2313577
    rcr4d                   8.3653082E-03          2.5989200E-02
    rcr4w                   0.3108557              0.5212875
    rcr5d                   0.9917092              0.9432056
    rcr5w                   0.6746875              0.7988094
    rcr6d                   5.7269857E-03          2.0012100E-02
    rcr6w                   1.9119227E-03          1.1085200E-02
    rcr7d                   2.3974571E-03          1.0656000E-02
    rcr7w                   1.2208666E-03          1.4136100E-02
    rcr8d                   1.7280303E-03          5.2180000E-03
    rcr8w                   8.8711910E-04          1.1020900E-02
    rcr9d                   9.8914437E-03          1.9372700E-02
    rcr9w                   5.4697566E-04          1.0395500E-02
    rcr10d                  0.9749804              0.8030017
    rcr10w                  3.6329913E-04          8.2853000E-03
    rcr11d                  1.7018374E-03          4.3545000E-03
    rcr11w                  0.9814715              0.9583712
    rcr12d                  1.6255384E-03          4.4565000E-03
    rcr12w                  1.2520766E-02          6.0957300E-02
    rcr13d                  8.3415803E-03          6.9895600E-02
    rcr13w                  3.3705940E-03          4.3378000E-02
    rcr14d                  4.6359865E-04          4.1007000E-03
    rcr14w                  2.4386580E-04          3.1212000E-03
    rcr15d                  1.3925186E-04          1.2318000E-03
    rcr15w                  7.4286789E-05          9.5080000E-04
    rcgd                    0.1999831              0.1993662
    rcgw                    0.1999417              0.1966857
    tl                      0.9999997              0.9999444
    xw                       0.000000               0.000000
    yw                       0.000000               0.000000
    x                       0.9997234              0.9945357
    y                       0.9994559              0.9753138
    tlr                      0.000000               0.000000
    tls                      0.000000               0.000000
    beta                    0.9805885              0.6624608
 
    Note: run IDENTPAR yourself to see identiability contributions by different solution 
    space eigencomponents.


                   ANALYSIS OF PREDICTION
                   ----------------------

 PREDVAR1 analysis for prediction "q7822" ----->

    Sing_val       Null-space       Soln-space     Total             Total
    index          term             term           variance          std_dev
    --------       ----------       ----------     --------          -------
       0            8.7971617E+09     0.000000      8.7971617E+09      93793.19    
       3            6.9487576E+09     29299.69      6.9487869E+09      83359.38    
       6            2.4396069E+09     3782672.      2.4433896E+09      49430.65    
       9            9.6080503E+07     7019464.      1.0309997E+08      10153.82    
      12            5.4002666E+07     7390913.      6.1393579E+07      7835.405    
      15            4.6271858E+07     7509603.      5.3781461E+07      7333.584    
      18            3.5670635E+07     7957819.      4.3628454E+07      6605.184    
      19            1.1784519E+07    1.2245942E+07  2.4030461E+07      4902.087    
      20             4731774.        1.5049350E+07  1.9781124E+07      4447.598    
      21             1303486.        1.6648107E+07  1.7951594E+07      4236.932    
      22             857411.5        1.6912986E+07  1.7770397E+07      4215.495    
      23             582570.6        1.7101901E+07  1.7684472E+07      4205.291    
      24             557279.3        1.7132540E+07  1.7689819E+07      4205.927    
      25             543641.1        1.7192836E+07  1.7736477E+07      4211.470    
      26             534868.7        1.7248732E+07  1.7783601E+07      4217.061    
      27             82730.90        2.3308182E+07  2.3390913E+07      4836.415    
      28             81616.74        2.3324908E+07  2.3406525E+07      4838.029    
      29             81442.69        2.3328215E+07  2.3409658E+07      4838.353    
      30             79885.92        2.3364651E+07  2.3444537E+07      4841.956    
      33             64023.20        2.4034934E+07  2.4098957E+07      4909.069    
      36             36574.67        2.5705336E+07  2.5741910E+07      5073.649    
      39             36096.91        2.5763836E+07  2.5799933E+07      5079.363    
      42             15723.89        3.0129447E+07  3.0145171E+07      5490.462    
      45             4497.699        3.4418788E+07  3.4423286E+07      5867.136    
      48             2052.317        3.5513188E+07  3.5515240E+07      5959.466    
      51             336.0003        3.9351606E+07  3.9351942E+07      6273.113    
      54             73.88980        4.0244687E+07  4.0244761E+07      6343.876    
      57             20.98793        4.1611503E+07  4.1611524E+07      6450.699    
      60            5.4903685E-02    4.3799882E+07  4.3799882E+07      6618.148    
      63            1.8372580E-02    4.3834024E+07  4.3834024E+07      6620.727    
      66            1.0265063E-07    4.5101886E+07  4.5101886E+07      6715.794    
      69            7.9991083E-11    3.0717482E+12  3.0717482E+12      1752640.    
      72             0.000000        1.0000000E+35  1.0000000E+35     3.1622777E+17
      74             0.000000        1.0000000E+35  1.0000000E+35     3.1622777E+17
 
    Pre-calibration:- 
    Total error variance                 =  8.7971617E+09
    Total error standard deviation       =   93793.19    
 
    Post-calibration:-
    Total error variance                 =  1.7684472E+07
    Total error standard deviation       =   4205.291    
    Minimum error variance occurs at singular value number 23.
 
 
 PREDUNC1 analysis for prediction "q7822" ----->

    Pre-calibration:- 
    Total uncertainty variance           =  8.7971625E+09
    Total uncertainty standard deviation =   93793.19    
 
    Post-calibration:-
    Total uncertainty variance           =  1.5467577E+07
    Total uncertainty standard deviation =   3932.884    
 
 
 PREDUNC4 analysis for prediction "q7822" ----->

    Contributions to predictive uncertainty variance

    Parameter      Pre-cal             Post-cal
    group          contribution        contribution
    ---------      ------------        ------------
    ddsd             1943700.            10144.00    
    ddsw            1.4374836E+09        215613.0    
    ddgd            1.3834755E+09        1598.000    
    ddgw             13600.00            23895.00    
    rcsd            1.1115860E+08        6356641.    
    rcsw             36000.00            669960.0    
    rcrd            4.9435296E+09        4226809.    
    rcrw             16700.00            294446.0    
    rcgd            3.4586890E+08        101.0000    
    rcgw             3400.000            1586.000    
    tl              4.3700820E+08        11553.00    
    xw               0.000000            0.000000    
    yw               0.000000            0.000000    
    x                17400.00            8668.000    
    y                6900.000            7782.000    
    tlr              0.000000            0.000000    
    tls              0.000000            0.000000    
    beta            1.3660000E+08        504294.0    
 
 
 PREDUNC5 observation subtraction analysis for prediction "q7822" ----->

    Increases in predictive uncertainty variance incurred through loss of observations

    Observation_group        Variance_increase
    -----------------        -----------------
    q                         1.5467577E+07
 
 
 PREDUNC5 observation addition analysis for prediction "q7822" ----->

    Decreases in pre-calibration predictive uncertainty variance incurred through addition of observations

    Observation_group        Variance_decrease
    -----------------        -----------------
    q                         1.5467577E+07
