 
 
                   ###################################################
                   #                                                 #
                   #      GENLINPRED UNCERTAINTY/ERROR ANALYSIS      #
                   #                                                 #
                   ###################################################
 
 
 
                   ANALYSIS DETAILS
                   ----------------
 
    Name of PEST control file                                   : master_lu.pst
    Factor by which to multiply observation weights             : 1.0000
    Source of parameter uncertainty data                        : uncertainty file
    Name of uncertainty file                                    : master_lu.unc
 
    Perform global parameter estimability analysis              : yes
         Parameter identifiability                              : yes
         Relative parameter error reduction                     : no
         Relative parameter uncertainty reduction               : yes
 
    Analyse error/uncertainty of an entity                      : yes
         Name of entity                                         : q8107
         Type of entity                                         : prediction
         File containing prediction sensitivities               : master_lu.jco
 
         Total error variance                                   : yes
         Total uncertainty                                      : yes
 
         Parameter contributions to error variance              : no
         Parameter contributions to uncertainty                 : yes
         Parameter contributions                                : by group
 
         Observation worth in reducing error variance           : no
         Observation worth in reducing uncertainty variance     : yes
         Observation worth                                      : by group


                   ANALYSIS OF PARAMETERS
                   ----------------------


 Outcomes of running program SUPCALC ----->
 
    Number of dimensions of calibration solution space = 23
    Number of dimensions of calibration null space     = 51

 Outcomes of parameter identifiability and error/uncertainty variance reduction analysis ----->
 
    Parameter              Identifiability        Rel_uncert_var_redn
    ---------              ---------------        -------------------
    ddsd                    0.9999995              0.9998210
    ddsw                    0.9999988              0.9998840
    ddgd                    0.7999326              0.7974648
    ddgw                    0.7997668              0.7867426
    rcs1d                   1.2681761E-09           0.000000
    rcs1w                   6.6282780E-12           0.000000
    rcs2d                   5.1593650E-05          2.3700000E-04
    rcs2w                   9.2143440E-06          4.1800000E-04
    rcs3d                   4.8333874E-03          1.0324100E-02
    rcs3w                   1.7627025E-04          7.0122000E-03
    rcs4d                   0.1537722              0.2121132
    rcs4w                   7.3165235E-04          1.7891000E-02
    rcs5d                   0.8457617              0.6397306
    rcs5w                   8.7554669E-04          1.6808100E-02
    rcs6d                   0.9982215              0.9038173
    rcs6w                   5.8974200E-04          1.4569900E-02
    rcs7d                   5.3487393E-04          6.2577000E-03
    rcs7w                   0.9969853              0.9830508
    rcs8d                   0.9996010              0.9735648
    rcs8w                   2.1438799E-03          1.1063300E-02
    rcs9d                   0.9997032              0.9446008
    rcs9w                   0.9998422              0.9932690
    rcs10d                  0.9990136              0.9158744
    rcs10w                  0.9999232              0.9929156
    rcs11d                  0.9127399              0.6967950
    rcs11w                  0.9342819              0.9236186
    rcs12d                  8.3361140E-02          8.3602200E-02
    rcs12w                  6.6201212E-02          0.1179356
    rcs13d                  1.3204067E-03          9.1719000E-03
    rcs13w                  4.9929803E-05          1.0466300E-02
    rcs14d                  7.0945767E-05          4.9090000E-04
    rcs14w                  1.7994403E-06          3.7780000E-04
    rcs15d                  2.0620253E-05          1.4210000E-04
    rcs15w                  4.9978021E-07          1.0670000E-04
    rcr1d                   1.2503610E-04          1.1200000E-04
    rcr1w                   6.0611308E-06          8.9600000E-05
    rcr2d                   6.9919708E-02          5.9752700E-02
    rcr2w                   3.6185474E-03          4.0180900E-02
    rcr3d                   0.9222710              0.6258057
    rcr3w                   2.8626263E-02          0.2313577
    rcr4d                   8.3653082E-03          2.5989200E-02
    rcr4w                   0.3108557              0.5212875
    rcr5d                   0.9917092              0.9432056
    rcr5w                   0.6746875              0.7988094
    rcr6d                   5.7269857E-03          2.0012100E-02
    rcr6w                   1.9119227E-03          1.1085200E-02
    rcr7d                   2.3974571E-03          1.0656000E-02
    rcr7w                   1.2208666E-03          1.4136100E-02
    rcr8d                   1.7280303E-03          5.2180000E-03
    rcr8w                   8.8711910E-04          1.1020900E-02
    rcr9d                   9.8914437E-03          1.9372700E-02
    rcr9w                   5.4697566E-04          1.0395500E-02
    rcr10d                  0.9749804              0.8030017
    rcr10w                  3.6329913E-04          8.2853000E-03
    rcr11d                  1.7018374E-03          4.3545000E-03
    rcr11w                  0.9814715              0.9583712
    rcr12d                  1.6255384E-03          4.4565000E-03
    rcr12w                  1.2520766E-02          6.0957300E-02
    rcr13d                  8.3415803E-03          6.9895600E-02
    rcr13w                  3.3705940E-03          4.3378000E-02
    rcr14d                  4.6359865E-04          4.1007000E-03
    rcr14w                  2.4386580E-04          3.1212000E-03
    rcr15d                  1.3925186E-04          1.2318000E-03
    rcr15w                  7.4286789E-05          9.5080000E-04
    rcgd                    0.1999831              0.1993662
    rcgw                    0.1999417              0.1966857
    tl                      0.9999997              0.9999444
    xw                       0.000000               0.000000
    yw                       0.000000               0.000000
    x                       0.9997234              0.9945357
    y                       0.9994559              0.9753138
    tlr                      0.000000               0.000000
    tls                      0.000000               0.000000
    beta                    0.9805885              0.6624608
 
    Note: run IDENTPAR yourself to see identiability contributions by different solution 
    space eigencomponents.


                   ANALYSIS OF PREDICTION
                   ----------------------

 PREDVAR1 analysis for prediction "q8107" ----->

    Sing_val       Null-space       Soln-space     Total             Total
    index          term             term           variance          std_dev
    --------       ----------       ----------     --------          -------
       0            3.5070007E+10     0.000000      3.5070007E+10      187269.9    
       3            1.0639927E+10     498561.4      1.0640426E+10      103152.4    
       6            7.2708076E+09     2288324.      7.2730960E+09      85282.45    
       9            6.7956646E+09     2817503.      6.7984821E+09      82452.91    
      12            1.0840639E+09    6.2269697E+07  1.1463336E+09      33857.55    
      15            2.6715508E+08    7.5313552E+07  3.4246863E+08      18505.91    
      18            1.3874771E+07    8.4953445E+07  9.8828216E+07      9941.238    
      19             9567976.        8.5726616E+07  9.5294593E+07      9761.895    
      20             9437989.        8.5778285E+07  9.5216274E+07      9757.883    
      21             9431269.        8.5781419E+07  9.5212688E+07      9757.699    
      22             9247266.        8.5890680E+07  9.5137946E+07      9753.868    
      23             8820368.        8.6184113E+07  9.5004482E+07      9747.024    
      24             8807093.        8.6200196E+07  9.5007289E+07      9747.168    
      25             8779733.        8.6321155E+07  9.5100888E+07      9751.968    
      26             8777412.        8.6335945E+07  9.5113357E+07      9752.608    
      27             8678426.        8.7662528E+07  9.6340955E+07      9815.343    
      28             3176560.        1.7025766E+08  1.7343422E+08      13169.44    
      29             1358279.        2.0480931E+08  2.0616759E+08      14358.54    
      30             304897.1        2.2946321E+08  2.2976810E+08      15158.10    
      33             147250.3        2.3558205E+08  2.3572930E+08      15353.48    
      36             31412.86        2.4482714E+08  2.4485855E+08      15647.96    
      39             22319.30        2.4568726E+08  2.4570958E+08      15675.13    
      42             16144.17        2.4679968E+08  2.4681583E+08      15710.37    
      45             5986.347        2.4961336E+08  2.4961935E+08      15799.35    
      48             2105.456        2.5147934E+08  2.5148145E+08      15858.17    
      51             600.4673        2.5305229E+08  2.5305289E+08      15907.64    
      54             207.6052        2.5477126E+08  2.5477147E+08      15961.56    
      57             27.87722        2.6608439E+08  2.6608442E+08      16312.09    
      60             12.18417        2.6961330E+08  2.6961331E+08      16419.91    
      63             8.059477        2.7831417E+08  2.7831418E+08      16682.75    
      66             8.057470        2.9922638E+08  2.9922639E+08      17298.16    
      69            2.2795245E-17    1.2548589E+13  1.2548589E+13      3542399.    
      72             0.000000        1.0000000E+35  1.0000000E+35     3.1622777E+17
      74             0.000000        1.0000000E+35  1.0000000E+35     3.1622777E+17
 
    Pre-calibration:- 
    Total error variance                 =  3.5070007E+10
    Total error standard deviation       =   187269.9    
 
    Post-calibration:-
    Total error variance                 =  9.5004482E+07
    Total error standard deviation       =   9747.024    
    Minimum error variance occurs at singular value number 23.
 
 
 PREDUNC1 analysis for prediction "q8107" ----->

    Pre-calibration:- 
    Total uncertainty variance           =  3.5070015E+10
    Total uncertainty standard deviation =   187269.9    
 
    Post-calibration:-
    Total uncertainty variance           =  9.2980603E+07
    Total uncertainty standard deviation =   9642.645    
 
 
 PREDUNC4 analysis for prediction "q8107" ----->

    Contributions to predictive uncertainty variance

    Parameter      Pre-cal             Post-cal
    group          contribution        contribution
    ---------      ------------        ------------
    ddsd             40000.00            316724.0    
    ddsw            1.0448560E+10        2146794.    
    ddgd             0.000000            2440.000    
    ddgw            5.1902400E+09        3570126.    
    rcsd             0.000000            2143809.    
    rcsw            1.4270590E+09       1.3673482E+07
    rcrd             0.000000            660832.0    
    rcrw            1.1435350E+09        4531748.    
    rcgd             0.000000            154.0000    
    rcgw            1.2975600E+09        236942.0    
    tl              1.5411708E+10        1181.000    
    xw               0.000000            0.000000    
    yw               0.000000            0.000000    
    x                1000.000            207386.0    
    y                196000.0            986511.0    
    tlr              0.000000            0.000000    
    tls              0.000000            0.000000    
    beta            1.5110600E+08        21599.00    
 
 
 PREDUNC5 observation subtraction analysis for prediction "q8107" ----->

    Increases in predictive uncertainty variance incurred through loss of observations

    Observation_group        Variance_increase
    -----------------        -----------------
    q                         9.2980603E+07
 
 
 PREDUNC5 observation addition analysis for prediction "q8107" ----->

    Decreases in pre-calibration predictive uncertainty variance incurred through addition of observations

    Observation_group        Variance_decrease
    -----------------        -----------------
    q                         9.2980603E+07
