 
 
                   ###################################################
                   #                                                 #
                   #      GENLINPRED UNCERTAINTY/ERROR ANALYSIS      #
                   #                                                 #
                   ###################################################
 
 
 
                   ANALYSIS DETAILS
                   ----------------
 
    Name of PEST control file                                   : master_lu.pst
    Factor by which to multiply observation weights             : 1.0000
    Source of parameter uncertainty data                        : uncertainty file
    Name of uncertainty file                                    : master_lu.unc
 
    Perform global parameter estimability analysis              : yes
         Parameter identifiability                              : yes
         Relative parameter error reduction                     : no
         Relative parameter uncertainty reduction               : yes
 
    Analyse error/uncertainty of an entity                      : yes
         Name of entity                                         : q7956
         Type of entity                                         : prediction
         File containing prediction sensitivities               : master_lu.jco
 
         Total error variance                                   : yes
         Total uncertainty                                      : yes
 
         Parameter contributions to error variance              : no
         Parameter contributions to uncertainty                 : yes
         Parameter contributions                                : by group
 
         Observation worth in reducing error variance           : no
         Observation worth in reducing uncertainty variance     : yes
         Observation worth                                      : by group


                   ANALYSIS OF PARAMETERS
                   ----------------------


 Outcomes of running program SUPCALC ----->
 
    Number of dimensions of calibration solution space = 23
    Number of dimensions of calibration null space     = 51

 Outcomes of parameter identifiability and error/uncertainty variance reduction analysis ----->
 
    Parameter              Identifiability        Rel_uncert_var_redn
    ---------              ---------------        -------------------
    ddsd                    0.9999995              0.9998210
    ddsw                    0.9999988              0.9998840
    ddgd                    0.7999326              0.7974648
    ddgw                    0.7997668              0.7867426
    rcs1d                   1.2681761E-09           0.000000
    rcs1w                   6.6282780E-12           0.000000
    rcs2d                   5.1593650E-05          2.3700000E-04
    rcs2w                   9.2143440E-06          4.1800000E-04
    rcs3d                   4.8333874E-03          1.0324100E-02
    rcs3w                   1.7627025E-04          7.0122000E-03
    rcs4d                   0.1537722              0.2121132
    rcs4w                   7.3165235E-04          1.7891000E-02
    rcs5d                   0.8457617              0.6397306
    rcs5w                   8.7554669E-04          1.6808100E-02
    rcs6d                   0.9982215              0.9038173
    rcs6w                   5.8974200E-04          1.4569900E-02
    rcs7d                   5.3487393E-04          6.2577000E-03
    rcs7w                   0.9969853              0.9830508
    rcs8d                   0.9996010              0.9735648
    rcs8w                   2.1438799E-03          1.1063300E-02
    rcs9d                   0.9997032              0.9446008
    rcs9w                   0.9998422              0.9932690
    rcs10d                  0.9990136              0.9158744
    rcs10w                  0.9999232              0.9929156
    rcs11d                  0.9127399              0.6967950
    rcs11w                  0.9342819              0.9236186
    rcs12d                  8.3361140E-02          8.3602200E-02
    rcs12w                  6.6201212E-02          0.1179356
    rcs13d                  1.3204067E-03          9.1719000E-03
    rcs13w                  4.9929803E-05          1.0466300E-02
    rcs14d                  7.0945767E-05          4.9090000E-04
    rcs14w                  1.7994403E-06          3.7780000E-04
    rcs15d                  2.0620253E-05          1.4210000E-04
    rcs15w                  4.9978021E-07          1.0670000E-04
    rcr1d                   1.2503610E-04          1.1200000E-04
    rcr1w                   6.0611308E-06          8.9600000E-05
    rcr2d                   6.9919708E-02          5.9752700E-02
    rcr2w                   3.6185474E-03          4.0180900E-02
    rcr3d                   0.9222710              0.6258057
    rcr3w                   2.8626263E-02          0.2313577
    rcr4d                   8.3653082E-03          2.5989200E-02
    rcr4w                   0.3108557              0.5212875
    rcr5d                   0.9917092              0.9432056
    rcr5w                   0.6746875              0.7988094
    rcr6d                   5.7269857E-03          2.0012100E-02
    rcr6w                   1.9119227E-03          1.1085200E-02
    rcr7d                   2.3974571E-03          1.0656000E-02
    rcr7w                   1.2208666E-03          1.4136100E-02
    rcr8d                   1.7280303E-03          5.2180000E-03
    rcr8w                   8.8711910E-04          1.1020900E-02
    rcr9d                   9.8914437E-03          1.9372700E-02
    rcr9w                   5.4697566E-04          1.0395500E-02
    rcr10d                  0.9749804              0.8030017
    rcr10w                  3.6329913E-04          8.2853000E-03
    rcr11d                  1.7018374E-03          4.3545000E-03
    rcr11w                  0.9814715              0.9583712
    rcr12d                  1.6255384E-03          4.4565000E-03
    rcr12w                  1.2520766E-02          6.0957300E-02
    rcr13d                  8.3415803E-03          6.9895600E-02
    rcr13w                  3.3705940E-03          4.3378000E-02
    rcr14d                  4.6359865E-04          4.1007000E-03
    rcr14w                  2.4386580E-04          3.1212000E-03
    rcr15d                  1.3925186E-04          1.2318000E-03
    rcr15w                  7.4286789E-05          9.5080000E-04
    rcgd                    0.1999831              0.1993662
    rcgw                    0.1999417              0.1966857
    tl                      0.9999997              0.9999444
    xw                       0.000000               0.000000
    yw                       0.000000               0.000000
    x                       0.9997234              0.9945357
    y                       0.9994559              0.9753138
    tlr                      0.000000               0.000000
    tls                      0.000000               0.000000
    beta                    0.9805885              0.6624608
 
    Note: run IDENTPAR yourself to see identiability contributions by different solution 
    space eigencomponents.


                   ANALYSIS OF PREDICTION
                   ----------------------

 PREDVAR1 analysis for prediction "q7956" ----->

    Sing_val       Null-space       Soln-space     Total             Total
    index          term             term           variance          std_dev
    --------       ----------       ----------     --------          -------
       0            3.9354370E+11     0.000000      3.9354370E+11      627330.6    
       3            6.6955835E+10     5609892.      6.6961445E+10      258769.1    
       6            2.5226534E+10    2.9112926E+07  2.5255647E+10      158920.3    
       9            1.7488114E+10    4.0933144E+07  1.7529047E+10      132397.3    
      12            1.6236134E+09    1.0518190E+08  1.7287953E+09      41578.78    
      15            4.9360878E+07    1.2609873E+08  1.7545961E+08      13246.12    
      18            1.6428069E+07    1.2730218E+08  1.4373025E+08      11988.76    
      19            1.5772229E+07    1.2741992E+08  1.4319215E+08      11966.29    
      20            1.2253265E+07    1.2881868E+08  1.4107194E+08      11877.37    
      21             9599827.        1.3005609E+08  1.3965591E+08      11817.61    
      22             8076518.        1.3096063E+08  1.3903714E+08      11791.40    
      23             7369539.        1.3144658E+08  1.3881612E+08      11782.03    
      24             5696275.        1.3347361E+08  1.3916989E+08      11797.03    
      25             4944693.        1.3679645E+08  1.4174115E+08      11905.51    
      26             4935287.        1.3685639E+08  1.4179168E+08      11907.63    
      27             4828913.        1.3828200E+08  1.4311091E+08      11962.90    
      28             2692506.        1.7035416E+08  1.7304667E+08      13154.72    
      29             2647064.        1.7121767E+08  1.7386473E+08      13185.78    
      30             2471419.        1.7532856E+08  1.7779998E+08      13334.17    
      33             2432960.        1.7686347E+08  1.7929643E+08      13390.16    
      36             1331437.        2.5018500E+08  2.5151644E+08      15859.27    
      39             868778.3        3.0661510E+08  3.0748388E+08      17535.22    
      42             671146.3        3.4153802E+08  3.4220917E+08      18498.90    
      45             373366.6        4.3660973E+08  4.3698309E+08      20904.14    
      48             82151.68        5.7959868E+08  5.7968083E+08      24076.56    
      51             7255.316        6.9063265E+08  6.9063991E+08      26280.03    
      54             1118.712        7.1964842E+08  7.1964953E+08      26826.28    
      57             966.9142        7.2328971E+08  7.2329068E+08      26894.06    
      60             942.3802        7.2730364E+08  7.2730458E+08      26968.59    
      63             175.5483        1.7184956E+09  1.7184957E+09      41454.74    
      66             175.5056        1.9750317E+09  1.9750319E+09      44441.33    
      69            2.8640565E-14    1.0814492E+17  1.0814492E+17     3.2885395E+08
      72             0.000000        1.0000000E+35  1.0000000E+35     3.1622777E+17
      74             0.000000        1.0000000E+35  1.0000000E+35     3.1622777E+17
 
    Pre-calibration:- 
    Total error variance                 =  3.9354370E+11
    Total error standard deviation       =   627330.6    
 
    Post-calibration:-
    Total error variance                 =  1.3881612E+08
    Total error standard deviation       =   11782.03    
    Minimum error variance occurs at singular value number 23.
 
 
 PREDUNC1 analysis for prediction "q7956" ----->

    Pre-calibration:- 
    Total uncertainty variance           =  3.9354368E+11
    Total uncertainty standard deviation =   627330.6    
 
    Post-calibration:-
    Total uncertainty variance           =  1.3575186E+08
    Total uncertainty standard deviation =   11651.26    
 
 
 PREDUNC4 analysis for prediction "q7956" ----->

    Contributions to predictive uncertainty variance

    Parameter      Pre-cal             Post-cal
    group          contribution        contribution
    ---------      ------------        ------------
    ddsd            3.4208274E+11       6.2365577E+07
    ddsw             0.000000           3.5136140E+07
    ddgd             40000.00            2340.000    
    ddgw             950000.0            21100.00    
    rcsd             90000.00           2.4332920E+07
    rcsw            4.5339410E+10       5.2600261E+07
    rcrd             1350000.            2688170.    
    rcrw            6.6316000E+08        4214710.    
    rcgd             10000.00            150.0000    
    rcgw             240000.0            1400.000    
    tl              5.1141500E+09        3131130.    
    xw               0.000000            0.000000    
    yw               0.000000            0.000000    
    x                0.000000            1392210.    
    y                0.000000            2221030.    
    tlr              0.000000            0.000000    
    tls              0.000000            0.000000    
    beta            3.4155000E+08        1351160.    
 
 
 PREDUNC5 observation subtraction analysis for prediction "q7956" ----->

    Increases in predictive uncertainty variance incurred through loss of observations

    Observation_group        Variance_increase
    -----------------        -----------------
    q                         1.3575186E+08
 
 
 PREDUNC5 observation addition analysis for prediction "q7956" ----->

    Decreases in pre-calibration predictive uncertainty variance incurred through addition of observations

    Observation_group        Variance_decrease
    -----------------        -----------------
    q                         1.3575186E+08
