 
 
                   ###################################################
                   #                                                 #
                   #      GENLINPRED UNCERTAINTY/ERROR ANALYSIS      #
                   #                                                 #
                   ###################################################
 
 
 
                   ANALYSIS DETAILS
                   ----------------
 
    Name of PEST control file                                   : master_lu.pst
    Factor by which to multiply observation weights             : 1.0000
    Source of parameter uncertainty data                        : uncertainty file
    Name of uncertainty file                                    : master_lu.unc
 
    Perform global parameter estimability analysis              : yes
         Parameter identifiability                              : yes
         Relative parameter error reduction                     : no
         Relative parameter uncertainty reduction               : yes
 
    Analyse error/uncertainty of an entity                      : yes
         Name of entity                                         : q7914
         Type of entity                                         : prediction
         File containing prediction sensitivities               : master_lu.jco
 
         Total error variance                                   : yes
         Total uncertainty                                      : yes
 
         Parameter contributions to error variance              : no
         Parameter contributions to uncertainty                 : yes
         Parameter contributions                                : by group
 
         Observation worth in reducing error variance           : no
         Observation worth in reducing uncertainty variance     : yes
         Observation worth                                      : by group


                   ANALYSIS OF PARAMETERS
                   ----------------------


 Outcomes of running program SUPCALC ----->
 
    Number of dimensions of calibration solution space = 23
    Number of dimensions of calibration null space     = 51

 Outcomes of parameter identifiability and error/uncertainty variance reduction analysis ----->
 
    Parameter              Identifiability        Rel_uncert_var_redn
    ---------              ---------------        -------------------
    ddsd                    0.9999995              0.9998210
    ddsw                    0.9999988              0.9998840
    ddgd                    0.7999326              0.7974648
    ddgw                    0.7997668              0.7867426
    rcs1d                   1.2681761E-09           0.000000
    rcs1w                   6.6282780E-12           0.000000
    rcs2d                   5.1593650E-05          2.3700000E-04
    rcs2w                   9.2143440E-06          4.1800000E-04
    rcs3d                   4.8333874E-03          1.0324100E-02
    rcs3w                   1.7627025E-04          7.0122000E-03
    rcs4d                   0.1537722              0.2121132
    rcs4w                   7.3165235E-04          1.7891000E-02
    rcs5d                   0.8457617              0.6397306
    rcs5w                   8.7554669E-04          1.6808100E-02
    rcs6d                   0.9982215              0.9038173
    rcs6w                   5.8974200E-04          1.4569900E-02
    rcs7d                   5.3487393E-04          6.2577000E-03
    rcs7w                   0.9969853              0.9830508
    rcs8d                   0.9996010              0.9735648
    rcs8w                   2.1438799E-03          1.1063300E-02
    rcs9d                   0.9997032              0.9446008
    rcs9w                   0.9998422              0.9932690
    rcs10d                  0.9990136              0.9158744
    rcs10w                  0.9999232              0.9929156
    rcs11d                  0.9127399              0.6967950
    rcs11w                  0.9342819              0.9236186
    rcs12d                  8.3361140E-02          8.3602200E-02
    rcs12w                  6.6201212E-02          0.1179356
    rcs13d                  1.3204067E-03          9.1719000E-03
    rcs13w                  4.9929803E-05          1.0466300E-02
    rcs14d                  7.0945767E-05          4.9090000E-04
    rcs14w                  1.7994403E-06          3.7780000E-04
    rcs15d                  2.0620253E-05          1.4210000E-04
    rcs15w                  4.9978021E-07          1.0670000E-04
    rcr1d                   1.2503610E-04          1.1200000E-04
    rcr1w                   6.0611308E-06          8.9600000E-05
    rcr2d                   6.9919708E-02          5.9752700E-02
    rcr2w                   3.6185474E-03          4.0180900E-02
    rcr3d                   0.9222710              0.6258057
    rcr3w                   2.8626263E-02          0.2313577
    rcr4d                   8.3653082E-03          2.5989200E-02
    rcr4w                   0.3108557              0.5212875
    rcr5d                   0.9917092              0.9432056
    rcr5w                   0.6746875              0.7988094
    rcr6d                   5.7269857E-03          2.0012100E-02
    rcr6w                   1.9119227E-03          1.1085200E-02
    rcr7d                   2.3974571E-03          1.0656000E-02
    rcr7w                   1.2208666E-03          1.4136100E-02
    rcr8d                   1.7280303E-03          5.2180000E-03
    rcr8w                   8.8711910E-04          1.1020900E-02
    rcr9d                   9.8914437E-03          1.9372700E-02
    rcr9w                   5.4697566E-04          1.0395500E-02
    rcr10d                  0.9749804              0.8030017
    rcr10w                  3.6329913E-04          8.2853000E-03
    rcr11d                  1.7018374E-03          4.3545000E-03
    rcr11w                  0.9814715              0.9583712
    rcr12d                  1.6255384E-03          4.4565000E-03
    rcr12w                  1.2520766E-02          6.0957300E-02
    rcr13d                  8.3415803E-03          6.9895600E-02
    rcr13w                  3.3705940E-03          4.3378000E-02
    rcr14d                  4.6359865E-04          4.1007000E-03
    rcr14w                  2.4386580E-04          3.1212000E-03
    rcr15d                  1.3925186E-04          1.2318000E-03
    rcr15w                  7.4286789E-05          9.5080000E-04
    rcgd                    0.1999831              0.1993662
    rcgw                    0.1999417              0.1966857
    tl                      0.9999997              0.9999444
    xw                       0.000000               0.000000
    yw                       0.000000               0.000000
    x                       0.9997234              0.9945357
    y                       0.9994559              0.9753138
    tlr                      0.000000               0.000000
    tls                      0.000000               0.000000
    beta                    0.9805885              0.6624608
 
    Note: run IDENTPAR yourself to see identiability contributions by different solution 
    space eigencomponents.


                   ANALYSIS OF PREDICTION
                   ----------------------

 PREDVAR1 analysis for prediction "q7914" ----->

    Sing_val       Null-space       Soln-space     Total             Total
    index          term             term           variance          std_dev
    --------       ----------       ----------     --------          -------
       0            2.1728904E+10     0.000000      2.1728904E+10      147407.3    
       3            2.3229799E+09     326604.8      2.3233065E+09      48200.69    
       6            7.2433956E+08     1129180.      7.2546874E+08      26934.53    
       9            4.2649654E+08     1446729.      4.2794327E+08      20686.79    
      12            1.1441172E+08     2844560.      1.1725628E+08      10828.49    
      15            8.1128344E+07     3475071.      8.4603414E+07      9198.011    
      18            6.0627340E+07     4242201.      6.4869541E+07      8054.163    
      19            6.0571710E+07     4252187.      6.4823898E+07      8051.329    
      20            6.0465189E+07     4294529.      6.4759718E+07      8047.342    
      21            5.0440298E+07     8969565.      5.9409863E+07      7707.779    
      22            3.0043279E+07    2.1081286E+07  5.1124565E+07      7150.144    
      23            2.8315081E+07    2.2269185E+07  5.0584266E+07      7112.262    
      24            1.4765427E+07    3.8683590E+07  5.3449018E+07      7310.884    
      25             7078588.        7.2668125E+07  7.9746712E+07      8930.101    
      26             7075049.        7.2690674E+07  7.9765722E+07      8931.166    
      27             7074884.        7.2692884E+07  7.9767767E+07      8931.280    
      28             6063500.        8.7875977E+07  9.3939478E+07      9692.238    
      29             6021298.        8.8677913E+07  9.4699211E+07      9731.352    
      30             2972805.        1.6002645E+08  1.6299926E+08      12767.12    
      33             1981408.        1.9555515E+08  1.9753656E+08      14054.77    
      36             664726.6        2.7913577E+08  2.7980050E+08      16727.24    
      39             461890.4        3.0675040E+08  3.0721230E+08      17527.47    
      42             410557.3        3.1583452E+08  3.1624507E+08      17783.28    
      45             183983.9        3.8240424E+08  3.8258823E+08      19559.86    
      48             34143.22        4.4925448E+08  4.4928862E+08      21196.43    
      51             12033.06        4.7846795E+08  4.7847998E+08      21874.19    
      54             150.8629        5.1482447E+08  5.1482462E+08      22689.75    
      57             131.6037        5.1559071E+08  5.1559084E+08      22706.63    
      60             16.71956        5.4844234E+08  5.4844236E+08      23418.85    
      63            4.5433916E-02    5.8592977E+08  5.8592977E+08      24205.99    
      66            3.9805814E-02    5.9259559E+08  5.9259559E+08      24343.29    
      69            3.6475586E-12    1.0784162E+19  1.0784162E+19     3.2839248E+09
      72             0.000000        1.0000000E+35  1.0000000E+35     3.1622777E+17
      74             0.000000        1.0000000E+35  1.0000000E+35     3.1622777E+17
 
    Pre-calibration:- 
    Total error variance                 =  2.1728904E+10
    Total error standard deviation       =   147407.3    
 
    Post-calibration:-
    Total error variance                 =  5.0584266E+07
    Total error standard deviation       =   7112.262    
    Minimum error variance occurs at singular value number 23.
 
 
 PREDUNC1 analysis for prediction "q7914" ----->

    Pre-calibration:- 
    Total uncertainty variance           =  2.1728912E+10
    Total uncertainty standard deviation =   147407.3    
 
    Post-calibration:-
    Total uncertainty variance           =  3.6251068E+07
    Total uncertainty standard deviation =   6020.886    
 
 
 PREDUNC4 analysis for prediction "q7914" ----->

    Contributions to predictive uncertainty variance

    Parameter      Pre-cal             Post-cal
    group          contribution        contribution
    ---------      ------------        ------------
    ddsd            9.0615130E+09        937985.0    
    ddsw             25000.00            1017663.    
    ddgd             1527000.            63610.00    
    ddgw             52000.00            95405.00    
    rcsd             2564000.            8086410.    
    rcsw            7.1556500E+08        4253840.    
    rcrd            4.2128000E+07        5376890.    
    rcrw            8.7086900E+08       2.8075525E+07
    rcgd             382000.0            4023.000    
    rcgw             13000.00            6332.000    
    tl              1.0906606E+10        111577.0    
    xw               0.000000            0.000000    
    yw               0.000000            0.000000    
    x                0.000000            665954.0    
    y                0.000000            182371.0    
    tlr              0.000000            0.000000    
    tls              0.000000            0.000000    
    beta            1.2765800E+08        9546453.    
 
 
 PREDUNC5 observation subtraction analysis for prediction "q7914" ----->

    Increases in predictive uncertainty variance incurred through loss of observations

    Observation_group        Variance_increase
    -----------------        -----------------
    q                         3.6251068E+07
 
 
 PREDUNC5 observation addition analysis for prediction "q7914" ----->

    Decreases in pre-calibration predictive uncertainty variance incurred through addition of observations

    Observation_group        Variance_decrease
    -----------------        -----------------
    q                         3.6251068E+07
