 
 
                   ###################################################
                   #                                                 #
                   #      GENLINPRED UNCERTAINTY/ERROR ANALYSIS      #
                   #                                                 #
                   ###################################################
 
 
 
                   ANALYSIS DETAILS
                   ----------------
 
    Name of PEST control file                                   : master_lu.pst
    Factor by which to multiply observation weights             : 1.0000
    Source of parameter uncertainty data                        : uncertainty file
    Name of uncertainty file                                    : master_lu.unc
 
    Perform global parameter estimability analysis              : yes
         Parameter identifiability                              : yes
         Relative parameter error reduction                     : no
         Relative parameter uncertainty reduction               : yes
 
    Analyse error/uncertainty of an entity                      : yes
         Name of entity                                         : q7767
         Type of entity                                         : prediction
         File containing prediction sensitivities               : master_lu.jco
 
         Total error variance                                   : yes
         Total uncertainty                                      : yes
 
         Parameter contributions to error variance              : no
         Parameter contributions to uncertainty                 : yes
         Parameter contributions                                : by group
 
         Observation worth in reducing error variance           : no
         Observation worth in reducing uncertainty variance     : yes
         Observation worth                                      : by group


                   ANALYSIS OF PARAMETERS
                   ----------------------


 Outcomes of running program SUPCALC ----->
 
    Number of dimensions of calibration solution space = 23
    Number of dimensions of calibration null space     = 51

 Outcomes of parameter identifiability and error/uncertainty variance reduction analysis ----->
 
    Parameter              Identifiability        Rel_uncert_var_redn
    ---------              ---------------        -------------------
    ddsd                    0.9999995              0.9998210
    ddsw                    0.9999988              0.9998840
    ddgd                    0.7999326              0.7974648
    ddgw                    0.7997668              0.7867426
    rcs1d                   1.2681761E-09           0.000000
    rcs1w                   6.6282780E-12           0.000000
    rcs2d                   5.1593650E-05          2.3700000E-04
    rcs2w                   9.2143440E-06          4.1800000E-04
    rcs3d                   4.8333874E-03          1.0324100E-02
    rcs3w                   1.7627025E-04          7.0122000E-03
    rcs4d                   0.1537722              0.2121132
    rcs4w                   7.3165235E-04          1.7891000E-02
    rcs5d                   0.8457617              0.6397306
    rcs5w                   8.7554669E-04          1.6808100E-02
    rcs6d                   0.9982215              0.9038173
    rcs6w                   5.8974200E-04          1.4569900E-02
    rcs7d                   5.3487393E-04          6.2577000E-03
    rcs7w                   0.9969853              0.9830508
    rcs8d                   0.9996010              0.9735648
    rcs8w                   2.1438799E-03          1.1063300E-02
    rcs9d                   0.9997032              0.9446008
    rcs9w                   0.9998422              0.9932690
    rcs10d                  0.9990136              0.9158744
    rcs10w                  0.9999232              0.9929156
    rcs11d                  0.9127399              0.6967950
    rcs11w                  0.9342819              0.9236186
    rcs12d                  8.3361140E-02          8.3602200E-02
    rcs12w                  6.6201212E-02          0.1179356
    rcs13d                  1.3204067E-03          9.1719000E-03
    rcs13w                  4.9929803E-05          1.0466300E-02
    rcs14d                  7.0945767E-05          4.9090000E-04
    rcs14w                  1.7994403E-06          3.7780000E-04
    rcs15d                  2.0620253E-05          1.4210000E-04
    rcs15w                  4.9978021E-07          1.0670000E-04
    rcr1d                   1.2503610E-04          1.1200000E-04
    rcr1w                   6.0611308E-06          8.9600000E-05
    rcr2d                   6.9919708E-02          5.9752700E-02
    rcr2w                   3.6185474E-03          4.0180900E-02
    rcr3d                   0.9222710              0.6258057
    rcr3w                   2.8626263E-02          0.2313577
    rcr4d                   8.3653082E-03          2.5989200E-02
    rcr4w                   0.3108557              0.5212875
    rcr5d                   0.9917092              0.9432056
    rcr5w                   0.6746875              0.7988094
    rcr6d                   5.7269857E-03          2.0012100E-02
    rcr6w                   1.9119227E-03          1.1085200E-02
    rcr7d                   2.3974571E-03          1.0656000E-02
    rcr7w                   1.2208666E-03          1.4136100E-02
    rcr8d                   1.7280303E-03          5.2180000E-03
    rcr8w                   8.8711910E-04          1.1020900E-02
    rcr9d                   9.8914437E-03          1.9372700E-02
    rcr9w                   5.4697566E-04          1.0395500E-02
    rcr10d                  0.9749804              0.8030017
    rcr10w                  3.6329913E-04          8.2853000E-03
    rcr11d                  1.7018374E-03          4.3545000E-03
    rcr11w                  0.9814715              0.9583712
    rcr12d                  1.6255384E-03          4.4565000E-03
    rcr12w                  1.2520766E-02          6.0957300E-02
    rcr13d                  8.3415803E-03          6.9895600E-02
    rcr13w                  3.3705940E-03          4.3378000E-02
    rcr14d                  4.6359865E-04          4.1007000E-03
    rcr14w                  2.4386580E-04          3.1212000E-03
    rcr15d                  1.3925186E-04          1.2318000E-03
    rcr15w                  7.4286789E-05          9.5080000E-04
    rcgd                    0.1999831              0.1993662
    rcgw                    0.1999417              0.1966857
    tl                      0.9999997              0.9999444
    xw                       0.000000               0.000000
    yw                       0.000000               0.000000
    x                       0.9997234              0.9945357
    y                       0.9994559              0.9753138
    tlr                      0.000000               0.000000
    tls                      0.000000               0.000000
    beta                    0.9805885              0.6624608
 
    Note: run IDENTPAR yourself to see identiability contributions by different solution 
    space eigencomponents.


                   ANALYSIS OF PREDICTION
                   ----------------------

 PREDVAR1 analysis for prediction "q7767" ----->

    Sing_val       Null-space       Soln-space     Total             Total
    index          term             term           variance          std_dev
    --------       ----------       ----------     --------          -------
       0            1.0321819E+10     0.000000      1.0321819E+10      101596.4    
       3            1.0255683E+10     1013.833      1.0255684E+10      101270.4    
       6            5.8577240E+09     3711143.      5.8614352E+09      76560.01    
       9            6.9347287E+07    1.2188289E+07  8.1535576E+07      9029.705    
      12            1.5829300E+07    1.2657226E+07  2.8486526E+07      5337.277    
      15             8826400.        1.2769826E+07  2.1596226E+07      4647.174    
      18             1120981.        1.3373514E+07  1.4494494E+07      3807.164    
      19             1004526.        1.3394420E+07  1.4398946E+07      3794.594    
      20             523090.5        1.3585787E+07  1.4108877E+07      3756.179    
      21             176271.5        1.3747523E+07  1.3923795E+07      3731.460    
      22             124478.5        1.3778278E+07  1.3902756E+07      3728.640    
      23             57614.80        1.3824237E+07  1.3881852E+07      3725.836    
      24             56932.12        1.3825064E+07  1.3881996E+07      3725.855    
      25             55924.29        1.3829520E+07  1.3885444E+07      3726.318    
      26             55916.05        1.3829573E+07  1.3885489E+07      3726.324    
      27             48127.98        1.3933946E+07  1.3982074E+07      3739.261    
      28             45071.76        1.3979827E+07  1.4024899E+07      3744.983    
      29             44104.78        1.3998202E+07  1.4042307E+07      3747.307    
      30             43672.56        1.4008318E+07  1.4051990E+07      3748.598    
      33             11222.29        1.5455167E+07  1.5466390E+07      3932.733    
      36             1835.921        1.6026143E+07  1.6027979E+07      4003.496    
      39             1379.213        1.6070286E+07  1.6071665E+07      4008.948    
      42             339.1128        1.6274625E+07  1.6274964E+07      4034.224    
      45             218.7569        1.6318423E+07  1.6318641E+07      4039.634    
      48             53.46435        1.6403326E+07  1.6403379E+07      4050.109    
      51             21.59894        1.6443122E+07  1.6443144E+07      4055.015    
      54             7.525508        1.6497994E+07  1.6498001E+07      4061.773    
      57            0.6858100        1.6658641E+07  1.6658642E+07      4081.500    
      60            8.0201935E-03    1.6788585E+07  1.6788585E+07      4097.388    
      63            2.2444203E-03    1.6798439E+07  1.6798439E+07      4098.590    
      66            6.7492686E-08    1.6875197E+07  1.6875197E+07      4107.943    
      69            3.1996358E-08    1.2296816E+15  1.2296816E+15     3.5066816E+07
      72             0.000000        1.0000000E+35  1.0000000E+35     3.1622777E+17
      74             0.000000        1.0000000E+35  1.0000000E+35     3.1622777E+17
 
    Pre-calibration:- 
    Total error variance                 =  1.0321819E+10
    Total error standard deviation       =   101596.4    
 
    Post-calibration:-
    Total error variance                 =  1.3881852E+07
    Total error standard deviation       =   3725.836    
    Minimum error variance occurs at singular value number 23.
 
 
 PREDUNC1 analysis for prediction "q7767" ----->

    Pre-calibration:- 
    Total uncertainty variance           =  1.0321828E+10
    Total uncertainty standard deviation =   101596.4    
 
    Post-calibration:-
    Total uncertainty variance           =  1.3671344E+07
    Total uncertainty standard deviation =   3697.478    
 
 
 PREDUNC4 analysis for prediction "q7767" ----->

    Contributions to predictive uncertainty variance

    Parameter      Pre-cal             Post-cal
    group          contribution        contribution
    ---------      ------------        ------------
    ddsd             0.000000            21921.00    
    ddsw            2.0034000E+07        1198.000    
    ddgd            8.0140489E+09        68287.00    
    ddgw             1516000.            6670.000    
    rcsd             4490000.            890308.0    
    rcsw             4924000.            29065.00    
    rcrd            1.4066600E+08        254804.0    
    rcrw             2007000.            31246.00    
    rcgd            2.0035123E+09        4319.000    
    rcgw             379000.0            443.0000    
    tl              4.6878000E+07        5157.000    
    xw               0.000000            0.000000    
    yw               0.000000            0.000000    
    x                2501000.            56742.00    
    y                1010000.            110852.0    
    tlr              0.000000            0.000000    
    tls              0.000000            0.000000    
    beta            7.9853000E+07        22142.00    
 
 
 PREDUNC5 observation subtraction analysis for prediction "q7767" ----->

    Increases in predictive uncertainty variance incurred through loss of observations

    Observation_group        Variance_increase
    -----------------        -----------------
    q                         1.3671344E+07
 
 
 PREDUNC5 observation addition analysis for prediction "q7767" ----->

    Decreases in pre-calibration predictive uncertainty variance incurred through addition of observations

    Observation_group        Variance_decrease
    -----------------        -----------------
    q                         1.3671344E+07
