 
 
                   ###################################################
                   #                                                 #
                   #      GENLINPRED UNCERTAINTY/ERROR ANALYSIS      #
                   #                                                 #
                   ###################################################
 
 
 
                   ANALYSIS DETAILS
                   ----------------
 
    Name of PEST control file                                   : master_lu.pst
    Factor by which to multiply observation weights             : 1.0000
    Source of parameter uncertainty data                        : uncertainty file
    Name of uncertainty file                                    : master_lu.unc
 
    Perform global parameter estimability analysis              : yes
         Parameter identifiability                              : yes
         Relative parameter error reduction                     : no
         Relative parameter uncertainty reduction               : yes
 
    Analyse error/uncertainty of an entity                      : yes
         Name of entity                                         : q8076
         Type of entity                                         : prediction
         File containing prediction sensitivities               : master_lu.jco
 
         Total error variance                                   : yes
         Total uncertainty                                      : yes
 
         Parameter contributions to error variance              : no
         Parameter contributions to uncertainty                 : yes
         Parameter contributions                                : by group
 
         Observation worth in reducing error variance           : no
         Observation worth in reducing uncertainty variance     : yes
         Observation worth                                      : by group


                   ANALYSIS OF PARAMETERS
                   ----------------------


 Outcomes of running program SUPCALC ----->
 
    Number of dimensions of calibration solution space = 23
    Number of dimensions of calibration null space     = 51

 Outcomes of parameter identifiability and error/uncertainty variance reduction analysis ----->
 
    Parameter              Identifiability        Rel_uncert_var_redn
    ---------              ---------------        -------------------
    ddsd                    0.9999995              0.9998210
    ddsw                    0.9999988              0.9998840
    ddgd                    0.7999326              0.7974648
    ddgw                    0.7997668              0.7867426
    rcs1d                   1.2681761E-09           0.000000
    rcs1w                   6.6282780E-12           0.000000
    rcs2d                   5.1593650E-05          2.3700000E-04
    rcs2w                   9.2143440E-06          4.1800000E-04
    rcs3d                   4.8333874E-03          1.0324100E-02
    rcs3w                   1.7627025E-04          7.0122000E-03
    rcs4d                   0.1537722              0.2121132
    rcs4w                   7.3165235E-04          1.7891000E-02
    rcs5d                   0.8457617              0.6397306
    rcs5w                   8.7554669E-04          1.6808100E-02
    rcs6d                   0.9982215              0.9038173
    rcs6w                   5.8974200E-04          1.4569900E-02
    rcs7d                   5.3487393E-04          6.2577000E-03
    rcs7w                   0.9969853              0.9830508
    rcs8d                   0.9996010              0.9735648
    rcs8w                   2.1438799E-03          1.1063300E-02
    rcs9d                   0.9997032              0.9446008
    rcs9w                   0.9998422              0.9932690
    rcs10d                  0.9990136              0.9158744
    rcs10w                  0.9999232              0.9929156
    rcs11d                  0.9127399              0.6967950
    rcs11w                  0.9342819              0.9236186
    rcs12d                  8.3361140E-02          8.3602200E-02
    rcs12w                  6.6201212E-02          0.1179356
    rcs13d                  1.3204067E-03          9.1719000E-03
    rcs13w                  4.9929803E-05          1.0466300E-02
    rcs14d                  7.0945767E-05          4.9090000E-04
    rcs14w                  1.7994403E-06          3.7780000E-04
    rcs15d                  2.0620253E-05          1.4210000E-04
    rcs15w                  4.9978021E-07          1.0670000E-04
    rcr1d                   1.2503610E-04          1.1200000E-04
    rcr1w                   6.0611308E-06          8.9600000E-05
    rcr2d                   6.9919708E-02          5.9752700E-02
    rcr2w                   3.6185474E-03          4.0180900E-02
    rcr3d                   0.9222710              0.6258057
    rcr3w                   2.8626263E-02          0.2313577
    rcr4d                   8.3653082E-03          2.5989200E-02
    rcr4w                   0.3108557              0.5212875
    rcr5d                   0.9917092              0.9432056
    rcr5w                   0.6746875              0.7988094
    rcr6d                   5.7269857E-03          2.0012100E-02
    rcr6w                   1.9119227E-03          1.1085200E-02
    rcr7d                   2.3974571E-03          1.0656000E-02
    rcr7w                   1.2208666E-03          1.4136100E-02
    rcr8d                   1.7280303E-03          5.2180000E-03
    rcr8w                   8.8711910E-04          1.1020900E-02
    rcr9d                   9.8914437E-03          1.9372700E-02
    rcr9w                   5.4697566E-04          1.0395500E-02
    rcr10d                  0.9749804              0.8030017
    rcr10w                  3.6329913E-04          8.2853000E-03
    rcr11d                  1.7018374E-03          4.3545000E-03
    rcr11w                  0.9814715              0.9583712
    rcr12d                  1.6255384E-03          4.4565000E-03
    rcr12w                  1.2520766E-02          6.0957300E-02
    rcr13d                  8.3415803E-03          6.9895600E-02
    rcr13w                  3.3705940E-03          4.3378000E-02
    rcr14d                  4.6359865E-04          4.1007000E-03
    rcr14w                  2.4386580E-04          3.1212000E-03
    rcr15d                  1.3925186E-04          1.2318000E-03
    rcr15w                  7.4286789E-05          9.5080000E-04
    rcgd                    0.1999831              0.1993662
    rcgw                    0.1999417              0.1966857
    tl                      0.9999997              0.9999444
    xw                       0.000000               0.000000
    yw                       0.000000               0.000000
    x                       0.9997234              0.9945357
    y                       0.9994559              0.9753138
    tlr                      0.000000               0.000000
    tls                      0.000000               0.000000
    beta                    0.9805885              0.6624608
 
    Note: run IDENTPAR yourself to see identiability contributions by different solution 
    space eigencomponents.


                   ANALYSIS OF PREDICTION
                   ----------------------

 PREDVAR1 analysis for prediction "q8076" ----->

    Sing_val       Null-space       Soln-space     Total             Total
    index          term             term           variance          std_dev
    --------       ----------       ----------     --------          -------
       0            5.8433715E+10     0.000000      5.8433715E+10      241730.7    
       3            1.6899979E+10     732700.8      1.6900712E+10      130002.7    
       6            1.2780483E+10     2790103.      1.2783273E+10      113063.1    
       9            7.3414111E+09     9592268.      7.3510034E+09      85737.99    
      12            1.8976026E+09    5.6159106E+07  1.9537617E+09      44201.38    
      15            3.7670526E+08    7.7962704E+07  4.5466796E+08      21322.94    
      18            2.7556256E+07    9.1052976E+07  1.1860923E+08      10890.79    
      19            2.3158758E+07    9.1842431E+07  1.1500119E+08      10723.86    
      20            2.2338941E+07    9.2168301E+07  1.1450724E+08      10700.81    
      21            2.2078814E+07    9.2289610E+07  1.1436842E+08      10694.32    
      22            2.1370149E+07    9.2710414E+07  1.1408056E+08      10680.85    
      23            2.1184503E+07    9.2838020E+07  1.1402252E+08      10678.13    
      24            2.1115785E+07    9.2921266E+07  1.1403705E+08      10678.81    
      25            1.9490284E+07    1.0010782E+08  1.1959810E+08      10936.09    
      26            1.9458141E+07    1.0031263E+08  1.1977077E+08      10943.98    
      27            1.9211288E+07    1.0362091E+08  1.2283219E+08      11082.97    
      28             5022414.        3.1662715E+08  3.2164956E+08      17934.59    
      29             2370858.        3.6701298E+08  3.6938384E+08      19219.36    
      30             512613.6        4.1050432E+08  4.1101693E+08      20273.55    
      33             326830.5        4.1850901E+08  4.1883584E+08      20465.48    
      36             101541.5        4.3595302E+08  4.3605456E+08      20881.92    
      39             80992.37        4.3805584E+08  4.3813683E+08      20931.72    
      42             70582.44        4.4007582E+08  4.4014641E+08      20979.67    
      45             30573.28        4.5028270E+08  4.5031328E+08      21220.59    
      48             24470.22        4.5309118E+08  4.5311565E+08      21286.51    
      51             8832.008        4.6824943E+08  4.6825827E+08      21639.28    
      54             1619.411        4.8766167E+08  4.8766329E+08      22083.10    
      57             76.14624        5.9287203E+08  5.9287210E+08      24348.97    
      60             59.36107        5.9718251E+08  5.9718257E+08      24437.32    
      63             31.28294        6.5890770E+08  6.5890773E+08      25669.20    
      66             31.27808        7.3779276E+08  7.3779279E+08      27162.34    
      69            8.4369885E-17    4.8316716E+13  4.8316716E+13      6951023.    
      72             0.000000        1.0000000E+35  1.0000000E+35     3.1622777E+17
      74             0.000000        1.0000000E+35  1.0000000E+35     3.1622777E+17
 
    Pre-calibration:- 
    Total error variance                 =  5.8433715E+10
    Total error standard deviation       =   241730.7    
 
    Post-calibration:-
    Total error variance                 =  1.1402252E+08
    Total error standard deviation       =   10678.13    
    Minimum error variance occurs at singular value number 23.
 
 
 PREDUNC1 analysis for prediction "q8076" ----->

    Pre-calibration:- 
    Total uncertainty variance           =  5.8433731E+10
    Total uncertainty standard deviation =   241730.7    
 
    Post-calibration:-
    Total uncertainty variance           =  1.1082026E+08
    Total uncertainty standard deviation =   10527.12    
 
 
 PREDUNC4 analysis for prediction "q8076" ----->

    Contributions to predictive uncertainty variance

    Parameter      Pre-cal             Post-cal
    group          contribution        contribution
    ---------      ------------        ------------
    ddsd            4.4057422E+10        6756170.    
    ddsw             0.000000            2958430.    
    ddgd             0.000000            210.0000    
    ddgw            2.0579090E+09        845900.0    
    rcsd             0.000000            9339580.    
    rcsw            7.5912810E+09       6.9416270E+07
    rcrd             0.000000            634950.0    
    rcrw            3.6371230E+09        5543360.    
    rcgd             0.000000            10.00000    
    rcgw            5.1447700E+08        56140.00    
    tl              3.3094900E+08        1529960.    
    xw               0.000000            0.000000    
    yw               0.000000            0.000000    
    x                38000.00            381270.0    
    y                3418000.            499700.0    
    tlr              0.000000            0.000000    
    tls              0.000000            0.000000    
    beta            2.4109500E+08        603250.0    
 
 
 PREDUNC5 observation subtraction analysis for prediction "q8076" ----->

    Increases in predictive uncertainty variance incurred through loss of observations

    Observation_group        Variance_increase
    -----------------        -----------------
    q                         1.1082026E+08
 
 
 PREDUNC5 observation addition analysis for prediction "q8076" ----->

    Decreases in pre-calibration predictive uncertainty variance incurred through addition of observations

    Observation_group        Variance_decrease
    -----------------        -----------------
    q                         1.1082026E+08
