 
 
                   ###################################################
                   #                                                 #
                   #      GENLINPRED UNCERTAINTY/ERROR ANALYSIS      #
                   #                                                 #
                   ###################################################
 
 
 
                   ANALYSIS DETAILS
                   ----------------
 
    Name of PEST control file                                   : master_lu.pst
    Factor by which to multiply observation weights             : 1.0000
    Source of parameter uncertainty data                        : uncertainty file
    Name of uncertainty file                                    : master_lu.unc
 
    Perform global parameter estimability analysis              : yes
         Parameter identifiability                              : yes
         Relative parameter error reduction                     : no
         Relative parameter uncertainty reduction               : yes
 
    Analyse error/uncertainty of an entity                      : yes
         Name of entity                                         : q8020
         Type of entity                                         : prediction
         File containing prediction sensitivities               : master_lu.jco
 
         Total error variance                                   : yes
         Total uncertainty                                      : yes
 
         Parameter contributions to error variance              : no
         Parameter contributions to uncertainty                 : yes
         Parameter contributions                                : by group
 
         Observation worth in reducing error variance           : no
         Observation worth in reducing uncertainty variance     : yes
         Observation worth                                      : by group


                   ANALYSIS OF PARAMETERS
                   ----------------------


 Outcomes of running program SUPCALC ----->
 
    Number of dimensions of calibration solution space = 23
    Number of dimensions of calibration null space     = 51

 Outcomes of parameter identifiability and error/uncertainty variance reduction analysis ----->
 
    Parameter              Identifiability        Rel_uncert_var_redn
    ---------              ---------------        -------------------
    ddsd                    0.9999995              0.9998210
    ddsw                    0.9999988              0.9998840
    ddgd                    0.7999326              0.7974648
    ddgw                    0.7997668              0.7867426
    rcs1d                   1.2681761E-09           0.000000
    rcs1w                   6.6282780E-12           0.000000
    rcs2d                   5.1593650E-05          2.3700000E-04
    rcs2w                   9.2143440E-06          4.1800000E-04
    rcs3d                   4.8333874E-03          1.0324100E-02
    rcs3w                   1.7627025E-04          7.0122000E-03
    rcs4d                   0.1537722              0.2121132
    rcs4w                   7.3165235E-04          1.7891000E-02
    rcs5d                   0.8457617              0.6397306
    rcs5w                   8.7554669E-04          1.6808100E-02
    rcs6d                   0.9982215              0.9038173
    rcs6w                   5.8974200E-04          1.4569900E-02
    rcs7d                   5.3487393E-04          6.2577000E-03
    rcs7w                   0.9969853              0.9830508
    rcs8d                   0.9996010              0.9735648
    rcs8w                   2.1438799E-03          1.1063300E-02
    rcs9d                   0.9997032              0.9446008
    rcs9w                   0.9998422              0.9932690
    rcs10d                  0.9990136              0.9158744
    rcs10w                  0.9999232              0.9929156
    rcs11d                  0.9127399              0.6967950
    rcs11w                  0.9342819              0.9236186
    rcs12d                  8.3361140E-02          8.3602200E-02
    rcs12w                  6.6201212E-02          0.1179356
    rcs13d                  1.3204067E-03          9.1719000E-03
    rcs13w                  4.9929803E-05          1.0466300E-02
    rcs14d                  7.0945767E-05          4.9090000E-04
    rcs14w                  1.7994403E-06          3.7780000E-04
    rcs15d                  2.0620253E-05          1.4210000E-04
    rcs15w                  4.9978021E-07          1.0670000E-04
    rcr1d                   1.2503610E-04          1.1200000E-04
    rcr1w                   6.0611308E-06          8.9600000E-05
    rcr2d                   6.9919708E-02          5.9752700E-02
    rcr2w                   3.6185474E-03          4.0180900E-02
    rcr3d                   0.9222710              0.6258057
    rcr3w                   2.8626263E-02          0.2313577
    rcr4d                   8.3653082E-03          2.5989200E-02
    rcr4w                   0.3108557              0.5212875
    rcr5d                   0.9917092              0.9432056
    rcr5w                   0.6746875              0.7988094
    rcr6d                   5.7269857E-03          2.0012100E-02
    rcr6w                   1.9119227E-03          1.1085200E-02
    rcr7d                   2.3974571E-03          1.0656000E-02
    rcr7w                   1.2208666E-03          1.4136100E-02
    rcr8d                   1.7280303E-03          5.2180000E-03
    rcr8w                   8.8711910E-04          1.1020900E-02
    rcr9d                   9.8914437E-03          1.9372700E-02
    rcr9w                   5.4697566E-04          1.0395500E-02
    rcr10d                  0.9749804              0.8030017
    rcr10w                  3.6329913E-04          8.2853000E-03
    rcr11d                  1.7018374E-03          4.3545000E-03
    rcr11w                  0.9814715              0.9583712
    rcr12d                  1.6255384E-03          4.4565000E-03
    rcr12w                  1.2520766E-02          6.0957300E-02
    rcr13d                  8.3415803E-03          6.9895600E-02
    rcr13w                  3.3705940E-03          4.3378000E-02
    rcr14d                  4.6359865E-04          4.1007000E-03
    rcr14w                  2.4386580E-04          3.1212000E-03
    rcr15d                  1.3925186E-04          1.2318000E-03
    rcr15w                  7.4286789E-05          9.5080000E-04
    rcgd                    0.1999831              0.1993662
    rcgw                    0.1999417              0.1966857
    tl                      0.9999997              0.9999444
    xw                       0.000000               0.000000
    yw                       0.000000               0.000000
    x                       0.9997234              0.9945357
    y                       0.9994559              0.9753138
    tlr                      0.000000               0.000000
    tls                      0.000000               0.000000
    beta                    0.9805885              0.6624608
 
    Note: run IDENTPAR yourself to see identiability contributions by different solution 
    space eigencomponents.


                   ANALYSIS OF PREDICTION
                   ----------------------

 PREDVAR1 analysis for prediction "q8020" ----->

    Sing_val       Null-space       Soln-space     Total             Total
    index          term             term           variance          std_dev
    --------       ----------       ----------     --------          -------
       0            8.5870245E+10     0.000000      8.5870245E+10      293036.3    
       3            2.4359707E+10     1274184.      2.4360981E+10      156080.0    
       6            1.1815222E+10     7707601.      1.1822930E+10      108733.3    
       9            8.1342067E+09    1.3192471E+07  8.1473992E+09      90262.94    
      12            4.8760539E+09    4.0260176E+07  4.9163141E+09      70116.43    
      15            3.0770806E+08    1.1206113E+08  4.1976919E+08      20488.27    
      16            2.9361662E+08    1.1255099E+08  4.0616761E+08      20153.60    
      17            3.9132917E+07    1.2167479E+08  1.6080771E+08      12681.00    
      18            3.2175458E+07    1.2230177E+08  1.5447723E+08      12428.89    
      19            2.9200335E+07    1.2283587E+08  1.5203621E+08      12330.30    
      20            2.7895208E+07    1.2335465E+08  1.5124986E+08      12298.37    
      21            2.7841102E+07    1.2337988E+08  1.5122098E+08      12297.19    
      22            2.7835899E+07    1.2338297E+08  1.5121887E+08      12297.11    
      23            2.7814412E+07    1.2339774E+08  1.5121215E+08      12296.83    
      24            2.7056664E+07    1.2431570E+08  1.5137236E+08      12303.35    
      25            2.6893242E+07    1.2503821E+08  1.5193145E+08      12326.05    
      26            2.6855261E+07    1.2528022E+08  1.5213548E+08      12334.32    
      27            2.6648624E+07    1.2804952E+08  1.5469815E+08      12437.77    
      30             1879775.        5.3475443E+08  5.3663421E+08      23165.37    
      33             1487807.        5.4939155E+08  5.5087935E+08      23470.82    
      36             325462.6        6.2815833E+08  6.2848380E+08      25069.58    
      39             168699.1        6.4934682E+08  6.4951551E+08      25485.59    
      42             73455.31        6.6668965E+08  6.6676310E+08      25821.76    
      45             41033.85        6.7773535E+08  6.7777638E+08      26034.14    
      48             3466.093        6.9631667E+08  6.9632014E+08      26387.88    
      51             2134.238        6.9791568E+08  6.9791781E+08      26418.13    
      54             503.0727        7.0604586E+08  7.0604637E+08      26571.53    
      57             176.6483        7.2349571E+08  7.2349589E+08      26897.88    
      60             154.4631        7.2917443E+08  7.2917458E+08      27003.23    
      63             14.30659        1.4857504E+09  1.4857504E+09      38545.43    
      66             14.30566        1.4977759E+09  1.4977759E+09      38701.11    
      69            6.4217444E-16    1.0995264E+15  1.0995264E+15     3.3159107E+07
      72             0.000000        1.0000000E+35  1.0000000E+35     3.1622777E+17
      74             0.000000        1.0000000E+35  1.0000000E+35     3.1622777E+17
 
    Pre-calibration:- 
    Total error variance                 =  8.5870245E+10
    Total error standard deviation       =   293036.3    
 
    Post-calibration:-
    Total error variance                 =  1.5121215E+08
    Total error standard deviation       =   12296.83    
    Minimum error variance occurs at singular value number 23.
 
 
 PREDUNC1 analysis for prediction "q8020" ----->

    Pre-calibration:- 
    Total uncertainty variance           =  8.5870273E+10
    Total uncertainty standard deviation =   293036.3    
 
    Post-calibration:-
    Total uncertainty variance           =  1.4731308E+08
    Total uncertainty standard deviation =   12137.26    
 
 
 PREDUNC4 analysis for prediction "q8020" ----->

    Contributions to predictive uncertainty variance

    Parameter      Pre-cal             Post-cal
    group          contribution        contribution
    ---------      ------------        ------------
    ddsd            6.3853146E+10        8387950.    
    ddsw             0.000000            9339180.    
    ddgd             0.000000            260.0000    
    ddgw            2.3299900E+08        11320.00    
    rcsd             0.000000           1.1292920E+07
    rcsw            1.8592361E+10       1.2013337E+08
    rcrd             4000.000            519550.0    
    rcrw            2.4349900E+09        4632750.    
    rcgd             0.000000            10.00000    
    rcgw            5.8250000E+07        750.0000    
    tl              3.3084000E+08        2929570.    
    xw               0.000000            0.000000    
    yw               0.000000            0.000000    
    x                6000.000            1162150.    
    y                3703000.            108030.0    
    tlr              0.000000            0.000000    
    tls              0.000000            0.000000    
    beta            3.6394400E+08        1650.000    
 
 
 PREDUNC5 observation subtraction analysis for prediction "q8020" ----->

    Increases in predictive uncertainty variance incurred through loss of observations

    Observation_group        Variance_increase
    -----------------        -----------------
    q                         1.4731308E+08
 
 
 PREDUNC5 observation addition analysis for prediction "q8020" ----->

    Decreases in pre-calibration predictive uncertainty variance incurred through addition of observations

    Observation_group        Variance_decrease
    -----------------        -----------------
    q                         1.4731308E+08
