 
 
                   ###################################################
                   #                                                 #
                   #      GENLINPRED UNCERTAINTY/ERROR ANALYSIS      #
                   #                                                 #
                   ###################################################
 
 
 
                   ANALYSIS DETAILS
                   ----------------
 
    Name of PEST control file                                   : master_lu.pst
    Factor by which to multiply observation weights             : 1.0000
    Source of parameter uncertainty data                        : uncertainty file
    Name of uncertainty file                                    : master_lu.unc
 
    Perform global parameter estimability analysis              : yes
         Parameter identifiability                              : yes
         Relative parameter error reduction                     : no
         Relative parameter uncertainty reduction               : yes
 
    Analyse error/uncertainty of an entity                      : yes
         Name of entity                                         : q8052
         Type of entity                                         : prediction
         File containing prediction sensitivities               : master_lu.jco
 
         Total error variance                                   : yes
         Total uncertainty                                      : yes
 
         Parameter contributions to error variance              : no
         Parameter contributions to uncertainty                 : yes
         Parameter contributions                                : by group
 
         Observation worth in reducing error variance           : no
         Observation worth in reducing uncertainty variance     : yes
         Observation worth                                      : by group


                   ANALYSIS OF PARAMETERS
                   ----------------------


 Outcomes of running program SUPCALC ----->
 
    Number of dimensions of calibration solution space = 23
    Number of dimensions of calibration null space     = 51

 Outcomes of parameter identifiability and error/uncertainty variance reduction analysis ----->
 
    Parameter              Identifiability        Rel_uncert_var_redn
    ---------              ---------------        -------------------
    ddsd                    0.9999995              0.9998210
    ddsw                    0.9999988              0.9998840
    ddgd                    0.7999326              0.7974648
    ddgw                    0.7997668              0.7867426
    rcs1d                   1.2681761E-09           0.000000
    rcs1w                   6.6282780E-12           0.000000
    rcs2d                   5.1593650E-05          2.3700000E-04
    rcs2w                   9.2143440E-06          4.1800000E-04
    rcs3d                   4.8333874E-03          1.0324100E-02
    rcs3w                   1.7627025E-04          7.0122000E-03
    rcs4d                   0.1537722              0.2121132
    rcs4w                   7.3165235E-04          1.7891000E-02
    rcs5d                   0.8457617              0.6397306
    rcs5w                   8.7554669E-04          1.6808100E-02
    rcs6d                   0.9982215              0.9038173
    rcs6w                   5.8974200E-04          1.4569900E-02
    rcs7d                   5.3487393E-04          6.2577000E-03
    rcs7w                   0.9969853              0.9830508
    rcs8d                   0.9996010              0.9735648
    rcs8w                   2.1438799E-03          1.1063300E-02
    rcs9d                   0.9997032              0.9446008
    rcs9w                   0.9998422              0.9932690
    rcs10d                  0.9990136              0.9158744
    rcs10w                  0.9999232              0.9929156
    rcs11d                  0.9127399              0.6967950
    rcs11w                  0.9342819              0.9236186
    rcs12d                  8.3361140E-02          8.3602200E-02
    rcs12w                  6.6201212E-02          0.1179356
    rcs13d                  1.3204067E-03          9.1719000E-03
    rcs13w                  4.9929803E-05          1.0466300E-02
    rcs14d                  7.0945767E-05          4.9090000E-04
    rcs14w                  1.7994403E-06          3.7780000E-04
    rcs15d                  2.0620253E-05          1.4210000E-04
    rcs15w                  4.9978021E-07          1.0670000E-04
    rcr1d                   1.2503610E-04          1.1200000E-04
    rcr1w                   6.0611308E-06          8.9600000E-05
    rcr2d                   6.9919708E-02          5.9752700E-02
    rcr2w                   3.6185474E-03          4.0180900E-02
    rcr3d                   0.9222710              0.6258057
    rcr3w                   2.8626263E-02          0.2313577
    rcr4d                   8.3653082E-03          2.5989200E-02
    rcr4w                   0.3108557              0.5212875
    rcr5d                   0.9917092              0.9432056
    rcr5w                   0.6746875              0.7988094
    rcr6d                   5.7269857E-03          2.0012100E-02
    rcr6w                   1.9119227E-03          1.1085200E-02
    rcr7d                   2.3974571E-03          1.0656000E-02
    rcr7w                   1.2208666E-03          1.4136100E-02
    rcr8d                   1.7280303E-03          5.2180000E-03
    rcr8w                   8.8711910E-04          1.1020900E-02
    rcr9d                   9.8914437E-03          1.9372700E-02
    rcr9w                   5.4697566E-04          1.0395500E-02
    rcr10d                  0.9749804              0.8030017
    rcr10w                  3.6329913E-04          8.2853000E-03
    rcr11d                  1.7018374E-03          4.3545000E-03
    rcr11w                  0.9814715              0.9583712
    rcr12d                  1.6255384E-03          4.4565000E-03
    rcr12w                  1.2520766E-02          6.0957300E-02
    rcr13d                  8.3415803E-03          6.9895600E-02
    rcr13w                  3.3705940E-03          4.3378000E-02
    rcr14d                  4.6359865E-04          4.1007000E-03
    rcr14w                  2.4386580E-04          3.1212000E-03
    rcr15d                  1.3925186E-04          1.2318000E-03
    rcr15w                  7.4286789E-05          9.5080000E-04
    rcgd                    0.1999831              0.1993662
    rcgw                    0.1999417              0.1966857
    tl                      0.9999997              0.9999444
    xw                       0.000000               0.000000
    yw                       0.000000               0.000000
    x                       0.9997234              0.9945357
    y                       0.9994559              0.9753138
    tlr                      0.000000               0.000000
    tls                      0.000000               0.000000
    beta                    0.9805885              0.6624608
 
    Note: run IDENTPAR yourself to see identiability contributions by different solution 
    space eigencomponents.


                   ANALYSIS OF PREDICTION
                   ----------------------

 PREDVAR1 analysis for prediction "q8052" ----->

    Sing_val       Null-space       Soln-space     Total             Total
    index          term             term           variance          std_dev
    --------       ----------       ----------     --------          -------
       0            1.7861354E+11     0.000000      1.7861354E+11      422627.0    
       3            3.8919724E+10     2500794.      3.8922225E+10      197287.2    
       6            2.8207751E+10     8428913.      2.8216180E+10      167976.7    
       9            1.9655726E+10    2.1761508E+07  1.9677487E+10      140276.5    
      12            1.1810995E+10    7.7478892E+07  1.1888474E+10      109034.3    
      15            1.6545375E+09    2.3481940E+08  1.8893569E+09      43466.73    
      16            1.5098676E+09    2.3984845E+08  1.7497161E+09      41829.61    
      17            1.1682232E+08    2.8979222E+08  4.0661454E+08      20164.69    
      18            7.7897360E+07    2.9329998E+08  3.7119734E+08      19266.48    
      19            6.1343025E+07    2.9627187E+08  3.5761490E+08      18910.71    
      20            5.9227230E+07    2.9711289E+08  3.5634012E+08      18876.97    
      21            5.8418275E+07    2.9749014E+08  3.5590841E+08      18865.53    
      22            5.8399365E+07    2.9750136E+08  3.5590073E+08      18865.33    
      23            5.7923101E+07    2.9782873E+08  3.5575183E+08      18861.38    
      24            5.2228583E+07    3.0472722E+08  3.5695580E+08      18893.27    
      25            5.1247633E+07    3.0906413E+08  3.6031176E+08      18981.88    
      26            5.1220635E+07    3.0923616E+08  3.6045679E+08      18985.70    
      27            5.0893167E+07    3.1362480E+08  3.6451797E+08      19092.35    
      30             2777279.        1.1068119E+09  1.1095892E+09      33310.50    
      33             2287475.        1.1259376E+09  1.1282250E+09      33589.06    
      36             277765.0        1.2694737E+09  1.2697514E+09      35633.57    
      39             83007.81        1.2940950E+09  1.2941780E+09      35974.69    
      42             41760.75        1.3020422E+09  1.3020840E+09      36084.40    
      45             19994.85        1.3084834E+09  1.3085034E+09      36173.24    
      48             11479.62        1.3123518E+09  1.3123633E+09      36226.56    
      51             3486.101        1.3225291E+09  1.3225326E+09      36366.64    
      54             418.5712        1.3336382E+09  1.3336386E+09      36519.02    
      57             47.55450        1.3503778E+09  1.3503779E+09      36747.49    
      60             22.08833        1.3536052E+09  1.3536053E+09      36791.38    
      63             4.430997        1.4293176E+09  1.4293176E+09      37806.32    
      66             4.429042        1.4370971E+09  1.4370971E+09      37909.06    
      69            1.2277258E-17    6.8436365E+12  6.8436365E+12      2616034.    
      72             0.000000        1.0000000E+35  1.0000000E+35     3.1622777E+17
      74             0.000000        1.0000000E+35  1.0000000E+35     3.1622777E+17
 
    Pre-calibration:- 
    Total error variance                 =  1.7861354E+11
    Total error standard deviation       =   422627.0    
 
    Post-calibration:-
    Total error variance                 =  3.5575183E+08
    Total error standard deviation       =   18861.38    
    Minimum error variance occurs at singular value number 23.
 
 
 PREDUNC1 analysis for prediction "q8052" ----->

    Pre-calibration:- 
    Total uncertainty variance           =  1.7861358E+11
    Total uncertainty standard deviation =   422627.0    
 
    Post-calibration:-
    Total uncertainty variance           =  3.4403238E+08
    Total uncertainty standard deviation =   18548.11    
 
 
 PREDUNC4 analysis for prediction "q8052" ----->

    Contributions to predictive uncertainty variance

    Parameter      Pre-cal             Post-cal
    group          contribution        contribution
    ---------      ------------        ------------
    ddsd            1.4899770E+11       1.6599300E+07
    ddsw             0.000000           1.1050570E+07
    ddgd             0.000000            820.0000    
    ddgw            4.8875000E+08        4690.000    
    rcsd             0.000000           3.0706750E+07
    rcsw            2.6828910E+10       2.9496680E+08
    rcrd             0.000000            2590600.    
    rcrw            1.1806600E+09       3.6223320E+07
    rcgd             0.000000            50.00000    
    rcgw            1.2219000E+08        310.0000    
    tl              5.7470000E+08        6648340.    
    xw               0.000000            0.000000    
    yw               0.000000            0.000000    
    x                450000.0            355480.0    
    y               7.5000000E+07        5919010.    
    tlr              0.000000            0.000000    
    tls              0.000000            0.000000    
    beta            3.4517000E+08        40830.00    
 
 
 PREDUNC5 observation subtraction analysis for prediction "q8052" ----->

    Increases in predictive uncertainty variance incurred through loss of observations

    Observation_group        Variance_increase
    -----------------        -----------------
    q                         3.4403238E+08
 
 
 PREDUNC5 observation addition analysis for prediction "q8052" ----->

    Decreases in pre-calibration predictive uncertainty variance incurred through addition of observations

    Observation_group        Variance_decrease
    -----------------        -----------------
    q                         3.4403238E+08
