 
 
                   ###################################################
                   #                                                 #
                   #      GENLINPRED UNCERTAINTY/ERROR ANALYSIS      #
                   #                                                 #
                   ###################################################
 
 
 
                   ANALYSIS DETAILS
                   ----------------
 
    Name of PEST control file                                   : master_lu.pst
    Factor by which to multiply observation weights             : 1.0000
    Source of parameter uncertainty data                        : uncertainty file
    Name of uncertainty file                                    : master_lu.unc
 
    Perform global parameter estimability analysis              : yes
         Parameter identifiability                              : yes
         Relative parameter error reduction                     : no
         Relative parameter uncertainty reduction               : yes
 
    Analyse error/uncertainty of an entity                      : yes
         Name of entity                                         : q8060
         Type of entity                                         : prediction
         File containing prediction sensitivities               : master_lu.jco
 
         Total error variance                                   : yes
         Total uncertainty                                      : yes
 
         Parameter contributions to error variance              : no
         Parameter contributions to uncertainty                 : yes
         Parameter contributions                                : by group
 
         Observation worth in reducing error variance           : no
         Observation worth in reducing uncertainty variance     : yes
         Observation worth                                      : by group


                   ANALYSIS OF PARAMETERS
                   ----------------------


 Outcomes of running program SUPCALC ----->
 
    Number of dimensions of calibration solution space = 23
    Number of dimensions of calibration null space     = 51

 Outcomes of parameter identifiability and error/uncertainty variance reduction analysis ----->
 
    Parameter              Identifiability        Rel_uncert_var_redn
    ---------              ---------------        -------------------
    ddsd                    0.9999995              0.9998210
    ddsw                    0.9999988              0.9998840
    ddgd                    0.7999326              0.7974648
    ddgw                    0.7997668              0.7867426
    rcs1d                   1.2681761E-09           0.000000
    rcs1w                   6.6282780E-12           0.000000
    rcs2d                   5.1593650E-05          2.3700000E-04
    rcs2w                   9.2143440E-06          4.1800000E-04
    rcs3d                   4.8333874E-03          1.0324100E-02
    rcs3w                   1.7627025E-04          7.0122000E-03
    rcs4d                   0.1537722              0.2121132
    rcs4w                   7.3165235E-04          1.7891000E-02
    rcs5d                   0.8457617              0.6397306
    rcs5w                   8.7554669E-04          1.6808100E-02
    rcs6d                   0.9982215              0.9038173
    rcs6w                   5.8974200E-04          1.4569900E-02
    rcs7d                   5.3487393E-04          6.2577000E-03
    rcs7w                   0.9969853              0.9830508
    rcs8d                   0.9996010              0.9735648
    rcs8w                   2.1438799E-03          1.1063300E-02
    rcs9d                   0.9997032              0.9446008
    rcs9w                   0.9998422              0.9932690
    rcs10d                  0.9990136              0.9158744
    rcs10w                  0.9999232              0.9929156
    rcs11d                  0.9127399              0.6967950
    rcs11w                  0.9342819              0.9236186
    rcs12d                  8.3361140E-02          8.3602200E-02
    rcs12w                  6.6201212E-02          0.1179356
    rcs13d                  1.3204067E-03          9.1719000E-03
    rcs13w                  4.9929803E-05          1.0466300E-02
    rcs14d                  7.0945767E-05          4.9090000E-04
    rcs14w                  1.7994403E-06          3.7780000E-04
    rcs15d                  2.0620253E-05          1.4210000E-04
    rcs15w                  4.9978021E-07          1.0670000E-04
    rcr1d                   1.2503610E-04          1.1200000E-04
    rcr1w                   6.0611308E-06          8.9600000E-05
    rcr2d                   6.9919708E-02          5.9752700E-02
    rcr2w                   3.6185474E-03          4.0180900E-02
    rcr3d                   0.9222710              0.6258057
    rcr3w                   2.8626263E-02          0.2313577
    rcr4d                   8.3653082E-03          2.5989200E-02
    rcr4w                   0.3108557              0.5212875
    rcr5d                   0.9917092              0.9432056
    rcr5w                   0.6746875              0.7988094
    rcr6d                   5.7269857E-03          2.0012100E-02
    rcr6w                   1.9119227E-03          1.1085200E-02
    rcr7d                   2.3974571E-03          1.0656000E-02
    rcr7w                   1.2208666E-03          1.4136100E-02
    rcr8d                   1.7280303E-03          5.2180000E-03
    rcr8w                   8.8711910E-04          1.1020900E-02
    rcr9d                   9.8914437E-03          1.9372700E-02
    rcr9w                   5.4697566E-04          1.0395500E-02
    rcr10d                  0.9749804              0.8030017
    rcr10w                  3.6329913E-04          8.2853000E-03
    rcr11d                  1.7018374E-03          4.3545000E-03
    rcr11w                  0.9814715              0.9583712
    rcr12d                  1.6255384E-03          4.4565000E-03
    rcr12w                  1.2520766E-02          6.0957300E-02
    rcr13d                  8.3415803E-03          6.9895600E-02
    rcr13w                  3.3705940E-03          4.3378000E-02
    rcr14d                  4.6359865E-04          4.1007000E-03
    rcr14w                  2.4386580E-04          3.1212000E-03
    rcr15d                  1.3925186E-04          1.2318000E-03
    rcr15w                  7.4286789E-05          9.5080000E-04
    rcgd                    0.1999831              0.1993662
    rcgw                    0.1999417              0.1966857
    tl                      0.9999997              0.9999444
    xw                       0.000000               0.000000
    yw                       0.000000               0.000000
    x                       0.9997234              0.9945357
    y                       0.9994559              0.9753138
    tlr                      0.000000               0.000000
    tls                      0.000000               0.000000
    beta                    0.9805885              0.6624608
 
    Note: run IDENTPAR yourself to see identiability contributions by different solution 
    space eigencomponents.


                   ANALYSIS OF PREDICTION
                   ----------------------

 PREDVAR1 analysis for prediction "q8060" ----->

    Sing_val       Null-space       Soln-space     Total             Total
    index          term             term           variance          std_dev
    --------       ----------       ----------     --------          -------
       0            1.2527544E+11     0.000000      1.2527544E+11      353942.7    
       3            2.7913861E+10     1733516.      2.7915594E+10      167079.6    
       6            2.0684565E+10     5669252.      2.0690234E+10      143841.0    
       9            1.4380278E+10    1.5306040E+07  1.4395584E+10      119981.6    
      12            7.3710217E+09    6.9684624E+07  7.4407063E+09      86259.53    
      15            1.5193663E+09    1.5896922E+08  1.6783356E+09      40967.49    
      18            6.1744847E+07    2.1305379E+08  2.7479863E+08      16577.05    
      19            4.6624616E+07    2.1576823E+08  2.6239284E+08      16198.54    
      20            4.5657457E+07    2.1615266E+08  2.6181012E+08      16180.55    
      21            4.4739702E+07    2.1658065E+08  2.6132036E+08      16165.41    
      22            4.4546916E+07    2.1669513E+08  2.6124204E+08      16162.98    
      23            4.4212994E+07    2.1692465E+08  2.6113765E+08      16159.75    
      24            4.3388599E+07    2.1792335E+08  2.6131195E+08      16165.15    
      25            4.2642608E+07    2.2122147E+08  2.6386408E+08      16243.89    
      26            4.2619292E+07    2.2137004E+08  2.6398934E+08      16247.75    
      27            4.2337096E+07    2.2515197E+08  2.6748906E+08      16355.09    
      28            1.5838422E+07    6.2295540E+08  6.3879382E+08      25274.37    
      29             4332255.        8.4159983E+08  8.4593208E+08      29084.91    
      30             2056111.        8.9487189E+08  8.9692800E+08      29948.76    
      33             1589511.        9.1305324E+08  9.1464275E+08      30243.06    
      36             176398.4        1.0172721E+09  1.0174485E+09      31897.47    
      39             51923.30        1.0321935E+09  1.0322455E+09      32128.58    
      42             12875.68        1.0396221E+09  1.0396349E+09      32243.37    
      45             8742.568        1.0408821E+09  1.0408908E+09      32262.84    
      48             6711.241        1.0419057E+09  1.0419124E+09      32278.67    
      51             3080.582        1.0468566E+09  1.0468597E+09      32355.21    
      54             258.1049        1.0568510E+09  1.0568513E+09      32509.25    
      57             41.59786        1.0646675E+09  1.0646676E+09      32629.24    
      60             19.44506        1.0676704E+09  1.0676704E+09      32675.23    
      63             6.094796        1.1147636E+09  1.1147636E+09      33388.08    
      66             6.092362        1.1229339E+09  1.1229339E+09      33510.21    
      69            2.5300847E-17    1.2076817E+13  1.2076817E+13      3475172.    
      72             0.000000        1.0000000E+35  1.0000000E+35     3.1622777E+17
      74             0.000000        1.0000000E+35  1.0000000E+35     3.1622777E+17
 
    Pre-calibration:- 
    Total error variance                 =  1.2527544E+11
    Total error standard deviation       =   353942.7    
 
    Post-calibration:-
    Total error variance                 =  2.6113765E+08
    Total error standard deviation       =   16159.75    
    Minimum error variance occurs at singular value number 23.
 
 
 PREDUNC1 analysis for prediction "q8060" ----->

    Pre-calibration:- 
    Total uncertainty variance           =  1.2527543E+11
    Total uncertainty standard deviation =   353942.7    
 
    Post-calibration:-
    Total uncertainty variance           =  2.5352346E+08
    Total uncertainty standard deviation =   15922.42    
 
 
 PREDUNC4 analysis for prediction "q8060" ----->

    Contributions to predictive uncertainty variance

    Parameter      Pre-cal             Post-cal
    group          contribution        contribution
    ---------      ------------        ------------
    ddsd            1.0378796E+11       1.2027270E+07
    ddsw             0.000000            7120170.    
    ddgd             0.000000            2920.000    
    ddgw            1.1957900E+09        301260.0    
    rcsd             0.000000           2.3438960E+07
    rcsw            1.8333890E+10       2.0766508E+08
    rcrd             0.000000            2426150.    
    rcrw            8.3290000E+08       3.3609520E+07
    rcgd             0.000000            190.0000    
    rcgw            2.9894000E+08        19990.00    
    tl              4.8668000E+08        4175520.    
    xw               0.000000            0.000000    
    yw               0.000000            0.000000    
    x                200000.0            451790.0    
    y               3.4840000E+07        4861620.    
    tlr              0.000000            0.000000    
    tls              0.000000            0.000000    
    beta            3.0420000E+08        137220.0    
 
 
 PREDUNC5 observation subtraction analysis for prediction "q8060" ----->

    Increases in predictive uncertainty variance incurred through loss of observations

    Observation_group        Variance_increase
    -----------------        -----------------
    q                         2.5352346E+08
 
 
 PREDUNC5 observation addition analysis for prediction "q8060" ----->

    Decreases in pre-calibration predictive uncertainty variance incurred through addition of observations

    Observation_group        Variance_decrease
    -----------------        -----------------
    q                         2.5352346E+08
