 
 
                   ###################################################
                   #                                                 #
                   #      GENLINPRED UNCERTAINTY/ERROR ANALYSIS      #
                   #                                                 #
                   ###################################################
 
 
 
                   ANALYSIS DETAILS
                   ----------------
 
    Name of PEST control file                                   : master.pst
    Factor by which to multiply observation weights             : 1.0000
    Source of parameter uncertainty data                        : uncertainty file
    Name of uncertainty file                                    : master_lu.unc
 
    Perform global parameter estimability analysis              : yes
         Parameter identifiability                              : yes
         Relative parameter error reduction                     : no
         Relative parameter uncertainty reduction               : yes
 
    Analyse error/uncertainty of an entity                      : yes
         Name of entity                                         : q7773
         Type of entity                                         : prediction
         File containing prediction sensitivities               : master.jco
 
         Total error variance                                   : yes
         Total uncertainty                                      : yes
 
         Parameter contributions to error variance              : no
         Parameter contributions to uncertainty                 : yes
         Parameter contributions                                : by group
 
         Observation worth in reducing error variance           : no
         Observation worth in reducing uncertainty variance     : yes
         Observation worth                                      : by group


                   ANALYSIS OF PARAMETERS
                   ----------------------


 Outcomes of running program SUPCALC ----->
 
    Number of dimensions of calibration solution space = 44
    Number of dimensions of calibration null space     = 46

 Outcomes of parameter identifiability and error/uncertainty variance reduction analysis ----->
 
    Parameter              Identifiability        Rel_uncert_var_redn
    ---------              ---------------        -------------------
    ddsd                    0.9999865              0.9993686
    ddsw                    0.9999872              0.9990009
    ddgd                    0.4999975              0.4998688
    ddgw                    0.4999990              0.4999364
    rcs1d                   3.3646794E-07          3.4000000E-06
    rcs1w                   4.7804444E-09          9.0000000E-07
    rcs2d                   1.0567063E-02          5.8976800E-02
    rcs2w                   1.5330346E-03          1.9145400E-02
    rcs3d                   0.2767159              0.3267723
    rcs3w                   9.2452859E-02          0.4230703
    rcs4d                   0.4675185              0.3931010
    rcs4w                   0.8432276              0.7304136
    rcs5d                   0.4328219              0.4900980
    rcs5w                   0.7142901              0.6555791
    rcs6d                   0.4606166              0.4579734
    rcs6w                   0.4796778              0.5488078
    rcs7d                   0.4282188              0.4965931
    rcs7w                   0.7118912              0.6565577
    rcs8d                   0.6358739              0.6385257
    rcs8w                   0.7789676              0.7749008
    rcs9d                   0.4906213              0.6075614
    rcs9w                   0.6324622              0.7297804
    rcs10d                  0.7989817              0.7473422
    rcs10w                  0.7085253              0.7357651
    rcs11d                  0.9627913              0.8723239
    rcs11w                  0.9450616              0.8982326
    rcs12d                  0.6065679              0.7268172
    rcs12w                  0.9976422              0.8288692
    rcs13d                  0.5106603              0.6857797
    rcs13w                  0.9772139              0.7961831
    rcs14d                  0.6811026              0.6783258
    rcs14w                  0.7193214              0.7487277
    rcs15d                  0.2035455              0.2954372
    rcs15w                  0.2472034              0.3475414
    rcs16d                  3.0014299E-02          6.3064000E-02
    rcs16w                  4.0883007E-02          8.9046700E-02
    rcs17d                  3.8119828E-03          1.2294800E-02
    rcs17w                  5.6763882E-03          1.8968200E-02
    rcs18d                  1.4811093E-03          5.8852000E-03
    rcs18w                  1.7640327E-03          8.6093000E-03
    rcs19d                  1.2696435E-04          5.5630000E-04
    rcs19w                  1.2945366E-04          8.0270000E-04
    rcr1d                   8.1883484E-05          1.1180000E-04
    rcr1w                   8.2912610E-06          2.7100000E-05
    rcr2d                   0.9993871              0.8962875
    rcr2w                   9.6404194E-02          0.2603739
    rcr3d                   0.9999391              0.9517146
    rcr3w                   0.4812028              0.5306037
    rcr4d                   0.9998431              0.9604405
    rcr4w                   0.4358615              0.5507798
    rcr5d                   0.9999702              0.9849553
    rcr5w                   0.9577217              0.7553286
    rcr6d                   0.9995333              0.9278086
    rcr6w                   0.3507725              0.5378235
    rcr7d                   0.9996973              0.9341543
    rcr7w                   0.4315746              0.5341373
    rcr8d                   0.9996727              0.9529339
    rcr8w                   0.4554903              0.6050487
    rcr9d                   0.9986348              0.8488179
    rcr9w                   0.8943607              0.6791349
    rcr10d                  0.9993124              0.8660348
    rcr10w                  0.4205539              0.4369021
    rcr11d                  0.9998228              0.9704216
    rcr11w                  0.5810444              0.5580012
    rcr12d                  0.9999641              0.9675431
    rcr12w                  0.9898012              0.7866913
    rcr13d                  0.9997806              0.9510115
    rcr13w                  0.7096526              0.6789422
    rcr14d                  0.7926112              0.8383854
    rcr14w                  0.2320788              0.3710163
    rcr15d                  0.1855037              0.4313919
    rcr15w                  5.3552729E-02          9.8802700E-02
    rcr16d                  1.9971708E-02          0.1644116
    rcr16w                  6.2513414E-03          1.3071600E-02
    rcr17d                  1.7668929E-03          3.1396500E-02
    rcr17w                  4.9728776E-04          1.9120000E-03
    rcr18d                  3.4839810E-04          1.0068100E-02
    rcr18w                  8.1038297E-05          6.2360000E-04
    rcr19d                  2.5242009E-05          9.2250000E-04
    rcr19w                  5.0459658E-06          6.0100000E-05
    rcgd                    0.4999975              0.4998688
    rcgw                    0.4999990              0.4999364
    tl                      2.9339077E-05          1.8110000E-04
    xw                      0.2370824              0.3690175
    yw                      0.7637259              0.7918230
    x                       0.2390920              0.5560686
    y                       0.7673778              0.8605382
    tlr                     0.9999906              0.9999741
    tls                      0.000000               0.000000
    beta                    0.9999929              0.9999087
 
    Note: run IDENTPAR yourself to see identiability contributions by different solution 
    space eigencomponents.


                   ANALYSIS OF PREDICTION
                   ----------------------

 PREDVAR1 analysis for prediction "q7773" ----->

    Sing_val       Null-space       Soln-space     Total             Total
    index          term             term           variance          std_dev
    --------       ----------       ----------     --------          -------
       0            2.4483757E+10     0.000000      2.4483757E+10      156472.9    
       4            2.6194698E+09     342440.1      2.6198122E+09      51184.10    
       8            1.5036137E+08     709392.2      1.5107076E+08      12291.08    
      12            2.0105099E+07     1100706.      2.1205805E+07      4604.976    
      16             5919234.         1186558.       7105793.          2665.669    
      20             3069012.         1232640.       4301652.          2074.042    
      24             1077457.         1299683.       2377141.          1541.798    
      28             910247.9         1310437.       2220685.          1490.196    
      32             742578.1         1330009.       2072587.          1439.648    
      36             394714.2         1408713.       1803427.          1342.917    
      37             251094.5         1456670.       1707765.          1306.815    
      38             236363.6         1462003.       1698367.          1303.214    
      39             234203.0         1462791.       1696994.          1302.687    
      40             234097.7         1462835.       1696933.          1302.664    
      41             233835.4         1462969.       1696805.          1302.615    
      42             212197.8         1477561.       1689759.          1299.907    
      43             209921.8         1479118.       1689040.          1299.631    
      44             209911.1         1479128.       1689039.          1299.630    
      45             208907.7         1480282.       1689190.          1299.688    
      46             14734.37         1738603.       1753337.          1324.136    
      47             14721.39         1738621.       1753342.          1324.138    
      48             14626.23         1738762.       1753388.          1324.156    
      49             14141.57         1739505.       1753646.          1324.253    
      50             13588.72         1740382.       1753971.          1324.376    
      51             13040.62         1741379.       1754420.          1324.545    
      52             12525.42         1742423.       1754948.          1324.745    
      56             8513.737         1754309.       1762823.          1327.713    
      60             1893.494         1780473.       1782366.          1335.053    
      64             634.9973         1788232.       1788867.          1337.485    
      68             140.3203         1810313.       1810454.          1345.531    
      72             9.392650         1833074.       1833083.          1353.914    
      76             1.157531         1846096.       1846097.          1358.712    
      80            0.8274600         1847447.       1847448.          1359.209    
      84            1.9027197E-03     1868894.       1868894.          1367.075    
      88            5.4613028E-15     1871910.       1871910.          1368.178    
      90             0.000000        1.0000000E+35  1.0000000E+35     3.1622777E+17
 
    Pre-calibration:- 
    Total error variance                 =  2.4483757E+10
    Total error standard deviation       =   156472.9    
 
    Post-calibration:-
    Total error variance                 =   1689039.    
    Total error standard deviation       =   1299.630    
    Minimum error variance occurs at singular value number 44.
 
 
 PREDUNC1 analysis for prediction "q7773" ----->

    Pre-calibration:- 
    Total uncertainty variance           =  2.4483768E+10
    Total uncertainty standard deviation =   156472.9    
 
    Post-calibration:-
    Total uncertainty variance           =   1558997.    
    Total uncertainty standard deviation =   1248.598    
 
 
 PREDUNC4 analysis for prediction "q7773" ----->

    Contributions to predictive uncertainty variance

    Parameter      Pre-cal             Post-cal
    group          contribution        contribution
    ---------      ------------        ------------
    ddsd            1.8904000E+07        6675.000    
    ddsw             6434000.            2173.000    
    ddgd            1.1479450E+09        0.000000    
    ddgw             0.000000            10.00000    
    rcsd            1.1287000E+07        269190.0    
    rcsw             0.000000            45534.00    
    rcrd             4307000.            167744.0    
    rcrw             0.000000            58950.00    
    rcgd            1.1479450E+09        0.000000    
    rcgw             0.000000            10.00000    
    tl               0.000000            1.000000    
    xw               0.000000            370.0000    
    yw               0.000000            6.000000    
    x               2.0652000E+07        72735.00    
    y               5.9989000E+07        26501.00    
    tlr              1028000.            84739.00    
    tls              0.000000            0.000000    
    beta            2.2065260E+10        920674.5    
 
 
 PREDUNC5 observation subtraction analysis for prediction "q7773" ----->

    Increases in predictive uncertainty variance incurred through loss of observations

    Observation_group        Variance_increase
    -----------------        -----------------
    q                          1558997.    
 
 
 PREDUNC5 observation addition analysis for prediction "q7773" ----->

    Decreases in pre-calibration predictive uncertainty variance incurred through addition of observations

    Observation_group        Variance_decrease
    -----------------        -----------------
    q                          1558997.    
