 
 
                   ###################################################
                   #                                                 #
                   #      GENLINPRED UNCERTAINTY/ERROR ANALYSIS      #
                   #                                                 #
                   ###################################################
 
 
 
                   ANALYSIS DETAILS
                   ----------------
 
    Name of PEST control file                                   : master.pst
    Factor by which to multiply observation weights             : 1.0000
    Source of parameter uncertainty data                        : uncertainty file
    Name of uncertainty file                                    : master_lu.unc
 
    Perform global parameter estimability analysis              : yes
         Parameter identifiability                              : yes
         Relative parameter error reduction                     : no
         Relative parameter uncertainty reduction               : yes
 
    Analyse error/uncertainty of an entity                      : yes
         Name of entity                                         : q7809
         Type of entity                                         : prediction
         File containing prediction sensitivities               : master.jco
 
         Total error variance                                   : yes
         Total uncertainty                                      : yes
 
         Parameter contributions to error variance              : no
         Parameter contributions to uncertainty                 : yes
         Parameter contributions                                : by group
 
         Observation worth in reducing error variance           : no
         Observation worth in reducing uncertainty variance     : yes
         Observation worth                                      : by group


                   ANALYSIS OF PARAMETERS
                   ----------------------


 Outcomes of running program SUPCALC ----->
 
    Number of dimensions of calibration solution space = 44
    Number of dimensions of calibration null space     = 46

 Outcomes of parameter identifiability and error/uncertainty variance reduction analysis ----->
 
    Parameter              Identifiability        Rel_uncert_var_redn
    ---------              ---------------        -------------------
    ddsd                    0.9999865              0.9993686
    ddsw                    0.9999872              0.9990009
    ddgd                    0.4999975              0.4998688
    ddgw                    0.4999990              0.4999364
    rcs1d                   3.3646794E-07          3.4000000E-06
    rcs1w                   4.7804444E-09          9.0000000E-07
    rcs2d                   1.0567063E-02          5.8976800E-02
    rcs2w                   1.5330346E-03          1.9145400E-02
    rcs3d                   0.2767159              0.3267723
    rcs3w                   9.2452859E-02          0.4230703
    rcs4d                   0.4675185              0.3931010
    rcs4w                   0.8432276              0.7304136
    rcs5d                   0.4328219              0.4900980
    rcs5w                   0.7142901              0.6555791
    rcs6d                   0.4606166              0.4579734
    rcs6w                   0.4796778              0.5488078
    rcs7d                   0.4282188              0.4965931
    rcs7w                   0.7118912              0.6565577
    rcs8d                   0.6358739              0.6385257
    rcs8w                   0.7789676              0.7749008
    rcs9d                   0.4906213              0.6075614
    rcs9w                   0.6324622              0.7297804
    rcs10d                  0.7989817              0.7473422
    rcs10w                  0.7085253              0.7357651
    rcs11d                  0.9627913              0.8723239
    rcs11w                  0.9450616              0.8982326
    rcs12d                  0.6065679              0.7268172
    rcs12w                  0.9976422              0.8288692
    rcs13d                  0.5106603              0.6857797
    rcs13w                  0.9772139              0.7961831
    rcs14d                  0.6811026              0.6783258
    rcs14w                  0.7193214              0.7487277
    rcs15d                  0.2035455              0.2954372
    rcs15w                  0.2472034              0.3475414
    rcs16d                  3.0014299E-02          6.3064000E-02
    rcs16w                  4.0883007E-02          8.9046700E-02
    rcs17d                  3.8119828E-03          1.2294800E-02
    rcs17w                  5.6763882E-03          1.8968200E-02
    rcs18d                  1.4811093E-03          5.8852000E-03
    rcs18w                  1.7640327E-03          8.6093000E-03
    rcs19d                  1.2696435E-04          5.5630000E-04
    rcs19w                  1.2945366E-04          8.0270000E-04
    rcr1d                   8.1883484E-05          1.1180000E-04
    rcr1w                   8.2912610E-06          2.7100000E-05
    rcr2d                   0.9993871              0.8962875
    rcr2w                   9.6404194E-02          0.2603739
    rcr3d                   0.9999391              0.9517146
    rcr3w                   0.4812028              0.5306037
    rcr4d                   0.9998431              0.9604405
    rcr4w                   0.4358615              0.5507798
    rcr5d                   0.9999702              0.9849553
    rcr5w                   0.9577217              0.7553286
    rcr6d                   0.9995333              0.9278086
    rcr6w                   0.3507725              0.5378235
    rcr7d                   0.9996973              0.9341543
    rcr7w                   0.4315746              0.5341373
    rcr8d                   0.9996727              0.9529339
    rcr8w                   0.4554903              0.6050487
    rcr9d                   0.9986348              0.8488179
    rcr9w                   0.8943607              0.6791349
    rcr10d                  0.9993124              0.8660348
    rcr10w                  0.4205539              0.4369021
    rcr11d                  0.9998228              0.9704216
    rcr11w                  0.5810444              0.5580012
    rcr12d                  0.9999641              0.9675431
    rcr12w                  0.9898012              0.7866913
    rcr13d                  0.9997806              0.9510115
    rcr13w                  0.7096526              0.6789422
    rcr14d                  0.7926112              0.8383854
    rcr14w                  0.2320788              0.3710163
    rcr15d                  0.1855037              0.4313919
    rcr15w                  5.3552729E-02          9.8802700E-02
    rcr16d                  1.9971708E-02          0.1644116
    rcr16w                  6.2513414E-03          1.3071600E-02
    rcr17d                  1.7668929E-03          3.1396500E-02
    rcr17w                  4.9728776E-04          1.9120000E-03
    rcr18d                  3.4839810E-04          1.0068100E-02
    rcr18w                  8.1038297E-05          6.2360000E-04
    rcr19d                  2.5242009E-05          9.2250000E-04
    rcr19w                  5.0459658E-06          6.0100000E-05
    rcgd                    0.4999975              0.4998688
    rcgw                    0.4999990              0.4999364
    tl                      2.9339077E-05          1.8110000E-04
    xw                      0.2370824              0.3690175
    yw                      0.7637259              0.7918230
    x                       0.2390920              0.5560686
    y                       0.7673778              0.8605382
    tlr                     0.9999906              0.9999741
    tls                      0.000000               0.000000
    beta                    0.9999929              0.9999087
 
    Note: run IDENTPAR yourself to see identiability contributions by different solution 
    space eigencomponents.


                   ANALYSIS OF PREDICTION
                   ----------------------

 PREDVAR1 analysis for prediction "q7809" ----->

    Sing_val       Null-space       Soln-space     Total             Total
    index          term             term           variance          std_dev
    --------       ----------       ----------     --------          -------
       0            6.9074631E+11     0.000000      6.9074631E+11      831111.5    
       4            9.9367493E+09     5772650.      9.9425219E+09      99712.20    
       8            4.4223451E+09     7954470.      4.4302996E+09      66560.50    
      12            1.1291676E+09    2.0557041E+07  1.1497246E+09      33907.59    
      16            4.2912673E+08    2.4283617E+07  4.5341035E+08      21293.43    
      20            3.5184754E+08    2.5836955E+07  3.7768449E+08      19434.11    
      24            5.8713626E+07    3.7019592E+07  9.5733218E+07      9784.335    
      28            1.9349865E+07    4.0350728E+07  5.9700593E+07      7726.616    
      32            1.6941632E+07    4.0685198E+07  5.7626830E+07      7591.234    
      36            1.5411547E+07    4.1038713E+07  5.6450260E+07      7513.339    
      37            1.5374666E+07    4.1051028E+07  5.6425694E+07      7511.704    
      38            1.3130556E+07    4.1863449E+07  5.4994006E+07      7415.794    
      39            1.3126183E+07    4.1865043E+07  5.4991226E+07      7415.607    
      40            1.3086717E+07    4.1881731E+07  5.4968448E+07      7414.071    
      41            1.2843429E+07    4.2006141E+07  5.4849570E+07      7406.050    
      42            1.2478737E+07    4.2252078E+07  5.4730815E+07      7398.028    
      43            1.2455061E+07    4.2268275E+07  5.4723336E+07      7397.522    
      44            1.2449159E+07    4.2273923E+07  5.4723083E+07      7397.505    
      45            1.2368855E+07    4.2366244E+07  5.4735099E+07      7398.317    
      46             6663434.        4.9956525E+07  5.6619959E+07      7524.624    
      47             3242085.        5.4742890E+07  5.7984976E+07      7614.787    
      48             3004066.        5.5094401E+07  5.8098467E+07      7622.235    
      49             2990810.        5.5114729E+07  5.8105539E+07      7622.699    
      50             1690387.        5.7179206E+07  5.8869593E+07      7672.652    
      51             1456912.        5.7603904E+07  5.9060815E+07      7685.103    
      52             1417575.        5.7683558E+07  5.9101132E+07      7687.726    
      56             233380.7        6.1383866E+07  6.1617247E+07      7849.665    
      60             114606.1        6.1972547E+07  6.2087153E+07      7879.540    
      64             1322.768        6.2666956E+07  6.2668279E+07      7916.330    
      68             660.0796        6.2693424E+07  6.2694084E+07      7917.960    
      72             319.3118        6.2754117E+07  6.2754436E+07      7921.770    
      76             20.86137        6.3067142E+07  6.3067163E+07      7941.484    
      80             12.34921        6.3139824E+07  6.3139836E+07      7946.058    
      84            5.0201504E-02    6.3463745E+07  6.3463745E+07      7966.414    
      88            4.7036122E-14    6.6726032E+07  6.6726032E+07      8168.600    
      90             0.000000        1.0000000E+35  1.0000000E+35     3.1622777E+17
 
    Pre-calibration:- 
    Total error variance                 =  6.9074631E+11
    Total error standard deviation       =   831111.5    
 
    Post-calibration:-
    Total error variance                 =  5.4723083E+07
    Total error standard deviation       =   7397.505    
    Minimum error variance occurs at singular value number 44.
 
 
 PREDUNC1 analysis for prediction "q7809" ----->

    Pre-calibration:- 
    Total uncertainty variance           =  6.9074633E+11
    Total uncertainty standard deviation =   831111.5    
 
    Post-calibration:-
    Total uncertainty variance           =  4.8528667E+07
    Total uncertainty standard deviation =   6966.252    
 
 
 PREDUNC4 analysis for prediction "q7809" ----->

    Contributions to predictive uncertainty variance

    Parameter      Pre-cal             Post-cal
    group          contribution        contribution
    ---------      ------------        ------------
    ddsd            9.5339000E+08        85968.00    
    ddsw             60000.00            29622.00    
    ddgd            1.7723800E+09        1.000000    
    ddgw             0.000000            8.000000    
    rcsd            1.7048000E+08        3305238.    
    rcsw             0.000000            803140.0    
    rcrd            1.7104120E+10       1.6472986E+07
    rcrw             0.000000            149713.0    
    rcgd            1.7723800E+09        1.000000    
    rcgw             0.000000            8.000000    
    tl               0.000000            3.000000    
    xw               0.000000            24.00000    
    yw               0.000000            913.0000    
    x               2.0270400E+09        6624084.    
    y               6.2770600E+09        2584303.    
    tlr             6.2003577E+11        13221.00    
    tls              0.000000            0.000000    
    beta            4.0633610E+10        527965.0    
 
 
 PREDUNC5 observation subtraction analysis for prediction "q7809" ----->

    Increases in predictive uncertainty variance incurred through loss of observations

    Observation_group        Variance_increase
    -----------------        -----------------
    q                         4.8528667E+07
 
 
 PREDUNC5 observation addition analysis for prediction "q7809" ----->

    Decreases in pre-calibration predictive uncertainty variance incurred through addition of observations

    Observation_group        Variance_decrease
    -----------------        -----------------
    q                         4.8528667E+07
