 
 
                   ###################################################
                   #                                                 #
                   #      GENLINPRED UNCERTAINTY/ERROR ANALYSIS      #
                   #                                                 #
                   ###################################################
 
 
 
                   ANALYSIS DETAILS
                   ----------------
 
    Name of PEST control file                                   : master.pst
    Factor by which to multiply observation weights             : 1.0000
    Source of parameter uncertainty data                        : uncertainty file
    Name of uncertainty file                                    : master_lu.unc
 
    Perform global parameter estimability analysis              : yes
         Parameter identifiability                              : yes
         Relative parameter error reduction                     : no
         Relative parameter uncertainty reduction               : yes
 
    Analyse error/uncertainty of an entity                      : yes
         Name of entity                                         : q7973
         Type of entity                                         : prediction
         File containing prediction sensitivities               : master.jco
 
         Total error variance                                   : yes
         Total uncertainty                                      : yes
 
         Parameter contributions to error variance              : no
         Parameter contributions to uncertainty                 : yes
         Parameter contributions                                : by group
 
         Observation worth in reducing error variance           : no
         Observation worth in reducing uncertainty variance     : yes
         Observation worth                                      : by group


                   ANALYSIS OF PARAMETERS
                   ----------------------


 Outcomes of running program SUPCALC ----->
 
    Number of dimensions of calibration solution space = 44
    Number of dimensions of calibration null space     = 46

 Outcomes of parameter identifiability and error/uncertainty variance reduction analysis ----->
 
    Parameter              Identifiability        Rel_uncert_var_redn
    ---------              ---------------        -------------------
    ddsd                    0.9999865              0.9993686
    ddsw                    0.9999872              0.9990009
    ddgd                    0.4999975              0.4998688
    ddgw                    0.4999990              0.4999364
    rcs1d                   3.3646794E-07          3.4000000E-06
    rcs1w                   4.7804444E-09          9.0000000E-07
    rcs2d                   1.0567063E-02          5.8976800E-02
    rcs2w                   1.5330346E-03          1.9145400E-02
    rcs3d                   0.2767159              0.3267723
    rcs3w                   9.2452859E-02          0.4230703
    rcs4d                   0.4675185              0.3931010
    rcs4w                   0.8432276              0.7304136
    rcs5d                   0.4328219              0.4900980
    rcs5w                   0.7142901              0.6555791
    rcs6d                   0.4606166              0.4579734
    rcs6w                   0.4796778              0.5488078
    rcs7d                   0.4282188              0.4965931
    rcs7w                   0.7118912              0.6565577
    rcs8d                   0.6358739              0.6385257
    rcs8w                   0.7789676              0.7749008
    rcs9d                   0.4906213              0.6075614
    rcs9w                   0.6324622              0.7297804
    rcs10d                  0.7989817              0.7473422
    rcs10w                  0.7085253              0.7357651
    rcs11d                  0.9627913              0.8723239
    rcs11w                  0.9450616              0.8982326
    rcs12d                  0.6065679              0.7268172
    rcs12w                  0.9976422              0.8288692
    rcs13d                  0.5106603              0.6857797
    rcs13w                  0.9772139              0.7961831
    rcs14d                  0.6811026              0.6783258
    rcs14w                  0.7193214              0.7487277
    rcs15d                  0.2035455              0.2954372
    rcs15w                  0.2472034              0.3475414
    rcs16d                  3.0014299E-02          6.3064000E-02
    rcs16w                  4.0883007E-02          8.9046700E-02
    rcs17d                  3.8119828E-03          1.2294800E-02
    rcs17w                  5.6763882E-03          1.8968200E-02
    rcs18d                  1.4811093E-03          5.8852000E-03
    rcs18w                  1.7640327E-03          8.6093000E-03
    rcs19d                  1.2696435E-04          5.5630000E-04
    rcs19w                  1.2945366E-04          8.0270000E-04
    rcr1d                   8.1883484E-05          1.1180000E-04
    rcr1w                   8.2912610E-06          2.7100000E-05
    rcr2d                   0.9993871              0.8962875
    rcr2w                   9.6404194E-02          0.2603739
    rcr3d                   0.9999391              0.9517146
    rcr3w                   0.4812028              0.5306037
    rcr4d                   0.9998431              0.9604405
    rcr4w                   0.4358615              0.5507798
    rcr5d                   0.9999702              0.9849553
    rcr5w                   0.9577217              0.7553286
    rcr6d                   0.9995333              0.9278086
    rcr6w                   0.3507725              0.5378235
    rcr7d                   0.9996973              0.9341543
    rcr7w                   0.4315746              0.5341373
    rcr8d                   0.9996727              0.9529339
    rcr8w                   0.4554903              0.6050487
    rcr9d                   0.9986348              0.8488179
    rcr9w                   0.8943607              0.6791349
    rcr10d                  0.9993124              0.8660348
    rcr10w                  0.4205539              0.4369021
    rcr11d                  0.9998228              0.9704216
    rcr11w                  0.5810444              0.5580012
    rcr12d                  0.9999641              0.9675431
    rcr12w                  0.9898012              0.7866913
    rcr13d                  0.9997806              0.9510115
    rcr13w                  0.7096526              0.6789422
    rcr14d                  0.7926112              0.8383854
    rcr14w                  0.2320788              0.3710163
    rcr15d                  0.1855037              0.4313919
    rcr15w                  5.3552729E-02          9.8802700E-02
    rcr16d                  1.9971708E-02          0.1644116
    rcr16w                  6.2513414E-03          1.3071600E-02
    rcr17d                  1.7668929E-03          3.1396500E-02
    rcr17w                  4.9728776E-04          1.9120000E-03
    rcr18d                  3.4839810E-04          1.0068100E-02
    rcr18w                  8.1038297E-05          6.2360000E-04
    rcr19d                  2.5242009E-05          9.2250000E-04
    rcr19w                  5.0459658E-06          6.0100000E-05
    rcgd                    0.4999975              0.4998688
    rcgw                    0.4999990              0.4999364
    tl                      2.9339077E-05          1.8110000E-04
    xw                      0.2370824              0.3690175
    yw                      0.7637259              0.7918230
    x                       0.2390920              0.5560686
    y                       0.7673778              0.8605382
    tlr                     0.9999906              0.9999741
    tls                      0.000000               0.000000
    beta                    0.9999929              0.9999087
 
    Note: run IDENTPAR yourself to see identiability contributions by different solution 
    space eigencomponents.


                   ANALYSIS OF PREDICTION
                   ----------------------

 PREDVAR1 analysis for prediction "q7973" ----->

    Sing_val       Null-space       Soln-space     Total             Total
    index          term             term           variance          std_dev
    --------       ----------       ----------     --------          -------
       0            6.0800171E+10     0.000000      6.0800171E+10      246576.9    
       4            1.8121941E+10     621390.3      1.8122562E+10      134620.1    
       8            5.9428643E+09     2479716.      5.9453440E+09      77106.06    
      12            3.8618535E+09     8168451.      3.8700219E+09      62209.50    
      16            6.7315022E+08    2.6107533E+07  6.9925776E+08      26443.48    
      20            2.3611935E+08    3.2949395E+07  2.6906875E+08      16403.32    
      24            2.2210190E+08    3.3475657E+07  2.5557756E+08      15986.79    
      28            2.2111377E+08    3.3549849E+07  2.5466361E+08      15958.18    
      32            1.5364578E+08    3.9836828E+07  1.9348260E+08      13909.80    
      36            8.2497609E+07    5.7235683E+07  1.3973329E+08      11820.88    
      37            3.7316719E+07    7.2322437E+07  1.0963916E+08      10470.87    
      38            2.4955008E+07    7.6797671E+07  1.0175268E+08      10087.25    
      39            2.4847941E+07    7.6836688E+07  1.0168463E+08      10083.88    
      40            2.4847686E+07    7.6836796E+07  1.0168448E+08      10083.87    
      41            2.4824505E+07    7.6848649E+07  1.0167315E+08      10083.31    
      42            2.3748225E+07    7.7574460E+07  1.0132268E+08      10065.92    
      43            2.3743815E+07    7.7577476E+07  1.0132129E+08      10065.85    
      44            2.3732232E+07    7.7588562E+07  1.0132079E+08      10065.82    
      45            2.3730785E+07    7.7590226E+07  1.0132101E+08      10065.83    
      46            2.0378501E+07    8.2049981E+07  1.0242848E+08      10120.70    
      47             6854402.        1.0096979E+08  1.0782419E+08      10383.84    
      48             6492961.        1.0150357E+08  1.0799654E+08      10392.14    
      49             6420417.        1.0161482E+08  1.0803524E+08      10394.00    
      50             6091466.        1.0213704E+08  1.0822851E+08      10403.29    
      51             5897185.        1.0249044E+08  1.0838763E+08      10410.94    
      52             5890837.        1.0250330E+08  1.0839414E+08      10411.25    
      56             4612713.        1.0649337E+08  1.1110608E+08      10540.69    
      60             4420281.        1.0733731E+08  1.1175760E+08      10571.55    
      64             21222.63        1.3492917E+08  1.3495039E+08      11616.81    
      68             9139.983        1.3539182E+08  1.3540096E+08      11636.19    
      72             439.3960        1.3727156E+08  1.3727200E+08      11716.31    
      76             196.5848        1.3770896E+08  1.3770916E+08      11734.95    
      80             2.613970        1.3906315E+08  1.3906315E+08      11792.50    
      84            0.1098021        1.3920033E+08  1.3920033E+08      11798.32    
      88            2.2018270E-14    1.3936176E+08  1.3936176E+08      11805.16    
      90             0.000000        1.0000000E+35  1.0000000E+35     3.1622777E+17
 
    Pre-calibration:- 
    Total error variance                 =  6.0800171E+10
    Total error standard deviation       =   246576.9    
 
    Post-calibration:-
    Total error variance                 =  1.0132079E+08
    Total error standard deviation       =   10065.82    
    Minimum error variance occurs at singular value number 44.
 
 
 PREDUNC1 analysis for prediction "q7973" ----->

    Pre-calibration:- 
    Total uncertainty variance           =  6.0800168E+10
    Total uncertainty standard deviation =   246576.9    
 
    Post-calibration:-
    Total uncertainty variance           =  8.3418740E+07
    Total uncertainty standard deviation =   9133.386    
 
 
 PREDUNC4 analysis for prediction "q7973" ----->

    Contributions to predictive uncertainty variance

    Parameter      Pre-cal             Post-cal
    group          contribution        contribution
    ---------      ------------        ------------
    ddsd             0.000000           1.7158482E+07
    ddsw             0.000000            6057339.    
    ddgd             3220000.            1424.000    
    ddgw             0.000000            1.000000    
    rcsd            7.4525140E+09       7.8649135E+07
    rcsw             0.000000            5785846.    
    rcrd             40000.00            948465.0    
    rcrw             0.000000            2892.000    
    rcgd             3220000.            1424.000    
    rcgw             0.000000            1.000000    
    tl               11000.00            689.0000    
    xw               0.000000            1702.000    
    yw               0.000000            2751.000    
    x                2179000.            689979.0    
    y               2.0067000E+07        673802.0    
    tlr              3000.000            66130.00    
    tls              0.000000            0.000000    
    beta            5.3318920E+10        64144.00    
 
 
 PREDUNC5 observation subtraction analysis for prediction "q7973" ----->

    Increases in predictive uncertainty variance incurred through loss of observations

    Observation_group        Variance_increase
    -----------------        -----------------
    q                         8.3418740E+07
 
 
 PREDUNC5 observation addition analysis for prediction "q7973" ----->

    Decreases in pre-calibration predictive uncertainty variance incurred through addition of observations

    Observation_group        Variance_decrease
    -----------------        -----------------
    q                         8.3418740E+07
