 
 
                   ###################################################
                   #                                                 #
                   #      GENLINPRED UNCERTAINTY/ERROR ANALYSIS      #
                   #                                                 #
                   ###################################################
 
 
 
                   ANALYSIS DETAILS
                   ----------------
 
    Name of PEST control file                                   : master.pst
    Factor by which to multiply observation weights             : 1.0000
    Source of parameter uncertainty data                        : uncertainty file
    Name of uncertainty file                                    : master_lu.unc
 
    Perform global parameter estimability analysis              : yes
         Parameter identifiability                              : yes
         Relative parameter error reduction                     : no
         Relative parameter uncertainty reduction               : yes
 
    Analyse error/uncertainty of an entity                      : yes
         Name of entity                                         : q7925
         Type of entity                                         : prediction
         File containing prediction sensitivities               : master.jco
 
         Total error variance                                   : yes
         Total uncertainty                                      : yes
 
         Parameter contributions to error variance              : no
         Parameter contributions to uncertainty                 : yes
         Parameter contributions                                : by group
 
         Observation worth in reducing error variance           : no
         Observation worth in reducing uncertainty variance     : yes
         Observation worth                                      : by group


                   ANALYSIS OF PARAMETERS
                   ----------------------


 Outcomes of running program SUPCALC ----->
 
    Number of dimensions of calibration solution space = 44
    Number of dimensions of calibration null space     = 46

 Outcomes of parameter identifiability and error/uncertainty variance reduction analysis ----->
 
    Parameter              Identifiability        Rel_uncert_var_redn
    ---------              ---------------        -------------------
    ddsd                    0.9999865              0.9993686
    ddsw                    0.9999872              0.9990009
    ddgd                    0.4999975              0.4998688
    ddgw                    0.4999990              0.4999364
    rcs1d                   3.3646794E-07          3.4000000E-06
    rcs1w                   4.7804444E-09          9.0000000E-07
    rcs2d                   1.0567063E-02          5.8976800E-02
    rcs2w                   1.5330346E-03          1.9145400E-02
    rcs3d                   0.2767159              0.3267723
    rcs3w                   9.2452859E-02          0.4230703
    rcs4d                   0.4675185              0.3931010
    rcs4w                   0.8432276              0.7304136
    rcs5d                   0.4328219              0.4900980
    rcs5w                   0.7142901              0.6555791
    rcs6d                   0.4606166              0.4579734
    rcs6w                   0.4796778              0.5488078
    rcs7d                   0.4282188              0.4965931
    rcs7w                   0.7118912              0.6565577
    rcs8d                   0.6358739              0.6385257
    rcs8w                   0.7789676              0.7749008
    rcs9d                   0.4906213              0.6075614
    rcs9w                   0.6324622              0.7297804
    rcs10d                  0.7989817              0.7473422
    rcs10w                  0.7085253              0.7357651
    rcs11d                  0.9627913              0.8723239
    rcs11w                  0.9450616              0.8982326
    rcs12d                  0.6065679              0.7268172
    rcs12w                  0.9976422              0.8288692
    rcs13d                  0.5106603              0.6857797
    rcs13w                  0.9772139              0.7961831
    rcs14d                  0.6811026              0.6783258
    rcs14w                  0.7193214              0.7487277
    rcs15d                  0.2035455              0.2954372
    rcs15w                  0.2472034              0.3475414
    rcs16d                  3.0014299E-02          6.3064000E-02
    rcs16w                  4.0883007E-02          8.9046700E-02
    rcs17d                  3.8119828E-03          1.2294800E-02
    rcs17w                  5.6763882E-03          1.8968200E-02
    rcs18d                  1.4811093E-03          5.8852000E-03
    rcs18w                  1.7640327E-03          8.6093000E-03
    rcs19d                  1.2696435E-04          5.5630000E-04
    rcs19w                  1.2945366E-04          8.0270000E-04
    rcr1d                   8.1883484E-05          1.1180000E-04
    rcr1w                   8.2912610E-06          2.7100000E-05
    rcr2d                   0.9993871              0.8962875
    rcr2w                   9.6404194E-02          0.2603739
    rcr3d                   0.9999391              0.9517146
    rcr3w                   0.4812028              0.5306037
    rcr4d                   0.9998431              0.9604405
    rcr4w                   0.4358615              0.5507798
    rcr5d                   0.9999702              0.9849553
    rcr5w                   0.9577217              0.7553286
    rcr6d                   0.9995333              0.9278086
    rcr6w                   0.3507725              0.5378235
    rcr7d                   0.9996973              0.9341543
    rcr7w                   0.4315746              0.5341373
    rcr8d                   0.9996727              0.9529339
    rcr8w                   0.4554903              0.6050487
    rcr9d                   0.9986348              0.8488179
    rcr9w                   0.8943607              0.6791349
    rcr10d                  0.9993124              0.8660348
    rcr10w                  0.4205539              0.4369021
    rcr11d                  0.9998228              0.9704216
    rcr11w                  0.5810444              0.5580012
    rcr12d                  0.9999641              0.9675431
    rcr12w                  0.9898012              0.7866913
    rcr13d                  0.9997806              0.9510115
    rcr13w                  0.7096526              0.6789422
    rcr14d                  0.7926112              0.8383854
    rcr14w                  0.2320788              0.3710163
    rcr15d                  0.1855037              0.4313919
    rcr15w                  5.3552729E-02          9.8802700E-02
    rcr16d                  1.9971708E-02          0.1644116
    rcr16w                  6.2513414E-03          1.3071600E-02
    rcr17d                  1.7668929E-03          3.1396500E-02
    rcr17w                  4.9728776E-04          1.9120000E-03
    rcr18d                  3.4839810E-04          1.0068100E-02
    rcr18w                  8.1038297E-05          6.2360000E-04
    rcr19d                  2.5242009E-05          9.2250000E-04
    rcr19w                  5.0459658E-06          6.0100000E-05
    rcgd                    0.4999975              0.4998688
    rcgw                    0.4999990              0.4999364
    tl                      2.9339077E-05          1.8110000E-04
    xw                      0.2370824              0.3690175
    yw                      0.7637259              0.7918230
    x                       0.2390920              0.5560686
    y                       0.7673778              0.8605382
    tlr                     0.9999906              0.9999741
    tls                      0.000000               0.000000
    beta                    0.9999929              0.9999087
 
    Note: run IDENTPAR yourself to see identiability contributions by different solution 
    space eigencomponents.


                   ANALYSIS OF PREDICTION
                   ----------------------

 PREDVAR1 analysis for prediction "q7925" ----->

    Sing_val       Null-space       Soln-space     Total             Total
    index          term             term           variance          std_dev
    --------       ----------       ----------     --------          -------
       0            1.4010573E+10     0.000000      1.4010573E+10      118366.3    
       4            3.6235092E+09     147774.5      3.6236569E+09      60196.82    
       8            7.2913017E+07     667546.9      7.3580564E+07      8577.911    
      12            1.4892598E+07     810768.0      1.5703366E+07      3962.747    
      16             6518981.         877125.0       7396106.          2719.578    
      20             4009173.         922191.9       4931365.          2220.668    
      24             986075.0         1022426.       2008501.          1417.216    
      28             945761.9         1025454.       1971216.          1404.000    
      32             742336.5         1044847.       1787184.          1336.856    
      36             278247.1         1123374.       1401621.          1183.901    
      37             217973.3         1143501.       1361474.          1166.822    
      38             148608.4         1168612.       1317221.          1147.702    
      39             145753.7         1169653.       1315406.          1146.912    
      40             145482.0         1169768.       1315250.          1146.843    
      41             132249.4         1176534.       1308784.          1144.021    
      42             125944.9         1180786.       1306731.          1143.123    
      43             125772.2         1180904.       1306676.          1143.099    
      44             125763.7         1180912.       1306676.          1143.099    
      45             125741.2         1180938.       1306679.          1143.101    
      46             73229.75         1250797.       1324027.          1150.664    
      47             55523.77         1275568.       1331091.          1153.729    
      48             53874.31         1278003.       1331878.          1154.070    
      49             53057.94         1279255.       1332313.          1154.259    
      50             49519.44         1284873.       1334392.          1155.159    
      51             49471.19         1284961.       1334432.          1155.176    
      52             49458.30         1284987.       1334445.          1155.182    
      56             40624.23         1311550.       1352174.          1162.830    
      60             39221.27         1317641.       1356862.          1164.844    
      64             2701.103         1582175.       1584876.          1258.919    
      68             92.80501         1654216.       1654308.          1286.199    
      72             17.24470         1665977.       1665994.          1290.734    
      76             14.38174         1670066.       1670081.          1292.316    
      80            5.3201312E-02     1767768.       1767768.          1329.574    
      84            3.2690262E-03     1769442.       1769442.          1330.204    
      88            5.1636750E-16     1782857.       1782857.          1335.237    
      90             0.000000        1.0000000E+35  1.0000000E+35     3.1622777E+17
 
    Pre-calibration:- 
    Total error variance                 =  1.4010573E+10
    Total error standard deviation       =   118366.3    
 
    Post-calibration:-
    Total error variance                 =   1306676.    
    Total error standard deviation       =   1143.099    
    Minimum error variance occurs at singular value number 43.
 
 
 PREDUNC1 analysis for prediction "q7925" ----->

    Pre-calibration:- 
    Total uncertainty variance           =  1.4010581E+10
    Total uncertainty standard deviation =   118366.3    
 
    Post-calibration:-
    Total uncertainty variance           =   1232195.    
    Total uncertainty standard deviation =   1110.043    
 
 
 PREDUNC4 analysis for prediction "q7925" ----->

    Contributions to predictive uncertainty variance

    Parameter      Pre-cal             Post-cal
    group          contribution        contribution
    ---------      ------------        ------------
    ddsd             0.000000            9.000000    
    ddsw             0.000000            560.0000    
    ddgd             0.000000            36.00000    
    ddgw             0.000000            13.00000    
    rcsd             518000.0            217644.0    
    rcsw             0.000000            85013.00    
    rcrd             1639000.            322121.5    
    rcrw             0.000000            61114.00    
    rcgd             0.000000            36.00000    
    rcgw             0.000000            13.00000    
    tl               0.000000            27.00000    
    xw               0.000000            302.0000    
    yw               0.000000            1907.000    
    x                6000.000            2763.000    
    y                23000.00            9028.000    
    tlr              1001000.            1434.000    
    tls              0.000000            0.000000    
    beta            1.4007385E+10        1095273.    
 
 
 PREDUNC5 observation subtraction analysis for prediction "q7925" ----->

    Increases in predictive uncertainty variance incurred through loss of observations

    Observation_group        Variance_increase
    -----------------        -----------------
    q                          1232195.    
 
 
 PREDUNC5 observation addition analysis for prediction "q7925" ----->

    Decreases in pre-calibration predictive uncertainty variance incurred through addition of observations

    Observation_group        Variance_decrease
    -----------------        -----------------
    q                          1232195.    
