 
 
                   ###################################################
                   #                                                 #
                   #      GENLINPRED UNCERTAINTY/ERROR ANALYSIS      #
                   #                                                 #
                   ###################################################
 
 
 
                   ANALYSIS DETAILS
                   ----------------
 
    Name of PEST control file                                   : master.pst
    Factor by which to multiply observation weights             : 1.0000
    Source of parameter uncertainty data                        : uncertainty file
    Name of uncertainty file                                    : master_lu.unc
 
    Perform global parameter estimability analysis              : yes
         Parameter identifiability                              : yes
         Relative parameter error reduction                     : no
         Relative parameter uncertainty reduction               : yes
 
    Analyse error/uncertainty of an entity                      : yes
         Name of entity                                         : q7803
         Type of entity                                         : prediction
         File containing prediction sensitivities               : master.jco
 
         Total error variance                                   : yes
         Total uncertainty                                      : yes
 
         Parameter contributions to error variance              : no
         Parameter contributions to uncertainty                 : yes
         Parameter contributions                                : by group
 
         Observation worth in reducing error variance           : no
         Observation worth in reducing uncertainty variance     : yes
         Observation worth                                      : by group


                   ANALYSIS OF PARAMETERS
                   ----------------------


 Outcomes of running program SUPCALC ----->
 
    Number of dimensions of calibration solution space = 44
    Number of dimensions of calibration null space     = 46

 Outcomes of parameter identifiability and error/uncertainty variance reduction analysis ----->
 
    Parameter              Identifiability        Rel_uncert_var_redn
    ---------              ---------------        -------------------
    ddsd                    0.9999865              0.9993686
    ddsw                    0.9999872              0.9990009
    ddgd                    0.4999975              0.4998688
    ddgw                    0.4999990              0.4999364
    rcs1d                   3.3646794E-07          3.4000000E-06
    rcs1w                   4.7804444E-09          9.0000000E-07
    rcs2d                   1.0567063E-02          5.8976800E-02
    rcs2w                   1.5330346E-03          1.9145400E-02
    rcs3d                   0.2767159              0.3267723
    rcs3w                   9.2452859E-02          0.4230703
    rcs4d                   0.4675185              0.3931010
    rcs4w                   0.8432276              0.7304136
    rcs5d                   0.4328219              0.4900980
    rcs5w                   0.7142901              0.6555791
    rcs6d                   0.4606166              0.4579734
    rcs6w                   0.4796778              0.5488078
    rcs7d                   0.4282188              0.4965931
    rcs7w                   0.7118912              0.6565577
    rcs8d                   0.6358739              0.6385257
    rcs8w                   0.7789676              0.7749008
    rcs9d                   0.4906213              0.6075614
    rcs9w                   0.6324622              0.7297804
    rcs10d                  0.7989817              0.7473422
    rcs10w                  0.7085253              0.7357651
    rcs11d                  0.9627913              0.8723239
    rcs11w                  0.9450616              0.8982326
    rcs12d                  0.6065679              0.7268172
    rcs12w                  0.9976422              0.8288692
    rcs13d                  0.5106603              0.6857797
    rcs13w                  0.9772139              0.7961831
    rcs14d                  0.6811026              0.6783258
    rcs14w                  0.7193214              0.7487277
    rcs15d                  0.2035455              0.2954372
    rcs15w                  0.2472034              0.3475414
    rcs16d                  3.0014299E-02          6.3064000E-02
    rcs16w                  4.0883007E-02          8.9046700E-02
    rcs17d                  3.8119828E-03          1.2294800E-02
    rcs17w                  5.6763882E-03          1.8968200E-02
    rcs18d                  1.4811093E-03          5.8852000E-03
    rcs18w                  1.7640327E-03          8.6093000E-03
    rcs19d                  1.2696435E-04          5.5630000E-04
    rcs19w                  1.2945366E-04          8.0270000E-04
    rcr1d                   8.1883484E-05          1.1180000E-04
    rcr1w                   8.2912610E-06          2.7100000E-05
    rcr2d                   0.9993871              0.8962875
    rcr2w                   9.6404194E-02          0.2603739
    rcr3d                   0.9999391              0.9517146
    rcr3w                   0.4812028              0.5306037
    rcr4d                   0.9998431              0.9604405
    rcr4w                   0.4358615              0.5507798
    rcr5d                   0.9999702              0.9849553
    rcr5w                   0.9577217              0.7553286
    rcr6d                   0.9995333              0.9278086
    rcr6w                   0.3507725              0.5378235
    rcr7d                   0.9996973              0.9341543
    rcr7w                   0.4315746              0.5341373
    rcr8d                   0.9996727              0.9529339
    rcr8w                   0.4554903              0.6050487
    rcr9d                   0.9986348              0.8488179
    rcr9w                   0.8943607              0.6791349
    rcr10d                  0.9993124              0.8660348
    rcr10w                  0.4205539              0.4369021
    rcr11d                  0.9998228              0.9704216
    rcr11w                  0.5810444              0.5580012
    rcr12d                  0.9999641              0.9675431
    rcr12w                  0.9898012              0.7866913
    rcr13d                  0.9997806              0.9510115
    rcr13w                  0.7096526              0.6789422
    rcr14d                  0.7926112              0.8383854
    rcr14w                  0.2320788              0.3710163
    rcr15d                  0.1855037              0.4313919
    rcr15w                  5.3552729E-02          9.8802700E-02
    rcr16d                  1.9971708E-02          0.1644116
    rcr16w                  6.2513414E-03          1.3071600E-02
    rcr17d                  1.7668929E-03          3.1396500E-02
    rcr17w                  4.9728776E-04          1.9120000E-03
    rcr18d                  3.4839810E-04          1.0068100E-02
    rcr18w                  8.1038297E-05          6.2360000E-04
    rcr19d                  2.5242009E-05          9.2250000E-04
    rcr19w                  5.0459658E-06          6.0100000E-05
    rcgd                    0.4999975              0.4998688
    rcgw                    0.4999990              0.4999364
    tl                      2.9339077E-05          1.8110000E-04
    xw                      0.2370824              0.3690175
    yw                      0.7637259              0.7918230
    x                       0.2390920              0.5560686
    y                       0.7673778              0.8605382
    tlr                     0.9999906              0.9999741
    tls                      0.000000               0.000000
    beta                    0.9999929              0.9999087
 
    Note: run IDENTPAR yourself to see identiability contributions by different solution 
    space eigencomponents.


                   ANALYSIS OF PREDICTION
                   ----------------------

 PREDVAR1 analysis for prediction "q7803" ----->

    Sing_val       Null-space       Soln-space     Total             Total
    index          term             term           variance          std_dev
    --------       ----------       ----------     --------          -------
       0            3.5164653E+10     0.000000      3.5164653E+10      187522.4    
       4            6.7391026E+09     408334.2      6.7395110E+09      82094.52    
       8            1.5192629E+08     1265116.      1.5319141E+08      12377.05    
      12            4.6474666E+07     1556913.      4.8031579E+07      6930.482    
      16            1.8678631E+07     1818554.      2.0497186E+07      4527.382    
      20            1.3689680E+07     1904078.      1.5593758E+07      3948.893    
      24             5966956.         2190682.       8157637.          2856.158    
      28             4846364.         2268930.       7115293.          2667.451    
      32             4294729.         2322193.       6616922.          2572.338    
      36             3203043.         2574697.       5777741.          2403.693    
      37             2694324.         2744568.       5438892.          2332.143    
      38             1301971.         3248633.       4550604.          2133.214    
      39             1282302.         3255801.       4538103.          2130.282    
      40             1282223.         3255834.       4538057.          2130.272    
      41             1272653.         3260728.       4533381.          2129.174    
      42             1179134.         3323795.       4502928.          2122.010    
      43             1178330.         3324344.       4502674.          2121.951    
      44             1177997.         3324663.       4502660.          2121.947    
      45             1170933.         3332784.       4503717.          2122.196    
      46             178197.7         4653483.       4831680.          2198.108    
      47             67412.81         4808467.       4875880.          2208.139    
      48             65601.38         4811142.       4876744.          2208.335    
      49             65577.84         4811178.       4876756.          2208.338    
      50             48444.56         4838378.       4886823.          2210.616    
      51             47991.01         4839203.       4887194.          2210.700    
      52             46646.13         4841927.       4888573.          2211.012    
      56             26340.58         4902481.       4928821.          2220.095    
      60             6219.836         4990130.       4996350.          2235.252    
      64             456.2566         5025654.       5026111.          2241.899    
      68             177.4480         5037991.       5038169.          2244.587    
      72             34.34907         5057207.       5057241.          2248.831    
      76             25.39623         5068457.       5068482.          2251.329    
      80            7.9627302E-02     5239480.       5239480.          2288.991    
      84            1.3064406E-02     5242004.       5242004.          2289.542    
      88            7.7932605E-15     5260246.       5260246.          2293.523    
      90             0.000000        1.0000000E+35  1.0000000E+35     3.1622777E+17
 
    Pre-calibration:- 
    Total error variance                 =  3.5164653E+10
    Total error standard deviation       =   187522.4    
 
    Post-calibration:-
    Total error variance                 =   4502660.    
    Total error standard deviation       =   2121.947    
    Minimum error variance occurs at singular value number 44.
 
 
 PREDUNC1 analysis for prediction "q7803" ----->

    Pre-calibration:- 
    Total uncertainty variance           =  3.5164651E+10
    Total uncertainty standard deviation =   187522.4    
 
    Post-calibration:-
    Total uncertainty variance           =   3729418.    
    Total uncertainty standard deviation =   1931.170    
 
 
 PREDUNC4 analysis for prediction "q7803" ----->

    Contributions to predictive uncertainty variance

    Parameter      Pre-cal             Post-cal
    group          contribution        contribution
    ---------      ------------        ------------
    ddsd            1.2529000E+07        5545.000    
    ddsw             98000.00            67.00000    
    ddgd            1.0227800E+08        38.00000    
    ddgw             0.000000            22.00000    
    rcsd             2441000.            541178.0    
    rcsw             0.000000            92222.00    
    rcrd            2.2624400E+08        1168618.    
    rcrw             0.000000            80635.00    
    rcgd            1.0227800E+08        38.00000    
    rcgw             0.000000            22.00000    
    tl               0.000000            54.00000    
    xw               0.000000            4.000000    
    yw               0.000000            5056.000    
    x               1.4764000E+07        562679.0    
    y               3.1136000E+07        485640.0    
    tlr             1.4581830E+09        70074.00    
    tls              0.000000            0.000000    
    beta            3.3214698E+10        1722970.    
 
 
 PREDUNC5 observation subtraction analysis for prediction "q7803" ----->

    Increases in predictive uncertainty variance incurred through loss of observations

    Observation_group        Variance_increase
    -----------------        -----------------
    q                          3729418.    
 
 
 PREDUNC5 observation addition analysis for prediction "q7803" ----->

    Decreases in pre-calibration predictive uncertainty variance incurred through addition of observations

    Observation_group        Variance_decrease
    -----------------        -----------------
    q                          3729418.    
