 
 
                   ###################################################
                   #                                                 #
                   #      GENLINPRED UNCERTAINTY/ERROR ANALYSIS      #
                   #                                                 #
                   ###################################################
 
 
 
                   ANALYSIS DETAILS
                   ----------------
 
    Name of PEST control file                                   : master_lu.pst
    Factor by which to multiply observation weights             : 1.0000
    Source of parameter uncertainty data                        : uncertainty file
    Name of uncertainty file                                    : master_lu.unc
 
    Perform global parameter estimability analysis              : yes
         Parameter identifiability                              : yes
         Relative parameter error reduction                     : no
         Relative parameter uncertainty reduction               : yes
 
    Analyse error/uncertainty of an entity                      : yes
         Name of entity                                         : q8035
         Type of entity                                         : prediction
         File containing prediction sensitivities               : master_lu.jco
 
         Total error variance                                   : yes
         Total uncertainty                                      : yes
 
         Parameter contributions to error variance              : no
         Parameter contributions to uncertainty                 : yes
         Parameter contributions                                : by group
 
         Observation worth in reducing error variance           : no
         Observation worth in reducing uncertainty variance     : yes
         Observation worth                                      : by group


                   ANALYSIS OF PARAMETERS
                   ----------------------


 Outcomes of running program SUPCALC ----->
 
    Number of dimensions of calibration solution space = 30
    Number of dimensions of calibration null space     = 60

 Outcomes of parameter identifiability and error/uncertainty variance reduction analysis ----->
 
    Parameter              Identifiability        Rel_uncert_var_redn
    ---------              ---------------        -------------------
    ddsd                    0.9999966              0.9999559
    ddsw                    0.9999997              0.9999808
    ddgd                    0.4983920              0.4976951
    ddgw                    0.4999963              0.4998316
    rcs1d                   6.5128944E-09          1.0000000E-07
    rcs1w                   1.0371307E-09           0.000000
    rcs2d                   1.1307272E-03          1.1650200E-02
    rcs2w                   2.8575701E-04          3.5829000E-03
    rcs3d                   6.6658705E-03          3.1414900E-02
    rcs3w                   2.7744623E-02          6.8260000E-02
    rcs4d                   3.8560009E-03          1.6135100E-02
    rcs4w                   0.9833834              0.8214416
    rcs5d                   5.4911871E-02          0.1608183
    rcs5w                   0.9649025              0.8200011
    rcs6d                   6.5377157E-02          0.2028123
    rcs6w                   8.5591250E-02          0.3134838
    rcs7d                   2.0863004E-02          8.8293100E-02
    rcs7w                   0.9985140              0.9919896
    rcs8d                   0.9999520              0.9993797
    rcs8w                   1.0209187E-02          0.1784208
    rcs9d                   0.9977706              0.9901358
    rcs9w                   0.9999430              0.9997937
    rcs10d                  2.5342339E-03          4.4574000E-02
    rcs10w                  9.7390449E-04          2.6323500E-02
    rcs11d                  1.3895222E-04          3.8675000E-03
    rcs11w                  2.9592260E-03          5.9131600E-02
    rcs12d                  0.9995711              0.9936126
    rcs12w                  0.9965645              0.9758459
    rcs13d                  0.9990223              0.9730304
    rcs13w                  0.9999884              0.9985946
    rcs14d                  0.9988194              0.9712982
    rcs14w                  0.9999880              0.9950852
    rcs15d                  0.9994657              0.9741050
    rcs15w                  0.9998316              0.9837023
    rcs16d                  0.9986745              0.9276175
    rcs16w                  0.9955906              0.9556664
    rcs17d                  0.8713273              0.7940871
    rcs17w                  0.9203909              0.8813412
    rcs18d                  0.1267359              0.3080690
    rcs18w                  8.4004907E-02          0.2803532
    rcs19d                  9.5839326E-03          4.5885900E-02
    rcs19w                  6.8616630E-05          3.1990000E-04
    rcr1d                   1.0309246E-06          1.8000000E-06
    rcr1w                   2.7055445E-06          1.9000000E-06
    rcr2d                   0.9106360              0.9142241
    rcr2w                   0.8878088              0.5154261
    rcr3d                   9.1338517E-02          0.1664137
    rcr3w                   0.9740031              0.9452613
    rcr4d                   4.6020826E-02          7.6654900E-02
    rcr4w                   2.9587875E-02          7.0241000E-02
    rcr5d                   5.2370140E-02          6.6132200E-02
    rcr5w                   1.7523554E-03          8.8713000E-03
    rcr6d                   0.1355561              0.1632625
    rcr6w                   5.4930599E-03          2.0286000E-02
    rcr7d                   0.1307461              0.1569219
    rcr7w                   3.7475903E-03          2.5931300E-02
    rcr8d                   6.4425540E-02          8.6878700E-02
    rcr8w                   1.4223613E-02          5.5848100E-02
    rcr9d                   4.9137921E-02          5.5007100E-02
    rcr9w                   1.3126244E-02          6.0509500E-02
    rcr10d                  9.3803382E-02          9.9433600E-02
    rcr10w                  1.3140157E-03          1.2008100E-02
    rcr11d                  8.1376146E-02          8.8387900E-02
    rcr11w                  1.4260194E-04          3.3461000E-03
    rcr12d                  5.5556955E-02          5.7455400E-02
    rcr12w                  9.6084661E-05          3.3588000E-03
    rcr13d                  4.7149602E-02          5.6807600E-02
    rcr13w                  0.9996544              0.9872289
    rcr14d                  3.4983413E-02          6.4563400E-02
    rcr14w                  0.9984065              0.9519994
    rcr15d                  2.0821200E-02          6.0707600E-02
    rcr15w                  2.1752643E-04          1.2264000E-03
    rcr16d                  2.0340362E-02          7.0236800E-02
    rcr16w                  3.1606576E-04          3.2027000E-03
    rcr17d                  9.6390064E-03          3.8003000E-02
    rcr17w                  1.9714334E-04          2.3108000E-03
    rcr18d                  1.7069393E-03          8.1815000E-03
    rcr18w                  3.9111330E-05          6.4050000E-04
    rcr19d                  1.5178651E-04          7.5430000E-04
    rcr19w                  3.5894967E-06          6.2100000E-05
    rcgd                    0.4983920              0.4976951
    rcgw                    0.4999963              0.4998316
    tl                      0.9999999              0.9999981
    xw                       0.000000               0.000000
    yw                       0.000000               0.000000
    x                        0.000000               0.000000
    y                        0.000000               0.000000
    tlr                      0.000000               0.000000
    tls                      0.000000               0.000000
    beta                    0.9999986              0.9999433
 
    Note: run IDENTPAR yourself to see identiability contributions by different solution 
    space eigencomponents.


                   ANALYSIS OF PREDICTION
                   ----------------------

 PREDVAR1 analysis for prediction "q8035" ----->

    Sing_val       Null-space       Soln-space     Total             Total
    index          term             term           variance          std_dev
    --------       ----------       ----------     --------          -------
       0            6.5076509E+08     0.000000      6.5076509E+08      25510.10    
       4            2.8197998E+07     893.1190      2.8198891E+07      5310.263    
       8             2520430.         2467.642       2522898.          1588.363    
      12             314007.6         2897.761       316905.4          562.9435    
      16             69288.74         3218.659       72507.40          269.2720    
      20             20793.89         3557.614       24351.50          156.0497    
      24             2014.752         4328.429       6343.181          79.64409    
      25             1863.304         4345.472       6208.776          78.79579    
      26             1862.448         4345.613       6208.060          78.79124    
      27             1850.354         4348.263       6198.616          78.73129    
      28             1843.950         4349.752       6193.702          78.70008    
      29             1588.949         4491.990       6080.939          77.98038    
      30             1588.641         4492.283       6080.924          77.98028    
      31             1535.491         4574.057       6109.548          78.16360    
      32             1499.935         4659.361       6159.296          78.48118    
      33             509.0603         7310.631       7819.691          88.42902    
      34             102.7613         8549.998       8652.759          93.02021    
      35             85.75524         8610.551       8696.306          93.25399    
      36             85.69738         8610.819       8696.516          93.25511    
      37             11.68083         9082.150       9093.831          95.36158    
      38             11.68031         9082.154       9093.834          95.36160    
      39             11.61025         9082.734       9094.344          95.36427    
      40             11.60201         9082.831       9094.433          95.36474    
      44             7.210000         9164.370       9171.580          95.76837    
      48             4.822071         9283.778       9288.600          96.37738    
      52             4.221838         9342.493       9346.715          96.67841    
      56             3.209086         9530.133       9533.342          97.63883    
      60             1.208814         10008.32       10009.53          100.0476    
      64            0.6757303         10249.08       10249.76          101.2411    
      68            0.2680049         10574.34       10574.60          102.8329    
      72            1.0859368E-03     12358.00       12358.00          111.1665    
      76            1.7588930E-04     12415.28       12415.28          111.4239    
      80            8.8988738E-08     14224.77       14224.77          119.2676    
      84            2.5726271E-53     14318.33       14318.33          119.6592    
      88             0.000000        1.0000000E+35  1.0000000E+35     3.1622777E+17
      90             0.000000        1.0000000E+35  1.0000000E+35     3.1622777E+17
 
    Pre-calibration:- 
    Total error variance                 =  6.5076509E+08
    Total error standard deviation       =   25510.10    
 
    Post-calibration:-
    Total error variance                 =   6080.924    
    Total error standard deviation       =   77.98028    
    Minimum error variance occurs at singular value number 30.
 
 
 PREDUNC1 analysis for prediction "q8035" ----->

    Pre-calibration:- 
    Total uncertainty variance           =  6.5076520E+08
    Total uncertainty standard deviation =   25510.10    
 
    Post-calibration:-
    Total uncertainty variance           =   5577.519    
    Total uncertainty standard deviation =   74.68279    
 
 
 PREDUNC4 analysis for prediction "q8035" ----->

    Contributions to predictive uncertainty variance

    Parameter      Pre-cal             Post-cal
    group          contribution        contribution
    ---------      ------------        ------------
    ddsd            5.8228430E+07        120.6680    
    ddsw             0.000000            9.343000    
    ddgd            1.2573350E+07       0.4010000    
    ddgw             0.000000           1.3000000E-02
    rcsd             8362730.            2903.451    
    rcsw             0.000000            175.1980    
    rcrd             13400.00            228.1640    
    rcrw             0.000000            38.56700    
    rcgd            1.2573350E+07       0.4010000    
    rcgw             0.000000           1.3000000E-02
    tl              5.8725790E+07        4.308000    
    xw               0.000000            0.000000    
    yw               0.000000            0.000000    
    x                0.000000            0.000000    
    y                0.000000            0.000000    
    tlr              0.000000            0.000000    
    tls              0.000000            0.000000    
    beta            5.0028806E+08        224.9110    
 
 
 PREDUNC5 observation subtraction analysis for prediction "q8035" ----->

    Increases in predictive uncertainty variance incurred through loss of observations

    Observation_group        Variance_increase
    -----------------        -----------------
    q                          5577.519    
 
 
 PREDUNC5 observation addition analysis for prediction "q8035" ----->

    Decreases in pre-calibration predictive uncertainty variance incurred through addition of observations

    Observation_group        Variance_decrease
    -----------------        -----------------
    q                          5577.519    
