 
 
                   ###################################################
                   #                                                 #
                   #      GENLINPRED UNCERTAINTY/ERROR ANALYSIS      #
                   #                                                 #
                   ###################################################
 
 
 
                   ANALYSIS DETAILS
                   ----------------
 
    Name of PEST control file                                   : master.pst
    Factor by which to multiply observation weights             : 1.0000
    Source of parameter uncertainty data                        : uncertainty file
    Name of uncertainty file                                    : master_lu.unc
 
    Perform global parameter estimability analysis              : yes
         Parameter identifiability                              : yes
         Relative parameter error reduction                     : no
         Relative parameter uncertainty reduction               : yes
 
    Analyse error/uncertainty of an entity                      : yes
         Name of entity                                         : q7993
         Type of entity                                         : prediction
         File containing prediction sensitivities               : master.jco
 
         Total error variance                                   : yes
         Total uncertainty                                      : yes
 
         Parameter contributions to error variance              : no
         Parameter contributions to uncertainty                 : yes
         Parameter contributions                                : by group
 
         Observation worth in reducing error variance           : no
         Observation worth in reducing uncertainty variance     : yes
         Observation worth                                      : by group


                   ANALYSIS OF PARAMETERS
                   ----------------------


 Outcomes of running program SUPCALC ----->
 
    Number of dimensions of calibration solution space = 36
    Number of dimensions of calibration null space     = 54

 Outcomes of parameter identifiability and error/uncertainty variance reduction analysis ----->
 
    Parameter              Identifiability        Rel_uncert_var_redn
    ---------              ---------------        -------------------
    ddsd                    0.9999998              0.9999857
    ddsw                    0.9999997              0.9999852
    ddgd                    0.4999785              0.4995663
    ddgw                    0.4999734              0.4995866
    rcs1d                   7.0449298E-08          4.0000000E-07
    rcs1w                   4.0069747E-11           0.000000
    rcs2d                   1.9573091E-02          0.1070801
    rcs2w                   5.5925014E-05          1.2933000E-03
    rcs3d                   3.7958208E-02          8.2322100E-02
    rcs3w                   3.0432857E-02          7.5959300E-02
    rcs4d                   2.1401755E-02          3.6173400E-02
    rcs4w                   0.1339611              0.1844060
    rcs5d                   0.2738055              0.2174886
    rcs5w                   0.6667472              0.4808912
    rcs6d                   0.3687908              0.2706488
    rcs6w                   2.3400891E-02          0.1117114
    rcs7d                   0.1596770              0.1748553
    rcs7w                   0.9986861              0.9981457
    rcs8d                   0.9999412              0.9989581
    rcs8w                   0.9999530              0.9996929
    rcs9d                   0.9998981              0.9979705
    rcs9w                   0.9995549              0.9992351
    rcs10d                  0.9992842              0.9748501
    rcs10w                  2.6848126E-02          0.4146405
    rcs11d                  7.0916600E-04          2.0104000E-02
    rcs11w                  0.9745438              0.9493789
    rcs12d                  0.9999368              0.9980510
    rcs12w                  0.9999223              0.9980646
    rcs13d                  0.9998977              0.9928964
    rcs13w                  0.9999598              0.9961452
    rcs14d                  0.9999293              0.9903780
    rcs14w                  0.9998357              0.9904119
    rcs15d                  0.9999210              0.9924723
    rcs15w                  0.9999199              0.9811952
    rcs16d                  0.9998777              0.9817929
    rcs16w                  0.9973577              0.9422777
    rcs17d                  0.9949088              0.9039419
    rcs17w                  0.8866095              0.8479809
    rcs18d                  0.8531828              0.5291988
    rcs18w                  0.1276929              0.3720997
    rcs19d                  0.1234451              8.8803600E-02
    rcs19w                  1.2317317E-04          5.1510000E-04
    rcr1d                   3.1496791E-06          5.9000000E-06
    rcr1w                   1.7113660E-06          2.3000000E-06
    rcr2d                   0.9069171              0.8848063
    rcr2w                   0.5946601              0.6694894
    rcr3d                   0.2162203              0.3826749
    rcr3w                   0.7194297              0.8160966
    rcr4d                   9.7900046E-02          0.2350048
    rcr4w                   0.3558305              0.4398420
    rcr5d                   5.8806457E-02          0.1283508
    rcr5w                   0.2519895              0.3558815
    rcr6d                   0.4348170              0.4178218
    rcr6w                   0.1529007              0.2318237
    rcr7d                   0.3880945              0.3889292
    rcr7w                   2.5034183E-02          5.3639100E-02
    rcr8d                   1.6905602E-02          0.2459918
    rcr8w                   1.8442364E-02          0.1450155
    rcr9d                   0.9985246              0.9978154
    rcr9w                   2.2391006E-02          0.1928946
    rcr10d                  3.8076400E-02          0.1806674
    rcr10w                  7.7457377E-03          9.8387200E-02
    rcr11d                  0.1601413              0.2266560
    rcr11w                  3.9841684E-03          4.7457000E-02
    rcr12d                  9.5205742E-02          0.1225936
    rcr12w                  1.8672613E-03          3.6579600E-02
    rcr13d                  0.1673601              0.1767440
    rcr13w                  0.9993183              0.9909792
    rcr14d                  0.1586267              0.1594120
    rcr14w                  0.9911773              0.9639196
    rcr15d                  0.1518480              0.1646256
    rcr15w                  2.2905089E-03          1.7114800E-02
    rcr16d                  0.1617297              0.1833653
    rcr16w                  1.3961610E-03          2.5470100E-02
    rcr17d                  6.9554157E-02          0.1009417
    rcr17w                  3.7457956E-04          7.4517000E-03
    rcr18d                  1.1744402E-02          1.9062300E-02
    rcr18w                  4.7869284E-05          1.1442000E-03
    rcr19d                  9.9369118E-04          1.6609000E-03
    rcr19w                  3.6708880E-06          9.0500000E-05
    rcgd                    0.4999785              0.4995663
    rcgw                    0.4999734              0.4995866
    tl                      0.9999999              0.9999991
    xw                       0.000000               0.000000
    yw                       0.000000               0.000000
    x                        0.000000               0.000000
    y                        0.000000               0.000000
    tlr                      0.000000               0.000000
    tls                      0.000000               0.000000
    beta                    0.9999993              0.9999829
 
    Note: run IDENTPAR yourself to see identiability contributions by different solution 
    space eigencomponents.


                   ANALYSIS OF PREDICTION
                   ----------------------

 PREDVAR1 analysis for prediction "q7993" ----->

    Sing_val       Null-space       Soln-space     Total             Total
    index          term             term           variance          std_dev
    --------       ----------       ----------     --------          -------
       0            1.9989327E+09     0.000000      1.9989327E+09      44709.43    
       4            1.0218537E+07     324.6764      1.0218862E+07      3196.695    
       8             5841425.         405.7511       5841831.          2416.988    
      12             1243864.         849.4180       1244714.          1115.668    
      16             1038332.         911.6162       1039244.          1019.433    
      20             48303.00         2732.453       51035.46          225.9103    
      24             16481.54         3009.245       19490.78          139.6094    
      28             8152.433         3244.639       11397.07          106.7571    
      29             1715.603         3604.495       5320.098          72.93900    
      30             1687.348         3608.914       5296.263          72.77543    
      31             1667.760         3613.953       5281.712          72.67539    
      32             1666.995         3614.193       5281.188          72.67178    
      33             296.5237         4302.074       4598.598          67.81296    
      34             267.0341         4322.772       4589.806          67.74811    
      35             264.7978         4324.446       4589.244          67.74396    
      36             264.3627         4324.832       4589.195          67.74360    
      37             264.2619         4324.938       4589.200          67.74363    
      38             262.1857         4327.726       4589.912          67.74889    
      39             261.9642         4328.036       4590.000          67.74954    
      40             261.6181         4328.553       4590.171          67.75080    
      41             138.6069         4552.416       4691.023          68.49104    
      42             134.7038         4562.461       4697.165          68.53587    
      43             121.6615         4602.369       4724.031          68.73159    
      44             106.8586         4647.736       4754.594          68.95356    
      48             87.37353         4756.174       4843.548          69.59560    
      52             33.79212         5327.969       5361.761          73.22405    
      56             21.04145         5606.675       5627.716          75.01810    
      60             15.25077         5812.975       5828.226          76.34282    
      64            0.3683780         6655.424       6655.792          81.58304    
      68            6.5548411E-02     6682.213       6682.278          81.74520    
      72            5.5303449E-02     6694.786       6694.841          81.82201    
      76            1.2866215E-04     6780.216       6780.216          82.34207    
      80            6.8695267E-08     6944.130       6944.130          83.33145    
      84             0.000000         7087.538       7087.538          84.18752    
      88             0.000000        1.0000000E+35  1.0000000E+35     3.1622777E+17
      90             0.000000        1.0000000E+35  1.0000000E+35     3.1622777E+17
 
    Pre-calibration:- 
    Total error variance                 =  1.9989327E+09
    Total error standard deviation       =   44709.43    
 
    Post-calibration:-
    Total error variance                 =   4589.195    
    Total error standard deviation       =   67.74360    
    Minimum error variance occurs at singular value number 36.
 
 
 PREDUNC1 analysis for prediction "q7993" ----->

    Pre-calibration:- 
    Total uncertainty variance           =  1.9989331E+09
    Total uncertainty standard deviation =   44709.43    
 
    Post-calibration:-
    Total uncertainty variance           =   4254.725    
    Total uncertainty standard deviation =   65.22825    
 
 
 PREDUNC4 analysis for prediction "q7993" ----->

    Contributions to predictive uncertainty variance

    Parameter      Pre-cal             Post-cal
    group          contribution        contribution
    ---------      ------------        ------------
    ddsd            3.6237770E+08        39.32000    
    ddsw             0.000000            1.267000    
    ddgd             6493500.           5.3000000E-02
    ddgw             0.000000           2.6000000E-02
    rcsd            5.5135000E+07        3249.372    
    rcsw             0.000000            312.2200    
    rcrd             1742200.            830.0430    
    rcrw             0.000000            74.49000    
    rcgd             6493500.           5.3000000E-02
    rcgw             0.000000           2.6000000E-02
    tl              8.0068120E+08        20.14400    
    xw               0.000000            0.000000    
    yw               0.000000            0.000000    
    x                0.000000            0.000000    
    y                0.000000            0.000000    
    tlr              0.000000            0.000000    
    tls              0.000000            0.000000    
    beta            7.6600970E+08        501.5990    
 
 
 PREDUNC5 observation subtraction analysis for prediction "q7993" ----->

    Increases in predictive uncertainty variance incurred through loss of observations

    Observation_group        Variance_increase
    -----------------        -----------------
    q                          4254.725    
 
 
 PREDUNC5 observation addition analysis for prediction "q7993" ----->

    Decreases in pre-calibration predictive uncertainty variance incurred through addition of observations

    Observation_group        Variance_decrease
    -----------------        -----------------
    q                          4254.725    
