 
 
                   ###################################################
                   #                                                 #
                   #      GENLINPRED UNCERTAINTY/ERROR ANALYSIS      #
                   #                                                 #
                   ###################################################
 
 
 
                   ANALYSIS DETAILS
                   ----------------
 
    Name of PEST control file                                   : master_lu.pst
    Factor by which to multiply observation weights             : 1.0000
    Source of parameter uncertainty data                        : uncertainty file
    Name of uncertainty file                                    : master_lu.unc
 
    Perform global parameter estimability analysis              : yes
         Parameter identifiability                              : yes
         Relative parameter error reduction                     : no
         Relative parameter uncertainty reduction               : yes
 
    Analyse error/uncertainty of an entity                      : yes
         Name of entity                                         : q7803
         Type of entity                                         : prediction
         File containing prediction sensitivities               : master_lu.jco
 
         Total error variance                                   : yes
         Total uncertainty                                      : yes
 
         Parameter contributions to error variance              : no
         Parameter contributions to uncertainty                 : yes
         Parameter contributions                                : by group
 
         Observation worth in reducing error variance           : no
         Observation worth in reducing uncertainty variance     : yes
         Observation worth                                      : by group


                   ANALYSIS OF PARAMETERS
                   ----------------------


 Outcomes of running program SUPCALC ----->
 
    Number of dimensions of calibration solution space = 29
    Number of dimensions of calibration null space     = 61

 Outcomes of parameter identifiability and error/uncertainty variance reduction analysis ----->
 
    Parameter              Identifiability        Rel_uncert_var_redn
    ---------              ---------------        -------------------
    ddsd                    0.9983481              0.9972470
    ddsw                    0.9999999              0.9999999
    ddgd                    9.8758952E-03          9.9203000E-03
    ddgw                    0.4968556              0.4995913
    rcs1d                   6.4156593E-12          3.0000000E-07
    rcs1w                   4.6274464E-11          1.0000000E-06
    rcs2d                   7.4847474E-06          4.0118000E-02
    rcs2w                   1.8759127E-05          2.5852400E-02
    rcs3d                   5.1557437E-04          0.6441234
    rcs3w                   1.5126506E-03          0.2770096
    rcs4d                   1.0509059E-04          0.2971621
    rcs4w                   1.1753331E-03          0.2097582
    rcs5d                   7.0660996E-04          0.4848622
    rcs5w                   9.3484037E-04          0.5013696
    rcs6d                   5.5369553E-04          0.3882047
    rcs6w                   7.9267335E-04          0.6316269
    rcs7d                   4.6862823E-04          0.4649301
    rcs7w                   0.9996375              0.9999039
    rcs8d                   0.9999095              0.9999743
    rcs8w                   0.9999927              0.9999980
    rcs9d                   2.3335583E-04          0.3440929
    rcs9w                   0.9996603              0.9999679
    rcs10d                  5.3756938E-04          0.5911573
    rcs10w                  4.5868182E-03          0.9465364
    rcs11d                  2.6600878E-03          0.8124157
    rcs11w                  0.9999074              0.9999901
    rcs12d                  0.9971799              0.9995244
    rcs12w                  0.9998173              0.9999358
    rcs13d                  0.9998239              0.9997448
    rcs13w                  0.9999006              0.9999424
    rcs14d                  0.9996281              0.9986747
    rcs14w                  0.9997527              0.9999325
    rcs15d                  0.9893799              0.9968610
    rcs15w                  0.9998210              0.9997287
    rcs16d                  0.3799089              0.9450422
    rcs16w                  0.9989518              0.9982755
    rcs17d                  0.4076557              0.8640019
    rcs17w                  0.8723656              0.9943942
    rcs18d                  0.1954192              0.6804608
    rcs18w                  0.1230396              0.8938861
    rcs19d                  2.8819693E-02          0.1992927
    rcs19w                  1.0416534E-02          0.2596901
    rcr1d                   7.6850757E-11           0.000000
    rcr1w                   8.2855110E-04          1.1343300E-02
    rcr2d                   8.1620946E-07          9.9000000E-06
    rcr2w                   0.4731277              0.9742735
    rcr3d                   2.3222327E-05          2.2180000E-04
    rcr3w                   0.3805543              0.9759463
    rcr4d                   1.7065796E-04          1.3945000E-03
    rcr4w                   0.9915368              0.9996613
    rcr5d                   1.1597642E-03          3.1188000E-03
    rcr5w                   5.5116364E-03          0.8215564
    rcr6d                   1.6163756E-03          3.4158000E-03
    rcr6w                   3.7693040E-03          0.7403530
    rcr7d                   0.9358517              0.9851112
    rcr7w                   4.4607529E-03          0.8997058
    rcr8d                   3.8674559E-04          1.6060700E-02
    rcr8w                   5.5856353E-02          0.9323104
    rcr9d                   4.7283421E-05          4.4906000E-03
    rcr9w                   8.8434255E-02          0.9104554
    rcr10d                  3.3174632E-05          3.8368000E-03
    rcr10w                  0.9866445              0.9991623
    rcr11d                  3.2541127E-05          6.2766000E-03
    rcr11w                  4.5140536E-02          0.8286377
    rcr12d                  3.7278854E-05          7.3675000E-03
    rcr12w                  5.4784562E-02          0.8560408
    rcr13d                  3.0229546E-06          1.0382000E-03
    rcr13w                  7.6219336E-02          0.9151251
    rcr14d                  3.0275182E-07          1.9280000E-04
    rcr14w                  0.1082248              0.8646326
    rcr15d                  5.0479962E-08          4.3000000E-05
    rcr15w                  5.4104763E-02          0.4688310
    rcr16d                  9.5426544E-09          1.3000000E-05
    rcr16w                  8.4375310E-02          0.2190348
    rcr17d                  2.4915201E-09          3.0000000E-06
    rcr17w                  0.3827257              0.5678747
    rcr18d                  3.3630677E-10          4.0000000E-07
    rcr18w                  0.2383034              0.5983096
    rcr19d                  2.7264495E-11           0.000000
    rcr19w                  1.9681480E-02          6.1698600E-02
    rcgd                    0.9876724              0.9894420
    rcgw                    0.4968556              0.4995913
    tl                       1.000000               1.000000
    xw                      8.8527304E-04          0.2803182
    yw                      8.1378434E-05          9.4955000E-03
    x                       0.9999917              0.9999955
    y                       0.9999994              0.9999994
    tlr                      0.000000               0.000000
    tls                      0.000000               0.000000
    beta                    0.9999907              0.9999986
 
    Note: run IDENTPAR yourself to see identiability contributions by different solution 
    space eigencomponents.


                   ANALYSIS OF PREDICTION
                   ----------------------

 PREDVAR1 analysis for prediction "q7803" ----->

    Sing_val       Null-space       Soln-space     Total             Total
    index          term             term           variance          std_dev
    --------       ----------       ----------     --------          -------
       0            4.0722413E+10     0.000000      4.0722413E+10      201798.0    
       4            5.8578413E+09     963.4631      5.8578423E+09      76536.54    
       8            1.1106506E+09     1979.918      1.1106525E+09      33326.45    
      12            2.9123955E+08     5360.480      2.9124491E+08      17065.90    
      16            4.9034976E+07     7453.662      4.9042429E+07      7003.030    
      20            1.2632831E+07     10084.74      1.2642916E+07      3555.688    
      24             790523.5         17729.09       808252.6          899.0287    
      28             51675.83         22029.01       73704.84          271.4864    
      32             36543.80         22189.44       58733.24          242.3494    
      36             33379.97         22365.66       55745.63          236.1051    
      40             604.6234         25246.73       25851.35          160.7836    
      41             604.6196         25246.73       25851.35          160.7836    
      42             580.9270         25253.03       25833.96          160.7295    
      43             560.3716         25258.67       25819.04          160.6830    
      44             535.8492         25267.09       25802.94          160.6329    
      45             518.5419         25273.47       25792.01          160.5989    
      46             517.7604         25273.78       25791.54          160.5974    
      47             515.3576         25274.93       25790.29          160.5936    
      48             515.0482         25275.09       25790.14          160.5931    
      49             508.9147         25280.04       25788.96          160.5894    
      50             490.6514         25296.16       25786.81          160.5827    
      51             490.5777         25296.28       25786.85          160.5828    
      52             486.5010         25304.13       25790.63          160.5946    
      53             484.8101         25309.42       25794.23          160.6058    
      54             483.8031         25313.72       25797.53          160.6161    
      55             481.6330         25323.85       25805.49          160.6409    
      56             479.9868         25332.37       25812.36          160.6623    
      60             355.3007         28500.81       28856.11          169.8709    
      64             44.63881         38942.95       38987.59          197.4528    
      68             8.378689         48102.03       48110.41          219.3409    
      72             5.085116         50881.69       50886.77          225.5810    
      76            0.2886513         99005.05       99005.33          314.6511    
      80            9.2115327E-03     146556.1       146556.1          382.8265    
      84            5.5521136E-04     165381.2       165381.2          406.6709    
      88            1.0082562E-43     381106.8       381106.8          617.3385    
      90             0.000000        1.0000000E+35  1.0000000E+35     3.1622777E+17
 
    Pre-calibration:- 
    Total error variance                 =  4.0722413E+10
    Total error standard deviation       =   201798.0    
 
    Post-calibration:-
    Total error variance                 =   25786.81    
    Total error standard deviation       =   160.5827    
    Minimum error variance occurs at singular value number 50.
 
 
 PREDUNC1 analysis for prediction "q7803" ----->

    Pre-calibration:- 
    Total uncertainty variance           =  4.0722433E+10
    Total uncertainty standard deviation =   201798.0    
 
    Post-calibration:-
    Total uncertainty variance           =   25474.78    
    Total uncertainty standard deviation =   159.6082    
 
 
 PREDUNC4 analysis for prediction "q7803" ----->

    Contributions to predictive uncertainty variance

    Parameter      Pre-cal             Post-cal
    group          contribution        contribution
    ---------      ------------        ------------
    ddsd             0.000000            31.65000    
    ddsw             0.000000            14.49000    
    ddgd             792000.0           0.1600000    
    ddgw             0.000000           0.2200000    
    rcsd             22000.00            14023.43    
    rcsw             0.000000            151.5600    
    rcrd             643000.0            538.8200    
    rcrw             0.000000            116.6400    
    rcgd            7.9139000E+07        560.5900    
    rcgw             0.000000           0.2200000    
    tl              3.0389570E+09        7.770000    
    xw               0.000000           0.5500000    
    yw               0.000000           0.5400000    
    x                1000.000            102.7700    
    y               5.7559000E+07        113.8300    
    tlr              0.000000            0.000000    
    tls              0.000000            0.000000    
    beta            3.7545302E+10        123.7100    
 
 
 PREDUNC5 observation subtraction analysis for prediction "q7803" ----->

    Increases in predictive uncertainty variance incurred through loss of observations

    Observation_group        Variance_increase
    -----------------        -----------------
    q                         3.7683431E+10
    swe                        9.340000    
 
 
 PREDUNC5 observation addition analysis for prediction "q7803" ----->

    Decreases in pre-calibration predictive uncertainty variance incurred through addition of observations

    Observation_group        Variance_decrease
    -----------------        -----------------
    q                         4.0722388E+10
    swe                       3.0389570E+09
