 
 
                   ###################################################
                   #                                                 #
                   #      GENLINPRED UNCERTAINTY/ERROR ANALYSIS      #
                   #                                                 #
                   ###################################################
 
 
 
                   ANALYSIS DETAILS
                   ----------------
 
    Name of PEST control file                                   : master_lu.pst
    Factor by which to multiply observation weights             : 1.0000
    Source of parameter uncertainty data                        : uncertainty file
    Name of uncertainty file                                    : master_lu.unc
 
    Perform global parameter estimability analysis              : yes
         Parameter identifiability                              : yes
         Relative parameter error reduction                     : no
         Relative parameter uncertainty reduction               : yes
 
    Analyse error/uncertainty of an entity                      : yes
         Name of entity                                         : q7931
         Type of entity                                         : prediction
         File containing prediction sensitivities               : master_lu.jco
 
         Total error variance                                   : yes
         Total uncertainty                                      : yes
 
         Parameter contributions to error variance              : no
         Parameter contributions to uncertainty                 : yes
         Parameter contributions                                : by group
 
         Observation worth in reducing error variance           : no
         Observation worth in reducing uncertainty variance     : yes
         Observation worth                                      : by group


                   ANALYSIS OF PARAMETERS
                   ----------------------


 Outcomes of running program SUPCALC ----->
 
    Number of dimensions of calibration solution space = 29
    Number of dimensions of calibration null space     = 61

 Outcomes of parameter identifiability and error/uncertainty variance reduction analysis ----->
 
    Parameter              Identifiability        Rel_uncert_var_redn
    ---------              ---------------        -------------------
    ddsd                    0.9983481              0.9972470
    ddsw                    0.9999999              0.9999999
    ddgd                    9.8758952E-03          9.9203000E-03
    ddgw                    0.4968556              0.4995913
    rcs1d                   6.4156593E-12          3.0000000E-07
    rcs1w                   4.6274464E-11          1.0000000E-06
    rcs2d                   7.4847474E-06          4.0118000E-02
    rcs2w                   1.8759127E-05          2.5852400E-02
    rcs3d                   5.1557437E-04          0.6441234
    rcs3w                   1.5126506E-03          0.2770096
    rcs4d                   1.0509059E-04          0.2971621
    rcs4w                   1.1753331E-03          0.2097582
    rcs5d                   7.0660996E-04          0.4848622
    rcs5w                   9.3484037E-04          0.5013696
    rcs6d                   5.5369553E-04          0.3882047
    rcs6w                   7.9267335E-04          0.6316269
    rcs7d                   4.6862823E-04          0.4649301
    rcs7w                   0.9996375              0.9999039
    rcs8d                   0.9999095              0.9999743
    rcs8w                   0.9999927              0.9999980
    rcs9d                   2.3335583E-04          0.3440929
    rcs9w                   0.9996603              0.9999679
    rcs10d                  5.3756938E-04          0.5911573
    rcs10w                  4.5868182E-03          0.9465364
    rcs11d                  2.6600878E-03          0.8124157
    rcs11w                  0.9999074              0.9999901
    rcs12d                  0.9971799              0.9995244
    rcs12w                  0.9998173              0.9999358
    rcs13d                  0.9998239              0.9997448
    rcs13w                  0.9999006              0.9999424
    rcs14d                  0.9996281              0.9986747
    rcs14w                  0.9997527              0.9999325
    rcs15d                  0.9893799              0.9968610
    rcs15w                  0.9998210              0.9997287
    rcs16d                  0.3799089              0.9450422
    rcs16w                  0.9989518              0.9982755
    rcs17d                  0.4076557              0.8640019
    rcs17w                  0.8723656              0.9943942
    rcs18d                  0.1954192              0.6804608
    rcs18w                  0.1230396              0.8938861
    rcs19d                  2.8819693E-02          0.1992927
    rcs19w                  1.0416534E-02          0.2596901
    rcr1d                   7.6850757E-11           0.000000
    rcr1w                   8.2855110E-04          1.1343300E-02
    rcr2d                   8.1620946E-07          9.9000000E-06
    rcr2w                   0.4731277              0.9742735
    rcr3d                   2.3222327E-05          2.2180000E-04
    rcr3w                   0.3805543              0.9759463
    rcr4d                   1.7065796E-04          1.3945000E-03
    rcr4w                   0.9915368              0.9996613
    rcr5d                   1.1597642E-03          3.1188000E-03
    rcr5w                   5.5116364E-03          0.8215564
    rcr6d                   1.6163756E-03          3.4158000E-03
    rcr6w                   3.7693040E-03          0.7403530
    rcr7d                   0.9358517              0.9851112
    rcr7w                   4.4607529E-03          0.8997058
    rcr8d                   3.8674559E-04          1.6060700E-02
    rcr8w                   5.5856353E-02          0.9323104
    rcr9d                   4.7283421E-05          4.4906000E-03
    rcr9w                   8.8434255E-02          0.9104554
    rcr10d                  3.3174632E-05          3.8368000E-03
    rcr10w                  0.9866445              0.9991623
    rcr11d                  3.2541127E-05          6.2766000E-03
    rcr11w                  4.5140536E-02          0.8286377
    rcr12d                  3.7278854E-05          7.3675000E-03
    rcr12w                  5.4784562E-02          0.8560408
    rcr13d                  3.0229546E-06          1.0382000E-03
    rcr13w                  7.6219336E-02          0.9151251
    rcr14d                  3.0275182E-07          1.9280000E-04
    rcr14w                  0.1082248              0.8646326
    rcr15d                  5.0479962E-08          4.3000000E-05
    rcr15w                  5.4104763E-02          0.4688310
    rcr16d                  9.5426544E-09          1.3000000E-05
    rcr16w                  8.4375310E-02          0.2190348
    rcr17d                  2.4915201E-09          3.0000000E-06
    rcr17w                  0.3827257              0.5678747
    rcr18d                  3.3630677E-10          4.0000000E-07
    rcr18w                  0.2383034              0.5983096
    rcr19d                  2.7264495E-11           0.000000
    rcr19w                  1.9681480E-02          6.1698600E-02
    rcgd                    0.9876724              0.9894420
    rcgw                    0.4968556              0.4995913
    tl                       1.000000               1.000000
    xw                      8.8527304E-04          0.2803182
    yw                      8.1378434E-05          9.4955000E-03
    x                       0.9999917              0.9999955
    y                       0.9999994              0.9999994
    tlr                      0.000000               0.000000
    tls                      0.000000               0.000000
    beta                    0.9999907              0.9999986
 
    Note: run IDENTPAR yourself to see identiability contributions by different solution 
    space eigencomponents.


                   ANALYSIS OF PREDICTION
                   ----------------------

 PREDVAR1 analysis for prediction "q7931" ----->

    Sing_val       Null-space       Soln-space     Total             Total
    index          term             term           variance          std_dev
    --------       ----------       ----------     --------          -------
       0            1.3006582E+12     0.000000      1.3006582E+12      1140464.    
       4            3.9527665E+09     3342.523      3.9527699E+09      62871.06    
       8            6.1081338E+08     4196.310      6.1081757E+08      24714.72    
      12            9.2159555E+07     5993.409      9.2165548E+07      9600.289    
      16            3.1629369E+07     6641.085      3.1636010E+07      5624.590    
      20            1.0012909E+07     9435.387      1.0022344E+07      3165.809    
      24             837228.8         13436.98       850665.7          922.3154    
      28             399439.9         14548.93       413988.8          643.4196    
      32             81614.24         18099.02       99713.26          315.7741    
      36             9631.081         21848.50       31479.58          177.4249    
      40             6385.382         22138.92       28524.30          168.8914    
      41             6116.744         22183.24       28299.99          168.2260    
      42             6116.504         22183.31       28299.81          168.2255    
      43             4005.155         22761.75       26766.90          163.6059    
      44             3762.047         22845.27       26607.32          163.1175    
      45             3747.122         22850.77       26597.90          163.0886    
      46             3503.352         22946.35       26449.70          162.6336    
      47             2033.516         23652.95       25686.47          160.2700    
      48             1571.291         23883.49       25454.78          159.5455    
      49             1461.634         23972.09       25433.72          159.4795    
      50             1418.829         24009.86       25428.69          159.4638    
      51             1285.169         24224.37       25509.54          159.7171    
      52             1249.903         24292.32       25542.22          159.8193    
      53             1085.305         24806.92       25892.22          160.9106    
      54             1020.978         25082.07       26103.05          161.5644    
      55             1010.091         25132.89       26142.98          161.6879    
      56             1009.789         25134.45       26144.24          161.6918    
      60             163.0646         30193.66       30356.72          174.2318    
      64             110.7150         32018.45       32129.17          179.2461    
      68             64.52693         44681.87       44746.40          211.5334    
      72             7.118628         93531.05       93538.17          305.8401    
      76            0.1106458         157770.2       157770.3          397.2031    
      80            3.1390887E-03     164873.1       164873.2          406.0458    
      84            4.0986803E-06     170514.5       170514.5          412.9340    
      88            1.6216544E-44     182147.7       182147.7          426.7877    
      90             0.000000        1.0000000E+35  1.0000000E+35     3.1622777E+17
 
    Pre-calibration:- 
    Total error variance                 =  1.3006582E+12
    Total error standard deviation       =   1140464.    
 
    Post-calibration:-
    Total error variance                 =   25428.69    
    Total error standard deviation       =   159.4638    
    Minimum error variance occurs at singular value number 50.
 
 
 PREDUNC1 analysis for prediction "q7931" ----->

    Pre-calibration:- 
    Total uncertainty variance           =  1.3006581E+12
    Total uncertainty standard deviation =   1140464.    
 
    Post-calibration:-
    Total uncertainty variance           =   24373.02    
    Total uncertainty standard deviation =   156.1186    
 
 
 PREDUNC4 analysis for prediction "q7931" ----->

    Contributions to predictive uncertainty variance

    Parameter      Pre-cal             Post-cal
    group          contribution        contribution
    ---------      ------------        ------------
    ddsd             100000.0            447.5200    
    ddsw             0.000000            82.28000    
    ddgd             0.000000           3.0000000E-02
    ddgw             0.000000            2.430000    
    rcsd            5.3980000E+08        11491.95    
    rcsw             0.000000            13116.51    
    rcrd             1000000.            4145.950    
    rcrw             0.000000            8830.580    
    rcgd             100000.0            576.7800    
    rcgw             0.000000            2.430000    
    tl              1.2487481E+12        1417.580    
    xw               0.000000            355.0800    
    yw               0.000000            4.210000    
    x                1200000.            28.38000    
    y               1.3140000E+08        496.2400    
    tlr              0.000000            0.000000    
    tls              0.000000            0.000000    
    beta            5.1236500E+10        16324.26    
 
 
 PREDUNC5 observation subtraction analysis for prediction "q7931" ----->

    Increases in predictive uncertainty variance incurred through loss of observations

    Observation_group        Variance_increase
    -----------------        -----------------
    q                         5.1910037E+10
    swe                        3062.090    
 
 
 PREDUNC5 observation addition analysis for prediction "q7931" ----->

    Decreases in pre-calibration predictive uncertainty variance incurred through addition of observations

    Observation_group        Variance_decrease
    -----------------        -----------------
    q                         1.3006582E+12
    swe                       1.2487481E+12
