 
 
                   ###################################################
                   #                                                 #
                   #      GENLINPRED UNCERTAINTY/ERROR ANALYSIS      #
                   #                                                 #
                   ###################################################
 
 
 
                   ANALYSIS DETAILS
                   ----------------
 
    Name of PEST control file                                   : master_lu.pst
    Factor by which to multiply observation weights             : 1.0000
    Source of parameter uncertainty data                        : uncertainty file
    Name of uncertainty file                                    : master_lu.unc
 
    Perform global parameter estimability analysis              : yes
         Parameter identifiability                              : yes
         Relative parameter error reduction                     : no
         Relative parameter uncertainty reduction               : yes
 
    Analyse error/uncertainty of an entity                      : yes
         Name of entity                                         : q7834
         Type of entity                                         : prediction
         File containing prediction sensitivities               : master_lu.jco
 
         Total error variance                                   : yes
         Total uncertainty                                      : yes
 
         Parameter contributions to error variance              : no
         Parameter contributions to uncertainty                 : yes
         Parameter contributions                                : by group
 
         Observation worth in reducing error variance           : no
         Observation worth in reducing uncertainty variance     : yes
         Observation worth                                      : by group


                   ANALYSIS OF PARAMETERS
                   ----------------------


 Outcomes of running program SUPCALC ----->
 
    Number of dimensions of calibration solution space = 30
    Number of dimensions of calibration null space     = 60

 Outcomes of parameter identifiability and error/uncertainty variance reduction analysis ----->
 
    Parameter              Identifiability        Rel_uncert_var_redn
    ---------              ---------------        -------------------
    ddsd                    0.9999966              0.9999559
    ddsw                    0.9999997              0.9999808
    ddgd                    0.4983920              0.4976951
    ddgw                    0.4999963              0.4998316
    rcs1d                   6.5128944E-09          1.0000000E-07
    rcs1w                   1.0371307E-09           0.000000
    rcs2d                   1.1307272E-03          1.1650200E-02
    rcs2w                   2.8575701E-04          3.5829000E-03
    rcs3d                   6.6658705E-03          3.1414900E-02
    rcs3w                   2.7744623E-02          6.8260000E-02
    rcs4d                   3.8560009E-03          1.6135100E-02
    rcs4w                   0.9833834              0.8214416
    rcs5d                   5.4911871E-02          0.1608183
    rcs5w                   0.9649025              0.8200011
    rcs6d                   6.5377157E-02          0.2028123
    rcs6w                   8.5591250E-02          0.3134838
    rcs7d                   2.0863004E-02          8.8293100E-02
    rcs7w                   0.9985140              0.9919896
    rcs8d                   0.9999520              0.9993797
    rcs8w                   1.0209187E-02          0.1784208
    rcs9d                   0.9977706              0.9901358
    rcs9w                   0.9999430              0.9997937
    rcs10d                  2.5342339E-03          4.4574000E-02
    rcs10w                  9.7390449E-04          2.6323500E-02
    rcs11d                  1.3895222E-04          3.8675000E-03
    rcs11w                  2.9592260E-03          5.9131600E-02
    rcs12d                  0.9995711              0.9936126
    rcs12w                  0.9965645              0.9758459
    rcs13d                  0.9990223              0.9730304
    rcs13w                  0.9999884              0.9985946
    rcs14d                  0.9988194              0.9712982
    rcs14w                  0.9999880              0.9950852
    rcs15d                  0.9994657              0.9741050
    rcs15w                  0.9998316              0.9837023
    rcs16d                  0.9986745              0.9276175
    rcs16w                  0.9955906              0.9556664
    rcs17d                  0.8713273              0.7940871
    rcs17w                  0.9203909              0.8813412
    rcs18d                  0.1267359              0.3080690
    rcs18w                  8.4004907E-02          0.2803532
    rcs19d                  9.5839326E-03          4.5885900E-02
    rcs19w                  6.8616630E-05          3.1990000E-04
    rcr1d                   1.0309246E-06          1.8000000E-06
    rcr1w                   2.7055445E-06          1.9000000E-06
    rcr2d                   0.9106360              0.9142241
    rcr2w                   0.8878088              0.5154261
    rcr3d                   9.1338517E-02          0.1664137
    rcr3w                   0.9740031              0.9452613
    rcr4d                   4.6020826E-02          7.6654900E-02
    rcr4w                   2.9587875E-02          7.0241000E-02
    rcr5d                   5.2370140E-02          6.6132200E-02
    rcr5w                   1.7523554E-03          8.8713000E-03
    rcr6d                   0.1355561              0.1632625
    rcr6w                   5.4930599E-03          2.0286000E-02
    rcr7d                   0.1307461              0.1569219
    rcr7w                   3.7475903E-03          2.5931300E-02
    rcr8d                   6.4425540E-02          8.6878700E-02
    rcr8w                   1.4223613E-02          5.5848100E-02
    rcr9d                   4.9137921E-02          5.5007100E-02
    rcr9w                   1.3126244E-02          6.0509500E-02
    rcr10d                  9.3803382E-02          9.9433600E-02
    rcr10w                  1.3140157E-03          1.2008100E-02
    rcr11d                  8.1376146E-02          8.8387900E-02
    rcr11w                  1.4260194E-04          3.3461000E-03
    rcr12d                  5.5556955E-02          5.7455400E-02
    rcr12w                  9.6084661E-05          3.3588000E-03
    rcr13d                  4.7149602E-02          5.6807600E-02
    rcr13w                  0.9996544              0.9872289
    rcr14d                  3.4983413E-02          6.4563400E-02
    rcr14w                  0.9984065              0.9519994
    rcr15d                  2.0821200E-02          6.0707600E-02
    rcr15w                  2.1752643E-04          1.2264000E-03
    rcr16d                  2.0340362E-02          7.0236800E-02
    rcr16w                  3.1606576E-04          3.2027000E-03
    rcr17d                  9.6390064E-03          3.8003000E-02
    rcr17w                  1.9714334E-04          2.3108000E-03
    rcr18d                  1.7069393E-03          8.1815000E-03
    rcr18w                  3.9111330E-05          6.4050000E-04
    rcr19d                  1.5178651E-04          7.5430000E-04
    rcr19w                  3.5894967E-06          6.2100000E-05
    rcgd                    0.4983920              0.4976951
    rcgw                    0.4999963              0.4998316
    tl                      0.9999999              0.9999981
    xw                       0.000000               0.000000
    yw                       0.000000               0.000000
    x                        0.000000               0.000000
    y                        0.000000               0.000000
    tlr                      0.000000               0.000000
    tls                      0.000000               0.000000
    beta                    0.9999986              0.9999433
 
    Note: run IDENTPAR yourself to see identiability contributions by different solution 
    space eigencomponents.


                   ANALYSIS OF PREDICTION
                   ----------------------

 PREDVAR1 analysis for prediction "q7834" ----->

    Sing_val       Null-space       Soln-space     Total             Total
    index          term             term           variance          std_dev
    --------       ----------       ----------     --------          -------
       0            5.3582144E+08     0.000000      5.3582144E+08      23147.82    
       4            1.2089109E+07     801.5177      1.2089910E+07      3477.055    
       8             4208275.         1057.382       4209332.          2051.666    
      12             676557.5         2811.415       679368.9          824.2384    
      16             121850.1         3357.178       125207.3          353.8464    
      20             70879.72         3575.379       74455.10          272.8646    
      24             65060.18         3915.831       68976.01          262.6328    
      25             65010.18         3921.458       68931.63          262.5483    
      26             64947.62         3931.755       68879.37          262.4488    
      27             15915.19         14675.02       30590.21          174.9006    
      28             15760.24         14711.05       30471.30          174.5603    
      29             6863.425         19673.67       26537.09          162.9021    
      30             6835.507         19700.21       26535.72          162.8979    
      31             6477.713         20250.69       26728.41          163.4883    
      32             6463.857         20283.94       26747.79          163.5475    
      33             5106.684         23915.30       29021.99          170.3584    
      34             1893.597         33716.45       35610.05          188.7063    
      35             1893.000         33718.58       35611.58          188.7103    
      36             1886.335         33749.47       35635.80          188.7745    
      37             1238.559         37874.45       39113.01          197.7701    
      38             772.4721         41502.06       42274.54          205.6077    
      39             770.8318         41515.64       42286.48          205.6368    
      40             770.2822         41522.13       42292.41          205.6512    
      44             546.4472         45499.92       46046.36          214.5842    
      48             153.5963         63278.21       63431.81          251.8567    
      52             138.0947         64900.58       65038.67          255.0268    
      56             130.4891         66233.05       66363.54          257.6112    
      60             31.69208         90327.97       90359.66          300.5988    
      64             18.68748         95722.36       95741.05          309.4205    
      68             3.498770         106492.7       106496.2          326.3376    
      72            2.6698685E-02     129665.9       129666.0          360.0917    
      76            1.1323747E-02     129943.8       129943.8          360.4772    
      80            1.7423731E-07     163236.3       163236.3          404.0251    
      84            1.4272962E-52     163320.4       163320.4          404.1292    
      88             0.000000        1.0000000E+35  1.0000000E+35     3.1622777E+17
      90             0.000000        1.0000000E+35  1.0000000E+35     3.1622777E+17
 
    Pre-calibration:- 
    Total error variance                 =  5.3582144E+08
    Total error standard deviation       =   23147.82    
 
    Post-calibration:-
    Total error variance                 =   26535.72    
    Total error standard deviation       =   162.8979    
    Minimum error variance occurs at singular value number 30.
 
 
 PREDUNC1 analysis for prediction "q7834" ----->

    Pre-calibration:- 
    Total uncertainty variance           =  5.3582157E+08
    Total uncertainty standard deviation =   23147.82    
 
    Post-calibration:-
    Total uncertainty variance           =   21313.08    
    Total uncertainty standard deviation =   145.9900    
 
 
 PREDUNC4 analysis for prediction "q7834" ----->

    Contributions to predictive uncertainty variance

    Parameter      Pre-cal             Post-cal
    group          contribution        contribution
    ---------      ------------        ------------
    ddsd            3.1626000E+07        714.9000    
    ddsw             0.000000            12.60000    
    ddgd             1524470.            8.730000    
    ddgw             0.000000            0.000000    
    rcsd             8232590.            13191.78    
    rcsw             0.000000            271.7800    
    rcrd             2475520.            7557.930    
    rcrw             0.000000            12.86000    
    rcgd             1524470.            8.730000    
    rcgw             0.000000            0.000000    
    tl              4.7299660E+07        343.5200    
    xw               0.000000            0.000000    
    yw               0.000000            0.000000    
    x                0.000000            0.000000    
    y                0.000000            0.000000    
    tlr              0.000000            0.000000    
    tls              0.000000            0.000000    
    beta            4.4313870E+08        31.80000    
 
 
 PREDUNC5 observation subtraction analysis for prediction "q7834" ----->

    Increases in predictive uncertainty variance incurred through loss of observations

    Observation_group        Variance_increase
    -----------------        -----------------
    q                          21313.08    
 
 
 PREDUNC5 observation addition analysis for prediction "q7834" ----->

    Decreases in pre-calibration predictive uncertainty variance incurred through addition of observations

    Observation_group        Variance_decrease
    -----------------        -----------------
    q                          21313.08    
