 
 
                   ###################################################
                   #                                                 #
                   #      GENLINPRED UNCERTAINTY/ERROR ANALYSIS      #
                   #                                                 #
                   ###################################################
 
 
 
                   ANALYSIS DETAILS
                   ----------------
 
    Name of PEST control file                                   : master_lu.pst
    Factor by which to multiply observation weights             : 1.0000
    Source of parameter uncertainty data                        : uncertainty file
    Name of uncertainty file                                    : master_lu.unc
 
    Perform global parameter estimability analysis              : yes
         Parameter identifiability                              : yes
         Relative parameter error reduction                     : no
         Relative parameter uncertainty reduction               : yes
 
    Analyse error/uncertainty of an entity                      : yes
         Name of entity                                         : q8053
         Type of entity                                         : prediction
         File containing prediction sensitivities               : master_lu.jco
 
         Total error variance                                   : yes
         Total uncertainty                                      : yes
 
         Parameter contributions to error variance              : no
         Parameter contributions to uncertainty                 : yes
         Parameter contributions                                : by group
 
         Observation worth in reducing error variance           : no
         Observation worth in reducing uncertainty variance     : yes
         Observation worth                                      : by group


                   ANALYSIS OF PARAMETERS
                   ----------------------


 Outcomes of running program SUPCALC ----->
 
    Number of dimensions of calibration solution space = 29
    Number of dimensions of calibration null space     = 61

 Outcomes of parameter identifiability and error/uncertainty variance reduction analysis ----->
 
    Parameter              Identifiability        Rel_uncert_var_redn
    ---------              ---------------        -------------------
    ddsd                    0.9983481              0.9972470
    ddsw                    0.9999999              0.9999999
    ddgd                    9.8758952E-03          9.9203000E-03
    ddgw                    0.4968556              0.4995913
    rcs1d                   6.4156593E-12          3.0000000E-07
    rcs1w                   4.6274464E-11          1.0000000E-06
    rcs2d                   7.4847474E-06          4.0118000E-02
    rcs2w                   1.8759127E-05          2.5852400E-02
    rcs3d                   5.1557437E-04          0.6441234
    rcs3w                   1.5126506E-03          0.2770096
    rcs4d                   1.0509059E-04          0.2971621
    rcs4w                   1.1753331E-03          0.2097582
    rcs5d                   7.0660996E-04          0.4848622
    rcs5w                   9.3484037E-04          0.5013696
    rcs6d                   5.5369553E-04          0.3882047
    rcs6w                   7.9267335E-04          0.6316269
    rcs7d                   4.6862823E-04          0.4649301
    rcs7w                   0.9996375              0.9999039
    rcs8d                   0.9999095              0.9999743
    rcs8w                   0.9999927              0.9999980
    rcs9d                   2.3335583E-04          0.3440929
    rcs9w                   0.9996603              0.9999679
    rcs10d                  5.3756938E-04          0.5911573
    rcs10w                  4.5868182E-03          0.9465364
    rcs11d                  2.6600878E-03          0.8124157
    rcs11w                  0.9999074              0.9999901
    rcs12d                  0.9971799              0.9995244
    rcs12w                  0.9998173              0.9999358
    rcs13d                  0.9998239              0.9997448
    rcs13w                  0.9999006              0.9999424
    rcs14d                  0.9996281              0.9986747
    rcs14w                  0.9997527              0.9999325
    rcs15d                  0.9893799              0.9968610
    rcs15w                  0.9998210              0.9997287
    rcs16d                  0.3799089              0.9450422
    rcs16w                  0.9989518              0.9982755
    rcs17d                  0.4076557              0.8640019
    rcs17w                  0.8723656              0.9943942
    rcs18d                  0.1954192              0.6804608
    rcs18w                  0.1230396              0.8938861
    rcs19d                  2.8819693E-02          0.1992927
    rcs19w                  1.0416534E-02          0.2596901
    rcr1d                   7.6850757E-11           0.000000
    rcr1w                   8.2855110E-04          1.1343300E-02
    rcr2d                   8.1620946E-07          9.9000000E-06
    rcr2w                   0.4731277              0.9742735
    rcr3d                   2.3222327E-05          2.2180000E-04
    rcr3w                   0.3805543              0.9759463
    rcr4d                   1.7065796E-04          1.3945000E-03
    rcr4w                   0.9915368              0.9996613
    rcr5d                   1.1597642E-03          3.1188000E-03
    rcr5w                   5.5116364E-03          0.8215564
    rcr6d                   1.6163756E-03          3.4158000E-03
    rcr6w                   3.7693040E-03          0.7403530
    rcr7d                   0.9358517              0.9851112
    rcr7w                   4.4607529E-03          0.8997058
    rcr8d                   3.8674559E-04          1.6060700E-02
    rcr8w                   5.5856353E-02          0.9323104
    rcr9d                   4.7283421E-05          4.4906000E-03
    rcr9w                   8.8434255E-02          0.9104554
    rcr10d                  3.3174632E-05          3.8368000E-03
    rcr10w                  0.9866445              0.9991623
    rcr11d                  3.2541127E-05          6.2766000E-03
    rcr11w                  4.5140536E-02          0.8286377
    rcr12d                  3.7278854E-05          7.3675000E-03
    rcr12w                  5.4784562E-02          0.8560408
    rcr13d                  3.0229546E-06          1.0382000E-03
    rcr13w                  7.6219336E-02          0.9151251
    rcr14d                  3.0275182E-07          1.9280000E-04
    rcr14w                  0.1082248              0.8646326
    rcr15d                  5.0479962E-08          4.3000000E-05
    rcr15w                  5.4104763E-02          0.4688310
    rcr16d                  9.5426544E-09          1.3000000E-05
    rcr16w                  8.4375310E-02          0.2190348
    rcr17d                  2.4915201E-09          3.0000000E-06
    rcr17w                  0.3827257              0.5678747
    rcr18d                  3.3630677E-10          4.0000000E-07
    rcr18w                  0.2383034              0.5983096
    rcr19d                  2.7264495E-11           0.000000
    rcr19w                  1.9681480E-02          6.1698600E-02
    rcgd                    0.9876724              0.9894420
    rcgw                    0.4968556              0.4995913
    tl                       1.000000               1.000000
    xw                      8.8527304E-04          0.2803182
    yw                      8.1378434E-05          9.4955000E-03
    x                       0.9999917              0.9999955
    y                       0.9999994              0.9999994
    tlr                      0.000000               0.000000
    tls                      0.000000               0.000000
    beta                    0.9999907              0.9999986
 
    Note: run IDENTPAR yourself to see identiability contributions by different solution 
    space eigencomponents.


                   ANALYSIS OF PREDICTION
                   ----------------------

 PREDVAR1 analysis for prediction "q8053" ----->

    Sing_val       Null-space       Soln-space     Total             Total
    index          term             term           variance          std_dev
    --------       ----------       ----------     --------          -------
       0            5.1276365E+10     0.000000      5.1276365E+10      226442.9    
       4            7.0594607E+09     1184.735      7.0594618E+09      84020.60    
       8            1.1620075E+09     2457.098      1.1620099E+09      34088.27    
      12            3.7484990E+08     5965.373      3.7485586E+08      19361.19    
      16            7.8885776E+07     8505.155      7.8894281E+07      8882.245    
      20            4.0737865E+07     14248.70      4.0752114E+07      6383.738    
      24             1236132.         35870.55       1272002.          1127.831    
      28             64980.78         42893.60       107874.4          328.4424    
      32             41564.45         43140.56       84705.01          291.0413    
      36             37945.49         43325.11       81270.59          285.0800    
      40             30255.51         44020.78       74276.29          272.5368    
      44             603.4498         54207.05       54810.50          234.1164    
      45             321.5513         54310.98       54632.53          233.7360    
      46             270.0023         54331.19       54601.19          233.6690    
      47             155.0659         54386.44       54541.51          233.5412    
      48             145.9968         54390.96       54536.96          233.5315    
      49             145.2502         54391.57       54536.82          233.5312    
      50             121.9029         54412.17       54534.07          233.5253    
      51             121.8956         54412.18       54534.08          233.5253    
      52             119.4978         54416.80       54536.30          233.5301    
      53             116.2358         54427.00       54543.24          233.5449    
      54             115.3490         54430.79       54546.14          233.5512    
      55             112.5360         54443.92       54556.46          233.5732    
      56             111.8061         54447.70       54559.50          233.5798    
      57             111.5894         54448.85       54560.44          233.5818    
      58             103.7461         54512.68       54616.42          233.7016    
      59             103.6373         54513.85       54617.49          233.7039    
      60             86.15587         55012.79       55098.94          234.7316    
      64             3.993953         57787.27       57791.26          240.3981    
      68            0.5864740         58822.61       58823.19          242.5349    
      72            0.4525927         58951.78       58952.23          242.8008    
      76            2.5175637E-02     62366.96       62366.99          249.7338    
      80            2.8278131E-04     65442.95       65442.95          255.8182    
      84            4.8584397E-05     66130.66       66130.66          257.1588    
      88            2.6640264E-45     82473.96       82473.96          287.1828    
      90             0.000000        1.0000000E+35  1.0000000E+35     3.1622777E+17
 
    Pre-calibration:- 
    Total error variance                 =  5.1276365E+10
    Total error standard deviation       =   226442.9    
 
    Post-calibration:-
    Total error variance                 =   54534.07    
    Total error standard deviation       =   233.5253    
    Minimum error variance occurs at singular value number 50.
 
 
 PREDUNC1 analysis for prediction "q8053" ----->

    Pre-calibration:- 
    Total uncertainty variance           =  5.1276387E+10
    Total uncertainty standard deviation =   226442.9    
 
    Post-calibration:-
    Total uncertainty variance           =   51729.09    
    Total uncertainty standard deviation =   227.4403    
 
 
 PREDUNC4 analysis for prediction "q8053" ----->

    Contributions to predictive uncertainty variance

    Parameter      Pre-cal             Post-cal
    group          contribution        contribution
    ---------      ------------        ------------
    ddsd             1000.000            398.3000    
    ddsw             0.000000           0.1100000    
    ddgd             2007000.           0.2100000    
    ddgw             0.000000           2.0000000E-02
    rcsd            2.9256000E+07        25529.60    
    rcsw             0.000000            448.9500    
    rcrd             4000.000            359.8300    
    rcrw             0.000000            326.4400    
    rcgd            2.0073500E+08        1497.220    
    rcgw             0.000000           2.0000000E-02
    tl              5.2408770E+09        8.850000    
    xw               0.000000            1.150000    
    yw               0.000000           0.7700000    
    x                8491000.            1.220000    
    y               5.7996000E+07        35.26000    
    tlr              0.000000            0.000000    
    tls              0.000000            0.000000    
    beta            4.5736998E+10        493.2100    
 
 
 PREDUNC5 observation subtraction analysis for prediction "q8053" ----->

    Increases in predictive uncertainty variance incurred through loss of observations

    Observation_group        Variance_increase
    -----------------        -----------------
    q                         4.6035437E+10
    swe                        22.61000    
 
 
 PREDUNC5 observation addition analysis for prediction "q8053" ----->

    Decreases in pre-calibration predictive uncertainty variance incurred through addition of observations

    Observation_group        Variance_decrease
    -----------------        -----------------
    q                         5.1276313E+10
    swe                       5.2408760E+09
