 
 
                   ###################################################
                   #                                                 #
                   #      GENLINPRED UNCERTAINTY/ERROR ANALYSIS      #
                   #                                                 #
                   ###################################################
 
 
 
                   ANALYSIS DETAILS
                   ----------------
 
    Name of PEST control file                                   : master_lu.pst
    Factor by which to multiply observation weights             : 1.0000
    Source of parameter uncertainty data                        : uncertainty file
    Name of uncertainty file                                    : master_lu.unc
 
    Perform global parameter estimability analysis              : yes
         Parameter identifiability                              : yes
         Relative parameter error reduction                     : no
         Relative parameter uncertainty reduction               : yes
 
    Analyse error/uncertainty of an entity                      : yes
         Name of entity                                         : q8054
         Type of entity                                         : prediction
         File containing prediction sensitivities               : master_lu.jco
 
         Total error variance                                   : yes
         Total uncertainty                                      : yes
 
         Parameter contributions to error variance              : no
         Parameter contributions to uncertainty                 : yes
         Parameter contributions                                : by group
 
         Observation worth in reducing error variance           : no
         Observation worth in reducing uncertainty variance     : yes
         Observation worth                                      : by group


                   ANALYSIS OF PARAMETERS
                   ----------------------


 Outcomes of running program SUPCALC ----->
 
    Number of dimensions of calibration solution space = 29
    Number of dimensions of calibration null space     = 61

 Outcomes of parameter identifiability and error/uncertainty variance reduction analysis ----->
 
    Parameter              Identifiability        Rel_uncert_var_redn
    ---------              ---------------        -------------------
    ddsd                    0.9983481              0.9972470
    ddsw                    0.9999999              0.9999999
    ddgd                    9.8758952E-03          9.9203000E-03
    ddgw                    0.4968556              0.4995913
    rcs1d                   6.4156593E-12          3.0000000E-07
    rcs1w                   4.6274464E-11          1.0000000E-06
    rcs2d                   7.4847474E-06          4.0118000E-02
    rcs2w                   1.8759127E-05          2.5852400E-02
    rcs3d                   5.1557437E-04          0.6441234
    rcs3w                   1.5126506E-03          0.2770096
    rcs4d                   1.0509059E-04          0.2971621
    rcs4w                   1.1753331E-03          0.2097582
    rcs5d                   7.0660996E-04          0.4848622
    rcs5w                   9.3484037E-04          0.5013696
    rcs6d                   5.5369553E-04          0.3882047
    rcs6w                   7.9267335E-04          0.6316269
    rcs7d                   4.6862823E-04          0.4649301
    rcs7w                   0.9996375              0.9999039
    rcs8d                   0.9999095              0.9999743
    rcs8w                   0.9999927              0.9999980
    rcs9d                   2.3335583E-04          0.3440929
    rcs9w                   0.9996603              0.9999679
    rcs10d                  5.3756938E-04          0.5911573
    rcs10w                  4.5868182E-03          0.9465364
    rcs11d                  2.6600878E-03          0.8124157
    rcs11w                  0.9999074              0.9999901
    rcs12d                  0.9971799              0.9995244
    rcs12w                  0.9998173              0.9999358
    rcs13d                  0.9998239              0.9997448
    rcs13w                  0.9999006              0.9999424
    rcs14d                  0.9996281              0.9986747
    rcs14w                  0.9997527              0.9999325
    rcs15d                  0.9893799              0.9968610
    rcs15w                  0.9998210              0.9997287
    rcs16d                  0.3799089              0.9450422
    rcs16w                  0.9989518              0.9982755
    rcs17d                  0.4076557              0.8640019
    rcs17w                  0.8723656              0.9943942
    rcs18d                  0.1954192              0.6804608
    rcs18w                  0.1230396              0.8938861
    rcs19d                  2.8819693E-02          0.1992927
    rcs19w                  1.0416534E-02          0.2596901
    rcr1d                   7.6850757E-11           0.000000
    rcr1w                   8.2855110E-04          1.1343300E-02
    rcr2d                   8.1620946E-07          9.9000000E-06
    rcr2w                   0.4731277              0.9742735
    rcr3d                   2.3222327E-05          2.2180000E-04
    rcr3w                   0.3805543              0.9759463
    rcr4d                   1.7065796E-04          1.3945000E-03
    rcr4w                   0.9915368              0.9996613
    rcr5d                   1.1597642E-03          3.1188000E-03
    rcr5w                   5.5116364E-03          0.8215564
    rcr6d                   1.6163756E-03          3.4158000E-03
    rcr6w                   3.7693040E-03          0.7403530
    rcr7d                   0.9358517              0.9851112
    rcr7w                   4.4607529E-03          0.8997058
    rcr8d                   3.8674559E-04          1.6060700E-02
    rcr8w                   5.5856353E-02          0.9323104
    rcr9d                   4.7283421E-05          4.4906000E-03
    rcr9w                   8.8434255E-02          0.9104554
    rcr10d                  3.3174632E-05          3.8368000E-03
    rcr10w                  0.9866445              0.9991623
    rcr11d                  3.2541127E-05          6.2766000E-03
    rcr11w                  4.5140536E-02          0.8286377
    rcr12d                  3.7278854E-05          7.3675000E-03
    rcr12w                  5.4784562E-02          0.8560408
    rcr13d                  3.0229546E-06          1.0382000E-03
    rcr13w                  7.6219336E-02          0.9151251
    rcr14d                  3.0275182E-07          1.9280000E-04
    rcr14w                  0.1082248              0.8646326
    rcr15d                  5.0479962E-08          4.3000000E-05
    rcr15w                  5.4104763E-02          0.4688310
    rcr16d                  9.5426544E-09          1.3000000E-05
    rcr16w                  8.4375310E-02          0.2190348
    rcr17d                  2.4915201E-09          3.0000000E-06
    rcr17w                  0.3827257              0.5678747
    rcr18d                  3.3630677E-10          4.0000000E-07
    rcr18w                  0.2383034              0.5983096
    rcr19d                  2.7264495E-11           0.000000
    rcr19w                  1.9681480E-02          6.1698600E-02
    rcgd                    0.9876724              0.9894420
    rcgw                    0.4968556              0.4995913
    tl                       1.000000               1.000000
    xw                      8.8527304E-04          0.2803182
    yw                      8.1378434E-05          9.4955000E-03
    x                       0.9999917              0.9999955
    y                       0.9999994              0.9999994
    tlr                      0.000000               0.000000
    tls                      0.000000               0.000000
    beta                    0.9999907              0.9999986
 
    Note: run IDENTPAR yourself to see identiability contributions by different solution 
    space eigencomponents.


                   ANALYSIS OF PREDICTION
                   ----------------------

 PREDVAR1 analysis for prediction "q8054" ----->

    Sing_val       Null-space       Soln-space     Total             Total
    index          term             term           variance          std_dev
    --------       ----------       ----------     --------          -------
       0            5.0975488E+10     0.000000      5.0975488E+10      225777.5    
       4            7.0239325E+09     1178.114      7.0239337E+09      83808.91    
       8            1.1653912E+09     2442.137      1.1653937E+09      34137.86    
      12            3.7666084E+08     5953.789      3.7666679E+08      19407.91    
      16            8.0642217E+07     8492.538      8.0650709E+07      8980.574    
      20            4.1742911E+07     14322.99      4.1757234E+07      6461.984    
      24             1277276.         36542.38       1313819.          1146.219    
      28             63849.83         43827.68       107677.5          328.1425    
      32             41388.77         44064.78       85453.55          292.3244    
      36             37564.43         44258.94       81823.37          286.0478    
      40             28208.75         45100.81       73309.57          270.7574    
      44             589.2967         54588.42       55177.72          234.8994    
      45             325.0555         54685.84       55010.90          234.5440    
      46             274.8541         54705.52       54980.38          234.4790    
      47             161.3313         54760.10       54921.43          234.3532    
      48             150.9185         54765.29       54916.21          234.3421    
      49             150.0541         54765.99       54916.04          234.3417    
      50             125.6366         54787.53       54913.17          234.3356    
      51             125.5774         54787.63       54913.21          234.3357    
      52             122.9508         54792.69       54915.64          234.3409    
      53             119.3184         54804.05       54923.37          234.3574    
      54             118.4306         54807.84       54926.28          234.3636    
      55             115.4314         54821.84       54937.27          234.3870    
      56             114.6464         54825.90       54940.55          234.3940    
      57             114.5034         54826.66       54941.17          234.3953    
      58             106.4711         54892.03       54998.50          234.5176    
      59             106.3579         54893.25       54999.61          234.5200    
      60             88.19265         55411.70       55499.90          235.5842    
      64             4.261634         58245.59       58249.85          241.3501    
      68            0.6354992         59340.06       59340.69          243.5994    
      72            0.4799091         59492.96       59493.44          243.9128    
      76            2.7041882E-02     63121.85       63121.87          251.2407    
      80            2.9388244E-04     66431.18       66431.18          257.7425    
      84            4.7645646E-05     67176.48       67176.48          259.1843    
      88            2.4838842E-45     83016.71       83016.71          288.1262    
      90             0.000000        1.0000000E+35  1.0000000E+35     3.1622777E+17
 
    Pre-calibration:- 
    Total error variance                 =  5.0975488E+10
    Total error standard deviation       =   225777.5    
 
    Post-calibration:-
    Total error variance                 =   54913.17    
    Total error standard deviation       =   234.3356    
    Minimum error variance occurs at singular value number 50.
 
 
 PREDUNC1 analysis for prediction "q8054" ----->

    Pre-calibration:- 
    Total uncertainty variance           =  5.0975480E+10
    Total uncertainty standard deviation =   225777.5    
 
    Post-calibration:-
    Total uncertainty variance           =   52273.69    
    Total uncertainty standard deviation =   228.6344    
 
 
 PREDUNC4 analysis for prediction "q8054" ----->

    Contributions to predictive uncertainty variance

    Parameter      Pre-cal             Post-cal
    group          contribution        contribution
    ---------      ------------        ------------
    ddsd             0.000000            382.7000    
    ddsw             0.000000           0.1300000    
    ddgd             2025000.           0.2200000    
    ddgw             0.000000           1.0000000E-02
    rcsd            2.7160000E+07        25729.42    
    rcsw             0.000000            493.2900    
    rcrd             4000.000            353.8900    
    rcrw             0.000000            357.1200    
    rcgd            2.0254600E+08        1557.440    
    rcgw             0.000000           1.0000000E-02
    tl              5.1983610E+09        8.920000    
    xw               0.000000            1.530000    
    yw               0.000000           0.7300000    
    x                7778000.            1.410000    
    y               5.2325000E+07        39.39000    
    tlr              0.000000            0.000000    
    tls              0.000000            0.000000    
    beta            4.5485287E+10        544.3000    
 
 
 PREDUNC5 observation subtraction analysis for prediction "q8054" ----->

    Increases in predictive uncertainty variance incurred through loss of observations

    Observation_group        Variance_increase
    -----------------        -----------------
    q                         4.5777075E+10
    swe                        22.91000    
 
 
 PREDUNC5 observation addition analysis for prediction "q8054" ----->

    Decreases in pre-calibration predictive uncertainty variance incurred through addition of observations

    Observation_group        Variance_decrease
    -----------------        -----------------
    q                         5.0975436E+10
    swe                       5.1983610E+09
