 
 
                   ###################################################
                   #                                                 #
                   #      GENLINPRED UNCERTAINTY/ERROR ANALYSIS      #
                   #                                                 #
                   ###################################################
 
 
 
                   ANALYSIS DETAILS
                   ----------------
 
    Name of PEST control file                                   : master_lu.pst
    Factor by which to multiply observation weights             : 1.0000
    Source of parameter uncertainty data                        : uncertainty file
    Name of uncertainty file                                    : master_lu.unc
 
    Perform global parameter estimability analysis              : yes
         Parameter identifiability                              : yes
         Relative parameter error reduction                     : no
         Relative parameter uncertainty reduction               : yes
 
    Analyse error/uncertainty of an entity                      : yes
         Name of entity                                         : q7789
         Type of entity                                         : prediction
         File containing prediction sensitivities               : master_lu.jco
 
         Total error variance                                   : yes
         Total uncertainty                                      : yes
 
         Parameter contributions to error variance              : no
         Parameter contributions to uncertainty                 : yes
         Parameter contributions                                : by group
 
         Observation worth in reducing error variance           : no
         Observation worth in reducing uncertainty variance     : yes
         Observation worth                                      : by group


                   ANALYSIS OF PARAMETERS
                   ----------------------


 Outcomes of running program SUPCALC ----->
 
    Number of dimensions of calibration solution space = 29
    Number of dimensions of calibration null space     = 61

 Outcomes of parameter identifiability and error/uncertainty variance reduction analysis ----->
 
    Parameter              Identifiability        Rel_uncert_var_redn
    ---------              ---------------        -------------------
    ddsd                    0.9983481              0.9972470
    ddsw                    0.9999999              0.9999999
    ddgd                    9.8758952E-03          9.9203000E-03
    ddgw                    0.4968556              0.4995913
    rcs1d                   6.4156593E-12          3.0000000E-07
    rcs1w                   4.6274464E-11          1.0000000E-06
    rcs2d                   7.4847474E-06          4.0118000E-02
    rcs2w                   1.8759127E-05          2.5852400E-02
    rcs3d                   5.1557437E-04          0.6441234
    rcs3w                   1.5126506E-03          0.2770096
    rcs4d                   1.0509059E-04          0.2971621
    rcs4w                   1.1753331E-03          0.2097582
    rcs5d                   7.0660996E-04          0.4848622
    rcs5w                   9.3484037E-04          0.5013696
    rcs6d                   5.5369553E-04          0.3882047
    rcs6w                   7.9267335E-04          0.6316269
    rcs7d                   4.6862823E-04          0.4649301
    rcs7w                   0.9996375              0.9999039
    rcs8d                   0.9999095              0.9999743
    rcs8w                   0.9999927              0.9999980
    rcs9d                   2.3335583E-04          0.3440929
    rcs9w                   0.9996603              0.9999679
    rcs10d                  5.3756938E-04          0.5911573
    rcs10w                  4.5868182E-03          0.9465364
    rcs11d                  2.6600878E-03          0.8124157
    rcs11w                  0.9999074              0.9999901
    rcs12d                  0.9971799              0.9995244
    rcs12w                  0.9998173              0.9999358
    rcs13d                  0.9998239              0.9997448
    rcs13w                  0.9999006              0.9999424
    rcs14d                  0.9996281              0.9986747
    rcs14w                  0.9997527              0.9999325
    rcs15d                  0.9893799              0.9968610
    rcs15w                  0.9998210              0.9997287
    rcs16d                  0.3799089              0.9450422
    rcs16w                  0.9989518              0.9982755
    rcs17d                  0.4076557              0.8640019
    rcs17w                  0.8723656              0.9943942
    rcs18d                  0.1954192              0.6804608
    rcs18w                  0.1230396              0.8938861
    rcs19d                  2.8819693E-02          0.1992927
    rcs19w                  1.0416534E-02          0.2596901
    rcr1d                   7.6850757E-11           0.000000
    rcr1w                   8.2855110E-04          1.1343300E-02
    rcr2d                   8.1620946E-07          9.9000000E-06
    rcr2w                   0.4731277              0.9742735
    rcr3d                   2.3222327E-05          2.2180000E-04
    rcr3w                   0.3805543              0.9759463
    rcr4d                   1.7065796E-04          1.3945000E-03
    rcr4w                   0.9915368              0.9996613
    rcr5d                   1.1597642E-03          3.1188000E-03
    rcr5w                   5.5116364E-03          0.8215564
    rcr6d                   1.6163756E-03          3.4158000E-03
    rcr6w                   3.7693040E-03          0.7403530
    rcr7d                   0.9358517              0.9851112
    rcr7w                   4.4607529E-03          0.8997058
    rcr8d                   3.8674559E-04          1.6060700E-02
    rcr8w                   5.5856353E-02          0.9323104
    rcr9d                   4.7283421E-05          4.4906000E-03
    rcr9w                   8.8434255E-02          0.9104554
    rcr10d                  3.3174632E-05          3.8368000E-03
    rcr10w                  0.9866445              0.9991623
    rcr11d                  3.2541127E-05          6.2766000E-03
    rcr11w                  4.5140536E-02          0.8286377
    rcr12d                  3.7278854E-05          7.3675000E-03
    rcr12w                  5.4784562E-02          0.8560408
    rcr13d                  3.0229546E-06          1.0382000E-03
    rcr13w                  7.6219336E-02          0.9151251
    rcr14d                  3.0275182E-07          1.9280000E-04
    rcr14w                  0.1082248              0.8646326
    rcr15d                  5.0479962E-08          4.3000000E-05
    rcr15w                  5.4104763E-02          0.4688310
    rcr16d                  9.5426544E-09          1.3000000E-05
    rcr16w                  8.4375310E-02          0.2190348
    rcr17d                  2.4915201E-09          3.0000000E-06
    rcr17w                  0.3827257              0.5678747
    rcr18d                  3.3630677E-10          4.0000000E-07
    rcr18w                  0.2383034              0.5983096
    rcr19d                  2.7264495E-11           0.000000
    rcr19w                  1.9681480E-02          6.1698600E-02
    rcgd                    0.9876724              0.9894420
    rcgw                    0.4968556              0.4995913
    tl                       1.000000               1.000000
    xw                      8.8527304E-04          0.2803182
    yw                      8.1378434E-05          9.4955000E-03
    x                       0.9999917              0.9999955
    y                       0.9999994              0.9999994
    tlr                      0.000000               0.000000
    tls                      0.000000               0.000000
    beta                    0.9999907              0.9999986
 
    Note: run IDENTPAR yourself to see identiability contributions by different solution 
    space eigencomponents.


                   ANALYSIS OF PREDICTION
                   ----------------------

 PREDVAR1 analysis for prediction "q7789" ----->

    Sing_val       Null-space       Soln-space     Total             Total
    index          term             term           variance          std_dev
    --------       ----------       ----------     --------          -------
       0            3.9948613E+10     0.000000      3.9948613E+10      199871.5    
       4            5.8822630E+09     954.6115      5.8822639E+09      76695.92    
       8            1.1337980E+09     1970.645      1.1338000E+09      33671.95    
      12            3.0604805E+08     5368.834      3.0605342E+08      17494.38    
      16            6.2495404E+07     7478.790      6.2502883E+07      7905.876    
      20            2.3707773E+07     10920.27      2.3718693E+07      4870.184    
      24             1363950.         24735.77       1388685.          1178.425    
      28             235249.1         31454.80       266703.9          516.4338    
      32             53437.88         33390.22       86828.11          294.6661    
      36             52210.09         33426.53       85636.61          292.6373    
      40             376.9000         37976.48       38353.38          195.8402    
      41             349.8914         37980.93       38330.82          195.7826    
      42             345.5469         37982.09       38327.64          195.7745    
      43             253.0624         38007.43       38260.49          195.6029    
      44             252.2792         38007.70       38259.98          195.6016    
      45             249.0396         38008.89       38257.93          195.5963    
      46             238.3785         38013.07       38251.45          195.5798    
      47             227.0858         38018.50       38245.58          195.5648    
      48             208.5763         38027.73       38236.31          195.5411    
      49             204.5905         38030.95       38235.54          195.5391    
      50             187.5313         38046.00       38233.54          195.5340    
      51             137.4998         38126.30       38263.80          195.6113    
      52             122.7236         38154.77       38277.49          195.6463    
      53             106.3057         38206.10       38312.40          195.7355    
      54             104.7447         38212.78       38317.52          195.7486    
      55             104.5282         38213.79       38318.31          195.7506    
      56             94.41622         38266.09       38360.50          195.8584    
      60             62.65744         38570.16       38632.82          196.5523    
      64             3.988058         40558.18       40562.17          201.4005    
      68            0.4268281         41500.73       41501.16          203.7183    
      72            0.2396876         41742.51       41742.75          204.3104    
      76            4.5949138E-02     43167.02       43167.07          207.7669    
      80            4.8660408E-05     45145.00       45145.00          212.4735    
      84            6.5815992E-07     45258.28       45258.28          212.7399    
      88            5.0863852E-45     47854.30       47854.30          218.7563    
      90             0.000000        1.0000000E+35  1.0000000E+35     3.1622777E+17
 
    Pre-calibration:- 
    Total error variance                 =  3.9948613E+10
    Total error standard deviation       =   199871.5    
 
    Post-calibration:-
    Total error variance                 =   38233.54    
    Total error standard deviation       =   195.5340    
    Minimum error variance occurs at singular value number 50.
 
 
 PREDUNC1 analysis for prediction "q7789" ----->

    Pre-calibration:- 
    Total uncertainty variance           =  3.9948617E+10
    Total uncertainty standard deviation =   199871.5    
 
    Post-calibration:-
    Total uncertainty variance           =   37732.95    
    Total uncertainty standard deviation =   194.2497    
 
 
 PREDUNC4 analysis for prediction "q7789" ----->

    Contributions to predictive uncertainty variance

    Parameter      Pre-cal             Post-cal
    group          contribution        contribution
    ---------      ------------        ------------
    ddsd             0.000000           0.9700000    
    ddsw             0.000000           0.4700000    
    ddgd             1166000.           0.2500000    
    ddgw             0.000000           0.5900000    
    rcsd             70000.00            23746.87    
    rcsw             0.000000            783.6200    
    rcrd             5000.000            2460.050    
    rcrw             0.000000            670.8800    
    rcgd            1.1663600E+08        813.6300    
    rcgw             0.000000           0.5900000    
    tl              2.4585660E+09       6.0000000E-02
    xw               0.000000            55.54000    
    yw               0.000000            8.410000    
    x                0.000000            1.650000    
    y               8.0696000E+07        27.45000    
    tlr              0.000000            0.000000    
    tls              0.000000            0.000000    
    beta            3.7291472E+10        900.8300    
 
 
 PREDUNC5 observation subtraction analysis for prediction "q7789" ----->

    Increases in predictive uncertainty variance incurred through loss of observations

    Observation_group        Variance_increase
    -----------------        -----------------
    q                         3.7490009E+10
    swe                       4.0000000E-02
 
 
 PREDUNC5 observation addition analysis for prediction "q7789" ----->

    Decreases in pre-calibration predictive uncertainty variance incurred through addition of observations

    Observation_group        Variance_decrease
    -----------------        -----------------
    q                         3.9948575E+10
    swe                       2.4585660E+09
