 
 
                   ###################################################
                   #                                                 #
                   #      GENLINPRED UNCERTAINTY/ERROR ANALYSIS      #
                   #                                                 #
                   ###################################################
 
 
 
                   ANALYSIS DETAILS
                   ----------------
 
    Name of PEST control file                                   : master.pst
    Factor by which to multiply observation weights             : 1.0000
    Source of parameter uncertainty data                        : uncertainty file
    Name of uncertainty file                                    : master_lu.unc
 
    Perform global parameter estimability analysis              : yes
         Parameter identifiability                              : yes
         Relative parameter error reduction                     : no
         Relative parameter uncertainty reduction               : yes
 
    Analyse error/uncertainty of an entity                      : yes
         Name of entity                                         : q8110
         Type of entity                                         : prediction
         File containing prediction sensitivities               : master.jco
 
         Total error variance                                   : yes
         Total uncertainty                                      : yes
 
         Parameter contributions to error variance              : no
         Parameter contributions to uncertainty                 : yes
         Parameter contributions                                : by group
 
         Observation worth in reducing error variance           : no
         Observation worth in reducing uncertainty variance     : yes
         Observation worth                                      : by group


                   ANALYSIS OF PARAMETERS
                   ----------------------


 Outcomes of running program SUPCALC ----->
 
    Number of dimensions of calibration solution space = 36
    Number of dimensions of calibration null space     = 54

 Outcomes of parameter identifiability and error/uncertainty variance reduction analysis ----->
 
    Parameter              Identifiability        Rel_uncert_var_redn
    ---------              ---------------        -------------------
    ddsd                    0.9999998              0.9999857
    ddsw                    0.9999997              0.9999852
    ddgd                    0.4999785              0.4995663
    ddgw                    0.4999734              0.4995866
    rcs1d                   7.0449298E-08          4.0000000E-07
    rcs1w                   4.0069747E-11           0.000000
    rcs2d                   1.9573091E-02          0.1070801
    rcs2w                   5.5925014E-05          1.2933000E-03
    rcs3d                   3.7958208E-02          8.2322100E-02
    rcs3w                   3.0432857E-02          7.5959300E-02
    rcs4d                   2.1401755E-02          3.6173400E-02
    rcs4w                   0.1339611              0.1844060
    rcs5d                   0.2738055              0.2174886
    rcs5w                   0.6667472              0.4808912
    rcs6d                   0.3687908              0.2706488
    rcs6w                   2.3400891E-02          0.1117114
    rcs7d                   0.1596770              0.1748553
    rcs7w                   0.9986861              0.9981457
    rcs8d                   0.9999412              0.9989581
    rcs8w                   0.9999530              0.9996929
    rcs9d                   0.9998981              0.9979705
    rcs9w                   0.9995549              0.9992351
    rcs10d                  0.9992842              0.9748501
    rcs10w                  2.6848126E-02          0.4146405
    rcs11d                  7.0916600E-04          2.0104000E-02
    rcs11w                  0.9745438              0.9493789
    rcs12d                  0.9999368              0.9980510
    rcs12w                  0.9999223              0.9980646
    rcs13d                  0.9998977              0.9928964
    rcs13w                  0.9999598              0.9961452
    rcs14d                  0.9999293              0.9903780
    rcs14w                  0.9998357              0.9904119
    rcs15d                  0.9999210              0.9924723
    rcs15w                  0.9999199              0.9811952
    rcs16d                  0.9998777              0.9817929
    rcs16w                  0.9973577              0.9422777
    rcs17d                  0.9949088              0.9039419
    rcs17w                  0.8866095              0.8479809
    rcs18d                  0.8531828              0.5291988
    rcs18w                  0.1276929              0.3720997
    rcs19d                  0.1234451              8.8803600E-02
    rcs19w                  1.2317317E-04          5.1510000E-04
    rcr1d                   3.1496791E-06          5.9000000E-06
    rcr1w                   1.7113660E-06          2.3000000E-06
    rcr2d                   0.9069171              0.8848063
    rcr2w                   0.5946601              0.6694894
    rcr3d                   0.2162203              0.3826749
    rcr3w                   0.7194297              0.8160966
    rcr4d                   9.7900046E-02          0.2350048
    rcr4w                   0.3558305              0.4398420
    rcr5d                   5.8806457E-02          0.1283508
    rcr5w                   0.2519895              0.3558815
    rcr6d                   0.4348170              0.4178218
    rcr6w                   0.1529007              0.2318237
    rcr7d                   0.3880945              0.3889292
    rcr7w                   2.5034183E-02          5.3639100E-02
    rcr8d                   1.6905602E-02          0.2459918
    rcr8w                   1.8442364E-02          0.1450155
    rcr9d                   0.9985246              0.9978154
    rcr9w                   2.2391006E-02          0.1928946
    rcr10d                  3.8076400E-02          0.1806674
    rcr10w                  7.7457377E-03          9.8387200E-02
    rcr11d                  0.1601413              0.2266560
    rcr11w                  3.9841684E-03          4.7457000E-02
    rcr12d                  9.5205742E-02          0.1225936
    rcr12w                  1.8672613E-03          3.6579600E-02
    rcr13d                  0.1673601              0.1767440
    rcr13w                  0.9993183              0.9909792
    rcr14d                  0.1586267              0.1594120
    rcr14w                  0.9911773              0.9639196
    rcr15d                  0.1518480              0.1646256
    rcr15w                  2.2905089E-03          1.7114800E-02
    rcr16d                  0.1617297              0.1833653
    rcr16w                  1.3961610E-03          2.5470100E-02
    rcr17d                  6.9554157E-02          0.1009417
    rcr17w                  3.7457956E-04          7.4517000E-03
    rcr18d                  1.1744402E-02          1.9062300E-02
    rcr18w                  4.7869284E-05          1.1442000E-03
    rcr19d                  9.9369118E-04          1.6609000E-03
    rcr19w                  3.6708880E-06          9.0500000E-05
    rcgd                    0.4999785              0.4995663
    rcgw                    0.4999734              0.4995866
    tl                      0.9999999              0.9999991
    xw                       0.000000               0.000000
    yw                       0.000000               0.000000
    x                        0.000000               0.000000
    y                        0.000000               0.000000
    tlr                      0.000000               0.000000
    tls                      0.000000               0.000000
    beta                    0.9999993              0.9999829
 
    Note: run IDENTPAR yourself to see identiability contributions by different solution 
    space eigencomponents.


                   ANALYSIS OF PREDICTION
                   ----------------------

 PREDVAR1 analysis for prediction "q8110" ----->

    Sing_val       Null-space       Soln-space     Total             Total
    index          term             term           variance          std_dev
    --------       ----------       ----------     --------          -------
       0            1.8648380E+09     0.000000      1.8648380E+09      43183.77    
       4            1.4974886E+08     3500.634      1.4975236E+08      12237.33    
       8            6.0400510E+07     6658.158      6.0407168E+07      7772.205    
      12             7502340.         11060.13       7513400.          2741.058    
      16             6319562.         11525.88       6331088.          2516.165    
      20             814923.3         20179.87       835103.2          913.8398    
      24             46657.96         27123.13       73781.09          271.6267    
      28             34924.94         27449.58       62374.51          249.7489    
      29             22031.38         28170.40       50201.78          224.0575    
      30             19925.20         28499.87       48425.07          220.0570    
      31             19701.86         28557.31       48259.17          219.6797    
      32             19690.31         28560.94       48251.25          219.6617    
      33             14617.94         31106.92       45724.86          213.8337    
      34             14616.57         31107.88       45724.45          213.8328    
      35             14614.03         31109.78       45723.81          213.8313    
      36             13798.99         31833.10       45632.09          213.6167    
      37             13795.99         31836.26       45632.24          213.6170    
      38             13674.58         31999.30       45673.88          213.7145    
      39             13522.05         32212.78       45734.84          213.8571    
      40             13518.37         32218.28       45736.65          213.8613    
      41             13162.00         32866.83       46028.83          214.5433    
      42             13161.91         32867.05       46028.97          214.5436    
      43             13111.56         33021.13       46132.68          214.7852    
      44             13061.92         33173.26       46235.18          215.0237    
      48             12989.91         33569.33       46559.24          215.7759    
      52             12963.95         33810.32       46774.27          216.2736    
      56             12947.42         34180.34       47127.76          217.0893    
      60             12241.75         61839.82       74081.58          272.1793    
      64             13.78974         735651.0       735664.8          857.7090    
      68             3.677612         736542.1       736545.8          858.2225    
      72             3.219874         737030.1       737033.3          858.5064    
      76            2.2784749E-03     742107.7       742107.7          861.4567    
      80            1.4479890E-06     744023.2       744023.2          862.5678    
      84             0.000000         760421.2       760421.2          872.0213    
      88             0.000000        1.0000000E+35  1.0000000E+35     3.1622777E+17
      90             0.000000        1.0000000E+35  1.0000000E+35     3.1622777E+17
 
    Pre-calibration:- 
    Total error variance                 =  1.8648380E+09
    Total error standard deviation       =   43183.77    
 
    Post-calibration:-
    Total error variance                 =   45632.09    
    Total error standard deviation       =   213.6167    
    Minimum error variance occurs at singular value number 36.
 
 
 PREDUNC1 analysis for prediction "q8110" ----->

    Pre-calibration:- 
    Total uncertainty variance           =  1.8648380E+09
    Total uncertainty standard deviation =   43183.77    
 
    Post-calibration:-
    Total uncertainty variance           =   43735.82    
    Total uncertainty standard deviation =   209.1311    
 
 
 PREDUNC4 analysis for prediction "q8110" ----->

    Contributions to predictive uncertainty variance

    Parameter      Pre-cal             Post-cal
    group          contribution        contribution
    ---------      ------------        ------------
    ddsd            1.2515632E+09        17925.94    
    ddsw             0.000000            6.580000    
    ddgd            6.4220000E+07        1.970000    
    ddgw             0.000000            0.000000    
    rcsd             1088100.            37906.72    
    rcsw             0.000000            1091.120    
    rcrd             1207900.            1670.340    
    rcrw             0.000000            110.5800    
    rcgd            6.4220000E+07        1.970000    
    rcgw             0.000000            0.000000    
    tl               564500.0            525.5600    
    xw               0.000000            0.000000    
    yw               0.000000            0.000000    
    x                0.000000            0.000000    
    y                0.000000            0.000000    
    tlr              0.000000            0.000000    
    tls              0.000000            0.000000    
    beta            4.8197420E+08        4.320000    
 
 
 PREDUNC5 observation subtraction analysis for prediction "q8110" ----->

    Increases in predictive uncertainty variance incurred through loss of observations

    Observation_group        Variance_increase
    -----------------        -----------------
    q                          43735.82    
 
 
 PREDUNC5 observation addition analysis for prediction "q8110" ----->

    Decreases in pre-calibration predictive uncertainty variance incurred through addition of observations

    Observation_group        Variance_decrease
    -----------------        -----------------
    q                          43735.82    
