 
 
                   ###################################################
                   #                                                 #
                   #      GENLINPRED UNCERTAINTY/ERROR ANALYSIS      #
                   #                                                 #
                   ###################################################
 
 
 
                   ANALYSIS DETAILS
                   ----------------
 
    Name of PEST control file                                   : master_lu.pst
    Factor by which to multiply observation weights             : 1.0000
    Source of parameter uncertainty data                        : uncertainty file
    Name of uncertainty file                                    : master_lu.unc
 
    Perform global parameter estimability analysis              : yes
         Parameter identifiability                              : yes
         Relative parameter error reduction                     : no
         Relative parameter uncertainty reduction               : yes
 
    Analyse error/uncertainty of an entity                      : yes
         Name of entity                                         : q7773
         Type of entity                                         : prediction
         File containing prediction sensitivities               : master_lu.jco
 
         Total error variance                                   : yes
         Total uncertainty                                      : yes
 
         Parameter contributions to error variance              : no
         Parameter contributions to uncertainty                 : yes
         Parameter contributions                                : by group
 
         Observation worth in reducing error variance           : no
         Observation worth in reducing uncertainty variance     : yes
         Observation worth                                      : by group


                   ANALYSIS OF PARAMETERS
                   ----------------------


 Outcomes of running program SUPCALC ----->
 
    Number of dimensions of calibration solution space = 30
    Number of dimensions of calibration null space     = 60

 Outcomes of parameter identifiability and error/uncertainty variance reduction analysis ----->
 
    Parameter              Identifiability        Rel_uncert_var_redn
    ---------              ---------------        -------------------
    ddsd                    0.9999966              0.9999559
    ddsw                    0.9999997              0.9999808
    ddgd                    0.4983920              0.4976951
    ddgw                    0.4999963              0.4998316
    rcs1d                   6.5128944E-09          1.0000000E-07
    rcs1w                   1.0371307E-09           0.000000
    rcs2d                   1.1307272E-03          1.1650200E-02
    rcs2w                   2.8575701E-04          3.5829000E-03
    rcs3d                   6.6658705E-03          3.1414900E-02
    rcs3w                   2.7744623E-02          6.8260000E-02
    rcs4d                   3.8560009E-03          1.6135100E-02
    rcs4w                   0.9833834              0.8214416
    rcs5d                   5.4911871E-02          0.1608183
    rcs5w                   0.9649025              0.8200011
    rcs6d                   6.5377157E-02          0.2028123
    rcs6w                   8.5591250E-02          0.3134838
    rcs7d                   2.0863004E-02          8.8293100E-02
    rcs7w                   0.9985140              0.9919896
    rcs8d                   0.9999520              0.9993797
    rcs8w                   1.0209187E-02          0.1784208
    rcs9d                   0.9977706              0.9901358
    rcs9w                   0.9999430              0.9997937
    rcs10d                  2.5342339E-03          4.4574000E-02
    rcs10w                  9.7390449E-04          2.6323500E-02
    rcs11d                  1.3895222E-04          3.8675000E-03
    rcs11w                  2.9592260E-03          5.9131600E-02
    rcs12d                  0.9995711              0.9936126
    rcs12w                  0.9965645              0.9758459
    rcs13d                  0.9990223              0.9730304
    rcs13w                  0.9999884              0.9985946
    rcs14d                  0.9988194              0.9712982
    rcs14w                  0.9999880              0.9950852
    rcs15d                  0.9994657              0.9741050
    rcs15w                  0.9998316              0.9837023
    rcs16d                  0.9986745              0.9276175
    rcs16w                  0.9955906              0.9556664
    rcs17d                  0.8713273              0.7940871
    rcs17w                  0.9203909              0.8813412
    rcs18d                  0.1267359              0.3080690
    rcs18w                  8.4004907E-02          0.2803532
    rcs19d                  9.5839326E-03          4.5885900E-02
    rcs19w                  6.8616630E-05          3.1990000E-04
    rcr1d                   1.0309246E-06          1.8000000E-06
    rcr1w                   2.7055445E-06          1.9000000E-06
    rcr2d                   0.9106360              0.9142241
    rcr2w                   0.8878088              0.5154261
    rcr3d                   9.1338517E-02          0.1664137
    rcr3w                   0.9740031              0.9452613
    rcr4d                   4.6020826E-02          7.6654900E-02
    rcr4w                   2.9587875E-02          7.0241000E-02
    rcr5d                   5.2370140E-02          6.6132200E-02
    rcr5w                   1.7523554E-03          8.8713000E-03
    rcr6d                   0.1355561              0.1632625
    rcr6w                   5.4930599E-03          2.0286000E-02
    rcr7d                   0.1307461              0.1569219
    rcr7w                   3.7475903E-03          2.5931300E-02
    rcr8d                   6.4425540E-02          8.6878700E-02
    rcr8w                   1.4223613E-02          5.5848100E-02
    rcr9d                   4.9137921E-02          5.5007100E-02
    rcr9w                   1.3126244E-02          6.0509500E-02
    rcr10d                  9.3803382E-02          9.9433600E-02
    rcr10w                  1.3140157E-03          1.2008100E-02
    rcr11d                  8.1376146E-02          8.8387900E-02
    rcr11w                  1.4260194E-04          3.3461000E-03
    rcr12d                  5.5556955E-02          5.7455400E-02
    rcr12w                  9.6084661E-05          3.3588000E-03
    rcr13d                  4.7149602E-02          5.6807600E-02
    rcr13w                  0.9996544              0.9872289
    rcr14d                  3.4983413E-02          6.4563400E-02
    rcr14w                  0.9984065              0.9519994
    rcr15d                  2.0821200E-02          6.0707600E-02
    rcr15w                  2.1752643E-04          1.2264000E-03
    rcr16d                  2.0340362E-02          7.0236800E-02
    rcr16w                  3.1606576E-04          3.2027000E-03
    rcr17d                  9.6390064E-03          3.8003000E-02
    rcr17w                  1.9714334E-04          2.3108000E-03
    rcr18d                  1.7069393E-03          8.1815000E-03
    rcr18w                  3.9111330E-05          6.4050000E-04
    rcr19d                  1.5178651E-04          7.5430000E-04
    rcr19w                  3.5894967E-06          6.2100000E-05
    rcgd                    0.4983920              0.4976951
    rcgw                    0.4999963              0.4998316
    tl                      0.9999999              0.9999981
    xw                       0.000000               0.000000
    yw                       0.000000               0.000000
    x                        0.000000               0.000000
    y                        0.000000               0.000000
    tlr                      0.000000               0.000000
    tls                      0.000000               0.000000
    beta                    0.9999986              0.9999433
 
    Note: run IDENTPAR yourself to see identiability contributions by different solution 
    space eigencomponents.


                   ANALYSIS OF PREDICTION
                   ----------------------

 PREDVAR1 analysis for prediction "q7773" ----->

    Sing_val       Null-space       Soln-space     Total             Total
    index          term             term           variance          std_dev
    --------       ----------       ----------     --------          -------
       0            3.0363695E+09     0.000000      3.0363695E+09      55103.26    
       4            1.2353771E+08     2281.804      1.2354000E+08      11114.85    
       8             3781408.         5726.800       3787135.          1946.056    
      12             1147373.         6393.557       1153766.          1074.135    
      16             872599.9         6728.904       879328.8          937.7253    
      20             406816.7         9479.056       416295.7          645.2098    
      21             403277.8         9565.462       412843.3          642.5288    
      22             308473.9         13427.19       321901.1          567.3633    
      23             298392.4         13973.16       312365.6          558.8968    
      24             266385.5         15891.80       282277.3          531.2978    
      25             264116.2         16147.16       280263.4          529.3991    
      26             263639.9         16225.57       279865.4          529.0231    
      27             2498.869         73442.96       75941.83          275.5755    
      28             2054.306         73546.34       75600.65          274.9557    
      29             1818.701         73677.76       75496.46          274.7662    
      30             1811.193         73684.90       75496.09          274.7655    
      31             1809.587         73687.37       75496.96          274.7671    
      32             1730.903         73876.15       75607.05          274.9674    
      33             258.9766         77814.56       78073.54          279.4164    
      34             251.3583         77837.80       78089.16          279.4444    
      35             240.0756         77877.97       78118.05          279.4961    
      36             236.4364         77894.84       78131.28          279.5197    
      40             157.6558         78439.51       78597.16          280.3519    
      44             109.4591         79299.43       79408.89          281.7958    
      48             42.92393         81683.04       81725.96          285.8775    
      52             34.77872         82587.12       82621.90          287.4403    
      56             16.00675         86079.31       86095.31          293.4200    
      60             1.809794         89311.43       89313.24          298.8532    
      64            0.5934681         89874.30       89874.89          299.7914    
      68            3.0438558E-02     90277.60       90277.63          300.4624    
      72            9.3395192E-03     90386.81       90386.82          300.6440    
      76            8.7874334E-04     90661.56       90661.56          301.1006    
      80            1.0320001E-09     94342.37       94342.37          307.1520    
      84            1.1672224E-52     94624.06       94624.06          307.6102    
      88             0.000000        1.0000000E+35  1.0000000E+35     3.1622777E+17
      90             0.000000        1.0000000E+35  1.0000000E+35     3.1622777E+17
 
    Pre-calibration:- 
    Total error variance                 =  3.0363695E+09
    Total error standard deviation       =   55103.26    
 
    Post-calibration:-
    Total error variance                 =   75496.09    
    Total error standard deviation       =   274.7655    
    Minimum error variance occurs at singular value number 30.
 
 
 PREDUNC1 analysis for prediction "q7773" ----->

    Pre-calibration:- 
    Total uncertainty variance           =  3.0363693E+09
    Total uncertainty standard deviation =   55103.26    
 
    Post-calibration:-
    Total uncertainty variance           =   64348.52    
    Total uncertainty standard deviation =   253.6701    
 
 
 PREDUNC4 analysis for prediction "q7773" ----->

    Contributions to predictive uncertainty variance

    Parameter      Pre-cal             Post-cal
    group          contribution        contribution
    ---------      ------------        ------------
    ddsd            2.6695200E+07        951.3100    
    ddsw             0.000000            177.3700    
    ddgd            1.1447400E+07        47.82000    
    ddgw             0.000000           2.0000000E-02
    rcsd             6012300.            56610.50    
    rcsw             0.000000            1191.650    
    rcrd             5300.000            1886.300    
    rcrw             0.000000            188.2900    
    rcgd            1.1447400E+07        47.82000    
    rcgw             0.000000           2.0000000E-02
    tl              2.5197188E+09        189.2600    
    xw               0.000000            0.000000    
    yw               0.000000            0.000000    
    x                0.000000            0.000000    
    y                0.000000            0.000000    
    tlr              0.000000            0.000000    
    tls              0.000000            0.000000    
    beta            4.6104340E+08        1187.040    
 
 
 PREDUNC5 observation subtraction analysis for prediction "q7773" ----->

    Increases in predictive uncertainty variance incurred through loss of observations

    Observation_group        Variance_increase
    -----------------        -----------------
    q                          64348.52    
 
 
 PREDUNC5 observation addition analysis for prediction "q7773" ----->

    Decreases in pre-calibration predictive uncertainty variance incurred through addition of observations

    Observation_group        Variance_decrease
    -----------------        -----------------
    q                          64348.52    
