 
 
                   ###################################################
                   #                                                 #
                   #      GENLINPRED UNCERTAINTY/ERROR ANALYSIS      #
                   #                                                 #
                   ###################################################
 
 
 
                   ANALYSIS DETAILS
                   ----------------
 
    Name of PEST control file                                   : master_lu.pst
    Factor by which to multiply observation weights             : 1.0000
    Source of parameter uncertainty data                        : uncertainty file
    Name of uncertainty file                                    : master_lu.unc
 
    Perform global parameter estimability analysis              : yes
         Parameter identifiability                              : yes
         Relative parameter error reduction                     : no
         Relative parameter uncertainty reduction               : yes
 
    Analyse error/uncertainty of an entity                      : yes
         Name of entity                                         : q8111
         Type of entity                                         : prediction
         File containing prediction sensitivities               : master_lu.jco
 
         Total error variance                                   : yes
         Total uncertainty                                      : yes
 
         Parameter contributions to error variance              : no
         Parameter contributions to uncertainty                 : yes
         Parameter contributions                                : by group
 
         Observation worth in reducing error variance           : no
         Observation worth in reducing uncertainty variance     : yes
         Observation worth                                      : by group


                   ANALYSIS OF PARAMETERS
                   ----------------------


 Outcomes of running program SUPCALC ----->
 
    Number of dimensions of calibration solution space = 29
    Number of dimensions of calibration null space     = 61

 Outcomes of parameter identifiability and error/uncertainty variance reduction analysis ----->
 
    Parameter              Identifiability        Rel_uncert_var_redn
    ---------              ---------------        -------------------
    ddsd                    0.9983481              0.9972470
    ddsw                    0.9999999              0.9999999
    ddgd                    9.8758952E-03          9.9203000E-03
    ddgw                    0.4968556              0.4995913
    rcs1d                   6.4156593E-12          3.0000000E-07
    rcs1w                   4.6274464E-11          1.0000000E-06
    rcs2d                   7.4847474E-06          4.0118000E-02
    rcs2w                   1.8759127E-05          2.5852400E-02
    rcs3d                   5.1557437E-04          0.6441234
    rcs3w                   1.5126506E-03          0.2770096
    rcs4d                   1.0509059E-04          0.2971621
    rcs4w                   1.1753331E-03          0.2097582
    rcs5d                   7.0660996E-04          0.4848622
    rcs5w                   9.3484037E-04          0.5013696
    rcs6d                   5.5369553E-04          0.3882047
    rcs6w                   7.9267335E-04          0.6316269
    rcs7d                   4.6862823E-04          0.4649301
    rcs7w                   0.9996375              0.9999039
    rcs8d                   0.9999095              0.9999743
    rcs8w                   0.9999927              0.9999980
    rcs9d                   2.3335583E-04          0.3440929
    rcs9w                   0.9996603              0.9999679
    rcs10d                  5.3756938E-04          0.5911573
    rcs10w                  4.5868182E-03          0.9465364
    rcs11d                  2.6600878E-03          0.8124157
    rcs11w                  0.9999074              0.9999901
    rcs12d                  0.9971799              0.9995244
    rcs12w                  0.9998173              0.9999358
    rcs13d                  0.9998239              0.9997448
    rcs13w                  0.9999006              0.9999424
    rcs14d                  0.9996281              0.9986747
    rcs14w                  0.9997527              0.9999325
    rcs15d                  0.9893799              0.9968610
    rcs15w                  0.9998210              0.9997287
    rcs16d                  0.3799089              0.9450422
    rcs16w                  0.9989518              0.9982755
    rcs17d                  0.4076557              0.8640019
    rcs17w                  0.8723656              0.9943942
    rcs18d                  0.1954192              0.6804608
    rcs18w                  0.1230396              0.8938861
    rcs19d                  2.8819693E-02          0.1992927
    rcs19w                  1.0416534E-02          0.2596901
    rcr1d                   7.6850757E-11           0.000000
    rcr1w                   8.2855110E-04          1.1343300E-02
    rcr2d                   8.1620946E-07          9.9000000E-06
    rcr2w                   0.4731277              0.9742735
    rcr3d                   2.3222327E-05          2.2180000E-04
    rcr3w                   0.3805543              0.9759463
    rcr4d                   1.7065796E-04          1.3945000E-03
    rcr4w                   0.9915368              0.9996613
    rcr5d                   1.1597642E-03          3.1188000E-03
    rcr5w                   5.5116364E-03          0.8215564
    rcr6d                   1.6163756E-03          3.4158000E-03
    rcr6w                   3.7693040E-03          0.7403530
    rcr7d                   0.9358517              0.9851112
    rcr7w                   4.4607529E-03          0.8997058
    rcr8d                   3.8674559E-04          1.6060700E-02
    rcr8w                   5.5856353E-02          0.9323104
    rcr9d                   4.7283421E-05          4.4906000E-03
    rcr9w                   8.8434255E-02          0.9104554
    rcr10d                  3.3174632E-05          3.8368000E-03
    rcr10w                  0.9866445              0.9991623
    rcr11d                  3.2541127E-05          6.2766000E-03
    rcr11w                  4.5140536E-02          0.8286377
    rcr12d                  3.7278854E-05          7.3675000E-03
    rcr12w                  5.4784562E-02          0.8560408
    rcr13d                  3.0229546E-06          1.0382000E-03
    rcr13w                  7.6219336E-02          0.9151251
    rcr14d                  3.0275182E-07          1.9280000E-04
    rcr14w                  0.1082248              0.8646326
    rcr15d                  5.0479962E-08          4.3000000E-05
    rcr15w                  5.4104763E-02          0.4688310
    rcr16d                  9.5426544E-09          1.3000000E-05
    rcr16w                  8.4375310E-02          0.2190348
    rcr17d                  2.4915201E-09          3.0000000E-06
    rcr17w                  0.3827257              0.5678747
    rcr18d                  3.3630677E-10          4.0000000E-07
    rcr18w                  0.2383034              0.5983096
    rcr19d                  2.7264495E-11           0.000000
    rcr19w                  1.9681480E-02          6.1698600E-02
    rcgd                    0.9876724              0.9894420
    rcgw                    0.4968556              0.4995913
    tl                       1.000000               1.000000
    xw                      8.8527304E-04          0.2803182
    yw                      8.1378434E-05          9.4955000E-03
    x                       0.9999917              0.9999955
    y                       0.9999994              0.9999994
    tlr                      0.000000               0.000000
    tls                      0.000000               0.000000
    beta                    0.9999907              0.9999986
 
    Note: run IDENTPAR yourself to see identiability contributions by different solution 
    space eigencomponents.


                   ANALYSIS OF PREDICTION
                   ----------------------

 PREDVAR1 analysis for prediction "q8111" ----->

    Sing_val       Null-space       Soln-space     Total             Total
    index          term             term           variance          std_dev
    --------       ----------       ----------     --------          -------
       0            5.0128965E+10     0.000000      5.0128965E+10      223895.0    
       4            7.0295969E+09     1130.566      7.0295980E+09      83842.70    
       8            1.4843614E+09     2318.049      1.4843638E+09      38527.44    
      12            4.2638163E+08     6525.470      4.2638816E+08      20649.17    
      16            1.4325910E+08     9049.391      1.4326815E+08      11969.47    
      20            7.6863599E+07     18218.32      7.6881818E+07      8768.228    
      24             3132218.         61204.51       3193422.          1787.015    
      28             133822.6         79482.69       213305.3          461.8499    
      32             123117.5         79649.42       202767.0          450.2966    
      36             109032.6         80270.33       189302.9          435.0895    
      40             1097.272         89757.36       90854.63          301.4210    
      44             472.8837         89926.18       90399.06          300.6644    
      45             433.8702         89940.56       90374.43          300.6234    
      46             401.9060         89953.09       90355.00          300.5911    
      47             307.8743         89998.30       90306.17          300.5099    
      48             215.7480         90044.25       90259.99          300.4330    
      49             195.1688         90060.87       90256.04          300.4264    
      50             123.2067         90124.37       90247.58          300.4123    
      51             110.2611         90145.15       90255.41          300.4254    
      52             105.9988         90153.36       90259.36          300.4320    
      53             67.12912         90274.88       90342.01          300.5695    
      54             65.10196         90283.55       90348.66          300.5805    
      55             53.69921         90336.78       90390.47          300.6501    
      56             43.70046         90388.49       90432.19          300.7195    
      57             36.95241         90424.43       90461.38          300.7680    
      58             33.53505         90452.24       90485.78          300.8085    
      59             33.39797         90453.72       90487.12          300.8108    
      60             31.27757         90514.24       90545.51          300.9078    
      64             4.187917         91495.25       91499.44          302.4887    
      68             1.024409         92456.11       92457.14          304.0677    
      72            0.2937247         93873.66       93873.96          306.3886    
      76            0.1630937         95996.19       95996.35          309.8328    
      80            1.9435578E-03     108692.3       108692.3          329.6852    
      84            1.4266152E-04     114005.6       114005.6          337.6472    
      88            1.4980421E-44     151839.8       151839.8          389.6663    
      90             0.000000        1.0000000E+35  1.0000000E+35     3.1622777E+17
 
    Pre-calibration:- 
    Total error variance                 =  5.0128965E+10
    Total error standard deviation       =   223895.0    
 
    Post-calibration:-
    Total error variance                 =   90247.58    
    Total error standard deviation       =   300.4123    
    Minimum error variance occurs at singular value number 50.
 
 
 PREDUNC1 analysis for prediction "q8111" ----->

    Pre-calibration:- 
    Total uncertainty variance           =  5.0128971E+10
    Total uncertainty standard deviation =   223895.0    
 
    Post-calibration:-
    Total uncertainty variance           =   89165.84    
    Total uncertainty standard deviation =   298.6065    
 
 
 PREDUNC4 analysis for prediction "q8111" ----->

    Contributions to predictive uncertainty variance

    Parameter      Pre-cal             Post-cal
    group          contribution        contribution
    ---------      ------------        ------------
    ddsd             0.000000            91.49000    
    ddsw             0.000000            1.960000    
    ddgd             2754000.            1.070000    
    ddgw             0.000000           4.0000000E-02
    rcsd             445000.0            48143.62    
    rcsw             0.000000            3736.790    
    rcrd             37000.00            69.25000    
    rcrw             0.000000            2571.770    
    rcgd            2.7533800E+08        3916.910    
    rcgw             0.000000           4.0000000E-02
    tl              5.7475560E+09        25.73000    
    xw               0.000000            51.40000    
    yw               0.000000           0.4700000    
    x                847000.0            216.9100    
    y               4.1910500E+08        32.85000    
    tlr              0.000000            0.000000    
    tls              0.000000            0.000000    
    beta            4.3682881E+10        4295.580    
 
 
 PREDUNC5 observation subtraction analysis for prediction "q8111" ----->

    Increases in predictive uncertainty variance incurred through loss of observations

    Observation_group        Variance_increase
    -----------------        -----------------
    q                         4.4381320E+10
    swe                        54.62000    
 
 
 PREDUNC5 observation addition analysis for prediction "q8111" ----->

    Decreases in pre-calibration predictive uncertainty variance incurred through addition of observations

    Observation_group        Variance_decrease
    -----------------        -----------------
    q                         5.0128876E+10
    swe                       5.7475560E+09
