 
 
                   ###################################################
                   #                                                 #
                   #      GENLINPRED UNCERTAINTY/ERROR ANALYSIS      #
                   #                                                 #
                   ###################################################
 
 
 
                   ANALYSIS DETAILS
                   ----------------
 
    Name of PEST control file                                   : master_lu.pst
    Factor by which to multiply observation weights             : 1.0000
    Source of parameter uncertainty data                        : uncertainty file
    Name of uncertainty file                                    : master_lu.unc
 
    Perform global parameter estimability analysis              : yes
         Parameter identifiability                              : yes
         Relative parameter error reduction                     : no
         Relative parameter uncertainty reduction               : yes
 
    Analyse error/uncertainty of an entity                      : yes
         Name of entity                                         : q8073
         Type of entity                                         : prediction
         File containing prediction sensitivities               : master_lu.jco
 
         Total error variance                                   : yes
         Total uncertainty                                      : yes
 
         Parameter contributions to error variance              : no
         Parameter contributions to uncertainty                 : yes
         Parameter contributions                                : by group
 
         Observation worth in reducing error variance           : no
         Observation worth in reducing uncertainty variance     : yes
         Observation worth                                      : by group


                   ANALYSIS OF PARAMETERS
                   ----------------------


 Outcomes of running program SUPCALC ----->
 
    Number of dimensions of calibration solution space = 29
    Number of dimensions of calibration null space     = 61

 Outcomes of parameter identifiability and error/uncertainty variance reduction analysis ----->
 
    Parameter              Identifiability        Rel_uncert_var_redn
    ---------              ---------------        -------------------
    ddsd                    0.9983481              0.9972470
    ddsw                    0.9999999              0.9999999
    ddgd                    9.8758952E-03          9.9203000E-03
    ddgw                    0.4968556              0.4995913
    rcs1d                   6.4156593E-12          3.0000000E-07
    rcs1w                   4.6274464E-11          1.0000000E-06
    rcs2d                   7.4847474E-06          4.0118000E-02
    rcs2w                   1.8759127E-05          2.5852400E-02
    rcs3d                   5.1557437E-04          0.6441234
    rcs3w                   1.5126506E-03          0.2770096
    rcs4d                   1.0509059E-04          0.2971621
    rcs4w                   1.1753331E-03          0.2097582
    rcs5d                   7.0660996E-04          0.4848622
    rcs5w                   9.3484037E-04          0.5013696
    rcs6d                   5.5369553E-04          0.3882047
    rcs6w                   7.9267335E-04          0.6316269
    rcs7d                   4.6862823E-04          0.4649301
    rcs7w                   0.9996375              0.9999039
    rcs8d                   0.9999095              0.9999743
    rcs8w                   0.9999927              0.9999980
    rcs9d                   2.3335583E-04          0.3440929
    rcs9w                   0.9996603              0.9999679
    rcs10d                  5.3756938E-04          0.5911573
    rcs10w                  4.5868182E-03          0.9465364
    rcs11d                  2.6600878E-03          0.8124157
    rcs11w                  0.9999074              0.9999901
    rcs12d                  0.9971799              0.9995244
    rcs12w                  0.9998173              0.9999358
    rcs13d                  0.9998239              0.9997448
    rcs13w                  0.9999006              0.9999424
    rcs14d                  0.9996281              0.9986747
    rcs14w                  0.9997527              0.9999325
    rcs15d                  0.9893799              0.9968610
    rcs15w                  0.9998210              0.9997287
    rcs16d                  0.3799089              0.9450422
    rcs16w                  0.9989518              0.9982755
    rcs17d                  0.4076557              0.8640019
    rcs17w                  0.8723656              0.9943942
    rcs18d                  0.1954192              0.6804608
    rcs18w                  0.1230396              0.8938861
    rcs19d                  2.8819693E-02          0.1992927
    rcs19w                  1.0416534E-02          0.2596901
    rcr1d                   7.6850757E-11           0.000000
    rcr1w                   8.2855110E-04          1.1343300E-02
    rcr2d                   8.1620946E-07          9.9000000E-06
    rcr2w                   0.4731277              0.9742735
    rcr3d                   2.3222327E-05          2.2180000E-04
    rcr3w                   0.3805543              0.9759463
    rcr4d                   1.7065796E-04          1.3945000E-03
    rcr4w                   0.9915368              0.9996613
    rcr5d                   1.1597642E-03          3.1188000E-03
    rcr5w                   5.5116364E-03          0.8215564
    rcr6d                   1.6163756E-03          3.4158000E-03
    rcr6w                   3.7693040E-03          0.7403530
    rcr7d                   0.9358517              0.9851112
    rcr7w                   4.4607529E-03          0.8997058
    rcr8d                   3.8674559E-04          1.6060700E-02
    rcr8w                   5.5856353E-02          0.9323104
    rcr9d                   4.7283421E-05          4.4906000E-03
    rcr9w                   8.8434255E-02          0.9104554
    rcr10d                  3.3174632E-05          3.8368000E-03
    rcr10w                  0.9866445              0.9991623
    rcr11d                  3.2541127E-05          6.2766000E-03
    rcr11w                  4.5140536E-02          0.8286377
    rcr12d                  3.7278854E-05          7.3675000E-03
    rcr12w                  5.4784562E-02          0.8560408
    rcr13d                  3.0229546E-06          1.0382000E-03
    rcr13w                  7.6219336E-02          0.9151251
    rcr14d                  3.0275182E-07          1.9280000E-04
    rcr14w                  0.1082248              0.8646326
    rcr15d                  5.0479962E-08          4.3000000E-05
    rcr15w                  5.4104763E-02          0.4688310
    rcr16d                  9.5426544E-09          1.3000000E-05
    rcr16w                  8.4375310E-02          0.2190348
    rcr17d                  2.4915201E-09          3.0000000E-06
    rcr17w                  0.3827257              0.5678747
    rcr18d                  3.3630677E-10          4.0000000E-07
    rcr18w                  0.2383034              0.5983096
    rcr19d                  2.7264495E-11           0.000000
    rcr19w                  1.9681480E-02          6.1698600E-02
    rcgd                    0.9876724              0.9894420
    rcgw                    0.4968556              0.4995913
    tl                       1.000000               1.000000
    xw                      8.8527304E-04          0.2803182
    yw                      8.1378434E-05          9.4955000E-03
    x                       0.9999917              0.9999955
    y                       0.9999994              0.9999994
    tlr                      0.000000               0.000000
    tls                      0.000000               0.000000
    beta                    0.9999907              0.9999986
 
    Note: run IDENTPAR yourself to see identiability contributions by different solution 
    space eigencomponents.


                   ANALYSIS OF PREDICTION
                   ----------------------

 PREDVAR1 analysis for prediction "q8073" ----->

    Sing_val       Null-space       Soln-space     Total             Total
    index          term             term           variance          std_dev
    --------       ----------       ----------     --------          -------
       0            5.0007992E+10     0.000000      5.0007992E+10      223624.7    
       4            6.6232807E+09     1118.799      6.6232818E+09      81383.55    
       8            1.2117983E+09     2287.957      1.2118006E+09      34810.93    
      12            3.7674983E+08     5915.198      3.7675575E+08      19410.20    
      16            8.3482029E+07     8428.389      8.3490457E+07      9137.311    
      20            4.1173614E+07     14246.25      4.1187860E+07      6417.777    
      24             1990410.         35863.03       2026273.          1423.472    
      28             25219.19         47503.78       72722.98          269.6720    
      32             24031.86         47530.56       71562.42          267.5115    
      36             19433.24         47728.45       67161.68          259.1557    
      40             10524.76         48524.52       59049.29          243.0006    
      41             10504.03         48527.94       59031.97          242.9650    
      42             10489.43         48531.83       59021.26          242.9429    
      43             10434.50         48546.88       58981.38          242.8608    
      44             441.6873         51980.07       52421.76          228.9580    
      45             342.3832         52016.68       52359.06          228.8210    
      46             294.6875         52035.38       52330.07          228.7577    
      47             214.6212         52073.87       52288.49          228.6668    
      48             187.8343         52087.23       52275.07          228.6374    
      49             186.2065         52088.55       52274.75          228.6367    
      50             154.3147         52116.69       52271.00          228.6285    
      51             147.5003         52127.63       52275.13          228.6376    
      52             146.9868         52128.61       52275.60          228.6386    
      53             138.4875         52155.19       52293.67          228.6781    
      54             137.7117         52158.51       52296.22          228.6837    
      55             132.9870         52180.56       52313.54          228.7215    
      56             130.8650         52191.53       52322.40          228.7409    
      60             116.9449         52585.33       52702.28          229.5698    
      64             73.50818         54081.96       54155.47          232.7133    
      68             13.68879         69422.45       69436.14          263.5074    
      72             4.209539         87837.74       87841.95          296.3814    
      76            0.6950573         127217.9       127218.6          356.6772    
      80            1.9065744E-02     235515.6       235515.7          485.2996    
      84            1.8372534E-03     300966.8       300966.8          548.6044    
      88            2.1072505E-44     720260.3       720260.3          848.6815    
      90             0.000000        1.0000000E+35  1.0000000E+35     3.1622777E+17
 
    Pre-calibration:- 
    Total error variance                 =  5.0007992E+10
    Total error standard deviation       =   223624.7    
 
    Post-calibration:-
    Total error variance                 =   52271.00    
    Total error standard deviation       =   228.6285    
    Minimum error variance occurs at singular value number 50.
 
 
 PREDUNC1 analysis for prediction "q8073" ----->

    Pre-calibration:- 
    Total uncertainty variance           =  5.0008006E+10
    Total uncertainty standard deviation =   223624.7    
 
    Post-calibration:-
    Total uncertainty variance           =   51170.47    
    Total uncertainty standard deviation =   226.2089    
 
 
 PREDUNC4 analysis for prediction "q8073" ----->

    Contributions to predictive uncertainty variance

    Parameter      Pre-cal             Post-cal
    group          contribution        contribution
    ---------      ------------        ------------
    ddsd             0.000000            189.8200    
    ddsw             0.000000            2.340000    
    ddgd             1951000.           0.3000000    
    ddgw             0.000000            0.000000    
    rcsd             8736000.            24479.04    
    rcsw             0.000000            978.4700    
    rcrd             61000.00            119.4400    
    rcrw             0.000000            728.1400    
    rcgd            1.9514300E+08        1792.350    
    rcgw             0.000000            0.000000    
    tl              6.7742020E+09        1.210000    
    xw               0.000000            14.04000    
    yw               0.000000           4.0000000E-02
    x                1541000.           0.3200000    
    y               2.2755000E+07        128.5200    
    tlr              0.000000            0.000000    
    tls              0.000000            0.000000    
    beta            4.3003602E+10        1112.090    
 
 
 PREDUNC5 observation subtraction analysis for prediction "q8073" ----->

    Increases in predictive uncertainty variance incurred through loss of observations

    Observation_group        Variance_increase
    -----------------        -----------------
    q                         4.3233739E+10
    swe                        5.280000    
 
 
 PREDUNC5 observation addition analysis for prediction "q8073" ----->

    Decreases in pre-calibration predictive uncertainty variance incurred through addition of observations

    Observation_group        Variance_decrease
    -----------------        -----------------
    q                         5.0007941E+10
    swe                       6.7742020E+09
