 
 
                   ###################################################
                   #                                                 #
                   #      GENLINPRED UNCERTAINTY/ERROR ANALYSIS      #
                   #                                                 #
                   ###################################################
 
 
 
                   ANALYSIS DETAILS
                   ----------------
 
    Name of PEST control file                                   : master_lu.pst
    Factor by which to multiply observation weights             : 1.0000
    Source of parameter uncertainty data                        : uncertainty file
    Name of uncertainty file                                    : master_lu.unc
 
    Perform global parameter estimability analysis              : yes
         Parameter identifiability                              : yes
         Relative parameter error reduction                     : no
         Relative parameter uncertainty reduction               : yes
 
    Analyse error/uncertainty of an entity                      : yes
         Name of entity                                         : q8074
         Type of entity                                         : prediction
         File containing prediction sensitivities               : master_lu.jco
 
         Total error variance                                   : yes
         Total uncertainty                                      : yes
 
         Parameter contributions to error variance              : no
         Parameter contributions to uncertainty                 : yes
         Parameter contributions                                : by group
 
         Observation worth in reducing error variance           : no
         Observation worth in reducing uncertainty variance     : yes
         Observation worth                                      : by group


                   ANALYSIS OF PARAMETERS
                   ----------------------


 Outcomes of running program SUPCALC ----->
 
    Number of dimensions of calibration solution space = 30
    Number of dimensions of calibration null space     = 60

 Outcomes of parameter identifiability and error/uncertainty variance reduction analysis ----->
 
    Parameter              Identifiability        Rel_uncert_var_redn
    ---------              ---------------        -------------------
    ddsd                    0.9999966              0.9999559
    ddsw                    0.9999997              0.9999808
    ddgd                    0.4983920              0.4976951
    ddgw                    0.4999963              0.4998316
    rcs1d                   6.5128944E-09          1.0000000E-07
    rcs1w                   1.0371307E-09           0.000000
    rcs2d                   1.1307272E-03          1.1650200E-02
    rcs2w                   2.8575701E-04          3.5829000E-03
    rcs3d                   6.6658705E-03          3.1414900E-02
    rcs3w                   2.7744623E-02          6.8260000E-02
    rcs4d                   3.8560009E-03          1.6135100E-02
    rcs4w                   0.9833834              0.8214416
    rcs5d                   5.4911871E-02          0.1608183
    rcs5w                   0.9649025              0.8200011
    rcs6d                   6.5377157E-02          0.2028123
    rcs6w                   8.5591250E-02          0.3134838
    rcs7d                   2.0863004E-02          8.8293100E-02
    rcs7w                   0.9985140              0.9919896
    rcs8d                   0.9999520              0.9993797
    rcs8w                   1.0209187E-02          0.1784208
    rcs9d                   0.9977706              0.9901358
    rcs9w                   0.9999430              0.9997937
    rcs10d                  2.5342339E-03          4.4574000E-02
    rcs10w                  9.7390449E-04          2.6323500E-02
    rcs11d                  1.3895222E-04          3.8675000E-03
    rcs11w                  2.9592260E-03          5.9131600E-02
    rcs12d                  0.9995711              0.9936126
    rcs12w                  0.9965645              0.9758459
    rcs13d                  0.9990223              0.9730304
    rcs13w                  0.9999884              0.9985946
    rcs14d                  0.9988194              0.9712982
    rcs14w                  0.9999880              0.9950852
    rcs15d                  0.9994657              0.9741050
    rcs15w                  0.9998316              0.9837023
    rcs16d                  0.9986745              0.9276175
    rcs16w                  0.9955906              0.9556664
    rcs17d                  0.8713273              0.7940871
    rcs17w                  0.9203909              0.8813412
    rcs18d                  0.1267359              0.3080690
    rcs18w                  8.4004907E-02          0.2803532
    rcs19d                  9.5839326E-03          4.5885900E-02
    rcs19w                  6.8616630E-05          3.1990000E-04
    rcr1d                   1.0309246E-06          1.8000000E-06
    rcr1w                   2.7055445E-06          1.9000000E-06
    rcr2d                   0.9106360              0.9142241
    rcr2w                   0.8878088              0.5154261
    rcr3d                   9.1338517E-02          0.1664137
    rcr3w                   0.9740031              0.9452613
    rcr4d                   4.6020826E-02          7.6654900E-02
    rcr4w                   2.9587875E-02          7.0241000E-02
    rcr5d                   5.2370140E-02          6.6132200E-02
    rcr5w                   1.7523554E-03          8.8713000E-03
    rcr6d                   0.1355561              0.1632625
    rcr6w                   5.4930599E-03          2.0286000E-02
    rcr7d                   0.1307461              0.1569219
    rcr7w                   3.7475903E-03          2.5931300E-02
    rcr8d                   6.4425540E-02          8.6878700E-02
    rcr8w                   1.4223613E-02          5.5848100E-02
    rcr9d                   4.9137921E-02          5.5007100E-02
    rcr9w                   1.3126244E-02          6.0509500E-02
    rcr10d                  9.3803382E-02          9.9433600E-02
    rcr10w                  1.3140157E-03          1.2008100E-02
    rcr11d                  8.1376146E-02          8.8387900E-02
    rcr11w                  1.4260194E-04          3.3461000E-03
    rcr12d                  5.5556955E-02          5.7455400E-02
    rcr12w                  9.6084661E-05          3.3588000E-03
    rcr13d                  4.7149602E-02          5.6807600E-02
    rcr13w                  0.9996544              0.9872289
    rcr14d                  3.4983413E-02          6.4563400E-02
    rcr14w                  0.9984065              0.9519994
    rcr15d                  2.0821200E-02          6.0707600E-02
    rcr15w                  2.1752643E-04          1.2264000E-03
    rcr16d                  2.0340362E-02          7.0236800E-02
    rcr16w                  3.1606576E-04          3.2027000E-03
    rcr17d                  9.6390064E-03          3.8003000E-02
    rcr17w                  1.9714334E-04          2.3108000E-03
    rcr18d                  1.7069393E-03          8.1815000E-03
    rcr18w                  3.9111330E-05          6.4050000E-04
    rcr19d                  1.5178651E-04          7.5430000E-04
    rcr19w                  3.5894967E-06          6.2100000E-05
    rcgd                    0.4983920              0.4976951
    rcgw                    0.4999963              0.4998316
    tl                      0.9999999              0.9999981
    xw                       0.000000               0.000000
    yw                       0.000000               0.000000
    x                        0.000000               0.000000
    y                        0.000000               0.000000
    tlr                      0.000000               0.000000
    tls                      0.000000               0.000000
    beta                    0.9999986              0.9999433
 
    Note: run IDENTPAR yourself to see identiability contributions by different solution 
    space eigencomponents.


                   ANALYSIS OF PREDICTION
                   ----------------------

 PREDVAR1 analysis for prediction "q8074" ----->

    Sing_val       Null-space       Soln-space     Total             Total
    index          term             term           variance          std_dev
    --------       ----------       ----------     --------          -------
       0            4.7327210E+08     0.000000      4.7327210E+08      21754.82    
       4            2.6956970E+07     1236.665      2.6958207E+07      5192.129    
       8             2668371.         2542.066       2670913.          1634.293    
      12             2029502.         2793.581       2032296.          1425.586    
      16             245058.1         4569.527       249627.7          499.6276    
      20             63996.51         5558.053       69554.56          263.7320    
      24             13611.51         7856.469       21467.98          146.5196    
      25             13482.82         7870.952       21353.77          146.1293    
      26             13482.64         7870.981       21353.62          146.1288    
      27             13464.69         7874.912       21339.61          146.0808    
      28             13457.68         7876.544       21334.22          146.0624    
      29             9781.497         9927.103       19708.60          140.3873    
      30             9781.395         9927.201       19708.60          140.3873    
      31             8064.506         12568.71       20633.21          143.6426    
      32             7927.270         12897.96       20825.23          144.3095    
      33             5197.847         20201.04       25398.88          159.3703    
      34             3490.539         25408.98       28899.52          169.9986    
      35             3462.837         25507.62       28970.46          170.2071    
      36             3462.663         25508.42       28971.09          170.2090    
      37             850.1825         42144.48       42994.66          207.3515    
      38             406.6667         45596.42       46003.09          214.4833    
      39             406.3876         45598.73       46005.12          214.4880    
      40             406.2410         45600.46       46006.70          214.4917    
      44             341.6819         47065.66       47407.34          217.7323    
      48             49.09045         56632.47       56681.56          238.0789    
      52             38.74300         57781.67       57820.41          240.4587    
      56             18.87548         61138.97       61157.84          247.3011    
      60             14.48029         62345.91       62360.39          249.7206    
      64             12.43870         63164.92       63177.35          251.3510    
      68             5.175733         69304.50       69309.67          263.2673    
      72            1.0120629E-02     104304.1       104304.1          322.9615    
      76            1.4819435E-04     104442.3       104442.3          323.1753    
      80            5.6848879E-08     105658.2       105658.2          325.0511    
      84            4.8691327E-53     105725.5       105725.5          325.1546    
      88             0.000000        1.0000000E+35  1.0000000E+35     3.1622777E+17
      90             0.000000        1.0000000E+35  1.0000000E+35     3.1622777E+17
 
    Pre-calibration:- 
    Total error variance                 =  4.7327210E+08
    Total error standard deviation       =   21754.82    
 
    Post-calibration:-
    Total error variance                 =   19708.60    
    Total error standard deviation       =   140.3873    
    Minimum error variance occurs at singular value number 29.
 
 
 PREDUNC1 analysis for prediction "q8074" ----->

    Pre-calibration:- 
    Total uncertainty variance           =  4.7327219E+08
    Total uncertainty standard deviation =   21754.82    
 
    Post-calibration:-
    Total uncertainty variance           =   16556.05    
    Total uncertainty standard deviation =   128.6703    
 
 
 PREDUNC4 analysis for prediction "q8074" ----->

    Contributions to predictive uncertainty variance

    Parameter      Pre-cal             Post-cal
    group          contribution        contribution
    ---------      ------------        ------------
    ddsd             576980.0           0.3900000    
    ddsw             0.000000           0.3000000    
    ddgd            1.6509580E+07        8.660000    
    ddgw             0.000000            0.000000    
    rcsd             1873300.            7287.355    
    rcsw             0.000000            4.340000    
    rcrd             31550.00            8140.333    
    rcrw             0.000000           0.4000000    
    rcgd            1.6509580E+07        8.660000    
    rcgw             0.000000            0.000000    
    tl               2875960.            2.820000    
    xw               0.000000            0.000000    
    yw               0.000000            0.000000    
    x                0.000000            0.000000    
    y                0.000000            0.000000    
    tlr              0.000000            0.000000    
    tls              0.000000            0.000000    
    beta            4.3489516E+08       0.1600000    
 
 
 PREDUNC5 observation subtraction analysis for prediction "q8074" ----->

    Increases in predictive uncertainty variance incurred through loss of observations

    Observation_group        Variance_increase
    -----------------        -----------------
    q                          16556.05    
 
 
 PREDUNC5 observation addition analysis for prediction "q8074" ----->

    Decreases in pre-calibration predictive uncertainty variance incurred through addition of observations

    Observation_group        Variance_decrease
    -----------------        -----------------
    q                          16556.05    
