 
 
                   ###################################################
                   #                                                 #
                   #      GENLINPRED UNCERTAINTY/ERROR ANALYSIS      #
                   #                                                 #
                   ###################################################
 
 
 
                   ANALYSIS DETAILS
                   ----------------
 
    Name of PEST control file                                   : master.pst
    Factor by which to multiply observation weights             : 1.0000
    Source of parameter uncertainty data                        : uncertainty file
    Name of uncertainty file                                    : master_lu.unc
 
    Perform global parameter estimability analysis              : yes
         Parameter identifiability                              : yes
         Relative parameter error reduction                     : no
         Relative parameter uncertainty reduction               : yes
 
    Analyse error/uncertainty of an entity                      : yes
         Name of entity                                         : q8021
         Type of entity                                         : prediction
         File containing prediction sensitivities               : master.jco
 
         Total error variance                                   : yes
         Total uncertainty                                      : yes
 
         Parameter contributions to error variance              : no
         Parameter contributions to uncertainty                 : yes
         Parameter contributions                                : by group
 
         Observation worth in reducing error variance           : no
         Observation worth in reducing uncertainty variance     : yes
         Observation worth                                      : by group


                   ANALYSIS OF PARAMETERS
                   ----------------------


 Outcomes of running program SUPCALC ----->
 
    Number of dimensions of calibration solution space = 36
    Number of dimensions of calibration null space     = 54

 Outcomes of parameter identifiability and error/uncertainty variance reduction analysis ----->
 
    Parameter              Identifiability        Rel_uncert_var_redn
    ---------              ---------------        -------------------
    ddsd                    0.9999998              0.9999857
    ddsw                    0.9999997              0.9999852
    ddgd                    0.4999785              0.4995663
    ddgw                    0.4999734              0.4995866
    rcs1d                   7.0449298E-08          4.0000000E-07
    rcs1w                   4.0069747E-11           0.000000
    rcs2d                   1.9573091E-02          0.1070801
    rcs2w                   5.5925014E-05          1.2933000E-03
    rcs3d                   3.7958208E-02          8.2322100E-02
    rcs3w                   3.0432857E-02          7.5959300E-02
    rcs4d                   2.1401755E-02          3.6173400E-02
    rcs4w                   0.1339611              0.1844060
    rcs5d                   0.2738055              0.2174886
    rcs5w                   0.6667472              0.4808912
    rcs6d                   0.3687908              0.2706488
    rcs6w                   2.3400891E-02          0.1117114
    rcs7d                   0.1596770              0.1748553
    rcs7w                   0.9986861              0.9981457
    rcs8d                   0.9999412              0.9989581
    rcs8w                   0.9999530              0.9996929
    rcs9d                   0.9998981              0.9979705
    rcs9w                   0.9995549              0.9992351
    rcs10d                  0.9992842              0.9748501
    rcs10w                  2.6848126E-02          0.4146405
    rcs11d                  7.0916600E-04          2.0104000E-02
    rcs11w                  0.9745438              0.9493789
    rcs12d                  0.9999368              0.9980510
    rcs12w                  0.9999223              0.9980646
    rcs13d                  0.9998977              0.9928964
    rcs13w                  0.9999598              0.9961452
    rcs14d                  0.9999293              0.9903780
    rcs14w                  0.9998357              0.9904119
    rcs15d                  0.9999210              0.9924723
    rcs15w                  0.9999199              0.9811952
    rcs16d                  0.9998777              0.9817929
    rcs16w                  0.9973577              0.9422777
    rcs17d                  0.9949088              0.9039419
    rcs17w                  0.8866095              0.8479809
    rcs18d                  0.8531828              0.5291988
    rcs18w                  0.1276929              0.3720997
    rcs19d                  0.1234451              8.8803600E-02
    rcs19w                  1.2317317E-04          5.1510000E-04
    rcr1d                   3.1496791E-06          5.9000000E-06
    rcr1w                   1.7113660E-06          2.3000000E-06
    rcr2d                   0.9069171              0.8848063
    rcr2w                   0.5946601              0.6694894
    rcr3d                   0.2162203              0.3826749
    rcr3w                   0.7194297              0.8160966
    rcr4d                   9.7900046E-02          0.2350048
    rcr4w                   0.3558305              0.4398420
    rcr5d                   5.8806457E-02          0.1283508
    rcr5w                   0.2519895              0.3558815
    rcr6d                   0.4348170              0.4178218
    rcr6w                   0.1529007              0.2318237
    rcr7d                   0.3880945              0.3889292
    rcr7w                   2.5034183E-02          5.3639100E-02
    rcr8d                   1.6905602E-02          0.2459918
    rcr8w                   1.8442364E-02          0.1450155
    rcr9d                   0.9985246              0.9978154
    rcr9w                   2.2391006E-02          0.1928946
    rcr10d                  3.8076400E-02          0.1806674
    rcr10w                  7.7457377E-03          9.8387200E-02
    rcr11d                  0.1601413              0.2266560
    rcr11w                  3.9841684E-03          4.7457000E-02
    rcr12d                  9.5205742E-02          0.1225936
    rcr12w                  1.8672613E-03          3.6579600E-02
    rcr13d                  0.1673601              0.1767440
    rcr13w                  0.9993183              0.9909792
    rcr14d                  0.1586267              0.1594120
    rcr14w                  0.9911773              0.9639196
    rcr15d                  0.1518480              0.1646256
    rcr15w                  2.2905089E-03          1.7114800E-02
    rcr16d                  0.1617297              0.1833653
    rcr16w                  1.3961610E-03          2.5470100E-02
    rcr17d                  6.9554157E-02          0.1009417
    rcr17w                  3.7457956E-04          7.4517000E-03
    rcr18d                  1.1744402E-02          1.9062300E-02
    rcr18w                  4.7869284E-05          1.1442000E-03
    rcr19d                  9.9369118E-04          1.6609000E-03
    rcr19w                  3.6708880E-06          9.0500000E-05
    rcgd                    0.4999785              0.4995663
    rcgw                    0.4999734              0.4995866
    tl                      0.9999999              0.9999991
    xw                       0.000000               0.000000
    yw                       0.000000               0.000000
    x                        0.000000               0.000000
    y                        0.000000               0.000000
    tlr                      0.000000               0.000000
    tls                      0.000000               0.000000
    beta                    0.9999993              0.9999829
 
    Note: run IDENTPAR yourself to see identiability contributions by different solution 
    space eigencomponents.


                   ANALYSIS OF PREDICTION
                   ----------------------

 PREDVAR1 analysis for prediction "q8021" ----->

    Sing_val       Null-space       Soln-space     Total             Total
    index          term             term           variance          std_dev
    --------       ----------       ----------     --------          -------
       0            1.0273738E+09     0.000000      1.0273738E+09      32052.67    
       4            2.0100149E+07     304.2532      2.0100453E+07      4483.353    
       8             994047.9         668.7779       994716.7          997.3549    
      12             494700.5         722.2951       495422.8          703.8628    
      16             223335.8         828.0419       224163.9          473.4595    
      20             30551.81         1183.969       31735.78          178.1454    
      24             4818.813         1409.387       6228.200          78.91895    
      28             4052.991         1431.361       5484.352          74.05641    
      29             1614.147         1567.706       3181.853          56.40792    
      30             1613.875         1567.749       3181.624          56.40589    
      31             1586.824         1574.706       3161.530          56.22748    
      32             1586.780         1574.720       3161.500          56.22722    
      33             1473.800         1631.428       3105.228          55.72457    
      34             1459.080         1641.759       3100.840          55.68519    
      35             1456.249         1643.879       3100.128          55.67879    
      36             203.3390         2755.791       2959.130          54.39789    
      37             203.3364         2755.794       2959.130          54.39789    
      38             199.9068         2760.399       2960.306          54.40869    
      39             196.2402         2765.531       2961.771          54.42216    
      40             196.2016         2765.589       2961.790          54.42233    
      41             144.2693         2860.099       3004.368          54.81212    
      42             112.5499         2941.730       3054.280          55.26554    
      43             102.4475         2972.643       3075.090          55.45349    
      44             89.01493         3013.809       3102.824          55.70300    
      48             85.85864         3029.854       3115.713          55.81857    
      52             73.88660         3154.864       3228.751          56.82210    
      56             68.36221         3275.592       3343.954          57.82693    
      60             59.42489         3609.360       3668.784          60.57049    
      64             1.248615         6806.222       6807.470          82.50739    
      68            0.8336891         6842.437       6843.271          82.72407    
      72            0.7381884         6960.011       6960.749          83.43110    
      76            2.2658148E-04     8128.189       8128.189          90.15647    
      80            9.7048795E-08     8712.925       8712.925          93.34305    
      84             0.000000         8891.767       8891.767          94.29617    
      88             0.000000        1.0000000E+35  1.0000000E+35     3.1622777E+17
      90             0.000000        1.0000000E+35  1.0000000E+35     3.1622777E+17
 
    Pre-calibration:- 
    Total error variance                 =  1.0273738E+09
    Total error standard deviation       =   32052.67    
 
    Post-calibration:-
    Total error variance                 =   2959.130    
    Total error standard deviation       =   54.39789    
    Minimum error variance occurs at singular value number 36.
 
 
 PREDUNC1 analysis for prediction "q8021" ----->

    Pre-calibration:- 
    Total uncertainty variance           =  1.0273737E+09
    Total uncertainty standard deviation =   32052.67    
 
    Post-calibration:-
    Total uncertainty variance           =   2360.918    
    Total uncertainty standard deviation =   48.58928    
 
 
 PREDUNC4 analysis for prediction "q8021" ----->

    Contributions to predictive uncertainty variance

    Parameter      Pre-cal             Post-cal
    group          contribution        contribution
    ---------      ------------        ------------
    ddsd            1.2472329E+08        42.11000    
    ddsw             0.000000           9.5000000E-02
    ddgd            2.4464100E+07       0.1550000    
    ddgw             0.000000           9.0000000E-03
    rcsd            1.5923100E+07        1745.481    
    rcsw             0.000000            205.0890    
    rcrd             366600.0            228.8920    
    rcrw             0.000000            49.14600    
    rcgd            2.4464100E+07       0.1550000    
    rcgw             0.000000           9.0000000E-03
    tl              2.3113785E+08        11.49900    
    xw               0.000000            0.000000    
    yw               0.000000            0.000000    
    x                0.000000            0.000000    
    y                0.000000            0.000000    
    tlr              0.000000            0.000000    
    tls              0.000000            0.000000    
    beta            6.0629455E+08        320.3170    
 
 
 PREDUNC5 observation subtraction analysis for prediction "q8021" ----->

    Increases in predictive uncertainty variance incurred through loss of observations

    Observation_group        Variance_increase
    -----------------        -----------------
    q                          2360.918    
 
 
 PREDUNC5 observation addition analysis for prediction "q8021" ----->

    Decreases in pre-calibration predictive uncertainty variance incurred through addition of observations

    Observation_group        Variance_decrease
    -----------------        -----------------
    q                          2360.918    
