 
 
                   ###################################################
                   #                                                 #
                   #      GENLINPRED UNCERTAINTY/ERROR ANALYSIS      #
                   #                                                 #
                   ###################################################
 
 
 
                   ANALYSIS DETAILS
                   ----------------
 
    Name of PEST control file                                   : master_lu.pst
    Factor by which to multiply observation weights             : 1.0000
    Source of parameter uncertainty data                        : uncertainty file
    Name of uncertainty file                                    : master_lu.unc
 
    Perform global parameter estimability analysis              : yes
         Parameter identifiability                              : yes
         Relative parameter error reduction                     : no
         Relative parameter uncertainty reduction               : yes
 
    Analyse error/uncertainty of an entity                      : yes
         Name of entity                                         : q7874
         Type of entity                                         : prediction
         File containing prediction sensitivities               : master_lu.jco
 
         Total error variance                                   : yes
         Total uncertainty                                      : yes
 
         Parameter contributions to error variance              : no
         Parameter contributions to uncertainty                 : yes
         Parameter contributions                                : by group
 
         Observation worth in reducing error variance           : no
         Observation worth in reducing uncertainty variance     : yes
         Observation worth                                      : by group


                   ANALYSIS OF PARAMETERS
                   ----------------------


 Outcomes of running program SUPCALC ----->
 
    Number of dimensions of calibration solution space = 30
    Number of dimensions of calibration null space     = 60

 Outcomes of parameter identifiability and error/uncertainty variance reduction analysis ----->
 
    Parameter              Identifiability        Rel_uncert_var_redn
    ---------              ---------------        -------------------
    ddsd                    0.9999966              0.9999559
    ddsw                    0.9999997              0.9999808
    ddgd                    0.4983920              0.4976951
    ddgw                    0.4999963              0.4998316
    rcs1d                   6.5128944E-09          1.0000000E-07
    rcs1w                   1.0371307E-09           0.000000
    rcs2d                   1.1307272E-03          1.1650200E-02
    rcs2w                   2.8575701E-04          3.5829000E-03
    rcs3d                   6.6658705E-03          3.1414900E-02
    rcs3w                   2.7744623E-02          6.8260000E-02
    rcs4d                   3.8560009E-03          1.6135100E-02
    rcs4w                   0.9833834              0.8214416
    rcs5d                   5.4911871E-02          0.1608183
    rcs5w                   0.9649025              0.8200011
    rcs6d                   6.5377157E-02          0.2028123
    rcs6w                   8.5591250E-02          0.3134838
    rcs7d                   2.0863004E-02          8.8293100E-02
    rcs7w                   0.9985140              0.9919896
    rcs8d                   0.9999520              0.9993797
    rcs8w                   1.0209187E-02          0.1784208
    rcs9d                   0.9977706              0.9901358
    rcs9w                   0.9999430              0.9997937
    rcs10d                  2.5342339E-03          4.4574000E-02
    rcs10w                  9.7390449E-04          2.6323500E-02
    rcs11d                  1.3895222E-04          3.8675000E-03
    rcs11w                  2.9592260E-03          5.9131600E-02
    rcs12d                  0.9995711              0.9936126
    rcs12w                  0.9965645              0.9758459
    rcs13d                  0.9990223              0.9730304
    rcs13w                  0.9999884              0.9985946
    rcs14d                  0.9988194              0.9712982
    rcs14w                  0.9999880              0.9950852
    rcs15d                  0.9994657              0.9741050
    rcs15w                  0.9998316              0.9837023
    rcs16d                  0.9986745              0.9276175
    rcs16w                  0.9955906              0.9556664
    rcs17d                  0.8713273              0.7940871
    rcs17w                  0.9203909              0.8813412
    rcs18d                  0.1267359              0.3080690
    rcs18w                  8.4004907E-02          0.2803532
    rcs19d                  9.5839326E-03          4.5885900E-02
    rcs19w                  6.8616630E-05          3.1990000E-04
    rcr1d                   1.0309246E-06          1.8000000E-06
    rcr1w                   2.7055445E-06          1.9000000E-06
    rcr2d                   0.9106360              0.9142241
    rcr2w                   0.8878088              0.5154261
    rcr3d                   9.1338517E-02          0.1664137
    rcr3w                   0.9740031              0.9452613
    rcr4d                   4.6020826E-02          7.6654900E-02
    rcr4w                   2.9587875E-02          7.0241000E-02
    rcr5d                   5.2370140E-02          6.6132200E-02
    rcr5w                   1.7523554E-03          8.8713000E-03
    rcr6d                   0.1355561              0.1632625
    rcr6w                   5.4930599E-03          2.0286000E-02
    rcr7d                   0.1307461              0.1569219
    rcr7w                   3.7475903E-03          2.5931300E-02
    rcr8d                   6.4425540E-02          8.6878700E-02
    rcr8w                   1.4223613E-02          5.5848100E-02
    rcr9d                   4.9137921E-02          5.5007100E-02
    rcr9w                   1.3126244E-02          6.0509500E-02
    rcr10d                  9.3803382E-02          9.9433600E-02
    rcr10w                  1.3140157E-03          1.2008100E-02
    rcr11d                  8.1376146E-02          8.8387900E-02
    rcr11w                  1.4260194E-04          3.3461000E-03
    rcr12d                  5.5556955E-02          5.7455400E-02
    rcr12w                  9.6084661E-05          3.3588000E-03
    rcr13d                  4.7149602E-02          5.6807600E-02
    rcr13w                  0.9996544              0.9872289
    rcr14d                  3.4983413E-02          6.4563400E-02
    rcr14w                  0.9984065              0.9519994
    rcr15d                  2.0821200E-02          6.0707600E-02
    rcr15w                  2.1752643E-04          1.2264000E-03
    rcr16d                  2.0340362E-02          7.0236800E-02
    rcr16w                  3.1606576E-04          3.2027000E-03
    rcr17d                  9.6390064E-03          3.8003000E-02
    rcr17w                  1.9714334E-04          2.3108000E-03
    rcr18d                  1.7069393E-03          8.1815000E-03
    rcr18w                  3.9111330E-05          6.4050000E-04
    rcr19d                  1.5178651E-04          7.5430000E-04
    rcr19w                  3.5894967E-06          6.2100000E-05
    rcgd                    0.4983920              0.4976951
    rcgw                    0.4999963              0.4998316
    tl                      0.9999999              0.9999981
    xw                       0.000000               0.000000
    yw                       0.000000               0.000000
    x                        0.000000               0.000000
    y                        0.000000               0.000000
    tlr                      0.000000               0.000000
    tls                      0.000000               0.000000
    beta                    0.9999986              0.9999433
 
    Note: run IDENTPAR yourself to see identiability contributions by different solution 
    space eigencomponents.


                   ANALYSIS OF PREDICTION
                   ----------------------

 PREDVAR1 analysis for prediction "q7874" ----->

    Sing_val       Null-space       Soln-space     Total             Total
    index          term             term           variance          std_dev
    --------       ----------       ----------     --------          -------
       0            7.1910776E+08     0.000000      7.1910776E+08      26816.18    
       4            1.5377095E+07     1050.741      1.5378146E+07      3921.498    
       8             8263386.         1574.030       8264960.          2874.884    
      12             320229.8         5532.171       325762.0          570.7556    
      16             187862.4         5712.847       193575.2          439.9718    
      20             12174.63         6418.862       18593.49          136.3579    
      21             12136.81         6419.786       18556.60          136.2226    
      22             10706.26         6478.058       17184.31          131.0889    
      23             10528.12         6487.705       17015.83          130.4447    
      24             7825.745         6649.697       14475.44          120.3139    
      25             7773.158         6655.615       14428.77          120.1198    
      26             7771.807         6655.837       14427.64          120.1151    
      27             5821.725         7083.111       12904.84          113.5995    
      28             5782.126         7092.319       12874.45          113.4656    
      29             4946.823         7558.249       12505.07          111.8261    
      30             4946.781         7558.288       12505.07          111.8261    
      31             2293.666         11640.22       13933.89          118.0419    
      32             2269.125         11699.10       13968.22          118.1872    
      33             1940.365         12578.76       14519.12          120.4953    
      34             1329.430         14442.34       15771.77          125.5857    
      35             1329.216         14443.10       15772.32          125.5879    
      36             1323.808         14468.17       15791.98          125.6661    
      40             744.2537         18980.04       19724.29          140.4432    
      44             321.5523         26296.03       26617.58          163.1490    
      48             203.3129         31563.34       31766.65          178.2320    
      52             202.9109         31603.27       31806.18          178.3429    
      56             177.6987         36297.39       36475.09          190.9845    
      60             88.08866         64239.12       64327.21          253.6281    
      64             10.42149         94577.22       94587.64          307.5510    
      68            0.2145001         101916.8       101917.0          319.2444    
      72            2.6731275E-02     102994.0       102994.1          320.9269    
      76            2.1881196E-02     103105.1       103105.1          321.0998    
      80            1.7228758E-07     160310.8       160310.8          400.3883    
      84            2.8841777E-52     160797.8       160797.8          400.9960    
      88             0.000000        1.0000000E+35  1.0000000E+35     3.1622777E+17
      90             0.000000        1.0000000E+35  1.0000000E+35     3.1622777E+17
 
    Pre-calibration:- 
    Total error variance                 =  7.1910776E+08
    Total error standard deviation       =   26816.18    
 
    Post-calibration:-
    Total error variance                 =   12505.07    
    Total error standard deviation       =   111.8261    
    Minimum error variance occurs at singular value number 29.
 
 
 PREDUNC1 analysis for prediction "q7874" ----->

    Pre-calibration:- 
    Total uncertainty variance           =  7.1910751E+08
    Total uncertainty standard deviation =   26816.18    
 
    Post-calibration:-
    Total uncertainty variance           =   10855.76    
    Total uncertainty standard deviation =   104.1910    
 
 
 PREDUNC4 analysis for prediction "q7874" ----->

    Contributions to predictive uncertainty variance

    Parameter      Pre-cal             Post-cal
    group          contribution        contribution
    ---------      ------------        ------------
    ddsd            2.4266780E+07        153.7000    
    ddsw             0.000000           0.8800000    
    ddgd             92050.00            1.140000    
    ddgw             0.000000           1.0000000E-02
    rcsd             8498980.            3717.882    
    rcsw             0.000000            202.3100    
    rcrd             5824170.            4591.527    
    rcrw             0.000000            55.92000    
    rcgd             92050.00            1.140000    
    rcgw             0.000000           1.0000000E-02
    tl              2.2536224E+08        30.20000    
    xw               0.000000            0.000000    
    yw               0.000000            0.000000    
    x                0.000000            0.000000    
    y                0.000000            0.000000    
    tlr              0.000000            0.000000    
    tls              0.000000            0.000000    
    beta            4.5497145E+08        313.4900    
 
 
 PREDUNC5 observation subtraction analysis for prediction "q7874" ----->

    Increases in predictive uncertainty variance incurred through loss of observations

    Observation_group        Variance_increase
    -----------------        -----------------
    q                          10855.76    
 
 
 PREDUNC5 observation addition analysis for prediction "q7874" ----->

    Decreases in pre-calibration predictive uncertainty variance incurred through addition of observations

    Observation_group        Variance_decrease
    -----------------        -----------------
    q                          10855.76    
