 
 
                   ###################################################
                   #                                                 #
                   #      GENLINPRED UNCERTAINTY/ERROR ANALYSIS      #
                   #                                                 #
                   ###################################################
 
 
 
                   ANALYSIS DETAILS
                   ----------------
 
    Name of PEST control file                                   : master_lu.pst
    Factor by which to multiply observation weights             : 1.0000
    Source of parameter uncertainty data                        : uncertainty file
    Name of uncertainty file                                    : master_lu.unc
 
    Perform global parameter estimability analysis              : yes
         Parameter identifiability                              : yes
         Relative parameter error reduction                     : no
         Relative parameter uncertainty reduction               : yes
 
    Analyse error/uncertainty of an entity                      : yes
         Name of entity                                         : q7876
         Type of entity                                         : prediction
         File containing prediction sensitivities               : master_lu.jco
 
         Total error variance                                   : yes
         Total uncertainty                                      : yes
 
         Parameter contributions to error variance              : no
         Parameter contributions to uncertainty                 : yes
         Parameter contributions                                : by group
 
         Observation worth in reducing error variance           : no
         Observation worth in reducing uncertainty variance     : yes
         Observation worth                                      : by group


                   ANALYSIS OF PARAMETERS
                   ----------------------


 Outcomes of running program SUPCALC ----->
 
    Number of dimensions of calibration solution space = 30
    Number of dimensions of calibration null space     = 60

 Outcomes of parameter identifiability and error/uncertainty variance reduction analysis ----->
 
    Parameter              Identifiability        Rel_uncert_var_redn
    ---------              ---------------        -------------------
    ddsd                    0.9999966              0.9999559
    ddsw                    0.9999997              0.9999808
    ddgd                    0.4983920              0.4976951
    ddgw                    0.4999963              0.4998316
    rcs1d                   6.5128944E-09          1.0000000E-07
    rcs1w                   1.0371307E-09           0.000000
    rcs2d                   1.1307272E-03          1.1650200E-02
    rcs2w                   2.8575701E-04          3.5829000E-03
    rcs3d                   6.6658705E-03          3.1414900E-02
    rcs3w                   2.7744623E-02          6.8260000E-02
    rcs4d                   3.8560009E-03          1.6135100E-02
    rcs4w                   0.9833834              0.8214416
    rcs5d                   5.4911871E-02          0.1608183
    rcs5w                   0.9649025              0.8200011
    rcs6d                   6.5377157E-02          0.2028123
    rcs6w                   8.5591250E-02          0.3134838
    rcs7d                   2.0863004E-02          8.8293100E-02
    rcs7w                   0.9985140              0.9919896
    rcs8d                   0.9999520              0.9993797
    rcs8w                   1.0209187E-02          0.1784208
    rcs9d                   0.9977706              0.9901358
    rcs9w                   0.9999430              0.9997937
    rcs10d                  2.5342339E-03          4.4574000E-02
    rcs10w                  9.7390449E-04          2.6323500E-02
    rcs11d                  1.3895222E-04          3.8675000E-03
    rcs11w                  2.9592260E-03          5.9131600E-02
    rcs12d                  0.9995711              0.9936126
    rcs12w                  0.9965645              0.9758459
    rcs13d                  0.9990223              0.9730304
    rcs13w                  0.9999884              0.9985946
    rcs14d                  0.9988194              0.9712982
    rcs14w                  0.9999880              0.9950852
    rcs15d                  0.9994657              0.9741050
    rcs15w                  0.9998316              0.9837023
    rcs16d                  0.9986745              0.9276175
    rcs16w                  0.9955906              0.9556664
    rcs17d                  0.8713273              0.7940871
    rcs17w                  0.9203909              0.8813412
    rcs18d                  0.1267359              0.3080690
    rcs18w                  8.4004907E-02          0.2803532
    rcs19d                  9.5839326E-03          4.5885900E-02
    rcs19w                  6.8616630E-05          3.1990000E-04
    rcr1d                   1.0309246E-06          1.8000000E-06
    rcr1w                   2.7055445E-06          1.9000000E-06
    rcr2d                   0.9106360              0.9142241
    rcr2w                   0.8878088              0.5154261
    rcr3d                   9.1338517E-02          0.1664137
    rcr3w                   0.9740031              0.9452613
    rcr4d                   4.6020826E-02          7.6654900E-02
    rcr4w                   2.9587875E-02          7.0241000E-02
    rcr5d                   5.2370140E-02          6.6132200E-02
    rcr5w                   1.7523554E-03          8.8713000E-03
    rcr6d                   0.1355561              0.1632625
    rcr6w                   5.4930599E-03          2.0286000E-02
    rcr7d                   0.1307461              0.1569219
    rcr7w                   3.7475903E-03          2.5931300E-02
    rcr8d                   6.4425540E-02          8.6878700E-02
    rcr8w                   1.4223613E-02          5.5848100E-02
    rcr9d                   4.9137921E-02          5.5007100E-02
    rcr9w                   1.3126244E-02          6.0509500E-02
    rcr10d                  9.3803382E-02          9.9433600E-02
    rcr10w                  1.3140157E-03          1.2008100E-02
    rcr11d                  8.1376146E-02          8.8387900E-02
    rcr11w                  1.4260194E-04          3.3461000E-03
    rcr12d                  5.5556955E-02          5.7455400E-02
    rcr12w                  9.6084661E-05          3.3588000E-03
    rcr13d                  4.7149602E-02          5.6807600E-02
    rcr13w                  0.9996544              0.9872289
    rcr14d                  3.4983413E-02          6.4563400E-02
    rcr14w                  0.9984065              0.9519994
    rcr15d                  2.0821200E-02          6.0707600E-02
    rcr15w                  2.1752643E-04          1.2264000E-03
    rcr16d                  2.0340362E-02          7.0236800E-02
    rcr16w                  3.1606576E-04          3.2027000E-03
    rcr17d                  9.6390064E-03          3.8003000E-02
    rcr17w                  1.9714334E-04          2.3108000E-03
    rcr18d                  1.7069393E-03          8.1815000E-03
    rcr18w                  3.9111330E-05          6.4050000E-04
    rcr19d                  1.5178651E-04          7.5430000E-04
    rcr19w                  3.5894967E-06          6.2100000E-05
    rcgd                    0.4983920              0.4976951
    rcgw                    0.4999963              0.4998316
    tl                      0.9999999              0.9999981
    xw                       0.000000               0.000000
    yw                       0.000000               0.000000
    x                        0.000000               0.000000
    y                        0.000000               0.000000
    tlr                      0.000000               0.000000
    tls                      0.000000               0.000000
    beta                    0.9999986              0.9999433
 
    Note: run IDENTPAR yourself to see identiability contributions by different solution 
    space eigencomponents.


                   ANALYSIS OF PREDICTION
                   ----------------------

 PREDVAR1 analysis for prediction "q7876" ----->

    Sing_val       Null-space       Soln-space     Total             Total
    index          term             term           variance          std_dev
    --------       ----------       ----------     --------          -------
       0            1.3412735E+09     0.000000      1.3412735E+09      36623.40    
       4            1.4522480E+07     1688.332      1.4524168E+07      3811.059    
       8             9232388.         2032.279       9234420.          3038.819    
      12             607320.3         6310.425       613630.7          783.3458    
      16             413025.7         6551.634       419577.3          647.7479    
      20             37564.55         8044.914       45609.46          213.5637    
      21             37111.06         8055.987       45167.04          212.5254    
      22             36030.45         8100.004       44130.46          210.0725    
      23             35964.05         8103.600       44067.65          209.9230    
      24             32791.71         8293.764       41085.47          202.6955    
      25             32585.20         8317.003       40902.20          202.2429    
      26             32583.03         8317.361       40900.39          202.2384    
      27             30051.82         8871.962       38923.78          197.2911    
      28             30029.85         8877.070       38906.92          197.2484    
      29             21196.88         13804.07       35000.95          187.0854    
      30             21196.44         13804.49       35000.93          187.0854    
      31             13144.87         26192.18       39337.05          198.3357    
      32             13046.80         26427.46       39474.26          198.6813    
      33             10765.38         32531.82       43297.20          208.0798    
      34             4440.907         51823.89       56264.80          237.2020    
      35             4435.025         51844.84       56279.86          237.2338    
      36             4434.965         51845.11       56280.08          237.2342    
      40             966.0084         78372.10       79338.11          281.6702    
      44             419.4886         87848.88       88268.37          297.0999    
      48             314.7745         93438.03       93752.81          306.1908    
      52             305.7550         94398.69       94704.45          307.7409    
      56             238.1085         105820.0       106058.1          325.6656    
      60             138.8456         135803.7       135942.6          368.7039    
      64             3.702217         189375.8       189379.5          435.1775    
      68             1.828181         190935.7       190937.6          436.9641    
      72            8.2882773E-03     197280.7       197280.7          444.1629    
      76            1.1203115E-04     197458.8       197458.8          444.3634    
      80            2.3705630E-07     198606.9       198606.9          445.6533    
      84            1.6428413E-52     198722.8       198722.8          445.7834    
      88             0.000000        1.0000000E+35  1.0000000E+35     3.1622777E+17
      90             0.000000        1.0000000E+35  1.0000000E+35     3.1622777E+17
 
    Pre-calibration:- 
    Total error variance                 =  1.3412735E+09
    Total error standard deviation       =   36623.40    
 
    Post-calibration:-
    Total error variance                 =   35000.93    
    Total error standard deviation       =   187.0854    
    Minimum error variance occurs at singular value number 30.
 
 
 PREDUNC1 analysis for prediction "q7876" ----->

    Pre-calibration:- 
    Total uncertainty variance           =  1.3412734E+09
    Total uncertainty standard deviation =   36623.40    
 
    Post-calibration:-
    Total uncertainty variance           =   27292.53    
    Total uncertainty standard deviation =   165.2045    
 
 
 PREDUNC4 analysis for prediction "q7876" ----->

    Contributions to predictive uncertainty variance

    Parameter      Pre-cal             Post-cal
    group          contribution        contribution
    ---------      ------------        ------------
    ddsd            2.1286100E+07        138.8000    
    ddsw             0.000000            34.10000    
    ddgd             78900.00           0.9700000    
    ddgw             0.000000           1.0000000E-02
    rcsd             7441000.            5719.480    
    rcsw             0.000000            184.0300    
    rcrd             6842000.            20236.87    
    rcrw             0.000000            68.85000    
    rcgd             78900.00           0.9700000    
    rcgw             0.000000           1.0000000E-02
    tl              8.5098748E+08        547.1300    
    xw               0.000000            0.000000    
    yw               0.000000            0.000000    
    x                0.000000            0.000000    
    y                0.000000            0.000000    
    tlr              0.000000            0.000000    
    tls              0.000000            0.000000    
    beta            4.5455901E+08        262.9800    
 
 
 PREDUNC5 observation subtraction analysis for prediction "q7876" ----->

    Increases in predictive uncertainty variance incurred through loss of observations

    Observation_group        Variance_increase
    -----------------        -----------------
    q                          27292.53    
 
 
 PREDUNC5 observation addition analysis for prediction "q7876" ----->

    Decreases in pre-calibration predictive uncertainty variance incurred through addition of observations

    Observation_group        Variance_decrease
    -----------------        -----------------
    q                          27292.53    
