 
 
                   ###################################################
                   #                                                 #
                   #      GENLINPRED UNCERTAINTY/ERROR ANALYSIS      #
                   #                                                 #
                   ###################################################
 
 
 
                   ANALYSIS DETAILS
                   ----------------
 
    Name of PEST control file                                   : master.pst
    Factor by which to multiply observation weights             : 1.0000
    Source of parameter uncertainty data                        : uncertainty file
    Name of uncertainty file                                    : master_lu.unc
 
    Perform global parameter estimability analysis              : yes
         Parameter identifiability                              : yes
         Relative parameter error reduction                     : no
         Relative parameter uncertainty reduction               : yes
 
    Analyse error/uncertainty of an entity                      : yes
         Name of entity                                         : q7895
         Type of entity                                         : prediction
         File containing prediction sensitivities               : master.jco
 
         Total error variance                                   : yes
         Total uncertainty                                      : yes
 
         Parameter contributions to error variance              : no
         Parameter contributions to uncertainty                 : yes
         Parameter contributions                                : by group
 
         Observation worth in reducing error variance           : no
         Observation worth in reducing uncertainty variance     : yes
         Observation worth                                      : by group


                   ANALYSIS OF PARAMETERS
                   ----------------------


 Outcomes of running program SUPCALC ----->
 
    Number of dimensions of calibration solution space = 36
    Number of dimensions of calibration null space     = 54

 Outcomes of parameter identifiability and error/uncertainty variance reduction analysis ----->
 
    Parameter              Identifiability        Rel_uncert_var_redn
    ---------              ---------------        -------------------
    ddsd                    0.9999998              0.9999857
    ddsw                    0.9999997              0.9999852
    ddgd                    0.4999785              0.4995663
    ddgw                    0.4999734              0.4995866
    rcs1d                   7.0449298E-08          4.0000000E-07
    rcs1w                   4.0069747E-11           0.000000
    rcs2d                   1.9573091E-02          0.1070801
    rcs2w                   5.5925014E-05          1.2933000E-03
    rcs3d                   3.7958208E-02          8.2322100E-02
    rcs3w                   3.0432857E-02          7.5959300E-02
    rcs4d                   2.1401755E-02          3.6173400E-02
    rcs4w                   0.1339611              0.1844060
    rcs5d                   0.2738055              0.2174886
    rcs5w                   0.6667472              0.4808912
    rcs6d                   0.3687908              0.2706488
    rcs6w                   2.3400891E-02          0.1117114
    rcs7d                   0.1596770              0.1748553
    rcs7w                   0.9986861              0.9981457
    rcs8d                   0.9999412              0.9989581
    rcs8w                   0.9999530              0.9996929
    rcs9d                   0.9998981              0.9979705
    rcs9w                   0.9995549              0.9992351
    rcs10d                  0.9992842              0.9748501
    rcs10w                  2.6848126E-02          0.4146405
    rcs11d                  7.0916600E-04          2.0104000E-02
    rcs11w                  0.9745438              0.9493789
    rcs12d                  0.9999368              0.9980510
    rcs12w                  0.9999223              0.9980646
    rcs13d                  0.9998977              0.9928964
    rcs13w                  0.9999598              0.9961452
    rcs14d                  0.9999293              0.9903780
    rcs14w                  0.9998357              0.9904119
    rcs15d                  0.9999210              0.9924723
    rcs15w                  0.9999199              0.9811952
    rcs16d                  0.9998777              0.9817929
    rcs16w                  0.9973577              0.9422777
    rcs17d                  0.9949088              0.9039419
    rcs17w                  0.8866095              0.8479809
    rcs18d                  0.8531828              0.5291988
    rcs18w                  0.1276929              0.3720997
    rcs19d                  0.1234451              8.8803600E-02
    rcs19w                  1.2317317E-04          5.1510000E-04
    rcr1d                   3.1496791E-06          5.9000000E-06
    rcr1w                   1.7113660E-06          2.3000000E-06
    rcr2d                   0.9069171              0.8848063
    rcr2w                   0.5946601              0.6694894
    rcr3d                   0.2162203              0.3826749
    rcr3w                   0.7194297              0.8160966
    rcr4d                   9.7900046E-02          0.2350048
    rcr4w                   0.3558305              0.4398420
    rcr5d                   5.8806457E-02          0.1283508
    rcr5w                   0.2519895              0.3558815
    rcr6d                   0.4348170              0.4178218
    rcr6w                   0.1529007              0.2318237
    rcr7d                   0.3880945              0.3889292
    rcr7w                   2.5034183E-02          5.3639100E-02
    rcr8d                   1.6905602E-02          0.2459918
    rcr8w                   1.8442364E-02          0.1450155
    rcr9d                   0.9985246              0.9978154
    rcr9w                   2.2391006E-02          0.1928946
    rcr10d                  3.8076400E-02          0.1806674
    rcr10w                  7.7457377E-03          9.8387200E-02
    rcr11d                  0.1601413              0.2266560
    rcr11w                  3.9841684E-03          4.7457000E-02
    rcr12d                  9.5205742E-02          0.1225936
    rcr12w                  1.8672613E-03          3.6579600E-02
    rcr13d                  0.1673601              0.1767440
    rcr13w                  0.9993183              0.9909792
    rcr14d                  0.1586267              0.1594120
    rcr14w                  0.9911773              0.9639196
    rcr15d                  0.1518480              0.1646256
    rcr15w                  2.2905089E-03          1.7114800E-02
    rcr16d                  0.1617297              0.1833653
    rcr16w                  1.3961610E-03          2.5470100E-02
    rcr17d                  6.9554157E-02          0.1009417
    rcr17w                  3.7457956E-04          7.4517000E-03
    rcr18d                  1.1744402E-02          1.9062300E-02
    rcr18w                  4.7869284E-05          1.1442000E-03
    rcr19d                  9.9369118E-04          1.6609000E-03
    rcr19w                  3.6708880E-06          9.0500000E-05
    rcgd                    0.4999785              0.4995663
    rcgw                    0.4999734              0.4995866
    tl                      0.9999999              0.9999991
    xw                       0.000000               0.000000
    yw                       0.000000               0.000000
    x                        0.000000               0.000000
    y                        0.000000               0.000000
    tlr                      0.000000               0.000000
    tls                      0.000000               0.000000
    beta                    0.9999993              0.9999829
 
    Note: run IDENTPAR yourself to see identiability contributions by different solution 
    space eigencomponents.


                   ANALYSIS OF PREDICTION
                   ----------------------

 PREDVAR1 analysis for prediction "q7895" ----->

    Sing_val       Null-space       Soln-space     Total             Total
    index          term             term           variance          std_dev
    --------       ----------       ----------     --------          -------
       0            1.6895462E+09     0.000000      1.6895462E+09      41104.09    
       4            1.1181890E+07     265.8113      1.1182155E+07      3343.973    
       8             4528275.         392.0890       4528667.          2128.066    
      12             1018956.         705.9943       1019662.          1009.783    
      16             334189.4         974.2292       335163.6          578.9332    
      20             277173.2         1053.891       278227.1          527.4724    
      24             11000.70         2011.459       13012.16          114.0709    
      28             9204.988         2062.171       11267.16          106.1469    
      29             9186.834         2063.186       11250.02          106.0661    
      30             9182.383         2063.882       11246.27          106.0484    
      31             6088.510         2859.605       8948.115          94.59448    
      32             6087.783         2859.833       8947.617          94.59184    
      33             5954.771         2926.596       8881.367          94.24100    
      34             1374.375         6141.445       7515.819          86.69382    
      35             1367.452         6146.627       7514.078          86.68378    
      36             1366.077         6147.847       7513.923          86.68289    
      37             1353.797         6160.753       7514.551          86.68651    
      38             1064.411         6549.384       7613.795          87.25706    
      39             1061.131         6553.975       7615.105          87.26457    
      40             1054.733         6563.524       7618.257          87.28263    
      41             615.5569         7362.765       7978.322          89.32145    
      42             612.4623         7370.729       7983.192          89.34871    
      43             576.1134         7481.954       8058.067          89.76674    
      44             538.0026         7598.751       8136.754          90.20396    
      48             157.5942         9863.129       10020.72          100.1035    
      52             98.25111         10529.79       10628.04          103.0924    
      56             93.02775         10644.98       10738.01          103.6244    
      60             15.38112         13287.43       13302.81          115.3378    
      64             12.46599         13452.86       13465.32          116.0402    
      68            4.5575170E-02     14726.77       14726.82          121.3541    
      72            2.3616687E-02     14753.90       14753.93          121.4658    
      76            3.7808105E-03     14787.98       14787.98          121.6058    
      80            5.1769315E-09     16638.12       16638.12          128.9888    
      84             0.000000         16786.49       16786.49          129.5627    
      88             0.000000        1.0000000E+35  1.0000000E+35     3.1622777E+17
      90             0.000000        1.0000000E+35  1.0000000E+35     3.1622777E+17
 
    Pre-calibration:- 
    Total error variance                 =  1.6895462E+09
    Total error standard deviation       =   41104.09    
 
    Post-calibration:-
    Total error variance                 =   7513.923    
    Total error standard deviation       =   86.68289    
    Minimum error variance occurs at singular value number 36.
 
 
 PREDUNC1 analysis for prediction "q7895" ----->

    Pre-calibration:- 
    Total uncertainty variance           =  1.6895462E+09
    Total uncertainty standard deviation =   41104.09    
 
    Post-calibration:-
    Total uncertainty variance           =   5623.226    
    Total uncertainty standard deviation =   74.98817    
 
 
 PREDUNC4 analysis for prediction "q7895" ----->

    Contributions to predictive uncertainty variance

    Parameter      Pre-cal             Post-cal
    group          contribution        contribution
    ---------      ------------        ------------
    ddsd            1.2744670E+08        3.359000    
    ddsw             0.000000           0.1430000    
    ddgd             200800.0           1.0000000E-02
    ddgw             0.000000           1.0000000E-03
    rcsd            2.8865900E+07        1618.853    
    rcsw             0.000000            24.92400    
    rcrd             8253400.            4295.381    
    rcrw             0.000000            6.622000    
    rcgd             200800.0           1.0000000E-02
    rcgw             0.000000           1.0000000E-03
    tl              1.0163318E+09        23.75100    
    xw               0.000000            0.000000    
    yw               0.000000            0.000000    
    x                0.000000            0.000000    
    y                0.000000            0.000000    
    tlr              0.000000            0.000000    
    tls              0.000000            0.000000    
    beta            5.0824680E+08        54.16500    
 
 
 PREDUNC5 observation subtraction analysis for prediction "q7895" ----->

    Increases in predictive uncertainty variance incurred through loss of observations

    Observation_group        Variance_increase
    -----------------        -----------------
    q                          5623.226    
 
 
 PREDUNC5 observation addition analysis for prediction "q7895" ----->

    Decreases in pre-calibration predictive uncertainty variance incurred through addition of observations

    Observation_group        Variance_decrease
    -----------------        -----------------
    q                          5623.226    
