 
 
                   ###################################################
                   #                                                 #
                   #      GENLINPRED UNCERTAINTY/ERROR ANALYSIS      #
                   #                                                 #
                   ###################################################
 
 
 
                   ANALYSIS DETAILS
                   ----------------
 
    Name of PEST control file                                   : master_lu.pst
    Factor by which to multiply observation weights             : 1.0000
    Source of parameter uncertainty data                        : uncertainty file
    Name of uncertainty file                                    : master_lu.unc
 
    Perform global parameter estimability analysis              : yes
         Parameter identifiability                              : yes
         Relative parameter error reduction                     : no
         Relative parameter uncertainty reduction               : yes
 
    Analyse error/uncertainty of an entity                      : yes
         Name of entity                                         : q7902
         Type of entity                                         : prediction
         File containing prediction sensitivities               : master_lu.jco
 
         Total error variance                                   : yes
         Total uncertainty                                      : yes
 
         Parameter contributions to error variance              : no
         Parameter contributions to uncertainty                 : yes
         Parameter contributions                                : by group
 
         Observation worth in reducing error variance           : no
         Observation worth in reducing uncertainty variance     : yes
         Observation worth                                      : by group


                   ANALYSIS OF PARAMETERS
                   ----------------------


 Outcomes of running program SUPCALC ----->
 
    Number of dimensions of calibration solution space = 29
    Number of dimensions of calibration null space     = 61

 Outcomes of parameter identifiability and error/uncertainty variance reduction analysis ----->
 
    Parameter              Identifiability        Rel_uncert_var_redn
    ---------              ---------------        -------------------
    ddsd                    0.9983481              0.9972470
    ddsw                    0.9999999              0.9999999
    ddgd                    9.8758952E-03          9.9203000E-03
    ddgw                    0.4968556              0.4995913
    rcs1d                   6.4156593E-12          3.0000000E-07
    rcs1w                   4.6274464E-11          1.0000000E-06
    rcs2d                   7.4847474E-06          4.0118000E-02
    rcs2w                   1.8759127E-05          2.5852400E-02
    rcs3d                   5.1557437E-04          0.6441234
    rcs3w                   1.5126506E-03          0.2770096
    rcs4d                   1.0509059E-04          0.2971621
    rcs4w                   1.1753331E-03          0.2097582
    rcs5d                   7.0660996E-04          0.4848622
    rcs5w                   9.3484037E-04          0.5013696
    rcs6d                   5.5369553E-04          0.3882047
    rcs6w                   7.9267335E-04          0.6316269
    rcs7d                   4.6862823E-04          0.4649301
    rcs7w                   0.9996375              0.9999039
    rcs8d                   0.9999095              0.9999743
    rcs8w                   0.9999927              0.9999980
    rcs9d                   2.3335583E-04          0.3440929
    rcs9w                   0.9996603              0.9999679
    rcs10d                  5.3756938E-04          0.5911573
    rcs10w                  4.5868182E-03          0.9465364
    rcs11d                  2.6600878E-03          0.8124157
    rcs11w                  0.9999074              0.9999901
    rcs12d                  0.9971799              0.9995244
    rcs12w                  0.9998173              0.9999358
    rcs13d                  0.9998239              0.9997448
    rcs13w                  0.9999006              0.9999424
    rcs14d                  0.9996281              0.9986747
    rcs14w                  0.9997527              0.9999325
    rcs15d                  0.9893799              0.9968610
    rcs15w                  0.9998210              0.9997287
    rcs16d                  0.3799089              0.9450422
    rcs16w                  0.9989518              0.9982755
    rcs17d                  0.4076557              0.8640019
    rcs17w                  0.8723656              0.9943942
    rcs18d                  0.1954192              0.6804608
    rcs18w                  0.1230396              0.8938861
    rcs19d                  2.8819693E-02          0.1992927
    rcs19w                  1.0416534E-02          0.2596901
    rcr1d                   7.6850757E-11           0.000000
    rcr1w                   8.2855110E-04          1.1343300E-02
    rcr2d                   8.1620946E-07          9.9000000E-06
    rcr2w                   0.4731277              0.9742735
    rcr3d                   2.3222327E-05          2.2180000E-04
    rcr3w                   0.3805543              0.9759463
    rcr4d                   1.7065796E-04          1.3945000E-03
    rcr4w                   0.9915368              0.9996613
    rcr5d                   1.1597642E-03          3.1188000E-03
    rcr5w                   5.5116364E-03          0.8215564
    rcr6d                   1.6163756E-03          3.4158000E-03
    rcr6w                   3.7693040E-03          0.7403530
    rcr7d                   0.9358517              0.9851112
    rcr7w                   4.4607529E-03          0.8997058
    rcr8d                   3.8674559E-04          1.6060700E-02
    rcr8w                   5.5856353E-02          0.9323104
    rcr9d                   4.7283421E-05          4.4906000E-03
    rcr9w                   8.8434255E-02          0.9104554
    rcr10d                  3.3174632E-05          3.8368000E-03
    rcr10w                  0.9866445              0.9991623
    rcr11d                  3.2541127E-05          6.2766000E-03
    rcr11w                  4.5140536E-02          0.8286377
    rcr12d                  3.7278854E-05          7.3675000E-03
    rcr12w                  5.4784562E-02          0.8560408
    rcr13d                  3.0229546E-06          1.0382000E-03
    rcr13w                  7.6219336E-02          0.9151251
    rcr14d                  3.0275182E-07          1.9280000E-04
    rcr14w                  0.1082248              0.8646326
    rcr15d                  5.0479962E-08          4.3000000E-05
    rcr15w                  5.4104763E-02          0.4688310
    rcr16d                  9.5426544E-09          1.3000000E-05
    rcr16w                  8.4375310E-02          0.2190348
    rcr17d                  2.4915201E-09          3.0000000E-06
    rcr17w                  0.3827257              0.5678747
    rcr18d                  3.3630677E-10          4.0000000E-07
    rcr18w                  0.2383034              0.5983096
    rcr19d                  2.7264495E-11           0.000000
    rcr19w                  1.9681480E-02          6.1698600E-02
    rcgd                    0.9876724              0.9894420
    rcgw                    0.4968556              0.4995913
    tl                       1.000000               1.000000
    xw                      8.8527304E-04          0.2803182
    yw                      8.1378434E-05          9.4955000E-03
    x                       0.9999917              0.9999955
    y                       0.9999994              0.9999994
    tlr                      0.000000               0.000000
    tls                      0.000000               0.000000
    beta                    0.9999907              0.9999986
 
    Note: run IDENTPAR yourself to see identiability contributions by different solution 
    space eigencomponents.


                   ANALYSIS OF PREDICTION
                   ----------------------

 PREDVAR1 analysis for prediction "q7902" ----->

    Sing_val       Null-space       Soln-space     Total             Total
    index          term             term           variance          std_dev
    --------       ----------       ----------     --------          -------
       0            1.4775143E+11     0.000000      1.4775143E+11      384384.5    
       4            7.8699500E+09     1742.571      7.8699517E+09      88712.75    
       8            4.9582522E+08     3385.835      4.9582861E+08      22267.21    
      12            1.5912184E+08     4620.659      1.5912646E+08      12614.53    
      16            6.9341260E+07     5497.164      6.9346757E+07      8327.470    
      20            1.1952018E+07     10171.19      1.1962189E+07      3458.640    
      24             416733.4         15116.98       431850.4          657.1533    
      28             168777.9         16267.47       185045.4          430.1690    
      32             56374.05         17721.03       74095.07          272.2041    
      36             6384.267         20319.75       26704.02          163.4136    
      40             4309.162         20500.85       24810.01          157.5119    
      41             4046.236         20544.22       24590.46          156.8135    
      42             4039.716         20545.96       24585.67          156.7982    
      43             2559.780         20951.41       23511.19          153.3336    
      44             2424.067         20998.04       23422.11          153.0428    
      45             2381.033         21013.91       23394.94          152.9540    
      46             2378.782         21014.79       23393.57          152.9496    
      47             2287.365         21058.74       23346.10          152.7943    
      48             1906.806         21248.54       23155.35          152.1688    
      49             1821.830         21317.19       23139.02          152.1152    
      50             1790.564         21344.78       23135.35          152.1031    
      51             1729.896         21442.15       23172.05          152.2237    
      52             981.6571         22883.80       23865.45          154.4845    
      53             755.5268         23590.77       24346.30          156.0330    
      54             325.0230         25432.23       25757.25          160.4907    
      55             324.6434         25434.00       25758.64          160.4950    
      56             258.1020         25778.17       26036.27          161.3576    
      60             131.7320         26764.60       26896.33          164.0010    
      64             60.57651         29212.33       29272.91          171.0933    
      68             10.12428         42691.82       42701.95          206.6445    
      72            0.8804358         54128.56       54129.45          232.6574    
      76            0.1109376         61275.63       61275.74          247.5394    
      80            3.4230701E-02     71194.85       71194.88          266.8237    
      84            1.2148464E-05     113115.0       113115.0          336.3257    
      88            1.9556307E-44     122955.2       122955.2          350.6497    
      90             0.000000        1.0000000E+35  1.0000000E+35     3.1622777E+17
 
    Pre-calibration:- 
    Total error variance                 =  1.4775143E+11
    Total error standard deviation       =   384384.5    
 
    Post-calibration:-
    Total error variance                 =   23135.35    
    Total error standard deviation       =   152.1031    
    Minimum error variance occurs at singular value number 50.
 
 
 PREDUNC1 analysis for prediction "q7902" ----->

    Pre-calibration:- 
    Total uncertainty variance           =  1.4775144E+11
    Total uncertainty standard deviation =   384384.5    
 
    Post-calibration:-
    Total uncertainty variance           =   22280.52    
    Total uncertainty standard deviation =   149.2666    
 
 
 PREDUNC4 analysis for prediction "q7902" ----->

    Contributions to predictive uncertainty variance

    Parameter      Pre-cal             Post-cal
    group          contribution        contribution
    ---------      ------------        ------------
    ddsd             1750000.            794.6100    
    ddsw             0.000000            6.700000    
    ddgd             0.000000           2.0000000E-02
    ddgw             0.000000            2.380000    
    rcsd            4.6947000E+08        15427.40    
    rcsw             0.000000            12602.34    
    rcrd             1480000.            1461.370    
    rcrw             0.000000            7841.540    
    rcgd             600000.0            527.5700    
    rcgw             0.000000            2.380000    
    tl              8.7376932E+10        10.36000    
    xw               0.000000            273.0400    
    yw               0.000000            2.240000    
    x                2780000.            206.5600    
    y               3.3031000E+08        176.6900    
    tlr              0.000000            0.000000    
    tls              0.000000            0.000000    
    beta            5.9568062E+10        14869.94    
 
 
 PREDUNC5 observation subtraction analysis for prediction "q7902" ----->

    Increases in predictive uncertainty variance incurred through loss of observations

    Observation_group        Variance_increase
    -----------------        -----------------
    q                         6.0374477E+10
    swe                        16.81000    
 
 
 PREDUNC5 observation addition analysis for prediction "q7902" ----->

    Decreases in pre-calibration predictive uncertainty variance incurred through addition of observations

    Observation_group        Variance_decrease
    -----------------        -----------------
    q                         1.4775141E+11
    swe                       8.7376931E+10
