 
 
                   ###################################################
                   #                                                 #
                   #      GENLINPRED UNCERTAINTY/ERROR ANALYSIS      #
                   #                                                 #
                   ###################################################
 
 
 
                   ANALYSIS DETAILS
                   ----------------
 
    Name of PEST control file                                   : master_lu.pst
    Factor by which to multiply observation weights             : 1.0000
    Source of parameter uncertainty data                        : uncertainty file
    Name of uncertainty file                                    : master_lu.unc
 
    Perform global parameter estimability analysis              : yes
         Parameter identifiability                              : yes
         Relative parameter error reduction                     : no
         Relative parameter uncertainty reduction               : yes
 
    Analyse error/uncertainty of an entity                      : yes
         Name of entity                                         : q7964
         Type of entity                                         : prediction
         File containing prediction sensitivities               : master_lu.jco
 
         Total error variance                                   : yes
         Total uncertainty                                      : yes
 
         Parameter contributions to error variance              : no
         Parameter contributions to uncertainty                 : yes
         Parameter contributions                                : by group
 
         Observation worth in reducing error variance           : no
         Observation worth in reducing uncertainty variance     : yes
         Observation worth                                      : by group


                   ANALYSIS OF PARAMETERS
                   ----------------------


 Outcomes of running program SUPCALC ----->
 
    Number of dimensions of calibration solution space = 38
    Number of dimensions of calibration null space     = 72

 Outcomes of parameter identifiability and error/uncertainty variance reduction analysis ----->
 
    Parameter              Identifiability        Rel_uncert_var_redn
    ---------              ---------------        -------------------
    ddsd                    0.9999998              0.9999882
    ddsw                    0.9999999              0.9999612
    ddgd                    0.4999995              0.4999947
    ddgw                    0.5000000              0.4999944
    rcs1d                   5.2750056E-05          3.4910000E-04
    rcs1w                   3.3648748E-06          1.3700000E-04
    rcs2d                   3.7892248E-03          2.3870900E-02
    rcs2w                   4.9281203E-04          7.2447000E-03
    rcs3d                   0.2278540              0.5087024
    rcs3w                   0.3132249              0.4108651
    rcs4d                   0.7838380              0.7547821
    rcs4w                   0.7122735              0.6779620
    rcs5d                   0.9854314              0.8860433
    rcs5w                   0.9742290              0.8970145
    rcs6d                   0.9997271              0.9869927
    rcs6w                   0.9995626              0.9865033
    rcs7d                   0.9999734              0.9963470
    rcs7w                   0.9999009              0.9926186
    rcs8d                   0.9977498              0.5636120
    rcs8w                   0.9999374              0.9795671
    rcs9d                   0.9997654              0.9418891
    rcs9w                   0.9999675              0.9715956
    rcs10d                  0.9999925              0.9945227
    rcs10w                  0.9999696              0.9475046
    rcs11d                  0.9999887              0.9967410
    rcs11w                  0.9999784              0.9657809
    rcs12d                  0.9999189              0.9974761
    rcs12w                  0.9999760              0.9834879
    rcs13d                  0.9999465              0.9936754
    rcs13w                  0.9999606              0.9795061
    rcs14d                  0.9998817              0.9886101
    rcs14w                  0.9997078              0.9465983
    rcs15d                  0.9997555              0.9837014
    rcs15w                  0.9969768              0.9374127
    rcs16d                  0.9985397              0.9843648
    rcs16w                  0.9986282              0.9023322
    rcs17d                  0.9990809              0.9583172
    rcs17w                  0.9359113              0.8189981
    rcs18d                  0.8234768              0.8591180
    rcs18w                  0.7832292              0.7576202
    rcs19d                  0.3666629              0.6052424
    rcs19w                  0.2233145              0.3181020
    rcs20d                  0.7719679              0.6767998
    rcs20w                  6.0565045E-02          0.1177208
    rcs21d                  4.2090421E-02          0.2948363
    rcs21w                  1.3897872E-03          8.7688000E-03
    rcs22d                  1.7722871E-04          2.2795000E-03
    rcs22w                  2.4366287E-05          2.9240000E-04
    rcs23d                  2.4030768E-05          5.3240000E-04
    rcs23w                  4.9139747E-06          8.7600000E-05
    rcs24d                  5.5119183E-07          1.2900000E-05
    rcs24w                  1.3406988E-07          2.7000000E-06
    rcr1d                   1.4071802E-07          6.9000000E-06
    rcr1w                   5.9726436E-07          1.1700000E-05
    rcr2d                   4.2736003E-06          2.0060000E-04
    rcr2w                   1.7480947E-05          3.3720000E-04
    rcr3d                   1.3742717E-05          8.4120000E-04
    rcr3w                   5.5916163E-05          1.2620000E-03
    rcr4d                   1.6953473E-05          1.5301000E-03
    rcr4w                   1.0925170E-04          2.1767000E-03
    rcr5d                   1.7948364E-05          2.2827000E-03
    rcr5w                   1.3127089E-04          2.6893000E-03
    rcr6d                   2.8743876E-05          3.5516000E-03
    rcr6w                   8.7929138E-05          3.3898000E-03
    rcr7d                   4.7200822E-05          3.4130000E-03
    rcr7w                   1.0261482E-05          1.1982000E-03
    rcr8d                   3.4738732E-05          3.8617000E-03
    rcr8w                   4.7086849E-06          7.7080000E-04
    rcr9d                   4.5072579E-05          4.2203000E-03
    rcr9w                   6.5216371E-06          8.6590000E-04
    rcr10d                  5.3313632E-05          4.7827000E-03
    rcr10w                  5.1732419E-06          7.7670000E-04
    rcr11d                  4.9335376E-05          5.5027000E-03
    rcr11w                  4.7000997E-06          7.1160000E-04
    rcr12d                  1.6621708E-05          3.5159000E-03
    rcr12w                  3.9441867E-06          3.9790000E-04
    rcr13d                  4.5405607E-06          1.5691000E-03
    rcr13w                  2.0792753E-06          1.7780000E-04
    rcr14d                  2.2186452E-06          7.3590000E-04
    rcr14w                  9.2379625E-07          7.6500000E-05
    rcr15d                  1.0360425E-06          3.3920000E-04
    rcr15w                  2.2499967E-07          2.3800000E-05
    rcr16d                  5.0539566E-07          1.6680000E-04
    rcr16w                  1.1616351E-07          1.3100000E-05
    rcr17d                  2.7392115E-07          6.4100000E-05
    rcr17w                  1.8897768E-08          3.3000000E-06
    rcr18d                  3.9177600E-08          1.0500000E-05
    rcr18w                  8.5018432E-09          1.3000000E-06
    rcr19d                  2.0544918E-08          5.2000000E-06
    rcr19w                  4.5339501E-09          6.0000000E-07
    rcr20d                  8.2315590E-09          1.9000000E-06
    rcr20w                  1.1578816E-09          2.0000000E-07
    rcr21d                  7.9856318E-10          2.0000000E-07
    rcr21w                  1.4858928E-10           0.000000
    rcr22d                  3.6577045E-11           0.000000
    rcr22w                  5.8340870E-12           0.000000
    rcr23d                  1.1854585E-11           0.000000
    rcr23w                  1.9494319E-12           0.000000
    rcr24d                  3.4994166E-13           0.000000
    rcr24w                  5.6485461E-14           0.000000
    rcgd                    0.4999995              0.4999947
    rcgw                    0.5000000              0.4999944
    tl                       1.000000              0.9999970
    xw                      2.3845398E-03          8.2196800E-02
    yw                      0.9978488              0.9914401
    x                        0.000000               0.000000
    y                        0.000000               0.000000
    tlr                     7.6593206E-05          6.8750900E-02
    tls                      0.000000               0.000000
    beta                    0.9999996              0.9999910
 
    Note: run IDENTPAR yourself to see identiability contributions by different solution 
    space eigencomponents.


                   ANALYSIS OF PREDICTION
                   ----------------------

 PREDVAR1 analysis for prediction "q7964" ----->

    Sing_val       Null-space       Soln-space     Total             Total
    index          term             term           variance          std_dev
    --------       ----------       ----------     --------          -------
       0            4.3558677E+12     0.000000      4.3558677E+12      2087072.    
       5            6.5583920E+09     971055.2      6.5593630E+09      80989.89    
      10            2.0650914E+09     1039165.      2.0661306E+09      45454.71    
      15            1.2287944E+09     1374518.      1.2301689E+09      35073.76    
      20            1.9477103E+08     5659371.      2.0043040E+08      14157.34    
      25            6.2800570E+07     8274231.      7.1074801E+07      8430.587    
      30             3398073.        1.0376817E+07  1.3774890E+07      3711.454    
      31             3381622.        1.0378083E+07  1.3759706E+07      3709.408    
      32             3381559.        1.0378090E+07  1.3759650E+07      3709.400    
      33             3263844.        1.0397880E+07  1.3661723E+07      3696.177    
      34             3201586.        1.0411936E+07  1.3613523E+07      3689.651    
      35             728307.1        1.1170686E+07  1.1898993E+07      3449.492    
      36             450853.2        1.1257179E+07  1.1708032E+07      3421.700    
      37             381330.6        1.1281814E+07  1.1663145E+07      3415.135    
      38             334107.1        1.1323244E+07  1.1657351E+07      3414.286    
      39             24207.22        1.1703859E+07  1.1728066E+07      3424.626    
      40             17357.52        1.1712954E+07  1.1730312E+07      3424.954    
      41             17329.93        1.1713040E+07  1.1730370E+07      3424.963    
      42             13000.21        1.1728283E+07  1.1741283E+07      3426.556    
      43             12999.34        1.1728287E+07  1.1741286E+07      3426.556    
      44             12674.44        1.1732199E+07  1.1744873E+07      3427.079    
      45             12674.37        1.1732200E+07  1.1744874E+07      3427.080    
      46             12641.11        1.1732986E+07  1.1745627E+07      3427.189    
      47             2532.201        1.2100458E+07  1.2102990E+07      3478.935    
      48             2440.383        1.2104836E+07  1.2107276E+07      3479.551    
      49             1406.122        1.2208404E+07  1.2209810E+07      3494.254    
      50             1389.239        1.2210613E+07  1.2212002E+07      3494.567    
      55             148.0543        1.2485311E+07  1.2485459E+07      3533.477    
      60             103.9569        1.2658885E+07  1.2658989E+07      3557.947    
      65             20.58580        1.3535481E+07  1.3535502E+07      3679.063    
      70             16.80167        1.3615282E+07  1.3615299E+07      3689.891    
      75             3.936055        1.4377046E+07  1.4377050E+07      3791.708    
      80             1.083250        1.4652253E+07  1.4652254E+07      3827.826    
      85            6.4354797E-02    1.4869860E+07  1.4869860E+07      3856.146    
      90            1.1315437E-02    1.4944944E+07  1.4944944E+07      3865.869    
      95            9.8546752E-06    1.5217553E+07  1.5217553E+07      3900.968    
     100            4.2439855E-07    1.5223268E+07  1.5223268E+07      3901.701    
     105            1.9326179E-12    1.5266068E+07  1.5266068E+07      3907.182    
     110             0.000000        1.0000000E+35  1.0000000E+35     3.1622777E+17
 
    Pre-calibration:- 
    Total error variance                 =  4.3558677E+12
    Total error standard deviation       =   2087072.    
 
    Post-calibration:-
    Total error variance                 =  1.1657351E+07
    Total error standard deviation       =   3414.286    
    Minimum error variance occurs at singular value number 38.
 
 
 PREDUNC1 analysis for prediction "q7964" ----->

    Pre-calibration:- 
    Total uncertainty variance           =  4.3558695E+12
    Total uncertainty standard deviation =   2087072.    
 
    Post-calibration:-
    Total uncertainty variance           =  1.1138506E+07
    Total uncertainty standard deviation =   3337.440    
 
 
 PREDUNC4 analysis for prediction "q7964" ----->

    Contributions to predictive uncertainty variance

    Parameter      Pre-cal             Post-cal
    group          contribution        contribution
    ---------      ------------        ------------
    ddsd            8.3873990E+11        745326.0    
    ddsw             0.000000            30231.00    
    ddgd            3.4530000E+08        1.000000    
    ddgw             0.000000            1.000000    
    rcsd            1.5887040E+11       1.0110480E+07
    rcsw             0.000000            166275.0    
    rcrd             0.000000            14214.00    
    rcrw             0.000000            262.0000    
    rcgd            3.4530000E+08        1.000000    
    rcgw             0.000000            1.000000    
    tl              2.9853896E+12        278408.0    
    xw               0.000000            329.0000    
    yw               0.000000            694.0000    
    x                0.000000            0.000000    
    y                0.000000            0.000000    
    tlr              0.000000            69.00000    
    tls              0.000000            0.000000    
    beta            3.7217730E+11        275118.0    
 
 
 PREDUNC5 observation subtraction analysis for prediction "q7964" ----->

    Increases in predictive uncertainty variance incurred through loss of observations

    Observation_group        Variance_increase
    -----------------        -----------------
    q                         1.1138506E+07
 
 
 PREDUNC5 observation addition analysis for prediction "q7964" ----->

    Decreases in pre-calibration predictive uncertainty variance incurred through addition of observations

    Observation_group        Variance_decrease
    -----------------        -----------------
    q                         1.1138506E+07
