 
 
                   ###################################################
                   #                                                 #
                   #      GENLINPRED UNCERTAINTY/ERROR ANALYSIS      #
                   #                                                 #
                   ###################################################
 
 
 
                   ANALYSIS DETAILS
                   ----------------
 
    Name of PEST control file                                   : master_lu.pst
    Factor by which to multiply observation weights             : 1.0000
    Source of parameter uncertainty data                        : uncertainty file
    Name of uncertainty file                                    : master_lu.unc
 
    Perform global parameter estimability analysis              : yes
         Parameter identifiability                              : yes
         Relative parameter error reduction                     : no
         Relative parameter uncertainty reduction               : yes
 
    Analyse error/uncertainty of an entity                      : yes
         Name of entity                                         : q7889
         Type of entity                                         : prediction
         File containing prediction sensitivities               : master_lu.jco
 
         Total error variance                                   : yes
         Total uncertainty                                      : yes
 
         Parameter contributions to error variance              : no
         Parameter contributions to uncertainty                 : yes
         Parameter contributions                                : by group
 
         Observation worth in reducing error variance           : no
         Observation worth in reducing uncertainty variance     : yes
         Observation worth                                      : by group


                   ANALYSIS OF PARAMETERS
                   ----------------------


 Outcomes of running program SUPCALC ----->
 
    Number of dimensions of calibration solution space = 20
    Number of dimensions of calibration null space     = 66

 Outcomes of parameter identifiability and error/uncertainty variance reduction analysis ----->
 
    Parameter              Identifiability        Rel_uncert_var_redn
    ---------              ---------------        -------------------
    ddsd                    0.9999825              0.9998405
    ddsw                    0.9999952              0.9998785
    ddgd                    4.0813930E-03          5.4219200E-02
    ddgw                    0.7999166              0.7970970
    rcs1d                   5.4167442E-10          5.0000000E-07
    rcs1w                   5.2797542E-30           0.000000
    rcs2d                   1.0392590E-06          8.6900000E-05
    rcs2w                   2.6934206E-09          5.0000000E-07
    rcs3d                   4.0382386E-06          2.6580000E-04
    rcs3w                   1.8326210E-07          2.2100000E-05
    rcs4d                   1.5983513E-05          5.2530000E-04
    rcs4w                   5.9957111E-05          5.1390000E-04
    rcs5d                   6.4171708E-05          1.7385000E-03
    rcs5w                   3.2010904E-04          8.3680000E-04
    rcs6d                   9.6768396E-05          2.5241000E-03
    rcs6w                   0.9875746              0.8440291
    rcs7d                   2.4950046E-04          5.2391000E-03
    rcs7w                   0.9930398              0.8536693
    rcs8d                   4.0983050E-04          7.3474000E-03
    rcs8w                   6.7889569E-04          4.7372000E-03
    rcs9d                   6.2207673E-04          9.7150000E-03
    rcs9w                   0.9997191              0.9926175
    rcs10d                  0.9921671              0.9543629
    rcs10w                  7.8195081E-05          1.4643000E-03
    rcs11d                  0.9909082              0.9053816
    rcs11w                  0.9995648              0.9891559
    rcs12d                  0.9442289              0.9202702
    rcs12w                  0.9752004              0.9052760
    rcs13d                  0.4409876              0.6427529
    rcs13w                  0.5263901              0.6180944
    rcs14d                  0.3707311              0.4836972
    rcs14w                  0.3346813              0.4964562
    rcs15d                  0.2434659              0.3169757
    rcs15w                  0.1501184              0.1850044
    rcs16d                  2.0417495E-02          0.2513826
    rcs16w                  1.2485110E-02          5.8453300E-02
    rcs17d                  2.4571537E-03          3.2588500E-02
    rcs17w                  1.1778657E-03          4.6619000E-03
    rcs18d                  6.8828107E-05          1.0145000E-03
    rcs18w                  7.3154711E-05          3.0760000E-04
    rcr1d                   5.6836658E-05          1.1199000E-03
    rcr1w                   2.0784715E-02          5.0877200E-02
    rcr2d                   5.3973813E-05          9.9060000E-04
    rcr2w                   0.1078382              0.1877446
    rcr3d                   5.7810603E-05          1.0029000E-03
    rcr3w                   0.1187454              0.1668194
    rcr4d                   5.6019770E-05          9.3120000E-04
    rcr4w                   0.5463506              0.5853759
    rcr5d                   5.0647456E-05          7.6460000E-04
    rcr5w                   0.2192257              0.3175859
    rcr6d                   3.6226888E-05          4.7060000E-04
    rcr6w                   2.5564290E-03          9.9764000E-03
    rcr7d                   1.3837365E-05          9.2900000E-05
    rcr7w                   1.2396510E-03          8.0816000E-03
    rcr8d                   0.9991215              0.9867535
    rcr8w                   6.1431188E-04          7.0033000E-03
    rcr9d                   3.0291084E-05          1.5400000E-04
    rcr9w                   3.7586607E-04          6.4983000E-03
    rcr10d                  3.4714953E-05          8.9070000E-04
    rcr10w                  1.5235902E-04          3.1211000E-03
    rcr11d                  6.5261206E-05          1.4145000E-03
    rcr11w                  1.2201197E-04          3.6241000E-03
    rcr12d                  6.2106851E-04          8.6497000E-03
    rcr12w                  8.2441307E-05          3.9425000E-03
    rcr13d                  0.5357440              0.6444899
    rcr13w                  5.7899656E-05          4.2012000E-03
    rcr14d                  0.4279642              0.5553229
    rcr14w                  4.3787892E-05          4.1761000E-03
    rcr15d                  3.4121923E-02          4.5752800E-02
    rcr15w                  4.5949796E-05          3.7311000E-03
    rcr16d                  2.1215731E-03          1.5387800E-02
    rcr16w                  4.6274265E-05          2.9620000E-03
    rcr17d                  2.4566407E-04          2.8382000E-03
    rcr17w                  3.7266216E-05          2.3795000E-03
    rcr18d                  5.8562470E-05          7.5930000E-04
    rcr18w                  9.5014757E-06          6.3270000E-04
    rcgd                    1.0203482E-03          1.3554800E-02
    rcgw                    0.2000012              0.1993378
    tl                      0.9999910              0.9998003
    xw                       0.000000               0.000000
    yw                       0.000000               0.000000
    x                       0.9991272              0.9392678
    y                       0.9996750              0.9787502
    tlr                      0.000000               0.000000
    tls                      0.000000               0.000000
    beta                    0.9893696              0.9056104
 
    Note: run IDENTPAR yourself to see identiability contributions by different solution 
    space eigencomponents.


                   ANALYSIS OF PREDICTION
                   ----------------------

 PREDVAR1 analysis for prediction "q7889" ----->

    Sing_val       Null-space       Soln-space     Total             Total
    index          term             term           variance          std_dev
    --------       ----------       ----------     --------          -------
       0            8.4480616E+08     0.000000      8.4480616E+08      29065.55    
       4            4.9657641E+07     24624.57      4.9682265E+07      7048.565    
       8            1.0721389E+07     121886.7      1.0843276E+07      3292.913    
      12             2252442.         199134.6       2451576.          1565.751    
      13             1623678.         216525.4       1840203.          1356.541    
      14             1372586.         228224.0       1600810.          1265.231    
      15             1351050.         229471.4       1580522.          1257.188    
      16             1279182.         234531.5       1513714.          1230.331    
      17             169281.4         376275.3       545556.7          738.6181    
      18             73805.35         392324.9       466130.2          682.7373    
      19             37168.67         399182.1       436350.7          660.5685    
      20             33491.56         400381.3       433872.8          658.6902    
      21             6707.919         430384.3       437092.2          661.1295    
      22             6219.272         431433.6       437652.8          661.5533    
      23             6173.411         431556.4       437729.8          661.6115    
      24             6088.138         431855.0       437943.1          661.7727    
      25             5531.976         434138.5       439670.5          663.0765    
      26             5531.581         434142.0       439673.5          663.0788    
      27             5508.083         434430.7       439938.8          663.2788    
      28             2053.693         485471.9       487525.6          698.2303    
      32             1962.004         488672.1       490634.1          700.4528    
      36             812.6376         562278.1       563090.8          750.3938    
      40             381.0107         651949.6       652330.6          807.6699    
      44             281.5545         715228.8       715510.4          845.8785    
      48             250.8378         743784.1       744034.9          862.5746    
      52             188.5462         893029.8       893218.3          945.1023    
      56             178.3427         934845.4       935023.8          966.9663    
      60             46.90157         2110056.       2110103.          1452.619    
      64             40.83171         2190568.       2190609.          1480.071    
      68             11.54506         3226368.       3226379.          1796.212    
      72             4.817190         3545772.       3545777.          1883.023    
      76            0.6983148         3918283.       3918283.          1979.465    
      80            3.1993549E-12     4078827.       4078827.          2019.611    
      84             0.000000        1.0000000E+35  1.0000000E+35     3.1622777E+17
      86             0.000000        1.0000000E+35  1.0000000E+35     3.1622777E+17
 
    Pre-calibration:- 
    Total error variance                 =  8.4480616E+08
    Total error standard deviation       =   29065.55    
 
    Post-calibration:-
    Total error variance                 =   433872.8    
    Total error standard deviation       =   658.6902    
    Minimum error variance occurs at singular value number 20.
 
 
 PREDUNC1 analysis for prediction "q7889" ----->

    Pre-calibration:- 
    Total uncertainty variance           =  8.4480620E+08
    Total uncertainty standard deviation =   29065.55    
 
    Post-calibration:-
    Total uncertainty variance           =   398344.8    
    Total uncertainty standard deviation =   631.1456    
 
 
 PREDUNC4 analysis for prediction "q7889" ----->

    Contributions to predictive uncertainty variance

    Parameter      Pre-cal             Post-cal
    group          contribution        contribution
    ---------      ------------        ------------
    ddsd            5.3998513E+08        9357.500    
    ddsw             0.000000            168.2000    
    ddgd             230.0000            2953.400    
    ddgw             0.000000            184.4000    
    rcsd            2.9086290E+07        128944.4    
    rcsw             0.000000            88751.00    
    rcrd            4.8864170E+07        92328.20    
    rcrw             0.000000            30780.10    
    rcgd             60.00000            707.9000    
    rcgw             0.000000            11.70000    
    tl              2.1170861E+08        23.00000    
    xw               0.000000            0.000000    
    yw               0.000000            0.000000    
    x                18140.00            3.800000    
    y                1958260.            12423.70    
    tlr              0.000000            0.000000    
    tls              0.000000            0.000000    
    beta            1.3185300E+07        177583.1    
 
 
 PREDUNC5 observation subtraction analysis for prediction "q7889" ----->

    Increases in predictive uncertainty variance incurred through loss of observations

    Observation_group        Variance_increase
    -----------------        -----------------
    q                          398344.8    
 
 
 PREDUNC5 observation addition analysis for prediction "q7889" ----->

    Decreases in pre-calibration predictive uncertainty variance incurred through addition of observations

    Observation_group        Variance_decrease
    -----------------        -----------------
    q                          398344.8    
